2020-10-20 22:23:17 -  [Thread debugging using libthread_db enabled]
2020-10-20 22:23:17 -  Using host libthread_db library "/lib/x86_64-linux-gnu/libthread_db.so.1".
2020-10-20 22:23:17 -  [New Thread 0x7ffff3dbb700 (LWP 12447)]
2020-10-20 22:23:17 -  [New Thread 0x7ffff35ba700 (LWP 12448)]
2020-10-20 22:23:17 -  The OTG-Premium-Version - Version: (1.3)
2020-10-20 22:23:17 -  Compiled with: GNU C++ version 5.4.0 20160609
2020-10-20 22:23:17 -  Compiled on Sep 17 2020 19:49:36 for platform x64
2020-10-20 22:23:17 -  
2020-10-20 22:23:17 -  Special Credits for: OTG Team, Johncore, Vankk, Erick Nunes, Leonardo Pereira, Leandro Baldissera, Talis, Marcomoa, Marson Schneider, Douglas, Mark Samman, OTXServer (Mattyx Gomez) and The Forgotten Server Developers.
2020-10-20 22:23:17 -  Link of repository: https://github.com/Johncorex/OTG-Premium-Version
2020-10-20 22:23:17 -  
2020-10-20 22:23:17 -  >> Loading config: config.lua
2020-10-20 22:23:17 -  >> Establishing database connection... MySQL 5.7.31
2020-10-20 22:23:17 -  >> Running database manager
2020-10-20 22:23:17 -  [New Thread 0x7ffff2ba7700 (LWP 12449)]
2020-10-20 22:23:18 -  > Optimizing table tile_store... [success]
2020-10-20 22:23:18 -  >> Loading vocations
2020-10-20 22:23:18 -  >> Loading items
2020-10-20 22:23:18 -  >> Loading script systems
2020-10-20 22:23:18 -  >> Loading lua libs
2020-10-20 22:23:18 -  [Warning - Event::checkScript] Can not load script: scripts/expboostaction.lua
2020-10-20 22:23:18 -  cannot open data/actions/scripts/expboostaction.lua: No such file or directory
2020-10-20 22:23:19 -  >> Loading lua scripts
2020-10-20 22:23:19 -  >> Loading monsters
2020-10-20 22:23:19 -  >> Loading lua monsters
2020-10-20 22:23:19 -  >> Loading outfits
2020-10-20 22:23:19 -  >> Loading prey data
2020-10-20 22:23:20 -  >> Checking world type... PVP
2020-10-20 22:23:20 -  >> Loading map
2020-10-20 22:23:21 -  > Map size: 34143x33812.
2020-10-20 22:23:27 -  > Map loading time: 7.271 seconds.
2020-10-20 22:23:28 -  > Loaded house items in: 0.023 s
2020-10-20 22:23:28 -  >> Initializing gamestate
2020-10-20 22:23:30 -  >> Loaded 43 npcs and spawned 72708 monsters.
2020-10-20 22:23:30 -  >> Loaded 27 towns with 1074 houses in total.
2020-10-20 22:23:30 -  [Castle War]
2020-10-20 22:23:30 -  [POWERGAMERS]
2020-10-20 22:23:30 -  [SISTEMA DE LOTERIA] OPERANTE
2020-10-20 22:23:30 -  Advanced NPC spawn system | All NPCs will be loaded trough lib.
2020-10-20 22:23:30 -  [REGEN BOOST] CARREGADO
2020-10-20 22:23:30 -  [SPOOF COUNTER]
2020-10-20 22:23:30 -  [STAMINA]
2020-10-20 22:23:30 -  warvariables
2020-10-20 22:23:30 -  Agenda:	22
2020-10-20 22:23:30 -  eu sou o checkWarmode... 22:23!
2020-10-20 22:23:30 -  Buscando valores guilds where id = 5
2020-10-20 22:23:30 -  > Broadcasted message: "[Warmode] Atencao Honerianos! A Guild Vai tomando desafiou a Guild TesteWarmode para uma batalha que vai iniciar agora!".
2020-10-20 22:23:30 -  22	23	37
2020-10-20 22:23:30 -  >> Loaded all modules, server starting up...
2020-10-20 22:23:30 -  > Warning: OTG-Premium-Version has been executed as root user, please consider running it as a normal user.
2020-10-20 22:23:30 -  >> Honera Global Server Online!
2020-10-20 22:23:30 -  
2020-10-20 22:23:30 -  Dev Marson has logged in.
2020-10-20 22:23:31 -  Robalo has logged in.
2020-10-20 22:23:46 -  SABADOU!! NPC HONERA CRIADO
2020-10-20 22:23:46 -  Dev Marson has logged out.
2020-10-20 22:23:49 -  Dev Marson has logged in.
2020-10-20 22:57:50 -  endWarmode
2020-10-20 22:57:50 -  > Broadcasted message: "[Warmode] A War acabou por tempo! Parabens para ambas as guilds por este emocionante empate!".
2020-10-20 22:57:50 -  Dev Marson has logged out.
2020-10-20 22:57:54 -  Dev Marson has logged in.
2020-10-20 23:13:25 -  eu sou o checkWarmode... 23:0!
2020-10-20 23:13:25 -  ip inválido
2020-10-20 23:13:25 -  ip inválido
2020-10-20 23:13:25 -  Robalo has logged out.
2020-10-20 23:13:27 -  Dev Marson has logged out.
2020-10-20 23:15:23 -  Mvbeigngvdh has logged in.
2020-10-20 23:18:35 -  Mvbeigngvdh has logged out.
2020-10-21 01:23:19 -  eu sou o checkWarmode... 0:0!
2020-10-21 01:23:19 -  Buscando valores guilds where id = 5
2020-10-21 01:23:19 -  > Broadcasted message: "[Warmode] Atencao Honerianos! A Guild Vai tomando desafiou a Guild TesteWarmode para uma batalha que vai iniciar agora!".
2020-10-21 01:23:19 -  endWarmode
2020-10-21 01:23:19 -  > Broadcasted message: "[Warmode] A War acabou por tempo! Parabens para ambas as guilds por este emocionante empate!".
2020-10-21 01:23:19 -  eu sou o checkWarmode... 1:0!
2020-10-21 01:23:19 -  Buscando valores guilds where id = 5
2020-10-21 01:23:19 -  > Broadcasted message: "[Warmode] Atencao Honerianos! A Guild Vai tomando desafiou a Guild TesteWarmode para uma batalha que vai iniciar agora!".
2020-10-21 01:23:19 -  
2020-10-21 01:23:19 -  Lua Script Error: [GlobalEvent Interface] 
2020-10-21 01:23:19 -  data/globalevents/scripts/bosses/Abyssador.lua:onThink
2020-10-21 01:23:19 -  data/lib/rewardboss.lua:8: Rewards can only be enabled to rewards bosses.
2020-10-21 01:23:19 -  stack traceback:
2020-10-21 01:23:19 -  	[C]: at 0x00602980
2020-10-21 01:23:19 -  	[C]: in function 'error'
2020-10-21 01:23:19 -  	data/lib/rewardboss.lua:8: in function 'setReward'
2020-10-21 01:23:19 -  	data/globalevents/scripts/bosses/Abyssador.lua:28: in function <data/globalevents/scripts/bosses/Abyssador.lua:21>
2020-10-21 01:23:19 -  [Error - GlobalEvents::think] Failed to execute event: Abyssador
2020-10-21 01:23:19 -  
2020-10-21 01:23:19 -  Lua Script Error: [GlobalEvent Interface] 
2020-10-21 01:23:19 -  data/globalevents/scripts/bosses/Deathstrike.lua:onThink
2020-10-21 01:23:19 -  data/lib/rewardboss.lua:8: Rewards can only be enabled to rewards bosses.
2020-10-21 01:23:19 -  stack traceback:
2020-10-21 01:23:19 -  	[C]: at 0x00602980
2020-10-21 01:23:19 -  	[C]: in function 'error'
2020-10-21 01:23:19 -  	data/lib/rewardboss.lua:8: in function 'setReward'
2020-10-21 01:23:19 -  	data/globalevents/scripts/bosses/Deathstrike.lua:28: in function <data/globalevents/scripts/bosses/Deathstrike.lua:21>
2020-10-21 01:23:19 -  [Error - GlobalEvents::think] Failed to execute event: Deathstrike
2020-10-21 01:23:19 -  
2020-10-21 01:23:19 -  Lua Script Error: [GlobalEvent Interface] 
2020-10-21 01:23:19 -  data/globalevents/scripts/bosses/Gnomevil.lua:onThink
2020-10-21 01:23:19 -  data/lib/rewardboss.lua:8: Rewards can only be enabled to rewards bosses.
2020-10-21 01:23:19 -  stack traceback:
2020-10-21 01:23:19 -  	[C]: at 0x00602980
2020-10-21 01:23:19 -  	[C]: in function 'error'
2020-10-21 01:23:19 -  	data/lib/rewardboss.lua:8: in function 'setReward'
2020-10-21 01:23:19 -  	data/globalevents/scripts/bosses/Gnomevil.lua:28: in function <data/globalevents/scripts/bosses/Gnomevil.lua:21>
2020-10-21 01:23:19 -  [Error - GlobalEvents::think] Failed to execute event: Gnomevil
2020-10-21 02:16:31 -  endWarmode
2020-10-21 02:16:31 -  > Broadcasted message: "[Warmode] A War acabou por tempo! Parabens para ambas as guilds por este emocionante empate!".
2020-10-21 02:16:31 -  eu sou o checkWarmode... 2:0!
2020-10-21 02:16:31 -  Buscando valores guilds where id = 5
2020-10-21 02:16:31 -  > Broadcasted message: "[Warmode] Atencao Honerianos! A Guild Vai tomando desafiou a Guild TesteWarmode para uma batalha que vai iniciar agora!".
2020-10-21 02:16:31 -  > Broadcasted message: "Something bad is happening deep, deep down under Banuta.".
2020-10-21 02:16:50 -  > Broadcasted message: "Something is sizzling deep under many sheets of soil in Banuta.".
2020-10-21 02:18:31 -  > Broadcasted message: "Hordes of slippery spawns slither in Deeper Banuta!".
2020-10-21 04:23:19 -  endWarmode
2020-10-21 04:23:19 -  > Broadcasted message: "[Warmode] A War acabou por tempo! Parabens para ambas as guilds por este emocionante empate!".
2020-10-21 04:23:19 -  eu sou o checkWarmode... 3:0!
2020-10-21 04:23:19 -  Buscando valores guilds where id = 5
2020-10-21 04:23:19 -  > Broadcasted message: "[Warmode] Atencao Honerianos! A Guild Vai tomando desafiou a Guild TesteWarmode para uma batalha que vai iniciar agora!".
2020-10-21 04:23:19 -  endWarmode
2020-10-21 04:23:19 -  > Broadcasted message: "[Warmode] A War acabou por tempo! Parabens para ambas as guilds por este emocionante empate!".
2020-10-21 04:23:19 -  eu sou o checkWarmode... 4:0!
2020-10-21 04:23:19 -  Buscando valores guilds where id = 5
2020-10-21 04:23:19 -  > Broadcasted message: "[Warmode] Atencao Honerianos! A Guild Vai tomando desafiou a Guild TesteWarmode para uma batalha que vai iniciar agora!".
2020-10-21 04:23:19 -  
2020-10-21 04:23:19 -  Lua Script Error: [GlobalEvent Interface] 
2020-10-21 04:23:19 -  data/globalevents/scripts/Ghulosh.lua:onThink
2020-10-21 04:23:19 -  data/globalevents/scripts/Ghulosh.lua:34: attempt to index local 'boss' (a nil value)
2020-10-21 04:23:19 -  stack traceback:
2020-10-21 04:23:19 -  	[C]: in function '__index'
2020-10-21 04:23:19 -  	data/globalevents/scripts/Ghulosh.lua:34: in function <data/globalevents/scripts/Ghulosh.lua:21>
2020-10-21 04:23:19 -  [Error - GlobalEvents::think] Failed to execute event: Ghulosh
2020-10-21 04:23:19 -  
2020-10-21 04:23:19 -  Lua Script Error: [GlobalEvent Interface] 
2020-10-21 04:23:19 -  data/globalevents/scripts/Gorzindel.lua:onThink
2020-10-21 04:23:19 -  data/globalevents/scripts/Gorzindel.lua:34: attempt to index local 'boss' (a nil value)
2020-10-21 04:23:19 -  stack traceback:
2020-10-21 04:23:19 -  	[C]: in function '__index'
2020-10-21 04:23:19 -  	data/globalevents/scripts/Gorzindel.lua:34: in function <data/globalevents/scripts/Gorzindel.lua:21>
2020-10-21 04:23:19 -  [Error - GlobalEvents::think] Failed to execute event: Gorzindel
2020-10-21 04:23:19 -  
2020-10-21 04:23:19 -  Lua Script Error: [GlobalEvent Interface] 
2020-10-21 04:23:19 -  data/globalevents/scripts/Lokathmor.lua:onThink
2020-10-21 04:23:19 -  data/globalevents/scripts/Lokathmor.lua:34: attempt to index local 'boss' (a nil value)
2020-10-21 04:23:19 -  stack traceback:
2020-10-21 04:23:19 -  	[C]: in function '__index'
2020-10-21 04:23:19 -  	data/globalevents/scripts/Lokathmor.lua:34: in function <data/globalevents/scripts/Lokathmor.lua:21>
2020-10-21 04:23:19 -  [Error - GlobalEvents::think] Failed to execute event: Lokathmor
2020-10-21 04:23:19 -  
2020-10-21 04:23:19 -  Lua Script Error: [GlobalEvent Interface] 
2020-10-21 04:23:19 -  data/globalevents/scripts/Mazzinor.lua:onThink
2020-10-21 04:23:19 -  data/globalevents/scripts/Mazzinor.lua:34: attempt to index local 'boss' (a nil value)
2020-10-21 04:23:19 -  stack traceback:
2020-10-21 04:23:19 -  	[C]: in function '__index'
2020-10-21 04:23:19 -  	data/globalevents/scripts/Mazzinor.lua:34: in function <data/globalevents/scripts/Mazzinor.lua:21>
2020-10-21 04:23:19 -  [Error - GlobalEvents::think] Failed to execute event: Mazzinor
2020-10-21 04:23:19 -  [Warning - Monsters::loadMonster] Non-unique loot item "Giant Sapphire". 
2020-10-21 04:23:19 -  [Warning - Monsters::loadMonster] Cant load loot. data/monster/Secret Library/the scourge of oblivion.xml
2020-10-21 04:23:19 -  [Warning - Monsters::loadMonster] Non-unique loot item "Collar of Blue Plasma". 
2020-10-21 04:23:19 -  [Warning - Monsters::loadMonster] Cant load loot. data/monster/Secret Library/the scourge of oblivion.xml
2020-10-21 04:23:19 -  [Warning - Monsters::loadMonster] Non-unique loot item "Giant Shimmering Pearl". 
2020-10-21 04:23:19 -  [Warning - Monsters::loadMonster] Cant load loot. data/monster/Secret Library/the scourge of oblivion.xml
2020-10-21 04:23:19 -  [Warning - Monsters::loadMonster] Unknown loot item "The Calamity". 
2020-10-21 04:23:19 -  [Warning - Monsters::loadMonster] Cant load loot. data/monster/Secret Library/the scourge of oblivion.xml
2020-10-21 04:23:19 -  
2020-10-21 04:23:19 -  Lua Script Error: [GlobalEvent Interface] 
2020-10-21 04:23:19 -  data/globalevents/scripts/The Scourge Of Oblivion.lua:onThink
2020-10-21 04:23:19 -  data/globalevents/scripts/The Scourge Of Oblivion.lua:34: attempt to index local 'boss' (a nil value)
2020-10-21 04:23:19 -  stack traceback:
2020-10-21 04:23:19 -  	[C]: in function '__index'
2020-10-21 04:23:19 -  	data/globalevents/scripts/The Scourge Of Oblivion.lua:34: in function <data/globalevents/scripts/The Scourge Of Oblivion.lua:21>
2020-10-21 04:23:19 -  [Error - GlobalEvents::think] Failed to execute event: The Scourge Of Oblivion
2020-10-21 04:33:31 -  endWarmode
2020-10-21 04:33:31 -  > Broadcasted message: "[Warmode] A War acabou por tempo! Parabens para ambas as guilds por este emocionante empate!".
2020-10-21 04:33:31 -  > Broadcasted message: "There seems to be a big gnarlhoud gang in Zao Steppe.".
2020-10-21 04:33:50 -  > Broadcasted message: "The gnarlhounds seem to multiply by the minute.".
2020-10-21 04:35:30 -  > Broadcasted message: "The gnarlhounds roam free in the Zao Steppe. Watch out!".
2020-10-21 05:05:00 -  eu sou o checkWarmode... 5:0!
2020-10-21 05:05:00 -  Buscando valores guilds where id = 5
2020-10-21 05:05:00 -  > Broadcasted message: "[Warmode] Atencao Honerianos! A Guild Vai tomando desafiou a Guild TesteWarmode para uma batalha que vai iniciar agora!".
2020-10-21 05:05:00 -  Saving server...
2020-10-21 05:05:01 -  > Saved house items in: 0.849 s
2020-10-21 05:05:01 -  Saving server...
2020-10-21 05:05:01 -  > Saved house items in: 0.187 s
2020-10-21 05:05:01 -  eu sou o checkname
2020-10-21 05:05:01 -  Shutting down...Saving server...
2020-10-21 05:05:02 -  > Saved house items in: 0.199 s
2020-10-21 05:05:02 -  [Thread 0x7ffff2ba7700 (LWP 12449) exited]
2020-10-21 05:05:02 -  [Thread 0x7ffff35ba700 (LWP 12448) exited]
2020-10-21 05:05:04 -   done!
2020-10-21 05:05:04 -  [Thread 0x7ffff3dbb700 (LWP 12447) exited]
2020-10-21 05:05:15 -  [Inferior 1 (process 12443) exited normally]
