2020-10-11 04:22:57 -  [Thread debugging using libthread_db enabled]
2020-10-11 04:22:57 -  Using host libthread_db library "/lib/x86_64-linux-gnu/libthread_db.so.1".
2020-10-11 04:22:57 -  [New Thread 0x7ffff3dbb700 (LWP 19987)]
2020-10-11 04:22:57 -  [New Thread 0x7ffff35ba700 (LWP 19988)]
2020-10-11 04:22:57 -  The OTG-Premium-Version - Version: (1.3)
2020-10-11 04:22:57 -  Compiled with: GNU C++ version 5.4.0 20160609
2020-10-11 04:22:57 -  Compiled on Sep 17 2020 19:49:36 for platform x64
2020-10-11 04:22:57 -  
2020-10-11 04:22:57 -  Special Credits for: OTG Team, Johncore, Vankk, Erick Nunes, Leonardo Pereira, Leandro Baldissera, Talis, Marcomoa, Marson Schneider, Douglas, Mark Samman, OTXServer (Mattyx Gomez) and The Forgotten Server Developers.
2020-10-11 04:22:57 -  Link of repository: https://github.com/Johncorex/OTG-Premium-Version
2020-10-11 04:22:57 -  
2020-10-11 04:22:57 -  >> Loading config: config.lua
2020-10-11 04:22:57 -  >> Establishing database connection... MySQL 5.7.31
2020-10-11 04:22:57 -  >> Running database manager
2020-10-11 04:22:57 -  [New Thread 0x7ffff2ba7700 (LWP 19989)]
2020-10-11 04:22:57 -  > Optimizing table tile_store... [success]
2020-10-11 04:22:57 -  >> Loading vocations
2020-10-11 04:22:57 -  >> Loading items
2020-10-11 04:22:57 -  >> Loading script systems
2020-10-11 04:22:57 -  >> Loading lua libs
2020-10-11 04:22:58 -  [Warning - Event::checkScript] Can not load script: scripts/expboostaction.lua
2020-10-11 04:22:58 -  cannot open data/actions/scripts/expboostaction.lua: No such file or directory
2020-10-11 04:22:59 -  >> Loading lua scripts
2020-10-11 04:22:59 -  >> Loading monsters
2020-10-11 04:22:59 -  >> Loading lua monsters
2020-10-11 04:22:59 -  >> Loading outfits
2020-10-11 04:22:59 -  >> Loading prey data
2020-10-11 04:22:59 -  >> Checking world type... PVP
2020-10-11 04:22:59 -  >> Loading map
2020-10-11 04:23:01 -  > Map size: 34143x33812.
2020-10-11 04:23:06 -  > Map loading time: 7.285 seconds.
2020-10-11 04:23:44 -  > Loaded house items in: 0.04 s
2020-10-11 04:23:44 -  >> Initializing gamestate
2020-10-11 04:23:47 -  >> Loaded 43 npcs and spawned 72495 monsters.
2020-10-11 04:23:47 -  >> Loaded 27 towns with 1074 houses in total.
2020-10-11 04:23:47 -  [Castle War]
2020-10-11 04:23:47 -  [POWERGAMERS]
2020-10-11 04:23:47 -  [SISTEMA DE LOTERIA] OPERANTE
2020-10-11 04:23:47 -  Advanced NPC spawn system | All NPCs will be loaded trough lib.
2020-10-11 04:23:47 -  [REGEN BOOST] CARREGADO
2020-10-11 04:23:47 -  [SPOOF COUNTER]
2020-10-11 04:23:47 -  [STAMINA]
2020-10-11 04:23:47 -  >> Loaded all modules, server starting up...
2020-10-11 04:23:47 -  > Warning: OTG-Premium-Version has been executed as root user, please consider running it as a normal user.
2020-10-11 04:23:47 -  >> Honera Global Server Online!
2020-10-11 04:23:47 -  
2020-10-11 04:23:49 -  SABADOU!! NPC HONERA CRIADO
2020-10-11 04:23:49 -  Cassiano has logged in.
2020-10-11 04:27:58 -  [Error - Npc::loadFromXml] Missing npc tag in data/npc/Training Monk.xml
2020-10-11 04:28:01 -  [Error - Npc::loadFromXml] Missing npc tag in data/npc/Training Monk.xml
2020-10-11 05:05:00 -  Saving server...
2020-10-11 05:05:00 -  > Saved house items in: 0.56 s
2020-10-11 05:05:00 -  Cassiano has logged out.
2020-10-11 05:05:01 -  Saving server...
2020-10-11 05:05:01 -  > Saved house items in: 0.341 s
2020-10-11 05:05:01 -  eu sou o checkname
2020-10-11 05:05:01 -  Shutting down...Saving server...
2020-10-11 05:05:01 -  > Saved house items in: 0.225 s
2020-10-11 05:05:01 -  [Thread 0x7ffff2ba7700 (LWP 19989) exited]
2020-10-11 05:05:01 -  [Thread 0x7ffff35ba700 (LWP 19988) exited]
2020-10-11 05:05:01 -   done!
2020-10-11 05:05:01 -  [Thread 0x7ffff3dbb700 (LWP 19987) exited]
2020-10-11 05:05:53 -  [Inferior 1 (process 19983) exited normally]
