2020-10-05 05:06:28 -  [Thread debugging using libthread_db enabled]
2020-10-05 05:06:28 -  Using host libthread_db library "/lib/x86_64-linux-gnu/libthread_db.so.1".
2020-10-05 05:06:28 -  [New Thread 0x7ffff3dbb700 (LWP 29476)]
2020-10-05 05:06:28 -  [New Thread 0x7ffff35ba700 (LWP 29477)]
2020-10-05 05:06:28 -  The OTG-Premium-Version - Version: (1.3)
2020-10-05 05:06:28 -  Compiled with: GNU C++ version 5.4.0 20160609
2020-10-05 05:06:28 -  Compiled on Sep 17 2020 19:49:36 for platform x64
2020-10-05 05:06:28 -  
2020-10-05 05:06:28 -  Special Credits for: OTG Team, Johncore, Vankk, Erick Nunes, Leonardo Pereira, Leandro Baldissera, Talis, Marcomoa, Marson Schneider, Douglas, Mark Samman, OTXServer (Mattyx Gomez) and The Forgotten Server Developers.
2020-10-05 05:06:28 -  Link of repository: https://github.com/Johncorex/OTG-Premium-Version
2020-10-05 05:06:28 -  
2020-10-05 05:06:28 -  >> Loading config: config.lua
2020-10-05 05:06:28 -  >> Establishing database connection... MySQL 5.7.31
2020-10-05 05:06:28 -  >> Running database manager
2020-10-05 05:06:28 -  [New Thread 0x7ffff2ba7700 (LWP 29478)]
2020-10-05 05:06:28 -  > Optimizing table players_online... [success]
2020-10-05 05:06:28 -  > Optimizing table tile_store... [success]
2020-10-05 05:06:28 -  >> Loading vocations
2020-10-05 05:06:28 -  >> Loading items
2020-10-05 05:06:29 -  >> Loading script systems
2020-10-05 05:06:29 -  >> Loading lua libs
2020-10-05 05:06:29 -  [Warning - Event::checkScript] Can not load script: scripts/expboostaction.lua
2020-10-05 05:06:29 -  cannot open data/actions/scripts/expboostaction.lua: No such file or directory
2020-10-05 05:06:30 -  >> Loading lua scripts
2020-10-05 05:06:30 -  >> Loading monsters
2020-10-05 05:06:30 -  >> Loading lua monsters
2020-10-05 05:06:30 -  >> Loading outfits
2020-10-05 05:06:30 -  >> Loading prey data
2020-10-05 05:06:30 -  >> Checking world type... PVP
2020-10-05 05:06:30 -  >> Loading map
2020-10-05 05:06:32 -  > Map size: 34143x33812.
2020-10-05 05:06:38 -  > Map loading time: 7.51 seconds.
2020-10-05 05:07:12 -  > Loaded house items in: 0.034 s
2020-10-05 05:07:12 -  >> Initializing gamestate
2020-10-05 05:07:15 -  >> Loaded 43 npcs and spawned 72496 monsters.
2020-10-05 05:07:15 -  >> Loaded 27 towns with 1074 houses in total.
2020-10-05 05:07:15 -  [Castle War]
2020-10-05 05:07:15 -  [POWERGAMERS]
2020-10-05 05:07:15 -  [SISTEMA DE LOTERIA] OPERANTE
2020-10-05 05:07:15 -  Advanced NPC spawn system | All NPCs will be loaded trough lib.
2020-10-05 05:07:15 -  [REGEN BOOST] CARREGADO
2020-10-05 05:07:15 -  [SPOOF COUNTER]
2020-10-05 05:07:15 -  [STAMINA]
2020-10-05 05:07:15 -  >> Loaded all modules, server starting up...
2020-10-05 05:07:15 -  > Warning: OTG-Premium-Version has been executed as root user, please consider running it as a normal user.
2020-10-05 05:07:15 -  >> Honera Global Server Online!
2020-10-05 05:07:15 -  
2020-10-05 05:07:15 -  Jackie Chan has logged in.
2020-10-05 05:07:15 -  Flash has logged in.
2020-10-05 05:07:15 -  Midas has logged in.
2020-10-05 05:07:17 -  SABADOU!! NPC HONERA CRIADO
2020-10-05 05:07:17 -  Dev Marson has logged in.
2020-10-05 05:07:17 -  Robalo has logged in.
2020-10-05 05:07:25 -  Arrow has logged in.
2020-10-05 05:07:25 -  Scooby Doo has logged in.
2020-10-05 06:00:31 -  > Broadcasted message: "Rat Plague in Thais!".
2020-10-05 06:07:28 -  Nobre Cavalheiro has logged in.
2020-10-05 06:10:02 -  Top Spin has logged in.
2020-10-05 06:10:50 -  Yostknot has logged in.
2020-10-05 06:25:47 -  
2020-10-05 06:25:47 -  Lua Script Error: [Action Interface] 
2020-10-05 06:25:47 -  data/actions/scripts/rewardchest.lua:onUse
2020-10-05 06:25:47 -  data/actions/scripts/rewardchest.lua:2: attempt to call method 'updateRewardChest' (a nil value)
2020-10-05 06:25:47 -  stack traceback:
2020-10-05 06:25:47 -  	[C]: in function 'updateRewardChest'
2020-10-05 06:25:47 -  	data/actions/scripts/rewardchest.lua:2: in function <data/actions/scripts/rewardchest.lua:1>
2020-10-05 06:27:15 -  
2020-10-05 06:27:15 -  Lua Script Error: [Action Interface] 
2020-10-05 06:27:15 -  data/actions/scripts/rewardchest.lua:onUse
2020-10-05 06:27:15 -  data/actions/scripts/rewardchest.lua:2: attempt to call method 'updateRewardChest' (a nil value)
2020-10-05 06:27:15 -  stack traceback:
2020-10-05 06:27:15 -  	[C]: in function 'updateRewardChest'
2020-10-05 06:27:15 -  	data/actions/scripts/rewardchest.lua:2: in function <data/actions/scripts/rewardchest.lua:1>
2020-10-05 06:27:50 -  
2020-10-05 06:27:50 -  Lua Script Error: [Action Interface] 
2020-10-05 06:27:50 -  data/actions/scripts/rewardchest.lua:onUse
2020-10-05 06:27:50 -  data/actions/scripts/rewardchest.lua:2: attempt to call method 'updateRewardChest' (a nil value)
2020-10-05 06:27:50 -  stack traceback:
2020-10-05 06:27:50 -  	[C]: in function 'updateRewardChest'
2020-10-05 06:27:50 -  	data/actions/scripts/rewardchest.lua:2: in function <data/actions/scripts/rewardchest.lua:1>
2020-10-05 06:27:55 -  [Debug - Game::internalDecayItem] internalDecayItem failed, error code: 1, item id: 2021
2020-10-05 06:29:08 -  [Debug - Game::internalDecayItem] internalDecayItem failed, error code: 1, item id: 2021
2020-10-05 07:01:15 -  > Broadcasted message: "There seems to be a big gnarlhoud gang in Zao Steppe.".
2020-10-05 07:01:34 -  > Broadcasted message: "The gnarlhounds seem to multiply by the minute.".
2020-10-05 07:03:14 -  > Broadcasted message: "The gnarlhounds roam free in the Zao Steppe. Watch out!".
2020-10-05 07:31:47 -  Nosferatu has logged in.
2020-10-05 08:06:30 -  
2020-10-05 08:06:30 -  Lua Script Error: [GlobalEvent Interface] 
2020-10-05 08:06:30 -  data/globalevents/scripts/bosses/Abyssador.lua:onThink
2020-10-05 08:06:30 -  data/lib/rewardboss.lua:8: Rewards can only be enabled to rewards bosses.
2020-10-05 08:06:30 -  stack traceback:
2020-10-05 08:06:30 -  	[C]: at 0x00602980
2020-10-05 08:06:30 -  	[C]: in function 'error'
2020-10-05 08:06:30 -  	data/lib/rewardboss.lua:8: in function 'setReward'
2020-10-05 08:06:30 -  	data/globalevents/scripts/bosses/Abyssador.lua:28: in function <data/globalevents/scripts/bosses/Abyssador.lua:21>
2020-10-05 08:06:30 -  [Error - GlobalEvents::think] Failed to execute event: Abyssador
2020-10-05 08:06:30 -  
2020-10-05 08:06:30 -  Lua Script Error: [GlobalEvent Interface] 
2020-10-05 08:06:30 -  data/globalevents/scripts/bosses/Deathstrike.lua:onThink
2020-10-05 08:06:30 -  data/lib/rewardboss.lua:8: Rewards can only be enabled to rewards bosses.
2020-10-05 08:06:30 -  stack traceback:
2020-10-05 08:06:30 -  	[C]: at 0x00602980
2020-10-05 08:06:30 -  	[C]: in function 'error'
2020-10-05 08:06:30 -  	data/lib/rewardboss.lua:8: in function 'setReward'
2020-10-05 08:06:30 -  	data/globalevents/scripts/bosses/Deathstrike.lua:28: in function <data/globalevents/scripts/bosses/Deathstrike.lua:21>
2020-10-05 08:06:30 -  [Error - GlobalEvents::think] Failed to execute event: Deathstrike
2020-10-05 08:06:30 -  
2020-10-05 08:06:30 -  Lua Script Error: [GlobalEvent Interface] 
2020-10-05 08:06:30 -  data/globalevents/scripts/bosses/Gnomevil.lua:onThink
2020-10-05 08:06:30 -  data/lib/rewardboss.lua:8: Rewards can only be enabled to rewards bosses.
2020-10-05 08:06:30 -  stack traceback:
2020-10-05 08:06:30 -  	[C]: at 0x00602980
2020-10-05 08:06:30 -  	[C]: in function 'error'
2020-10-05 08:06:30 -  	data/lib/rewardboss.lua:8: in function 'setReward'
2020-10-05 08:06:30 -  	data/globalevents/scripts/bosses/Gnomevil.lua:28: in function <data/globalevents/scripts/bosses/Gnomevil.lua:21>
2020-10-05 08:06:30 -  [Error - GlobalEvents::think] Failed to execute event: Gnomevil
2020-10-05 08:24:32 -  Trindade has logged in.
2020-10-05 09:03:16 -  ip inválido
2020-10-05 09:03:16 -  ip inválido
2020-10-05 09:03:16 -  ip inválido
2020-10-05 09:03:16 -  ip inválido
2020-10-05 09:03:16 -  ip inválido
2020-10-05 09:03:16 -  ip inválido
2020-10-05 09:03:16 -  ip inválido
2020-10-05 09:03:16 -  ip inválido
2020-10-05 09:03:16 -  ip inválido
2020-10-05 09:03:16 -  ip inválido
2020-10-05 09:03:16 -  ip inválido
2020-10-05 09:03:16 -  ip inválido
2020-10-05 09:03:16 -  ip inválido
2020-10-05 09:03:16 -  ip inválido
2020-10-05 09:03:16 -  ip inválido
2020-10-05 09:03:16 -  ip inválido
2020-10-05 09:03:16 -  ip inválido
2020-10-05 09:03:16 -  ip inválido
2020-10-05 09:03:16 -  ip inválido
2020-10-05 09:03:16 -  ip inválido
2020-10-05 09:03:16 -  ip inválido
2020-10-05 09:03:16 -  ip inválido
2020-10-05 09:03:16 -  ip inválido
2020-10-05 09:03:16 -  ip inválido
2020-10-05 09:03:16 -  ip inválido
2020-10-05 09:03:16 -  ip inválido
2020-10-05 09:03:16 -  ip inválido
2020-10-05 09:03:16 -  ip inválido
2020-10-05 09:03:16 -  ip inválido
2020-10-05 09:03:16 -  ip inválido
2020-10-05 09:03:16 -  ip inválido
2020-10-05 09:03:16 -  ip inválido
2020-10-05 09:03:16 -  ip inválido
2020-10-05 09:03:16 -  ip inválido
2020-10-05 09:03:16 -  ip inválido
2020-10-05 09:03:16 -  ip inválido
2020-10-05 09:03:16 -  ip inválido
2020-10-05 09:03:16 -  ip inválido
2020-10-05 09:03:16 -  > Broadcasted message: "Scouts report a barbarian army gathering near Svargrond".
2020-10-05 09:03:19 -  > Broadcasted message: "Some invaders might try to access Svargrond via the ice to the North.".
2020-10-05 09:03:23 -  > Broadcasted message: "Raiders are attacking Svargrond!".
2020-10-05 10:50:16 -  ip inválido
2020-10-05 10:50:16 -  ip inválido
2020-10-05 10:50:16 -  ip inválido
2020-10-05 10:50:16 -  ip inválido
2020-10-05 10:50:16 -  ip inválido
2020-10-05 10:50:16 -  ip inválido
2020-10-05 10:50:16 -  ip inválido
2020-10-05 10:50:16 -  ip inválido
2020-10-05 10:50:16 -  ip inválido
2020-10-05 10:50:16 -  ip inválido
2020-10-05 10:50:16 -  ip inválido
2020-10-05 10:50:16 -  ip inválido
2020-10-05 10:50:16 -  ip inválido
2020-10-05 10:50:16 -  ip inválido
2020-10-05 10:50:16 -  ip inválido
2020-10-05 10:50:16 -  ip inválido
2020-10-05 10:50:16 -  ip inválido
2020-10-05 10:50:16 -  ip inválido
2020-10-05 10:50:16 -  ip inválido
2020-10-05 10:50:16 -  ip inválido
2020-10-05 10:50:16 -  ip inválido
2020-10-05 10:50:16 -  ip inválido
2020-10-05 10:50:16 -  ip inválido
2020-10-05 10:50:16 -  ip inválido
2020-10-05 10:50:16 -  ip inválido
2020-10-05 10:50:16 -  ip inválido
2020-10-05 10:50:16 -  ip inválido
2020-10-05 10:50:16 -  ip inválido
2020-10-05 10:50:16 -  ip inválido
2020-10-05 10:50:16 -  ip inválido
2020-10-05 10:50:16 -  ip inválido
2020-10-05 10:50:16 -  ip inválido
2020-10-05 10:50:16 -  ip inválido
2020-10-05 10:50:16 -  ip inválido
2020-10-05 10:50:16 -  ip inválido
2020-10-05 10:50:16 -  ip inválido
2020-10-05 10:50:16 -  ip inválido
2020-10-05 10:50:16 -  ip inválido
2020-10-05 10:50:16 -  ip inválido
2020-10-05 10:50:16 -  ip inválido
2020-10-05 10:50:16 -  ip inválido
2020-10-05 10:50:16 -  ip inválido
2020-10-05 10:50:16 -  ip inválido
2020-10-05 10:50:16 -  ip inválido
2020-10-05 10:50:16 -  ip inválido
2020-10-05 10:50:16 -  ip inválido
2020-10-05 10:50:16 -  ip inválido
2020-10-05 10:50:16 -  ip inválido
2020-10-05 10:50:16 -  ip inválido
2020-10-05 10:50:16 -  ip inválido
2020-10-05 10:50:16 -  ip inválido
2020-10-05 10:50:16 -  ip inválido
2020-10-05 10:50:16 -  ip inválido
2020-10-05 10:50:16 -  ip inválido
2020-10-05 10:50:16 -  ip inválido
2020-10-05 10:50:16 -  ip inválido
2020-10-05 10:50:16 -  ip inválido
2020-10-05 10:50:16 -  ip inválido
2020-10-05 10:50:16 -  ip inválido
2020-10-05 10:50:16 -  ip inválido
2020-10-05 10:50:16 -  ip inválido
2020-10-05 10:50:16 -  ip inválido
2020-10-05 10:50:16 -  ip inválido
2020-10-05 10:50:16 -  ip inválido
2020-10-05 10:50:16 -  ip inválido
2020-10-05 10:50:16 -  ip inválido
2020-10-05 10:50:16 -  ip inválido
2020-10-05 10:50:16 -  ip inválido
2020-10-05 10:50:16 -  ip inválido
2020-10-05 10:50:16 -  ip inválido
2020-10-05 10:50:16 -  ip inválido
2020-10-05 10:50:16 -  ip inválido
2020-10-05 10:50:16 -  ip inválido
2020-10-05 10:50:16 -  ip inválido
2020-10-05 10:50:16 -  ip inválido
2020-10-05 10:50:16 -  ip inválido
2020-10-05 10:50:16 -  ip inválido
2020-10-05 10:50:16 -  ip inválido
2020-10-05 10:50:16 -  ip inválido
2020-10-05 10:50:16 -  ip inválido
2020-10-05 10:50:16 -  ip inválido
2020-10-05 10:50:16 -  ip inválido
2020-10-05 10:50:16 -  ip inválido
2020-10-05 10:50:16 -  ip inválido
2020-10-05 10:50:16 -  ip inválido
2020-10-05 10:50:16 -  ip inválido
2020-10-05 10:50:16 -  ip inválido
2020-10-05 10:50:16 -  ip inválido
2020-10-05 10:50:16 -  ip inválido
2020-10-05 10:50:16 -  ip inválido
2020-10-05 10:50:16 -  ip inválido
2020-10-05 10:50:16 -  ip inválido
2020-10-05 10:50:16 -  ip inválido
2020-10-05 10:50:16 -  ip inválido
2020-10-05 10:50:16 -  ip inválido
2020-10-05 10:50:16 -  ip inválido
2020-10-05 10:50:16 -  ip inválido
2020-10-05 10:50:16 -  ip inválido
2020-10-05 10:50:16 -  ip inválido
2020-10-05 10:50:16 -  ip inválido
2020-10-05 10:50:16 -  ip inválido
2020-10-05 10:50:16 -  ip inválido
2020-10-05 10:50:16 -  ip inválido
2020-10-05 10:50:16 -  ip inválido
2020-10-05 10:50:16 -  ip inválido
2020-10-05 10:50:16 -  ip inválido
2020-10-05 10:50:16 -  ip inválido
2020-10-05 10:50:16 -  > Broadcasted message: "Many aggressive beasts are roaming south of Ab'Dendriel! Take care!".
2020-10-05 10:57:22 -  ip inválido
2020-10-05 10:57:22 -  ip inválido
2020-10-05 10:57:22 -  ip inválido
2020-10-05 10:57:22 -  ip inválido
2020-10-05 10:57:22 -  ip inválido
2020-10-05 10:57:22 -  ip inválido
2020-10-05 10:57:22 -  ip inválido
2020-10-05 10:57:22 -  [ProtocolGame::onRecvFirstMessage] RSA Decrypt Failed
2020-10-05 11:06:30 -  ip inválido
2020-10-05 11:06:30 -  ip inválido
2020-10-05 11:06:30 -  ip inválido
2020-10-05 11:06:30 -  ip inválido
2020-10-05 11:06:30 -  ip inválido
2020-10-05 11:06:30 -  ip inválido
2020-10-05 11:06:30 -  ip inválido
2020-10-05 11:06:30 -  ip inválido
2020-10-05 11:06:30 -  ip inválido
2020-10-05 11:06:30 -  ip inválido
2020-10-05 11:06:30 -  
2020-10-05 11:06:30 -  Lua Script Error: [GlobalEvent Interface] 
2020-10-05 11:06:30 -  data/globalevents/scripts/Ghulosh.lua:onThink
2020-10-05 11:06:30 -  data/globalevents/scripts/Ghulosh.lua:34: attempt to index local 'boss' (a nil value)
2020-10-05 11:06:30 -  stack traceback:
2020-10-05 11:06:30 -  	[C]: in function '__index'
2020-10-05 11:06:30 -  	data/globalevents/scripts/Ghulosh.lua:34: in function <data/globalevents/scripts/Ghulosh.lua:21>
2020-10-05 11:06:30 -  [Error - GlobalEvents::think] Failed to execute event: Ghulosh
2020-10-05 11:06:30 -  
2020-10-05 11:06:30 -  Lua Script Error: [GlobalEvent Interface] 
2020-10-05 11:06:30 -  data/globalevents/scripts/Gorzindel.lua:onThink
2020-10-05 11:06:30 -  data/globalevents/scripts/Gorzindel.lua:34: attempt to index local 'boss' (a nil value)
2020-10-05 11:06:30 -  stack traceback:
2020-10-05 11:06:30 -  	[C]: in function '__index'
2020-10-05 11:06:30 -  	data/globalevents/scripts/Gorzindel.lua:34: in function <data/globalevents/scripts/Gorzindel.lua:21>
2020-10-05 11:06:30 -  [Error - GlobalEvents::think] Failed to execute event: Gorzindel
2020-10-05 11:06:30 -  
2020-10-05 11:06:30 -  Lua Script Error: [GlobalEvent Interface] 
2020-10-05 11:06:30 -  data/globalevents/scripts/Lokathmor.lua:onThink
2020-10-05 11:06:30 -  data/globalevents/scripts/Lokathmor.lua:34: attempt to index local 'boss' (a nil value)
2020-10-05 11:06:30 -  stack traceback:
2020-10-05 11:06:30 -  	[C]: in function '__index'
2020-10-05 11:06:30 -  	data/globalevents/scripts/Lokathmor.lua:34: in function <data/globalevents/scripts/Lokathmor.lua:21>
2020-10-05 11:06:30 -  [Error - GlobalEvents::think] Failed to execute event: Lokathmor
2020-10-05 11:06:30 -  
2020-10-05 11:06:30 -  Lua Script Error: [GlobalEvent Interface] 
2020-10-05 11:06:30 -  data/globalevents/scripts/Mazzinor.lua:onThink
2020-10-05 11:06:30 -  data/globalevents/scripts/Mazzinor.lua:34: attempt to index local 'boss' (a nil value)
2020-10-05 11:06:30 -  stack traceback:
2020-10-05 11:06:30 -  	[C]: in function '__index'
2020-10-05 11:06:30 -  	data/globalevents/scripts/Mazzinor.lua:34: in function <data/globalevents/scripts/Mazzinor.lua:21>
2020-10-05 11:06:30 -  [Error - GlobalEvents::think] Failed to execute event: Mazzinor
2020-10-05 11:06:30 -  [Warning - Monsters::loadMonster] Non-unique loot item "Giant Sapphire". 
2020-10-05 11:06:30 -  [Warning - Monsters::loadMonster] Cant load loot. data/monster/Secret Library/the scourge of oblivion.xml
2020-10-05 11:06:30 -  [Warning - Monsters::loadMonster] Non-unique loot item "Collar of Blue Plasma". 
2020-10-05 11:06:30 -  [Warning - Monsters::loadMonster] Cant load loot. data/monster/Secret Library/the scourge of oblivion.xml
2020-10-05 11:06:30 -  [Warning - Monsters::loadMonster] Non-unique loot item "Giant Shimmering Pearl". 
2020-10-05 11:06:30 -  [Warning - Monsters::loadMonster] Cant load loot. data/monster/Secret Library/the scourge of oblivion.xml
2020-10-05 11:06:30 -  [Warning - Monsters::loadMonster] Unknown loot item "The Calamity". 
2020-10-05 11:06:30 -  [Warning - Monsters::loadMonster] Cant load loot. data/monster/Secret Library/the scourge of oblivion.xml
2020-10-05 11:06:30 -  
2020-10-05 11:06:30 -  Lua Script Error: [GlobalEvent Interface] 
2020-10-05 11:06:30 -  data/globalevents/scripts/The Scourge Of Oblivion.lua:onThink
2020-10-05 11:06:30 -  data/globalevents/scripts/The Scourge Of Oblivion.lua:34: attempt to index local 'boss' (a nil value)
2020-10-05 11:06:30 -  stack traceback:
2020-10-05 11:06:30 -  	[C]: in function '__index'
2020-10-05 11:06:30 -  	data/globalevents/scripts/The Scourge Of Oblivion.lua:34: in function <data/globalevents/scripts/The Scourge Of Oblivion.lua:21>
2020-10-05 11:06:30 -  [Error - GlobalEvents::think] Failed to execute event: The Scourge Of Oblivion
2020-10-05 11:15:16 -  ip inválido
2020-10-05 11:15:16 -  ip inválido
2020-10-05 11:15:16 -  ip inválido
2020-10-05 11:15:16 -  ip inválido
2020-10-05 11:15:16 -  ip inválido
2020-10-05 11:15:16 -  ip inválido
2020-10-05 11:15:16 -  ip inválido
2020-10-05 11:15:16 -  ip inválido
2020-10-05 11:15:16 -  > Broadcasted message: "Beware! Mawhawk!".
2020-10-05 12:39:16 -  ip inválido
2020-10-05 12:39:16 -  ip inválido
2020-10-05 12:39:16 -  ip inválido
2020-10-05 12:39:16 -  ip inválido
2020-10-05 12:39:16 -  ip inválido
2020-10-05 12:39:16 -  ip inválido
2020-10-05 12:39:16 -  ip inválido
2020-10-05 12:39:16 -  ip inválido
2020-10-05 12:39:16 -  ip inválido
2020-10-05 12:39:16 -  ip inválido
2020-10-05 12:39:16 -  ip inválido
2020-10-05 12:39:16 -  ip inválido
2020-10-05 12:39:16 -  ip inválido
2020-10-05 12:39:16 -  ip inválido
2020-10-05 12:39:16 -  ip inválido
2020-10-05 12:39:16 -  ip inválido
2020-10-05 12:39:16 -  ip inválido
2020-10-05 12:39:16 -  ip inválido
2020-10-05 12:39:16 -  ip inválido
2020-10-05 12:39:16 -  ip inválido
2020-10-05 12:39:16 -  ip inválido
2020-10-05 12:39:16 -  ip inválido
2020-10-05 12:39:16 -  ip inválido
2020-10-05 12:39:16 -  ip inválido
2020-10-05 12:39:16 -  ip inválido
2020-10-05 12:39:16 -  ip inválido
2020-10-05 12:39:16 -  ip inválido
2020-10-05 12:39:16 -  ip inválido
2020-10-05 12:39:16 -  ip inválido
2020-10-05 12:39:16 -  ip inválido
2020-10-05 12:39:16 -  ip inválido
2020-10-05 12:39:16 -  ip inválido
2020-10-05 12:39:16 -  ip inválido
2020-10-05 12:39:16 -  ip inválido
2020-10-05 12:39:16 -  ip inválido
2020-10-05 12:39:16 -  ip inválido
2020-10-05 12:39:16 -  ip inválido
2020-10-05 12:39:16 -  ip inválido
2020-10-05 12:39:16 -  ip inválido
2020-10-05 12:39:16 -  ip inválido
2020-10-05 12:39:16 -  ip inválido
2020-10-05 12:39:16 -  ip inválido
2020-10-05 12:39:16 -  ip inválido
2020-10-05 12:39:16 -  ip inválido
2020-10-05 12:39:16 -  ip inválido
2020-10-05 12:39:16 -  ip inválido
2020-10-05 12:39:16 -  ip inválido
2020-10-05 12:39:16 -  ip inválido
2020-10-05 12:39:16 -  ip inválido
2020-10-05 12:39:16 -  ip inválido
2020-10-05 12:39:16 -  ip inválido
2020-10-05 12:39:16 -  ip inválido
2020-10-05 12:39:16 -  ip inválido
2020-10-05 12:39:16 -  ip inválido
2020-10-05 12:39:16 -  ip inválido
2020-10-05 12:39:16 -  ip inválido
2020-10-05 12:39:16 -  ip inválido
2020-10-05 12:39:16 -  ip inválido
2020-10-05 12:39:16 -  ip inválido
2020-10-05 12:39:16 -  ip inválido
2020-10-05 12:39:16 -  ip inválido
2020-10-05 12:39:16 -  ip inválido
2020-10-05 12:39:16 -  ip inválido
2020-10-05 12:39:16 -  ip inválido
2020-10-05 12:39:16 -  ip inválido
2020-10-05 12:39:16 -  ip inválido
2020-10-05 12:39:16 -  ip inválido
2020-10-05 12:39:16 -  ip inválido
2020-10-05 12:39:16 -  ip inválido
2020-10-05 12:39:16 -  ip inválido
2020-10-05 12:39:16 -  ip inválido
2020-10-05 12:39:16 -  ip inválido
2020-10-05 12:39:16 -  ip inválido
2020-10-05 12:39:16 -  ip inválido
2020-10-05 12:39:16 -  ip inválido
2020-10-05 12:39:16 -  ip inválido
2020-10-05 12:39:16 -  ip inválido
2020-10-05 12:39:16 -  ip inválido
2020-10-05 12:39:16 -  ip inválido
2020-10-05 12:39:16 -  ip inválido
2020-10-05 12:39:16 -  ip inválido
2020-10-05 12:39:16 -  ip inválido
2020-10-05 12:39:16 -  ip inválido
2020-10-05 12:39:16 -  ip inválido
2020-10-05 12:39:16 -  > Broadcasted message: "Let da mashing begin! Cyclops riot east of Thais.".
2020-10-05 13:02:57 -  ip inválido
2020-10-05 13:02:57 -  ip inválido
2020-10-05 13:02:57 -  ip inválido
2020-10-05 13:02:57 -  ip inválido
2020-10-05 13:02:57 -  ip inválido
2020-10-05 13:02:57 -  ip inválido
2020-10-05 13:02:57 -  ip inválido
2020-10-05 13:02:57 -  ip inválido
2020-10-05 13:02:57 -  ip inválido
2020-10-05 13:02:57 -  ip inválido
2020-10-05 13:02:57 -  ip inválido
2020-10-05 13:02:57 -  ip inválido
2020-10-05 13:02:57 -  ip inválido
2020-10-05 13:02:57 -  ip inválido
2020-10-05 13:02:57 -  ip inválido
2020-10-05 13:02:57 -  ip inválido
2020-10-05 13:02:57 -  ip inválido
2020-10-05 13:02:57 -  MAILSYSTEM Dev Marson
2020-10-05 13:02:57 -  ip inválido
2020-10-05 13:02:57 -  ip inválido
2020-10-05 13:02:57 -  ip inválido
2020-10-05 13:02:57 -  ip inválido
2020-10-05 13:02:57 -  ip inválido
2020-10-05 13:02:57 -  ip inválido
2020-10-05 13:02:57 -  ip inválido
2020-10-05 13:02:57 -  Dev Marson has logged out.
2020-10-05 13:02:58 -  Dev Marson has logged in.
2020-10-05 13:25:56 -  ip inválido
2020-10-05 13:25:56 -  ip inválido
2020-10-05 13:25:56 -  ip inválido
2020-10-05 13:25:56 -  MAILSYSTEM Dev Marson
2020-10-05 13:25:56 -  MAILSYSTEM Dev Marson
2020-10-05 13:25:56 -  ip inválido
2020-10-05 13:25:56 -  ip inválido
2020-10-05 13:25:56 -  ip inválido
2020-10-05 13:25:56 -  ip inválido
2020-10-05 13:25:56 -  ip inválido
2020-10-05 13:25:56 -  ip inválido
2020-10-05 13:25:56 -  ip inválido
2020-10-05 13:25:56 -  ip inválido
2020-10-05 13:25:56 -  ip inválido
2020-10-05 13:25:56 -  ip inválido
2020-10-05 13:25:56 -  ip inválido
2020-10-05 13:25:56 -  ip inválido
2020-10-05 13:25:56 -  ip inválido
2020-10-05 13:25:56 -  ip inválido
2020-10-05 13:25:56 -  ip inválido
2020-10-05 13:25:56 -  ip inválido
2020-10-05 13:25:56 -  ip inválido
2020-10-05 13:25:56 -  ip inválido
2020-10-05 13:25:56 -  ip inválido
2020-10-05 13:25:56 -  ip inválido
2020-10-05 13:25:56 -  ip inválido
2020-10-05 13:25:56 -  MAILSYSTEM Dev Marson
2020-10-05 13:25:56 -  ip inválido
2020-10-05 13:25:56 -  MAILSYSTEM Dev Marson
2020-10-05 13:25:56 -  MAILSYSTEM Dev Marson
2020-10-05 13:25:56 -  ip inválido
2020-10-05 13:25:56 -  MAILSYSTEM Dev Marson
2020-10-05 13:25:56 -  ip inválido
2020-10-05 13:25:56 -  MAILSYSTEM Dev Marson
2020-10-05 13:25:56 -  ip inválido
2020-10-05 13:25:56 -  ip inválido
2020-10-05 13:25:56 -  MAILSYSTEM Dev Marson
2020-10-05 13:25:56 -  ip inválido
2020-10-05 13:25:56 -  Dev Marson has logged out.
2020-10-05 13:25:57 -  Dev Marson has logged in.
2020-10-05 13:26:57 -  MAILSYSTEM Dev Marson
2020-10-05 13:26:57 -  MAILSYSTEM Dev Marson
2020-10-05 13:26:57 -  ip inválido
2020-10-05 13:26:57 -  Dev Marson has logged out.
2020-10-05 13:26:59 -  Dev Marson has logged in.
2020-10-05 13:28:06 -  
2020-10-05 13:28:06 -  Thread 2 "tfs" received signal SIGSEGV, Segmentation fault.
2020-10-05 13:28:06 -  [Switching to Thread 0x7ffff3dbb700 (LWP 29476)]
2020-10-05 13:28:06 -  0x00000000005e7ce5 in Item::getHoldingPlayer() const (this=this@entry=0x7fffa399a8d0) at /home/otg/src/item.cpp:379
2020-10-05 13:28:06 -  379			if (p->getCreature()) {
2020-10-05 13:28:06 -  
2020-10-05 13:28:06 -  Thread 4 (Thread 0x7ffff2ba7700 (LWP 29478)):
2020-10-05 13:28:06 -  #0  pthread_cond_wait@@GLIBC_2.3.2 () at ../sysdeps/unix/sysv/linux/x86_64/pthread_cond_wait.S:185
2020-10-05 13:28:06 -  No locals.
2020-10-05 13:28:06 -  #1  0x00007ffff5e7491c in std::condition_variable::wait(std::unique_lock<std::mutex>&) () from /usr/lib/x86_64-linux-gnu/libstdc++.so.6
2020-10-05 13:28:06 -  No symbol table info available.
2020-10-05 13:28:06 -  #2  0x00000000006228bf in DatabaseTasks::threadMain() (this=0x8e39a0 <g_databaseTasks>) at /home/otg/src/databasetasks.cpp:42
2020-10-05 13:28:06 -          taskLockUnique = {_M_device = 0x8e3a08 <g_databaseTasks+104>, _M_owns = true}
2020-10-05 13:28:06 -  #3  0x00007ffff5e79c80 in ?? () from /usr/lib/x86_64-linux-gnu/libstdc++.so.6
2020-10-05 13:28:06 -  No symbol table info available.
2020-10-05 13:28:06 -  #4  0x00007ffff614a6ba in start_thread (arg=0x7ffff2ba7700) at pthread_create.c:333
2020-10-05 13:28:06 -          __res = <optimized out>
2020-10-05 13:28:06 -          pd = 0x7ffff2ba7700
2020-10-05 13:28:06 -          now = <optimized out>
2020-10-05 13:28:06 -          unwind_buf = {cancel_jmp_buf = {{jmp_buf = {140737265694464, 3368441637032663996, 0, 140737284647471, 140737265695168, 9334528, -3368412529474167876, -3368419862907085892}, mask_was_saved = 0}}, priv = {pad = {0x0, 0x0, 0x0, 0x0}, data = {prev = 0x0, cleanup = 0x0, canceltype = 0}}}
2020-10-05 13:28:06 -          not_first_call = <optimized out>
2020-10-05 13:28:06 -          pagesize_m1 = <optimized out>
2020-10-05 13:28:06 -          sp = <optimized out>
2020-10-05 13:28:06 -          freesize = <optimized out>
2020-10-05 13:28:06 -          __PRETTY_FUNCTION__ = "start_thread"
2020-10-05 13:28:06 -  #5  0x00007ffff7b144dd in clone () at ../sysdeps/unix/sysv/linux/x86_64/clone.S:109
2020-10-05 13:28:06 -  No locals.
2020-10-05 13:28:06 -  
2020-10-05 13:28:06 -  Thread 3 (Thread 0x7ffff35ba700 (LWP 29477)):
2020-10-05 13:28:06 -  #0  pthread_cond_timedwait@@GLIBC_2.3.2 () at ../sysdeps/unix/sysv/linux/x86_64/pthread_cond_timedwait.S:225
2020-10-05 13:28:06 -  No locals.
2020-10-05 13:28:06 -  #1  0x0000000000506210 in __gthread_cond_timedwait () at /usr/include/x86_64-linux-gnu/c++/5/bits/gthr-default.h:871
2020-10-05 13:28:06 -  No locals.
2020-10-05 13:28:06 -  #2  std::condition_variable::__wait_until_impl (__atime=..., __lock=..., this=0x8e6fa0 <g_scheduler+64>) at /usr/include/c++/5/condition_variable:165
2020-10-05 13:28:06 -          __ts = {tv_sec = 1601918886, tv_nsec = 271212039}
2020-10-05 13:28:06 -  #3  std::condition_variable::wait_until<std::chrono::duration<long, std::ratio<1l, 1000000000l> > > () at /usr/include/c++/5/condition_variable:105
2020-10-05 13:28:06 -          __lock = @0x7ffff35b9e90: {_M_device = 0x8e6f78 <g_scheduler+24>, _M_owns = true}
2020-10-05 13:28:06 -          this = 0x8e6fa0 <g_scheduler+64>
2020-10-05 13:28:06 -  #4  Scheduler::threadMain (this=0x8e6f60 <g_scheduler>) at /home/otg/src/scheduler.cpp:36
2020-10-05 13:28:06 -          ret = std::cv_status::no_timeout
2020-10-05 13:28:06 -          eventLockUnique = {_M_device = 0x8e6f78 <g_scheduler+24>, _M_owns = true}
2020-10-05 13:28:06 -  #5  0x00007ffff5e79c80 in ?? () from /usr/lib/x86_64-linux-gnu/libstdc++.so.6
2020-10-05 13:28:06 -  No symbol table info available.
2020-10-05 13:28:06 -  #6  0x00007ffff614a6ba in start_thread (arg=0x7ffff35ba700) at pthread_create.c:333
2020-10-05 13:28:06 -          __res = <optimized out>
2020-10-05 13:28:06 -          pd = 0x7ffff35ba700
2020-10-05 13:28:06 -          now = <optimized out>
2020-10-05 13:28:06 -          unwind_buf = {cancel_jmp_buf = {{jmp_buf = {140737276258048, 3368441637032663996, 0, 140737488346847, 140737276258752, 9437376, -3368413909769282628, -3368419862907085892}, mask_was_saved = 0}}, priv = {pad = {0x0, 0x0, 0x0, 0x0}, data = {prev = 0x0, cleanup = 0x0, canceltype = 0}}}
2020-10-05 13:28:06 -          not_first_call = <optimized out>
2020-10-05 13:28:06 -          pagesize_m1 = <optimized out>
2020-10-05 13:28:06 -          sp = <optimized out>
2020-10-05 13:28:06 -          freesize = <optimized out>
2020-10-05 13:28:06 -          __PRETTY_FUNCTION__ = "start_thread"
2020-10-05 13:28:06 -  #7  0x00007ffff7b144dd in clone () at ../sysdeps/unix/sysv/linux/x86_64/clone.S:109
2020-10-05 13:28:06 -  No locals.
2020-10-05 13:28:06 -  
2020-10-05 13:28:06 -  Thread 2 (Thread 0x7ffff3dbb700 (LWP 29476)):
2020-10-05 13:28:06 -  #0  0x00000000005e7ce5 in Item::getHoldingPlayer() const (this=this@entry=0x7fffa399a8d0) at /home/otg/src/item.cpp:379
2020-10-05 13:28:06 -          p = 0x7fff263ad678
2020-10-05 13:28:06 -  #1  0x00000000005b1060 in Game::internalDecayItem(Item*) (this=0x8e7760 <g_game>, item=0x7fffa399a8d0) at /home/otg/src/game.cpp:4882
2020-10-05 13:28:06 -          player = <optimized out>
2020-10-05 13:28:06 -          newItem = <optimized out>
2020-10-05 13:28:06 -          it = @0x7ffff10c4d30: {group = ITEM_GROUP_NONE, type = ITEM_TYPE_NONE, id = 2814, clientId = 3995, stackable = false, isAnimation = false, name = <incomplete type>, article = <incomplete type>, pluralName = <incomplete type>, description = <incomplete type>, runeSpellName = <incomplete type>, vocationString = <incomplete type>, abilities = {_M_t = {<No data fields>}}, conditionDamage = {_M_t = {<No data fields>}}, weight = 4400, levelDoor = 0, decayTime = 300, wieldInfo = 0, minReqLevel = 0, minReqMagicLevel = 0, charges = 0, maxHitChance = -1, decayTo = 2815, attack = 0, defense = 0, extraDefense = 0, armor = 0, imbuingSlots = 0, rotateTo = 0, runeMagLevel = 0, runeLevel = 0, wrapableTo = 0, unmoveabledItem = 0, combatType = COMBAT_NONE, transformToOnUse = {0, 0}, transformToFree = 0, destroyTo = 0, maxTextLen = 0, writeOnceItemId = 0, transformEquipTo = 0, transformDeEquipTo = 0, maxItems = 10, slotPosition = 48, speed = 0, wareId = 0, magicEffect = CONST_ME_NONE, bedPartnerDir = DIRECTION_NONE, quickLootCategory = LOOT_NONE, weaponType = WEAPON_NONE, ammoType = AMMO_NONE, shootType = CONST_ANI_NONE, corpseType = RACE_BLOOD, fluidSource = FLUID_NONE, floorChange = 0 '\000', alwaysOnTopOrder = 0 '\000', lightLevel = 0 '\000', lightColor = 0 '\000', shootRange = 1 '\001', hitChance = 0 '\000', forceUse = false, hasHeight = false, walkStack = true, blockSolid = false, blockPickupable = false, blockProjectile = false, blockPathFind = false, allowPickupable = false, showDuration = false, showCharges = false, showAttributes = false, replaceable = true, pickupable = true, rotatable = false, wrapable = false, wrapContainer = false, useable = false, moveable = true, alwaysOnTop = false, canReadText = false, canWriteText = false, isVertical = false, isHorizontal = false, isHangable = false, allowDistRead = false, lookThrough = false, stopTime = false, showCount = true}
2020-10-05 13:28:06 -  #2  0x00000000005b140b in Game::checkDecay() (this=0x8e7760 <g_game>) at /home/otg/src/game.cpp:4953
2020-10-05 13:28:06 -          item = 0x7fffa399a8d0
2020-10-05 13:28:06 -          duration = <optimized out>
2020-10-05 13:28:06 -          bucket = 0
2020-10-05 13:28:06 -          it = {_M_node = 0x7fff1aaa6480}
2020-10-05 13:28:06 -          end = {_M_node = 0x8e7be0 <g_game+1152>}
2020-10-05 13:28:06 -  #3  0x000000000055af2d in std::function<void ()>::operator()() const () at /usr/include/c++/5/functional:2267
2020-10-05 13:28:06 -          this = 0x7fff858b6940
2020-10-05 13:28:06 -  #4  Task::operator()() () at /home/otg/src/tasks.h:42
2020-10-05 13:28:06 -          this = 0x7fff858b6930
2020-10-05 13:28:06 -  #5  Dispatcher::threadMain() (this=0x8e6ec0 <g_dispatcher>) at /home/otg/src/tasks.cpp:62
2020-10-05 13:28:06 -          task = 0x7fff858b6930
2020-10-05 13:28:06 -          taskLockUnique = {_M_device = 0x8e6ed8 <g_dispatcher+24>, _M_owns = false}
2020-10-05 13:28:06 -  #6  0x00007ffff5e79c80 in ?? () from /usr/lib/x86_64-linux-gnu/libstdc++.so.6
2020-10-05 13:28:06 -  No symbol table info available.
2020-10-05 13:28:06 -  #7  0x00007ffff614a6ba in start_thread (arg=0x7ffff3dbb700) at pthread_create.c:333
2020-10-05 13:28:06 -          __res = <optimized out>
2020-10-05 13:28:06 -          pd = 0x7ffff3dbb700
2020-10-05 13:28:06 -          now = <optimized out>
2020-10-05 13:28:07 -          unwind_buf = {cancel_jmp_buf = {{jmp_buf = {140737284650752, 3368441637032663996, 0, 140737488346847, 140737284651456, 9437376, -3368415009817781316, -3368419862907085892}, mask_was_saved = 0}}, priv = {pad = {0x0, 0x0, 0x0, 0x0}, data = {prev = 0x0, cleanup = 0x0, canceltype = 0}}}
2020-10-05 13:28:07 -          not_first_call = <optimized out>
2020-10-05 13:28:07 -          pagesize_m1 = <optimized out>
2020-10-05 13:28:07 -          sp = <optimized out>
2020-10-05 13:28:07 -          freesize = <optimized out>
2020-10-05 13:28:07 -          __PRETTY_FUNCTION__ = "start_thread"
2020-10-05 13:28:07 -  #8  0x00007ffff7b144dd in clone () at ../sysdeps/unix/sysv/linux/x86_64/clone.S:109
2020-10-05 13:28:07 -  No locals.
2020-10-05 13:28:07 -  
2020-10-05 13:28:07 -  Thread 1 (Thread 0x7ffff7fe6740 (LWP 29472)):
2020-10-05 13:28:07 -  #0  0x00007ffff7b14ad3 in epoll_wait () at ../sysdeps/unix/syscall-template.S:84
2020-10-05 13:28:07 -  No locals.
2020-10-05 13:28:07 -  #1  0x00000000005b70e7 in boost::asio::detail::epoll_reactor::run(bool, boost::asio::detail::op_queue<boost::asio::detail::task_io_service_operation>&) [clone .constprop.204] (this=0x901570, block=<optimized out>, ops=...) at /usr/include/boost/asio/detail/impl/epoll_reactor.ipp:392
2020-10-05 13:28:07 -          timeout = <optimized out>
2020-10-05 13:28:07 -          events = {{events = 0, data = {ptr = 0x0, fd = 0, u32 = 0, u64 = 0}} <repeats 52 times>, {events = 11, data = {ptr = 0xa100000000, fd = 0, u32 = 0, u64 = 691489734656}}, {events = 0, data = {ptr = 0x7fffffffdb90, fd = -9328, u32 = 4294957968, u64 = 140737488346000}}, {events = 0, data = {ptr = 0x0, fd = 0, u32 = 0, u64 = 0}}, {events = 0, data = {ptr = 0x0, fd = 0, u32 = 0, u64 = 0}}, {events = 9329, data = {ptr = 0xffffdb8fffff8000, fd = -32768, u32 = 4294934528, u64 = 18446704010254581760}}, {events = 32767, data = {ptr = 0x2, fd = 2, u32 = 2, u64 = 2}}, {events = 4155593817, data = {ptr = 0x7fff, fd = 32767, u32 = 32767, u64 = 32767}}, {events = 0, data = {ptr = 0x5828f4 <boost::asio::detail::reactive_socket_recv_op_base<boost::asio::mutable_buffers_1>::do_perform(boost::asio::detail::reactor_op*)+228>, fd = 5777652, u32 = 5777652, u64 = 5777652}}, {events = 91, data = {ptr = 0x100006e, fd = 16777326, u32 = 16777326, u64 = 16777326}}, {events = 18, data = {ptr = 0x9d5146, fd = 10309958, u32 = 10309958, u64 = 10309958}}, {events = 2, data = {ptr = 0x200000000, fd = 0, u32 = 0, u64 = 8589934592}}, {events = 0, data = {ptr = 0x5f7b57a6, fd = 1601918886, u32 = 1601918886, u64 = 1601918886}}, {events = 0, data = {ptr = 0x0, fd = 0, u32 = 0, u64 = 0}}, {events = 0, data = {ptr = 0x7fffffffdb80, fd = -9344, u32 = 4294957952, u64 = 140737488345984}}, {events = 1, data = {ptr = 0x0, fd = 0, u32 = 0, u64 = 0}}, {events = 0, data = {ptr = 0x0, fd = 0, u32 = 0, u64 = 0}}, {events = 0, data = {ptr = 0x9d512000000000, fd = 0, u32 = 0, u64 = 44280769224376320}}, {events = 0, data = {ptr = 0x7fffd3daa450, fd = -740645808, u32 = 3554321488, u64 = 140736747709520}}, {events = 10573200, data = {ptr = 0x9e522800000000, fd = 0, u32 = 0, u64 = 44563378072453120}}, {events = 0, data = {ptr = 0x923128, fd = 9580840, u32 = 9580840, u64 = 9580840}}, {events = 18, data = {ptr = 0x5200000000, fd = 0, u32 = 0, u64 = 352187318272}}, {events = 0, data = {ptr = 0x901570, fd = 9442672, u32 = 9442672, u64 = 9442672}}, {events = 6449413, data = {ptr = 0x0, fd = 0, u32 = 0, u64 = 0}}, {events = 0, data = {ptr = 0x12, fd = 18, u32 = 18, u64 = 18}}, {events = 0, data = {ptr = 0x56f20000000000, fd = 0, u32 = 0, u64 = 24472929811038208}}, {events = 0, data = {ptr = 0x0, fd = 0, u32 = 0, u64 = 0}}, {events = 0, data = {ptr = 0xffffdc7000000000, fd = 0, u32 = 0, u64 = 18446704972327288832}}, {events = 32767, data = {ptr = 0xa15590, fd = 10573200, u32 = 10573200, u64 = 10573200}}, {events = 10573200, data = {ptr = 0xd539041000000000, fd = 0, u32 = 0, u64 = 15364316070517145600}}, {events = 32767, data = {ptr = 0x9e5228, fd = 10375720, u32 = 10375720, u64 = 10375720}}, {events = 10309958, data = {ptr = 0x200000000, fd = 0, u32 = 0, u64 = 8589934592}}, {events = 0, data = {ptr = 0x7fff00000001, fd = 1, u32 = 1, u64 = 140733193388033}}, {events = 0, data = {ptr = 0x56f20000000000, fd = 0, u32 = 0, u64 = 24472929811038208}}, {events = 0, data = {ptr = 0x0, fd = 0, u32 = 0, u64 = 0}}, {events = 0, data = {ptr = 0x0, fd = 0, u32 = 0, u64 = 0}}, {events = 0, data = {ptr = 0x9e5148, fd = 10375496, u32 = 10375496, u64 = 10375496}}, {events = 5809952, data = {ptr = 0x9d513000000000, fd = 0, u32 = 0, u64 = 44280837943853056}}, {events = 0, data = {ptr = 0x9e51c8, fd = 10375624, u32 = 10375624, u64 = 10375624}}, {events = 10309920, data = {ptr = 0x46e96000000000, fd = 0, u32 = 0, u64 = 19959846895878144}}, {events = 0, data = {ptr = 0x7fffffffdd20, fd = -8928, u32 = 4294958368, u64 = 140737488346400}}, {events = 0, data = {ptr = 0x56e94e00000000, fd = 0, u32 = 0, u64 = 24463369213837312}}, {events = 0, data = {ptr = 0x900090, fd = 9437328, u32 = 9437328, u64 = 9437328}}, {events = 0, data = {ptr = 0x9d514600000000, fd = 0, u32 = 0, u64 = 44280932433133568}}, {events = 0, data = {ptr = 0x2, fd = 2, u32 = 2, u64 = 2}}, {events = 5698048, data = {ptr = 0x0, fd = 0, u32 = 0, u64 = 0}}, {events = 0, data = {ptr = 0x0, fd = 0, u32 = 0, u64 = 0}}, {events = 0, data = {ptr = 0x0, fd = 0, u32 = 0, u64 = 0}}, {events = 0, data = {ptr = 0x7fffffffde30, fd = -8656, u32 = 4294958640, u64 = 140737488346672}}, {events = 9437328, data = {ptr = 0xc00000000, fd = 0, u32 = 0, u64 = 51539607552}}, {events = 0, data = {ptr = 0x0, fd = 0, u32 = 0, u64 = 0}}, {events = 9437376, data = {ptr = 0xffffde3000000000, fd = 0, u32 = 0, u64 = 18446706896472637440}}, {events = 32767, data = {ptr = 0x585e35 <boost::asio::detail::reactive_socket_recv_op<boost::asio::mutable_buffers_1, boost::asio::detail::read_op<boost::asio::basic_stream_socket<boost::asio::ip::tcp, boost::asio::stream_socket_service<boost::asio::ip::tcp> >, boost::asio::mutable_buffers_1, boost::asio::detail::transfer_all_t, std::_Bind<std::_Mem_fn<void (Connection::*)(boost::system::error_code const&)> (std::shared_ptr<Connection>, std::_Placeholder<1>)> > >::do_complete(boost::asio::detail::task_io_service*, boost::asio::detail::task_io_service_operation*, boost::system::error_code const&, unsigned long)+373>, fd = 5791285, u32 = 5791285, u64 = 5791285}}, {events = 4294958640, data = {ptr = 0x58574500007fff, fd = 32767, u32 = 32767, u64 = 24865751814930431}}, {events = 0, data = {ptr = 0x46e960 <__pthread_key_create@plt>, fd = 4647264, u32 = 4647264, u64 = 4647264}}, {events = 4155593817, data = {ptr = 0xffffde3000007fff, fd = 32767, u32 = 32767, u64 = 18446706896472670207}}, {events = 32767, data = {ptr = 0x0, fd = 0, u32 = 0, u64 = 0}}, {events = 0, data = {ptr = 0x0, fd = 0, u32 = 0, u64 = 0}}, {events = 18, data = {ptr = 0x9e5228, fd = 10375720, u32 = 10375720, u64 = 10375720}}, {events = 10309958, data = {ptr = 0x200000000, fd = 0, u32 = 0, u64 = 8589934592}}, {events = 0, data = {ptr = 0x0, fd = 0, u32 = 0, u64 = 0}}, {events = 2, data = {ptr = 0x56f20000000000, fd = 0, u32 = 0, u64 = 24472929811038208}}, {events = 0, data = {ptr = 0x0, fd = 0, u32 = 0, u64 = 0}}, {events = 10309936, data = {ptr = 0x9d512000000000, fd = 0, u32 = 0, u64 = 44280769224376320}}, {events = 0, data = {ptr = 0x0, fd = 0, u32 = 0, u64 = 0}}, {events = 4145959136, data = {ptr = 0x58a73100007fff, fd = 32767, u32 = 32767, u64 = 24953626845806591}}, {events = 0, data = {ptr = 0x7fffd37d21e0, fd = -746774048, u32 = 3548193248, u64 = 140736741581280}}, {events = 0, data = {ptr = 0x9e522800000000, fd = 0, u32 = 0, u64 = 44563378072453120}}, {events = 0, data = {ptr = 0x7fffffffde80, fd = -8576, u32 = 4294958720, u64 = 140737488346752}}, {events = 9437328, data = {ptr = 0x58646e00000000, fd = 0, u32 = 0, u64 = 24880221559717888}}, {events = 0, data = {ptr = 0x9d5130, fd = 10309936, u32 = 10309936, u64 = 10309936}}, {events = 10309920, data = {ptr = 0xffffde8000000000, fd = 0, u32 = 0, u64 = 18446707240070021120}}, {events = 32767, data = {ptr = 0x0, fd = 0, u32 = 0, u64 = 0}}, {events = 0, data = {ptr = 0x0, fd = 0, u32 = 0, u64 = 0}}, {events = 0, data = {ptr = 0x58a720 <Connection::handleTimeout(std::weak_ptr<Connection>, boost::system::error_code const&)>, fd = 5809952, u32 = 5809952, u64 = 5809952}}, {events = 10309936, data = {ptr = 0x9d512000000000, fd = 0, u32 = 0, u64 = 44280769224376320}}, {events = 0, data = {ptr = 0x7d, fd = 125, u32 = 125, u64 = 125}}}
2020-10-05 13:28:07 -          num_events = <optimized out>
2020-10-05 13:28:07 -          check_timers = <optimized out>
2020-10-05 13:28:07 -  #2  0x000000000055dcd3 in do_run_one (ec=..., this_thread=..., lock=<synthetic pointer>, this=0x900090) at /usr/include/boost/asio/detail/impl/task_io_service.ipp:356
2020-10-05 13:28:07 -          more_handlers = <optimized out>
2020-10-05 13:28:07 -  #3  run (ec=..., this=0x900090) at /usr/include/boost/asio/detail/impl/task_io_service.ipp:149
2020-10-05 13:28:07 -          this_thread = {private_op_queue = {front_ = 0x0, back_ = 0x0}, private_outstanding_work = 0}
2020-10-05 13:28:07 -          ctx = {key_ = 0x900090, value_ = 0x7fffffffdf40, next_ = 0x0}
2020-10-05 13:28:07 -          lock = {mutex_ = @0x9000c0, locked_ = <optimized out>}
2020-10-05 13:28:07 -          n = 3511358
2020-10-05 13:28:07 -  #4  _ZN5boost4asio10io_service3runEv.isra.226 () at /usr/include/boost/asio/impl/io_service.ipp:59
2020-10-05 13:28:07 -          ec = {m_val = 0, m_cat = 0x7ffff71e50e0}
2020-10-05 13:28:07 -  #5  ServiceManager::run() (this=this@entry=0x7fffffffdff0) at /home/otg/src/server.cpp:47
2020-10-05 13:28:07 -  No locals.
2020-10-05 13:28:07 -  #6  0x0000000000474c46 in main (argc=1, argv=0x7fffffffe1b8) at /home/otg/src/otserv.cpp:96
2020-10-05 13:28:07 -          serviceManager = {acceptors = {_M_h = {_M_buckets = 0x7fffd34c75f0, _M_bucket_count = 5, _M_before_begin = {_M_nxt = 0x7fffd37d22b0}, _M_element_count = 2, _M_rehash_policy = {_M_max_load_factor = 1, _M_next_resize = 5}, _M_single_bucket = 0x0}}, io_service = {service_registry_ = 0x900040, impl_ = @0x900090}, signals = {set = {<No data fields>}}, death_timer = {<No data fields>}, running = true}
2020-10-05 13:28:07 -  ip inválido
2020-10-05 13:28:07 -  Saving server...
2020-10-05 13:28:08 -  > Saved house items in: 1.076 s
2020-10-05 13:28:08 -  A debugging session is active.
2020-10-05 13:28:08 -  
2020-10-05 13:28:08 -  	Inferior 1 [process 29472] will be killed.
2020-10-05 13:28:08 -  
2020-10-05 13:28:08 -  Quit anyway? (y or n) [answered Y; input not from terminal]
