2020-10-02 23:25:46 -  [Thread debugging using libthread_db enabled]
2020-10-02 23:25:46 -  Using host libthread_db library "/lib/x86_64-linux-gnu/libthread_db.so.1".
2020-10-02 23:25:46 -  [New Thread 0x7ffff3dbb700 (LWP 22420)]
2020-10-02 23:25:46 -  [New Thread 0x7ffff35ba700 (LWP 22421)]
2020-10-02 23:25:46 -  The OTG-Premium-Version - Version: (1.3)
2020-10-02 23:25:46 -  Compiled with: GNU C++ version 5.4.0 20160609
2020-10-02 23:25:46 -  Compiled on Sep 17 2020 19:49:36 for platform x64
2020-10-02 23:25:46 -  
2020-10-02 23:25:46 -  Special Credits for: OTG Team, Johncore, Vankk, Erick Nunes, Leonardo Pereira, Leandro Baldissera, Talis, Marcomoa, Marson Schneider, Douglas, Mark Samman, OTXServer (Mattyx Gomez) and The Forgotten Server Developers.
2020-10-02 23:25:46 -  Link of repository: https://github.com/Johncorex/OTG-Premium-Version
2020-10-02 23:25:46 -  
2020-10-02 23:25:46 -  >> Loading config: config.lua
2020-10-02 23:25:46 -  >> Establishing database connection... MySQL 5.7.31
2020-10-02 23:25:46 -  >> Running database manager
2020-10-02 23:25:46 -  [New Thread 0x7ffff2ba7700 (LWP 22422)]
2020-10-02 23:25:46 -  > Optimizing table players_online... [success]
2020-10-02 23:25:46 -  >> Loading vocations
2020-10-02 23:25:46 -  >> Loading items
2020-10-02 23:25:46 -  >> Loading script systems
2020-10-02 23:25:46 -  >> Loading lua libs
2020-10-02 23:25:46 -  [Warning - Event::checkScript] Can not load script: scripts/expboostaction.lua
2020-10-02 23:25:46 -  cannot open data/actions/scripts/expboostaction.lua: No such file or directory
2020-10-02 23:25:47 -  >> Loading lua scripts
2020-10-02 23:25:47 -  >> Loading monsters
2020-10-02 23:25:47 -  >> Loading lua monsters
2020-10-02 23:25:47 -  >> Loading outfits
2020-10-02 23:25:47 -  >> Loading prey data
2020-10-02 23:25:48 -  >> Checking world type... PVP
2020-10-02 23:25:48 -  >> Loading map
2020-10-02 23:25:49 -  > Map size: 34143x33812.
2020-10-02 23:25:55 -  > Map loading time: 7.605 seconds.
2020-10-02 23:26:29 -  > Loaded house items in: 0.05 s
2020-10-02 23:26:29 -  >> Initializing gamestate
2020-10-02 23:26:33 -  >> Loaded 43 npcs and spawned 72496 monsters.
2020-10-02 23:26:33 -  >> Loaded 27 towns with 1074 houses in total.
2020-10-02 23:26:33 -  [Castle War]
2020-10-02 23:26:33 -  [POWERGAMERS]
2020-10-02 23:26:33 -  [SISTEMA DE LOTERIA] OPERANTE
2020-10-02 23:26:33 -  Advanced NPC spawn system | All NPCs will be loaded trough lib.
2020-10-02 23:26:33 -  [REGEN BOOST] CARREGADO
2020-10-02 23:26:33 -  [SPOOF COUNTER]
2020-10-02 23:26:33 -  [STAMINA]
2020-10-02 23:26:33 -  >> Loaded all modules, server starting up...
2020-10-02 23:26:33 -  > Warning: OTG-Premium-Version has been executed as root user, please consider running it as a normal user.
2020-10-02 23:26:33 -  >> Honera Global Server Online!
2020-10-02 23:26:33 -  
2020-10-02 23:26:33 -  Dev Marson has logged in.
2020-10-02 23:26:42 -  SABADOU!! NPC HONERA CRIADO
2020-10-02 23:26:42 -  Shaka has logged in.
2020-10-02 23:26:42 -  Nobre Cavalheiro has logged in.
2020-10-02 23:26:42 -  Top Spin has logged in.
2020-10-02 23:32:00 -  Demonzin has logged in.
2020-10-02 23:43:42 -  moveu corpo dentro de corpo
2020-10-02 23:43:42 -  moveu corpo dentro de corpo
2020-10-02 23:43:42 -  moveu corpo dentro de corpo
2020-10-02 23:43:42 -  moveu corpo dentro de corpo
2020-10-02 23:43:42 -  moveu corpo dentro de corpo
2020-10-02 23:43:42 -  moveu corpo dentro de corpo
2020-10-02 23:43:42 -  [Debug - Game::internalDecayItem] internalDecayItem failed, error code: 1, item id: 2018
2020-10-02 23:46:47 -  
2020-10-02 23:46:47 -  Thread 2 "tfs" received signal SIGSEGV, Segmentation fault.
2020-10-02 23:46:47 -  [Switching to Thread 0x7ffff3dbb700 (LWP 22420)]
2020-10-02 23:46:47 -  0x00007fffebf2be30 in ?? ()
2020-10-02 23:46:47 -  
2020-10-02 23:46:47 -  Thread 4 (Thread 0x7ffff2ba7700 (LWP 22422)):
2020-10-02 23:46:47 -  #0  pthread_cond_wait@@GLIBC_2.3.2 () at ../sysdeps/unix/sysv/linux/x86_64/pthread_cond_wait.S:185
2020-10-02 23:46:47 -  No locals.
2020-10-02 23:46:47 -  #1  0x00007ffff5e7491c in std::condition_variable::wait(std::unique_lock<std::mutex>&) () from /usr/lib/x86_64-linux-gnu/libstdc++.so.6
2020-10-02 23:46:48 -  No symbol table info available.
2020-10-02 23:46:48 -  #2  0x00000000006228bf in DatabaseTasks::threadMain() (this=0x8e39a0 <g_databaseTasks>) at /home/otg/src/databasetasks.cpp:42
2020-10-02 23:46:48 -          taskLockUnique = {_M_device = 0x8e3a08 <g_databaseTasks+104>, _M_owns = true}
2020-10-02 23:46:48 -  #3  0x00007ffff5e79c80 in ?? () from /usr/lib/x86_64-linux-gnu/libstdc++.so.6
2020-10-02 23:46:48 -  No symbol table info available.
2020-10-02 23:46:48 -  #4  0x00007ffff614a6ba in start_thread (arg=0x7ffff2ba7700) at pthread_create.c:333
2020-10-02 23:46:48 -          __res = <optimized out>
2020-10-02 23:46:48 -          pd = 0x7ffff2ba7700
2020-10-02 23:46:48 -          now = <optimized out>
2020-10-02 23:46:48 -          unwind_buf = {cancel_jmp_buf = {{jmp_buf = {140737265694464, 6463089704148596010, 0, 140737284647471, 140737265695168, 9334528, -6463117763702229718, -6463107475331025622}, mask_was_saved = 0}}, priv = {pad = {0x0, 0x0, 0x0, 0x0}, data = {prev = 0x0, cleanup = 0x0, canceltype = 0}}}
2020-10-02 23:46:48 -          not_first_call = <optimized out>
2020-10-02 23:46:48 -          pagesize_m1 = <optimized out>
2020-10-02 23:46:48 -          sp = <optimized out>
2020-10-02 23:46:48 -          freesize = <optimized out>
2020-10-02 23:46:48 -          __PRETTY_FUNCTION__ = "start_thread"
2020-10-02 23:46:48 -  #5  0x00007ffff7b144dd in clone () at ../sysdeps/unix/sysv/linux/x86_64/clone.S:109
2020-10-02 23:46:48 -  No locals.
2020-10-02 23:46:48 -  
2020-10-02 23:46:48 -  Thread 3 (Thread 0x7ffff35ba700 (LWP 22421)):
2020-10-02 23:46:48 -  #0  pthread_cond_timedwait@@GLIBC_2.3.2 () at ../sysdeps/unix/sysv/linux/x86_64/pthread_cond_timedwait.S:225
2020-10-02 23:46:48 -  No locals.
2020-10-02 23:46:48 -  #1  0x0000000000506210 in __gthread_cond_timedwait () at /usr/include/x86_64-linux-gnu/c++/5/bits/gthr-default.h:871
2020-10-02 23:46:48 -  No locals.
2020-10-02 23:46:48 -  #2  std::condition_variable::__wait_until_impl (__atime=..., __lock=..., this=0x8e6fa0 <g_scheduler+64>) at /usr/include/c++/5/condition_variable:165
2020-10-02 23:46:48 -          __ts = {tv_sec = 1601696807, tv_nsec = 920507270}
2020-10-02 23:46:48 -  #3  std::condition_variable::wait_until<std::chrono::duration<long, std::ratio<1l, 1000000000l> > > () at /usr/include/c++/5/condition_variable:105
2020-10-02 23:46:48 -          __lock = @0x7ffff35b9e90: {_M_device = 0x8e6f78 <g_scheduler+24>, _M_owns = true}
2020-10-02 23:46:48 -          this = 0x8e6fa0 <g_scheduler+64>
2020-10-02 23:46:48 -  #4  Scheduler::threadMain (this=0x8e6f60 <g_scheduler>) at /home/otg/src/scheduler.cpp:36
2020-10-02 23:46:48 -          ret = std::cv_status::no_timeout
2020-10-02 23:46:48 -          eventLockUnique = {_M_device = 0x8e6f78 <g_scheduler+24>, _M_owns = true}
2020-10-02 23:46:48 -  #5  0x00007ffff5e79c80 in ?? () from /usr/lib/x86_64-linux-gnu/libstdc++.so.6
2020-10-02 23:46:48 -  No symbol table info available.
2020-10-02 23:46:48 -  #6  0x00007ffff614a6ba in start_thread (arg=0x7ffff35ba700) at pthread_create.c:333
2020-10-02 23:46:48 -          __res = <optimized out>
2020-10-02 23:46:48 -          pd = 0x7ffff35ba700
2020-10-02 23:46:48 -          now = <optimized out>
2020-10-02 23:46:48 -          unwind_buf = {cancel_jmp_buf = {{jmp_buf = {140737276258048, 6463089704148596010, 0, 140737488346847, 140737276258752, 9437376, -6463114749172058838, -6463107475331025622}, mask_was_saved = 0}}, priv = {pad = {0x0, 0x0, 0x0, 0x0}, data = {prev = 0x0, cleanup = 0x0, canceltype = 0}}}
2020-10-02 23:46:48 -          not_first_call = <optimized out>
2020-10-02 23:46:48 -          pagesize_m1 = <optimized out>
2020-10-02 23:46:48 -          sp = <optimized out>
2020-10-02 23:46:48 -          freesize = <optimized out>
2020-10-02 23:46:48 -          __PRETTY_FUNCTION__ = "start_thread"
2020-10-02 23:46:48 -  #7  0x00007ffff7b144dd in clone () at ../sysdeps/unix/sysv/linux/x86_64/clone.S:109
2020-10-02 23:46:48 -  No locals.
2020-10-02 23:46:48 -  
2020-10-02 23:46:48 -  Thread 2 (Thread 0x7ffff3dbb700 (LWP 22420)):
2020-10-02 23:46:48 -  #0  0x00007fffebf2be30 in ?? ()
2020-10-02 23:46:48 -  No symbol table info available.
2020-10-02 23:46:48 -  #1  0x00000000005e7ceb in Item::getHoldingPlayer() const (this=this@entry=0x7fff3c9e7610) at /home/otg/src/item.cpp:379
2020-10-02 23:46:48 -          p = 0x7fff9d9bb728
2020-10-02 23:46:48 -  #2  0x00000000005b1060 in Game::internalDecayItem(Item*) (this=0x8e7760 <g_game>, item=0x7fff3c9e7610) at /home/otg/src/game.cpp:4882
2020-10-02 23:46:48 -          player = <optimized out>
2020-10-02 23:46:48 -          newItem = <optimized out>
2020-10-02 23:46:49 -          it = @0x7ffff10c4bc0: {group = ITEM_GROUP_CONTAINER, type = ITEM_TYPE_CONTAINER, id = 2813, clientId = 3994, stackable = false, isAnimation = false, name = <incomplete type>, article = <incomplete type>, pluralName = <incomplete type>, description = <incomplete type>, runeSpellName = <incomplete type>, vocationString = <incomplete type>, abilities = {_M_t = {<No data fields>}}, conditionDamage = {_M_t = {<No data fields>}}, weight = 6300, levelDoor = 0, decayTime = 300, wieldInfo = 0, minReqLevel = 0, minReqMagicLevel = 0, charges = 0, maxHitChance = -1, decayTo = 2814, attack = 0, defense = 0, extraDefense = 0, armor = 0, imbuingSlots = 0, rotateTo = 0, runeMagLevel = 0, runeLevel = 0, wrapableTo = 0, unmoveabledItem = 0, combatType = COMBAT_NONE, transformToOnUse = {0, 0}, transformToFree = 0, destroyTo = 0, maxTextLen = 0, writeOnceItemId = 0, transformEquipTo = 0, transformDeEquipTo = 0, maxItems = 10, slotPosition = 48, speed = 0, wareId = 0, magicEffect = CONST_ME_NONE, bedPartnerDir = DIRECTION_NONE, quickLootCategory = LOOT_NONE, weaponType = WEAPON_NONE, ammoType = AMMO_NONE, shootType = CONST_ANI_NONE, corpseType = RACE_BLOOD, fluidSource = FLUID_BLOOD, floorChange = 0 '\000', alwaysOnTopOrder = 0 '\000', lightLevel = 0 '\000', lightColor = 0 '\000', shootRange = 1 '\001', hitChance = 0 '\000', forceUse = false, hasHeight = false, walkStack = true, blockSolid = false, blockPickupable = false, blockProjectile = false, blockPathFind = false, allowPickupable = false, showDuration = false, showCharges = false, showAttributes = false, replaceable = true, pickupable = true, rotatable = false, wrapable = false, wrapContainer = false, useable = false, moveable = true, alwaysOnTop = false, canReadText = false, canWriteText = false, isVertical = false, isHorizontal = false, isHangable = false, allowDistRead = false, lookThrough = false, stopTime = false, showCount = true}
2020-10-02 23:46:49 -  #3  0x00000000005b140b in Game::checkDecay() (this=0x8e7760 <g_game>) at /home/otg/src/game.cpp:4953
2020-10-02 23:46:49 -          item = 0x7fff3c9e7610
2020-10-02 23:46:49 -          duration = <optimized out>
2020-10-02 23:46:49 -          bucket = 3
2020-10-02 23:46:49 -          it = {_M_node = 0x7fff1aad25f0}
2020-10-02 23:46:49 -          end = {_M_node = 0x8e7c28 <g_game+1224>}
2020-10-02 23:46:49 -  #4  0x000000000055af2d in std::function<void ()>::operator()() const () at /usr/include/c++/5/functional:2267
2020-10-02 23:46:49 -          this = 0x7fffef257990
2020-10-02 23:46:49 -  #5  Task::operator()() () at /home/otg/src/tasks.h:42
2020-10-02 23:46:49 -          this = 0x7fffef257980
2020-10-02 23:46:49 -  #6  Dispatcher::threadMain() (this=0x8e6ec0 <g_dispatcher>) at /home/otg/src/tasks.cpp:62
2020-10-02 23:46:49 -          task = 0x7fffef257980
2020-10-02 23:46:49 -          taskLockUnique = {_M_device = 0x8e6ed8 <g_dispatcher+24>, _M_owns = false}
2020-10-02 23:46:49 -  #7  0x00007ffff5e79c80 in ?? () from /usr/lib/x86_64-linux-gnu/libstdc++.so.6
2020-10-02 23:46:49 -  No symbol table info available.
2020-10-02 23:46:49 -  #8  0x00007ffff614a6ba in start_thread (arg=0x7ffff3dbb700) at pthread_create.c:333
2020-10-02 23:46:49 -          __res = <optimized out>
2020-10-02 23:46:49 -          pd = 0x7ffff3dbb700
2020-10-02 23:46:49 -          now = <optimized out>
2020-10-02 23:46:49 -          unwind_buf = {cancel_jmp_buf = {{jmp_buf = {140737284650752, 6463089704148596010, 0, 140737488346847, 140737284651456, 9437376, -6463115850294299350, -6463107475331025622}, mask_was_saved = 0}}, priv = {pad = {0x0, 0x0, 0x0, 0x0}, data = {prev = 0x0, cleanup = 0x0, canceltype = 0}}}
2020-10-02 23:46:49 -          not_first_call = <optimized out>
2020-10-02 23:46:49 -          pagesize_m1 = <optimized out>
2020-10-02 23:46:49 -          sp = <optimized out>
2020-10-02 23:46:49 -          freesize = <optimized out>
2020-10-02 23:46:49 -          __PRETTY_FUNCTION__ = "start_thread"
2020-10-02 23:46:49 -  #9  0x00007ffff7b144dd in clone () at ../sysdeps/unix/sysv/linux/x86_64/clone.S:109
2020-10-02 23:46:49 -  No locals.
2020-10-02 23:46:49 -  
2020-10-02 23:46:49 -  Thread 1 (Thread 0x7ffff7fe6740 (LWP 22416)):
2020-10-02 23:46:49 -  #0  0x00007ffff7b14ad3 in epoll_wait () at ../sysdeps/unix/syscall-template.S:84
2020-10-02 23:46:49 -  No locals.
2020-10-02 23:46:49 -  #1  0x00000000005b70e7 in boost::asio::detail::epoll_reactor::run(bool, boost::asio::detail::op_queue<boost::asio::detail::task_io_service_operation>&) [clone .constprop.204] (this=0x901570, block=<optimized out>, ops=...) at /usr/include/boost/asio/detail/impl/epoll_reactor.ipp:392
2020-10-02 23:46:49 -          timeout = <optimized out>
2020-10-02 23:46:49 -          events = {{events = 131661824, data = {ptr = 0x7dc00007ffefd7c, fd = 2147417468, u32 = 2147417468, u64 = 566327655289257340}}, {events = 2147417468, data = {ptr = 0x7fffc2245e800000, fd = 1585446912, u32 = 1585446912, u64 = 9223304023338123264}}, {events = 1590689792, data = {ptr = 0xe34000007fffc224, fd = 2147467812, u32 = 2147467812, u64 = 16375088247266591268}}, {events = 2147467811, data = {ptr = 0x7ffefd7c07e00000, fd = 132120576, u32 = 132120576, u64 = 9223087796051247104}}, {events = 132317184, data = {ptr = 0x5ea800007ffefd7c, fd = 2147417468, u32 = 2147417468, u64 = 6820701637800033660}}, {events = 2147467812, data = {ptr = 0x7fffc2245ef80000, fd = 1593311232, u32 = 1593311232, u64 = 9223304023345987584}}, {events = 3812622336, data = {ptr = 0x7e700007fffc223, fd = 2147467811, u32 = 2147467811, u64 = 569423880033124899}}, {events = 2147417468, data = {ptr = 0x7ffefd7c07ea0000, fd = 132775936, u32 = 132775936, u64 = 9223087796051902464}}, {events = 1590689792, data = {ptr = 0x5f2000007fffc224, fd = 2147467812, u32 = 2147467812, u64 = 6854478635005362724}}, {events = 2147467812, data = {ptr = 0x7fffc223e3400000, fd = -482344960, u32 = 3812622336, u64 = 9223304021270331392}}, {events = 133038080, data = {ptr = 0x7f900007ffefd7c, fd = 2147417468, u32 = 2147417468, u64 = 574490429613866364}}, {events = 2147417468, data = {ptr = 0x7fffc2245ef80000, fd = 1593311232, u32 = 1593311232, u64 = 9223304023345987584}}, {events = 0, data = {ptr = 0xe341000000000000, fd = 0, u32 = 0, u64 = 16375369720095834112}}, {events = 2147467811, data = {ptr = 0x7ffefd7c08030000, fd = 134414336, u32 = 134414336, u64 = 9223087796053540864}}, {events = 0, data = {ptr = 0x5d60000000000000, fd = 0, u32 = 0, u64 = 6728377843291521024}}, {events = 2147467812, data = {ptr = 0x0, fd = 0, u32 = 0, u64 = 0}}, {events = 1581252608, data = {ptr = 0x605000007fffc224, fd = 2147467812, u32 = 2147467812, u64 = 6940047027925402148}}, {events = 2147467812, data = {ptr = 0x7fffc2245f880000, fd = 1602748416, u32 = 1602748416, u64 = 9223304023355424768}}, {events = 3812622336, data = {ptr = 0x80b00007fffc223, fd = 2147467811, u32 = 2147467811, u64 = 579556979194708515}}, {events = 2147417468, data = {ptr = 0x7ffefd7c08110000, fd = 135331840, u32 = 135331840, u64 = 9223087796054458368}}, {events = 1613234176, data = {ptr = 0x5fb000007fffc224, fd = 2147467812, u32 = 2147467812, u64 = 6895011031651697188}}, {events = 2147467812, data = {ptr = 0x7fffc223e3400000, fd = -482344960, u32 = 3812622336, u64 = 9223304021270331392}}, {events = 136183808, data = {ptr = 0x82100007ffefd7c, fd = 2147417468, u32 = 2147417468, u64 = 585749428682292604}}, {events = 2147417468, data = {ptr = 0x7fffc2245f880000, fd = 1602748416, u32 = 1602748416, u64 = 9223304023355424768}}, {events = 1607991296, data = {ptr = 0xe34000007fffc224, fd = 2147467812, u32 = 2147467812, u64 = 16375088247266591268}}, {events = 2147467811, data = {ptr = 0x7ffefd7c08250000, fd = 136642560, u32 = 136642560, u64 = 9223087796055769088}}, {events = 136839168, data = {ptr = 0x5fb000007ffefd7c, fd = 2147417468, u32 = 2147417468, u64 = 6895011031651646844}}, {events = 2147467812, data = {ptr = 0x7fffc22460000000, fd = 1610612736, u32 = 1610612736, u64 = 9223304023363289088}}, {events = 3812622336, data = {ptr = 0x82c00007fffc223, fd = 2147467811, u32 = 2147467811, u64 = 588845653426160163}}, {events = 2147417468, data = {ptr = 0x7ffefd7c082f0000, fd = 137297920, u32 = 137297920, u64 = 9223087796056424448}}, {events = 1607991296, data = {ptr = 0x602800007fffc224, fd = 2147467812, u32 = 2147467812, u64 = 6928788028856975908}}, {events = 2147467812, data = {ptr = 0x7fffc223e3400000, fd = -482344960, u32 = 3812622336, u64 = 9223304021270331392}}, {events = 137560064, data = {ptr = 0x83e00007ffefd7c, fd = 2147417468, u32 = 2147417468, u64 = 593912203006901628}}, {events = 2147417468, data = {ptr = 0x7fffc22460000000, fd = 1610612736, u32 = 1610612736, u64 = 9223304023363289088}}, {events = 0, data = {ptr = 0xe341000000000000, fd = 0, u32 = 0, u64 = 16375369720095834112}}, {events = 2147467811, data = {ptr = 0x7ffefd7c08480000, fd = 138936320, u32 = 138936320, u64 = 9223087796058062848}}, {events = 0, data = {ptr = 0x5d60000000000000, fd = 0, u32 = 0, u64 = 6728377843291521024}}, {events = 2147467812, data = {ptr = 0x0, fd = 0, u32 = 0, u64 = 0}}, {events = 1598554112, data = {ptr = 0x7fffc224, fd = 2147467812, u32 = 2147467812, u64 = 2147467812}}, {events = 0, data = {ptr = 0x7fffc22460900000, fd = 1620049920, u32 = 1620049920, u64 = 9223304023372726272}}, {events = 3812622336, data = {ptr = 0x85000007fffc223, fd = 2147467811, u32 = 2147467811, u64 = 598978752587743779}}, {events = 2147417468, data = {ptr = 0x7ffefd7c08560000, fd = 139853824, u32 = 139853824, u64 = 9223087796058980352}}, {events = 1630535680, data = {ptr = 0x60b800007fffc224, fd = 2147467812, u32 = 2147467812, u64 = 6969320425503310372}}, {events = 2147467812, data = {ptr = 0x7fffc223e3400000, fd = -482344960, u32 = 3812622336, u64 = 9223304021270331392}}, {events = 140902400, data = {ptr = 0x86900007ffefd7c, fd = 2147417468, u32 = 2147417468, u64 = 606015627005459836}}, {events = 2147417468, data = {ptr = 0x7fffc22460900000, fd = 1620049920, u32 = 1620049920, u64 = 9223304023372726272}}, {events = 1625292800, data = {ptr = 0xe34000007fffc224, fd = 2147467812, u32 = 2147467812, u64 = 16375088247266591268}}, {events = 2147467811, data = {ptr = 0x7ffefd7c086c0000, fd = 141295616, u32 = 141295616, u64 = 9223087796060422144}}, {events = 141492224, data = {ptr = 0x60b800007ffefd7c, fd = 2147417468, u32 = 2147417468, u64 = 6969320425503260028}}, {events = 2147467812, data = {ptr = 0x7fffc22461080000, fd = 1627914240, u32 = 1627914240, u64 = 9223304023380590592}}, {events = 3812622336, data = {ptr = 0x87200007fffc223, fd = 2147467811, u32 = 2147467811, u64 = 608548901795906083}}, {events = 2147417468, data = {ptr = 0x7ffefd7c08750000, fd = 141885440, u32 = 141885440, u64 = 9223087796061011968}}, {events = 11, data = {ptr = 0xa17fffc224, fd = 2147467812, u32 = 2147467812, u64 = 693637202468}}, {events = 0, data = {ptr = 0x7fffc223e3400000, fd = -482344960, u32 = 3812622336, u64 = 9223304021270331392}}, {events = 142147584, data = {ptr = 0x88400007ffefd7c, fd = 2147417468, u32 = 2147417468, u64 = 613615451376647548}}, {events = 2147417468, data = {ptr = 0x7fffc22461080000, fd = 1627914240, u32 = 1627914240, u64 = 9223304023380590592}}, {events = 0, data = {ptr = 0xe341000000000000, fd = 0, u32 = 0, u64 = 16375369720095834112}}, {events = 2147467811, data = {ptr = 0x7ffefd7c08970000, fd = 144113664, u32 = 144113664, u64 = 9223087796063240192}}, {events = 4155593817, data = {ptr = 0x7fff, fd = 32767, u32 = 32767, u64 = 32767}}, {events = 0, data = {ptr = 0x5828f4 <boost::asio::detail::reactive_socket_recv_op_base<boost::asio::mutable_buffers_1>::do_perform(boost::asio::detail::reactor_op*)+228>, fd = 5777652, u32 = 5777652, u64 = 5777652}}, {events = 1566572544, data = {ptr = 0x1ffc224, fd = 33538596, u32 = 33538596, u64 = 33538596}}, {events = 13, data = {ptr = 0x7fffc22362b6, fd = -1037868362, u32 = 3257098934, u64 = 140736450486966}}, {events = 2, data = {ptr = 0x200000000, fd = 0, u32 = 0, u64 = 8589934592}}, {events = 0, data = {ptr = 0x5f77f427, fd = 1601696807, u32 = 1601696807, u64 = 1601696807}}, {events = 0, data = {ptr = 0x0, fd = 0, u32 = 0, u64 = 0}}, {events = 0, data = {ptr = 0x7fffffffdb80, fd = -9344, u32 = 4294957952, u64 = 140737488345984}}, {events = 1, data = {ptr = 0x0, fd = 0, u32 = 0, u64 = 0}}, {events = 0, data = {ptr = 0x0, fd = 0, u32 = 0, u64 = 0}}, {events = 0, data = {ptr = 0xc223629000000000, fd = 0, u32 = 0, u64 = 13989133238157705216}}, {events = 32767, data = {ptr = 0x7fffebf2bf10, fd = -336412912, u32 = 3958554384, u64 = 140737151942416}}, {events = 9711712, data = {ptr = 0xc224639800000000, fd = 0, u32 = 0, u64 = 13989415847005782016}}, {events = 32767, data = {ptr = 0x901c08, fd = 9444360, u32 = 9444360, u64 = 9444360}}, {events = 13, data = {ptr = 0x5200000000, fd = 0, u32 = 0, u64 = 352187318272}}, {events = 0, data = {ptr = 0x901570, fd = 9442672, u32 = 9442672, u64 = 9442672}}, {events = 6449413, data = {ptr = 0x0, fd = 0, u32 = 0, u64 = 0}}, {events = 0, data = {ptr = 0x7fff0000000d, fd = 13, u32 = 13, u64 = 140733193388045}}, {events = 0, data = {ptr = 0x56f20000000000, fd = 0, u32 = 0, u64 = 24472929811038208}}, {events = 0, data = {ptr = 0x7fffc22461580000, fd = 1633157120, u32 = 1633157120, u64 = 9223304023385833472}}, {events = 0, data = {ptr = 0xffffdc7000000000, fd = 0, u32 = 0, u64 = 18446704972327288832}}, {events = 32767, data = {ptr = 0x943060, fd = 9711712, u32 = 9711712, u64 = 9711712}}, {events = 9711712, data = {ptr = 0xac9269a000000000, fd = 0, u32 = 0, u64 = 12435117657039044608}}, {events = 32767, data = {ptr = 0x7fffc2246398, fd = -1037802600, u32 = 3257164696, u64 = 140736450552728}}, {events = 3257098934, data = {ptr = 0x200007fff, fd = 32767, u32 = 32767, u64 = 8589967359}}, {events = 0, data = {ptr = 0x7fff00000001, fd = 1, u32 = 1, u64 = 140733193388033}}, {events = 0, data = {ptr = 0x56f20000000000, fd = 0, u32 = 0, u64 = 24472929811038208}}, {events = 0, data = {ptr = 0x0, fd = 0, u32 = 0, u64 = 0}}, {events = 0, data = {ptr = 0x0, fd = 0, u32 = 0, u64 = 0}}, {events = 0, data = {ptr = 0x7fffc22462b8, fd = -1037802824, u32 = 3257164472, u64 = 140736450552504}}, {events = 5809952, data = {ptr = 0xc22362a000000000, fd = 0, u32 = 0, u64 = 13989133306877181952}}, {events = 32767, data = {ptr = 0x7fffc2246338, fd = -1037802696, u32 = 3257164600, u64 = 140736450552632}}, {events = 3257098896, data = {ptr = 0x46e96000007fff, fd = 32767, u32 = 32767, u64 = 19959846895910911}}, {events = 0, data = {ptr = 0x7fffffffdd20, fd = -8928, u32 = 4294958368, u64 = 140737488346400}}, {events = 0, data = {ptr = 0x56e94e00000000, fd = 0, u32 = 0, u64 = 24463369213837312}}, {events = 0, data = {ptr = 0x900090, fd = 9437328, u32 = 9437328, u64 = 9437328}}, {events = 0, data = {ptr = 0xc22362b600000000, fd = 0, u32 = 0, u64 = 13989133401366462464}}, {events = 32767, data = {ptr = 0x2, fd = 2, u32 = 2, u64 = 2}}, {events = 5698048, data = {ptr = 0x0, fd = 0, u32 = 0, u64 = 0}}, {events = 0, data = {ptr = 0x0, fd = 0, u32 = 0, u64 = 0}}, {events = 0, data = {ptr = 0x0, fd = 0, u32 = 0, u64 = 0}}, {events = 0, data = {ptr = 0x7fffffffde30, fd = -8656, u32 = 4294958640, u64 = 140737488346672}}, {events = 9437328, data = {ptr = 0xc00000000, fd = 0, u32 = 0, u64 = 51539607552}}, {events = 0, data = {ptr = 0x0, fd = 0, u32 = 0, u64 = 0}}, {events = 9437376, data = {ptr = 0xffffde3000000000, fd = 0, u32 = 0, u64 = 18446706896472637440}}, {events = 32767, data = {ptr = 0x585e35 <boost::asio::detail::reactive_socket_recv_op<boost::asio::mutable_buffers_1, boost::asio::detail::read_op<boost::asio::basic_stream_socket<boost::asio::ip::tcp, boost::asio::stream_socket_service<boost::asio::ip::tcp> >, boost::asio::mutable_buffers_1, boost::asio::detail::transfer_all_t, std::_Bind<std::_Mem_fn<void (Connection::*)(boost::system::error_code const&)> (std::shared_ptr<Connection>, std::_Placeholder<1>)> > >::do_complete(boost::asio::detail::task_io_service*, boost::asio::detail::task_io_service_operation*, boost::system::error_code const&, unsigned long)+373>, fd = 5791285, u32 = 5791285, u64 = 5791285}}, {events = 4294958640, data = {ptr = 0x58574500007fff, fd = 32767, u32 = 32767, u64 = 24865751814930431}}, {events = 0, data = {ptr = 0x13, fd = 19, u32 = 19, u64 = 19}}, {events = 4155593817, data = {ptr = 0xffffde3000007fff, fd = 32767, u32 = 32767, u64 = 18446706896472670207}}, {events = 32767, data = {ptr = 0x0, fd = 0, u32 = 0, u64 = 0}}, {events = 0, data = {ptr = 0x0, fd = 0, u32 = 0, u64 = 0}}, {events = 13, data = {ptr = 0x7fffc2246398, fd = -1037802600, u32 = 3257164696, u64 = 140736450552728}}, {events = 3257098934, data = {ptr = 0x200007fff, fd = 32767, u32 = 32767, u64 = 8589967359}}, {events = 0, data = {ptr = 0x0, fd = 0, u32 = 0, u64 = 0}}, {events = 2, data = {ptr = 0x56f20000000000, fd = 0, u32 = 0, u64 = 24472929811038208}}, {events = 0, data = {ptr = 0x0, fd = 0, u32 = 0, u64 = 0}}, {events = 3257098912, data = {ptr = 0xc223629000007fff, fd = 32767, u32 = 32767, u64 = 13989133238157737983}}, {events = 32767, data = {ptr = 0x0, fd = 0, u32 = 0, u64 = 0}}, {events = 4145959136, data = {ptr = 0x58a73100007fff, fd = 32767, u32 = 32767, u64 = 24953626845806591}}, {events = 0, data = {ptr = 0x7fffebf2bf60, fd = -336412832, u32 = 3958554464, u64 = 140737151942496}}, {events = 0, data = {ptr = 0xc224639800000000, fd = 0, u32 = 0, u64 = 13989415847005782016}}, {events = 32767, data = {ptr = 0x7fffffffde80, fd = -8576, u32 = 4294958720, u64 = 140737488346752}}, {events = 9437328, data = {ptr = 0x58646e00000000, fd = 0, u32 = 0, u64 = 24880221559717888}}, {events = 0, data = {ptr = 0x7fffc22362a0, fd = -1037868384, u32 = 3257098912, u64 = 140736450486944}}, {events = 3257098896, data = {ptr = 0xffffde8000007fff, fd = 32767, u32 = 32767, u64 = 18446707240070053887}}, {events = 32767, data = {ptr = 0x0, fd = 0, u32 = 0, u64 = 0}}, {events = 0, data = {ptr = 0x0, fd = 0, u32 = 0, u64 = 0}}, {events = 0, data = {ptr = 0x58a720 <Connection::handleTimeout(std::weak_ptr<Connection>, boost::system::error_code const&)>, fd = 5809952, u32 = 5809952, u64 = 5809952}}, {events = 3257098912, data = {ptr = 0xc223629000007fff, fd = 32767, u32 = 32767, u64 = 13989133238157737983}}, {events = 32767, data = {ptr = 0x7d, fd = 125, u32 = 125, u64 = 125}}}
2020-10-02 23:46:49 -          num_events = <optimized out>
2020-10-02 23:46:49 -          check_timers = <optimized out>
2020-10-02 23:46:49 -  #2  0x000000000055dcd3 in do_run_one (ec=..., this_thread=..., lock=<synthetic pointer>, this=0x900090) at /usr/include/boost/asio/detail/impl/task_io_service.ipp:356
2020-10-02 23:46:49 -          more_handlers = <optimized out>
2020-10-02 23:46:49 -  #3  run (ec=..., this=0x900090) at /usr/include/boost/asio/detail/impl/task_io_service.ipp:149
2020-10-02 23:46:49 -          this_thread = {private_op_queue = {front_ = 0x0, back_ = 0x0}, private_outstanding_work = 0}
2020-10-02 23:46:49 -          ctx = {key_ = 0x900090, value_ = 0x7fffffffdf40, next_ = 0x0}
2020-10-02 23:46:49 -          lock = {mutex_ = @0x9000c0, locked_ = <optimized out>}
2020-10-02 23:46:49 -          n = 50525
2020-10-02 23:46:49 -  #4  _ZN5boost4asio10io_service3runEv.isra.226 () at /usr/include/boost/asio/impl/io_service.ipp:59
2020-10-02 23:46:49 -          ec = {m_val = 0, m_cat = 0x7ffff71e50e0}
2020-10-02 23:46:49 -  #5  ServiceManager::run() (this=this@entry=0x7fffffffdff0) at /home/otg/src/server.cpp:47
2020-10-02 23:46:49 -  No locals.
2020-10-02 23:46:49 -  #6  0x0000000000474c46 in main (argc=1, argv=0x7fffffffe1b8) at /home/otg/src/otserv.cpp:96
2020-10-02 23:46:49 -          serviceManager = {acceptors = {_M_h = {_M_buckets = 0x7fffd53da600, _M_bucket_count = 5, _M_before_begin = {_M_nxt = 0x7fffd53da5d0}, _M_element_count = 2, _M_rehash_policy = {_M_max_load_factor = 1, _M_next_resize = 5}, _M_single_bucket = 0x0}}, io_service = {service_registry_ = 0x900040, impl_ = @0x900090}, signals = {set = {<No data fields>}}, death_timer = {<No data fields>}, running = true}
2020-10-02 23:46:49 -  Saving server...
2020-10-02 23:46:50 -  > Saved house items in: 0.612 s
2020-10-02 23:46:50 -  A debugging session is active.
2020-10-02 23:46:50 -  
2020-10-02 23:46:50 -  	Inferior 1 [process 22416] will be killed.
2020-10-02 23:46:50 -  
2020-10-02 23:46:50 -  Quit anyway? (y or n) [answered Y; input not from terminal]
