2020-10-19 18:45:35 -  [Thread debugging using libthread_db enabled]
2020-10-19 18:45:35 -  Using host libthread_db library "/lib/x86_64-linux-gnu/libthread_db.so.1".
2020-10-19 18:45:35 -  [New Thread 0x7ffff3dbb700 (LWP 26535)]
2020-10-19 18:45:35 -  [New Thread 0x7ffff35ba700 (LWP 26536)]
2020-10-19 18:45:35 -  The OTG-Premium-Version - Version: (1.3)
2020-10-19 18:45:35 -  Compiled with: GNU C++ version 5.4.0 20160609
2020-10-19 18:45:35 -  Compiled on Sep 17 2020 19:49:36 for platform x64
2020-10-19 18:45:35 -  
2020-10-19 18:45:35 -  Special Credits for: OTG Team, Johncore, Vankk, Erick Nunes, Leonardo Pereira, Leandro Baldissera, Talis, Marcomoa, Marson Schneider, Douglas, Mark Samman, OTXServer (Mattyx Gomez) and The Forgotten Server Developers.
2020-10-19 18:45:35 -  Link of repository: https://github.com/Johncorex/OTG-Premium-Version
2020-10-19 18:45:35 -  
2020-10-19 18:45:35 -  >> Loading config: config.lua
2020-10-19 18:45:35 -  >> Establishing database connection... MySQL 5.7.31
2020-10-19 18:45:35 -  >> Running database manager
2020-10-19 18:45:35 -  [New Thread 0x7ffff2ba7700 (LWP 26537)]
2020-10-19 18:45:36 -  > No tables were optimized.
2020-10-19 18:45:36 -  >> Loading vocations
2020-10-19 18:45:36 -  >> Loading items
2020-10-19 18:45:36 -  >> Loading script systems
2020-10-19 18:45:36 -  >> Loading lua libs
2020-10-19 18:45:36 -  [Warning - Event::checkScript] Can not load script: scripts/expboostaction.lua
2020-10-19 18:45:36 -  cannot open data/actions/scripts/expboostaction.lua: No such file or directory
2020-10-19 18:45:37 -  >> Loading lua scripts
2020-10-19 18:45:37 -  >> Loading monsters
2020-10-19 18:45:37 -  >> Loading lua monsters
2020-10-19 18:45:37 -  >> Loading outfits
2020-10-19 18:45:37 -  >> Loading prey data
2020-10-19 18:45:37 -  >> Checking world type... PVP
2020-10-19 18:45:37 -  >> Loading map
2020-10-19 18:45:39 -  > Map size: 34143x33812.
2020-10-19 18:45:45 -  > Map loading time: 7.165 seconds.
2020-10-19 18:46:27 -  > Loaded house items in: 0.018 s
2020-10-19 18:46:27 -  >> Initializing gamestate
2020-10-19 18:46:30 -  >> Loaded 43 npcs and spawned 72708 monsters.
2020-10-19 18:46:30 -  >> Loaded 27 towns with 1074 houses in total.
2020-10-19 18:46:30 -  [Castle War]
2020-10-19 18:46:30 -  [POWERGAMERS]
2020-10-19 18:46:30 -  [SISTEMA DE LOTERIA] OPERANTE
2020-10-19 18:46:30 -  Advanced NPC spawn system | All NPCs will be loaded trough lib.
2020-10-19 18:46:30 -  [REGEN BOOST] CARREGADO
2020-10-19 18:46:30 -  [SPOOF COUNTER]
2020-10-19 18:46:30 -  [STAMINA]
2020-10-19 18:46:30 -  warvariables
2020-10-19 18:46:30 -  Agenda:	0
2020-10-19 18:46:30 -  eu sou o checkWarmode... 18:46
2020-10-19 18:46:30 -  18	46	14
2020-10-19 18:46:30 -  >> Loaded all modules, server starting up...
2020-10-19 18:46:30 -  > Warning: OTG-Premium-Version has been executed as root user, please consider running it as a normal user.
2020-10-19 18:46:30 -  >> Honera Global Server Online!
2020-10-19 18:46:30 -  
2020-10-19 19:07:43 -  SABADOU!! NPC HONERA CRIADO
2020-10-19 19:07:43 -  eu sou o checkWarmode... 19:00
2020-10-19 19:07:43 -  Dev Marson has logged in.
2020-10-19 19:08:16 -  
2020-10-19 19:08:16 -  Thread 1 "tfs" received signal SIGINT, Interrupt.
2020-10-19 19:08:16 -  0x00007ffff7b14ad3 in epoll_wait () at ../sysdeps/unix/syscall-template.S:84
2020-10-19 19:08:16 -  84	../sysdeps/unix/syscall-template.S: No such file or directory.
2020-10-19 19:08:16 -  
2020-10-19 19:08:16 -  Thread 4 (Thread 0x7ffff2ba7700 (LWP 26537)):
2020-10-19 19:08:16 -  #0  pthread_cond_wait@@GLIBC_2.3.2 () at ../sysdeps/unix/sysv/linux/x86_64/pthread_cond_wait.S:185
2020-10-19 19:08:16 -  No locals.
2020-10-19 19:08:16 -  #1  0x00007ffff5e7491c in std::condition_variable::wait(std::unique_lock<std::mutex>&) () from /usr/lib/x86_64-linux-gnu/libstdc++.so.6
2020-10-19 19:08:17 -  No symbol table info available.
2020-10-19 19:08:17 -  #2  0x00000000006228bf in DatabaseTasks::threadMain() (this=0x8e39a0 <g_databaseTasks>) at /home/otg/src/databasetasks.cpp:42
2020-10-19 19:08:17 -          taskLockUnique = {_M_device = 0x8e3a08 <g_databaseTasks+104>, _M_owns = true}
2020-10-19 19:08:17 -  #3  0x00007ffff5e79c80 in ?? () from /usr/lib/x86_64-linux-gnu/libstdc++.so.6
2020-10-19 19:08:17 -  No symbol table info available.
2020-10-19 19:08:17 -  #4  0x00007ffff614a6ba in start_thread (arg=0x7ffff2ba7700) at pthread_create.c:333
2020-10-19 19:08:17 -          __res = <optimized out>
2020-10-19 19:08:17 -          pd = 0x7ffff2ba7700
2020-10-19 19:08:17 -          now = <optimized out>
2020-10-19 19:08:17 -          unwind_buf = {cancel_jmp_buf = {{jmp_buf = {140737265694464, 6269443229593586100, 0, 140737284647471, 140737265695168, 9334528, -6269454803984234060, -6269462240410383948}, mask_was_saved = 0}}, priv = {pad = {0x0, 0x0, 0x0, 0x0}, data = {prev = 0x0, cleanup = 0x0, canceltype = 0}}}
2020-10-19 19:08:17 -          not_first_call = <optimized out>
2020-10-19 19:08:17 -          pagesize_m1 = <optimized out>
2020-10-19 19:08:17 -          sp = <optimized out>
2020-10-19 19:08:17 -          freesize = <optimized out>
2020-10-19 19:08:17 -          __PRETTY_FUNCTION__ = "start_thread"
2020-10-19 19:08:17 -  #5  0x00007ffff7b144dd in clone () at ../sysdeps/unix/sysv/linux/x86_64/clone.S:109
2020-10-19 19:08:17 -  No locals.
2020-10-19 19:08:17 -  
2020-10-19 19:08:17 -  Thread 3 (Thread 0x7ffff35ba700 (LWP 26536)):
2020-10-19 19:08:17 -  #0  pthread_cond_timedwait@@GLIBC_2.3.2 () at ../sysdeps/unix/sysv/linux/x86_64/pthread_cond_timedwait.S:225
2020-10-19 19:08:17 -  No locals.
2020-10-19 19:08:17 -  #1  0x0000000000506210 in __gthread_cond_timedwait () at /usr/include/x86_64-linux-gnu/c++/5/bits/gthr-default.h:871
2020-10-19 19:08:17 -  No locals.
2020-10-19 19:08:17 -  #2  std::condition_variable::__wait_until_impl (__atime=..., __lock=..., this=0x8e6fa0 <g_scheduler+64>) at /usr/include/c++/5/condition_variable:165
2020-10-19 19:08:17 -          __ts = {tv_sec = 1603148896, tv_nsec = 639201486}
2020-10-19 19:08:17 -  #3  std::condition_variable::wait_until<std::chrono::duration<long, std::ratio<1l, 1000000000l> > > () at /usr/include/c++/5/condition_variable:105
2020-10-19 19:08:17 -          __lock = @0x7ffff35b9e90: {_M_device = 0x8e6f78 <g_scheduler+24>, _M_owns = true}
2020-10-19 19:08:17 -          this = 0x8e6fa0 <g_scheduler+64>
2020-10-19 19:08:17 -  #4  Scheduler::threadMain (this=0x8e6f60 <g_scheduler>) at /home/otg/src/scheduler.cpp:36
2020-10-19 19:08:17 -          ret = std::cv_status::no_timeout
2020-10-19 19:08:17 -          eventLockUnique = {_M_device = 0x8e6f78 <g_scheduler+24>, _M_owns = true}
2020-10-19 19:08:17 -  #5  0x00007ffff5e79c80 in ?? () from /usr/lib/x86_64-linux-gnu/libstdc++.so.6
2020-10-19 19:08:17 -  No symbol table info available.
2020-10-19 19:08:17 -  #6  0x00007ffff614a6ba in start_thread (arg=0x7ffff35ba700) at pthread_create.c:333
2020-10-19 19:08:17 -          __res = <optimized out>
2020-10-19 19:08:17 -          pd = 0x7ffff35ba700
2020-10-19 19:08:17 -          now = <optimized out>
2020-10-19 19:08:17 -          unwind_buf = {cancel_jmp_buf = {{jmp_buf = {140737276258048, 6269443229593586100, 0, 140737488346847, 140737276258752, 9437376, -6269450686721209932, -6269462240410383948}, mask_was_saved = 0}}, priv = {pad = {0x0, 0x0, 0x0, 0x0}, data = {prev = 0x0, cleanup = 0x0, canceltype = 0}}}
2020-10-19 19:08:17 -          not_first_call = <optimized out>
2020-10-19 19:08:17 -          pagesize_m1 = <optimized out>
2020-10-19 19:08:17 -          sp = <optimized out>
2020-10-19 19:08:17 -          freesize = <optimized out>
2020-10-19 19:08:17 -          __PRETTY_FUNCTION__ = "start_thread"
2020-10-19 19:08:17 -  #7  0x00007ffff7b144dd in clone () at ../sysdeps/unix/sysv/linux/x86_64/clone.S:109
2020-10-19 19:08:17 -  No locals.
2020-10-19 19:08:17 -  
2020-10-19 19:08:17 -  Thread 2 (Thread 0x7ffff3dbb700 (LWP 26535)):
2020-10-19 19:08:17 -  #0  pthread_cond_wait@@GLIBC_2.3.2 () at ../sysdeps/unix/sysv/linux/x86_64/pthread_cond_wait.S:185
2020-10-19 19:08:17 -  No locals.
2020-10-19 19:08:17 -  #1  0x00007ffff5e7491c in std::condition_variable::wait(std::unique_lock<std::mutex>&) () from /usr/lib/x86_64-linux-gnu/libstdc++.so.6
2020-10-19 19:08:17 -  No symbol table info available.
2020-10-19 19:08:17 -  #2  0x000000000055af7b in Dispatcher::threadMain() (this=0x8e6ec0 <g_dispatcher>) at /home/otg/src/tasks.cpp:50
2020-10-19 19:08:17 -          taskLockUnique = {_M_device = 0x8e6ed8 <g_dispatcher+24>, _M_owns = true}
2020-10-19 19:08:17 -  #3  0x00007ffff5e79c80 in ?? () from /usr/lib/x86_64-linux-gnu/libstdc++.so.6
2020-10-19 19:08:17 -  No symbol table info available.
2020-10-19 19:08:17 -  #4  0x00007ffff614a6ba in start_thread (arg=0x7ffff3dbb700) at pthread_create.c:333
2020-10-19 19:08:17 -          __res = <optimized out>
2020-10-19 19:08:17 -          pd = 0x7ffff3dbb700
2020-10-19 19:08:17 -          now = <optimized out>
2020-10-19 19:08:17 -          unwind_buf = {cancel_jmp_buf = {{jmp_buf = {140737284650752, 6269443229593586100, 0, 140737488346847, 140737284651456, 9437376, -6269451786769708620, -6269462240410383948}, mask_was_saved = 0}}, priv = {pad = {0x0, 0x0, 0x0, 0x0}, data = {prev = 0x0, cleanup = 0x0, canceltype = 0}}}
2020-10-19 19:08:17 -          not_first_call = <optimized out>
2020-10-19 19:08:17 -          pagesize_m1 = <optimized out>
2020-10-19 19:08:17 -          sp = <optimized out>
2020-10-19 19:08:17 -          freesize = <optimized out>
2020-10-19 19:08:17 -          __PRETTY_FUNCTION__ = "start_thread"
2020-10-19 19:08:17 -  #5  0x00007ffff7b144dd in clone () at ../sysdeps/unix/sysv/linux/x86_64/clone.S:109
2020-10-19 19:08:17 -  No locals.
2020-10-19 19:08:17 -  
2020-10-19 19:08:17 -  Thread 1 (Thread 0x7ffff7fe6740 (LWP 26531)):
2020-10-19 19:08:17 -  #0  0x00007ffff7b14ad3 in epoll_wait () at ../sysdeps/unix/syscall-template.S:84
2020-10-19 19:08:17 -  No locals.
2020-10-19 19:08:17 -  #1  0x00000000005b70e7 in boost::asio::detail::epoll_reactor::run(bool, boost::asio::detail::op_queue<boost::asio::detail::task_io_service_operation>&) [clone .constprop.204] (this=0x901570, block=<optimized out>, ops=...) at /usr/include/boost/asio/detail/impl/epoll_reactor.ipp:392
2020-10-19 19:08:17 -          timeout = <optimized out>
2020-10-19 19:08:17 -          events = {{events = 3551920128, data = {ptr = 0x13f800007ffefd7c, fd = 2147417468, u32 = 2147417468, u64 = 1438900083092290940}}, {events = 2147470470, data = {ptr = 0x0, fd = 0, u32 = 0, u64 = 0}}, {events = 2562785280, data = {ptr = 0xd3c900007fffcc85, fd = 2147470469, u32 = 2147470469, u64 = 15260728814469106821}}, {events = 2147417468, data = {ptr = 0x0, fd = 0, u32 = 0, u64 = 0}}, {events = 2267545600, data = {ptr = 0x152800007fffe929, fd = 2147477801, u32 = 2147477801, u64 = 1524468476012390697}}, {events = 2147470470, data = {ptr = 0x7fffcc8611580000, fd = 290979840, u32 = 290979840, u64 = 9223315438066728960}}, {events = 389545984, data = {ptr = 0x148800007fffcc86, fd = 2147470470, u32 = 2147470470, u64 = 1479432479738678406}}, {events = 2147470470, data = {ptr = 0x7fffcc8598c00000, fd = -1732247552, u32 = 2562719744, u64 = 9223315436043501568}}, {events = 3553558528, data = {ptr = 0xd3d800007ffefd7c, fd = 2147417468, u32 = 2147417468, u64 = 15264950939119713660}}, {events = 2147417468, data = {ptr = 0x7fffcc8615000000, fd = 352321536, u32 = 352321536, u64 = 9223315438128070656}}, {events = 347078656, data = {ptr = 0x98c000007fffcc86, fd = 2147470470, u32 = 2147470470, u64 = 11006797491440962694}}, {events = 2147470469, data = {ptr = 0x7ffefd7cd3df0000, fd = -740360192, u32 = 3554607104, u64 = 9223087799473733632}}, {events = 3555196928, data = {ptr = 0x148800007ffefd7c, fd = 2147417468, u32 = 2147417468, u64 = 1479432479738625404}}, {events = 2147470470, data = {ptr = 0x7fffcc8614d80000, fd = 349700096, u32 = 349700096, u64 = 9223315438125449216}}, {events = 2562719744, data = {ptr = 0xd3ef00007fffcc85, fd = 2147470469, u32 = 2147470469, u64 = 15271424863584111749}}, {events = 2147417468, data = {ptr = 0x7ffefd7cd3f80000, fd = -738721792, u32 = 3556245504, u64 = 9223087799475372032}}, {events = 347078656, data = {ptr = 0x150000007fffcc86, fd = 2147470470, u32 = 2147470470, u64 = 1513209476943957126}}, {events = 2147470470, data = {ptr = 0x7fffcc8598c00000, fd = -1732247552, u32 = 2562719744, u64 = 9223315436043501568}}, {events = 3556507648, data = {ptr = 0xd40400007ffefd7c, fd = 2147417468, u32 = 2147417468, u64 = 15277335838094982524}}, {events = 2147417468, data = {ptr = 0x7fffcc8614d80000, fd = 349700096, u32 = 349700096, u64 = 9223315438125449216}}, {events = 0, data = {ptr = 0x98c1000000000000, fd = 0, u32 = 0, u64 = 11007078964270202880}}, {events = 2147470469, data = {ptr = 0x7ffefd7cd40b0000, fd = -737476608, u32 = 3557490688, u64 = 9223087799476617216}}, {events = 0, data = {ptr = 0x1448000000000000, fd = 0, u32 = 0, u64 = 1461418079081725952}}, {events = 2147470470, data = {ptr = 0x0, fd = 0, u32 = 0, u64 = 0}}, {events = 372244480, data = {ptr = 0x163000007fffcc86, fd = 2147470470, u32 = 2147470470, u64 = 1598777869863996550}}, {events = 2147470470, data = {ptr = 0x7fffcc8615680000, fd = 359137280, u32 = 359137280, u64 = 9223315438134886400}}, {events = 2562719744, data = {ptr = 0xd41300007fffcc85, fd = 2147470469, u32 = 2147470469, u64 = 15281557962745695365}}, {events = 2147417468, data = {ptr = 0x7ffefd7cd4190000, fd = -736559104, u32 = 3558408192, u64 = 9223087799477534720}}, {events = 369623040, data = {ptr = 0x159000007fffcc86, fd = 2147470470, u32 = 2147470470, u64 = 1553741873590291590}}, {events = 2147470470, data = {ptr = 0x7fffcc8598c00000, fd = -1732247552, u32 = 2562719744, u64 = 9223315436043501568}}, {events = 3559063552, data = {ptr = 0xd42600007ffefd7c, fd = 2147417468, u32 = 2147417468, u64 = 15286905987303144828}}, {events = 2147417468, data = {ptr = 0x7fffcc8615680000, fd = 359137280, u32 = 359137280, u64 = 9223315438134886400}}, {events = 364380160, data = {ptr = 0x98c000007fffcc86, fd = 2147470470, u32 = 2147470470, u64 = 11006797491440962694}}, {events = 2147470469, data = {ptr = 0x7ffefd7cd42a0000, fd = -735444992, u32 = 3559522304, u64 = 9223087799478648832}}, {events = 3559718912, data = {ptr = 0x159000007ffefd7c, fd = 2147417468, u32 = 2147417468, u64 = 1553741873590238588}}, {events = 2147470470, data = {ptr = 0x7fffcc8615e00000, fd = 367001600, u32 = 367001600, u64 = 9223315438142750720}}, {events = 2562719744, data = {ptr = 0xd43100007fffcc85, fd = 2147470469, u32 = 2147470469, u64 = 15290002212047015045}}, {events = 2147417468, data = {ptr = 0x7ffefd7cd4340000, fd = -734789632, u32 = 3560177664, u64 = 9223087799479304192}}, {events = 364380160, data = {ptr = 0x160800007fffcc86, fd = 2147470470, u32 = 2147470470, u64 = 1587518870795570310}}, {events = 2147470470, data = {ptr = 0x7fffcc8598c00000, fd = -1732247552, u32 = 2562719744, u64 = 9223315436043501568}}, {events = 3560439808, data = {ptr = 0xd44300007ffefd7c, fd = 2147417468, u32 = 2147417468, u64 = 15295068761627753852}}, {events = 2147417468, data = {ptr = 0x7fffcc8615e00000, fd = 367001600, u32 = 367001600, u64 = 9223315438142750720}}, {events = 0, data = {ptr = 0x98c1000000000000, fd = 0, u32 = 0, u64 = 11007078964270202880}}, {events = 2147470469, data = {ptr = 0x7ffefd7cd44d0000, fd = -733151232, u32 = 3561816064, u64 = 9223087799480942592}}, {events = 0, data = {ptr = 0x5f8e1c5d00000000, fd = 0, u32 = 0, u64 = 6885472066053603328}}, {events = 0, data = {ptr = 0x0, fd = 0, u32 = 0, u64 = 0}}, {events = 4294957968, data = {ptr = 0x11e1a30000007fff, fd = 32767, u32 = 32767, u64 = 1288490188800032767}}, {events = 0, data = {ptr = 0x7fffffffdb90, fd = -9328, u32 = 4294957968, u64 = 140737488346000}}, {events = 300000000, data = {ptr = 0xffffdb4800000000, fd = 0, u32 = 0, u64 = 18446703701016969216}}, {events = 32767, data = {ptr = 0x9015a0, fd = 9442720, u32 = 9442720, u64 = 9442720}}, {events = 4155289179, data = {ptr = 0x1698000000007fff, fd = 32767, u32 = 32767, u64 = 1628051265294467071}}, {events = 0, data = {ptr = 0x0, fd = 0, u32 = 0, u64 = 0}}, {events = 11, data = {ptr = 0xa100000000, fd = 0, u32 = 0, u64 = 691489734656}}, {events = 0, data = {ptr = 0x901f70, fd = 9445232, u32 = 9445232, u64 = 9445232}}, {events = 9445248, data = {ptr = 0x9015a000000000, fd = 0, u32 = 0, u64 = 40556173585285120}}, {events = 0, data = {ptr = 0x628b45 <boost::date_time::microsec_clock<boost::posix_time::ptime>::create_time(tm* (*)(long const*, tm*)) [clone .constprop.1003]+53>, fd = 6458181, u32 = 6458181, u64 = 6458181}}, {events = 9329, data = {ptr = 0xffffdb8fffff8000, fd = -32768, u32 = 4294934528, u64 = 18446704010254581760}}, {events = 32767, data = {ptr = 0x2, fd = 2, u32 = 2, u64 = 2}}, {events = 4155593817, data = {ptr = 0x7fff, fd = 32767, u32 = 32767, u64 = 32767}}, {events = 0, data = {ptr = 0x5828f4 <boost::asio::detail::reactive_socket_recv_op_base<boost::asio::mutable_buffers_1>::do_perform(boost::asio::detail::reactor_op*)+228>, fd = 5777652, u32 = 5777652, u64 = 5777652}}, {events = 91, data = {ptr = 0x100006e, fd = 16777326, u32 = 16777326, u64 = 16777326}}, {events = 13, data = {ptr = 0x7fffcc851836, fd = -863692746, u32 = 3431274550, u64 = 140736624662582}}, {events = 2, data = {ptr = 0x200000000, fd = 0, u32 = 0, u64 = 8589934592}}, {events = 0, data = {ptr = 0x1300000017, fd = 23, u32 = 23, u64 = 81604378647}}, {events = 0, data = {ptr = 0x0, fd = 0, u32 = 0, u64 = 0}}, {events = 0, data = {ptr = 0x7fffffffdb80, fd = -9344, u32 = 4294957952, u64 = 140737488345984}}, {events = 1, data = {ptr = 0x0, fd = 0, u32 = 0, u64 = 0}}, {events = 0, data = {ptr = 0x0, fd = 0, u32 = 0, u64 = 0}}, {events = 0, data = {ptr = 0xcc85181000000000, fd = 0, u32 = 0, u64 = 14737211812638359552}}, {events = 32767, data = {ptr = 0x7fffbf76e830, fd = -1082726352, u32 = 3212240944, u64 = 140736405628976}}, {events = 9444976, data = {ptr = 0xcc86191800000000, fd = 0, u32 = 0, u64 = 14737494421486436352}}, {events = 32767, data = {ptr = 0x901c08, fd = 9444360, u32 = 9444360, u64 = 9444360}}, {events = 13, data = {ptr = 0x5200000000, fd = 0, u32 = 0, u64 = 352187318272}}, {events = 0, data = {ptr = 0x901570, fd = 9442672, u32 = 9442672, u64 = 9442672}}, {events = 6449413, data = {ptr = 0x0, fd = 0, u32 = 0, u64 = 0}}, {events = 0, data = {ptr = 0x7fff0000000d, fd = 13, u32 = 13, u64 = 140733193388045}}, {events = 0, data = {ptr = 0x56f20000000000, fd = 0, u32 = 0, u64 = 24472929811038208}}, {events = 0, data = {ptr = 0x0, fd = 0, u32 = 0, u64 = 0}}, {events = 0, data = {ptr = 0xffffdc7000000000, fd = 0, u32 = 0, u64 = 18446704972327288832}}, {events = 32767, data = {ptr = 0x901e70, fd = 9444976, u32 = 9444976, u64 = 9444976}}, {events = 9444976, data = {ptr = 0x901f8000000000, fd = 0, u32 = 0, u64 = 40567031262609408}}, {events = 0, data = {ptr = 0x7fffcc861918, fd = -863626984, u32 = 3431340312, u64 = 140736624728344}}, {events = 3431274550, data = {ptr = 0x200007fff, fd = 32767, u32 = 32767, u64 = 8589967359}}, {events = 0, data = {ptr = 0x7fff00000001, fd = 1, u32 = 1, u64 = 140733193388033}}, {events = 0, data = {ptr = 0x56f20000000000, fd = 0, u32 = 0, u64 = 24472929811038208}}, {events = 0, data = {ptr = 0x0, fd = 0, u32 = 0, u64 = 0}}, {events = 0, data = {ptr = 0x0, fd = 0, u32 = 0, u64 = 0}}, {events = 0, data = {ptr = 0x7fffcc861838, fd = -863627208, u32 = 3431340088, u64 = 140736624728120}}, {events = 5809952, data = {ptr = 0xcc85182000000000, fd = 0, u32 = 0, u64 = 14737211881357836288}}, {events = 32767, data = {ptr = 0x7fffcc8618b8, fd = -863627080, u32 = 3431340216, u64 = 140736624728248}}, {events = 3431274512, data = {ptr = 0x46e96000007fff, fd = 32767, u32 = 32767, u64 = 19959846895910911}}, {events = 0, data = {ptr = 0x7fffffffdd20, fd = -8928, u32 = 4294958368, u64 = 140737488346400}}, {events = 0, data = {ptr = 0x56e94e00000000, fd = 0, u32 = 0, u64 = 24463369213837312}}, {events = 0, data = {ptr = 0x900090, fd = 9437328, u32 = 9437328, u64 = 9437328}}, {events = 0, data = {ptr = 0xcc85183600000000, fd = 0, u32 = 0, u64 = 14737211975847116800}}, {events = 32767, data = {ptr = 0x2, fd = 2, u32 = 2, u64 = 2}}, {events = 5698048, data = {ptr = 0x0, fd = 0, u32 = 0, u64 = 0}}, {events = 0, data = {ptr = 0x0, fd = 0, u32 = 0, u64 = 0}}, {events = 0, data = {ptr = 0x0, fd = 0, u32 = 0, u64 = 0}}, {events = 0, data = {ptr = 0x7fffffffde30, fd = -8656, u32 = 4294958640, u64 = 140737488346672}}, {events = 9437328, data = {ptr = 0xc00000000, fd = 0, u32 = 0, u64 = 51539607552}}, {events = 0, data = {ptr = 0x0, fd = 0, u32 = 0, u64 = 0}}, {events = 9437376, data = {ptr = 0xffffde3000000000, fd = 0, u32 = 0, u64 = 18446706896472637440}}, {events = 32767, data = {ptr = 0x585e35 <boost::asio::detail::reactive_socket_recv_op<boost::asio::mutable_buffers_1, boost::asio::detail::read_op<boost::asio::basic_stream_socket<boost::asio::ip::tcp, boost::asio::stream_socket_service<boost::asio::ip::tcp> >, boost::asio::mutable_buffers_1, boost::asio::detail::transfer_all_t, std::_Bind<std::_Mem_fn<void (Connection::*)(boost::system::error_code const&)> (std::shared_ptr<Connection>, std::_Placeholder<1>)> > >::do_complete(boost::asio::detail::task_io_service*, boost::asio::detail::task_io_service_operation*, boost::system::error_code const&, unsigned long)+373>, fd = 5791285, u32 = 5791285, u64 = 5791285}}, {events = 4294958640, data = {ptr = 0x58574500007fff, fd = 32767, u32 = 32767, u64 = 24865751814930431}}, {events = 0, data = {ptr = 0xf, fd = 15, u32 = 15, u64 = 15}}, {events = 4155593817, data = {ptr = 0xffffde3000007fff, fd = 32767, u32 = 32767, u64 = 18446706896472670207}}, {events = 32767, data = {ptr = 0x0, fd = 0, u32 = 0, u64 = 0}}, {events = 0, data = {ptr = 0x0, fd = 0, u32 = 0, u64 = 0}}, {events = 13, data = {ptr = 0x7fffcc861918, fd = -863626984, u32 = 3431340312, u64 = 140736624728344}}, {events = 3431274550, data = {ptr = 0x200007fff, fd = 32767, u32 = 32767, u64 = 8589967359}}, {events = 0, data = {ptr = 0x0, fd = 0, u32 = 0, u64 = 0}}, {events = 2, data = {ptr = 0x56f20000000000, fd = 0, u32 = 0, u64 = 24472929811038208}}, {events = 0, data = {ptr = 0x0, fd = 0, u32 = 0, u64 = 0}}, {events = 3431274528, data = {ptr = 0xcc85181000007fff, fd = 32767, u32 = 32767, u64 = 14737211812638392319}}, {events = 32767, data = {ptr = 0x0, fd = 0, u32 = 0, u64 = 0}}, {events = 4145959136, data = {ptr = 0x58a73100007fff, fd = 32767, u32 = 32767, u64 = 24953626845806591}}, {events = 0, data = {ptr = 0x7fffbf76e880, fd = -1082726272, u32 = 3212241024, u64 = 140736405629056}}, {events = 0, data = {ptr = 0xcc86191800000000, fd = 0, u32 = 0, u64 = 14737494421486436352}}, {events = 32767, data = {ptr = 0x7fffffffde80, fd = -8576, u32 = 4294958720, u64 = 140737488346752}}, {events = 9437328, data = {ptr = 0x58646e00000000, fd = 0, u32 = 0, u64 = 24880221559717888}}, {events = 0, data = {ptr = 0x7fffcc851820, fd = -863692768, u32 = 3431274528, u64 = 140736624662560}}, {events = 3431274512, data = {ptr = 0xffffde8000007fff, fd = 32767, u32 = 32767, u64 = 18446707240070053887}}, {events = 32767, data = {ptr = 0x0, fd = 0, u32 = 0, u64 = 0}}, {events = 0, data = {ptr = 0x0, fd = 0, u32 = 0, u64 = 0}}, {events = 0, data = {ptr = 0x58a720 <Connection::handleTimeout(std::weak_ptr<Connection>, boost::system::error_code const&)>, fd = 5809952, u32 = 5809952, u64 = 5809952}}, {events = 3431274528, data = {ptr = 0xcc85181000007fff, fd = 32767, u32 = 32767, u64 = 14737211812638392319}}, {events = 32767, data = {ptr = 0x7d, fd = 125, u32 = 125, u64 = 125}}}
2020-10-19 19:08:17 -          num_events = <optimized out>
2020-10-19 19:08:17 -          check_timers = <optimized out>
2020-10-19 19:08:17 -  #2  0x000000000055dcd3 in do_run_one (ec=..., this_thread=..., lock=<synthetic pointer>, this=0x900090) at /usr/include/boost/asio/detail/impl/task_io_service.ipp:356
2020-10-19 19:08:17 -          more_handlers = <optimized out>
2020-10-19 19:08:17 -  #3  run (ec=..., this=0x900090) at /usr/include/boost/asio/detail/impl/task_io_service.ipp:149
2020-10-19 19:08:17 -          this_thread = {private_op_queue = {front_ = 0x0, back_ = 0x0}, private_outstanding_work = 0}
2020-10-19 19:08:17 -          ctx = {key_ = 0x900090, value_ = 0x7fffffffdf40, next_ = 0x0}
2020-10-19 19:08:17 -          lock = {mutex_ = @0x9000c0, locked_ = <optimized out>}
2020-10-19 19:08:17 -          n = 1687
2020-10-19 19:08:17 -  #4  _ZN5boost4asio10io_service3runEv.isra.226 () at /usr/include/boost/asio/impl/io_service.ipp:59
2020-10-19 19:08:17 -          ec = {m_val = 0, m_cat = 0x7ffff71e50e0}
2020-10-19 19:08:17 -  #5  ServiceManager::run() (this=this@entry=0x7fffffffdff0) at /home/otg/src/server.cpp:47
2020-10-19 19:08:17 -  No locals.
2020-10-19 19:08:17 -  #6  0x0000000000474c46 in main (argc=1, argv=0x7fffffffe1b8) at /home/otg/src/otserv.cpp:96
2020-10-19 19:08:17 -          serviceManager = {acceptors = {_M_h = {_M_buckets = 0x7fffbe5adbf0, _M_bucket_count = 5, _M_before_begin = {_M_nxt = 0x7fffbe5adbc0}, _M_element_count = 2, _M_rehash_policy = {_M_max_load_factor = 1, _M_next_resize = 5}, _M_single_bucket = 0x0}}, io_service = {service_registry_ = 0x900040, impl_ = @0x900090}, signals = {set = {<No data fields>}}, death_timer = {<No data fields>}, running = true}
2020-10-19 19:08:17 -  aqui eu checkei o choiceID para atualizar o warmode temp5
2020-10-19 19:08:17 -  debug mode: for i = 1, 3 pegar o id: 93, fazer um select no banco pra pegar o nome onde contem o id: Cassiano, converter para o 
2020-10-19 19:08:17 -  false	93
2020-10-19 19:08:17 -  debug mode: for i = 1, 3 pegar o id: 141, fazer um select no banco pra pegar o nome onde contem o id: Dev Marson, converter para o 
2020-10-19 19:08:17 -  false	141
2020-10-19 19:08:17 -  debug mode: for i = 1, 3 pegar o id: 231, fazer um select no banco pra pegar o nome onde contem o id: Demonzin, converter para o 
2020-10-19 19:08:17 -  false	231
2020-10-19 19:08:17 -  aqui eu checkei o choiceID para atualizar o warmode temp1
2020-10-19 19:08:17 -  debug mode: for i = 1, 3 pegar o id: 93, fazer um select no banco pra pegar o nome onde contem o id: Cassiano, converter para o 
2020-10-19 19:08:17 -  93	93
2020-10-19 19:08:17 -  debug mode: for i = 1, 3 pegar o id: 141, fazer um select no banco pra pegar o nome onde contem o id: Dev Marson, converter para o 
2020-10-19 19:08:17 -  false	141
2020-10-19 19:08:17 -  debug mode: for i = 1, 3 pegar o id: 231, fazer um select no banco pra pegar o nome onde contem o id: Demonzin, converter para o 
2020-10-19 19:08:17 -  false	231
2020-10-19 19:08:17 -  aqui eu checkei o choiceID para atualizar o warmode temp2
2020-10-19 19:08:17 -  debug mode: for i = 1, 3 pegar o id: 93, fazer um select no banco pra pegar o nome onde contem o id: Cassiano, converter para o 
2020-10-19 19:08:17 -  93	93
2020-10-19 19:08:17 -  debug mode: for i = 1, 3 pegar o id: 141, fazer um select no banco pra pegar o nome onde contem o id: Dev Marson, converter para o 
2020-10-19 19:08:17 -  141	141
2020-10-19 19:08:17 -  debug mode: for i = 1, 3 pegar o id: 231, fazer um select no banco pra pegar o nome onde contem o id: Demonzin, converter para o 
2020-10-19 19:08:17 -  false	231
2020-10-19 19:08:17 -  aqui eu checkei o choiceID para atualizar o warmode temp3
2020-10-19 19:08:17 -  debug mode: for i = 1, 3 pegar o id: 93, fazer um select no banco pra pegar o nome onde contem o id: Cassiano, converter para o 
2020-10-19 19:08:17 -  93	93
2020-10-19 19:08:17 -  debug mode: for i = 1, 3 pegar o id: 141, fazer um select no banco pra pegar o nome onde contem o id: Dev Marson, converter para o 
2020-10-19 19:08:17 -  141	141
2020-10-19 19:08:17 -  debug mode: for i = 1, 3 pegar o id: 231, fazer um select no banco pra pegar o nome onde contem o id: Demonzin, converter para o 
2020-10-19 19:08:17 -  231	231
2020-10-19 19:08:17 -  aqui eu checkei o choiceID para atualizar o warmode temp255
2020-10-19 19:08:17 -  Saving server...
2020-10-19 19:08:18 -  > Saved house items in: 0.548 s
2020-10-19 19:08:18 -  A debugging session is active.
2020-10-19 19:08:18 -  
2020-10-19 19:08:18 -  	Inferior 1 [process 26531] will be killed.
2020-10-19 19:08:18 -  
2020-10-19 19:08:18 -  Quit anyway? (y or n) [answered Y; input not from terminal]
