2020-10-13 05:06:02 -  [Thread debugging using libthread_db enabled]
2020-10-13 05:06:02 -  Using host libthread_db library "/lib/x86_64-linux-gnu/libthread_db.so.1".
2020-10-13 05:06:02 -  [New Thread 0x7ffff3dbb700 (LWP 3786)]
2020-10-13 05:06:02 -  [New Thread 0x7ffff35ba700 (LWP 3787)]
2020-10-13 05:06:02 -  The OTG-Premium-Version - Version: (1.3)
2020-10-13 05:06:02 -  Compiled with: GNU C++ version 5.4.0 20160609
2020-10-13 05:06:02 -  Compiled on Sep 17 2020 19:49:36 for platform x64
2020-10-13 05:06:02 -  
2020-10-13 05:06:02 -  Special Credits for: OTG Team, Johncore, Vankk, Erick Nunes, Leonardo Pereira, Leandro Baldissera, Talis, Marcomoa, Marson Schneider, Douglas, Mark Samman, OTXServer (Mattyx Gomez) and The Forgotten Server Developers.
2020-10-13 05:06:02 -  Link of repository: https://github.com/Johncorex/OTG-Premium-Version
2020-10-13 05:06:02 -  
2020-10-13 05:06:02 -  >> Loading config: config.lua
2020-10-13 05:06:02 -  >> Establishing database connection... MySQL 5.7.31
2020-10-13 05:06:02 -  >> Running database manager
2020-10-13 05:06:02 -  [New Thread 0x7ffff2ba7700 (LWP 3788)]
2020-10-13 05:06:03 -  > Optimizing table tile_store... [success]
2020-10-13 05:06:03 -  >> Loading vocations
2020-10-13 05:06:03 -  >> Loading items
2020-10-13 05:06:03 -  >> Loading script systems
2020-10-13 05:06:03 -  >> Loading lua libs
2020-10-13 05:06:03 -  [Warning - Event::checkScript] Can not load script: scripts/expboostaction.lua
2020-10-13 05:06:03 -  cannot open data/actions/scripts/expboostaction.lua: No such file or directory
2020-10-13 05:06:04 -  >> Loading lua scripts
2020-10-13 05:06:04 -  >> Loading monsters
2020-10-13 05:06:04 -  >> Loading lua monsters
2020-10-13 05:06:04 -  >> Loading outfits
2020-10-13 05:06:04 -  >> Loading prey data
2020-10-13 05:06:05 -  >> Checking world type... PVP
2020-10-13 05:06:05 -  >> Loading map
2020-10-13 05:06:06 -  > Map size: 34143x33812.
2020-10-13 05:06:12 -  > Map loading time: 7.418 seconds.
2020-10-13 05:06:59 -  > Loaded house items in: 0.061 s
2020-10-13 05:06:59 -  >> Initializing gamestate
2020-10-13 05:07:02 -  >> Loaded 43 npcs and spawned 72708 monsters.
2020-10-13 05:07:02 -  >> Loaded 27 towns with 1074 houses in total.
2020-10-13 05:07:02 -  [Castle War]
2020-10-13 05:07:02 -  [POWERGAMERS]
2020-10-13 05:07:02 -  [SISTEMA DE LOTERIA] OPERANTE
2020-10-13 05:07:02 -  Advanced NPC spawn system | All NPCs will be loaded trough lib.
2020-10-13 05:07:02 -  [REGEN BOOST] CARREGADO
2020-10-13 05:07:02 -  [SPOOF COUNTER]
2020-10-13 05:07:02 -  [STAMINA]
2020-10-13 05:07:02 -  >> Loaded all modules, server starting up...
2020-10-13 05:07:02 -  > Warning: OTG-Premium-Version has been executed as root user, please consider running it as a normal user.
2020-10-13 05:07:02 -  >> Honera Global Server Online!
2020-10-13 05:07:02 -  
2020-10-13 08:06:04 -  SABADOU!! NPC HONERA CRIADO
2020-10-13 08:06:04 -  
2020-10-13 08:06:04 -  Lua Script Error: [GlobalEvent Interface] 
2020-10-13 08:06:04 -  data/globalevents/scripts/bosses/Gnomevil.lua:onThink
2020-10-13 08:06:04 -  data/lib/rewardboss.lua:8: Rewards can only be enabled to rewards bosses.
2020-10-13 08:06:04 -  stack traceback:
2020-10-13 08:06:04 -  	[C]: at 0x00602980
2020-10-13 08:06:04 -  	[C]: in function 'error'
2020-10-13 08:06:04 -  	data/lib/rewardboss.lua:8: in function 'setReward'
2020-10-13 08:06:04 -  	data/globalevents/scripts/bosses/Gnomevil.lua:28: in function <data/globalevents/scripts/bosses/Gnomevil.lua:21>
2020-10-13 08:06:04 -  [Error - GlobalEvents::think] Failed to execute event: Gnomevil
2020-10-13 08:06:04 -  
2020-10-13 08:06:04 -  Lua Script Error: [GlobalEvent Interface] 
2020-10-13 08:06:04 -  data/globalevents/scripts/bosses/Abyssador.lua:onThink
2020-10-13 08:06:04 -  data/lib/rewardboss.lua:8: Rewards can only be enabled to rewards bosses.
2020-10-13 08:06:04 -  stack traceback:
2020-10-13 08:06:04 -  	[C]: at 0x00602980
2020-10-13 08:06:04 -  	[C]: in function 'error'
2020-10-13 08:06:04 -  	data/lib/rewardboss.lua:8: in function 'setReward'
2020-10-13 08:06:04 -  	data/globalevents/scripts/bosses/Abyssador.lua:28: in function <data/globalevents/scripts/bosses/Abyssador.lua:21>
2020-10-13 08:06:04 -  [Error - GlobalEvents::think] Failed to execute event: Abyssador
2020-10-13 08:06:04 -  
2020-10-13 08:06:04 -  Lua Script Error: [GlobalEvent Interface] 
2020-10-13 08:06:04 -  data/globalevents/scripts/bosses/Deathstrike.lua:onThink
2020-10-13 08:06:04 -  data/lib/rewardboss.lua:8: Rewards can only be enabled to rewards bosses.
2020-10-13 08:06:04 -  stack traceback:
2020-10-13 08:06:04 -  	[C]: at 0x00602980
2020-10-13 08:06:04 -  	[C]: in function 'error'
2020-10-13 08:06:04 -  	data/lib/rewardboss.lua:8: in function 'setReward'
2020-10-13 08:06:04 -  	data/globalevents/scripts/bosses/Deathstrike.lua:28: in function <data/globalevents/scripts/bosses/Deathstrike.lua:21>
2020-10-13 08:06:04 -  [Error - GlobalEvents::think] Failed to execute event: Deathstrike
2020-10-13 09:43:03 -  > Broadcasted message: "Barbarians are gathering at Bittermor. They seem to be up to something.".
2020-10-13 09:43:22 -  > Broadcasted message: "The barbarian pack is roaming around in Bittermor.".
2020-10-13 10:54:03 -  > Broadcasted message: "Let da mashing begin! Cyclops riot east of Thais.".
2020-10-13 11:06:04 -  
2020-10-13 11:06:04 -  Lua Script Error: [GlobalEvent Interface] 
2020-10-13 11:06:04 -  data/globalevents/scripts/Ghulosh.lua:onThink
2020-10-13 11:06:04 -  data/globalevents/scripts/Ghulosh.lua:34: attempt to index local 'boss' (a nil value)
2020-10-13 11:06:04 -  stack traceback:
2020-10-13 11:06:04 -  	[C]: in function '__index'
2020-10-13 11:06:04 -  	data/globalevents/scripts/Ghulosh.lua:34: in function <data/globalevents/scripts/Ghulosh.lua:21>
2020-10-13 11:06:04 -  [Error - GlobalEvents::think] Failed to execute event: Ghulosh
2020-10-13 11:06:04 -  
2020-10-13 11:06:04 -  Lua Script Error: [GlobalEvent Interface] 
2020-10-13 11:06:04 -  data/globalevents/scripts/Gorzindel.lua:onThink
2020-10-13 11:06:04 -  data/globalevents/scripts/Gorzindel.lua:34: attempt to index local 'boss' (a nil value)
2020-10-13 11:06:04 -  stack traceback:
2020-10-13 11:06:04 -  	[C]: in function '__index'
2020-10-13 11:06:04 -  	data/globalevents/scripts/Gorzindel.lua:34: in function <data/globalevents/scripts/Gorzindel.lua:21>
2020-10-13 11:06:04 -  [Error - GlobalEvents::think] Failed to execute event: Gorzindel
2020-10-13 11:06:04 -  
2020-10-13 11:06:04 -  Lua Script Error: [GlobalEvent Interface] 
2020-10-13 11:06:04 -  data/globalevents/scripts/Lokathmor.lua:onThink
2020-10-13 11:06:04 -  data/globalevents/scripts/Lokathmor.lua:34: attempt to index local 'boss' (a nil value)
2020-10-13 11:06:04 -  stack traceback:
2020-10-13 11:06:04 -  	[C]: in function '__index'
2020-10-13 11:06:04 -  	data/globalevents/scripts/Lokathmor.lua:34: in function <data/globalevents/scripts/Lokathmor.lua:21>
2020-10-13 11:06:04 -  [Error - GlobalEvents::think] Failed to execute event: Lokathmor
2020-10-13 11:06:04 -  
2020-10-13 11:06:04 -  Lua Script Error: [GlobalEvent Interface] 
2020-10-13 11:06:04 -  data/globalevents/scripts/Mazzinor.lua:onThink
2020-10-13 11:06:04 -  data/globalevents/scripts/Mazzinor.lua:34: attempt to index local 'boss' (a nil value)
2020-10-13 11:06:04 -  stack traceback:
2020-10-13 11:06:04 -  	[C]: in function '__index'
2020-10-13 11:06:04 -  	data/globalevents/scripts/Mazzinor.lua:34: in function <data/globalevents/scripts/Mazzinor.lua:21>
2020-10-13 11:06:04 -  [Error - GlobalEvents::think] Failed to execute event: Mazzinor
2020-10-13 11:06:04 -  [Warning - Monsters::loadMonster] Non-unique loot item "Giant Sapphire". 
2020-10-13 11:06:04 -  [Warning - Monsters::loadMonster] Cant load loot. data/monster/Secret Library/the scourge of oblivion.xml
2020-10-13 11:06:04 -  [Warning - Monsters::loadMonster] Non-unique loot item "Collar of Blue Plasma". 
2020-10-13 11:06:04 -  [Warning - Monsters::loadMonster] Cant load loot. data/monster/Secret Library/the scourge of oblivion.xml
2020-10-13 11:06:04 -  [Warning - Monsters::loadMonster] Non-unique loot item "Giant Shimmering Pearl". 
2020-10-13 11:06:04 -  [Warning - Monsters::loadMonster] Cant load loot. data/monster/Secret Library/the scourge of oblivion.xml
2020-10-13 11:06:04 -  [Warning - Monsters::loadMonster] Unknown loot item "The Calamity". 
2020-10-13 11:06:04 -  [Warning - Monsters::loadMonster] Cant load loot. data/monster/Secret Library/the scourge of oblivion.xml
2020-10-13 11:06:04 -  
2020-10-13 11:06:04 -  Lua Script Error: [GlobalEvent Interface] 
2020-10-13 11:06:04 -  data/globalevents/scripts/The Scourge Of Oblivion.lua:onThink
2020-10-13 11:06:04 -  data/globalevents/scripts/The Scourge Of Oblivion.lua:34: attempt to index local 'boss' (a nil value)
2020-10-13 11:06:04 -  stack traceback:
2020-10-13 11:06:04 -  	[C]: in function '__index'
2020-10-13 11:06:04 -  	data/globalevents/scripts/The Scourge Of Oblivion.lua:34: in function <data/globalevents/scripts/The Scourge Of Oblivion.lua:21>
2020-10-13 11:06:04 -  [Error - GlobalEvents::think] Failed to execute event: The Scourge Of Oblivion
2020-10-13 11:31:03 -  > Broadcasted message: "Beware! Mawhawk!".
2020-10-13 12:35:10 -  Dev Marson has logged in.
2020-10-13 12:55:14 -  
2020-10-13 12:55:14 -  Lua Script Error: [CreatureScript Interface] 
2020-10-13 12:55:14 -  data/creaturescripts/scripts/warmode.lua:onModalWindow
2020-10-13 12:55:14 -  data/creaturescripts/scripts/warmode.lua:20: attempt to call field 'getResult' (a nil value)
2020-10-13 12:55:14 -  stack traceback:
2020-10-13 12:55:14 -  	[C]: in function 'getResult'
2020-10-13 12:55:14 -  	data/creaturescripts/scripts/warmode.lua:20: in function <data/creaturescripts/scripts/warmode.lua:1>
2020-10-13 12:59:53 -  
2020-10-13 12:59:53 -  Lua Script Error: [CreatureScript Interface] 
2020-10-13 12:59:53 -  data/creaturescripts/scripts/warmode.lua:onModalWindow
2020-10-13 12:59:53 -  data/creaturescripts/scripts/warmode.lua:22: attempt to index local 'list' (a number value)
2020-10-13 12:59:53 -  stack traceback:
2020-10-13 12:59:53 -  	[C]: in function '__index'
2020-10-13 12:59:53 -  	data/creaturescripts/scripts/warmode.lua:22: in function <data/creaturescripts/scripts/warmode.lua:1>
2020-10-13 13:00:21 -  
2020-10-13 13:00:21 -  Lua Script Error: [CreatureScript Interface] 
2020-10-13 13:00:21 -  data/creaturescripts/scripts/warmode.lua:onModalWindow
2020-10-13 13:00:21 -  data/creaturescripts/scripts/warmode.lua:22: attempt to index local 'list' (a boolean value)
2020-10-13 13:00:21 -  stack traceback:
2020-10-13 13:00:21 -  	[C]: in function '__index'
2020-10-13 13:00:21 -  	data/creaturescripts/scripts/warmode.lua:22: in function <data/creaturescripts/scripts/warmode.lua:1>
2020-10-13 13:00:27 -  Dev Marson has logged out.
2020-10-13 13:00:29 -  Dev Marson has logged in.
2020-10-13 13:00:50 -  
2020-10-13 13:00:50 -  Lua Script Error: [CreatureScript Interface] 
2020-10-13 13:00:50 -  data/creaturescripts/scripts/warmode.lua:onModalWindow
2020-10-13 13:00:50 -  data/creaturescripts/scripts/warmode.lua:26: attempt to index local 'list' (a boolean value)
2020-10-13 13:00:50 -  stack traceback:
2020-10-13 13:00:50 -  	[C]: in function '__index'
2020-10-13 13:00:50 -  	data/creaturescripts/scripts/warmode.lua:26: in function <data/creaturescripts/scripts/warmode.lua:1>
2020-10-13 13:03:17 -  
2020-10-13 13:03:17 -  Lua Script Error: [CreatureScript Interface] 
2020-10-13 13:03:17 -  data/creaturescripts/scripts/warmode.lua:onModalWindow
2020-10-13 13:03:17 -  data/creaturescripts/scripts/warmode.lua:28: attempt to index local 'list' (a boolean value)
2020-10-13 13:03:17 -  stack traceback:
2020-10-13 13:03:17 -  	[C]: in function '__index'
2020-10-13 13:03:17 -  	data/creaturescripts/scripts/warmode.lua:28: in function <data/creaturescripts/scripts/warmode.lua:1>
2020-10-13 13:05:31 -  Dev Marson has logged out.
2020-10-13 13:05:33 -  Dev Marson has logged in.
2020-10-13 13:05:46 -  Dev Marson has logged out.
2020-10-13 13:05:47 -  Dev Marson has logged in.
2020-10-13 13:08:57 -  [Warning - Event::checkScript] Can not load script: scripts/warmode.lua
2020-10-13 13:08:57 -  data/creaturescripts/scripts/warmode.lua:27: ')' expected near 'name'
2020-10-13 13:09:26 -  
2020-10-13 13:09:26 -  Lua Script Error: [CreatureScript Interface] 
2020-10-13 13:09:26 -  data/creaturescripts/scripts/warmode.lua:onModalWindow
2020-10-13 13:09:26 -  data/creaturescripts/scripts/warmode.lua:27: attempt to concatenate global 'name' (a nil value)
2020-10-13 13:09:26 -  stack traceback:
2020-10-13 13:09:26 -  	[C]: in function '__concat'
2020-10-13 13:09:26 -  	data/creaturescripts/scripts/warmode.lua:27: in function <data/creaturescripts/scripts/warmode.lua:1>
2020-10-13 13:09:58 -  [Warning - Event::checkScript] Can not load script: scripts/warmode.lua
2020-10-13 13:09:58 -  data/creaturescripts/scripts/warmode.lua:27: ')' expected near 'name'
2020-10-13 13:36:05 -  ip inválido
2020-10-13 13:36:05 -  Dev Marson has logged out.
2020-10-13 15:17:03 -  > Broadcasted message: "Many aggressive beasts are roaming south of Ab'Dendriel! Take care!".
2020-10-13 16:23:03 -  > Broadcasted message: "The dragons of the Dragonblaze Mountains have descended to Zao to protect the lizardkin!".
2020-10-13 17:06:04 -  
2020-10-13 17:06:04 -  Lua Script Error: [GlobalEvent Interface] 
2020-10-13 17:06:04 -  data/globalevents/scripts/Ghulosh.lua:onThink
2020-10-13 17:06:04 -  data/globalevents/scripts/Ghulosh.lua:34: attempt to index local 'boss' (a nil value)
2020-10-13 17:06:04 -  stack traceback:
2020-10-13 17:06:04 -  	[C]: in function '__index'
2020-10-13 17:06:04 -  	data/globalevents/scripts/Ghulosh.lua:34: in function <data/globalevents/scripts/Ghulosh.lua:21>
2020-10-13 17:06:04 -  [Error - GlobalEvents::think] Failed to execute event: Ghulosh
2020-10-13 17:06:04 -  
2020-10-13 17:06:04 -  Lua Script Error: [GlobalEvent Interface] 
2020-10-13 17:06:04 -  data/globalevents/scripts/Gorzindel.lua:onThink
2020-10-13 17:06:04 -  data/globalevents/scripts/Gorzindel.lua:34: attempt to index local 'boss' (a nil value)
2020-10-13 17:06:04 -  stack traceback:
2020-10-13 17:06:04 -  	[C]: in function '__index'
2020-10-13 17:06:04 -  	data/globalevents/scripts/Gorzindel.lua:34: in function <data/globalevents/scripts/Gorzindel.lua:21>
2020-10-13 17:06:04 -  [Error - GlobalEvents::think] Failed to execute event: Gorzindel
2020-10-13 17:06:04 -  
2020-10-13 17:06:04 -  Lua Script Error: [GlobalEvent Interface] 
2020-10-13 17:06:04 -  data/globalevents/scripts/Lokathmor.lua:onThink
2020-10-13 17:06:04 -  data/globalevents/scripts/Lokathmor.lua:34: attempt to index local 'boss' (a nil value)
2020-10-13 17:06:04 -  stack traceback:
2020-10-13 17:06:04 -  	[C]: in function '__index'
2020-10-13 17:06:04 -  	data/globalevents/scripts/Lokathmor.lua:34: in function <data/globalevents/scripts/Lokathmor.lua:21>
2020-10-13 17:06:04 -  [Error - GlobalEvents::think] Failed to execute event: Lokathmor
2020-10-13 17:06:04 -  
2020-10-13 17:06:04 -  Lua Script Error: [GlobalEvent Interface] 
2020-10-13 17:06:04 -  data/globalevents/scripts/Mazzinor.lua:onThink
2020-10-13 17:06:04 -  data/globalevents/scripts/Mazzinor.lua:34: attempt to index local 'boss' (a nil value)
2020-10-13 17:06:04 -  stack traceback:
2020-10-13 17:06:04 -  	[C]: in function '__index'
2020-10-13 17:06:04 -  	data/globalevents/scripts/Mazzinor.lua:34: in function <data/globalevents/scripts/Mazzinor.lua:21>
2020-10-13 17:06:04 -  [Error - GlobalEvents::think] Failed to execute event: Mazzinor
2020-10-13 17:06:04 -  
2020-10-13 17:06:04 -  Lua Script Error: [GlobalEvent Interface] 
2020-10-13 17:06:04 -  data/globalevents/scripts/The Scourge Of Oblivion.lua:onThink
2020-10-13 17:06:04 -  data/globalevents/scripts/The Scourge Of Oblivion.lua:34: attempt to index local 'boss' (a nil value)
2020-10-13 17:06:04 -  stack traceback:
2020-10-13 17:06:04 -  	[C]: in function '__index'
2020-10-13 17:06:04 -  	data/globalevents/scripts/The Scourge Of Oblivion.lua:34: in function <data/globalevents/scripts/The Scourge Of Oblivion.lua:21>
2020-10-13 17:06:04 -  [Error - GlobalEvents::think] Failed to execute event: The Scourge Of Oblivion
2020-10-13 17:41:47 -  [Castle War votacao aberta]
2020-10-13 17:41:47 -  > Broadcasted message: "[Castle War]: Foi iniciada a votação para decidir o objetivo do castelo que abre em alguns minutos. Use !castle1 para votar no objetivo (Dominar o castelo por mais tempo). Use !castle2 para votar no objetivo (Ultimo que dominar o castelo). Caso não haja votações, o objetivo será aleatorio.".
2020-10-13 17:41:47 -  > Broadcasted message: "[CastleWar] Atencao, O CASTELO esta aberto para batalha, junte-se com sua guild e  conquiste-o. O castelo encerra em 1 hora. Resultado das votacoes: First: 0 Second: 1 Resultado: (Ultimo a Dominar o castelo) foi escolhido".
2020-10-13 17:41:47 -  castleWar Encerrado
2020-10-13 17:41:47 -  Bruxo has logged in.
2020-10-13 17:44:03 -  
2020-10-13 17:44:03 -  Lua Script Error: [Modules Interface] 
2020-10-13 17:44:03 -  data/modules/scripts/prey system/prey.lua:onRecvbyte
2020-10-13 17:44:03 -  data/modules/scripts/prey system/prey.lua:348: attempt to call method 'getPreyBonusType' (a nil value)
2020-10-13 17:44:03 -  stack traceback:
2020-10-13 17:44:03 -  	[C]: in function 'getPreyBonusType'
2020-10-13 17:44:03 -  	data/modules/scripts/prey system/prey.lua:348: in function 'sendPreyData'
2020-10-13 17:44:03 -  	data/modules/scripts/prey system/prey.lua:212: in function <data/modules/scripts/prey system/prey.lua:210>
2020-10-13 17:48:13 -  
2020-10-13 17:48:13 -  Lua Script Error: [Modules Interface] 
2020-10-13 17:48:13 -  data/modules/scripts/prey system/prey.lua:onRecvbyte
2020-10-13 17:48:13 -  data/modules/scripts/prey system/prey.lua:348: attempt to call method 'getPreyBonusType' (a nil value)
2020-10-13 17:48:13 -  stack traceback:
2020-10-13 17:48:13 -  	[C]: in function 'getPreyBonusType'
2020-10-13 17:48:13 -  	data/modules/scripts/prey system/prey.lua:348: in function 'sendPreyData'
2020-10-13 17:48:13 -  	data/modules/scripts/prey system/prey.lua:212: in function <data/modules/scripts/prey system/prey.lua:210>
2020-10-13 17:48:20 -  
2020-10-13 17:48:20 -  Lua Script Error: [Modules Interface] 
2020-10-13 17:48:20 -  data/modules/scripts/prey system/prey.lua:onRecvbyte
2020-10-13 17:48:20 -  data/modules/scripts/prey system/prey.lua:230: attempt to call method 'getPreyUnlocked' (a nil value)
2020-10-13 17:48:20 -  stack traceback:
2020-10-13 17:48:20 -  	[C]: in function 'getPreyUnlocked'
2020-10-13 17:48:20 -  	data/modules/scripts/prey system/prey.lua:230: in function 'preyAction'
2020-10-13 17:48:20 -  	data/modules/scripts/prey system/prey.lua:216: in function <data/modules/scripts/prey system/prey.lua:210>
2020-10-13 17:48:20 -  
2020-10-13 17:48:20 -  Lua Script Error: [Modules Interface] 
2020-10-13 17:48:20 -  data/modules/scripts/prey system/prey.lua:onRecvbyte
2020-10-13 17:48:20 -  data/modules/scripts/prey system/prey.lua:348: attempt to call method 'getPreyBonusType' (a nil value)
2020-10-13 17:48:20 -  stack traceback:
2020-10-13 17:48:20 -  	[C]: in function 'getPreyBonusType'
2020-10-13 17:48:20 -  	data/modules/scripts/prey system/prey.lua:348: in function 'sendPreyData'
2020-10-13 17:48:20 -  	data/modules/scripts/prey system/prey.lua:212: in function <data/modules/scripts/prey system/prey.lua:210>
2020-10-13 17:48:26 -  
2020-10-13 17:48:26 -  Lua Script Error: [Modules Interface] 
2020-10-13 17:48:26 -  data/modules/scripts/prey system/prey.lua:onRecvbyte
2020-10-13 17:48:26 -  data/modules/scripts/prey system/prey.lua:230: attempt to call method 'getPreyUnlocked' (a nil value)
2020-10-13 17:48:26 -  stack traceback:
2020-10-13 17:48:26 -  	[C]: in function 'getPreyUnlocked'
2020-10-13 17:48:26 -  	data/modules/scripts/prey system/prey.lua:230: in function 'preyAction'
2020-10-13 17:48:26 -  	data/modules/scripts/prey system/prey.lua:216: in function <data/modules/scripts/prey system/prey.lua:210>
2020-10-13 17:48:26 -  
2020-10-13 17:48:26 -  Lua Script Error: [Modules Interface] 
2020-10-13 17:48:26 -  data/modules/scripts/prey system/prey.lua:onRecvbyte
2020-10-13 17:48:26 -  data/modules/scripts/prey system/prey.lua:348: attempt to call method 'getPreyBonusType' (a nil value)
2020-10-13 17:48:26 -  stack traceback:
2020-10-13 17:48:26 -  	[C]: in function 'getPreyBonusType'
2020-10-13 17:48:26 -  	data/modules/scripts/prey system/prey.lua:348: in function 'sendPreyData'
2020-10-13 17:48:26 -  	data/modules/scripts/prey system/prey.lua:212: in function <data/modules/scripts/prey system/prey.lua:210>
2020-10-13 17:48:33 -  
2020-10-13 17:48:33 -  Lua Script Error: [Modules Interface] 
2020-10-13 17:48:33 -  data/modules/scripts/prey system/prey.lua:onRecvbyte
2020-10-13 17:48:33 -  data/modules/scripts/prey system/prey.lua:230: attempt to call method 'getPreyUnlocked' (a nil value)
2020-10-13 17:48:33 -  stack traceback:
2020-10-13 17:48:33 -  	[C]: in function 'getPreyUnlocked'
2020-10-13 17:48:33 -  	data/modules/scripts/prey system/prey.lua:230: in function 'preyAction'
2020-10-13 17:48:33 -  	data/modules/scripts/prey system/prey.lua:216: in function <data/modules/scripts/prey system/prey.lua:210>
2020-10-13 18:48:03 -  ip inválido
2020-10-13 18:48:03 -  ip inválido
2020-10-13 18:48:03 -  ip inválido
2020-10-13 18:48:03 -  ip inválido
2020-10-13 18:48:03 -  ip inválido
2020-10-13 18:48:03 -  ip inválido
2020-10-13 18:48:03 -  ip inválido
2020-10-13 18:48:03 -  ip inválido
2020-10-13 18:48:03 -  ip inválido
2020-10-13 18:48:03 -  ip inválido
2020-10-13 18:48:03 -  ip inválido
2020-10-13 18:48:03 -  ip inválido
2020-10-13 18:48:03 -  ip inválido
2020-10-13 18:48:03 -  ip inválido
2020-10-13 18:48:03 -  ip inválido
2020-10-13 18:48:03 -  ip inválido
2020-10-13 18:48:03 -  ip inválido
2020-10-13 18:48:03 -  ip inválido
2020-10-13 18:48:03 -  ip inválido
2020-10-13 18:48:03 -  ip inválido
2020-10-13 18:48:03 -  ip inválido
2020-10-13 18:48:03 -  ip inválido
2020-10-13 18:48:03 -  ip inválido
2020-10-13 18:48:03 -  ip inválido
2020-10-13 18:48:03 -  ip inválido
2020-10-13 18:48:03 -  ip inválido
2020-10-13 18:48:03 -  ip inválido
2020-10-13 18:48:03 -  ip inválido
2020-10-13 18:48:03 -  ip inválido
2020-10-13 18:48:03 -  ip inválido
2020-10-13 18:48:03 -  ip inválido
2020-10-13 18:48:03 -  ip inválido
2020-10-13 18:48:03 -  ip inválido
2020-10-13 18:48:03 -  ip inválido
2020-10-13 18:48:03 -  ip inválido
2020-10-13 18:48:03 -  ip inválido
2020-10-13 18:48:03 -  ip inválido
2020-10-13 18:48:03 -  ip inválido
2020-10-13 18:48:03 -  ip inválido
2020-10-13 18:48:03 -  ip inválido
2020-10-13 18:48:03 -  ip inválido
2020-10-13 18:48:03 -  ip inválido
2020-10-13 18:48:03 -  ip inválido
2020-10-13 18:48:03 -  ip inválido
2020-10-13 18:48:03 -  ip inválido
2020-10-13 18:48:03 -  ip inválido
2020-10-13 18:48:03 -  ip inválido
2020-10-13 18:48:03 -  ip inválido
2020-10-13 18:48:03 -  ip inválido
2020-10-13 18:48:03 -  ip inválido
2020-10-13 18:48:03 -  ip inválido
2020-10-13 18:48:03 -  ip inválido
2020-10-13 18:48:03 -  ip inválido
2020-10-13 18:48:03 -  ip inválido
2020-10-13 18:48:03 -  ip inválido
2020-10-13 18:48:03 -  ip inválido
2020-10-13 18:48:03 -  ip inválido
2020-10-13 18:48:03 -  ip inválido
2020-10-13 18:48:03 -  > Broadcasted message: "Lancer beetles troop up in Farmine. Beware!".
2020-10-13 18:48:22 -  ip inválido
2020-10-13 18:48:22 -  > Broadcasted message: "A pack of lancer beetles heads towards the coast!".
2020-10-13 18:58:41 -  ip inválido
2020-10-13 18:58:41 -  ip inválido
2020-10-13 18:58:41 -  ip inválido
2020-10-13 18:58:41 -  ip inválido
2020-10-13 18:58:41 -  ip inválido
2020-10-13 18:58:41 -  ip inválido
2020-10-13 18:58:41 -  ip inválido
2020-10-13 18:58:41 -  ip inválido
2020-10-13 18:58:41 -  ip inválido
2020-10-13 18:58:41 -  ip inválido
2020-10-13 18:58:41 -  Dev Marson has logged in.
2020-10-13 19:25:34 -  ip inválido
2020-10-13 19:25:34 -  ip inválido
2020-10-13 19:25:34 -  ip inválido
2020-10-13 19:25:34 -  ip inválido
2020-10-13 19:25:34 -  ip inválido
2020-10-13 19:25:34 -  ip inválido
2020-10-13 19:25:34 -  ip inválido
2020-10-13 19:25:34 -  ip inválido
2020-10-13 19:25:34 -  ip inválido
2020-10-13 19:25:34 -  ip inválido
2020-10-13 19:25:34 -  ip inválido
2020-10-13 19:25:34 -  ip inválido
2020-10-13 19:25:34 -  ip inválido
2020-10-13 19:25:34 -  ip inválido
2020-10-13 19:25:34 -  ip inválido
2020-10-13 19:25:34 -  ip inválido
2020-10-13 19:25:34 -  ip inválido
2020-10-13 19:25:34 -  ip inválido
2020-10-13 19:25:34 -  ip inválido
2020-10-13 19:25:34 -  ip inválido
2020-10-13 19:25:34 -  ip inválido
2020-10-13 19:25:34 -  ip inválido
2020-10-13 19:25:34 -  ip inválido
2020-10-13 19:25:34 -  ip inválido
2020-10-13 19:25:34 -  ip inválido
2020-10-13 19:25:34 -  ip inválido
2020-10-13 19:25:34 -  ip inválido
2020-10-13 19:25:34 -  Dev Marson has logged out.
2020-10-13 19:25:35 -  Dev Marson has logged in.
2020-10-13 20:43:32 -  ip inválido
2020-10-13 20:43:32 -  ip inválido
2020-10-13 20:43:32 -  ip inválido
2020-10-13 20:43:32 -  ip inválido
2020-10-13 20:43:32 -  ip inválido
2020-10-13 20:43:32 -  ip inválido
2020-10-13 20:43:32 -  ip inválido
2020-10-13 20:43:32 -  ip inválido
2020-10-13 20:43:32 -  ip inválido
2020-10-13 20:43:32 -  ip inválido
2020-10-13 20:43:32 -  ip inválido
2020-10-13 20:43:32 -  ip inválido
2020-10-13 20:43:32 -  ip inválido
2020-10-13 20:43:32 -  ip inválido
2020-10-13 20:43:32 -  ip inválido
2020-10-13 20:43:32 -  ip inválido
2020-10-13 20:43:32 -  ip inválido
2020-10-13 20:43:32 -  ip inválido
2020-10-13 20:43:32 -  ip inválido
2020-10-13 20:43:32 -  ip inválido
2020-10-13 20:43:32 -  ip inválido
2020-10-13 20:43:32 -  ip inválido
2020-10-13 20:43:32 -  ip inválido
2020-10-13 20:43:32 -  ip inválido
2020-10-13 20:43:32 -  ip inválido
2020-10-13 20:43:32 -  ip inválido
2020-10-13 20:43:32 -  ip inválido
2020-10-13 20:43:32 -  ip inválido
2020-10-13 20:43:32 -  ip inválido
2020-10-13 20:43:32 -  ip inválido
2020-10-13 20:43:32 -  ip inválido
2020-10-13 20:43:32 -  ip inválido
2020-10-13 20:43:32 -  ip inválido
2020-10-13 20:43:32 -  ip inválido
2020-10-13 20:43:32 -  ip inválido
2020-10-13 20:43:32 -  ip inválido
2020-10-13 20:43:32 -  ip inválido
2020-10-13 20:43:32 -  ip inválido
2020-10-13 20:43:32 -  ip inválido
2020-10-13 20:43:32 -  ip inválido
2020-10-13 20:43:32 -  ip inválido
2020-10-13 20:43:32 -  ip inválido
2020-10-13 20:43:32 -  ip inválido
2020-10-13 20:43:32 -  ip inválido
2020-10-13 20:43:32 -  ip inválido
2020-10-13 20:43:32 -  ip inválido
2020-10-13 20:43:32 -  ip inválido
2020-10-13 20:43:32 -  ip inválido
2020-10-13 20:43:32 -  ip inválido
2020-10-13 20:43:32 -  ip inválido
2020-10-13 20:43:32 -  ip inválido
2020-10-13 20:43:32 -  ip inválido
2020-10-13 20:43:32 -  ip inválido
2020-10-13 20:43:32 -  ip inválido
2020-10-13 20:43:32 -  ip inválido
2020-10-13 20:43:32 -  ip inválido
2020-10-13 20:43:32 -  ip inválido
2020-10-13 20:43:32 -  ip inválido
2020-10-13 20:43:32 -  ip inválido
2020-10-13 20:43:32 -  ip inválido
2020-10-13 20:43:32 -  ip inválido
2020-10-13 20:43:32 -  ip inválido
2020-10-13 20:43:32 -  ip inválido
2020-10-13 20:43:32 -  ip inválido
2020-10-13 20:43:32 -  ip inválido
2020-10-13 20:43:32 -  ip inválido
2020-10-13 20:43:32 -  ip inválido
2020-10-13 20:43:32 -  ip inválido
2020-10-13 20:43:32 -  ip inválido
2020-10-13 20:43:32 -  ip inválido
2020-10-13 20:43:32 -  ip inválido
2020-10-13 20:43:32 -  ip inválido
2020-10-13 20:43:32 -  ip inválido
2020-10-13 20:43:32 -  ip inválido
2020-10-13 20:43:32 -  ip inválido
2020-10-13 20:43:32 -  ip inválido
2020-10-13 20:43:32 -  ip inválido
2020-10-13 20:43:32 -  ip inválido
2020-10-13 20:43:32 -  ip inválido
2020-10-13 20:43:32 -  Dev Marson has logged out.
2020-10-13 22:15:03 -  ip inválido
2020-10-13 22:15:03 -  ip inválido
2020-10-13 22:15:03 -  ip inválido
2020-10-13 22:15:03 -  ip inválido
2020-10-13 22:15:03 -  ip inválido
2020-10-13 22:15:03 -  ip inválido
2020-10-13 22:15:03 -  ip inválido
2020-10-13 22:15:03 -  ip inválido
2020-10-13 22:15:03 -  ip inválido
2020-10-13 22:15:03 -  ip inválido
2020-10-13 22:15:03 -  ip inválido
2020-10-13 22:15:03 -  ip inválido
2020-10-13 22:15:03 -  ip inválido
2020-10-13 22:15:03 -  ip inválido
2020-10-13 22:15:03 -  ip inválido
2020-10-13 22:15:03 -  ip inválido
2020-10-13 22:15:03 -  ip inválido
2020-10-13 22:15:03 -  ip inválido
2020-10-13 22:15:03 -  ip inválido
2020-10-13 22:15:03 -  ip inválido
2020-10-13 22:15:03 -  ip inválido
2020-10-13 22:15:03 -  ip inválido
2020-10-13 22:15:03 -  ip inválido
2020-10-13 22:15:03 -  ip inválido
2020-10-13 22:15:03 -  ip inválido
2020-10-13 22:15:03 -  ip inválido
2020-10-13 22:15:03 -  ip inválido
2020-10-13 22:15:03 -  ip inválido
2020-10-13 22:15:03 -  ip inválido
2020-10-13 22:15:03 -  ip inválido
2020-10-13 22:15:03 -  ip inválido
2020-10-13 22:15:03 -  ip inválido
2020-10-13 22:15:03 -  ip inválido
2020-10-13 22:15:03 -  ip inválido
2020-10-13 22:15:03 -  ip inválido
2020-10-13 22:15:03 -  ip inválido
2020-10-13 22:15:03 -  ip inválido
2020-10-13 22:15:03 -  ip inválido
2020-10-13 22:15:03 -  ip inválido
2020-10-13 22:15:03 -  ip inválido
2020-10-13 22:15:03 -  ip inválido
2020-10-13 22:15:03 -  ip inválido
2020-10-13 22:15:03 -  ip inválido
2020-10-13 22:15:03 -  ip inválido
2020-10-13 22:15:03 -  ip inválido
2020-10-13 22:15:03 -  ip inválido
2020-10-13 22:15:03 -  ip inválido
2020-10-13 22:15:03 -  ip inválido
2020-10-13 22:15:03 -  ip inválido
2020-10-13 22:15:03 -  ip inválido
2020-10-13 22:15:03 -  ip inválido
2020-10-13 22:15:03 -  ip inválido
2020-10-13 22:15:03 -  ip inválido
2020-10-13 22:15:03 -  ip inválido
2020-10-13 22:15:03 -  ip inválido
2020-10-13 22:15:03 -  ip inválido
2020-10-13 22:15:03 -  ip inválido
2020-10-13 22:15:03 -  ip inválido
2020-10-13 22:15:03 -  ip inválido
2020-10-13 22:15:03 -  ip inválido
2020-10-13 22:15:03 -  ip inválido
2020-10-13 22:15:03 -  ip inválido
2020-10-13 22:15:03 -  ip inválido
2020-10-13 22:15:03 -  ip inválido
2020-10-13 22:15:03 -  ip inválido
2020-10-13 22:15:03 -  ip inválido
2020-10-13 22:15:03 -  ip inválido
2020-10-13 22:15:03 -  ip inválido
2020-10-13 22:15:03 -  ip inválido
2020-10-13 22:15:03 -  ip inválido
2020-10-13 22:15:03 -  ip inválido
2020-10-13 22:15:03 -  ip inválido
2020-10-13 22:15:03 -  ip inválido
2020-10-13 22:15:03 -  ip inválido
2020-10-13 22:15:03 -  ip inválido
2020-10-13 22:15:03 -  ip inválido
2020-10-13 22:15:03 -  ip inválido
2020-10-13 22:15:03 -  ip inválido
2020-10-13 22:15:03 -  ip inválido
2020-10-13 22:15:03 -  ip inválido
2020-10-13 22:15:03 -  ip inválido
2020-10-13 22:15:03 -  ip inválido
2020-10-13 22:15:03 -  ip inválido
2020-10-13 22:15:03 -  ip inválido
2020-10-13 22:15:03 -  ip inválido
2020-10-13 22:15:03 -  ip inválido
2020-10-13 22:15:03 -  ip inválido
2020-10-13 22:15:03 -  ip inválido
2020-10-13 22:15:03 -  ip inválido
2020-10-13 22:15:03 -  ip inválido
2020-10-13 22:15:03 -  ip inválido
2020-10-13 22:15:03 -  > Broadcasted message: "Bonebeasts are rattling down in the Ankrahmun Dipthrah tombs.".
2020-10-13 22:15:22 -  ip inválido
2020-10-13 22:15:22 -  > Broadcasted message: "Bonebeasts roaming around in the Ankrahmun Dipthrah tombs.".
2020-10-13 23:06:04 -  ip inválido
2020-10-13 23:06:04 -  ip inválido
2020-10-13 23:06:04 -  ip inválido
2020-10-13 23:06:04 -  ip inválido
2020-10-13 23:06:04 -  ip inválido
2020-10-13 23:06:04 -  ip inválido
2020-10-13 23:06:04 -  ip inválido
2020-10-13 23:06:04 -  ip inválido
2020-10-13 23:06:04 -  ip inválido
2020-10-13 23:06:04 -  ip inválido
2020-10-13 23:06:04 -  ip inválido
2020-10-13 23:06:04 -  ip inválido
2020-10-13 23:06:04 -  ip inválido
2020-10-13 23:06:04 -  ip inválido
2020-10-13 23:06:04 -  ip inválido
2020-10-13 23:06:04 -  ip inválido
2020-10-13 23:06:04 -  ip inválido
2020-10-13 23:06:04 -  ip inválido
2020-10-13 23:06:04 -  ip inválido
2020-10-13 23:06:04 -  ip inválido
2020-10-13 23:06:04 -  ip inválido
2020-10-13 23:06:04 -  ip inválido
2020-10-13 23:06:04 -  ip inválido
2020-10-13 23:06:04 -  ip inválido
2020-10-13 23:06:04 -  ip inválido
2020-10-13 23:06:04 -  ip inválido
2020-10-13 23:06:04 -  ip inválido
2020-10-13 23:06:04 -  ip inválido
2020-10-13 23:06:04 -  ip inválido
2020-10-13 23:06:04 -  ip inválido
2020-10-13 23:06:04 -  ip inválido
2020-10-13 23:06:04 -  ip inválido
2020-10-13 23:06:04 -  ip inválido
2020-10-13 23:06:04 -  ip inválido
2020-10-13 23:06:04 -  ip inválido
2020-10-13 23:06:04 -  ip inválido
2020-10-13 23:06:04 -  ip inválido
2020-10-13 23:06:04 -  ip inválido
2020-10-13 23:06:04 -  ip inválido
2020-10-13 23:06:04 -  ip inválido
2020-10-13 23:06:04 -  ip inválido
2020-10-13 23:06:04 -  ip inválido
2020-10-13 23:06:04 -  ip inválido
2020-10-13 23:06:04 -  ip inválido
2020-10-13 23:06:04 -  ip inválido
2020-10-13 23:06:04 -  ip inválido
2020-10-13 23:06:04 -  ip inválido
2020-10-13 23:06:04 -  ip inválido
2020-10-13 23:06:04 -  ip inválido
2020-10-13 23:06:04 -  ip inválido
2020-10-13 23:06:04 -  
2020-10-13 23:06:04 -  Lua Script Error: [GlobalEvent Interface] 
2020-10-13 23:06:04 -  data/globalevents/scripts/Ghulosh.lua:onThink
2020-10-13 23:06:04 -  data/globalevents/scripts/Ghulosh.lua:34: attempt to index local 'boss' (a nil value)
2020-10-13 23:06:04 -  stack traceback:
2020-10-13 23:06:04 -  	[C]: in function '__index'
2020-10-13 23:06:04 -  	data/globalevents/scripts/Ghulosh.lua:34: in function <data/globalevents/scripts/Ghulosh.lua:21>
2020-10-13 23:06:04 -  [Error - GlobalEvents::think] Failed to execute event: Ghulosh
2020-10-13 23:06:04 -  
2020-10-13 23:06:04 -  Lua Script Error: [GlobalEvent Interface] 
2020-10-13 23:06:04 -  data/globalevents/scripts/Gorzindel.lua:onThink
2020-10-13 23:06:04 -  data/globalevents/scripts/Gorzindel.lua:34: attempt to index local 'boss' (a nil value)
2020-10-13 23:06:04 -  stack traceback:
2020-10-13 23:06:04 -  	[C]: in function '__index'
2020-10-13 23:06:04 -  	data/globalevents/scripts/Gorzindel.lua:34: in function <data/globalevents/scripts/Gorzindel.lua:21>
2020-10-13 23:06:04 -  [Error - GlobalEvents::think] Failed to execute event: Gorzindel
2020-10-13 23:06:04 -  
2020-10-13 23:06:04 -  Lua Script Error: [GlobalEvent Interface] 
2020-10-13 23:06:04 -  data/globalevents/scripts/Mazzinor.lua:onThink
2020-10-13 23:06:04 -  data/globalevents/scripts/Mazzinor.lua:34: attempt to index local 'boss' (a nil value)
2020-10-13 23:06:04 -  stack traceback:
2020-10-13 23:06:04 -  	[C]: in function '__index'
2020-10-13 23:06:04 -  	data/globalevents/scripts/Mazzinor.lua:34: in function <data/globalevents/scripts/Mazzinor.lua:21>
2020-10-13 23:06:04 -  [Error - GlobalEvents::think] Failed to execute event: Mazzinor
2020-10-13 23:06:04 -  ip inválido
2020-10-13 23:06:04 -  
2020-10-13 23:06:04 -  Lua Script Error: [GlobalEvent Interface] 
2020-10-13 23:06:04 -  data/globalevents/scripts/Lokathmor.lua:onThink
2020-10-13 23:06:04 -  data/globalevents/scripts/Lokathmor.lua:34: attempt to index local 'boss' (a nil value)
2020-10-13 23:06:04 -  stack traceback:
2020-10-13 23:06:04 -  	[C]: in function '__index'
2020-10-13 23:06:04 -  	data/globalevents/scripts/Lokathmor.lua:34: in function <data/globalevents/scripts/Lokathmor.lua:21>
2020-10-13 23:06:04 -  [Error - GlobalEvents::think] Failed to execute event: Lokathmor
2020-10-13 23:06:04 -  
2020-10-13 23:06:04 -  Lua Script Error: [GlobalEvent Interface] 
2020-10-13 23:06:04 -  data/globalevents/scripts/The Scourge Of Oblivion.lua:onThink
2020-10-13 23:06:04 -  data/globalevents/scripts/The Scourge Of Oblivion.lua:34: attempt to index local 'boss' (a nil value)
2020-10-13 23:06:04 -  stack traceback:
2020-10-13 23:06:04 -  	[C]: in function '__index'
2020-10-13 23:06:04 -  	data/globalevents/scripts/The Scourge Of Oblivion.lua:34: in function <data/globalevents/scripts/The Scourge Of Oblivion.lua:21>
2020-10-13 23:06:04 -  [Error - GlobalEvents::think] Failed to execute event: The Scourge Of Oblivion
2020-10-13 23:31:03 -  ip inválido
2020-10-13 23:31:03 -  ip inválido
2020-10-13 23:31:03 -  ip inválido
2020-10-13 23:31:03 -  ip inválido
2020-10-13 23:31:03 -  ip inválido
2020-10-13 23:31:03 -  ip inválido
2020-10-13 23:31:03 -  ip inválido
2020-10-13 23:31:03 -  ip inválido
2020-10-13 23:31:03 -  ip inválido
2020-10-13 23:31:03 -  ip inválido
2020-10-13 23:31:03 -  ip inválido
2020-10-13 23:31:03 -  ip inválido
2020-10-13 23:31:03 -  ip inválido
2020-10-13 23:31:03 -  ip inválido
2020-10-13 23:31:03 -  ip inválido
2020-10-13 23:31:03 -  ip inválido
2020-10-13 23:31:03 -  ip inválido
2020-10-13 23:31:03 -  ip inválido
2020-10-13 23:31:03 -  ip inválido
2020-10-13 23:31:03 -  ip inválido
2020-10-13 23:31:03 -  ip inválido
2020-10-13 23:31:03 -  ip inválido
2020-10-13 23:31:03 -  ip inválido
2020-10-13 23:31:03 -  ip inválido
2020-10-13 23:31:03 -  > Broadcasted message: "There's something sizzling in the Ankrahmun Dipthrah tombs.".
2020-10-13 23:31:22 -  ip inválido
2020-10-13 23:31:22 -  > Broadcasted message: "Even more sizzling in the Ankrahmun Dipthrah tombs.".
2020-10-13 23:31:32 -  > Broadcasted message: "Poison overflow in the Ankrahmun Dipthrah tombs!".
2020-10-14 04:47:04 -  ip inválido
2020-10-14 04:47:04 -  ip inválido
2020-10-14 04:47:04 -  ip inválido
2020-10-14 04:47:04 -  ip inválido
2020-10-14 04:47:04 -  ip inválido
2020-10-14 04:47:04 -  ip inválido
2020-10-14 04:47:04 -  ip inválido
2020-10-14 04:47:04 -  ip inválido
2020-10-14 04:47:04 -  ip inválido
2020-10-14 04:47:04 -  ip inválido
2020-10-14 04:47:04 -  ip inválido
2020-10-14 04:47:04 -  ip inválido
2020-10-14 04:47:04 -  ip inválido
2020-10-14 04:47:04 -  ip inválido
2020-10-14 04:47:04 -  ip inválido
2020-10-14 04:47:04 -  ip inválido
2020-10-14 04:47:04 -  ip inválido
2020-10-14 04:47:04 -  ip inválido
2020-10-14 04:47:04 -  ip inválido
2020-10-14 04:47:04 -  ip inválido
2020-10-14 04:47:04 -  ip inválido
2020-10-14 04:47:04 -  ip inválido
2020-10-14 04:47:04 -  ip inválido
2020-10-14 04:47:04 -  ip inválido
2020-10-14 04:47:04 -  ip inválido
2020-10-14 04:47:04 -  ip inválido
2020-10-14 04:47:04 -  ip inválido
2020-10-14 04:47:04 -  ip inválido
2020-10-14 04:47:04 -  ip inválido
2020-10-14 04:47:04 -  ip inválido
2020-10-14 04:47:04 -  ip inválido
2020-10-14 04:47:04 -  ip inválido
2020-10-14 04:47:04 -  ip inválido
2020-10-14 04:47:04 -  ip inválido
2020-10-14 04:47:04 -  ip inválido
2020-10-14 04:47:04 -  ip inválido
2020-10-14 04:47:04 -  ip inválido
2020-10-14 04:47:04 -  ip inválido
2020-10-14 04:47:04 -  ip inválido
2020-10-14 04:47:04 -  ip inválido
2020-10-14 04:47:04 -  ip inválido
2020-10-14 04:47:04 -  ip inválido
2020-10-14 04:47:04 -  ip inválido
2020-10-14 04:47:04 -  ip inválido
2020-10-14 04:47:04 -  ip inválido
2020-10-14 04:47:04 -  ip inválido
2020-10-14 04:47:04 -  ip inválido
2020-10-14 04:47:04 -  ip inválido
2020-10-14 04:47:04 -  ip inválido
2020-10-14 04:47:04 -  ip inválido
2020-10-14 04:47:04 -  ip inválido
2020-10-14 04:47:04 -  ip inválido
2020-10-14 04:47:04 -  ip inválido
2020-10-14 04:47:04 -  ip inválido
2020-10-14 04:47:04 -  ip inválido
2020-10-14 04:47:04 -  ip inválido
2020-10-14 04:47:04 -  ip inválido
2020-10-14 04:47:04 -  ip inválido
2020-10-14 04:47:04 -  ip inválido
2020-10-14 04:47:04 -  ip inválido
2020-10-14 04:47:04 -  ip inválido
2020-10-14 04:47:04 -  ip inválido
2020-10-14 04:47:04 -  ip inválido
2020-10-14 04:47:04 -  ip inválido
2020-10-14 04:47:04 -  ip inválido
2020-10-14 04:47:04 -  ip inválido
2020-10-14 04:47:04 -  ip inválido
2020-10-14 04:47:04 -  ip inválido
2020-10-14 04:47:04 -  ip inválido
2020-10-14 04:47:04 -  ip inválido
2020-10-14 04:47:04 -  ip inválido
2020-10-14 04:47:04 -  ip inválido
2020-10-14 04:47:04 -  ip inválido
2020-10-14 04:47:04 -  ip inválido
2020-10-14 04:47:04 -  ip inválido
2020-10-14 04:47:04 -  ip inválido
2020-10-14 04:47:04 -  ip inválido
2020-10-14 04:47:04 -  ip inválido
2020-10-14 04:47:04 -  ip inválido
2020-10-14 04:47:04 -  ip inválido
2020-10-14 04:47:04 -  ip inválido
2020-10-14 04:47:04 -  ip inválido
2020-10-14 04:47:04 -  ip inválido
2020-10-14 04:47:04 -  ip inválido
2020-10-14 04:47:04 -  ip inválido
2020-10-14 04:47:04 -  ip inválido
2020-10-14 04:47:04 -  ip inválido
2020-10-14 04:47:04 -  ip inválido
2020-10-14 04:47:04 -  ip inválido
2020-10-14 04:47:04 -  ip inválido
2020-10-14 04:47:04 -  ip inválido
2020-10-14 04:47:04 -  ip inválido
2020-10-14 04:47:04 -  ip inválido
2020-10-14 04:47:04 -  ip inválido
2020-10-14 04:47:04 -  ip inválido
2020-10-14 04:47:04 -  ip inválido
2020-10-14 04:47:04 -  ip inválido
2020-10-14 04:47:04 -  ip inválido
2020-10-14 04:47:04 -  ip inválido
2020-10-14 04:47:04 -  ip inválido
2020-10-14 04:47:04 -  ip inválido
2020-10-14 04:47:04 -  ip inválido
2020-10-14 04:47:04 -  ip inválido
2020-10-14 04:47:04 -  ip inválido
2020-10-14 04:47:04 -  ip inválido
2020-10-14 04:47:04 -  ip inválido
2020-10-14 04:47:04 -  ip inválido
2020-10-14 04:47:04 -  ip inválido
2020-10-14 04:47:04 -  ip inválido
2020-10-14 04:47:04 -  ip inválido
2020-10-14 04:47:04 -  ip inválido
2020-10-14 04:47:04 -  ip inválido
2020-10-14 04:47:04 -  ip inválido
2020-10-14 04:47:04 -  ip inválido
2020-10-14 04:47:04 -  ip inválido
2020-10-14 04:47:04 -  ip inválido
2020-10-14 04:47:04 -  ip inválido
2020-10-14 04:47:04 -  ip inválido
2020-10-14 04:47:04 -  ip inválido
2020-10-14 04:47:04 -  ip inválido
2020-10-14 04:47:04 -  ip inválido
2020-10-14 04:47:04 -  ip inválido
2020-10-14 04:47:04 -  ip inválido
2020-10-14 04:47:04 -  ip inválido
2020-10-14 04:47:04 -  ip inválido
2020-10-14 04:47:04 -  ip inválido
2020-10-14 04:47:04 -  ip inválido
2020-10-14 04:47:04 -  ip inválido
2020-10-14 04:47:04 -  ip inválido
2020-10-14 04:47:04 -  ip inválido
2020-10-14 04:47:04 -  ip inválido
2020-10-14 04:47:04 -  ip inválido
2020-10-14 04:47:04 -  ip inválido
2020-10-14 04:47:04 -  ip inválido
2020-10-14 04:47:04 -  ip inválido
2020-10-14 04:47:04 -  ip inválido
2020-10-14 04:47:04 -  ip inválido
2020-10-14 04:47:04 -  ip inválido
2020-10-14 04:47:04 -  ip inválido
2020-10-14 04:47:04 -  ip inválido
2020-10-14 04:47:04 -  ip inválido
2020-10-14 04:47:04 -  ip inválido
2020-10-14 04:47:04 -  ip inválido
2020-10-14 04:47:04 -  ip inválido
2020-10-14 04:47:04 -  ip inválido
2020-10-14 04:47:04 -  ip inválido
2020-10-14 04:47:04 -  ip inválido
2020-10-14 04:47:04 -  ip inválido
2020-10-14 04:47:04 -  ip inválido
2020-10-14 04:47:04 -  ip inválido
2020-10-14 04:47:04 -  ip inválido
2020-10-14 04:47:04 -  ip inválido
2020-10-14 04:47:04 -  ip inválido
2020-10-14 04:47:04 -  ip inválido
2020-10-14 04:47:04 -  ip inválido
2020-10-14 04:47:04 -  ip inválido
2020-10-14 04:47:04 -  ip inválido
2020-10-14 04:47:04 -  ip inválido
2020-10-14 04:47:04 -  ip inválido
2020-10-14 04:47:04 -  ip inválido
2020-10-14 04:47:04 -  ip inválido
2020-10-14 04:47:04 -  ip inválido
2020-10-14 04:47:04 -  ip inválido
2020-10-14 04:47:04 -  ip inválido
2020-10-14 04:47:04 -  ip inválido
2020-10-14 04:47:04 -  ip inválido
2020-10-14 04:47:04 -  ip inválido
2020-10-14 04:47:04 -  ip inválido
2020-10-14 04:47:04 -  ip inválido
2020-10-14 04:47:04 -  ip inválido
2020-10-14 04:47:04 -  ip inválido
2020-10-14 04:47:04 -  ip inválido
2020-10-14 04:47:04 -  ip inválido
2020-10-14 04:47:04 -  ip inválido
2020-10-14 04:47:04 -  ip inválido
2020-10-14 04:47:04 -  ip inválido
2020-10-14 04:47:04 -  ip inválido
2020-10-14 04:47:04 -  ip inválido
2020-10-14 04:47:04 -  ip inválido
2020-10-14 04:47:04 -  ip inválido
2020-10-14 04:47:04 -  ip inválido
2020-10-14 04:47:04 -  ip inválido
2020-10-14 04:47:04 -  ip inválido
2020-10-14 04:47:04 -  ip inválido
2020-10-14 04:47:04 -  ip inválido
2020-10-14 04:47:04 -  ip inválido
2020-10-14 04:47:04 -  ip inválido
2020-10-14 04:47:04 -  ip inválido
2020-10-14 04:47:04 -  ip inválido
2020-10-14 04:47:04 -  ip inválido
2020-10-14 04:47:04 -  ip inválido
2020-10-14 04:47:04 -  ip inválido
2020-10-14 04:47:04 -  ip inválido
2020-10-14 04:47:04 -  ip inválido
2020-10-14 04:47:04 -  ip inválido
2020-10-14 04:47:04 -  ip inválido
2020-10-14 04:47:04 -  ip inválido
2020-10-14 04:47:04 -  ip inválido
2020-10-14 04:47:04 -  ip inválido
2020-10-14 04:47:04 -  ip inválido
2020-10-14 04:47:04 -  ip inválido
2020-10-14 04:47:04 -  ip inválido
2020-10-14 04:47:04 -  ip inválido
2020-10-14 04:47:04 -  ip inválido
2020-10-14 04:47:04 -  ip inválido
2020-10-14 04:47:04 -  ip inválido
2020-10-14 04:47:04 -  ip inválido
2020-10-14 04:47:04 -  ip inválido
2020-10-14 04:47:04 -  ip inválido
2020-10-14 04:47:04 -  ip inválido
2020-10-14 04:47:04 -  ip inválido
2020-10-14 04:47:04 -  ip inválido
2020-10-14 04:47:04 -  ip inválido
2020-10-14 04:47:04 -  ip inválido
2020-10-14 04:47:04 -  ip inválido
2020-10-14 04:47:04 -  ip inválido
2020-10-14 04:47:04 -  ip inválido
2020-10-14 04:47:04 -  ip inválido
2020-10-14 04:47:04 -  ip inválido
2020-10-14 04:47:04 -  ip inválido
2020-10-14 04:47:04 -  ip inválido
2020-10-14 04:47:04 -  ip inválido
2020-10-14 04:47:04 -  ip inválido
2020-10-14 04:47:04 -  ip inválido
2020-10-14 04:47:04 -  ip inválido
2020-10-14 04:47:04 -  ip inválido
2020-10-14 04:47:04 -  ip inválido
2020-10-14 04:47:04 -  ip inválido
2020-10-14 04:47:04 -  ip inválido
2020-10-14 04:47:04 -  ip inválido
2020-10-14 04:47:04 -  ip inválido
2020-10-14 04:47:04 -  ip inválido
2020-10-14 04:47:04 -  ip inválido
2020-10-14 04:47:04 -  ip inválido
2020-10-14 04:47:04 -  ip inválido
2020-10-14 04:47:04 -  ip inválido
2020-10-14 04:47:04 -  ip inválido
2020-10-14 04:47:04 -  ip inválido
2020-10-14 04:47:04 -  ip inválido
2020-10-14 04:47:04 -  ip inválido
2020-10-14 04:47:04 -  ip inválido
2020-10-14 04:47:04 -  ip inválido
2020-10-14 04:47:04 -  ip inválido
2020-10-14 04:47:04 -  ip inválido
2020-10-14 04:47:04 -  ip inválido
2020-10-14 04:47:04 -  ip inválido
2020-10-14 04:47:04 -  ip inválido
2020-10-14 04:47:04 -  ip inválido
2020-10-14 04:47:04 -  ip inválido
2020-10-14 04:47:04 -  ip inválido
2020-10-14 04:47:04 -  ip inválido
2020-10-14 04:47:04 -  ip inválido
2020-10-14 04:47:04 -  ip inválido
2020-10-14 04:47:04 -  ip inválido
2020-10-14 04:47:04 -  ip inválido
2020-10-14 04:47:04 -  ip inválido
2020-10-14 04:47:04 -  ip inválido
2020-10-14 04:47:04 -  ip inválido
2020-10-14 04:47:04 -  ip inválido
2020-10-14 04:47:04 -  ip inválido
2020-10-14 04:47:04 -  ip inválido
2020-10-14 04:47:04 -  ip inválido
2020-10-14 04:47:04 -  ip inválido
2020-10-14 04:47:04 -  ip inválido
2020-10-14 04:47:04 -  ip inválido
2020-10-14 04:47:04 -  ip inválido
2020-10-14 04:47:04 -  ip inválido
2020-10-14 04:47:04 -  ip inválido
2020-10-14 04:47:04 -  ip inválido
2020-10-14 04:47:04 -  ip inválido
2020-10-14 04:47:04 -  ip inválido
2020-10-14 04:47:04 -  ip inválido
2020-10-14 04:47:04 -  ip inválido
2020-10-14 04:47:04 -  ip inválido
2020-10-14 04:47:04 -  ip inválido
2020-10-14 04:47:04 -  ip inválido
2020-10-14 04:47:04 -  ip inválido
2020-10-14 04:47:04 -  ip inválido
2020-10-14 04:47:04 -  ip inválido
2020-10-14 04:47:04 -  ip inválido
2020-10-14 04:47:04 -  ip inválido
2020-10-14 04:47:04 -  ip inválido
2020-10-14 04:47:04 -  ip inválido
2020-10-14 04:47:04 -  ip inválido
2020-10-14 04:47:04 -  ip inválido
2020-10-14 04:47:04 -  ip inválido
2020-10-14 04:47:04 -  ip inválido
2020-10-14 04:47:04 -  ip inválido
2020-10-14 04:47:04 -  ip inválido
2020-10-14 04:47:04 -  ip inválido
2020-10-14 04:47:04 -  ip inválido
2020-10-14 04:47:04 -  ip inválido
2020-10-14 04:47:04 -  ip inválido
2020-10-14 04:47:04 -  ip inválido
2020-10-14 04:47:04 -  ip inválido
2020-10-14 04:47:04 -  ip inválido
2020-10-14 04:47:04 -  ip inválido
2020-10-14 04:47:04 -  ip inválido
2020-10-14 04:47:04 -  ip inválido
2020-10-14 04:47:04 -  ip inválido
2020-10-14 04:47:04 -  ip inválido
2020-10-14 04:47:04 -  ip inválido
2020-10-14 04:47:04 -  ip inválido
2020-10-14 04:47:04 -  ip inválido
2020-10-14 04:47:04 -  ip inválido
2020-10-14 04:47:04 -  ip inválido
2020-10-14 04:47:04 -  ip inválido
2020-10-14 04:47:04 -  ip inválido
2020-10-14 04:47:04 -  ip inválido
2020-10-14 04:47:04 -  ip inválido
2020-10-14 04:47:04 -  ip inválido
2020-10-14 04:47:04 -  ip inválido
2020-10-14 04:47:04 -  ip inválido
2020-10-14 04:47:04 -  ip inválido
2020-10-14 04:47:04 -  ip inválido
2020-10-14 04:49:03 -  ip inválido
2020-10-14 04:49:03 -  ip inválido
2020-10-14 04:49:03 -  > Broadcasted message: "There are dragons rising in Draconia!".
2020-10-14 05:05:00 -  ip inválido
2020-10-14 05:05:00 -  ip inválido
2020-10-14 05:05:00 -  ip inválido
2020-10-14 05:05:00 -  ip inválido
2020-10-14 05:05:00 -  ip inválido
2020-10-14 05:05:00 -  ip inválido
2020-10-14 05:05:00 -  ip inválido
2020-10-14 05:05:00 -  ip inválido
2020-10-14 05:05:00 -  ip inválido
2020-10-14 05:05:00 -  ip inválido
2020-10-14 05:05:00 -  ip inválido
2020-10-14 05:05:00 -  ip inválido
2020-10-14 05:05:00 -  ip inválido
2020-10-14 05:05:00 -  ip inválido
2020-10-14 05:05:00 -  ip inválido
2020-10-14 05:05:00 -  ip inválido
2020-10-14 05:05:00 -  Saving server...
2020-10-14 05:05:02 -  > Saved house items in: 1.125 s
2020-10-14 05:05:02 -  Bruxo has logged out.
2020-10-14 05:05:02 -  Saving server...
2020-10-14 05:05:02 -  > Saved house items in: 0.27 s
2020-10-14 05:05:02 -  eu sou o checkname
2020-10-14 05:05:02 -  Shutting down...Saving server...
2020-10-14 05:05:03 -  > Saved house items in: 0.263 s
2020-10-14 05:05:03 -  [Thread 0x7ffff2ba7700 (LWP 3788) exited]
2020-10-14 05:05:03 -  [Thread 0x7ffff35ba700 (LWP 3787) exited]
2020-10-14 05:05:03 -   done!
2020-10-14 05:05:03 -  [Thread 0x7ffff3dbb700 (LWP 3786) exited]
2020-10-14 05:05:44 -  [Inferior 1 (process 3782) exited normally]
