2020-10-21 11:41:51 -  [Thread debugging using libthread_db enabled]
2020-10-21 11:41:51 -  Using host libthread_db library "/lib/x86_64-linux-gnu/libthread_db.so.1".
2020-10-21 11:41:51 -  [New Thread 0x7ffff3dbb700 (LWP 29118)]
2020-10-21 11:41:51 -  [New Thread 0x7ffff35ba700 (LWP 29119)]
2020-10-21 11:41:51 -  The OTG-Premium-Version - Version: (1.3)
2020-10-21 11:41:51 -  Compiled with: GNU C++ version 5.4.0 20160609
2020-10-21 11:41:51 -  Compiled on Sep 17 2020 19:49:36 for platform x64
2020-10-21 11:41:51 -  
2020-10-21 11:41:51 -  Special Credits for: OTG Team, Johncore, Vankk, Erick Nunes, Leonardo Pereira, Leandro Baldissera, Talis, Marcomoa, Marson Schneider, Douglas, Mark Samman, OTXServer (Mattyx Gomez) and The Forgotten Server Developers.
2020-10-21 11:41:51 -  Link of repository: https://github.com/Johncorex/OTG-Premium-Version
2020-10-21 11:41:51 -  
2020-10-21 11:41:51 -  >> Loading config: config.lua
2020-10-21 11:41:51 -  >> Establishing database connection... MySQL 5.7.31
2020-10-21 11:41:51 -  >> Running database manager
2020-10-21 11:41:51 -  [New Thread 0x7ffff2ba7700 (LWP 29120)]
2020-10-21 11:41:51 -  > Optimizing table tile_store... [success]
2020-10-21 11:41:51 -  >> Loading vocations
2020-10-21 11:41:51 -  >> Loading items
2020-10-21 11:41:51 -  >> Loading script systems
2020-10-21 11:41:51 -  >> Loading lua libs
2020-10-21 11:41:51 -  [Warning - Event::checkScript] Can not load script: scripts/expboostaction.lua
2020-10-21 11:41:51 -  cannot open data/actions/scripts/expboostaction.lua: No such file or directory
2020-10-21 11:41:52 -  [Warning - Event::checkScript] Can not load script: scripts/warmode.lua
2020-10-21 11:41:52 -  data/creaturescripts/scripts/warmode.lua:552: function arguments expected near '=='
2020-10-21 11:41:52 -  [Warning - Event::checkScript] Can not load script: scripts/warmode.lua
2020-10-21 11:41:52 -  data/creaturescripts/scripts/warmode.lua:552: function arguments expected near '=='
2020-10-21 11:41:52 -  [Warning - Event::checkScript] Can not load script: scripts/warmode.lua
2020-10-21 11:41:52 -  data/creaturescripts/scripts/warmode.lua:552: function arguments expected near '=='
2020-10-21 11:41:52 -  >> Loading lua scripts
2020-10-21 11:41:53 -  >> Loading monsters
2020-10-21 11:41:53 -  >> Loading lua monsters
2020-10-21 11:41:53 -  >> Loading outfits
2020-10-21 11:41:53 -  >> Loading prey data
2020-10-21 11:41:53 -  >> Checking world type... PVP
2020-10-21 11:41:53 -  >> Loading map
2020-10-21 11:41:54 -  > Map size: 34143x33812.
2020-10-21 11:42:00 -  > Map loading time: 7.136 seconds.
2020-10-21 11:42:01 -  > Loaded house items in: 0.012 s
2020-10-21 11:42:01 -  >> Initializing gamestate
2020-10-21 11:42:04 -  >> Loaded 43 npcs and spawned 72708 monsters.
2020-10-21 11:42:04 -  >> Loaded 27 towns with 1074 houses in total.
2020-10-21 11:42:04 -  [Castle War]
2020-10-21 11:42:04 -  [POWERGAMERS]
2020-10-21 11:42:04 -  [SISTEMA DE LOTERIA] OPERANTE
2020-10-21 11:42:04 -  Advanced NPC spawn system | All NPCs will be loaded trough lib.
2020-10-21 11:42:04 -  [REGEN BOOST] CARREGADO
2020-10-21 11:42:04 -  [SPOOF COUNTER]
2020-10-21 11:42:04 -  [STAMINA]
2020-10-21 11:42:04 -  warvariables
2020-10-21 11:42:04 -  Agenda:	10
2020-10-21 11:42:04 -  eu sou o checkWarmode... 11:42!
2020-10-21 11:42:04 -  11	42	18
2020-10-21 11:42:04 -  >> Loaded all modules, server starting up...
2020-10-21 11:42:04 -  > Warning: OTG-Premium-Version has been executed as root user, please consider running it as a normal user.
2020-10-21 11:42:04 -  >> Honera Global Server Online!
2020-10-21 11:42:04 -  
2020-10-21 11:42:04 -  Demonzin has logged in.
2020-10-21 11:42:04 -  Robalo has logged in.
2020-10-21 11:42:51 -  
2020-10-21 11:42:51 -  Thread 1 "tfs" received signal SIGINT, Interrupt.
2020-10-21 11:42:51 -  0x00007ffff7b14ad3 in epoll_wait () at ../sysdeps/unix/syscall-template.S:84
2020-10-21 11:42:51 -  84	../sysdeps/unix/syscall-template.S: No such file or directory.
2020-10-21 11:42:51 -  
2020-10-21 11:42:51 -  Thread 4 (Thread 0x7ffff2ba7700 (LWP 29120)):
2020-10-21 11:42:51 -  #0  pthread_cond_wait@@GLIBC_2.3.2 () at ../sysdeps/unix/sysv/linux/x86_64/pthread_cond_wait.S:185
2020-10-21 11:42:52 -  No locals.
2020-10-21 11:42:52 -  #1  0x00007ffff5e7491c in std::condition_variable::wait(std::unique_lock<std::mutex>&) () from /usr/lib/x86_64-linux-gnu/libstdc++.so.6
2020-10-21 11:42:52 -  No symbol table info available.
2020-10-21 11:42:52 -  #2  0x00000000006228bf in DatabaseTasks::threadMain() (this=0x8e39a0 <g_databaseTasks>) at /home/otg/src/databasetasks.cpp:42
2020-10-21 11:42:52 -          taskLockUnique = {_M_device = 0x8e3a08 <g_databaseTasks+104>, _M_owns = true}
2020-10-21 11:42:52 -  #3  0x00007ffff5e79c80 in ?? () from /usr/lib/x86_64-linux-gnu/libstdc++.so.6
2020-10-21 11:42:52 -  No symbol table info available.
2020-10-21 11:42:52 -  #4  0x00007ffff614a6ba in start_thread (arg=0x7ffff2ba7700) at pthread_create.c:333
2020-10-21 11:42:52 -          __res = <optimized out>
2020-10-21 11:42:52 -          pd = 0x7ffff2ba7700
2020-10-21 11:42:52 -          now = <optimized out>
2020-10-21 11:42:52 -          unwind_buf = {cancel_jmp_buf = {{jmp_buf = {140737265694464, 965759861890179049, 0, 140737284647471, 140737265695168, 9334528, -965753776486260759, -965743586900353047}, mask_was_saved = 0}}, priv = {pad = {0x0, 0x0, 0x0, 0x0}, data = {prev = 0x0, cleanup = 0x0, canceltype = 0}}}
2020-10-21 11:42:52 -          not_first_call = <optimized out>
2020-10-21 11:42:52 -          pagesize_m1 = <optimized out>
2020-10-21 11:42:52 -          sp = <optimized out>
2020-10-21 11:42:52 -          freesize = <optimized out>
2020-10-21 11:42:52 -          __PRETTY_FUNCTION__ = "start_thread"
2020-10-21 11:42:52 -  #5  0x00007ffff7b144dd in clone () at ../sysdeps/unix/sysv/linux/x86_64/clone.S:109
2020-10-21 11:42:52 -  No locals.
2020-10-21 11:42:52 -  
2020-10-21 11:42:52 -  Thread 3 (Thread 0x7ffff35ba700 (LWP 29119)):
2020-10-21 11:42:52 -  #0  pthread_cond_timedwait@@GLIBC_2.3.2 () at ../sysdeps/unix/sysv/linux/x86_64/pthread_cond_timedwait.S:225
2020-10-21 11:42:52 -  No locals.
2020-10-21 11:42:52 -  #1  0x0000000000506210 in __gthread_cond_timedwait () at /usr/include/x86_64-linux-gnu/c++/5/bits/gthr-default.h:871
2020-10-21 11:42:52 -  No locals.
2020-10-21 11:42:52 -  #2  std::condition_variable::__wait_until_impl (__atime=..., __lock=..., this=0x8e6fa0 <g_scheduler+64>) at /usr/include/c++/5/condition_variable:165
2020-10-21 11:42:52 -          __ts = {tv_sec = 1603294971, tv_nsec = 924075484}
2020-10-21 11:42:52 -  #3  std::condition_variable::wait_until<std::chrono::duration<long, std::ratio<1l, 1000000000l> > > () at /usr/include/c++/5/condition_variable:105
2020-10-21 11:42:52 -          __lock = @0x7ffff35b9e90: {_M_device = 0x8e6f78 <g_scheduler+24>, _M_owns = true}
2020-10-21 11:42:52 -          this = 0x8e6fa0 <g_scheduler+64>
2020-10-21 11:42:52 -  #4  Scheduler::threadMain (this=0x8e6f60 <g_scheduler>) at /home/otg/src/scheduler.cpp:36
2020-10-21 11:42:52 -          ret = std::cv_status::no_timeout
2020-10-21 11:42:52 -          eventLockUnique = {_M_device = 0x8e6f78 <g_scheduler+24>, _M_owns = true}
2020-10-21 11:42:52 -  #5  0x00007ffff5e79c80 in ?? () from /usr/lib/x86_64-linux-gnu/libstdc++.so.6
2020-10-21 11:42:52 -  No symbol table info available.
2020-10-21 11:42:52 -  #6  0x00007ffff614a6ba in start_thread (arg=0x7ffff35ba700) at pthread_create.c:333
2020-10-21 11:42:52 -          __res = <optimized out>
2020-10-21 11:42:52 -          pd = 0x7ffff35ba700
2020-10-21 11:42:52 -          now = <optimized out>
2020-10-21 11:42:52 -          unwind_buf = {cancel_jmp_buf = {{jmp_buf = {140737276258048, 965759861890179049, 0, 140737488346847, 140737276258752, 9437376, -965749658149494807, -965743586900353047}, mask_was_saved = 0}}, priv = {pad = {0x0, 0x0, 0x0, 0x0}, data = {prev = 0x0, cleanup = 0x0, canceltype = 0}}}
2020-10-21 11:42:52 -          not_first_call = <optimized out>
2020-10-21 11:42:52 -          pagesize_m1 = <optimized out>
2020-10-21 11:42:52 -          sp = <optimized out>
2020-10-21 11:42:52 -          freesize = <optimized out>
2020-10-21 11:42:52 -          __PRETTY_FUNCTION__ = "start_thread"
2020-10-21 11:42:52 -  #7  0x00007ffff7b144dd in clone () at ../sysdeps/unix/sysv/linux/x86_64/clone.S:109
2020-10-21 11:42:52 -  No locals.
2020-10-21 11:42:52 -  
2020-10-21 11:42:52 -  Thread 2 (Thread 0x7ffff3dbb700 (LWP 29118)):
2020-10-21 11:42:52 -  #0  pthread_cond_wait@@GLIBC_2.3.2 () at ../sysdeps/unix/sysv/linux/x86_64/pthread_cond_wait.S:185
2020-10-21 11:42:52 -  No locals.
2020-10-21 11:42:52 -  #1  0x00007ffff5e7491c in std::condition_variable::wait(std::unique_lock<std::mutex>&) () from /usr/lib/x86_64-linux-gnu/libstdc++.so.6
2020-10-21 11:42:52 -  No symbol table info available.
2020-10-21 11:42:52 -  #2  0x000000000055af7b in Dispatcher::threadMain() (this=0x8e6ec0 <g_dispatcher>) at /home/otg/src/tasks.cpp:50
2020-10-21 11:42:52 -          taskLockUnique = {_M_device = 0x8e6ed8 <g_dispatcher+24>, _M_owns = true}
2020-10-21 11:42:52 -  #3  0x00007ffff5e79c80 in ?? () from /usr/lib/x86_64-linux-gnu/libstdc++.so.6
2020-10-21 11:42:52 -  No symbol table info available.
2020-10-21 11:42:52 -  #4  0x00007ffff614a6ba in start_thread (arg=0x7ffff3dbb700) at pthread_create.c:333
2020-10-21 11:42:52 -          __res = <optimized out>
2020-10-21 11:42:52 -          pd = 0x7ffff3dbb700
2020-10-21 11:42:52 -          now = <optimized out>
2020-10-21 11:42:52 -          unwind_buf = {cancel_jmp_buf = {{jmp_buf = {140737284650752, 965759861890179049, 0, 140737488346847, 140737284651456, 9437376, -965750759271735319, -965743586900353047}, mask_was_saved = 0}}, priv = {pad = {0x0, 0x0, 0x0, 0x0}, data = {prev = 0x0, cleanup = 0x0, canceltype = 0}}}
2020-10-21 11:42:52 -          not_first_call = <optimized out>
2020-10-21 11:42:52 -          pagesize_m1 = <optimized out>
2020-10-21 11:42:52 -          sp = <optimized out>
2020-10-21 11:42:52 -          freesize = <optimized out>
2020-10-21 11:42:52 -          __PRETTY_FUNCTION__ = "start_thread"
2020-10-21 11:42:52 -  #5  0x00007ffff7b144dd in clone () at ../sysdeps/unix/sysv/linux/x86_64/clone.S:109
2020-10-21 11:42:52 -  No locals.
2020-10-21 11:42:52 -  
2020-10-21 11:42:52 -  Thread 1 (Thread 0x7ffff7fe6740 (LWP 29114)):
2020-10-21 11:42:52 -  #0  0x00007ffff7b14ad3 in epoll_wait () at ../sysdeps/unix/syscall-template.S:84
2020-10-21 11:42:52 -  No locals.
2020-10-21 11:42:52 -  #1  0x00000000005b70e7 in boost::asio::detail::epoll_reactor::run(bool, boost::asio::detail::op_queue<boost::asio::detail::task_io_service_operation>&) [clone .constprop.204] (this=0x901570, block=<optimized out>, ops=...) at /usr/include/boost/asio/detail/impl/epoll_reactor.ipp:392
2020-10-21 11:42:52 -          timeout = <optimized out>
2020-10-21 11:42:52 -          events = {{events = 1, data = {ptr = 0x9015c8, fd = 9442760, u32 = 9442760, u64 = 9442760}}, {events = 0, data = {ptr = 0x0, fd = 0, u32 = 0, u64 = 0}} <repeats 16 times>, {events = 0, data = {ptr = 0x3433000000000000, fd = 0, u32 = 0, u64 = 3761350113784496128}}, {events = 0, data = {ptr = 0xffffd9c000000000, fd = 0, u32 = 0, u64 = 18446702017389789184}}, {events = 32767, data = {ptr = 0x11, fd = 17, u32 = 17, u64 = 17}}, {events = 4294958048, data = {ptr = 0x66d31200007fff, fd = 32767, u32 = 32767, u64 = 28942521887391743}}, {events = 0, data = {ptr = 0x7fffffffdaf8, fd = -9480, u32 = 4294957816, u64 = 140737488345848}}, {events = 1, data = {ptr = 0xffffd9c000000000, fd = 0, u32 = 0, u64 = 18446702017389789184}}, {events = 32767, data = {ptr = 0x7ffff7b23814 <___vsprintf_chk+132>, fd = -139315180, u32 = 4155652116, u64 = 140737349040148}}, {events = 4222451713, data = {ptr = 0xffffdbe000000000, fd = 0, u32 = 0, u64 = 18446704353851998208}}, {events = 32767, data = {ptr = 0x7fffffffdbe0, fd = -9248, u32 = 4294958048, u64 = 140737488346080}}, {events = 4294958048, data = {ptr = 0xffffdbe000007fff, fd = 32767, u32 = 32767, u64 = 18446704353852030975}}, {events = 32767, data = {ptr = 0x7fffffffdbeb, fd = -9237, u32 = 4294958059, u64 = 140737488346091}}, {events = 4294958064, data = {ptr = 0xffffdbe000007fff, fd = 32767, u32 = 32767, u64 = 18446704353852030975}}, {events = 32767, data = {ptr = 0x7fffffffdbf0, fd = -9232, u32 = 4294958064, u64 = 140737488346096}}, {events = 0, data = {ptr = 0x0, fd = 0, u32 = 0, u64 = 0}}, {events = 0, data = {ptr = 0x0, fd = 0, u32 = 0, u64 = 0}}, {events = 0, data = {ptr = 0x0, fd = 0, u32 = 0, u64 = 0}}, {events = 0, data = {ptr = 0x400000000, fd = 0, u32 = 0, u64 = 17179869184}}, {events = 0, data = {ptr = 0x0, fd = 0, u32 = 0, u64 = 0}}, {events = 0, data = {ptr = 0x0, fd = 0, u32 = 0, u64 = 0}}, {events = 0, data = {ptr = 0x0, fd = 0, u32 = 0, u64 = 0}}, {events = 0, data = {ptr = 0xffffffffffffffff, fd = -1, u32 = 4294967295, u64 = 18446744073709551615}}, {events = 0, data = {ptr = 0x0, fd = 0, u32 = 0, u64 = 0}}, {events = 0, data = {ptr = 0x7ffff7dd1b20 <main_arena>, fd = -136504544, u32 = 4158462752, u64 = 140737351850784}}, {events = 4294967295, data = {ptr = 0x200000000, fd = 0, u32 = 0, u64 = 8589934592}}, {events = 0, data = {ptr = 0x7fffefaa6ec0, fd = -274043200, u32 = 4020924096, u64 = 140737214312128}}, {events = 4158458208, data = {ptr = 0x7fff, fd = 32767, u32 = 32767, u64 = 32767}}, {events = 0, data = {ptr = 0x7ffff7a8ed0c <_int_malloc+380>, fd = -139924212, u32 = 4155043084, u64 = 140737348431116}}, {events = 2, data = {ptr = 0x1800000000, fd = 0, u32 = 0, u64 = 103079215104}}, {events = 0, data = {ptr = 0x7fffffffdb30, fd = -9424, u32 = 4294957872, u64 = 140737488345904}}, {events = 9644368, data = {ptr = 0x0, fd = 0, u32 = 0, u64 = 0}}, {events = 0, data = {ptr = 0x18, fd = 24, u32 = 24, u64 = 24}}, {events = 9425, data = {ptr = 0xffffdb2fffff8000, fd = -32768, u32 = 4294934528, u64 = 18446703597937721344}}, {events = 32767, data = {ptr = 0x0, fd = 0, u32 = 0, u64 = 0}}, {events = 2, data = {ptr = 0x300000030, fd = 48, u32 = 48, u64 = 12884901936}}, {events = 0, data = {ptr = 0x20, fd = 32, u32 = 32, u64 = 32}}, {events = 4, data = {ptr = 0x3000000000, fd = 0, u32 = 0, u64 = 206158430208}}, {events = 0, data = {ptr = 0x7fffffffdb90, fd = -9328, u32 = 4294957968, u64 = 140737488346000}}, {events = 119, data = {ptr = 0x24810000007c, fd = 124, u32 = 124, u64 = 40136469381244}}, {events = 4294934528, data = {ptr = 0x7fffffffdb7f, fd = -9345, u32 = 4294957951, u64 = 140737488345983}}, {events = 9329, data = {ptr = 0xffffdb8fffff8000, fd = -32768, u32 = 4294934528, u64 = 18446704010254581760}}, {events = 32767, data = {ptr = 0x1, fd = 1, u32 = 1, u64 = 1}}, {events = 4, data = {ptr = 0x31, fd = 49, u32 = 49, u64 = 49}}, {events = 0, data = {ptr = 0x0, fd = 0, u32 = 0, u64 = 0}}, {events = 91, data = {ptr = 0xf7dd1b200000006e, fd = 110, u32 = 110, u64 = 17860461521474158702}}, {events = 32767, data = {ptr = 0x18, fd = 24, u32 = 24, u64 = 24}}, {events = 9334488, data = {ptr = 0x96280000000000, fd = 0, u32 = 0, u64 = 42265226971709440}}, {events = 0, data = {ptr = 0x0, fd = 0, u32 = 0, u64 = 0}}, {events = 9334576, data = {ptr = 0xf7a911d400000000, fd = 0, u32 = 0, u64 = 17845814600663040000}}, {events = 32767, data = {ptr = 0x20, fd = 32, u32 = 32, u64 = 32}}, {events = 24, data = {ptr = 0x9328c000000000, fd = 0, u32 = 0, u64 = 41421626675298304}}, {events = 0, data = {ptr = 0x7ffff5e4ee78 <operator new(unsigned long)+24>, fd = -169546120, u32 = 4125421176, u64 = 140737318809208}}, {events = 9334464, data = {ptr = 0x577e8f00000000, fd = 0, u32 = 0, u64 = 24627475619250176}}, {events = 0, data = {ptr = 0x11, fd = 17, u32 = 17, u64 = 17}}, {events = 1483838784, data = {ptr = 0xffffdc3000007fff, fd = 32767, u32 = 32767, u64 = 18446704697449414655}}, {events = 32767, data = {ptr = 0x952780, fd = 9774976, u32 = 9774976, u64 = 9774976}}, {events = 9840664, data = {ptr = 0x0, fd = 0, u32 = 0, u64 = 0}}, {events = 0, data = {ptr = 0x7ffff614e4ff <__GI___pthread_mutex_unlock+63>, fd = -166402817, u32 = 4128564479, u64 = 140737321952511}}, {events = 6735568, data = {ptr = 0x1100000000, fd = 0, u32 = 0, u64 = 73014444032}}, {events = 0, data = {ptr = 0x56de50 <Connection::close(bool)+352>, fd = 5693008, u32 = 5693008, u64 = 5693008}}, {events = 9709216, data = {ptr = 0x200000000, fd = 0, u32 = 0, u64 = 8589934592}}, {events = 0, data = {ptr = 0x0, fd = 0, u32 = 0, u64 = 0}}, {events = 9774840, data = {ptr = 0x3100000000, fd = 0, u32 = 0, u64 = 210453397504}}, {events = 0, data = {ptr = 0x0, fd = 0, u32 = 0, u64 = 0}}, {events = 0, data = {ptr = 0x0, fd = 0, u32 = 0, u64 = 0}}, {events = 0, data = {ptr = 0x962878, fd = 9840760, u32 = 9840760, u64 = 9840760}}, {events = 9774976, data = {ptr = 0x96281800000000, fd = 0, u32 = 0, u64 = 42265330050924544}}, {events = 0, data = {ptr = 0x7fffffffde08, fd = -8696, u32 = 4294958600, u64 = 140737488346632}}, {events = 9644496, data = {ptr = 0x56f29e00000000, fd = 0, u32 = 0, u64 = 24473608415870976}}, {events = 0, data = {ptr = 0x9329d0, fd = 9644496, u32 = 9644496, u64 = 9644496}}, {events = 0, data = {ptr = 0x911ee800000000, fd = 0, u32 = 0, u64 = 40847853404291072}}, {events = 0, data = {ptr = 0x0, fd = 0, u32 = 0, u64 = 0}}, {events = 4128564479, data = {ptr = 0x901e5000007fff, fd = 32767, u32 = 32767, u64 = 40565725592584191}}, {events = 0, data = {ptr = 0x7fff9c2279b0, fd = -1675462224, u32 = 2619505072, u64 = 140735812893104}}, {events = 2974121696, data = {ptr = 0x911ee800007fff, fd = 32767, u32 = 32767, u64 = 40847853404323839}}, {events = 0, data = {ptr = 0x7fffffffde78, fd = -8584, u32 = 4294958712, u64 = 140737488346744}}, {events = 0, data = {ptr = 0xf7a9158c00000000, fd = 0, u32 = 0, u64 = 17845818689471905792}}, {events = 32767, data = {ptr = 0x7fffffffddc0, fd = -8768, u32 = 4294958528, u64 = 140737488346560}}, {events = 4294958640, data = {ptr = 0x90009000007fff, fd = 32767, u32 = 32767, u64 = 40533015121657855}}, {events = 0, data = {ptr = 0x901e50, fd = 9444944, u32 = 9444944, u64 = 9444944}}, {events = 14, data = {ptr = 0x901e5000000000, fd = 0, u32 = 0, u64 = 40565725592551424}}, {events = 0, data = {ptr = 0x7fff9c2279b0, fd = -1675462224, u32 = 2619505072, u64 = 140735812893104}}, {events = 2974121696, data = {ptr = 0x911ee800007fff, fd = 32767, u32 = 32767, u64 = 40847853404323839}}, {events = 0, data = {ptr = 0x58a8b4 <Connection::onWriteOperation(boost::system::error_code const&)+260>, fd = 5810356, u32 = 5810356, u64 = 5810356}}, {events = 0, data = {ptr = 0xf71e50e000000000, fd = 0, u32 = 0, u64 = 17806758899672416256}}, {events = 32767, data = {ptr = 0xffffde30, fd = -8656, u32 = 4294958640, u64 = 4294958640}}, {events = 14, data = {ptr = 0x0, fd = 0, u32 = 0, u64 = 0}}, {events = 0, data = {ptr = 0x0, fd = 0, u32 = 0, u64 = 0}}, {events = 4294958640, data = {ptr = 0x58574500007fff, fd = 32767, u32 = 32767, u64 = 24865751814930431}}, {events = 0, data = {ptr = 0x10, fd = 16, u32 = 16, u64 = 16}}, {events = 4155593817, data = {ptr = 0xffffde3000007fff, fd = 32767, u32 = 32767, u64 = 18446706896472670207}}, {events = 32767, data = {ptr = 0x0, fd = 0, u32 = 0, u64 = 0}}, {events = 0, data = {ptr = 0x0, fd = 0, u32 = 0, u64 = 0}}, {events = 16, data = {ptr = 0x962878, fd = 9840760, u32 = 9840760, u64 = 9840760}}, {events = 4294958720, data = {ptr = 0x90009000007fff, fd = 32767, u32 = 32767, u64 = 40533015121657855}}, {events = 0, data = {ptr = 0x0, fd = 0, u32 = 0, u64 = 0}}, {events = 0, data = {ptr = 0x9000c000000000, fd = 0, u32 = 0, u64 = 40533221280055296}}, {events = 0, data = {ptr = 0x0, fd = 0, u32 = 0, u64 = 0}}, {events = 4155053452, data = {ptr = 0x95277000007fff, fd = 32767, u32 = 32767, u64 = 41983133519740927}}, {events = 0, data = {ptr = 0x2, fd = 2, u32 = 2, u64 = 2}}, {events = 9307176, data = {ptr = 0x58a73100000000, fd = 0, u32 = 0, u64 = 24953626845773824}}, {events = 0, data = {ptr = 0x7fffefd4a350, fd = -271277232, u32 = 4023690064, u64 = 140737217078096}}, {events = 4294958720, data = {ptr = 0x90009000007fff, fd = 32767, u32 = 32767, u64 = 40533015121657855}}, {events = 0, data = {ptr = 0x7fffffffde80, fd = -8576, u32 = 4294958720, u64 = 140737488346752}}, {events = 9437328, data = {ptr = 0x58646e00000000, fd = 0, u32 = 0, u64 = 24880221559717888}}, {events = 0, data = {ptr = 0x901e50, fd = 9444944, u32 = 9444944, u64 = 9444944}}, {events = 9444928, data = {ptr = 0xffffde8000000000, fd = 0, u32 = 0, u64 = 18446707240070021120}}, {events = 32767, data = {ptr = 0x0, fd = 0, u32 = 0, u64 = 0}}, {events = 0, data = {ptr = 0x0, fd = 0, u32 = 0, u64 = 0}}, {events = 32767, data = {ptr = 0x58a720 <Connection::handleTimeout(std::weak_ptr<Connection>, boost::system::error_code const&)>, fd = 5809952, u32 = 5809952, u64 = 5809952}}, {events = 9444944, data = {ptr = 0x901e4000000000, fd = 0, u32 = 0, u64 = 40565656873074688}}, {events = 0, data = {ptr = 0x1011f7e0000007d, fd = 125, u32 = 125, u64 = 72373695040979069}}}
2020-10-21 11:42:52 -          num_events = <optimized out>
2020-10-21 11:42:52 -          check_timers = <optimized out>
2020-10-21 11:42:52 -  #2  0x000000000055dcd3 in do_run_one (ec=..., this_thread=..., lock=<synthetic pointer>, this=0x900090) at /usr/include/boost/asio/detail/impl/task_io_service.ipp:356
2020-10-21 11:42:52 -          more_handlers = <optimized out>
2020-10-21 11:42:52 -  #3  run (ec=..., this=0x900090) at /usr/include/boost/asio/detail/impl/task_io_service.ipp:149
2020-10-21 11:42:52 -          this_thread = {private_op_queue = {front_ = 0x0, back_ = 0x0}, private_outstanding_work = 0}
2020-10-21 11:42:52 -          ctx = {key_ = 0x900090, value_ = 0x7fffffffdf40, next_ = 0x0}
2020-10-21 11:42:52 -          lock = {mutex_ = @0x9000c0, locked_ = <optimized out>}
2020-10-21 11:42:52 -          n = 426
2020-10-21 11:42:52 -  #4  _ZN5boost4asio10io_service3runEv.isra.226 () at /usr/include/boost/asio/impl/io_service.ipp:59
2020-10-21 11:42:52 -          ec = {m_val = 0, m_cat = 0x7ffff71e50e0}
2020-10-21 11:42:52 -  #5  ServiceManager::run() (this=this@entry=0x7fffffffdff0) at /home/otg/src/server.cpp:47
2020-10-21 11:42:52 -  No locals.
2020-10-21 11:42:52 -  #6  0x0000000000474c46 in main (argc=1, argv=0x7fffffffe1b8) at /home/otg/src/otserv.cpp:96
2020-10-21 11:42:52 -          serviceManager = {acceptors = {_M_h = {_M_buckets = 0x7fffef6def50, _M_bucket_count = 5, _M_before_begin = {_M_nxt = 0x7fffef6def20}, _M_element_count = 2, _M_rehash_policy = {_M_max_load_factor = 1, _M_next_resize = 5}, _M_single_bucket = 0x0}}, io_service = {service_registry_ = 0x900040, impl_ = @0x900090}, signals = {set = {<No data fields>}}, death_timer = {<No data fields>}, running = true}
2020-10-21 11:42:52 -  SABADOU!! NPC HONERA CRIADO
2020-10-21 11:42:52 -  Saving server...
2020-10-21 11:42:53 -  > Saved house items in: 0.322 s
2020-10-21 11:42:53 -  A debugging session is active.
2020-10-21 11:42:53 -  
2020-10-21 11:42:53 -  	Inferior 1 [process 29114] will be killed.
2020-10-21 11:42:53 -  
2020-10-21 11:42:53 -  Quit anyway? (y or n) [answered Y; input not from terminal]
