2020-10-24 11:30:14 -  [Thread debugging using libthread_db enabled]
2020-10-24 11:30:14 -  Using host libthread_db library "/lib/x86_64-linux-gnu/libthread_db.so.1".
2020-10-24 11:30:14 -  [New Thread 0x7ffff3dbb700 (LWP 6250)]
2020-10-24 11:30:14 -  [New Thread 0x7ffff35ba700 (LWP 6251)]
2020-10-24 11:30:14 -  The OTG-Premium-Version - Version: (1.3)
2020-10-24 11:30:14 -  Compiled with: GNU C++ version 5.4.0 20160609
2020-10-24 11:30:14 -  Compiled on Sep 17 2020 19:49:36 for platform x64
2020-10-24 11:30:14 -  
2020-10-24 11:30:14 -  Special Credits for: OTG Team, Johncore, Vankk, Erick Nunes, Leonardo Pereira, Leandro Baldissera, Talis, Marcomoa, Marson Schneider, Douglas, Mark Samman, OTXServer (Mattyx Gomez) and The Forgotten Server Developers.
2020-10-24 11:30:14 -  Link of repository: https://github.com/Johncorex/OTG-Premium-Version
2020-10-24 11:30:14 -  
2020-10-24 11:30:14 -  >> Loading config: config.lua
2020-10-24 11:30:14 -  >> Establishing database connection... MySQL 5.7.31
2020-10-24 11:30:14 -  >> Running database manager
2020-10-24 11:30:14 -  [New Thread 0x7ffff2ba7700 (LWP 6252)]
2020-10-24 11:30:14 -  > Optimizing table tile_store... [success]
2020-10-24 11:30:14 -  >> Loading vocations
2020-10-24 11:30:14 -  >> Loading items
2020-10-24 11:30:14 -  >> Loading script systems
2020-10-24 11:30:14 -  >> Loading lua libs
2020-10-24 11:30:15 -  [Warning - Event::checkScript] Can not load script: scripts/expboostaction.lua
2020-10-24 11:30:15 -  cannot open data/actions/scripts/expboostaction.lua: No such file or directory
2020-10-24 11:30:16 -  >> Loading lua scripts
2020-10-24 11:30:16 -  >> Loading monsters
2020-10-24 11:30:16 -  >> Loading lua monsters
2020-10-24 11:30:16 -  >> Loading outfits
2020-10-24 11:30:16 -  >> Loading prey data
2020-10-24 11:30:16 -  >> Checking world type... PVP
2020-10-24 11:30:16 -  >> Loading map
2020-10-24 11:30:18 -  > Map size: 34143x33812.
2020-10-24 11:30:23 -  > Map loading time: 7.256 seconds.
2020-10-24 11:30:24 -  > Loaded house items in: 0.012 s
2020-10-24 11:30:24 -  >> Initializing gamestate
2020-10-24 11:30:26 -  >> Loaded 43 npcs and spawned 72708 monsters.
2020-10-24 11:30:26 -  >> Loaded 27 towns with 1074 houses in total.
2020-10-24 11:30:26 -  [Castle War]
2020-10-24 11:30:26 -  [POWERGAMERS]
2020-10-24 11:30:26 -  [SISTEMA DE LOTERIA] OPERANTE
2020-10-24 11:30:26 -  Advanced NPC spawn system | All NPCs will be loaded trough lib.
2020-10-24 11:30:26 -  [REGEN BOOST] CARREGADO
2020-10-24 11:30:26 -  [SPOOF COUNTER]
2020-10-24 11:30:26 -  [STAMINA]
2020-10-24 11:30:26 -  warvariables
2020-10-24 11:30:26 -  eu sou o checkWarmode... 11:30!
2020-10-24 11:30:26 -  > Broadcasted message: "[Warmode] Atencao! A Guild TesteWarmode desafiou a Guild Vai tomando para uma batalha que vai iniciar agora! Use o comando !war, para juntar-se a sua guild.".
2020-10-24 11:30:26 -  >> Loaded all modules, server starting up...
2020-10-24 11:30:26 -  > Warning: OTG-Premium-Version has been executed as root user, please consider running it as a normal user.
2020-10-24 11:30:26 -  >> Honera Global Server Online!
2020-10-24 11:30:26 -  
2020-10-24 11:30:27 -  Reyzor has logged in.
2020-10-24 11:30:27 -  funcao onLogin
2020-10-24 11:30:27 -  Limao has logged in.
2020-10-24 11:30:27 -  funcao onLogin
2020-10-24 11:30:27 -  Dev Marson has logged in.
2020-10-24 11:30:27 -  funcao onLogin
2020-10-24 11:30:27 -  Demonzin has logged in.
2020-10-24 11:30:27 -  funcao onLogin
2020-10-24 11:30:27 -  Demonzin has logged out.
2020-10-24 11:30:27 -  Robalo has logged in.
2020-10-24 11:30:27 -  funcao onLogin
2020-10-24 11:30:27 -  Robalo has logged out.
2020-10-24 11:30:37 -  SABADOU!! NPC HONERA CRIADO
2020-10-24 11:30:37 -  Demonzin has logged in.
2020-10-24 11:30:37 -  funcao onLogin
2020-10-24 11:30:37 -  Robalo has logged in.
2020-10-24 11:30:44 -  funcao onLogin
2020-10-24 11:30:44 -  Demonzin has logged out.
2020-10-24 11:30:47 -  Demonzin has logged in.
2020-10-24 11:31:08 -  funcao onLogin
2020-10-24 11:31:08 -  Reyzor has logged out.
2020-10-24 11:31:08 -  Euteamo has logged in.
2020-10-24 11:31:08 -  funcao onLogin
2020-10-24 11:31:08 -  Euteamo has logged out.
2020-10-24 11:31:24 -  Tamarindo has logged in.
2020-10-24 11:31:33 -  funcao onLogin
2020-10-24 11:31:33 -  Euteamo has logged in.
2020-10-24 11:31:44 -  funcao onLogin
2020-10-24 11:31:44 -  Agenda:	11
2020-10-24 11:31:44 -  Euteamo has logged out.
2020-10-24 11:31:46 -  Reyzorii has logged in.
2020-10-24 11:31:46 -  funcao onLogin
2020-10-24 11:31:46 -  Reyzorii has logged out.
2020-10-24 11:32:05 -  Reyzorii has logged in.
2020-10-24 11:32:14 -  funcao onLogin
2020-10-24 11:32:14 -  Reyzorii has logged out.
2020-10-24 11:32:15 -  Reyzor has logged in.
2020-10-24 11:33:54 -  funcao onLogin
2020-10-24 11:33:54 -  aqui eu checkei o choiceID para atualizar o warmode temp3
2020-10-24 11:33:54 -  aqui eu checkei o choiceID para atualizar o warmode temp3
2020-10-24 11:33:54 -  aqui eu checkei o choiceID para atualizar o warmode temp1
2020-10-24 11:33:54 -  aqui eu checkei o choiceID para atualizar o warmode temp2
2020-10-24 11:33:54 -  aqui eu checkei o choiceID para atualizar o warmode temp3
2020-10-24 11:33:54 -  aqui eu checkei o choiceID para atualizar o warmode temp255
2020-10-24 11:33:54 -  Limao has logged out.
2020-10-24 11:35:19 -  
2020-10-24 11:35:19 -  Thread 1 "tfs" received signal SIGINT, Interrupt.
2020-10-24 11:35:19 -  0x00007ffff7b14ad3 in epoll_wait () at ../sysdeps/unix/syscall-template.S:84
2020-10-24 11:35:19 -  84	../sysdeps/unix/syscall-template.S: No such file or directory.
2020-10-24 11:35:19 -  
2020-10-24 11:35:19 -  Thread 4 (Thread 0x7ffff2ba7700 (LWP 6252)):
2020-10-24 11:35:19 -  #0  pthread_cond_wait@@GLIBC_2.3.2 () at ../sysdeps/unix/sysv/linux/x86_64/pthread_cond_wait.S:185
2020-10-24 11:35:19 -  No locals.
2020-10-24 11:35:19 -  #1  0x00007ffff5e7491c in std::condition_variable::wait(std::unique_lock<std::mutex>&) () from /usr/lib/x86_64-linux-gnu/libstdc++.so.6
2020-10-24 11:35:19 -  No symbol table info available.
2020-10-24 11:35:19 -  #2  0x00000000006228bf in DatabaseTasks::threadMain() (this=0x8e39a0 <g_databaseTasks>) at /home/otg/src/databasetasks.cpp:42
2020-10-24 11:35:19 -          taskLockUnique = {_M_device = 0x8e3a08 <g_databaseTasks+104>, _M_owns = true}
2020-10-24 11:35:19 -  #3  0x00007ffff5e79c80 in ?? () from /usr/lib/x86_64-linux-gnu/libstdc++.so.6
2020-10-24 11:35:19 -  No symbol table info available.
2020-10-24 11:35:19 -  #4  0x00007ffff614a6ba in start_thread (arg=0x7ffff2ba7700) at pthread_create.c:333
2020-10-24 11:35:19 -          __res = <optimized out>
2020-10-24 11:35:19 -          pd = 0x7ffff2ba7700
2020-10-24 11:35:19 -          now = <optimized out>
2020-10-24 11:35:19 -          unwind_buf = {cancel_jmp_buf = {{jmp_buf = {140737265694464, 7354906712480826372, 0, 140737284647471, 140737265695168, 9334528, -7354934702222982140, -7354927368874212348}, mask_was_saved = 0}}, priv = {pad = {0x0, 0x0, 0x0, 0x0}, data = {prev = 0x0, cleanup = 0x0, canceltype = 0}}}
2020-10-24 11:35:19 -          not_first_call = <optimized out>
2020-10-24 11:35:19 -          pagesize_m1 = <optimized out>
2020-10-24 11:35:19 -          sp = <optimized out>
2020-10-24 11:35:19 -          freesize = <optimized out>
2020-10-24 11:35:19 -          __PRETTY_FUNCTION__ = "start_thread"
2020-10-24 11:35:19 -  #5  0x00007ffff7b144dd in clone () at ../sysdeps/unix/sysv/linux/x86_64/clone.S:109
2020-10-24 11:35:19 -  No locals.
2020-10-24 11:35:19 -  
2020-10-24 11:35:19 -  Thread 3 (Thread 0x7ffff35ba700 (LWP 6251)):
2020-10-24 11:35:19 -  #0  pthread_cond_timedwait@@GLIBC_2.3.2 () at ../sysdeps/unix/sysv/linux/x86_64/pthread_cond_timedwait.S:225
2020-10-24 11:35:19 -  No locals.
2020-10-24 11:35:19 -  #1  0x0000000000506210 in __gthread_cond_timedwait () at /usr/include/x86_64-linux-gnu/c++/5/bits/gthr-default.h:871
2020-10-24 11:35:19 -  No locals.
2020-10-24 11:35:19 -  #2  std::condition_variable::__wait_until_impl (__atime=..., __lock=..., this=0x8e6fa0 <g_scheduler+64>) at /usr/include/c++/5/condition_variable:165
2020-10-24 11:35:19 -          __ts = {tv_sec = 1603553719, tv_nsec = 101764811}
2020-10-24 11:35:19 -  #3  std::condition_variable::wait_until<std::chrono::duration<long, std::ratio<1l, 1000000000l> > > () at /usr/include/c++/5/condition_variable:105
2020-10-24 11:35:19 -          __lock = @0x7ffff35b9e90: {_M_device = 0x8e6f78 <g_scheduler+24>, _M_owns = true}
2020-10-24 11:35:19 -          this = 0x8e6fa0 <g_scheduler+64>
2020-10-24 11:35:19 -  #4  Scheduler::threadMain (this=0x8e6f60 <g_scheduler>) at /home/otg/src/scheduler.cpp:36
2020-10-24 11:35:19 -          ret = std::cv_status::no_timeout
2020-10-24 11:35:19 -          eventLockUnique = {_M_device = 0x8e6f78 <g_scheduler+24>, _M_owns = true}
2020-10-24 11:35:19 -  #5  0x00007ffff5e79c80 in ?? () from /usr/lib/x86_64-linux-gnu/libstdc++.so.6
2020-10-24 11:35:19 -  No symbol table info available.
2020-10-24 11:35:19 -  #6  0x00007ffff614a6ba in start_thread (arg=0x7ffff35ba700) at pthread_create.c:333
2020-10-24 11:35:19 -          __res = <optimized out>
2020-10-24 11:35:19 -          pd = 0x7ffff35ba700
2020-10-24 11:35:19 -          now = <optimized out>
2020-10-24 11:35:19 -          unwind_buf = {cancel_jmp_buf = {{jmp_buf = {140737276258048, 7354906712480826372, 0, 140737488346847, 140737276258752, 9437376, -7354934437545622524, -7354927368874212348}, mask_was_saved = 0}}, priv = {pad = {0x0, 0x0, 0x0, 0x0}, data = {prev = 0x0, cleanup = 0x0, canceltype = 0}}}
2020-10-24 11:35:19 -          not_first_call = <optimized out>
2020-10-24 11:35:19 -          pagesize_m1 = <optimized out>
2020-10-24 11:35:19 -          sp = <optimized out>
2020-10-24 11:35:19 -          freesize = <optimized out>
2020-10-24 11:35:19 -          __PRETTY_FUNCTION__ = "start_thread"
2020-10-24 11:35:19 -  #7  0x00007ffff7b144dd in clone () at ../sysdeps/unix/sysv/linux/x86_64/clone.S:109
2020-10-24 11:35:19 -  No locals.
2020-10-24 11:35:19 -  
2020-10-24 11:35:19 -  Thread 2 (Thread 0x7ffff3dbb700 (LWP 6250)):
2020-10-24 11:35:19 -  #0  pthread_cond_wait@@GLIBC_2.3.2 () at ../sysdeps/unix/sysv/linux/x86_64/pthread_cond_wait.S:185
2020-10-24 11:35:19 -  No locals.
2020-10-24 11:35:19 -  #1  0x00007ffff5e7491c in std::condition_variable::wait(std::unique_lock<std::mutex>&) () from /usr/lib/x86_64-linux-gnu/libstdc++.so.6
2020-10-24 11:35:19 -  No symbol table info available.
2020-10-24 11:35:19 -  #2  0x000000000055af7b in Dispatcher::threadMain() (this=0x8e6ec0 <g_dispatcher>) at /home/otg/src/tasks.cpp:50
2020-10-24 11:35:19 -          taskLockUnique = {_M_device = 0x8e6ed8 <g_dispatcher+24>, _M_owns = true}
2020-10-24 11:35:19 -  #3  0x00007ffff5e79c80 in ?? () from /usr/lib/x86_64-linux-gnu/libstdc++.so.6
2020-10-24 11:35:19 -  No symbol table info available.
2020-10-24 11:35:19 -  #4  0x00007ffff614a6ba in start_thread (arg=0x7ffff3dbb700) at pthread_create.c:333
2020-10-24 11:35:19 -          __res = <optimized out>
2020-10-24 11:35:19 -          pd = 0x7ffff3dbb700
2020-10-24 11:35:19 -          now = <optimized out>
2020-10-24 11:35:19 -          unwind_buf = {cancel_jmp_buf = {{jmp_buf = {140737284650752, 7354906712480826372, 0, 140737488346847, 140737284651456, 9437376, -7354933338570865660, -7354927368874212348}, mask_was_saved = 0}}, priv = {pad = {0x0, 0x0, 0x0, 0x0}, data = {prev = 0x0, cleanup = 0x0, canceltype = 0}}}
2020-10-24 11:35:19 -          not_first_call = <optimized out>
2020-10-24 11:35:19 -          pagesize_m1 = <optimized out>
2020-10-24 11:35:19 -          sp = <optimized out>
2020-10-24 11:35:19 -          freesize = <optimized out>
2020-10-24 11:35:19 -          __PRETTY_FUNCTION__ = "start_thread"
2020-10-24 11:35:19 -  #5  0x00007ffff7b144dd in clone () at ../sysdeps/unix/sysv/linux/x86_64/clone.S:109
2020-10-24 11:35:20 -  No locals.
2020-10-24 11:35:20 -  
2020-10-24 11:35:20 -  Thread 1 (Thread 0x7ffff7fe6740 (LWP 6246)):
2020-10-24 11:35:20 -  #0  0x00007ffff7b14ad3 in epoll_wait () at ../sysdeps/unix/syscall-template.S:84
2020-10-24 11:35:20 -  No locals.
2020-10-24 11:35:20 -  #1  0x00000000005b70e7 in boost::asio::detail::epoll_reactor::run(bool, boost::asio::detail::op_queue<boost::asio::detail::task_io_service_operation>&) [clone .constprop.204] (this=0x901570, block=<optimized out>, ops=...) at /usr/include/boost/asio/detail/impl/epoll_reactor.ipp:392
2020-10-24 11:35:20 -          timeout = <optimized out>
2020-10-24 11:35:20 -          events = {{events = 1, data = {ptr = 0x9015c8, fd = 9442760, u32 = 9442760, u64 = 9442760}}, {events = 0, data = {ptr = 0x0, fd = 0, u32 = 0, u64 = 0}} <repeats 51 times>, {events = 11, data = {ptr = 0xa100000000, fd = 0, u32 = 0, u64 = 691489734656}}, {events = 0, data = {ptr = 0x9122a0, fd = 9511584, u32 = 9511584, u64 = 9511584}}, {events = 0, data = {ptr = 0x0, fd = 0, u32 = 0, u64 = 0}}, {events = 0, data = {ptr = 0x0, fd = 0, u32 = 0, u64 = 0}}, {events = 9329, data = {ptr = 0xffffdb8fffff8000, fd = -32768, u32 = 4294934528, u64 = 18446704010254581760}}, {events = 32767, data = {ptr = 0x2, fd = 2, u32 = 2, u64 = 2}}, {events = 4155593817, data = {ptr = 0x7fff, fd = 32767, u32 = 32767, u64 = 32767}}, {events = 0, data = {ptr = 0x5828f4 <boost::asio::detail::reactive_socket_recv_op_base<boost::asio::mutable_buffers_1>::do_perform(boost::asio::detail::reactor_op*)+228>, fd = 5777652, u32 = 5777652, u64 = 5777652}}, {events = 91, data = {ptr = 0x100006e, fd = 16777326, u32 = 16777326, u64 = 16777326}}, {events = 16, data = {ptr = 0x912346, fd = 9511750, u32 = 9511750, u64 = 9511750}}, {events = 2, data = {ptr = 0x200000000, fd = 0, u32 = 0, u64 = 8589934592}}, {events = 0, data = {ptr = 0x5f9449b6, fd = 1603553718, u32 = 1603553718, u64 = 1603553718}}, {events = 0, data = {ptr = 0x0, fd = 0, u32 = 0, u64 = 0}}, {events = 0, data = {ptr = 0x7fffffffdb80, fd = -9344, u32 = 4294957952, u64 = 140737488345984}}, {events = 1, data = {ptr = 0x0, fd = 0, u32 = 0, u64 = 0}}, {events = 0, data = {ptr = 0x0, fd = 0, u32 = 0, u64 = 0}}, {events = 0, data = {ptr = 0x91232000000000, fd = 0, u32 = 0, u64 = 40852491968970752}}, {events = 0, data = {ptr = 0x7fffe9759370, fd = -378170512, u32 = 3916796784, u64 = 140737110184816}}, {events = 9511344, data = {ptr = 0x92242800000000, fd = 0, u32 = 0, u64 = 41135100817047552}}, {events = 0, data = {ptr = 0x912098, fd = 9511064, u32 = 9511064, u64 = 9511064}}, {events = 16, data = {ptr = 0x5200000000, fd = 0, u32 = 0, u64 = 352187318272}}, {events = 0, data = {ptr = 0x901570, fd = 9442672, u32 = 9442672, u64 = 9442672}}, {events = 6449413, data = {ptr = 0x0, fd = 0, u32 = 0, u64 = 0}}, {events = 0, data = {ptr = 0x10, fd = 16, u32 = 16, u64 = 16}}, {events = 0, data = {ptr = 0x56f20000000000, fd = 0, u32 = 0, u64 = 24472929811038208}}, {events = 0, data = {ptr = 0x0, fd = 0, u32 = 0, u64 = 0}}, {events = 0, data = {ptr = 0xffffdc7000000000, fd = 0, u32 = 0, u64 = 18446704972327288832}}, {events = 32767, data = {ptr = 0x9121b0, fd = 9511344, u32 = 9511344, u64 = 9511344}}, {events = 9511344, data = {ptr = 0xaaa4774000000000, fd = 0, u32 = 0, u64 = 12296083999389908992}}, {events = 32767, data = {ptr = 0x922428, fd = 9577512, u32 = 9577512, u64 = 9577512}}, {events = 9511750, data = {ptr = 0x200000000, fd = 0, u32 = 0, u64 = 8589934592}}, {events = 0, data = {ptr = 0x7fff00000001, fd = 1, u32 = 1, u64 = 140733193388033}}, {events = 0, data = {ptr = 0x56f20000000000, fd = 0, u32 = 0, u64 = 24472929811038208}}, {events = 0, data = {ptr = 0x0, fd = 0, u32 = 0, u64 = 0}}, {events = 0, data = {ptr = 0x982a4800000000, fd = 0, u32 = 0, u64 = 42830685186031616}}, {events = 0, data = {ptr = 0x0, fd = 0, u32 = 0, u64 = 0}}, {events = 4128564479, data = {ptr = 0x9729b000007fff, fd = 32767, u32 = 32767, u64 = 42548557374324735}}, {events = 0, data = {ptr = 0x7fffed903450, fd = -309316528, u32 = 3985650768, u64 = 140737179038800}}, {events = 2613679280, data = {ptr = 0x982a4800007fff, fd = 32767, u32 = 32767, u64 = 42830685186064383}}, {events = 0, data = {ptr = 0x7fffffffde78, fd = -8584, u32 = 4294958712, u64 = 140737488346744}}, {events = 0, data = {ptr = 0xf7a9158c00000000, fd = 0, u32 = 0, u64 = 17845818689471905792}}, {events = 32767, data = {ptr = 0x900090, fd = 9437328, u32 = 9437328, u64 = 9437328}}, {events = 4294958640, data = {ptr = 0x90009000007fff, fd = 32767, u32 = 32767, u64 = 40533015121657855}}, {events = 0, data = {ptr = 0x9729b0, fd = 9906608, u32 = 9906608, u64 = 9906608}}, {events = 14, data = {ptr = 0x9729b000000000, fd = 0, u32 = 0, u64 = 42548557374291968}}, {events = 0, data = {ptr = 0x7fffed903450, fd = -309316528, u32 = 3985650768, u64 = 140737179038800}}, {events = 2613679280, data = {ptr = 0x982a4800007fff, fd = 32767, u32 = 32767, u64 = 42830685186064383}}, {events = 0, data = {ptr = 0x58a8b4 <Connection::onWriteOperation(boost::system::error_code const&)+260>, fd = 5810356, u32 = 5810356, u64 = 5810356}}, {events = 0, data = {ptr = 0xf71e50e000000000, fd = 0, u32 = 0, u64 = 17806758899672416256}}, {events = 32767, data = {ptr = 0xffffde30, fd = -8656, u32 = 4294958640, u64 = 4294958640}}, {events = 14, data = {ptr = 0x0, fd = 0, u32 = 0, u64 = 0}}, {events = 0, data = {ptr = 0x0, fd = 0, u32 = 0, u64 = 0}}, {events = 4294958640, data = {ptr = 0x58574500007fff, fd = 32767, u32 = 32767, u64 = 24865751814930431}}, {events = 0, data = {ptr = 0x14, fd = 20, u32 = 20, u64 = 20}}, {events = 4155593817, data = {ptr = 0xffffde3000007fff, fd = 32767, u32 = 32767, u64 = 18446706896472670207}}, {events = 32767, data = {ptr = 0x0, fd = 0, u32 = 0, u64 = 0}}, {events = 0, data = {ptr = 0x0, fd = 0, u32 = 0, u64 = 0}}, {events = 16, data = {ptr = 0x922428, fd = 9577512, u32 = 9577512, u64 = 9577512}}, {events = 4294958720, data = {ptr = 0x90009000007fff, fd = 32767, u32 = 32767, u64 = 40533015121657855}}, {events = 0, data = {ptr = 0x0, fd = 0, u32 = 0, u64 = 0}}, {events = 0, data = {ptr = 0x9000c000000000, fd = 0, u32 = 0, u64 = 40533221280055296}}, {events = 0, data = {ptr = 0x0, fd = 0, u32 = 0, u64 = 0}}, {events = 4155053452, data = {ptr = 0x91232000007fff, fd = 32767, u32 = 32767, u64 = 40852491969003519}}, {events = 0, data = {ptr = 0x0, fd = 0, u32 = 0, u64 = 0}}, {events = 4145959136, data = {ptr = 0x58a73100007fff, fd = 32767, u32 = 32767, u64 = 24953626845806591}}, {events = 0, data = {ptr = 0x7fffe9759410, fd = -378170352, u32 = 3916796944, u64 = 140737110184976}}, {events = 4294958720, data = {ptr = 0x90009000007fff, fd = 32767, u32 = 32767, u64 = 40533015121657855}}, {events = 0, data = {ptr = 0x7fffffffde80, fd = -8576, u32 = 4294958720, u64 = 140737488346752}}, {events = 9437328, data = {ptr = 0x58646e00000000, fd = 0, u32 = 0, u64 = 24880221559717888}}, {events = 0, data = {ptr = 0x9729b0, fd = 9906608, u32 = 9906608, u64 = 9906608}}, {events = 9906592, data = {ptr = 0xffffde8000000000, fd = 0, u32 = 0, u64 = 18446707240070021120}}, {events = 32767, data = {ptr = 0x0, fd = 0, u32 = 0, u64 = 0}}, {events = 0, data = {ptr = 0x0, fd = 0, u32 = 0, u64 = 0}}, {events = 0, data = {ptr = 0x58a720 <Connection::handleTimeout(std::weak_ptr<Connection>, boost::system::error_code const&)>, fd = 5809952, u32 = 5809952, u64 = 5809952}}, {events = 9906608, data = {ptr = 0x9729a000000000, fd = 0, u32 = 0, u64 = 42548488654815232}}, {events = 0, data = {ptr = 0x7fff0000007d, fd = 125, u32 = 125, u64 = 140733193388157}}}
2020-10-24 11:35:20 -          num_events = <optimized out>
2020-10-24 11:35:20 -          check_timers = <optimized out>
2020-10-24 11:35:20 -  #2  0x000000000055dcd3 in do_run_one (ec=..., this_thread=..., lock=<synthetic pointer>, this=0x900090) at /usr/include/boost/asio/detail/impl/task_io_service.ipp:356
2020-10-24 11:35:20 -          more_handlers = <optimized out>
2020-10-24 11:35:20 -  #3  run (ec=..., this=0x900090) at /usr/include/boost/asio/detail/impl/task_io_service.ipp:149
2020-10-24 11:35:20 -          this_thread = {private_op_queue = {front_ = 0x0, back_ = 0x0}, private_outstanding_work = 0}
2020-10-24 11:35:20 -          ctx = {key_ = 0x900090, value_ = 0x7fffffffdf40, next_ = 0x0}
2020-10-24 11:35:20 -          lock = {mutex_ = @0x9000c0, locked_ = <optimized out>}
2020-10-24 11:35:20 -          n = 12714
2020-10-24 11:35:20 -  #4  _ZN5boost4asio10io_service3runEv.isra.226 () at /usr/include/boost/asio/impl/io_service.ipp:59
2020-10-24 11:35:20 -          ec = {m_val = 0, m_cat = 0x7ffff71e50e0}
2020-10-24 11:35:20 -  #5  ServiceManager::run() (this=this@entry=0x7fffffffdff0) at /home/otg/src/server.cpp:47
2020-10-24 11:35:20 -  No locals.
2020-10-24 11:35:20 -  #6  0x0000000000474c46 in main (argc=1, argv=0x7fffffffe1b8) at /home/otg/src/otserv.cpp:96
2020-10-24 11:35:20 -          serviceManager = {acceptors = {_M_h = {_M_buckets = 0x7fffed89d1c0, _M_bucket_count = 5, _M_before_begin = {_M_nxt = 0x7fffed89d190}, _M_element_count = 2, _M_rehash_policy = {_M_max_load_factor = 1, _M_next_resize = 5}, _M_single_bucket = 0x0}}, io_service = {service_registry_ = 0x900040, impl_ = @0x900090}, signals = {set = {<No data fields>}}, death_timer = {<No data fields>}, running = true}
2020-10-24 11:35:20 -  Saving server...
2020-10-24 11:35:20 -  > Saved house items in: 0.416 s
2020-10-24 11:35:20 -  A debugging session is active.
2020-10-24 11:35:20 -  
2020-10-24 11:35:20 -  	Inferior 1 [process 6246] will be killed.
2020-10-24 11:35:20 -  
2020-10-24 11:35:20 -  Quit anyway? (y or n) [answered Y; input not from terminal]
