2020-10-21 23:11:13 -  [Thread debugging using libthread_db enabled]
2020-10-21 23:11:13 -  Using host libthread_db library "/lib/x86_64-linux-gnu/libthread_db.so.1".
2020-10-21 23:11:13 -  [New Thread 0x7ffff3dbb700 (LWP 16309)]
2020-10-21 23:11:13 -  [New Thread 0x7ffff35ba700 (LWP 16310)]
2020-10-21 23:11:13 -  The OTG-Premium-Version - Version: (1.3)
2020-10-21 23:11:13 -  Compiled with: GNU C++ version 5.4.0 20160609
2020-10-21 23:11:13 -  Compiled on Sep 17 2020 19:49:36 for platform x64
2020-10-21 23:11:13 -  
2020-10-21 23:11:13 -  Special Credits for: OTG Team, Johncore, Vankk, Erick Nunes, Leonardo Pereira, Leandro Baldissera, Talis, Marcomoa, Marson Schneider, Douglas, Mark Samman, OTXServer (Mattyx Gomez) and The Forgotten Server Developers.
2020-10-21 23:11:13 -  Link of repository: https://github.com/Johncorex/OTG-Premium-Version
2020-10-21 23:11:13 -  
2020-10-21 23:11:13 -  >> Loading config: config.lua
2020-10-21 23:11:13 -  >> Establishing database connection... MySQL 5.7.31
2020-10-21 23:11:13 -  >> Running database manager
2020-10-21 23:11:13 -  [New Thread 0x7ffff2ba7700 (LWP 16311)]
2020-10-21 23:11:13 -  > Optimizing table tile_store... [success]
2020-10-21 23:11:13 -  >> Loading vocations
2020-10-21 23:11:13 -  >> Loading items
2020-10-21 23:11:13 -  >> Loading script systems
2020-10-21 23:11:13 -  >> Loading lua libs
2020-10-21 23:11:14 -  [Warning - Event::checkScript] Can not load script: scripts/expboostaction.lua
2020-10-21 23:11:14 -  cannot open data/actions/scripts/expboostaction.lua: No such file or directory
2020-10-21 23:11:15 -  >> Loading lua scripts
2020-10-21 23:11:15 -  >> Loading monsters
2020-10-21 23:11:15 -  >> Loading lua monsters
2020-10-21 23:11:15 -  >> Loading outfits
2020-10-21 23:11:15 -  >> Loading prey data
2020-10-21 23:11:15 -  >> Checking world type... PVP
2020-10-21 23:11:15 -  >> Loading map
2020-10-21 23:11:17 -  > Map size: 34143x33812.
2020-10-21 23:11:22 -  > Map loading time: 7.142 seconds.
2020-10-21 23:11:23 -  > Loaded house items in: 0.014 s
2020-10-21 23:11:23 -  >> Initializing gamestate
2020-10-21 23:11:25 -  >> Loaded 43 npcs and spawned 72708 monsters.
2020-10-21 23:11:25 -  >> Loaded 27 towns with 1074 houses in total.
2020-10-21 23:11:25 -  [Castle War]
2020-10-21 23:11:25 -  [POWERGAMERS]
2020-10-21 23:11:25 -  [SISTEMA DE LOTERIA] OPERANTE
2020-10-21 23:11:25 -  Advanced NPC spawn system | All NPCs will be loaded trough lib.
2020-10-21 23:11:25 -  [REGEN BOOST] CARREGADO
2020-10-21 23:11:25 -  [SPOOF COUNTER]
2020-10-21 23:11:25 -  [STAMINA]
2020-10-21 23:11:25 -  warvariables
2020-10-21 23:11:25 -  Agenda:	20
2020-10-21 23:11:25 -  eu sou o checkWarmode... 23:11!
2020-10-21 23:11:25 -  Buscando valores guilds where id = 3
2020-10-21 23:11:25 -  > Broadcasted message: "[Warmode] Atencao Honerianos! A Guild TesteWarmode desafiou a Guild Vai tomando para uma batalha que vai iniciar agora!".
2020-10-21 23:11:25 -  23	11	49
2020-10-21 23:11:25 -  >> Loaded all modules, server starting up...
2020-10-21 23:11:25 -  > Warning: OTG-Premium-Version has been executed as root user, please consider running it as a normal user.
2020-10-21 23:11:25 -  >> Honera Global Server Online!
2020-10-21 23:11:25 -  
2020-10-21 23:11:26 -  Robalo has logged in.
2020-10-21 23:11:26 -  funcao onLogin
2020-10-21 23:11:26 -  Dev Marson has logged in.
2020-10-21 23:11:28 -  funcao onLogin
2020-10-21 23:11:28 -  SABADOU!! NPC HONERA CRIADO
2020-10-21 23:11:28 -  Demonzin has logged in.
2020-10-21 23:13:16 -  funcao onLogin
2020-10-21 23:13:16 -  ip inválido
2020-10-21 23:13:16 -  Dev Marson has logged out.
2020-10-21 23:13:33 -  funcaoKill!!
2020-10-21 23:13:33 -  um player que estava dentro da war, foi morto
2020-10-21 23:13:33 -  endWarmode
2020-10-21 23:13:33 -  > Broadcasted message: "[Warmode] Parabens a Guild TesteWarmode por ter eliminado todos os integrantes da Guild Vai tomando".
2020-10-21 23:13:33 -  removendo players da tabela porque a war acabou
2020-10-21 23:13:33 -  Demonzin has logged out.
2020-10-21 23:13:33 -  
2020-10-21 23:13:33 -  Lua Script Error: [CreatureScript Interface] 
2020-10-21 23:13:33 -  data/creaturescripts/scripts/others/playerdeath.lua:onDeath
2020-10-21 23:13:33 -  luaIsInWar(). Player not found
2020-10-21 23:13:33 -  stack traceback:
2020-10-21 23:13:33 -  	[C]: in function 'isInWar'
2020-10-21 23:13:33 -  	data/creaturescripts/scripts/others/playerdeath.lua:116: in function <data/creaturescripts/scripts/others/playerdeath.lua:21>
2020-10-21 23:13:33 -  Robalo has logged out.
2020-10-21 23:13:39 -  Robalo has logged in.
2020-10-21 23:13:39 -  funcao onLogin
2020-10-21 23:13:39 -  Robalo has logged out.
2020-10-21 23:13:41 -  Robalo has logged in.
2020-10-21 23:14:05 -  funcao onLogin
2020-10-21 23:14:05 -  Demonzin has logged in.
2020-10-21 23:14:05 -  funcao onLogin
2020-10-21 23:14:05 -  Demonzin has logged out.
2020-10-21 23:14:10 -  Demonzin has logged in.
2020-10-22 00:23:26 -  funcao onLogin
2020-10-22 00:23:26 -  endWarmode
2020-10-22 00:23:26 -  eu sou o checkWarmode... 0:0!
2020-10-22 00:23:26 -  > Broadcasted message: "The dragons of the Dragonblaze Mountains have descended to Zao to protect the lizardkin!".
2020-10-22 01:13:16 -  eu sou o checkWarmode... 1:0!
2020-10-22 01:13:16 -  ip inválido
2020-10-22 01:13:16 -  ip inválido
2020-10-22 01:13:16 -  Demonzin has logged out.
2020-10-22 01:13:17 -  Robalo has logged out.
2020-10-22 02:11:15 -  eu sou o checkWarmode... 2:0!
2020-10-22 02:11:15 -  
2020-10-22 02:11:15 -  Lua Script Error: [GlobalEvent Interface] 
2020-10-22 02:11:15 -  data/globalevents/scripts/bosses/Abyssador.lua:onThink
2020-10-22 02:11:15 -  data/lib/rewardboss.lua:8: Rewards can only be enabled to rewards bosses.
2020-10-22 02:11:15 -  stack traceback:
2020-10-22 02:11:15 -  	[C]: at 0x00602980
2020-10-22 02:11:15 -  	[C]: in function 'error'
2020-10-22 02:11:15 -  	data/lib/rewardboss.lua:8: in function 'setReward'
2020-10-22 02:11:15 -  	data/globalevents/scripts/bosses/Abyssador.lua:28: in function <data/globalevents/scripts/bosses/Abyssador.lua:21>
2020-10-22 02:11:15 -  [Error - GlobalEvents::think] Failed to execute event: Abyssador
2020-10-22 02:11:15 -  
2020-10-22 02:11:15 -  Lua Script Error: [GlobalEvent Interface] 
2020-10-22 02:11:15 -  data/globalevents/scripts/bosses/Deathstrike.lua:onThink
2020-10-22 02:11:15 -  data/lib/rewardboss.lua:8: Rewards can only be enabled to rewards bosses.
2020-10-22 02:11:15 -  stack traceback:
2020-10-22 02:11:15 -  	[C]: at 0x00602980
2020-10-22 02:11:15 -  	[C]: in function 'error'
2020-10-22 02:11:15 -  	data/lib/rewardboss.lua:8: in function 'setReward'
2020-10-22 02:11:15 -  	data/globalevents/scripts/bosses/Deathstrike.lua:28: in function <data/globalevents/scripts/bosses/Deathstrike.lua:21>
2020-10-22 02:11:15 -  [Error - GlobalEvents::think] Failed to execute event: Deathstrike
2020-10-22 02:11:15 -  
2020-10-22 02:11:15 -  Lua Script Error: [GlobalEvent Interface] 
2020-10-22 02:11:15 -  data/globalevents/scripts/bosses/Gnomevil.lua:onThink
2020-10-22 02:11:15 -  data/lib/rewardboss.lua:8: Rewards can only be enabled to rewards bosses.
2020-10-22 02:11:15 -  stack traceback:
2020-10-22 02:11:15 -  	[C]: at 0x00602980
2020-10-22 02:11:15 -  	[C]: in function 'error'
2020-10-22 02:11:15 -  	data/lib/rewardboss.lua:8: in function 'setReward'
2020-10-22 02:11:15 -  	data/globalevents/scripts/bosses/Gnomevil.lua:28: in function <data/globalevents/scripts/bosses/Gnomevil.lua:21>
2020-10-22 02:11:15 -  [Error - GlobalEvents::think] Failed to execute event: Gnomevil
2020-10-22 03:30:26 -  eu sou o checkWarmode... 3:0!
2020-10-22 03:30:26 -  > Broadcasted message: "Something is moving in the depths of the sea around Liberty Bay".
2020-10-22 03:30:45 -  > Broadcasted message: "Numerous Quara fins have been sighted in the seas around Liberty Bay.".
2020-10-22 03:31:25 -  > Broadcasted message: "Quara emerged from the sea to attack Liberty Bay.".
2020-10-22 04:42:26 -  eu sou o checkWarmode... 4:0!
2020-10-22 04:42:26 -  > Broadcasted message: "Goblins are preparing to attack Kazordoon from Femor Hills!".
2020-10-22 04:42:45 -  > Broadcasted message: "Goblins attack from Femor Hills!".
2020-10-22 04:44:26 -  > Broadcasted message: "Danger! Now the goblin leaders attack Kazordoon from Femor Hills!".
2020-10-22 05:05:01 -  eu sou o checkWarmode... 5:0!
2020-10-22 05:05:01 -  Saving server...
2020-10-22 05:05:02 -  > Saved house items in: 1.03 s
2020-10-22 05:05:02 -  Saving server...
2020-10-22 05:05:02 -  > Saved house items in: 0.278 s
2020-10-22 05:05:02 -  eu sou o checkname
2020-10-22 05:05:02 -  Shutting down...Saving server...
2020-10-22 05:05:02 -  > Saved house items in: 0.216 s
2020-10-22 05:05:03 -  [Thread 0x7ffff2ba7700 (LWP 16311) exited]
2020-10-22 05:05:03 -  [Thread 0x7ffff35ba700 (LWP 16310) exited]
2020-10-22 05:05:05 -   done!
2020-10-22 05:05:05 -  [Thread 0x7ffff3dbb700 (LWP 16309) exited]
2020-10-22 05:05:16 -  [Inferior 1 (process 16305) exited normally]
