2020-10-18 17:03:05 -  [Thread debugging using libthread_db enabled]
2020-10-18 17:03:05 -  Using host libthread_db library "/lib/x86_64-linux-gnu/libthread_db.so.1".
2020-10-18 17:03:05 -  [New Thread 0x7ffff3dbb700 (LWP 26218)]
2020-10-18 17:03:05 -  [New Thread 0x7ffff35ba700 (LWP 26219)]
2020-10-18 17:03:05 -  The OTG-Premium-Version - Version: (1.3)
2020-10-18 17:03:05 -  Compiled with: GNU C++ version 5.4.0 20160609
2020-10-18 17:03:05 -  Compiled on Sep 17 2020 19:49:36 for platform x64
2020-10-18 17:03:05 -  
2020-10-18 17:03:05 -  Special Credits for: OTG Team, Johncore, Vankk, Erick Nunes, Leonardo Pereira, Leandro Baldissera, Talis, Marcomoa, Marson Schneider, Douglas, Mark Samman, OTXServer (Mattyx Gomez) and The Forgotten Server Developers.
2020-10-18 17:03:05 -  Link of repository: https://github.com/Johncorex/OTG-Premium-Version
2020-10-18 17:03:05 -  
2020-10-18 17:03:05 -  >> Loading config: config.lua
2020-10-18 17:03:05 -  >> Establishing database connection... MySQL 5.7.31
2020-10-18 17:03:05 -  >> Running database manager
2020-10-18 17:03:05 -  [New Thread 0x7ffff2ba7700 (LWP 26220)]
2020-10-18 17:03:05 -  > Optimizing table players_online... [success]
2020-10-18 17:03:05 -  > Optimizing table tile_store... [success]
2020-10-18 17:03:05 -  >> Loading vocations
2020-10-18 17:03:05 -  >> Loading items
2020-10-18 17:03:05 -  >> Loading script systems
2020-10-18 17:03:05 -  >> Loading lua libs
2020-10-18 17:03:06 -  [Warning - Event::checkScript] Can not load script: scripts/expboostaction.lua
2020-10-18 17:03:06 -  cannot open data/actions/scripts/expboostaction.lua: No such file or directory
2020-10-18 17:03:07 -  >> Loading lua scripts
2020-10-18 17:03:07 -  >> Loading monsters
2020-10-18 17:03:07 -  >> Loading lua monsters
2020-10-18 17:03:07 -  >> Loading outfits
2020-10-18 17:03:07 -  >> Loading prey data
2020-10-18 17:03:07 -  >> Checking world type... PVP
2020-10-18 17:03:07 -  >> Loading map
2020-10-18 17:03:09 -  > Map size: 34143x33812.
2020-10-18 17:03:15 -  > Map loading time: 7.463 seconds.
2020-10-18 17:03:49 -  > Loaded house items in: 0.049 s
2020-10-18 17:03:49 -  >> Initializing gamestate
2020-10-18 17:03:52 -  >> Loaded 43 npcs and spawned 72708 monsters.
2020-10-18 17:03:52 -  >> Loaded 27 towns with 1074 houses in total.
2020-10-18 17:03:52 -  [Castle War]
2020-10-18 17:03:52 -  [POWERGAMERS]
2020-10-18 17:03:52 -  [SISTEMA DE LOTERIA] OPERANTE
2020-10-18 17:03:52 -  Advanced NPC spawn system | All NPCs will be loaded trough lib.
2020-10-18 17:03:52 -  [REGEN BOOST] CARREGADO
2020-10-18 17:03:52 -  [SPOOF COUNTER]
2020-10-18 17:03:52 -  [STAMINA]
2020-10-18 17:03:52 -  warvariables
2020-10-18 17:03:52 -  17	03	57
2020-10-18 17:03:52 -  >> Loaded all modules, server starting up...
2020-10-18 17:03:52 -  > Warning: OTG-Premium-Version has been executed as root user, please consider running it as a normal user.
2020-10-18 17:03:52 -  >> Honera Global Server Online!
2020-10-18 17:03:52 -  
2020-10-18 17:03:55 -  SABADOU!! NPC HONERA CRIADO
2020-10-18 17:03:55 -  Dev Marson has logged in.
2020-10-18 17:05:07 -  Dev Marson has logged out.
2020-10-18 17:05:09 -  Dev Marson has logged in.
2020-10-18 17:05:26 -  Dev Marson has logged out.
2020-10-18 17:05:27 -  Dev Marson has logged in.
2020-10-18 17:05:35 -  
2020-10-18 17:05:35 -  Thread 1 "tfs" received signal SIGINT, Interrupt.
2020-10-18 17:05:35 -  0x00007ffff7b14ad3 in epoll_wait () at ../sysdeps/unix/syscall-template.S:84
2020-10-18 17:05:35 -  84	../sysdeps/unix/syscall-template.S: No such file or directory.
2020-10-18 17:05:36 -  
2020-10-18 17:05:36 -  Thread 4 (Thread 0x7ffff2ba7700 (LWP 26220)):
2020-10-18 17:05:36 -  #0  pthread_cond_wait@@GLIBC_2.3.2 () at ../sysdeps/unix/sysv/linux/x86_64/pthread_cond_wait.S:185
2020-10-18 17:05:36 -  No locals.
2020-10-18 17:05:36 -  #1  0x00007ffff5e7491c in std::condition_variable::wait(std::unique_lock<std::mutex>&) () from /usr/lib/x86_64-linux-gnu/libstdc++.so.6
2020-10-18 17:05:36 -  No symbol table info available.
2020-10-18 17:05:36 -  #2  0x00000000006228bf in DatabaseTasks::threadMain() (this=0x8e39a0 <g_databaseTasks>) at /home/otg/src/databasetasks.cpp:42
2020-10-18 17:05:36 -          taskLockUnique = {_M_device = 0x8e3a08 <g_databaseTasks+104>, _M_owns = true}
2020-10-18 17:05:36 -  #3  0x00007ffff5e79c80 in ?? () from /usr/lib/x86_64-linux-gnu/libstdc++.so.6
2020-10-18 17:05:36 -  No symbol table info available.
2020-10-18 17:05:36 -  #4  0x00007ffff614a6ba in start_thread (arg=0x7ffff2ba7700) at pthread_create.c:333
2020-10-18 17:05:36 -          __res = <optimized out>
2020-10-18 17:05:36 -          pd = 0x7ffff2ba7700
2020-10-18 17:05:36 -          now = <optimized out>
2020-10-18 17:05:36 -          unwind_buf = {cancel_jmp_buf = {{jmp_buf = {140737265694464, 234778950477566680, 0, 140737284647471, 140737265695168, 9334528, -234750942431128872, -234760990752877864}, mask_was_saved = 0}}, priv = {pad = {0x0, 0x0, 0x0, 0x0}, data = {prev = 0x0, cleanup = 0x0, canceltype = 0}}}
2020-10-18 17:05:36 -          not_first_call = <optimized out>
2020-10-18 17:05:36 -          pagesize_m1 = <optimized out>
2020-10-18 17:05:36 -          sp = <optimized out>
2020-10-18 17:05:36 -          freesize = <optimized out>
2020-10-18 17:05:36 -          __PRETTY_FUNCTION__ = "start_thread"
2020-10-18 17:05:36 -  #5  0x00007ffff7b144dd in clone () at ../sysdeps/unix/sysv/linux/x86_64/clone.S:109
2020-10-18 17:05:37 -  No locals.
2020-10-18 17:05:37 -  
2020-10-18 17:05:37 -  Thread 3 (Thread 0x7ffff35ba700 (LWP 26219)):
2020-10-18 17:05:37 -  #0  pthread_cond_timedwait@@GLIBC_2.3.2 () at ../sysdeps/unix/sysv/linux/x86_64/pthread_cond_timedwait.S:225
2020-10-18 17:05:37 -  No locals.
2020-10-18 17:05:37 -  #1  0x0000000000506210 in __gthread_cond_timedwait () at /usr/include/x86_64-linux-gnu/c++/5/bits/gthr-default.h:871
2020-10-18 17:05:37 -  No locals.
2020-10-18 17:05:37 -  #2  std::condition_variable::__wait_until_impl (__atime=..., __lock=..., this=0x8e6fa0 <g_scheduler+64>) at /usr/include/c++/5/condition_variable:165
2020-10-18 17:05:37 -          __ts = {tv_sec = 1603055135, tv_nsec = 975509594}
2020-10-18 17:05:37 -  #3  std::condition_variable::wait_until<std::chrono::duration<long, std::ratio<1l, 1000000000l> > > () at /usr/include/c++/5/condition_variable:105
2020-10-18 17:05:37 -          __lock = @0x7ffff35b9e90: {_M_device = 0x8e6f78 <g_scheduler+24>, _M_owns = true}
2020-10-18 17:05:37 -          this = 0x8e6fa0 <g_scheduler+64>
2020-10-18 17:05:37 -  #4  Scheduler::threadMain (this=0x8e6f60 <g_scheduler>) at /home/otg/src/scheduler.cpp:36
2020-10-18 17:05:37 -          ret = std::cv_status::no_timeout
2020-10-18 17:05:37 -          eventLockUnique = {_M_device = 0x8e6f78 <g_scheduler+24>, _M_owns = true}
2020-10-18 17:05:37 -  #5  0x00007ffff5e79c80 in ?? () from /usr/lib/x86_64-linux-gnu/libstdc++.so.6
2020-10-18 17:05:37 -  No symbol table info available.
2020-10-18 17:05:37 -  #6  0x00007ffff614a6ba in start_thread (arg=0x7ffff35ba700) at pthread_create.c:333
2020-10-18 17:05:37 -          __res = <optimized out>
2020-10-18 17:05:37 -          pd = 0x7ffff35ba700
2020-10-18 17:05:37 -          now = <optimized out>
2020-10-18 17:05:37 -          unwind_buf = {cancel_jmp_buf = {{jmp_buf = {140737276258048, 234778950477566680, 0, 140737488346847, 140737276258752, 9437376, -234753974141168936, -234760990752877864}, mask_was_saved = 0}}, priv = {pad = {0x0, 0x0, 0x0, 0x0}, data = {prev = 0x0, cleanup = 0x0, canceltype = 0}}}
2020-10-18 17:05:37 -          not_first_call = <optimized out>
2020-10-18 17:05:37 -          pagesize_m1 = <optimized out>
2020-10-18 17:05:37 -          sp = <optimized out>
2020-10-18 17:05:37 -          freesize = <optimized out>
2020-10-18 17:05:37 -          __PRETTY_FUNCTION__ = "start_thread"
2020-10-18 17:05:37 -  #7  0x00007ffff7b144dd in clone () at ../sysdeps/unix/sysv/linux/x86_64/clone.S:109
2020-10-18 17:05:37 -  No locals.
2020-10-18 17:05:37 -  
2020-10-18 17:05:37 -  Thread 2 (Thread 0x7ffff3dbb700 (LWP 26218)):
2020-10-18 17:05:37 -  #0  pthread_cond_wait@@GLIBC_2.3.2 () at ../sysdeps/unix/sysv/linux/x86_64/pthread_cond_wait.S:185
2020-10-18 17:05:37 -  No locals.
2020-10-18 17:05:37 -  #1  0x00007ffff5e7491c in std::condition_variable::wait(std::unique_lock<std::mutex>&) () from /usr/lib/x86_64-linux-gnu/libstdc++.so.6
2020-10-18 17:05:37 -  No symbol table info available.
2020-10-18 17:05:37 -  #2  0x000000000055af7b in Dispatcher::threadMain() (this=0x8e6ec0 <g_dispatcher>) at /home/otg/src/tasks.cpp:50
2020-10-18 17:05:37 -          taskLockUnique = {_M_device = 0x8e6ed8 <g_dispatcher+24>, _M_owns = true}
2020-10-18 17:05:37 -  #3  0x00007ffff5e79c80 in ?? () from /usr/lib/x86_64-linux-gnu/libstdc++.so.6
2020-10-18 17:05:37 -  No symbol table info available.
2020-10-18 17:05:37 -  #4  0x00007ffff614a6ba in start_thread (arg=0x7ffff3dbb700) at pthread_create.c:333
2020-10-18 17:05:37 -          __res = <optimized out>
2020-10-18 17:05:37 -          pd = 0x7ffff3dbb700
2020-10-18 17:05:37 -          now = <optimized out>
2020-10-18 17:05:37 -          unwind_buf = {cancel_jmp_buf = {{jmp_buf = {140737284650752, 234778950477566680, 0, 140737488346847, 140737284651456, 9437376, -234752873018928424, -234760990752877864}, mask_was_saved = 0}}, priv = {pad = {0x0, 0x0, 0x0, 0x0}, data = {prev = 0x0, cleanup = 0x0, canceltype = 0}}}
2020-10-18 17:05:37 -          not_first_call = <optimized out>
2020-10-18 17:05:37 -          pagesize_m1 = <optimized out>
2020-10-18 17:05:37 -          sp = <optimized out>
2020-10-18 17:05:37 -          freesize = <optimized out>
2020-10-18 17:05:37 -          __PRETTY_FUNCTION__ = "start_thread"
2020-10-18 17:05:37 -  #5  0x00007ffff7b144dd in clone () at ../sysdeps/unix/sysv/linux/x86_64/clone.S:109
2020-10-18 17:05:37 -  No locals.
2020-10-18 17:05:37 -  
2020-10-18 17:05:37 -  Thread 1 (Thread 0x7ffff7fe6740 (LWP 26214)):
2020-10-18 17:05:37 -  #0  0x00007ffff7b14ad3 in epoll_wait () at ../sysdeps/unix/syscall-template.S:84
2020-10-18 17:05:37 -  No locals.
2020-10-18 17:05:37 -  #1  0x00000000005b70e7 in boost::asio::detail::epoll_reactor::run(bool, boost::asio::detail::op_queue<boost::asio::detail::task_io_service_operation>&) [clone .constprop.204] (this=0x901570, block=<optimized out>, ops=...) at /usr/include/boost/asio/detail/impl/epoll_reactor.ipp:392
2020-10-18 17:05:37 -          timeout = <optimized out>
2020-10-18 17:05:37 -          events = {{events = 1, data = {ptr = 0x9015c8, fd = 9442760, u32 = 9442760, u64 = 9442760}}, {events = 3431339264, data = {ptr = 0xcc8598c000007fff, fd = 32767, u32 = 32767, u64 = 14737353306040991743}}, {events = 32767, data = {ptr = 0x7ffefd7cd3fc, fd = -42150916, u32 = 4252816380, u64 = 140733151237116}}, {events = 4252816388, data = {ptr = 0xcc8614d800007ffe, fd = 32766, u32 = 32766, u64 = 14737489748562051070}}, {events = 32767, data = {ptr = 0x0, fd = 0, u32 = 0, u64 = 0}}, {events = 3431307457, data = {ptr = 0xfd7cd40b00007fff, fd = 32767, u32 = 32767, u64 = 18265707332417650687}}, {events = 32766, data = {ptr = 0x0, fd = 0, u32 = 0, u64 = 0}}, {events = 3431339080, data = {ptr = 0x7fff, fd = 32767, u32 = 32767, u64 = 32767}}, {events = 0, data = {ptr = 0x7fffcc861630, fd = -863627728, u32 = 3431339568, u64 = 140736624727600}}, {events = 3431339568, data = {ptr = 0xcc86156800007fff, fd = 32767, u32 = 32767, u64 = 14737490367037341695}}, {events = 32767, data = {ptr = 0x7fffcc8598c0, fd = -863659840, u32 = 3431307456, u64 = 140736624695488}}, {events = 4252816403, data = {ptr = 0xfd7cd41900007ffe, fd = 32766, u32 = 32766, u64 = 18265707392547192830}}, {events = 32766, data = {ptr = 0x7fffcc861608, fd = -863627768, u32 = 3431339528, u64 = 140736624727560}}, {events = 3431339408, data = {ptr = 0xcc8598c000007fff, fd = 32767, u32 = 32767, u64 = 14737353306040991743}}, {events = 32767, data = {ptr = 0x7ffefd7cd423, fd = -42150877, u32 = 4252816419, u64 = 140733151237155}}, {events = 4252816422, data = {ptr = 0xcc86156800007ffe, fd = 32766, u32 = 32766, u64 = 14737490367037341694}}, {events = 32767, data = {ptr = 0x7fffcc8615b8, fd = -863627848, u32 = 3431339448, u64 = 140736624727480}}, {events = 3431307456, data = {ptr = 0xfd7cd42a00007fff, fd = 32767, u32 = 32767, u64 = 18265707465561636863}}, {events = 32766, data = {ptr = 0x7ffefd7cd42d, fd = -42150867, u32 = 4252816429, u64 = 140733151237165}}, {events = 3431339408, data = {ptr = 0xcc8615e000007fff, fd = 32767, u32 = 32767, u64 = 14737490882433417215}}, {events = 32767, data = {ptr = 0x7fffcc8598c0, fd = -863659840, u32 = 3431307456, u64 = 140736624695488}}, {events = 4252816433, data = {ptr = 0xfd7cd43400007ffe, fd = 32766, u32 = 32766, u64 = 18265707508511309822}}, {events = 32766, data = {ptr = 0x7fffcc8615b8, fd = -863627848, u32 = 3431339448, u64 = 140736624727480}}, {events = 3431339528, data = {ptr = 0xcc8598c000007fff, fd = 32767, u32 = 32767, u64 = 14737353306040991743}}, {events = 32767, data = {ptr = 0x7ffefd7cd438, fd = -42150856, u32 = 4252816440, u64 = 140733151237176}}, {events = 4252816451, data = {ptr = 0xcc8615e000007ffe, fd = 32766, u32 = 32766, u64 = 14737490882433417214}}, {events = 32767, data = {ptr = 0x0, fd = 0, u32 = 0, u64 = 0}}, {events = 3431307457, data = {ptr = 0xfd7cd44d00007fff, fd = 32767, u32 = 32767, u64 = 18265707615885492223}}, {events = 32766, data = {ptr = 0x0, fd = 0, u32 = 0, u64 = 0}}, {events = 3431339080, data = {ptr = 0x7fff, fd = 32767, u32 = 32767, u64 = 32767}}, {events = 0, data = {ptr = 0x7fffcc861528, fd = -863627992, u32 = 3431339304, u64 = 140736624727336}}, {events = 0, data = {ptr = 0xcc86167000000000, fd = 0, u32 = 0, u64 = 14737491500908675072}}, {events = 32767, data = {ptr = 0x7fffcc8598c0, fd = -863659840, u32 = 3431307456, u64 = 140736624695488}}, {events = 4252816469, data = {ptr = 0xfd7cd45b00007ffe, fd = 32766, u32 = 32766, u64 = 18265707676015034366}}, {events = 32766, data = {ptr = 0x7fffcc861710, fd = -863627504, u32 = 3431339792, u64 = 140736624727824}}, {events = 3431339672, data = {ptr = 0xcc8598c000007fff, fd = 32767, u32 = 32767, u64 = 14737353306040991743}}, {events = 32767, data = {ptr = 0x7ffefd7cd465, fd = -42150811, u32 = 4252816485, u64 = 140733151237221}}, {events = 4252816488, data = {ptr = 0xcc86167000007ffe, fd = 32766, u32 = 32766, u64 = 14737491500908707838}}, {events = 32767, data = {ptr = 0x7fffcc8616c0, fd = -863627584, u32 = 3431339712, u64 = 140736624727744}}, {events = 3431307456, data = {ptr = 0xfd7cd46b00007fff, fd = 32767, u32 = 32767, u64 = 18265707744734511103}}, {events = 32766, data = {ptr = 0x7ffefd7cd46e, fd = -42150802, u32 = 4252816494, u64 = 140733151237230}}, {events = 3431339672, data = {ptr = 0xcc8616e800007fff, fd = 32767, u32 = 32767, u64 = 14737492016304783359}}, {events = 32767, data = {ptr = 0x7fffcc8598c0, fd = -863659840, u32 = 3431307456, u64 = 140736624695488}}, {events = 4252816497, data = {ptr = 0xfd7cd47400007ffe, fd = 32766, u32 = 32766, u64 = 18265707783389216766}}, {events = 32766, data = {ptr = 0x5f8cae1dcc8616c0, fd = -863627584, u32 = 3431339712, u64 = 6885069373351270080}}, {events = 0, data = {ptr = 0xcc8598c000007fff, fd = 32767, u32 = 32767, u64 = 14737353306040991743}}, {events = 4294957968, data = {ptr = 0x11e1a30000007fff, fd = 32767, u32 = 32767, u64 = 1288490188800032767}}, {events = 0, data = {ptr = 0x7fffffffdb90, fd = -9328, u32 = 4294957968, u64 = 140737488346000}}, {events = 300000000, data = {ptr = 0xffffdb4800000000, fd = 0, u32 = 0, u64 = 18446703701016969216}}, {events = 32767, data = {ptr = 0x9015a0, fd = 9442720, u32 = 9442720, u64 = 9442720}}, {events = 4155289179, data = {ptr = 0x7fff, fd = 32767, u32 = 32767, u64 = 32767}}, {events = 0, data = {ptr = 0x0, fd = 0, u32 = 0, u64 = 0}}, {events = 11, data = {ptr = 0xa100000000, fd = 0, u32 = 0, u64 = 691489734656}}, {events = 0, data = {ptr = 0x901808, fd = 9443336, u32 = 9443336, u64 = 9443336}}, {events = 9643744, data = {ptr = 0x9015a000000000, fd = 0, u32 = 0, u64 = 40556173585285120}}, {events = 0, data = {ptr = 0x628b45 <boost::date_time::microsec_clock<boost::posix_time::ptime>::create_time(tm* (*)(long const*, tm*)) [clone .constprop.1003]+53>, fd = 6458181, u32 = 6458181, u64 = 6458181}}, {events = 32766, data = {ptr = 0x5f8cae1dcc8617f0, fd = -863627280, u32 = 3431340016, u64 = 6885069373351270384}}, {events = 0, data = {ptr = 0x5f8cae1d, fd = 1603055133, u32 = 1603055133, u64 = 1603055133}}, {events = 4155593817, data = {ptr = 0x7fff, fd = 32767, u32 = 32767, u64 = 32767}}, {events = 0, data = {ptr = 0x5828f4 <boost::asio::detail::reactive_socket_recv_op_base<boost::asio::mutable_buffers_1>::do_perform(boost::asio::detail::reactor_op*)+228>, fd = 5777652, u32 = 5777652, u64 = 5777652}}, {events = 32767, data = {ptr = 0x18617c8, fd = 25565128, u32 = 25565128, u64 = 25565128}}, {events = 14, data = {ptr = 0x9224a6, fd = 9577638, u32 = 9577638, u64 = 9577638}}, {events = 2, data = {ptr = 0x200000000, fd = 0, u32 = 0, u64 = 8589934592}}, {events = 0, data = {ptr = 0x1200000015, fd = 21, u32 = 21, u64 = 77309411349}}, {events = 0, data = {ptr = 0x0, fd = 0, u32 = 0, u64 = 0}}, {events = 0, data = {ptr = 0x7fffec000050, fd = -335544240, u32 = 3959423056, u64 = 140737152811088}}, {events = 4294958080, data = {ptr = 0xec00007000007fff, fd = 32767, u32 = 32767, u64 = 17005592673987362815}}, {events = 32767, data = {ptr = 0xffff800000002401, fd = 9217, u32 = 9217, u64 = 18446603336221205505}}, {events = 4294958079, data = {ptr = 0x92248000007fff, fd = 32767, u32 = 32767, u64 = 41135478774202367}}, {events = 0, data = {ptr = 0x7fffc98fbfc0, fd = -913326144, u32 = 3381641152, u64 = 140736575029184}}, {events = 9444480, data = {ptr = 0x93258800000000, fd = 0, u32 = 0, u64 = 41418087622246400}}, {events = 0, data = {ptr = 0x901c08, fd = 9444360, u32 = 9444360, u64 = 9444360}}, {events = 14, data = {ptr = 0x5200000000, fd = 0, u32 = 0, u64 = 352187318272}}, {events = 0, data = {ptr = 0x901570, fd = 9442672, u32 = 9442672, u64 = 9442672}}, {events = 6449413, data = {ptr = 0x0, fd = 0, u32 = 0, u64 = 0}}, {events = 0, data = {ptr = 0x7fffebfa1bd0, fd = -335930416, u32 = 3959036880, u64 = 140737152424912}}, {events = 3959423008, data = {ptr = 0x1004000007fff, fd = 32767, u32 = 32767, u64 = 281749854650367}}, {events = 0, data = {ptr = 0x7fffebfb1bf0, fd = -335864848, u32 = 3959102448, u64 = 140737152490480}}, {events = 4294958712, data = {ptr = 0x2000007fff, fd = 32767, u32 = 32767, u64 = 137438986239}}, {events = 0, data = {ptr = 0x7ffff7a8d688 <_int_free+2344>, fd = -139929976, u32 = 4155037320, u64 = 140737348425352}}, {events = 9444480, data = {ptr = 0x2000000000000, fd = 0, u32 = 0, u64 = 562949953421312}}, {events = 0, data = {ptr = 0x932588, fd = 9643400, u32 = 9643400, u64 = 9643400}}, {events = 9577638, data = {ptr = 0x200000000, fd = 0, u32 = 0, u64 = 8589934592}}, {events = 0, data = {ptr = 0x7fff00000001, fd = 1, u32 = 1, u64 = 140733193388033}}, {events = 0, data = {ptr = 0x100000000, fd = 0, u32 = 0, u64 = 4294967296}}, {events = 0, data = {ptr = 0x0, fd = 0, u32 = 0, u64 = 0}}, {events = 0, data = {ptr = 0x0, fd = 0, u32 = 0, u64 = 0}}, {events = 0, data = {ptr = 0x9324a8, fd = 9643176, u32 = 9643176, u64 = 9643176}}, {events = 5809952, data = {ptr = 0x92249000000000, fd = 0, u32 = 0, u64 = 41135547493646336}}, {events = 0, data = {ptr = 0x7fffebfa1be0, fd = -335930400, u32 = 3959036896, u64 = 140737152424928}}, {events = 2919705600, data = {ptr = 0x93252800007fff, fd = 32767, u32 = 32767, u64 = 41417675305418751}}, {events = 0, data = {ptr = 0x7fffffffde78, fd = -8584, u32 = 4294958712, u64 = 140737488346744}}, {events = 0, data = {ptr = 0xf7a9158c00000000, fd = 0, u32 = 0, u64 = 17845818689471905792}}, {events = 32767, data = {ptr = 0x900090, fd = 9437328, u32 = 9437328, u64 = 9437328}}, {events = 4294958640, data = {ptr = 0x90009000007fff, fd = 32767, u32 = 32767, u64 = 40533015121657855}}, {events = 0, data = {ptr = 0x922490, fd = 9577616, u32 = 9577616, u64 = 9577616}}, {events = 110, data = {ptr = 0x92249000000000, fd = 0, u32 = 0, u64 = 41135547493646336}}, {events = 0, data = {ptr = 0x7fffebfa1be0, fd = -335930400, u32 = 3959036896, u64 = 140737152424928}}, {events = 2919705600, data = {ptr = 0x93252800007fff, fd = 32767, u32 = 32767, u64 = 41417675305418751}}, {events = 0, data = {ptr = 0x58a8b4 <Connection::onWriteOperation(boost::system::error_code const&)+260>, fd = 5810356, u32 = 5810356, u64 = 5810356}}, {events = 0, data = {ptr = 0xf71e50e000000000, fd = 0, u32 = 0, u64 = 17806758899672416256}}, {events = 32767, data = {ptr = 0xffffde30, fd = -8656, u32 = 4294958640, u64 = 4294958640}}, {events = 110, data = {ptr = 0x0, fd = 0, u32 = 0, u64 = 0}}, {events = 0, data = {ptr = 0x0, fd = 0, u32 = 0, u64 = 0}}, {events = 4294958640, data = {ptr = 0x58574500007fff, fd = 32767, u32 = 32767, u64 = 24865751814930431}}, {events = 0, data = {ptr = 0xf, fd = 15, u32 = 15, u64 = 15}}, {events = 4155593817, data = {ptr = 0xffffde3000007fff, fd = 32767, u32 = 32767, u64 = 18446706896472670207}}, {events = 32767, data = {ptr = 0x0, fd = 0, u32 = 0, u64 = 0}}, {events = 0, data = {ptr = 0x0, fd = 0, u32 = 0, u64 = 0}}, {events = 14, data = {ptr = 0x932588, fd = 9643400, u32 = 9643400, u64 = 9643400}}, {events = 4294958720, data = {ptr = 0x90009000007fff, fd = 32767, u32 = 32767, u64 = 40533015121657855}}, {events = 0, data = {ptr = 0x0, fd = 0, u32 = 0, u64 = 0}}, {events = 0, data = {ptr = 0x9000c000000000, fd = 0, u32 = 0, u64 = 40533221280055296}}, {events = 0, data = {ptr = 0x0, fd = 0, u32 = 0, u64 = 0}}, {events = 4155053452, data = {ptr = 0x92248000007fff, fd = 32767, u32 = 32767, u64 = 41135478774202367}}, {events = 0, data = {ptr = 0x0, fd = 0, u32 = 0, u64 = 0}}, {events = 4145959136, data = {ptr = 0x58a73100007fff, fd = 32767, u32 = 32767, u64 = 24953626845806591}}, {events = 0, data = {ptr = 0x7fffbcc7a4e0, fd = -1127766816, u32 = 3167200480, u64 = 140736360588512}}, {events = 4294958720, data = {ptr = 0x90009000007fff, fd = 32767, u32 = 32767, u64 = 40533015121657855}}, {events = 0, data = {ptr = 0x7fffffffde80, fd = -8576, u32 = 4294958720, u64 = 140737488346752}}, {events = 9437328, data = {ptr = 0x58646e00000000, fd = 0, u32 = 0, u64 = 24880221559717888}}, {events = 0, data = {ptr = 0x922490, fd = 9577616, u32 = 9577616, u64 = 9577616}}, {events = 9577600, data = {ptr = 0xffffde8000000000, fd = 0, u32 = 0, u64 = 18446707240070021120}}, {events = 32767, data = {ptr = 0x0, fd = 0, u32 = 0, u64 = 0}}, {events = 0, data = {ptr = 0x0, fd = 0, u32 = 0, u64 = 0}}, {events = 0, data = {ptr = 0x58a720 <Connection::handleTimeout(std::weak_ptr<Connection>, boost::system::error_code const&)>, fd = 5809952, u32 = 5809952, u64 = 5809952}}, {events = 9577616, data = {ptr = 0x92248000000000, fd = 0, u32 = 0, u64 = 41135478774169600}}, {events = 0, data = {ptr = 0x1011f7e0000007d, fd = 125, u32 = 125, u64 = 72373695040979069}}}
2020-10-18 17:05:37 -          num_events = <optimized out>
2020-10-18 17:05:37 -          check_timers = <optimized out>
2020-10-18 17:05:37 -  #2  0x000000000055dcd3 in do_run_one (ec=..., this_thread=..., lock=<synthetic pointer>, this=0x900090) at /usr/include/boost/asio/detail/impl/task_io_service.ipp:356
2020-10-18 17:05:37 -          more_handlers = <optimized out>
2020-10-18 17:05:37 -  #3  run (ec=..., this=0x900090) at /usr/include/boost/asio/detail/impl/task_io_service.ipp:149
2020-10-18 17:05:37 -          this_thread = {private_op_queue = {front_ = 0x0, back_ = 0x0}, private_outstanding_work = 0}
2020-10-18 17:05:37 -          ctx = {key_ = 0x900090, value_ = 0x7fffffffdf40, next_ = 0x0}
2020-10-18 17:05:37 -          lock = {mutex_ = @0x9000c0, locked_ = <optimized out>}
2020-10-18 17:05:37 -          n = 947
2020-10-18 17:05:37 -  #4  _ZN5boost4asio10io_service3runEv.isra.226 () at /usr/include/boost/asio/impl/io_service.ipp:59
2020-10-18 17:05:37 -          ec = {m_val = 0, m_cat = 0x7ffff71e50e0}
2020-10-18 17:05:37 -  #5  ServiceManager::run() (this=this@entry=0x7fffffffdff0) at /home/otg/src/server.cpp:47
2020-10-18 17:05:37 -  No locals.
2020-10-18 17:05:37 -  #6  0x0000000000474c46 in main (argc=1, argv=0x7fffffffe1b8) at /home/otg/src/otserv.cpp:96
2020-10-18 17:05:37 -          serviceManager = {acceptors = {_M_h = {_M_buckets = 0x7fffbdef2380, _M_bucket_count = 5, _M_before_begin = {_M_nxt = 0x7fffbdef2350}, _M_element_count = 2, _M_rehash_policy = {_M_max_load_factor = 1, _M_next_resize = 5}, _M_single_bucket = 0x0}}, io_service = {service_registry_ = 0x900040, impl_ = @0x900090}, signals = {set = {<No data fields>}}, death_timer = {<No data fields>}, running = true}
2020-10-18 17:05:37 -  Saving server...
2020-10-18 17:05:38 -  > Saved house items in: 0.471 s
2020-10-18 17:05:38 -  A debugging session is active.
2020-10-18 17:05:38 -  
2020-10-18 17:05:38 -  	Inferior 1 [process 26214] will be killed.
2020-10-18 17:05:38 -  
2020-10-18 17:05:38 -  Quit anyway? (y or n) [answered Y; input not from terminal]
