2020-10-24 11:45:40 -  [Thread debugging using libthread_db enabled]
2020-10-24 11:45:40 -  Using host libthread_db library "/lib/x86_64-linux-gnu/libthread_db.so.1".
2020-10-24 11:45:40 -  [New Thread 0x7ffff3dbb700 (LWP 6665)]
2020-10-24 11:45:40 -  [New Thread 0x7ffff35ba700 (LWP 6666)]
2020-10-24 11:45:40 -  The OTG-Premium-Version - Version: (1.3)
2020-10-24 11:45:40 -  Compiled with: GNU C++ version 5.4.0 20160609
2020-10-24 11:45:40 -  Compiled on Sep 17 2020 19:49:36 for platform x64
2020-10-24 11:45:40 -  
2020-10-24 11:45:40 -  Special Credits for: OTG Team, Johncore, Vankk, Erick Nunes, Leonardo Pereira, Leandro Baldissera, Talis, Marcomoa, Marson Schneider, Douglas, Mark Samman, OTXServer (Mattyx Gomez) and The Forgotten Server Developers.
2020-10-24 11:45:40 -  Link of repository: https://github.com/Johncorex/OTG-Premium-Version
2020-10-24 11:45:40 -  
2020-10-24 11:45:40 -  >> Loading config: config.lua
2020-10-24 11:45:40 -  >> Establishing database connection... MySQL 5.7.31
2020-10-24 11:45:40 -  >> Running database manager
2020-10-24 11:45:40 -  [New Thread 0x7ffff2ba7700 (LWP 6667)]
2020-10-24 11:45:40 -  > Optimizing table tile_store... [success]
2020-10-24 11:45:40 -  >> Loading vocations
2020-10-24 11:45:40 -  >> Loading items
2020-10-24 11:45:40 -  >> Loading script systems
2020-10-24 11:45:40 -  >> Loading lua libs
2020-10-24 11:45:41 -  [Warning - Event::checkScript] Can not load script: scripts/expboostaction.lua
2020-10-24 11:45:41 -  cannot open data/actions/scripts/expboostaction.lua: No such file or directory
2020-10-24 11:45:42 -  >> Loading lua scripts
2020-10-24 11:45:42 -  >> Loading monsters
2020-10-24 11:45:42 -  >> Loading lua monsters
2020-10-24 11:45:42 -  >> Loading outfits
2020-10-24 11:45:42 -  >> Loading prey data
2020-10-24 11:45:42 -  >> Checking world type... PVP
2020-10-24 11:45:42 -  >> Loading map
2020-10-24 11:45:44 -  > Map size: 34143x33812.
2020-10-24 11:45:50 -  > Map loading time: 7.182 seconds.
2020-10-24 11:45:50 -  > Loaded house items in: 0.012 s
2020-10-24 11:45:50 -  >> Initializing gamestate
2020-10-24 11:45:52 -  >> Loaded 43 npcs and spawned 72708 monsters.
2020-10-24 11:45:52 -  >> Loaded 27 towns with 1074 houses in total.
2020-10-24 11:45:52 -  [Castle War]
2020-10-24 11:45:52 -  [POWERGAMERS]
2020-10-24 11:45:52 -  [SISTEMA DE LOTERIA] OPERANTE
2020-10-24 11:45:52 -  Advanced NPC spawn system | All NPCs will be loaded trough lib.
2020-10-24 11:45:52 -  [REGEN BOOST] CARREGADO
2020-10-24 11:45:52 -  [SPOOF COUNTER]
2020-10-24 11:45:52 -  [STAMINA]
2020-10-24 11:45:52 -  warvariables
2020-10-24 11:45:52 -  eu sou o checkWarmode... 11:45!
2020-10-24 11:45:52 -  > Broadcasted message: "[Warmode] Atencao! A Guild TesteWarmode desafiou a Guild Vai tomando para uma batalha que vai iniciar agora! Use o comando !war, para juntar-se a sua guild.".
2020-10-24 11:45:52 -  >> Loaded all modules, server starting up...
2020-10-24 11:45:52 -  > Warning: OTG-Premium-Version has been executed as root user, please consider running it as a normal user.
2020-10-24 11:45:52 -  >> Honera Global Server Online!
2020-10-24 11:45:52 -  
2020-10-24 11:45:53 -  Robalo has logged in.
2020-10-24 11:45:53 -  funcao onLogin
2020-10-24 11:45:53 -  Robalo has logged out.
2020-10-24 11:45:55 -  SABADOU!! NPC HONERA CRIADO
2020-10-24 11:45:55 -  Demonzin has logged in.
2020-10-24 11:45:55 -  funcao onLogin
2020-10-24 11:45:55 -  Demonzin has logged out.
2020-10-24 11:45:56 -  Reyzor has logged in.
2020-10-24 11:45:56 -  funcao onLogin
2020-10-24 11:45:56 -  Robalo has logged in.
2020-10-24 11:46:02 -  funcao onLogin
2020-10-24 11:46:02 -  Demonzin has logged in.
2020-10-24 11:46:23 -  funcao onLogin
2020-10-24 11:46:23 -  Demonzin has logged out.
2020-10-24 11:46:24 -  Demonzin has logged in.
2020-10-24 11:46:47 -  funcao onLogin
2020-10-24 11:46:47 -  Demonzin has logged out.
2020-10-24 11:46:48 -  Demonzin has logged in.
2020-10-24 11:46:48 -  funcao onLogin
2020-10-24 11:46:48 -  um player que estava dentro da war, logou
2020-10-24 11:46:48 -  Demonzin has logged out.
2020-10-24 11:46:52 -  Demonzin has logged in.
2020-10-24 11:50:12 -  
2020-10-24 11:50:12 -  Thread 1 "tfs" received signal SIGINT, Interrupt.
2020-10-24 11:50:12 -  0x00007ffff7b14ad3 in epoll_wait () at ../sysdeps/unix/syscall-template.S:84
2020-10-24 11:50:12 -  84	../sysdeps/unix/syscall-template.S: No such file or directory.
2020-10-24 11:50:13 -  
2020-10-24 11:50:13 -  Thread 4 (Thread 0x7ffff2ba7700 (LWP 6667)):
2020-10-24 11:50:13 -  #0  pthread_cond_wait@@GLIBC_2.3.2 () at ../sysdeps/unix/sysv/linux/x86_64/pthread_cond_wait.S:185
2020-10-24 11:50:13 -  No locals.
2020-10-24 11:50:13 -  #1  0x00007ffff5e7491c in std::condition_variable::wait(std::unique_lock<std::mutex>&) () from /usr/lib/x86_64-linux-gnu/libstdc++.so.6
2020-10-24 11:50:13 -  No symbol table info available.
2020-10-24 11:50:13 -  #2  0x00000000006228bf in DatabaseTasks::threadMain() (this=0x8e39a0 <g_databaseTasks>) at /home/otg/src/databasetasks.cpp:42
2020-10-24 11:50:13 -          taskLockUnique = {_M_device = 0x8e3a08 <g_databaseTasks+104>, _M_owns = true}
2020-10-24 11:50:13 -  #3  0x00007ffff5e79c80 in ?? () from /usr/lib/x86_64-linux-gnu/libstdc++.so.6
2020-10-24 11:50:13 -  No symbol table info available.
2020-10-24 11:50:13 -  #4  0x00007ffff614a6ba in start_thread (arg=0x7ffff2ba7700) at pthread_create.c:333
2020-10-24 11:50:13 -          __res = <optimized out>
2020-10-24 11:50:13 -          pd = 0x7ffff2ba7700
2020-10-24 11:50:13 -          now = <optimized out>
2020-10-24 11:50:13 -          unwind_buf = {cancel_jmp_buf = {{jmp_buf = {140737265694464, -1598900641802490350, 0, 140737284647471, 140737265695168, 9334528, 1598906659566513682, 1598914753203138066}, mask_was_saved = 0}}, priv = {pad = {0x0, 0x0, 0x0, 0x0}, data = {prev = 0x0, cleanup = 0x0, canceltype = 0}}}
2020-10-24 11:50:13 -          not_first_call = <optimized out>
2020-10-24 11:50:13 -          pagesize_m1 = <optimized out>
2020-10-24 11:50:13 -          sp = <optimized out>
2020-10-24 11:50:13 -          freesize = <optimized out>
2020-10-24 11:50:13 -          __PRETTY_FUNCTION__ = "start_thread"
2020-10-24 11:50:13 -  #5  0x00007ffff7b144dd in clone () at ../sysdeps/unix/sysv/linux/x86_64/clone.S:109
2020-10-24 11:50:13 -  No locals.
2020-10-24 11:50:13 -  
2020-10-24 11:50:13 -  Thread 3 (Thread 0x7ffff35ba700 (LWP 6666)):
2020-10-24 11:50:13 -  #0  pthread_cond_timedwait@@GLIBC_2.3.2 () at ../sysdeps/unix/sysv/linux/x86_64/pthread_cond_timedwait.S:225
2020-10-24 11:50:13 -  No locals.
2020-10-24 11:50:13 -  #1  0x0000000000506210 in __gthread_cond_timedwait () at /usr/include/x86_64-linux-gnu/c++/5/bits/gthr-default.h:871
2020-10-24 11:50:13 -  No locals.
2020-10-24 11:50:13 -  #2  std::condition_variable::__wait_until_impl (__atime=..., __lock=..., this=0x8e6fa0 <g_scheduler+64>) at /usr/include/c++/5/condition_variable:165
2020-10-24 11:50:13 -          __ts = {tv_sec = 1603554612, tv_nsec = 933125218}
2020-10-24 11:50:13 -  #3  std::condition_variable::wait_until<std::chrono::duration<long, std::ratio<1l, 1000000000l> > > () at /usr/include/c++/5/condition_variable:105
2020-10-24 11:50:13 -          __lock = @0x7ffff35b9e90: {_M_device = 0x8e6f78 <g_scheduler+24>, _M_owns = true}
2020-10-24 11:50:13 -          this = 0x8e6fa0 <g_scheduler+64>
2020-10-24 11:50:13 -  #4  Scheduler::threadMain (this=0x8e6f60 <g_scheduler>) at /home/otg/src/scheduler.cpp:36
2020-10-24 11:50:13 -          ret = std::cv_status::no_timeout
2020-10-24 11:50:13 -          eventLockUnique = {_M_device = 0x8e6f78 <g_scheduler+24>, _M_owns = true}
2020-10-24 11:50:13 -  #5  0x00007ffff5e79c80 in ?? () from /usr/lib/x86_64-linux-gnu/libstdc++.so.6
2020-10-24 11:50:13 -  No symbol table info available.
2020-10-24 11:50:13 -  #6  0x00007ffff614a6ba in start_thread (arg=0x7ffff35ba700) at pthread_create.c:333
2020-10-24 11:50:13 -          __res = <optimized out>
2020-10-24 11:50:13 -          pd = 0x7ffff35ba700
2020-10-24 11:50:13 -          now = <optimized out>
2020-10-24 11:50:13 -          unwind_buf = {cancel_jmp_buf = {{jmp_buf = {140737276258048, -1598900641802490350, 0, 140737488346847, 140737276258752, 9437376, 1598908577806282258, 1598914753203138066}, mask_was_saved = 0}}, priv = {pad = {0x0, 0x0, 0x0, 0x0}, data = {prev = 0x0, cleanup = 0x0, canceltype = 0}}}
2020-10-24 11:50:13 -          not_first_call = <optimized out>
2020-10-24 11:50:13 -          pagesize_m1 = <optimized out>
2020-10-24 11:50:13 -          sp = <optimized out>
2020-10-24 11:50:13 -          freesize = <optimized out>
2020-10-24 11:50:13 -          __PRETTY_FUNCTION__ = "start_thread"
2020-10-24 11:50:13 -  #7  0x00007ffff7b144dd in clone () at ../sysdeps/unix/sysv/linux/x86_64/clone.S:109
2020-10-24 11:50:13 -  No locals.
2020-10-24 11:50:13 -  
2020-10-24 11:50:13 -  Thread 2 (Thread 0x7ffff3dbb700 (LWP 6665)):
2020-10-24 11:50:13 -  #0  pthread_cond_wait@@GLIBC_2.3.2 () at ../sysdeps/unix/sysv/linux/x86_64/pthread_cond_wait.S:185
2020-10-24 11:50:13 -  No locals.
2020-10-24 11:50:13 -  #1  0x00007ffff5e7491c in std::condition_variable::wait(std::unique_lock<std::mutex>&) () from /usr/lib/x86_64-linux-gnu/libstdc++.so.6
2020-10-24 11:50:13 -  No symbol table info available.
2020-10-24 11:50:13 -  #2  0x000000000055af7b in Dispatcher::threadMain() (this=0x8e6ec0 <g_dispatcher>) at /home/otg/src/tasks.cpp:50
2020-10-24 11:50:13 -          taskLockUnique = {_M_device = 0x8e6ed8 <g_dispatcher+24>, _M_owns = true}
2020-10-24 11:50:13 -  #3  0x00007ffff5e79c80 in ?? () from /usr/lib/x86_64-linux-gnu/libstdc++.so.6
2020-10-24 11:50:13 -  No symbol table info available.
2020-10-24 11:50:13 -  #4  0x00007ffff614a6ba in start_thread (arg=0x7ffff3dbb700) at pthread_create.c:333
2020-10-24 11:50:13 -          __res = <optimized out>
2020-10-24 11:50:13 -          pd = 0x7ffff3dbb700
2020-10-24 11:50:13 -          now = <optimized out>
2020-10-24 11:50:13 -          unwind_buf = {cancel_jmp_buf = {{jmp_buf = {140737284650752, -1598900641802490350, 0, 140737488346847, 140737284651456, 9437376, 1598909676781039122, 1598914753203138066}, mask_was_saved = 0}}, priv = {pad = {0x0, 0x0, 0x0, 0x0}, data = {prev = 0x0, cleanup = 0x0, canceltype = 0}}}
2020-10-24 11:50:13 -          not_first_call = <optimized out>
2020-10-24 11:50:13 -          pagesize_m1 = <optimized out>
2020-10-24 11:50:13 -          sp = <optimized out>
2020-10-24 11:50:13 -          freesize = <optimized out>
2020-10-24 11:50:13 -          __PRETTY_FUNCTION__ = "start_thread"
2020-10-24 11:50:13 -  #5  0x00007ffff7b144dd in clone () at ../sysdeps/unix/sysv/linux/x86_64/clone.S:109
2020-10-24 11:50:13 -  No locals.
2020-10-24 11:50:13 -  
2020-10-24 11:50:13 -  Thread 1 (Thread 0x7ffff7fe6740 (LWP 6661)):
2020-10-24 11:50:13 -  #0  0x00007ffff7b14ad3 in epoll_wait () at ../sysdeps/unix/syscall-template.S:84
2020-10-24 11:50:13 -  No locals.
2020-10-24 11:50:13 -  #1  0x00000000005b70e7 in boost::asio::detail::epoll_reactor::run(bool, boost::asio::detail::op_queue<boost::asio::detail::task_io_service_operation>&) [clone .constprop.204] (this=0x901570, block=<optimized out>, ops=...) at /usr/include/boost/asio/detail/impl/epoll_reactor.ipp:392
2020-10-24 11:50:13 -          timeout = <optimized out>
2020-10-24 11:50:14 -          events = {{events = 1, data = {ptr = 0x9015c8, fd = 9442760, u32 = 9442760, u64 = 9442760}}, {events = 0, data = {ptr = 0x0, fd = 0, u32 = 0, u64 = 0}} <repeats 51 times>, {events = 11, data = {ptr = 0xa100000000, fd = 0, u32 = 0, u64 = 691489734656}}, {events = 0, data = {ptr = 0x922f10, fd = 9580304, u32 = 9580304, u64 = 9580304}}, {events = 0, data = {ptr = 0x0, fd = 0, u32 = 0, u64 = 0}}, {events = 0, data = {ptr = 0x0, fd = 0, u32 = 0, u64 = 0}}, {events = 9329, data = {ptr = 0xffffdb8fffff8000, fd = -32768, u32 = 4294934528, u64 = 18446704010254581760}}, {events = 32767, data = {ptr = 0x2, fd = 2, u32 = 2, u64 = 2}}, {events = 4155593817, data = {ptr = 0x7fff, fd = 32767, u32 = 32767, u64 = 32767}}, {events = 0, data = {ptr = 0x5828f4 <boost::asio::detail::reactive_socket_recv_op_base<boost::asio::mutable_buffers_1>::do_perform(boost::asio::detail::reactor_op*)+228>, fd = 5777652, u32 = 5777652, u64 = 5777652}}, {events = 91, data = {ptr = 0x100006e, fd = 16777326, u32 = 16777326, u64 = 16777326}}, {events = 15, data = {ptr = 0x901da6, fd = 9444774, u32 = 9444774, u64 = 9444774}}, {events = 2, data = {ptr = 0x200000000, fd = 0, u32 = 0, u64 = 8589934592}}, {events = 0, data = {ptr = 0x5f944d33, fd = 1603554611, u32 = 1603554611, u64 = 1603554611}}, {events = 0, data = {ptr = 0x0, fd = 0, u32 = 0, u64 = 0}}, {events = 0, data = {ptr = 0x7fffffffdb80, fd = -9344, u32 = 4294957952, u64 = 140737488345984}}, {events = 1, data = {ptr = 0x0, fd = 0, u32 = 0, u64 = 0}}, {events = 0, data = {ptr = 0x0, fd = 0, u32 = 0, u64 = 0}}, {events = 0, data = {ptr = 0x901d8000000000, fd = 0, u32 = 0, u64 = 40564832239353856}}, {events = 0, data = {ptr = 0x7fffee0ed630, fd = -301017552, u32 = 3993949744, u64 = 140737187337776}}, {events = 9579904, data = {ptr = 0x911e8800000000, fd = 0, u32 = 0, u64 = 40847441087430656}}, {events = 0, data = {ptr = 0x924628, fd = 9586216, u32 = 9586216, u64 = 9586216}}, {events = 15, data = {ptr = 0x5200000000, fd = 0, u32 = 0, u64 = 352187318272}}, {events = 0, data = {ptr = 0x901570, fd = 9442672, u32 = 9442672, u64 = 9442672}}, {events = 6449413, data = {ptr = 0x0, fd = 0, u32 = 0, u64 = 0}}, {events = 0, data = {ptr = 0xf, fd = 15, u32 = 15, u64 = 15}}, {events = 0, data = {ptr = 0x56f20000000000, fd = 0, u32 = 0, u64 = 24472929811038208}}, {events = 0, data = {ptr = 0x0, fd = 0, u32 = 0, u64 = 0}}, {events = 0, data = {ptr = 0xffffdc7000000000, fd = 0, u32 = 0, u64 = 18446704972327288832}}, {events = 32767, data = {ptr = 0x922d80, fd = 9579904, u32 = 9579904, u64 = 9579904}}, {events = 9579904, data = {ptr = 0xe949ca6000000000, fd = 0, u32 = 0, u64 = 16810189597802758144}}, {events = 32767, data = {ptr = 0x911e88, fd = 9510536, u32 = 9510536, u64 = 9510536}}, {events = 9444774, data = {ptr = 0x200000000, fd = 0, u32 = 0, u64 = 8589934592}}, {events = 0, data = {ptr = 0x7fff00000001, fd = 1, u32 = 1, u64 = 140733193388033}}, {events = 0, data = {ptr = 0x56f20000000000, fd = 0, u32 = 0, u64 = 24472929811038208}}, {events = 0, data = {ptr = 0x0, fd = 0, u32 = 0, u64 = 0}}, {events = 0, data = {ptr = 0x954b0800000000, fd = 0, u32 = 0, u64 = 42022269261709312}}, {events = 0, data = {ptr = 0x0, fd = 0, u32 = 0, u64 = 0}}, {events = 4128564479, data = {ptr = 0x944a7000007fff, fd = 32767, u32 = 32767, u64 = 41740141450002431}}, {events = 0, data = {ptr = 0x7fffd47a1bb0, fd = -730195024, u32 = 3564772272, u64 = 140736758160304}}, {events = 2922895008, data = {ptr = 0x954b0800007fff, fd = 32767, u32 = 32767, u64 = 42022269261742079}}, {events = 0, data = {ptr = 0x7fffffffde78, fd = -8584, u32 = 4294958712, u64 = 140737488346744}}, {events = 0, data = {ptr = 0xf7a9158c00000000, fd = 0, u32 = 0, u64 = 17845818689471905792}}, {events = 32767, data = {ptr = 0x900090, fd = 9437328, u32 = 9437328, u64 = 9437328}}, {events = 4294958640, data = {ptr = 0x90009000007fff, fd = 32767, u32 = 32767, u64 = 40533015121657855}}, {events = 0, data = {ptr = 0x944a70, fd = 9718384, u32 = 9718384, u64 = 9718384}}, {events = 22, data = {ptr = 0x944a7000000000, fd = 0, u32 = 0, u64 = 41740141449969664}}, {events = 0, data = {ptr = 0x7fffd47a1bb0, fd = -730195024, u32 = 3564772272, u64 = 140736758160304}}, {events = 2922895008, data = {ptr = 0x954b0800007fff, fd = 32767, u32 = 32767, u64 = 42022269261742079}}, {events = 0, data = {ptr = 0x58a8b4 <Connection::onWriteOperation(boost::system::error_code const&)+260>, fd = 5810356, u32 = 5810356, u64 = 5810356}}, {events = 0, data = {ptr = 0xf71e50e000000000, fd = 0, u32 = 0, u64 = 17806758899672416256}}, {events = 32767, data = {ptr = 0xffffde30, fd = -8656, u32 = 4294958640, u64 = 4294958640}}, {events = 22, data = {ptr = 0x0, fd = 0, u32 = 0, u64 = 0}}, {events = 0, data = {ptr = 0x0, fd = 0, u32 = 0, u64 = 0}}, {events = 4294958640, data = {ptr = 0x58574500007fff, fd = 32767, u32 = 32767, u64 = 24865751814930431}}, {events = 0, data = {ptr = 0x11, fd = 17, u32 = 17, u64 = 17}}, {events = 4155593817, data = {ptr = 0xffffde3000007fff, fd = 32767, u32 = 32767, u64 = 18446706896472670207}}, {events = 32767, data = {ptr = 0x0, fd = 0, u32 = 0, u64 = 0}}, {events = 0, data = {ptr = 0x0, fd = 0, u32 = 0, u64 = 0}}, {events = 15, data = {ptr = 0x911e88, fd = 9510536, u32 = 9510536, u64 = 9510536}}, {events = 4294958720, data = {ptr = 0x90009000007fff, fd = 32767, u32 = 32767, u64 = 40533015121657855}}, {events = 0, data = {ptr = 0x0, fd = 0, u32 = 0, u64 = 0}}, {events = 0, data = {ptr = 0x9000c000000000, fd = 0, u32 = 0, u64 = 40533221280055296}}, {events = 0, data = {ptr = 0x0, fd = 0, u32 = 0, u64 = 0}}, {events = 4155053452, data = {ptr = 0x901d8000007fff, fd = 32767, u32 = 32767, u64 = 40564832239386623}}, {events = 0, data = {ptr = 0x0, fd = 0, u32 = 0, u64 = 0}}, {events = 4145959136, data = {ptr = 0x58a73100007fff, fd = 32767, u32 = 32767, u64 = 24953626845806591}}, {events = 0, data = {ptr = 0x7fffee0ed6d0, fd = -301017392, u32 = 3993949904, u64 = 140737187337936}}, {events = 4294958720, data = {ptr = 0x90009000007fff, fd = 32767, u32 = 32767, u64 = 40533015121657855}}, {events = 0, data = {ptr = 0x7fffffffde80, fd = -8576, u32 = 4294958720, u64 = 140737488346752}}, {events = 9437328, data = {ptr = 0x58646e00000000, fd = 0, u32 = 0, u64 = 24880221559717888}}, {events = 0, data = {ptr = 0x944a70, fd = 9718384, u32 = 9718384, u64 = 9718384}}, {events = 9718368, data = {ptr = 0xffffde8000000000, fd = 0, u32 = 0, u64 = 18446707240070021120}}, {events = 32767, data = {ptr = 0x0, fd = 0, u32 = 0, u64 = 0}}, {events = 0, data = {ptr = 0x0, fd = 0, u32 = 0, u64 = 0}}, {events = 0, data = {ptr = 0x58a720 <Connection::handleTimeout(std::weak_ptr<Connection>, boost::system::error_code const&)>, fd = 5809952, u32 = 5809952, u64 = 5809952}}, {events = 9718384, data = {ptr = 0x944a6000000000, fd = 0, u32 = 0, u64 = 41740072730492928}}, {events = 0, data = {ptr = 0x6b7361200000007d, fd = 125, u32 = 125, u64 = 7742638974446862461}}}
2020-10-24 11:50:14 -          num_events = <optimized out>
2020-10-24 11:50:14 -          check_timers = <optimized out>
2020-10-24 11:50:14 -  #2  0x000000000055dcd3 in do_run_one (ec=..., this_thread=..., lock=<synthetic pointer>, this=0x900090) at /usr/include/boost/asio/detail/impl/task_io_service.ipp:356
2020-10-24 11:50:14 -          more_handlers = <optimized out>
2020-10-24 11:50:14 -  #3  run (ec=..., this=0x900090) at /usr/include/boost/asio/detail/impl/task_io_service.ipp:149
2020-10-24 11:50:14 -          this_thread = {private_op_queue = {front_ = 0x0, back_ = 0x0}, private_outstanding_work = 0}
2020-10-24 11:50:14 -          ctx = {key_ = 0x900090, value_ = 0x7fffffffdf40, next_ = 0x0}
2020-10-24 11:50:14 -          lock = {mutex_ = @0x9000c0, locked_ = <optimized out>}
2020-10-24 11:50:14 -          n = 5771
2020-10-24 11:50:14 -  #4  _ZN5boost4asio10io_service3runEv.isra.226 () at /usr/include/boost/asio/impl/io_service.ipp:59
2020-10-24 11:50:14 -          ec = {m_val = 0, m_cat = 0x7ffff71e50e0}
2020-10-24 11:50:14 -  #5  ServiceManager::run() (this=this@entry=0x7fffffffdff0) at /home/otg/src/server.cpp:47
2020-10-24 11:50:14 -  No locals.
2020-10-24 11:50:14 -  #6  0x0000000000474c46 in main (argc=1, argv=0x7fffffffe1b8) at /home/otg/src/otserv.cpp:96
2020-10-24 11:50:14 -          serviceManager = {acceptors = {_M_h = {_M_buckets = 0x7fffed8f6920, _M_bucket_count = 5, _M_before_begin = {_M_nxt = 0x7fffed8f68f0}, _M_element_count = 2, _M_rehash_policy = {_M_max_load_factor = 1, _M_next_resize = 5}, _M_single_bucket = 0x0}}, io_service = {service_registry_ = 0x900040, impl_ = @0x900090}, signals = {set = {<No data fields>}}, death_timer = {<No data fields>}, running = true}
2020-10-24 11:50:14 -  funcao onLogin
2020-10-24 11:50:14 -  Saving server...
2020-10-24 11:50:14 -  > Saved house items in: 0.37 s
2020-10-24 11:50:14 -  A debugging session is active.
2020-10-24 11:50:14 -  
2020-10-24 11:50:14 -  	Inferior 1 [process 6661] will be killed.
2020-10-24 11:50:14 -  
2020-10-24 11:50:14 -  Quit anyway? (y or n) [answered Y; input not from terminal]
