2020-10-23 17:46:00 -  [Thread debugging using libthread_db enabled]
2020-10-23 17:46:00 -  Using host libthread_db library "/lib/x86_64-linux-gnu/libthread_db.so.1".
2020-10-23 17:46:00 -  [New Thread 0x7ffff3dbb700 (LWP 11483)]
2020-10-23 17:46:00 -  [New Thread 0x7ffff35ba700 (LWP 11484)]
2020-10-23 17:46:00 -  The OTG-Premium-Version - Version: (1.3)
2020-10-23 17:46:00 -  Compiled with: GNU C++ version 5.4.0 20160609
2020-10-23 17:46:00 -  Compiled on Sep 17 2020 19:49:36 for platform x64
2020-10-23 17:46:00 -  
2020-10-23 17:46:00 -  Special Credits for: OTG Team, Johncore, Vankk, Erick Nunes, Leonardo Pereira, Leandro Baldissera, Talis, Marcomoa, Marson Schneider, Douglas, Mark Samman, OTXServer (Mattyx Gomez) and The Forgotten Server Developers.
2020-10-23 17:46:00 -  Link of repository: https://github.com/Johncorex/OTG-Premium-Version
2020-10-23 17:46:00 -  
2020-10-23 17:46:00 -  >> Loading config: config.lua
2020-10-23 17:46:00 -  >> Establishing database connection... MySQL 5.7.31
2020-10-23 17:46:00 -  >> Running database manager
2020-10-23 17:46:00 -  [New Thread 0x7ffff2ba7700 (LWP 11485)]
2020-10-23 17:46:00 -  > Optimizing table tile_store... [success]
2020-10-23 17:46:00 -  >> Loading vocations
2020-10-23 17:46:00 -  >> Loading items
2020-10-23 17:46:00 -  >> Loading script systems
2020-10-23 17:46:00 -  >> Loading lua libs
2020-10-23 17:46:01 -  [Warning - Event::checkScript] Can not load script: scripts/expboostaction.lua
2020-10-23 17:46:01 -  cannot open data/actions/scripts/expboostaction.lua: No such file or directory
2020-10-23 17:46:02 -  >> Loading lua scripts
2020-10-23 17:46:02 -  >> Loading monsters
2020-10-23 17:46:02 -  >> Loading lua monsters
2020-10-23 17:46:02 -  >> Loading outfits
2020-10-23 17:46:02 -  >> Loading prey data
2020-10-23 17:46:02 -  >> Checking world type... PVP
2020-10-23 17:46:02 -  >> Loading map
2020-10-23 17:46:04 -  > Map size: 34143x33812.
2020-10-23 17:46:09 -  > Map loading time: 7.224 seconds.
2020-10-23 17:46:10 -  > Loaded house items in: 0.013 s
2020-10-23 17:46:10 -  >> Initializing gamestate
2020-10-23 17:46:12 -  >> Loaded 43 npcs and spawned 72708 monsters.
2020-10-23 17:46:12 -  >> Loaded 27 towns with 1074 houses in total.
2020-10-23 17:46:12 -  [Castle War]
2020-10-23 17:46:12 -  [POWERGAMERS]
2020-10-23 17:46:12 -  [SISTEMA DE LOTERIA] OPERANTE
2020-10-23 17:46:12 -  Advanced NPC spawn system | All NPCs will be loaded trough lib.
2020-10-23 17:46:12 -  [REGEN BOOST] CARREGADO
2020-10-23 17:46:12 -  [SPOOF COUNTER]
2020-10-23 17:46:12 -  [STAMINA]
2020-10-23 17:46:12 -  warvariables
2020-10-23 17:46:12 -  Agenda:	2
2020-10-23 17:46:12 -  eu sou o checkWarmode... 17:46!
2020-10-23 17:46:12 -  Buscando valores guilds where id = 3
2020-10-23 17:46:12 -  > Broadcasted message: "[Warmode] Atencao Honerianos! A Guild TesteWarmode desafiou a Guild Vai tomando para uma batalha que vai iniciar agora!".
2020-10-23 17:46:12 -  17	46	14
2020-10-23 17:46:12 -  >> Loaded all modules, server starting up...
2020-10-23 17:46:12 -  > Warning: OTG-Premium-Version has been executed as root user, please consider running it as a normal user.
2020-10-23 17:46:12 -  >> Honera Global Server Online!
2020-10-23 17:46:12 -  
2020-10-23 17:46:13 -  Demonzin has logged in.
2020-10-23 17:46:13 -  funcao onLogin
2020-10-23 17:46:13 -  Dev Marson has logged in.
2020-10-23 17:46:13 -  funcao onLogin
2020-10-23 17:46:13 -  Robalo has logged in.
2020-10-23 17:46:13 -  funcao onLogin
2020-10-23 17:46:13 -  Robalo has logged out.
2020-10-23 17:46:23 -  SABADOU!! NPC HONERA CRIADO
2020-10-23 17:46:23 -  Robalo has logged in.
2020-10-23 17:46:26 -  
2020-10-23 17:46:26 -  Thread 1 "tfs" received signal SIGINT, Interrupt.
2020-10-23 17:46:26 -  0x00007ffff7b14ad3 in epoll_wait () at ../sysdeps/unix/syscall-template.S:84
2020-10-23 17:46:26 -  84	../sysdeps/unix/syscall-template.S: No such file or directory.
2020-10-23 17:46:26 -  
2020-10-23 17:46:26 -  Thread 4 (Thread 0x7ffff2ba7700 (LWP 11485)):
2020-10-23 17:46:26 -  #0  pthread_cond_wait@@GLIBC_2.3.2 () at ../sysdeps/unix/sysv/linux/x86_64/pthread_cond_wait.S:185
2020-10-23 17:46:26 -  No locals.
2020-10-23 17:46:26 -  #1  0x00007ffff5e7491c in std::condition_variable::wait(std::unique_lock<std::mutex>&) () from /usr/lib/x86_64-linux-gnu/libstdc++.so.6
2020-10-23 17:46:27 -  No symbol table info available.
2020-10-23 17:46:27 -  #2  0x00000000006228bf in DatabaseTasks::threadMain() (this=0x8e39a0 <g_databaseTasks>) at /home/otg/src/databasetasks.cpp:42
2020-10-23 17:46:27 -          taskLockUnique = {_M_device = 0x8e3a08 <g_databaseTasks+104>, _M_owns = true}
2020-10-23 17:46:27 -  #3  0x00007ffff5e79c80 in ?? () from /usr/lib/x86_64-linux-gnu/libstdc++.so.6
2020-10-23 17:46:27 -  No symbol table info available.
2020-10-23 17:46:27 -  #4  0x00007ffff614a6ba in start_thread (arg=0x7ffff2ba7700) at pthread_create.c:333
2020-10-23 17:46:27 -          __res = <optimized out>
2020-10-23 17:46:27 -          pd = 0x7ffff2ba7700
2020-10-23 17:46:27 -          now = <optimized out>
2020-10-23 17:46:27 -          unwind_buf = {cancel_jmp_buf = {{jmp_buf = {140737265694464, 300239805292728856, 0, 140737284647471, 140737265695168, 9334528, -300245874592198120, -300256102830976488}, mask_was_saved = 0}}, priv = {pad = {0x0, 0x0, 0x0, 0x0}, data = {prev = 0x0, cleanup = 0x0, canceltype = 0}}}
2020-10-23 17:46:27 -          not_first_call = <optimized out>
2020-10-23 17:46:27 -          pagesize_m1 = <optimized out>
2020-10-23 17:46:27 -          sp = <optimized out>
2020-10-23 17:46:27 -          freesize = <optimized out>
2020-10-23 17:46:27 -          __PRETTY_FUNCTION__ = "start_thread"
2020-10-23 17:46:27 -  #5  0x00007ffff7b144dd in clone () at ../sysdeps/unix/sysv/linux/x86_64/clone.S:109
2020-10-23 17:46:27 -  No locals.
2020-10-23 17:46:27 -  
2020-10-23 17:46:27 -  Thread 3 (Thread 0x7ffff35ba700 (LWP 11484)):
2020-10-23 17:46:27 -  #0  pthread_cond_timedwait@@GLIBC_2.3.2 () at ../sysdeps/unix/sysv/linux/x86_64/pthread_cond_timedwait.S:225
2020-10-23 17:46:27 -  No locals.
2020-10-23 17:46:27 -  #1  0x0000000000506210 in __gthread_cond_timedwait () at /usr/include/x86_64-linux-gnu/c++/5/bits/gthr-default.h:871
2020-10-23 17:46:27 -  No locals.
2020-10-23 17:46:27 -  #2  std::condition_variable::__wait_until_impl (__atime=..., __lock=..., this=0x8e6fa0 <g_scheduler+64>) at /usr/include/c++/5/condition_variable:165
2020-10-23 17:46:27 -          __ts = {tv_sec = 1603489586, tv_nsec = 838488250}
2020-10-23 17:46:27 -  #3  std::condition_variable::wait_until<std::chrono::duration<long, std::ratio<1l, 1000000000l> > > () at /usr/include/c++/5/condition_variable:105
2020-10-23 17:46:27 -          __lock = @0x7ffff35b9e90: {_M_device = 0x8e6f78 <g_scheduler+24>, _M_owns = true}
2020-10-23 17:46:27 -          this = 0x8e6fa0 <g_scheduler+64>
2020-10-23 17:46:27 -  #4  Scheduler::threadMain (this=0x8e6f60 <g_scheduler>) at /home/otg/src/scheduler.cpp:36
2020-10-23 17:46:27 -          ret = std::cv_status::no_timeout
2020-10-23 17:46:27 -          eventLockUnique = {_M_device = 0x8e6f78 <g_scheduler+24>, _M_owns = true}
2020-10-23 17:46:27 -  #5  0x00007ffff5e79c80 in ?? () from /usr/lib/x86_64-linux-gnu/libstdc++.so.6
2020-10-23 17:46:27 -  No symbol table info available.
2020-10-23 17:46:27 -  #6  0x00007ffff614a6ba in start_thread (arg=0x7ffff35ba700) at pthread_create.c:333
2020-10-23 17:46:27 -          __res = <optimized out>
2020-10-23 17:46:27 -          pd = 0x7ffff35ba700
2020-10-23 17:46:27 -          now = <optimized out>
2020-10-23 17:46:27 -          unwind_buf = {cancel_jmp_buf = {{jmp_buf = {140737276258048, 300239805292728856, 0, 140737488346847, 140737276258752, 9437376, -300250013330058728, -300256102830976488}, mask_was_saved = 0}}, priv = {pad = {0x0, 0x0, 0x0, 0x0}, data = {prev = 0x0, cleanup = 0x0, canceltype = 0}}}
2020-10-23 17:46:27 -          not_first_call = <optimized out>
2020-10-23 17:46:27 -          pagesize_m1 = <optimized out>
2020-10-23 17:46:27 -          sp = <optimized out>
2020-10-23 17:46:27 -          freesize = <optimized out>
2020-10-23 17:46:27 -          __PRETTY_FUNCTION__ = "start_thread"
2020-10-23 17:46:27 -  #7  0x00007ffff7b144dd in clone () at ../sysdeps/unix/sysv/linux/x86_64/clone.S:109
2020-10-23 17:46:27 -  No locals.
2020-10-23 17:46:27 -  
2020-10-23 17:46:27 -  Thread 2 (Thread 0x7ffff3dbb700 (LWP 11483)):
2020-10-23 17:46:27 -  #0  pthread_cond_wait@@GLIBC_2.3.2 () at ../sysdeps/unix/sysv/linux/x86_64/pthread_cond_wait.S:185
2020-10-23 17:46:27 -  No locals.
2020-10-23 17:46:27 -  #1  0x00007ffff5e7491c in std::condition_variable::wait(std::unique_lock<std::mutex>&) () from /usr/lib/x86_64-linux-gnu/libstdc++.so.6
2020-10-23 17:46:27 -  No symbol table info available.
2020-10-23 17:46:27 -  #2  0x000000000055af7b in Dispatcher::threadMain() (this=0x8e6ec0 <g_dispatcher>) at /home/otg/src/tasks.cpp:50
2020-10-23 17:46:27 -          taskLockUnique = {_M_device = 0x8e6ed8 <g_dispatcher+24>, _M_owns = true}
2020-10-23 17:46:27 -  #3  0x00007ffff5e79c80 in ?? () from /usr/lib/x86_64-linux-gnu/libstdc++.so.6
2020-10-23 17:46:27 -  No symbol table info available.
2020-10-23 17:46:27 -  #4  0x00007ffff614a6ba in start_thread (arg=0x7ffff3dbb700) at pthread_create.c:333
2020-10-23 17:46:27 -          __res = <optimized out>
2020-10-23 17:46:27 -          pd = 0x7ffff3dbb700
2020-10-23 17:46:27 -          now = <optimized out>
2020-10-23 17:46:27 -          unwind_buf = {cancel_jmp_buf = {{jmp_buf = {140737284650752, 300239805292728856, 0, 140737488346847, 140737284651456, 9437376, -300248913281560040, -300256102830976488}, mask_was_saved = 0}}, priv = {pad = {0x0, 0x0, 0x0, 0x0}, data = {prev = 0x0, cleanup = 0x0, canceltype = 0}}}
2020-10-23 17:46:27 -          not_first_call = <optimized out>
2020-10-23 17:46:27 -          pagesize_m1 = <optimized out>
2020-10-23 17:46:27 -          sp = <optimized out>
2020-10-23 17:46:27 -          freesize = <optimized out>
2020-10-23 17:46:27 -          __PRETTY_FUNCTION__ = "start_thread"
2020-10-23 17:46:27 -  #5  0x00007ffff7b144dd in clone () at ../sysdeps/unix/sysv/linux/x86_64/clone.S:109
2020-10-23 17:46:27 -  No locals.
2020-10-23 17:46:27 -  
2020-10-23 17:46:27 -  Thread 1 (Thread 0x7ffff7fe6740 (LWP 11479)):
2020-10-23 17:46:27 -  #0  0x00007ffff7b14ad3 in epoll_wait () at ../sysdeps/unix/syscall-template.S:84
2020-10-23 17:46:27 -  No locals.
2020-10-23 17:46:27 -  #1  0x00000000005b70e7 in boost::asio::detail::epoll_reactor::run(bool, boost::asio::detail::op_queue<boost::asio::detail::task_io_service_operation>&) [clone .constprop.204] (this=0x901570, block=<optimized out>, ops=...) at /usr/include/boost/asio/detail/impl/epoll_reactor.ipp:392
2020-10-23 17:46:27 -          timeout = <optimized out>
2020-10-23 17:46:27 -          events = {{events = 1, data = {ptr = 0x9015c8, fd = 9442760, u32 = 9442760, u64 = 9442760}}, {events = 0, data = {ptr = 0x0, fd = 0, u32 = 0, u64 = 0}} <repeats 51 times>, {events = 11, data = {ptr = 0xa100000000, fd = 0, u32 = 0, u64 = 691489734656}}, {events = 0, data = {ptr = 0x9226c0, fd = 9578176, u32 = 9578176, u64 = 9578176}}, {events = 0, data = {ptr = 0x0, fd = 0, u32 = 0, u64 = 0}}, {events = 0, data = {ptr = 0x0, fd = 0, u32 = 0, u64 = 0}}, {events = 9329, data = {ptr = 0xffffdb8fffff8000, fd = -32768, u32 = 4294934528, u64 = 18446704010254581760}}, {events = 32767, data = {ptr = 0x2, fd = 2, u32 = 2, u64 = 2}}, {events = 4155593817, data = {ptr = 0x7fff, fd = 32767, u32 = 32767, u64 = 32767}}, {events = 0, data = {ptr = 0x5828f4 <boost::asio::detail::reactive_socket_recv_op_base<boost::asio::mutable_buffers_1>::do_perform(boost::asio::detail::reactor_op*)+228>, fd = 5777652, u32 = 5777652, u64 = 5777652}}, {events = 91, data = {ptr = 0x100006e, fd = 16777326, u32 = 16777326, u64 = 16777326}}, {events = 16, data = {ptr = 0x9226f6, fd = 9578230, u32 = 9578230, u64 = 9578230}}, {events = 2, data = {ptr = 0x200000000, fd = 0, u32 = 0, u64 = 8589934592}}, {events = 0, data = {ptr = 0x5f934f32, fd = 1603489586, u32 = 1603489586, u64 = 1603489586}}, {events = 0, data = {ptr = 0x0, fd = 0, u32 = 0, u64 = 0}}, {events = 0, data = {ptr = 0x7fffec000038, fd = -335544264, u32 = 3959423032, u64 = 140737152811064}}, {events = 4294958080, data = {ptr = 0xec00007000007fff, fd = 32767, u32 = 32767, u64 = 17005592673987362815}}, {events = 32767, data = {ptr = 0xffff800000002401, fd = 9217, u32 = 9217, u64 = 18446603336221205505}}, {events = 4294958079, data = {ptr = 0x9226d000007fff, fd = 32767, u32 = 32767, u64 = 41138021394841599}}, {events = 0, data = {ptr = 0x7fffe89c34d0, fd = -392416048, u32 = 3902551248, u64 = 140737095939280}}, {events = 9577904, data = {ptr = 0x9327d800000000, fd = 0, u32 = 0, u64 = 41420630242885632}}, {events = 0, data = {ptr = 0x9224e8, fd = 9577704, u32 = 9577704, u64 = 9577704}}, {events = 16, data = {ptr = 0x5200000000, fd = 0, u32 = 0, u64 = 352187318272}}, {events = 0, data = {ptr = 0x901570, fd = 9442672, u32 = 9442672, u64 = 9442672}}, {events = 6449413, data = {ptr = 0x0, fd = 0, u32 = 0, u64 = 0}}, {events = 0, data = {ptr = 0x7fffb5a50430, fd = -1247476688, u32 = 3047490608, u64 = 140736240878640}}, {events = 3959423008, data = {ptr = 0x1002000007fff, fd = 32767, u32 = 32767, u64 = 281612415696895}}, {events = 0, data = {ptr = 0x7fffb5a60450, fd = -1247411120, u32 = 3047556176, u64 = 140736240944208}}, {events = 4294958712, data = {ptr = 0x3000007fff, fd = 32767, u32 = 32767, u64 = 206158462975}}, {events = 0, data = {ptr = 0x7ffff7a8d688 <_int_free+2344>, fd = -139929976, u32 = 4155037320, u64 = 140737348425352}}, {events = 9577904, data = {ptr = 0x2000000000000, fd = 0, u32 = 0, u64 = 562949953421312}}, {events = 0, data = {ptr = 0x9327d8, fd = 9643992, u32 = 9643992, u64 = 9643992}}, {events = 9578230, data = {ptr = 0x200000000, fd = 0, u32 = 0, u64 = 8589934592}}, {events = 0, data = {ptr = 0x7fff00000001, fd = 1, u32 = 1, u64 = 140733193388033}}, {events = 0, data = {ptr = 0x100000000, fd = 0, u32 = 0, u64 = 4294967296}}, {events = 0, data = {ptr = 0x0, fd = 0, u32 = 0, u64 = 0}}, {events = 0, data = {ptr = 0x0, fd = 0, u32 = 0, u64 = 0}}, {events = 0, data = {ptr = 0x9326f8, fd = 9643768, u32 = 9643768, u64 = 9643768}}, {events = 5809952, data = {ptr = 0x9226e000000000, fd = 0, u32 = 0, u64 = 41138090114285568}}, {events = 0, data = {ptr = 0x7fffb5a50440, fd = -1247476672, u32 = 3047490624, u64 = 140736240878656}}, {events = 2338360864, data = {ptr = 0x93277800007fff, fd = 32767, u32 = 32767, u64 = 41420217926057983}}, {events = 0, data = {ptr = 0x7fffffffde78, fd = -8584, u32 = 4294958712, u64 = 140737488346744}}, {events = 0, data = {ptr = 0xf7a9158c00000000, fd = 0, u32 = 0, u64 = 17845818689471905792}}, {events = 32767, data = {ptr = 0x900090, fd = 9437328, u32 = 9437328, u64 = 9437328}}, {events = 4294958640, data = {ptr = 0x90009000007fff, fd = 32767, u32 = 32767, u64 = 40533015121657855}}, {events = 0, data = {ptr = 0x9226e0, fd = 9578208, u32 = 9578208, u64 = 9578208}}, {events = 14, data = {ptr = 0x9226e000000000, fd = 0, u32 = 0, u64 = 41138090114285568}}, {events = 0, data = {ptr = 0x7fffb5a50440, fd = -1247476672, u32 = 3047490624, u64 = 140736240878656}}, {events = 2338360864, data = {ptr = 0x93277800007fff, fd = 32767, u32 = 32767, u64 = 41420217926057983}}, {events = 0, data = {ptr = 0x58a8b4 <Connection::onWriteOperation(boost::system::error_code const&)+260>, fd = 5810356, u32 = 5810356, u64 = 5810356}}, {events = 0, data = {ptr = 0xf71e50e000000000, fd = 0, u32 = 0, u64 = 17806758899672416256}}, {events = 32767, data = {ptr = 0xffffde30, fd = -8656, u32 = 4294958640, u64 = 4294958640}}, {events = 14, data = {ptr = 0x0, fd = 0, u32 = 0, u64 = 0}}, {events = 0, data = {ptr = 0x0, fd = 0, u32 = 0, u64 = 0}}, {events = 4294958640, data = {ptr = 0x58574500007fff, fd = 32767, u32 = 32767, u64 = 24865751814930431}}, {events = 0, data = {ptr = 0x10, fd = 16, u32 = 16, u64 = 16}}, {events = 4155593817, data = {ptr = 0xffffde3000007fff, fd = 32767, u32 = 32767, u64 = 18446706896472670207}}, {events = 32767, data = {ptr = 0x0, fd = 0, u32 = 0, u64 = 0}}, {events = 0, data = {ptr = 0x0, fd = 0, u32 = 0, u64 = 0}}, {events = 16, data = {ptr = 0x9327d8, fd = 9643992, u32 = 9643992, u64 = 9643992}}, {events = 4294958720, data = {ptr = 0x90009000007fff, fd = 32767, u32 = 32767, u64 = 40533015121657855}}, {events = 0, data = {ptr = 0x0, fd = 0, u32 = 0, u64 = 0}}, {events = 0, data = {ptr = 0x9000c000000000, fd = 0, u32 = 0, u64 = 40533221280055296}}, {events = 0, data = {ptr = 0x0, fd = 0, u32 = 0, u64 = 0}}, {events = 4155053452, data = {ptr = 0x9226d000007fff, fd = 32767, u32 = 32767, u64 = 41138021394841599}}, {events = 0, data = {ptr = 0x7fff00000000, fd = 0, u32 = 0, u64 = 140733193388032}}, {events = 4145959136, data = {ptr = 0x58a73100007fff, fd = 32767, u32 = 32767, u64 = 24953626845806591}}, {events = 0, data = {ptr = 0x7fffeddfc4d0, fd = -304102192, u32 = 3990865104, u64 = 140737184253136}}, {events = 4294958720, data = {ptr = 0x90009000007fff, fd = 32767, u32 = 32767, u64 = 40533015121657855}}, {events = 0, data = {ptr = 0x7fffffffde80, fd = -8576, u32 = 4294958720, u64 = 140737488346752}}, {events = 9437328, data = {ptr = 0x58646e00000000, fd = 0, u32 = 0, u64 = 24880221559717888}}, {events = 0, data = {ptr = 0x9226e0, fd = 9578208, u32 = 9578208, u64 = 9578208}}, {events = 9578192, data = {ptr = 0xffffde8000000000, fd = 0, u32 = 0, u64 = 18446707240070021120}}, {events = 32767, data = {ptr = 0x0, fd = 0, u32 = 0, u64 = 0}}, {events = 0, data = {ptr = 0x0, fd = 0, u32 = 0, u64 = 0}}, {events = 32767, data = {ptr = 0x58a720 <Connection::handleTimeout(std::weak_ptr<Connection>, boost::system::error_code const&)>, fd = 5809952, u32 = 5809952, u64 = 5809952}}, {events = 9578208, data = {ptr = 0x9226d000000000, fd = 0, u32 = 0, u64 = 41138021394808832}}, {events = 0, data = {ptr = 0x1011f7e0000007d, fd = 125, u32 = 125, u64 = 72373695040979069}}}
2020-10-23 17:46:27 -          num_events = <optimized out>
2020-10-23 17:46:27 -          check_timers = <optimized out>
2020-10-23 17:46:27 -  #2  0x000000000055dcd3 in do_run_one (ec=..., this_thread=..., lock=<synthetic pointer>, this=0x900090) at /usr/include/boost/asio/detail/impl/task_io_service.ipp:356
2020-10-23 17:46:27 -          more_handlers = <optimized out>
2020-10-23 17:46:27 -  #3  run (ec=..., this=0x900090) at /usr/include/boost/asio/detail/impl/task_io_service.ipp:149
2020-10-23 17:46:27 -          this_thread = {private_op_queue = {front_ = 0x0, back_ = 0x0}, private_outstanding_work = 0}
2020-10-23 17:46:27 -          ctx = {key_ = 0x900090, value_ = 0x7fffffffdf40, next_ = 0x0}
2020-10-23 17:46:27 -          lock = {mutex_ = @0x9000c0, locked_ = <optimized out>}
2020-10-23 17:46:27 -          n = 184
2020-10-23 17:46:27 -  #4  _ZN5boost4asio10io_service3runEv.isra.226 () at /usr/include/boost/asio/impl/io_service.ipp:59
2020-10-23 17:46:27 -          ec = {m_val = 0, m_cat = 0x7ffff71e50e0}
2020-10-23 17:46:27 -  #5  ServiceManager::run() (this=this@entry=0x7fffffffdff0) at /home/otg/src/server.cpp:47
2020-10-23 17:46:27 -  No locals.
2020-10-23 17:46:27 -  #6  0x0000000000474c46 in main (argc=1, argv=0x7fffffffe1b8) at /home/otg/src/otserv.cpp:96
2020-10-23 17:46:27 -          serviceManager = {acceptors = {_M_h = {_M_buckets = 0x7fffe89d1c40, _M_bucket_count = 5, _M_before_begin = {_M_nxt = 0x7fffe89d1c10}, _M_element_count = 2, _M_rehash_policy = {_M_max_load_factor = 1, _M_next_resize = 5}, _M_single_bucket = 0x0}}, io_service = {service_registry_ = 0x900040, impl_ = @0x900090}, signals = {set = {<No data fields>}}, death_timer = {<No data fields>}, running = true}
2020-10-23 17:46:27 -  funcao onLogin
2020-10-23 17:46:27 -  Saving server...
2020-10-23 17:46:28 -  > Saved house items in: 0.375 s
2020-10-23 17:46:28 -  A debugging session is active.
2020-10-23 17:46:28 -  
2020-10-23 17:46:28 -  	Inferior 1 [process 11479] will be killed.
2020-10-23 17:46:28 -  
2020-10-23 17:46:28 -  Quit anyway? (y or n) [answered Y; input not from terminal]
