2020-10-20 17:08:23 -  [Thread debugging using libthread_db enabled]
2020-10-20 17:08:23 -  Using host libthread_db library "/lib/x86_64-linux-gnu/libthread_db.so.1".
2020-10-20 17:08:23 -  [New Thread 0x7ffff3dbb700 (LWP 6868)]
2020-10-20 17:08:23 -  [New Thread 0x7ffff35ba700 (LWP 6869)]
2020-10-20 17:08:23 -  The OTG-Premium-Version - Version: (1.3)
2020-10-20 17:08:23 -  Compiled with: GNU C++ version 5.4.0 20160609
2020-10-20 17:08:23 -  Compiled on Sep 17 2020 19:49:36 for platform x64
2020-10-20 17:08:23 -  
2020-10-20 17:08:23 -  Special Credits for: OTG Team, Johncore, Vankk, Erick Nunes, Leonardo Pereira, Leandro Baldissera, Talis, Marcomoa, Marson Schneider, Douglas, Mark Samman, OTXServer (Mattyx Gomez) and The Forgotten Server Developers.
2020-10-20 17:08:23 -  Link of repository: https://github.com/Johncorex/OTG-Premium-Version
2020-10-20 17:08:23 -  
2020-10-20 17:08:23 -  >> Loading config: config.lua
2020-10-20 17:08:23 -  >> Establishing database connection... MySQL 5.7.31
2020-10-20 17:08:23 -  >> Running database manager
2020-10-20 17:08:23 -  [New Thread 0x7ffff2ba7700 (LWP 6870)]
2020-10-20 17:08:23 -  > Optimizing table players_online... [success]
2020-10-20 17:08:23 -  > Optimizing table tile_store... [success]
2020-10-20 17:08:23 -  >> Loading vocations
2020-10-20 17:08:23 -  >> Loading items
2020-10-20 17:08:23 -  >> Loading script systems
2020-10-20 17:08:23 -  >> Loading lua libs
2020-10-20 17:08:24 -  [Warning - Event::checkScript] Can not load script: scripts/expboostaction.lua
2020-10-20 17:08:24 -  cannot open data/actions/scripts/expboostaction.lua: No such file or directory
2020-10-20 17:08:25 -  >> Loading lua scripts
2020-10-20 17:08:25 -  >> Loading monsters
2020-10-20 17:08:25 -  >> Loading lua monsters
2020-10-20 17:08:25 -  >> Loading outfits
2020-10-20 17:08:25 -  >> Loading prey data
2020-10-20 17:08:25 -  >> Checking world type... PVP
2020-10-20 17:08:25 -  >> Loading map
2020-10-20 17:08:27 -  > Map size: 34143x33812.
2020-10-20 17:08:32 -  > Map loading time: 7.251 seconds.
2020-10-20 17:08:33 -  > Loaded house items in: 0.012 s
2020-10-20 17:08:33 -  >> Initializing gamestate
2020-10-20 17:08:36 -  >> Loaded 43 npcs and spawned 72708 monsters.
2020-10-20 17:08:36 -  >> Loaded 27 towns with 1074 houses in total.
2020-10-20 17:08:36 -  [Castle War]
2020-10-20 17:08:36 -  [POWERGAMERS]
2020-10-20 17:08:36 -  [SISTEMA DE LOTERIA] OPERANTE
2020-10-20 17:08:36 -  Advanced NPC spawn system | All NPCs will be loaded trough lib.
2020-10-20 17:08:36 -  [REGEN BOOST] CARREGADO
2020-10-20 17:08:36 -  [SPOOF COUNTER]
2020-10-20 17:08:36 -  [STAMINA]
2020-10-20 17:08:36 -  warvariables
2020-10-20 17:08:36 -  Agenda:	10
2020-10-20 17:08:36 -  eu sou o checkWarmode... 17:8!
2020-10-20 17:08:36 -  17	08	52
2020-10-20 17:08:36 -  >> Loaded all modules, server starting up...
2020-10-20 17:08:36 -  > Warning: OTG-Premium-Version has been executed as root user, please consider running it as a normal user.
2020-10-20 17:08:36 -  >> Honera Global Server Online!
2020-10-20 17:08:36 -  
2020-10-20 17:08:38 -  SABADOU!! NPC HONERA CRIADO
2020-10-20 17:08:38 -  Dev Marson has logged in.
2020-10-20 17:41:37 -  [Castle War votacao aberta]
2020-10-20 17:41:37 -  > Broadcasted message: "[Castle War]: Foi iniciada a votação para decidir o objetivo do castelo que abre em alguns minutos. Use !castle1 para votar no objetivo (Dominar o castelo por mais tempo). Use !castle2 para votar no objetivo (Ultimo que dominar o castelo). Caso não haja votações, o objetivo será aleatorio.".
2020-10-20 17:41:37 -  > Broadcasted message: "[CastleWar] Atencao, O CASTELO esta aberto para batalha, junte-se com sua guild e  conquiste-o. O castelo encerra em 1 hora. Resultado das votacoes: First: 0 Second: 1 Resultado: (Ultimo a Dominar o castelo) foi escolhido".
2020-10-20 17:41:37 -  castleWar Encerrado
2020-10-20 17:41:37 -  > Broadcasted message: "Beware! Mawhawk!".
2020-10-20 18:00:03 -  Dev Marson has logged out.
2020-10-20 19:10:37 -  eu sou o checkWarmode... 18:0!
2020-10-20 19:10:37 -  eu sou o checkWarmode... 19:0!
2020-10-20 19:10:37 -  Dev Marson has logged in.
2020-10-20 19:14:03 -  
2020-10-20 19:14:03 -  Thread 1 "tfs" received signal SIGINT, Interrupt.
2020-10-20 19:14:03 -  0x00007ffff7b14ad3 in epoll_wait () at ../sysdeps/unix/syscall-template.S:84
2020-10-20 19:14:03 -  84	../sysdeps/unix/syscall-template.S: No such file or directory.
2020-10-20 19:14:03 -  
2020-10-20 19:14:03 -  Thread 4 (Thread 0x7ffff2ba7700 (LWP 6870)):
2020-10-20 19:14:03 -  #0  pthread_cond_wait@@GLIBC_2.3.2 () at ../sysdeps/unix/sysv/linux/x86_64/pthread_cond_wait.S:185
2020-10-20 19:14:03 -  No locals.
2020-10-20 19:14:03 -  #1  0x00007ffff5e7491c in std::condition_variable::wait(std::unique_lock<std::mutex>&) () from /usr/lib/x86_64-linux-gnu/libstdc++.so.6
2020-10-20 19:14:04 -  No symbol table info available.
2020-10-20 19:14:04 -  #2  0x00000000006228bf in DatabaseTasks::threadMain() (this=0x8e39a0 <g_databaseTasks>) at /home/otg/src/databasetasks.cpp:42
2020-10-20 19:14:04 -          taskLockUnique = {_M_device = 0x8e3a08 <g_databaseTasks+104>, _M_owns = true}
2020-10-20 19:14:04 -  #3  0x00007ffff5e79c80 in ?? () from /usr/lib/x86_64-linux-gnu/libstdc++.so.6
2020-10-20 19:14:04 -  No symbol table info available.
2020-10-20 19:14:04 -  #4  0x00007ffff614a6ba in start_thread (arg=0x7ffff2ba7700) at pthread_create.c:333
2020-10-20 19:14:04 -          __res = <optimized out>
2020-10-20 19:14:04 -          pd = 0x7ffff2ba7700
2020-10-20 19:14:04 -          now = <optimized out>
2020-10-20 19:14:04 -          unwind_buf = {cancel_jmp_buf = {{jmp_buf = {140737265694464, 6674705726226177905, 0, 140737284647471, 140737265695168, 9334528, -6674699639692058767, -6674689415769481359}, mask_was_saved = 0}}, priv = {pad = {0x0, 0x0, 0x0, 0x0}, data = {prev = 0x0, cleanup = 0x0, canceltype = 0}}}
2020-10-20 19:14:04 -          not_first_call = <optimized out>
2020-10-20 19:14:04 -          pagesize_m1 = <optimized out>
2020-10-20 19:14:04 -          sp = <optimized out>
2020-10-20 19:14:04 -          freesize = <optimized out>
2020-10-20 19:14:04 -          __PRETTY_FUNCTION__ = "start_thread"
2020-10-20 19:14:04 -  #5  0x00007ffff7b144dd in clone () at ../sysdeps/unix/sysv/linux/x86_64/clone.S:109
2020-10-20 19:14:04 -  No locals.
2020-10-20 19:14:04 -  
2020-10-20 19:14:04 -  Thread 3 (Thread 0x7ffff35ba700 (LWP 6869)):
2020-10-20 19:14:04 -  #0  pthread_cond_timedwait@@GLIBC_2.3.2 () at ../sysdeps/unix/sysv/linux/x86_64/pthread_cond_timedwait.S:225
2020-10-20 19:14:04 -  No locals.
2020-10-20 19:14:04 -  #1  0x0000000000506210 in __gthread_cond_timedwait () at /usr/include/x86_64-linux-gnu/c++/5/bits/gthr-default.h:871
2020-10-20 19:14:04 -  No locals.
2020-10-20 19:14:04 -  #2  std::condition_variable::__wait_until_impl (__atime=..., __lock=..., this=0x8e6fa0 <g_scheduler+64>) at /usr/include/c++/5/condition_variable:165
2020-10-20 19:14:04 -          __ts = {tv_sec = 1603235643, tv_nsec = 553083822}
2020-10-20 19:14:04 -  #3  std::condition_variable::wait_until<std::chrono::duration<long, std::ratio<1l, 1000000000l> > > () at /usr/include/c++/5/condition_variable:105
2020-10-20 19:14:04 -          __lock = @0x7ffff35b9e90: {_M_device = 0x8e6f78 <g_scheduler+24>, _M_owns = true}
2020-10-20 19:14:04 -          this = 0x8e6fa0 <g_scheduler+64>
2020-10-20 19:14:04 -  #4  Scheduler::threadMain (this=0x8e6f60 <g_scheduler>) at /home/otg/src/scheduler.cpp:36
2020-10-20 19:14:04 -          ret = std::cv_status::no_timeout
2020-10-20 19:14:04 -          eventLockUnique = {_M_device = 0x8e6f78 <g_scheduler+24>, _M_owns = true}
2020-10-20 19:14:04 -  #5  0x00007ffff5e79c80 in ?? () from /usr/lib/x86_64-linux-gnu/libstdc++.so.6
2020-10-20 19:14:04 -  No symbol table info available.
2020-10-20 19:14:04 -  #6  0x00007ffff614a6ba in start_thread (arg=0x7ffff35ba700) at pthread_create.c:333
2020-10-20 19:14:04 -          __res = <optimized out>
2020-10-20 19:14:04 -          pd = 0x7ffff35ba700
2020-10-20 19:14:04 -          now = <optimized out>
2020-10-20 19:14:04 -          unwind_buf = {cancel_jmp_buf = {{jmp_buf = {140737276258048, 6674705726226177905, 0, 140737488346847, 140737276258752, 9437376, -6674695522429034639, -6674689415769481359}, mask_was_saved = 0}}, priv = {pad = {0x0, 0x0, 0x0, 0x0}, data = {prev = 0x0, cleanup = 0x0, canceltype = 0}}}
2020-10-20 19:14:04 -          not_first_call = <optimized out>
2020-10-20 19:14:04 -          pagesize_m1 = <optimized out>
2020-10-20 19:14:04 -          sp = <optimized out>
2020-10-20 19:14:04 -          freesize = <optimized out>
2020-10-20 19:14:04 -          __PRETTY_FUNCTION__ = "start_thread"
2020-10-20 19:14:04 -  #7  0x00007ffff7b144dd in clone () at ../sysdeps/unix/sysv/linux/x86_64/clone.S:109
2020-10-20 19:14:04 -  No locals.
2020-10-20 19:14:04 -  
2020-10-20 19:14:04 -  Thread 2 (Thread 0x7ffff3dbb700 (LWP 6868)):
2020-10-20 19:14:04 -  #0  pthread_cond_wait@@GLIBC_2.3.2 () at ../sysdeps/unix/sysv/linux/x86_64/pthread_cond_wait.S:185
2020-10-20 19:14:04 -  No locals.
2020-10-20 19:14:04 -  #1  0x00007ffff5e7491c in std::condition_variable::wait(std::unique_lock<std::mutex>&) () from /usr/lib/x86_64-linux-gnu/libstdc++.so.6
2020-10-20 19:14:04 -  No symbol table info available.
2020-10-20 19:14:04 -  #2  0x000000000055af7b in Dispatcher::threadMain() (this=0x8e6ec0 <g_dispatcher>) at /home/otg/src/tasks.cpp:50
2020-10-20 19:14:04 -          taskLockUnique = {_M_device = 0x8e6ed8 <g_dispatcher+24>, _M_owns = true}
2020-10-20 19:14:04 -  #3  0x00007ffff5e79c80 in ?? () from /usr/lib/x86_64-linux-gnu/libstdc++.so.6
2020-10-20 19:14:04 -  No symbol table info available.
2020-10-20 19:14:04 -  #4  0x00007ffff614a6ba in start_thread (arg=0x7ffff3dbb700) at pthread_create.c:333
2020-10-20 19:14:04 -          __res = <optimized out>
2020-10-20 19:14:04 -          pd = 0x7ffff3dbb700
2020-10-20 19:14:04 -          now = <optimized out>
2020-10-20 19:14:04 -          unwind_buf = {cancel_jmp_buf = {{jmp_buf = {140737284650752, 6674705726226177905, 0, 140737488346847, 140737284651456, 9437376, -6674696622477533327, -6674689415769481359}, mask_was_saved = 0}}, priv = {pad = {0x0, 0x0, 0x0, 0x0}, data = {prev = 0x0, cleanup = 0x0, canceltype = 0}}}
2020-10-20 19:14:04 -          not_first_call = <optimized out>
2020-10-20 19:14:04 -          pagesize_m1 = <optimized out>
2020-10-20 19:14:04 -          sp = <optimized out>
2020-10-20 19:14:04 -          freesize = <optimized out>
2020-10-20 19:14:04 -          __PRETTY_FUNCTION__ = "start_thread"
2020-10-20 19:14:04 -  #5  0x00007ffff7b144dd in clone () at ../sysdeps/unix/sysv/linux/x86_64/clone.S:109
2020-10-20 19:14:04 -  No locals.
2020-10-20 19:14:04 -  
2020-10-20 19:14:04 -  Thread 1 (Thread 0x7ffff7fe6740 (LWP 6863)):
2020-10-20 19:14:04 -  #0  0x00007ffff7b14ad3 in epoll_wait () at ../sysdeps/unix/syscall-template.S:84
2020-10-20 19:14:04 -  No locals.
2020-10-20 19:14:04 -  #1  0x00000000005b70e7 in boost::asio::detail::epoll_reactor::run(bool, boost::asio::detail::op_queue<boost::asio::detail::task_io_service_operation>&) [clone .constprop.204] (this=0x901570, block=<optimized out>, ops=...) at /usr/include/boost/asio/detail/impl/epoll_reactor.ipp:392
2020-10-20 19:14:04 -          timeout = <optimized out>
2020-10-20 19:14:04 -          events = {{events = 1, data = {ptr = 0x9015c8, fd = 9442760, u32 = 9442760, u64 = 9442760}}, {events = 0, data = {ptr = 0x0, fd = 0, u32 = 0, u64 = 0}} <repeats 16 times>, {events = 0, data = {ptr = 0x3433000000000000, fd = 0, u32 = 0, u64 = 3761350113784496128}}, {events = 0, data = {ptr = 0xffffd9c000000000, fd = 0, u32 = 0, u64 = 18446702017389789184}}, {events = 32767, data = {ptr = 0x11, fd = 17, u32 = 17, u64 = 17}}, {events = 4294958048, data = {ptr = 0x66d31200007fff, fd = 32767, u32 = 32767, u64 = 28942521887391743}}, {events = 0, data = {ptr = 0x7fffffffdaf8, fd = -9480, u32 = 4294957816, u64 = 140737488345848}}, {events = 1, data = {ptr = 0xffffd9c000000000, fd = 0, u32 = 0, u64 = 18446702017389789184}}, {events = 32767, data = {ptr = 0x7ffff7b23814 <___vsprintf_chk+132>, fd = -139315180, u32 = 4155652116, u64 = 140737349040148}}, {events = 4222451713, data = {ptr = 0xffffdbe000000000, fd = 0, u32 = 0, u64 = 18446704353851998208}}, {events = 32767, data = {ptr = 0x7fffffffdbe0, fd = -9248, u32 = 4294958048, u64 = 140737488346080}}, {events = 4294958048, data = {ptr = 0xffffdbe000007fff, fd = 32767, u32 = 32767, u64 = 18446704353852030975}}, {events = 32767, data = {ptr = 0x7fffffffdbeb, fd = -9237, u32 = 4294958059, u64 = 140737488346091}}, {events = 4294958064, data = {ptr = 0xffffdbe000007fff, fd = 32767, u32 = 32767, u64 = 18446704353852030975}}, {events = 32767, data = {ptr = 0x7fffffffdbf0, fd = -9232, u32 = 4294958064, u64 = 140737488346096}}, {events = 0, data = {ptr = 0x0, fd = 0, u32 = 0, u64 = 0}}, {events = 0, data = {ptr = 0x0, fd = 0, u32 = 0, u64 = 0}}, {events = 0, data = {ptr = 0x0, fd = 0, u32 = 0, u64 = 0}}, {events = 0, data = {ptr = 0x400000000, fd = 0, u32 = 0, u64 = 17179869184}}, {events = 0, data = {ptr = 0x0, fd = 0, u32 = 0, u64 = 0}}, {events = 0, data = {ptr = 0x0, fd = 0, u32 = 0, u64 = 0}}, {events = 0, data = {ptr = 0x0, fd = 0, u32 = 0, u64 = 0}}, {events = 0, data = {ptr = 0xffffffffffffffff, fd = -1, u32 = 4294967295, u64 = 18446744073709551615}}, {events = 0, data = {ptr = 0x0, fd = 0, u32 = 0, u64 = 0}}, {events = 0, data = {ptr = 0x7ffff7dd1b20 <main_arena>, fd = -136504544, u32 = 4158462752, u64 = 140737351850784}}, {events = 4294967295, data = {ptr = 0x200000000, fd = 0, u32 = 0, u64 = 8589934592}}, {events = 0, data = {ptr = 0x7fffe83ce6f0, fd = -398661904, u32 = 3896305392, u64 = 140737089693424}}, {events = 4158458208, data = {ptr = 0x7fff, fd = 32767, u32 = 32767, u64 = 32767}}, {events = 0, data = {ptr = 0x7ffff7a8ed0c <_int_malloc+380>, fd = -139924212, u32 = 4155043084, u64 = 140737348431116}}, {events = 2, data = {ptr = 0x1800000000, fd = 0, u32 = 0, u64 = 103079215104}}, {events = 0, data = {ptr = 0x932720, fd = 9643808, u32 = 9643808, u64 = 9643808}}, {events = 9644176, data = {ptr = 0x0, fd = 0, u32 = 0, u64 = 0}}, {events = 0, data = {ptr = 0x18, fd = 24, u32 = 24, u64 = 24}}, {events = 9425, data = {ptr = 0xffffdb2fffff8000, fd = -32768, u32 = 4294934528, u64 = 18446703597937721344}}, {events = 32767, data = {ptr = 0x0, fd = 0, u32 = 0, u64 = 0}}, {events = 2, data = {ptr = 0x300000030, fd = 48, u32 = 48, u64 = 12884901936}}, {events = 0, data = {ptr = 0x20, fd = 32, u32 = 32, u64 = 32}}, {events = 4, data = {ptr = 0x300000006e, fd = 110, u32 = 110, u64 = 206158430318}}, {events = 0, data = {ptr = 0x911fa0, fd = 9510816, u32 = 9510816, u64 = 9510816}}, {events = 119, data = {ptr = 0x24810000007c, fd = 124, u32 = 124, u64 = 40136469381244}}, {events = 4294934528, data = {ptr = 0x7fffffffdb7f, fd = -9345, u32 = 4294957951, u64 = 140737488345983}}, {events = 9329, data = {ptr = 0xffffdb8fffff8000, fd = -32768, u32 = 4294934528, u64 = 18446704010254581760}}, {events = 32767, data = {ptr = 0x1, fd = 1, u32 = 1, u64 = 1}}, {events = 4, data = {ptr = 0x31, fd = 49, u32 = 49, u64 = 49}}, {events = 0, data = {ptr = 0x0, fd = 0, u32 = 0, u64 = 0}}, {events = 91, data = {ptr = 0xf7dd1b200000006e, fd = 110, u32 = 110, u64 = 17860461521474158702}}, {events = 32767, data = {ptr = 0x18, fd = 24, u32 = 24, u64 = 24}}, {events = 9334488, data = {ptr = 0x93240000000000, fd = 0, u32 = 0, u64 = 41416403995066368}}, {events = 0, data = {ptr = 0x0, fd = 0, u32 = 0, u64 = 0}}, {events = 9334576, data = {ptr = 0xf7a911d400000000, fd = 0, u32 = 0, u64 = 17845814600663040000}}, {events = 32767, data = {ptr = 0x7fffec000050, fd = -335544240, u32 = 3959423056, u64 = 140737152811088}}, {events = 4294958080, data = {ptr = 0xec00007000007fff, fd = 32767, u32 = 32767, u64 = 17005592673987362815}}, {events = 32767, data = {ptr = 0xffff800000002401, fd = 9217, u32 = 9217, u64 = 18446603336221205505}}, {events = 4294958079, data = {ptr = 0x577e8f00007fff, fd = 32767, u32 = 32767, u64 = 24627475619282943}}, {events = 0, data = {ptr = 0x11, fd = 17, u32 = 17, u64 = 17}}, {events = 2239481200, data = {ptr = 0xffffdc3000007fff, fd = 32767, u32 = 32767, u64 = 18446704697449414655}}, {events = 32767, data = {ptr = 0x922440, fd = 9577536, u32 = 9577536, u64 = 9577536}}, {events = 9643224, data = {ptr = 0x0, fd = 0, u32 = 0, u64 = 0}}, {events = 0, data = {ptr = 0x7ffff614e4ff <__GI___pthread_mutex_unlock+63>, fd = -166402817, u32 = 4128564479, u64 = 140737321952511}}, {events = 6735568, data = {ptr = 0x1100000000, fd = 0, u32 = 0, u64 = 73014444032}}, {events = 0, data = {ptr = 0x7fffd47a1ba0, fd = -730195040, u32 = 3564772256, u64 = 140736758160288}}, {events = 3959423008, data = {ptr = 0x1004000007fff, fd = 32767, u32 = 32767, u64 = 281749854650367}}, {events = 0, data = {ptr = 0x7fffd47b1bc0, fd = -730129472, u32 = 3564837824, u64 = 140736758225856}}, {events = 4294958712, data = {ptr = 0x2000007fff, fd = 32767, u32 = 32767, u64 = 137438986239}}, {events = 0, data = {ptr = 0x7ffff7a8d688 <_int_free+2344>, fd = -139929976, u32 = 4155037320, u64 = 140737348425352}}, {events = 0, data = {ptr = 0x2000000000000, fd = 0, u32 = 0, u64 = 562949953421312}}, {events = 0, data = {ptr = 0x932538, fd = 9643320, u32 = 9643320, u64 = 9643320}}, {events = 9577536, data = {ptr = 0x9324d800000000, fd = 0, u32 = 0, u64 = 41417331708002304}}, {events = 0, data = {ptr = 0x7fffffffde08, fd = -8696, u32 = 4294958600, u64 = 140737488346632}}, {events = 9644704, data = {ptr = 0x100000000, fd = 0, u32 = 0, u64 = 4294967296}}, {events = 0, data = {ptr = 0x932aa0, fd = 9644704, u32 = 9644704, u64 = 9644704}}, {events = 0, data = {ptr = 0x911d7800000000, fd = 0, u32 = 0, u64 = 40846272856326144}}, {events = 0, data = {ptr = 0x0, fd = 0, u32 = 0, u64 = 0}}, {events = 4128564479, data = {ptr = 0x901ce000007fff, fd = 32767, u32 = 32767, u64 = 40564145044619263}}, {events = 0, data = {ptr = 0x7fffd47a1bb0, fd = -730195024, u32 = 3564772272, u64 = 140736758160304}}, {events = 2753074928, data = {ptr = 0x911d7800007fff, fd = 32767, u32 = 32767, u64 = 40846272856358911}}, {events = 0, data = {ptr = 0x7fffffffde78, fd = -8584, u32 = 4294958712, u64 = 140737488346744}}, {events = 0, data = {ptr = 0xf7a9158c00000000, fd = 0, u32 = 0, u64 = 17845818689471905792}}, {events = 32767, data = {ptr = 0x7fffffffddc0, fd = -8768, u32 = 4294958528, u64 = 140737488346560}}, {events = 4294958640, data = {ptr = 0x90009000007fff, fd = 32767, u32 = 32767, u64 = 40533015121657855}}, {events = 0, data = {ptr = 0x901ce0, fd = 9444576, u32 = 9444576, u64 = 9444576}}, {events = 14, data = {ptr = 0x901ce000000000, fd = 0, u32 = 0, u64 = 40564145044586496}}, {events = 0, data = {ptr = 0x7fffd47a1bb0, fd = -730195024, u32 = 3564772272, u64 = 140736758160304}}, {events = 2753074928, data = {ptr = 0x911d7800007fff, fd = 32767, u32 = 32767, u64 = 40846272856358911}}, {events = 0, data = {ptr = 0x58a8b4 <Connection::onWriteOperation(boost::system::error_code const&)+260>, fd = 5810356, u32 = 5810356, u64 = 5810356}}, {events = 0, data = {ptr = 0xf71e50e000000000, fd = 0, u32 = 0, u64 = 17806758899672416256}}, {events = 32767, data = {ptr = 0xffffde30, fd = -8656, u32 = 4294958640, u64 = 4294958640}}, {events = 14, data = {ptr = 0x0, fd = 0, u32 = 0, u64 = 0}}, {events = 0, data = {ptr = 0x0, fd = 0, u32 = 0, u64 = 0}}, {events = 4294958640, data = {ptr = 0x58574500007fff, fd = 32767, u32 = 32767, u64 = 24865751814930431}}, {events = 0, data = {ptr = 0x10, fd = 16, u32 = 16, u64 = 16}}, {events = 4155593817, data = {ptr = 0xffffde3000007fff, fd = 32767, u32 = 32767, u64 = 18446706896472670207}}, {events = 32767, data = {ptr = 0x0, fd = 0, u32 = 0, u64 = 0}}, {events = 0, data = {ptr = 0x0, fd = 0, u32 = 0, u64 = 0}}, {events = 15, data = {ptr = 0x932538, fd = 9643320, u32 = 9643320, u64 = 9643320}}, {events = 4294958720, data = {ptr = 0x90009000007fff, fd = 32767, u32 = 32767, u64 = 40533015121657855}}, {events = 0, data = {ptr = 0x0, fd = 0, u32 = 0, u64 = 0}}, {events = 0, data = {ptr = 0x9000c000000000, fd = 0, u32 = 0, u64 = 40533221280055296}}, {events = 0, data = {ptr = 0x0, fd = 0, u32 = 0, u64 = 0}}, {events = 4155053452, data = {ptr = 0x92243000007fff, fd = 32767, u32 = 32767, u64 = 41135135176818687}}, {events = 0, data = {ptr = 0x2, fd = 2, u32 = 2, u64 = 2}}, {events = 9307176, data = {ptr = 0x58a73100000000, fd = 0, u32 = 0, u64 = 24953626845773824}}, {events = 0, data = {ptr = 0x7fffe8aafd00, fd = -391447296, u32 = 3903520000, u64 = 140737096908032}}, {events = 4294958720, data = {ptr = 0x90009000007fff, fd = 32767, u32 = 32767, u64 = 40533015121657855}}, {events = 0, data = {ptr = 0x7fffffffde80, fd = -8576, u32 = 4294958720, u64 = 140737488346752}}, {events = 9437328, data = {ptr = 0x58646e00000000, fd = 0, u32 = 0, u64 = 24880221559717888}}, {events = 0, data = {ptr = 0x901ce0, fd = 9444576, u32 = 9444576, u64 = 9444576}}, {events = 9444560, data = {ptr = 0xffffde8000000000, fd = 0, u32 = 0, u64 = 18446707240070021120}}, {events = 32767, data = {ptr = 0x0, fd = 0, u32 = 0, u64 = 0}}, {events = 0, data = {ptr = 0x0, fd = 0, u32 = 0, u64 = 0}}, {events = 32767, data = {ptr = 0x58a720 <Connection::handleTimeout(std::weak_ptr<Connection>, boost::system::error_code const&)>, fd = 5809952, u32 = 5809952, u64 = 5809952}}, {events = 9444576, data = {ptr = 0x901cd000000000, fd = 0, u32 = 0, u64 = 40564076325109760}}, {events = 0, data = {ptr = 0x7d, fd = 125, u32 = 125, u64 = 125}}}
2020-10-20 19:14:04 -          num_events = <optimized out>
2020-10-20 19:14:04 -          check_timers = <optimized out>
2020-10-20 19:14:04 -  #2  0x000000000055dcd3 in do_run_one (ec=..., this_thread=..., lock=<synthetic pointer>, this=0x900090) at /usr/include/boost/asio/detail/impl/task_io_service.ipp:356
2020-10-20 19:14:04 -          more_handlers = <optimized out>
2020-10-20 19:14:04 -  #3  run (ec=..., this=0x900090) at /usr/include/boost/asio/detail/impl/task_io_service.ipp:149
2020-10-20 19:14:04 -          this_thread = {private_op_queue = {front_ = 0x0, back_ = 0x0}, private_outstanding_work = 0}
2020-10-20 19:14:04 -          ctx = {key_ = 0x900090, value_ = 0x7fffffffdf40, next_ = 0x0}
2020-10-20 19:14:04 -          lock = {mutex_ = @0x9000c0, locked_ = <optimized out>}
2020-10-20 19:14:04 -          n = 20261
2020-10-20 19:14:04 -  #4  _ZN5boost4asio10io_service3runEv.isra.226 () at /usr/include/boost/asio/impl/io_service.ipp:59
2020-10-20 19:14:04 -          ec = {m_val = 0, m_cat = 0x7ffff71e50e0}
2020-10-20 19:14:04 -  #5  ServiceManager::run() (this=this@entry=0x7fffffffdff0) at /home/otg/src/server.cpp:47
2020-10-20 19:14:04 -  No locals.
2020-10-20 19:14:04 -  #6  0x0000000000474c46 in main (argc=1, argv=0x7fffffffe1b8) at /home/otg/src/otserv.cpp:96
2020-10-20 19:14:04 -          serviceManager = {acceptors = {_M_h = {_M_buckets = 0x7fffe8031f40, _M_bucket_count = 5, _M_before_begin = {_M_nxt = 0x7fffe8031f10}, _M_element_count = 2, _M_rehash_policy = {_M_max_load_factor = 1, _M_next_resize = 5}, _M_single_bucket = 0x0}}, io_service = {service_registry_ = 0x900040, impl_ = @0x900090}, signals = {set = {<No data fields>}}, death_timer = {<No data fields>}, running = true}
2020-10-20 19:14:04 -  Saving server...
2020-10-20 19:14:05 -  > Saved house items in: 0.441 s
2020-10-20 19:14:05 -  A debugging session is active.
2020-10-20 19:14:05 -  
2020-10-20 19:14:05 -  	Inferior 1 [process 6863] will be killed.
2020-10-20 19:14:05 -  
2020-10-20 19:14:05 -  Quit anyway? (y or n) [answered Y; input not from terminal]
