2020-10-21 15:46:25 -  [Thread debugging using libthread_db enabled]
2020-10-21 15:46:25 -  Using host libthread_db library "/lib/x86_64-linux-gnu/libthread_db.so.1".
2020-10-21 15:46:25 -  [New Thread 0x7ffff3dbb700 (LWP 4826)]
2020-10-21 15:46:25 -  [New Thread 0x7ffff35ba700 (LWP 4827)]
2020-10-21 15:46:25 -  The OTG-Premium-Version - Version: (1.3)
2020-10-21 15:46:25 -  Compiled with: GNU C++ version 5.4.0 20160609
2020-10-21 15:46:25 -  Compiled on Sep 17 2020 19:49:36 for platform x64
2020-10-21 15:46:25 -  
2020-10-21 15:46:25 -  Special Credits for: OTG Team, Johncore, Vankk, Erick Nunes, Leonardo Pereira, Leandro Baldissera, Talis, Marcomoa, Marson Schneider, Douglas, Mark Samman, OTXServer (Mattyx Gomez) and The Forgotten Server Developers.
2020-10-21 15:46:25 -  Link of repository: https://github.com/Johncorex/OTG-Premium-Version
2020-10-21 15:46:25 -  
2020-10-21 15:46:25 -  >> Loading config: config.lua
2020-10-21 15:46:25 -  >> Establishing database connection... MySQL 5.7.31
2020-10-21 15:46:25 -  >> Running database manager
2020-10-21 15:46:25 -  [New Thread 0x7ffff2ba7700 (LWP 4828)]
2020-10-21 15:46:25 -  > Optimizing table tile_store... [success]
2020-10-21 15:46:25 -  >> Loading vocations
2020-10-21 15:46:25 -  >> Loading items
2020-10-21 15:46:25 -  >> Loading script systems
2020-10-21 15:46:25 -  >> Loading lua libs
2020-10-21 15:46:26 -  [Warning - Event::checkScript] Can not load script: scripts/expboostaction.lua
2020-10-21 15:46:26 -  cannot open data/actions/scripts/expboostaction.lua: No such file or directory
2020-10-21 15:46:27 -  >> Loading lua scripts
2020-10-21 15:46:27 -  >> Loading monsters
2020-10-21 15:46:27 -  >> Loading lua monsters
2020-10-21 15:46:27 -  >> Loading outfits
2020-10-21 15:46:27 -  >> Loading prey data
2020-10-21 15:46:27 -  >> Checking world type... PVP
2020-10-21 15:46:27 -  >> Loading map
2020-10-21 15:46:29 -  > Map size: 34143x33812.
2020-10-21 15:46:34 -  > Map loading time: 7.156 seconds.
2020-10-21 15:46:35 -  > Loaded house items in: 0.012 s
2020-10-21 15:46:35 -  >> Initializing gamestate
2020-10-21 15:46:37 -  >> Loaded 43 npcs and spawned 72708 monsters.
2020-10-21 15:46:37 -  >> Loaded 27 towns with 1074 houses in total.
2020-10-21 15:46:37 -  [Castle War]
2020-10-21 15:46:37 -  [POWERGAMERS]
2020-10-21 15:46:37 -  [SISTEMA DE LOTERIA] OPERANTE
2020-10-21 15:46:37 -  Advanced NPC spawn system | All NPCs will be loaded trough lib.
2020-10-21 15:46:37 -  [REGEN BOOST] CARREGADO
2020-10-21 15:46:37 -  [SPOOF COUNTER]
2020-10-21 15:46:37 -  [STAMINA]
2020-10-21 15:46:37 -  warvariables
2020-10-21 15:46:37 -  Agenda:	10
2020-10-21 15:46:37 -  eu sou o checkWarmode... 15:46!
2020-10-21 15:46:37 -  Buscando valores guilds where id = 3
2020-10-21 15:46:37 -  > Broadcasted message: "[Warmode] Atencao Honerianos! A Guild TesteWarmode desafiou a Guild Vai tomando para uma batalha que vai iniciar agora!".
2020-10-21 15:46:37 -  15	46	14
2020-10-21 15:46:37 -  >> Loaded all modules, server starting up...
2020-10-21 15:46:37 -  > Warning: OTG-Premium-Version has been executed as root user, please consider running it as a normal user.
2020-10-21 15:46:37 -  >> Honera Global Server Online!
2020-10-21 15:46:37 -  
2020-10-21 15:46:38 -  Dev Marson has logged in.
2020-10-21 15:46:38 -  funcao onLogin
2020-10-21 15:46:38 -  Demonzin has logged in.
2020-10-21 15:46:38 -  funcao onLogin
2020-10-21 15:46:38 -  Robalo has logged in.
2020-10-21 15:47:21 -  funcao onLogin
2020-10-21 15:47:21 -  SABADOU!! NPC HONERA CRIADO
2020-10-21 15:47:21 -  funcaoKill!!
2020-10-21 15:47:21 -  um player que estava dentro da war, foi morto
2020-10-21 15:47:21 -  endWarmode
2020-10-21 15:47:21 -  > Broadcasted message: "[Warmode] Parabens a Guild Vai tomando por ter eliminado todos os integrantes da Guild TesteWarmode".
2020-10-21 15:47:21 -  [Error - mysql_real_query] Query: UPDATE `guild_warmode` SET `winner` = 255 `WHERE `challenger` = 141 AND `challenged` = 255 AND `winner` = 0
2020-10-21 15:47:21 -  Message: You have an error in your SQL syntax; check the manual that corresponds to your MariaDB server version for the right syntax to use near '`WHERE `challenger` = 141 AND `challenged` = 255 AND `winner` = 0' at line 1
2020-10-21 15:47:21 -  removendo players da tabela porque a war acabou
2020-10-21 15:47:21 -  Demonzin has logged out.
2020-10-21 16:02:37 -  endWarmode
2020-10-21 16:02:37 -  eu sou o checkWarmode... 16:0!
2020-10-21 16:02:37 -  Buscando valores guilds where id = 3
2020-10-21 16:02:37 -  > Broadcasted message: "[Warmode] Atencao Honerianos! A Guild TesteWarmode desafiou a Guild Vai tomando para uma batalha que vai iniciar agora!".
2020-10-21 16:02:37 -  endWarmode
2020-10-21 16:02:37 -  [Error - mysql_real_query] Query: UPDATE `guild_warmode` SET `winner` = 255 `WHERE `challenger` = 141 AND `challenged` = 255 AND `winner` = 0
2020-10-21 16:02:37 -  Message: You have an error in your SQL syntax; check the manual that corresponds to your MariaDB server version for the right syntax to use near '`WHERE `challenger` = 141 AND `challenged` = 255 AND `winner` = 0' at line 1
2020-10-21 16:02:53 -  
2020-10-21 16:02:53 -  Thread 1 "tfs" received signal SIGINT, Interrupt.
2020-10-21 16:02:53 -  0x00007ffff7b14ad3 in epoll_wait () at ../sysdeps/unix/syscall-template.S:84
2020-10-21 16:02:53 -  84	../sysdeps/unix/syscall-template.S: No such file or directory.
2020-10-21 16:02:53 -  
2020-10-21 16:02:53 -  Thread 4 (Thread 0x7ffff2ba7700 (LWP 4828)):
2020-10-21 16:02:53 -  #0  pthread_cond_wait@@GLIBC_2.3.2 () at ../sysdeps/unix/sysv/linux/x86_64/pthread_cond_wait.S:185
2020-10-21 16:02:53 -  No locals.
2020-10-21 16:02:53 -  #1  0x00007ffff5e7491c in std::condition_variable::wait(std::unique_lock<std::mutex>&) () from /usr/lib/x86_64-linux-gnu/libstdc++.so.6
2020-10-21 16:02:53 -  No symbol table info available.
2020-10-21 16:02:53 -  #2  0x00000000006228bf in DatabaseTasks::threadMain() (this=0x8e39a0 <g_databaseTasks>) at /home/otg/src/databasetasks.cpp:42
2020-10-21 16:02:53 -          taskLockUnique = {_M_device = 0x8e3a08 <g_databaseTasks+104>, _M_owns = true}
2020-10-21 16:02:53 -  #3  0x00007ffff5e79c80 in ?? () from /usr/lib/x86_64-linux-gnu/libstdc++.so.6
2020-10-21 16:02:53 -  No symbol table info available.
2020-10-21 16:02:53 -  #4  0x00007ffff614a6ba in start_thread (arg=0x7ffff2ba7700) at pthread_create.c:333
2020-10-21 16:02:53 -          __res = <optimized out>
2020-10-21 16:02:53 -          pd = 0x7ffff2ba7700
2020-10-21 16:02:53 -          now = <optimized out>
2020-10-21 16:02:53 -          unwind_buf = {cancel_jmp_buf = {{jmp_buf = {140737265694464, -9063574470238382487, 0, 140737284647471, 140737265695168, 9334528, 9063584953692083817, 9063594456080340585}, mask_was_saved = 0}}, priv = {pad = {0x0, 0x0, 0x0, 0x0}, data = {prev = 0x0, cleanup = 0x0, canceltype = 0}}}
2020-10-21 16:02:53 -          not_first_call = <optimized out>
2020-10-21 16:02:53 -          pagesize_m1 = <optimized out>
2020-10-21 16:02:53 -          sp = <optimized out>
2020-10-21 16:02:53 -          freesize = <optimized out>
2020-10-21 16:02:53 -          __PRETTY_FUNCTION__ = "start_thread"
2020-10-21 16:02:53 -  #5  0x00007ffff7b144dd in clone () at ../sysdeps/unix/sysv/linux/x86_64/clone.S:109
2020-10-21 16:02:53 -  No locals.
2020-10-21 16:02:53 -  
2020-10-21 16:02:53 -  Thread 3 (Thread 0x7ffff35ba700 (LWP 4827)):
2020-10-21 16:02:53 -  #0  pthread_cond_timedwait@@GLIBC_2.3.2 () at ../sysdeps/unix/sysv/linux/x86_64/pthread_cond_timedwait.S:225
2020-10-21 16:02:53 -  No locals.
2020-10-21 16:02:53 -  #1  0x0000000000506210 in __gthread_cond_timedwait () at /usr/include/x86_64-linux-gnu/c++/5/bits/gthr-default.h:871
2020-10-21 16:02:53 -  No locals.
2020-10-21 16:02:53 -  #2  std::condition_variable::__wait_until_impl (__atime=..., __lock=..., this=0x8e6fa0 <g_scheduler+64>) at /usr/include/c++/5/condition_variable:165
2020-10-21 16:02:53 -          __ts = {tv_sec = 1603310573, tv_nsec = 83796367}
2020-10-21 16:02:53 -  #3  std::condition_variable::wait_until<std::chrono::duration<long, std::ratio<1l, 1000000000l> > > () at /usr/include/c++/5/condition_variable:105
2020-10-21 16:02:53 -          __lock = @0x7ffff35b9e90: {_M_device = 0x8e6f78 <g_scheduler+24>, _M_owns = true}
2020-10-21 16:02:53 -          this = 0x8e6fa0 <g_scheduler+64>
2020-10-21 16:02:53 -  #4  Scheduler::threadMain (this=0x8e6f60 <g_scheduler>) at /home/otg/src/scheduler.cpp:36
2020-10-21 16:02:53 -          ret = std::cv_status::no_timeout
2020-10-21 16:02:53 -          eventLockUnique = {_M_device = 0x8e6f78 <g_scheduler+24>, _M_owns = true}
2020-10-21 16:02:53 -  #5  0x00007ffff5e79c80 in ?? () from /usr/lib/x86_64-linux-gnu/libstdc++.so.6
2020-10-21 16:02:53 -  No symbol table info available.
2020-10-21 16:02:53 -  #6  0x00007ffff614a6ba in start_thread (arg=0x7ffff35ba700) at pthread_create.c:333
2020-10-21 16:02:53 -          __res = <optimized out>
2020-10-21 16:02:53 -          pd = 0x7ffff35ba700
2020-10-21 16:02:53 -          now = <optimized out>
2020-10-21 16:02:53 -          unwind_buf = {cancel_jmp_buf = {{jmp_buf = {140737276258048, -9063574470238382487, 0, 140737488346847, 140737276258752, 9437376, 9063584124226524777, 9063594456080340585}, mask_was_saved = 0}}, priv = {pad = {0x0, 0x0, 0x0, 0x0}, data = {prev = 0x0, cleanup = 0x0, canceltype = 0}}}
2020-10-21 16:02:53 -          not_first_call = <optimized out>
2020-10-21 16:02:53 -          pagesize_m1 = <optimized out>
2020-10-21 16:02:53 -          sp = <optimized out>
2020-10-21 16:02:53 -          freesize = <optimized out>
2020-10-21 16:02:53 -          __PRETTY_FUNCTION__ = "start_thread"
2020-10-21 16:02:53 -  #7  0x00007ffff7b144dd in clone () at ../sysdeps/unix/sysv/linux/x86_64/clone.S:109
2020-10-21 16:02:53 -  No locals.
2020-10-21 16:02:53 -  
2020-10-21 16:02:53 -  Thread 2 (Thread 0x7ffff3dbb700 (LWP 4826)):
2020-10-21 16:02:53 -  #0  pthread_cond_wait@@GLIBC_2.3.2 () at ../sysdeps/unix/sysv/linux/x86_64/pthread_cond_wait.S:185
2020-10-21 16:02:53 -  No locals.
2020-10-21 16:02:53 -  #1  0x00007ffff5e7491c in std::condition_variable::wait(std::unique_lock<std::mutex>&) () from /usr/lib/x86_64-linux-gnu/libstdc++.so.6
2020-10-21 16:02:53 -  No symbol table info available.
2020-10-21 16:02:53 -  #2  0x000000000055af7b in Dispatcher::threadMain() (this=0x8e6ec0 <g_dispatcher>) at /home/otg/src/tasks.cpp:50
2020-10-21 16:02:53 -          taskLockUnique = {_M_device = 0x8e6ed8 <g_dispatcher+24>, _M_owns = true}
2020-10-21 16:02:53 -  #3  0x00007ffff5e79c80 in ?? () from /usr/lib/x86_64-linux-gnu/libstdc++.so.6
2020-10-21 16:02:53 -  No symbol table info available.
2020-10-21 16:02:53 -  #4  0x00007ffff614a6ba in start_thread (arg=0x7ffff3dbb700) at pthread_create.c:333
2020-10-21 16:02:53 -          __res = <optimized out>
2020-10-21 16:02:53 -          pd = 0x7ffff3dbb700
2020-10-21 16:02:53 -          now = <optimized out>
2020-10-21 16:02:53 -          unwind_buf = {cancel_jmp_buf = {{jmp_buf = {140737284650752, -9063574470238382487, 0, 140737488346847, 140737284651456, 9437376, 9063583023104284265, 9063594456080340585}, mask_was_saved = 0}}, priv = {pad = {0x0, 0x0, 0x0, 0x0}, data = {prev = 0x0, cleanup = 0x0, canceltype = 0}}}
2020-10-21 16:02:53 -          not_first_call = <optimized out>
2020-10-21 16:02:53 -          pagesize_m1 = <optimized out>
2020-10-21 16:02:53 -          sp = <optimized out>
2020-10-21 16:02:53 -          freesize = <optimized out>
2020-10-21 16:02:53 -          __PRETTY_FUNCTION__ = "start_thread"
2020-10-21 16:02:53 -  #5  0x00007ffff7b144dd in clone () at ../sysdeps/unix/sysv/linux/x86_64/clone.S:109
2020-10-21 16:02:54 -  No locals.
2020-10-21 16:02:54 -  
2020-10-21 16:02:54 -  Thread 1 (Thread 0x7ffff7fe6740 (LWP 4822)):
2020-10-21 16:02:54 -  #0  0x00007ffff7b14ad3 in epoll_wait () at ../sysdeps/unix/syscall-template.S:84
2020-10-21 16:02:54 -  No locals.
2020-10-21 16:02:54 -  #1  0x00000000005b70e7 in boost::asio::detail::epoll_reactor::run(bool, boost::asio::detail::op_queue<boost::asio::detail::task_io_service_operation>&) [clone .constprop.204] (this=0x901570, block=<optimized out>, ops=...) at /usr/include/boost/asio/detail/impl/epoll_reactor.ipp:392
2020-10-21 16:02:54 -          timeout = <optimized out>
2020-10-21 16:02:54 -          events = {{events = 0, data = {ptr = 0x0, fd = 0, u32 = 0, u64 = 0}} <repeats 52 times>, {events = 11, data = {ptr = 0xa100000000, fd = 0, u32 = 0, u64 = 691489734656}}, {events = 0, data = {ptr = 0x0, fd = 0, u32 = 0, u64 = 0}}, {events = 0, data = {ptr = 0x0, fd = 0, u32 = 0, u64 = 0}}, {events = 0, data = {ptr = 0x0, fd = 0, u32 = 0, u64 = 0}}, {events = 0, data = {ptr = 0x0, fd = 0, u32 = 0, u64 = 0}}, {events = 0, data = {ptr = 0x0, fd = 0, u32 = 0, u64 = 0}}, {events = 4155593817, data = {ptr = 0x7fff, fd = 32767, u32 = 32767, u64 = 32767}}, {events = 0, data = {ptr = 0x5828f4 <boost::asio::detail::reactive_socket_recv_op_base<boost::asio::mutable_buffers_1>::do_perform(boost::asio::detail::reactor_op*)+228>, fd = 5777652, u32 = 5777652, u64 = 5777652}}, {events = 0, data = {ptr = 0x1000000, fd = 16777216, u32 = 16777216, u64 = 16777216}}, {events = 16, data = {ptr = 0x914806, fd = 9521158, u32 = 9521158, u64 = 9521158}}, {events = 2, data = {ptr = 0x200000000, fd = 0, u32 = 0, u64 = 8589934592}}, {events = 0, data = {ptr = 0x5f9093eb, fd = 1603310571, u32 = 1603310571, u64 = 1603310571}}, {events = 0, data = {ptr = 0x0, fd = 0, u32 = 0, u64 = 0}}, {events = 0, data = {ptr = 0x7fffffffdb80, fd = -9344, u32 = 4294957952, u64 = 140737488345984}}, {events = 1, data = {ptr = 0x0, fd = 0, u32 = 0, u64 = 0}}, {events = 0, data = {ptr = 0x0, fd = 0, u32 = 0, u64 = 0}}, {events = 0, data = {ptr = 0x9147e000000000, fd = 0, u32 = 0, u64 = 40892899021291520}}, {events = 0, data = {ptr = 0x7fffed9a10b0, fd = -308670288, u32 = 3986297008, u64 = 140737179685040}}, {events = 9511616, data = {ptr = 0x9248e800000000, fd = 0, u32 = 0, u64 = 41175507869368320}}, {events = 0, data = {ptr = 0x911fe8, fd = 9510888, u32 = 9510888, u64 = 9510888}}, {events = 16, data = {ptr = 0x5200000000, fd = 0, u32 = 0, u64 = 352187318272}}, {events = 0, data = {ptr = 0x901570, fd = 9442672, u32 = 9442672, u64 = 9442672}}, {events = 6449413, data = {ptr = 0x0, fd = 0, u32 = 0, u64 = 0}}, {events = 0, data = {ptr = 0x10, fd = 16, u32 = 16, u64 = 16}}, {events = 0, data = {ptr = 0x56f20000000000, fd = 0, u32 = 0, u64 = 24472929811038208}}, {events = 0, data = {ptr = 0x0, fd = 0, u32 = 0, u64 = 0}}, {events = 0, data = {ptr = 0xffffdc7000000000, fd = 0, u32 = 0, u64 = 18446704972327288832}}, {events = 32767, data = {ptr = 0x9122c0, fd = 9511616, u32 = 9511616, u64 = 9511616}}, {events = 9511616, data = {ptr = 0xa9a13e6000000000, fd = 0, u32 = 0, u64 = 12223119445698019328}}, {events = 32767, data = {ptr = 0x9248e8, fd = 9586920, u32 = 9586920, u64 = 9586920}}, {events = 9521158, data = {ptr = 0x200000000, fd = 0, u32 = 0, u64 = 8589934592}}, {events = 0, data = {ptr = 0x7fff00000001, fd = 1, u32 = 1, u64 = 140733193388033}}, {events = 0, data = {ptr = 0x56f20000000000, fd = 0, u32 = 0, u64 = 24472929811038208}}, {events = 0, data = {ptr = 0x0, fd = 0, u32 = 0, u64 = 0}}, {events = 0, data = {ptr = 0x0, fd = 0, u32 = 0, u64 = 0}}, {events = 0, data = {ptr = 0x924808, fd = 9586696, u32 = 9586696, u64 = 9586696}}, {events = 5809952, data = {ptr = 0x9147f000000000, fd = 0, u32 = 0, u64 = 40892967740768256}}, {events = 0, data = {ptr = 0x924888, fd = 9586824, u32 = 9586824, u64 = 9586824}}, {events = 9521120, data = {ptr = 0x46e96000000000, fd = 0, u32 = 0, u64 = 19959846895878144}}, {events = 0, data = {ptr = 0x7fffffffdd20, fd = -8928, u32 = 4294958368, u64 = 140737488346400}}, {events = 0, data = {ptr = 0x56e94e00000000, fd = 0, u32 = 0, u64 = 24463369213837312}}, {events = 0, data = {ptr = 0x900090, fd = 9437328, u32 = 9437328, u64 = 9437328}}, {events = 0, data = {ptr = 0x91480600000000, fd = 0, u32 = 0, u64 = 40893062230048768}}, {events = 0, data = {ptr = 0x2, fd = 2, u32 = 2, u64 = 2}}, {events = 5698048, data = {ptr = 0x0, fd = 0, u32 = 0, u64 = 0}}, {events = 0, data = {ptr = 0x0, fd = 0, u32 = 0, u64 = 0}}, {events = 0, data = {ptr = 0x0, fd = 0, u32 = 0, u64 = 0}}, {events = 0, data = {ptr = 0x7fffffffde30, fd = -8656, u32 = 4294958640, u64 = 140737488346672}}, {events = 9437328, data = {ptr = 0xc00000000, fd = 0, u32 = 0, u64 = 51539607552}}, {events = 0, data = {ptr = 0x0, fd = 0, u32 = 0, u64 = 0}}, {events = 9437376, data = {ptr = 0xffffde3000000000, fd = 0, u32 = 0, u64 = 18446706896472637440}}, {events = 32767, data = {ptr = 0x585e35 <boost::asio::detail::reactive_socket_recv_op<boost::asio::mutable_buffers_1, boost::asio::detail::read_op<boost::asio::basic_stream_socket<boost::asio::ip::tcp, boost::asio::stream_socket_service<boost::asio::ip::tcp> >, boost::asio::mutable_buffers_1, boost::asio::detail::transfer_all_t, std::_Bind<std::_Mem_fn<void (Connection::*)(boost::system::error_code const&)> (std::shared_ptr<Connection>, std::_Placeholder<1>)> > >::do_complete(boost::asio::detail::task_io_service*, boost::asio::detail::task_io_service_operation*, boost::system::error_code const&, unsigned long)+373>, fd = 5791285, u32 = 5791285, u64 = 5791285}}, {events = 4294958640, data = {ptr = 0x58574500007fff, fd = 32767, u32 = 32767, u64 = 24865751814930431}}, {events = 0, data = {ptr = 0x11, fd = 17, u32 = 17, u64 = 17}}, {events = 4155593817, data = {ptr = 0xffffde3000007fff, fd = 32767, u32 = 32767, u64 = 18446706896472670207}}, {events = 32767, data = {ptr = 0x0, fd = 0, u32 = 0, u64 = 0}}, {events = 0, data = {ptr = 0x0, fd = 0, u32 = 0, u64 = 0}}, {events = 16, data = {ptr = 0x9248e8, fd = 9586920, u32 = 9586920, u64 = 9586920}}, {events = 9521158, data = {ptr = 0x200000000, fd = 0, u32 = 0, u64 = 8589934592}}, {events = 0, data = {ptr = 0x0, fd = 0, u32 = 0, u64 = 0}}, {events = 2, data = {ptr = 0x56f20000000000, fd = 0, u32 = 0, u64 = 24472929811038208}}, {events = 0, data = {ptr = 0x0, fd = 0, u32 = 0, u64 = 0}}, {events = 9521136, data = {ptr = 0x9147e000000000, fd = 0, u32 = 0, u64 = 40892899021291520}}, {events = 0, data = {ptr = 0x0, fd = 0, u32 = 0, u64 = 0}}, {events = 4145959136, data = {ptr = 0x58a73100007fff, fd = 32767, u32 = 32767, u64 = 24953626845806591}}, {events = 0, data = {ptr = 0x7fffed838990, fd = -310146672, u32 = 3984820624, u64 = 140737178208656}}, {events = 0, data = {ptr = 0x9248e800000000, fd = 0, u32 = 0, u64 = 41175507869368320}}, {events = 0, data = {ptr = 0x7fffffffde80, fd = -8576, u32 = 4294958720, u64 = 140737488346752}}, {events = 9437328, data = {ptr = 0x58646e00000000, fd = 0, u32 = 0, u64 = 24880221559717888}}, {events = 0, data = {ptr = 0x9147f0, fd = 9521136, u32 = 9521136, u64 = 9521136}}, {events = 9521120, data = {ptr = 0xffffde8000000000, fd = 0, u32 = 0, u64 = 18446707240070021120}}, {events = 32767, data = {ptr = 0x0, fd = 0, u32 = 0, u64 = 0}}, {events = 0, data = {ptr = 0x0, fd = 0, u32 = 0, u64 = 0}}, {events = 0, data = {ptr = 0x58a720 <Connection::handleTimeout(std::weak_ptr<Connection>, boost::system::error_code const&)>, fd = 5809952, u32 = 5809952, u64 = 5809952}}, {events = 9521136, data = {ptr = 0x9147e000000000, fd = 0, u32 = 0, u64 = 40892899021291520}}, {events = 0, data = {ptr = 0x7d, fd = 125, u32 = 125, u64 = 125}}}
2020-10-21 16:02:54 -          num_events = <optimized out>
2020-10-21 16:02:54 -          check_timers = <optimized out>
2020-10-21 16:02:54 -  #2  0x000000000055dcd3 in do_run_one (ec=..., this_thread=..., lock=<synthetic pointer>, this=0x900090) at /usr/include/boost/asio/detail/impl/task_io_service.ipp:356
2020-10-21 16:02:54 -          more_handlers = <optimized out>
2020-10-21 16:02:54 -  #3  run (ec=..., this=0x900090) at /usr/include/boost/asio/detail/impl/task_io_service.ipp:149
2020-10-21 16:02:54 -          this_thread = {private_op_queue = {front_ = 0x0, back_ = 0x0}, private_outstanding_work = 0}
2020-10-21 16:02:54 -          ctx = {key_ = 0x900090, value_ = 0x7fffffffdf40, next_ = 0x0}
2020-10-21 16:02:54 -          lock = {mutex_ = @0x9000c0, locked_ = <optimized out>}
2020-10-21 16:02:54 -          n = 8749
2020-10-21 16:02:54 -  #4  _ZN5boost4asio10io_service3runEv.isra.226 () at /usr/include/boost/asio/impl/io_service.ipp:59
2020-10-21 16:02:54 -          ec = {m_val = 0, m_cat = 0x7ffff71e50e0}
2020-10-21 16:02:54 -  #5  ServiceManager::run() (this=this@entry=0x7fffffffdff0) at /home/otg/src/server.cpp:47
2020-10-21 16:02:54 -  No locals.
2020-10-21 16:02:54 -  #6  0x0000000000474c46 in main (argc=1, argv=0x7fffffffe1b8) at /home/otg/src/otserv.cpp:96
2020-10-21 16:02:54 -          serviceManager = {acceptors = {_M_h = {_M_buckets = 0x7fff912200a0, _M_bucket_count = 5, _M_before_begin = {_M_nxt = 0x7fffed838a60}, _M_element_count = 2, _M_rehash_policy = {_M_max_load_factor = 1, _M_next_resize = 5}, _M_single_bucket = 0x0}}, io_service = {service_registry_ = 0x900040, impl_ = @0x900090}, signals = {set = {<No data fields>}}, death_timer = {<No data fields>}, running = true}
2020-10-21 16:02:54 -  > Broadcasted message: "[Warmode] A War acabou por tempo! Parabens a Guild Vencedora Vai tomando!".
2020-10-21 16:02:54 -  Saving server...
2020-10-21 16:02:54 -  > Saved house items in: 0.337 s
2020-10-21 16:02:54 -  A debugging session is active.
2020-10-21 16:02:54 -  
2020-10-21 16:02:54 -  	Inferior 1 [process 4822] will be killed.
2020-10-21 16:02:54 -  
2020-10-21 16:02:54 -  Quit anyway? (y or n) [answered Y; input not from terminal]
