2020-10-14 12:45:32 -  [Thread debugging using libthread_db enabled]
2020-10-14 12:45:32 -  Using host libthread_db library "/lib/x86_64-linux-gnu/libthread_db.so.1".
2020-10-14 12:45:32 -  [New Thread 0x7ffff3dbb700 (LWP 8103)]
2020-10-14 12:45:32 -  [New Thread 0x7ffff35ba700 (LWP 8104)]
2020-10-14 12:45:32 -  The OTG-Premium-Version - Version: (1.3)
2020-10-14 12:45:32 -  Compiled with: GNU C++ version 5.4.0 20160609
2020-10-14 12:45:32 -  Compiled on Sep 17 2020 19:49:36 for platform x64
2020-10-14 12:45:32 -  
2020-10-14 12:45:32 -  Special Credits for: OTG Team, Johncore, Vankk, Erick Nunes, Leonardo Pereira, Leandro Baldissera, Talis, Marcomoa, Marson Schneider, Douglas, Mark Samman, OTXServer (Mattyx Gomez) and The Forgotten Server Developers.
2020-10-14 12:45:32 -  Link of repository: https://github.com/Johncorex/OTG-Premium-Version
2020-10-14 12:45:32 -  
2020-10-14 12:45:32 -  >> Loading config: config.lua
2020-10-14 12:45:32 -  >> Establishing database connection... MySQL 5.7.31
2020-10-14 12:45:32 -  >> Running database manager
2020-10-14 12:45:32 -  [New Thread 0x7ffff2ba7700 (LWP 8105)]
2020-10-14 12:45:32 -  > Optimizing table players_online... [success]
2020-10-14 12:45:32 -  > Optimizing table tile_store... [success]
2020-10-14 12:45:32 -  >> Loading vocations
2020-10-14 12:45:32 -  >> Loading items
2020-10-14 12:45:32 -  >> Loading script systems
2020-10-14 12:45:32 -  >> Loading lua libs
2020-10-14 12:45:33 -  [Warning - Event::checkScript] Can not load script: scripts/expboostaction.lua
2020-10-14 12:45:33 -  cannot open data/actions/scripts/expboostaction.lua: No such file or directory
2020-10-14 12:45:34 -  >> Loading lua scripts
2020-10-14 12:45:34 -  >> Loading monsters
2020-10-14 12:45:34 -  >> Loading lua monsters
2020-10-14 12:45:34 -  >> Loading outfits
2020-10-14 12:45:34 -  >> Loading prey data
2020-10-14 12:45:34 -  >> Checking world type... PVP
2020-10-14 12:45:34 -  >> Loading map
2020-10-14 12:45:36 -  > Map size: 34143x33812.
2020-10-14 12:45:42 -  > Map loading time: 7.559 seconds.
2020-10-14 12:46:17 -  > Loaded house items in: 0.036 s
2020-10-14 12:46:17 -  >> Initializing gamestate
2020-10-14 12:46:21 -  >> Loaded 43 npcs and spawned 72708 monsters.
2020-10-14 12:46:21 -  >> Loaded 27 towns with 1074 houses in total.
2020-10-14 12:46:21 -  [Castle War]
2020-10-14 12:46:21 -  [POWERGAMERS]
2020-10-14 12:46:21 -  [SISTEMA DE LOTERIA] OPERANTE
2020-10-14 12:46:21 -  Advanced NPC spawn system | All NPCs will be loaded trough lib.
2020-10-14 12:46:21 -  [REGEN BOOST] CARREGADO
2020-10-14 12:46:21 -  [SPOOF COUNTER]
2020-10-14 12:46:21 -  [STAMINA]
2020-10-14 12:46:21 -  warvariables
2020-10-14 12:46:21 -  >> Loaded all modules, server starting up...
2020-10-14 12:46:21 -  > Warning: OTG-Premium-Version has been executed as root user, please consider running it as a normal user.
2020-10-14 12:46:21 -  >> Honera Global Server Online!
2020-10-14 12:46:21 -  
2020-10-14 12:46:30 -  SABADOU!! NPC HONERA CRIADO
2020-10-14 12:46:30 -  Dev Marson has logged in.
2020-10-14 13:19:15 -  
2020-10-14 13:19:15 -  Lua Script Error: [CreatureScript Interface] 
2020-10-14 13:19:15 -  data/creaturescripts/scripts/warmode.lua:onModalWindow
2020-10-14 13:19:15 -  data/creaturescripts/scripts/warmode.lua:70: attempt to index global 'opt' (a nil value)
2020-10-14 13:19:15 -  stack traceback:
2020-10-14 13:19:15 -  	[C]: in function '__index'
2020-10-14 13:19:15 -  	data/creaturescripts/scripts/warmode.lua:70: in function <data/creaturescripts/scripts/warmode.lua:1>
2020-10-14 13:19:47 -  
2020-10-14 13:19:47 -  Lua Script Error: [CreatureScript Interface] 
2020-10-14 13:19:47 -  data/creaturescripts/scripts/warmode.lua:onModalWindow
2020-10-14 13:19:47 -  data/creaturescripts/scripts/warmode.lua:70: attempt to index global 'opt' (a nil value)
2020-10-14 13:19:47 -  stack traceback:
2020-10-14 13:19:47 -  	[C]: in function '__index'
2020-10-14 13:19:47 -  	data/creaturescripts/scripts/warmode.lua:70: in function <data/creaturescripts/scripts/warmode.lua:1>
2020-10-14 13:48:54 -  ip inválido
2020-10-14 13:48:54 -  Dev Marson has logged out.
2020-10-14 13:50:38 -  Nosferatu has logged in.
2020-10-14 14:01:40 -  Dev Marson has logged in.
2020-10-14 15:30:21 -  > Broadcasted message: "Many aggressive beasts are roaming south of Ab'Dendriel! Take care!".
2020-10-14 15:45:34 -  
2020-10-14 15:45:34 -  Lua Script Error: [GlobalEvent Interface] 
2020-10-14 15:45:34 -  data/globalevents/scripts/bosses/Abyssador.lua:onThink
2020-10-14 15:45:34 -  data/lib/rewardboss.lua:8: Rewards can only be enabled to rewards bosses.
2020-10-14 15:45:34 -  stack traceback:
2020-10-14 15:45:34 -  	[C]: at 0x00602980
2020-10-14 15:45:34 -  	[C]: in function 'error'
2020-10-14 15:45:34 -  	data/lib/rewardboss.lua:8: in function 'setReward'
2020-10-14 15:45:34 -  	data/globalevents/scripts/bosses/Abyssador.lua:28: in function <data/globalevents/scripts/bosses/Abyssador.lua:21>
2020-10-14 15:45:34 -  [Error - GlobalEvents::think] Failed to execute event: Abyssador
2020-10-14 15:45:34 -  
2020-10-14 15:45:34 -  Lua Script Error: [GlobalEvent Interface] 
2020-10-14 15:45:34 -  data/globalevents/scripts/bosses/Deathstrike.lua:onThink
2020-10-14 15:45:34 -  data/lib/rewardboss.lua:8: Rewards can only be enabled to rewards bosses.
2020-10-14 15:45:34 -  stack traceback:
2020-10-14 15:45:34 -  	[C]: at 0x00602980
2020-10-14 15:45:34 -  	[C]: in function 'error'
2020-10-14 15:45:34 -  	data/lib/rewardboss.lua:8: in function 'setReward'
2020-10-14 15:45:34 -  	data/globalevents/scripts/bosses/Deathstrike.lua:28: in function <data/globalevents/scripts/bosses/Deathstrike.lua:21>
2020-10-14 15:45:34 -  [Error - GlobalEvents::think] Failed to execute event: Deathstrike
2020-10-14 15:45:34 -  
2020-10-14 15:45:34 -  Lua Script Error: [GlobalEvent Interface] 
2020-10-14 15:45:34 -  data/globalevents/scripts/bosses/Gnomevil.lua:onThink
2020-10-14 15:45:34 -  data/lib/rewardboss.lua:8: Rewards can only be enabled to rewards bosses.
2020-10-14 15:45:34 -  stack traceback:
2020-10-14 15:45:34 -  	[C]: at 0x00602980
2020-10-14 15:45:34 -  	[C]: in function 'error'
2020-10-14 15:45:34 -  	data/lib/rewardboss.lua:8: in function 'setReward'
2020-10-14 15:45:34 -  	data/globalevents/scripts/bosses/Gnomevil.lua:28: in function <data/globalevents/scripts/bosses/Gnomevil.lua:21>
2020-10-14 15:45:34 -  [Error - GlobalEvents::think] Failed to execute event: Gnomevil
2020-10-14 15:48:53 -  ip inválido
2020-10-14 15:48:53 -  Dev Marson has logged out.
2020-10-14 16:39:21 -  > Broadcasted message: "Forrest animals spread out close to Ab'Dendriel!".
2020-10-14 17:45:50 -  [Castle War votacao aberta]
2020-10-14 17:45:50 -  > Broadcasted message: "[Castle War]: Foi iniciada a votação para decidir o objetivo do castelo que abre em alguns minutos. Use !castle1 para votar no objetivo (Dominar o castelo por mais tempo). Use !castle2 para votar no objetivo (Ultimo que dominar o castelo). Caso não haja votações, o objetivo será aleatorio.".
2020-10-14 17:45:50 -  > Broadcasted message: "[CastleWar] Atencao, O CASTELO esta aberto para batalha, junte-se com sua guild e  conquiste-o. O castelo encerra em 1 hora. Resultado das votacoes: First: 1 Second: 0 Resultado: (Dominar o castelo por mais tempo) foi escolhido".
2020-10-14 17:45:50 -  castleWar Encerrado
2020-10-14 17:45:50 -  Dev Marson has logged in.
2020-10-14 17:51:21 -  > Broadcasted message: "There seems to be a big gnarlhoud gang in Zao Steppe.".
2020-10-14 17:51:40 -  > Broadcasted message: "The gnarlhounds seem to multiply by the minute.".
2020-10-14 17:53:20 -  > Broadcasted message: "The gnarlhounds roam free in the Zao Steppe. Watch out!".
2020-10-14 18:45:34 -  
2020-10-14 18:45:34 -  Lua Script Error: [GlobalEvent Interface] 
2020-10-14 18:45:34 -  data/globalevents/scripts/Ghulosh.lua:onThink
2020-10-14 18:45:34 -  data/globalevents/scripts/Ghulosh.lua:34: attempt to index local 'boss' (a nil value)
2020-10-14 18:45:34 -  stack traceback:
2020-10-14 18:45:34 -  	[C]: in function '__index'
2020-10-14 18:45:34 -  	data/globalevents/scripts/Ghulosh.lua:34: in function <data/globalevents/scripts/Ghulosh.lua:21>
2020-10-14 18:45:34 -  [Error - GlobalEvents::think] Failed to execute event: Ghulosh
2020-10-14 18:45:34 -  
2020-10-14 18:45:34 -  Lua Script Error: [GlobalEvent Interface] 
2020-10-14 18:45:34 -  data/globalevents/scripts/Gorzindel.lua:onThink
2020-10-14 18:45:34 -  data/globalevents/scripts/Gorzindel.lua:34: attempt to index local 'boss' (a nil value)
2020-10-14 18:45:34 -  stack traceback:
2020-10-14 18:45:34 -  	[C]: in function '__index'
2020-10-14 18:45:34 -  	data/globalevents/scripts/Gorzindel.lua:34: in function <data/globalevents/scripts/Gorzindel.lua:21>
2020-10-14 18:45:34 -  [Error - GlobalEvents::think] Failed to execute event: Gorzindel
2020-10-14 18:45:34 -  
2020-10-14 18:45:34 -  Lua Script Error: [GlobalEvent Interface] 
2020-10-14 18:45:34 -  data/globalevents/scripts/Lokathmor.lua:onThink
2020-10-14 18:45:34 -  data/globalevents/scripts/Lokathmor.lua:34: attempt to index local 'boss' (a nil value)
2020-10-14 18:45:34 -  stack traceback:
2020-10-14 18:45:34 -  	[C]: in function '__index'
2020-10-14 18:45:34 -  	data/globalevents/scripts/Lokathmor.lua:34: in function <data/globalevents/scripts/Lokathmor.lua:21>
2020-10-14 18:45:34 -  [Error - GlobalEvents::think] Failed to execute event: Lokathmor
2020-10-14 18:45:34 -  
2020-10-14 18:45:34 -  Lua Script Error: [GlobalEvent Interface] 
2020-10-14 18:45:34 -  data/globalevents/scripts/Mazzinor.lua:onThink
2020-10-14 18:45:34 -  data/globalevents/scripts/Mazzinor.lua:34: attempt to index local 'boss' (a nil value)
2020-10-14 18:45:34 -  stack traceback:
2020-10-14 18:45:34 -  	[C]: in function '__index'
2020-10-14 18:45:34 -  	data/globalevents/scripts/Mazzinor.lua:34: in function <data/globalevents/scripts/Mazzinor.lua:21>
2020-10-14 18:45:34 -  [Error - GlobalEvents::think] Failed to execute event: Mazzinor
2020-10-14 18:45:34 -  [Warning - Monsters::loadMonster] Non-unique loot item "Giant Sapphire". 
2020-10-14 18:45:34 -  [Warning - Monsters::loadMonster] Cant load loot. data/monster/Secret Library/the scourge of oblivion.xml
2020-10-14 18:45:34 -  [Warning - Monsters::loadMonster] Non-unique loot item "Collar of Blue Plasma". 
2020-10-14 18:45:34 -  [Warning - Monsters::loadMonster] Cant load loot. data/monster/Secret Library/the scourge of oblivion.xml
2020-10-14 18:45:34 -  [Warning - Monsters::loadMonster] Non-unique loot item "Giant Shimmering Pearl". 
2020-10-14 18:45:34 -  [Warning - Monsters::loadMonster] Cant load loot. data/monster/Secret Library/the scourge of oblivion.xml
2020-10-14 18:45:34 -  [Warning - Monsters::loadMonster] Unknown loot item "The Calamity". 
2020-10-14 18:45:34 -  [Warning - Monsters::loadMonster] Cant load loot. data/monster/Secret Library/the scourge of oblivion.xml
2020-10-14 18:45:34 -  
2020-10-14 18:45:34 -  Lua Script Error: [GlobalEvent Interface] 
2020-10-14 18:45:34 -  data/globalevents/scripts/The Scourge Of Oblivion.lua:onThink
2020-10-14 18:45:34 -  data/globalevents/scripts/The Scourge Of Oblivion.lua:34: attempt to index local 'boss' (a nil value)
2020-10-14 18:45:34 -  stack traceback:
2020-10-14 18:45:34 -  	[C]: in function '__index'
2020-10-14 18:45:34 -  	data/globalevents/scripts/The Scourge Of Oblivion.lua:34: in function <data/globalevents/scripts/The Scourge Of Oblivion.lua:21>
2020-10-14 18:45:34 -  [Error - GlobalEvents::think] Failed to execute event: The Scourge Of Oblivion
2020-10-14 19:48:56 -  ip inválido
2020-10-14 19:48:56 -  Dev Marson has logged out.
2020-10-14 19:55:04 -  Dev Marson has logged in.
2020-10-14 20:12:11 -  Dev Marson has logged out.
2020-10-14 20:12:12 -  Dev Marson has logged in.
2020-10-14 20:18:27 -  [Error - DBResult::getString] Column 'name' does not exist in result set.
2020-10-14 20:46:21 -  ip inválido
2020-10-14 20:46:21 -  ip inválido
2020-10-14 20:46:21 -  ip inválido
2020-10-14 20:46:21 -  ip inválido
2020-10-14 20:46:21 -  ip inválido
2020-10-14 20:46:21 -  ip inválido
2020-10-14 20:46:21 -  ip inválido
2020-10-14 20:46:21 -  ip inválido
2020-10-14 20:46:21 -  ip inválido
2020-10-14 20:46:21 -  ip inválido
2020-10-14 20:46:21 -  ip inválido
2020-10-14 20:46:21 -  ip inválido
2020-10-14 20:46:21 -  ip inválido
2020-10-14 20:46:21 -  ip inválido
2020-10-14 20:46:21 -  ip inválido
2020-10-14 20:46:21 -  ip inválido
2020-10-14 20:46:21 -  ip inválido
2020-10-14 20:46:21 -  ip inválido
2020-10-14 20:46:21 -  ip inválido
2020-10-14 20:46:21 -  > Broadcasted message: "The dragons of the Dragonblaze Mountains have descended to Zao to protect the lizardkin!".
2020-10-14 21:27:20 -  ip inválido
2020-10-14 21:27:20 -  ip inválido
2020-10-14 21:27:20 -  ip inválido
2020-10-14 21:27:20 -  ip inválido
2020-10-14 21:27:20 -  ip inválido
2020-10-14 21:27:20 -  ip inválido
2020-10-14 21:27:20 -  ip inválido
2020-10-14 21:27:20 -  ip inválido
2020-10-14 21:27:20 -  ip inválido
2020-10-14 21:27:20 -  ip inválido
2020-10-14 21:27:20 -  ip inválido
2020-10-14 21:27:20 -  ip inválido
2020-10-14 21:27:20 -  ip inválido
2020-10-14 21:27:20 -  ip inválido
2020-10-14 21:27:20 -  ip inválido
2020-10-14 21:27:20 -  ip inválido
2020-10-14 21:27:20 -  ip inválido
2020-10-14 21:27:20 -  ip inválido
2020-10-14 21:27:20 -  ip inválido
2020-10-14 21:27:20 -  ip inválido
2020-10-14 21:27:20 -  ip inválido
2020-10-14 21:27:20 -  ip inválido
2020-10-14 21:27:20 -  ip inválido
2020-10-14 21:27:20 -  ip inválido
2020-10-14 21:27:20 -  ip inválido
2020-10-14 21:27:20 -  ip inválido
2020-10-14 21:27:20 -  ip inválido
2020-10-14 21:27:20 -  ip inválido
2020-10-14 21:27:20 -  ip inválido
2020-10-14 21:27:20 -  ip inválido
2020-10-14 21:27:20 -  ip inválido
2020-10-14 21:27:20 -  ip inválido
2020-10-14 21:27:20 -  ip inválido
2020-10-14 21:27:20 -  ip inválido
2020-10-14 21:27:20 -  ip inválido
2020-10-14 21:27:20 -  ip inválido
2020-10-14 21:27:20 -  ip inválido
2020-10-14 21:27:20 -  ip inválido
2020-10-14 21:27:20 -  ip inválido
2020-10-14 21:27:20 -  ip inválido
2020-10-14 21:27:20 -  ip inválido
2020-10-14 21:27:20 -  [Error - mysql_real_query] Query: SELECT `invited` FROM `guild_wars_invite` WHERE `player_guid` =141
2020-10-14 21:27:20 -  Message: Unknown column 'invited' in 'field list'
2020-10-14 21:27:20 -  [Error - mysql_store_result] Query: SELECT `invited` FROM `guild_wars_invite` WHERE `player_guid` =141
2020-10-14 21:27:20 -  Message: Unknown column 'invited' in 'field list'
2020-10-14 21:27:20 -  [Error - mysql_real_query] Query: SELECT `invited` FROM `guild_wars_invite` WHERE `player_guid` =141
2020-10-14 21:27:20 -  Message: Unknown column 'invited' in 'field list'
2020-10-14 21:27:20 -  [Error - mysql_store_result] Query: SELECT `invited` FROM `guild_wars_invite` WHERE `player_guid` =141
2020-10-14 21:27:20 -  Message: Unknown column 'invited' in 'field list'
2020-10-14 21:29:48 -  ip inválido
2020-10-14 21:29:48 -  ip inválido
2020-10-14 21:29:48 -  ip inválido
2020-10-14 21:29:48 -  Dev Marson has logged out.
2020-10-14 21:29:49 -  Dev Marson has logged in.
2020-10-14 21:30:02 -  Dev Marson has logged out.
2020-10-14 21:30:02 -  Dev Marson has logged in.
2020-10-14 21:48:55 -  ip inválido
2020-10-14 21:48:55 -  ip inválido
2020-10-14 21:48:55 -  ip inválido
2020-10-14 21:48:55 -  ip inválido
2020-10-14 21:48:55 -  ip inválido
2020-10-14 21:48:55 -  ip inválido
2020-10-14 21:48:55 -  ip inválido
2020-10-14 21:48:55 -  ip inválido
2020-10-14 21:48:55 -  ip inválido
2020-10-14 21:48:55 -  ip inválido
2020-10-14 21:48:55 -  ip inválido
2020-10-14 21:48:55 -  ip inválido
2020-10-14 21:48:55 -  ip inválido
2020-10-14 21:48:55 -  ip inválido
2020-10-14 21:48:55 -  ip inválido
2020-10-14 21:48:55 -  ip inválido
2020-10-14 21:48:55 -  ip inválido
2020-10-14 21:48:55 -  ip inválido
2020-10-14 21:48:55 -  ip inválido
2020-10-14 21:48:55 -  ip inválido
2020-10-14 21:48:55 -  Dev Marson has logged out.
2020-10-14 22:05:31 -  ip inválido
2020-10-14 22:05:31 -  ip inválido
2020-10-14 22:05:31 -  ip inválido
2020-10-14 22:05:31 -  ip inválido
2020-10-14 22:05:31 -  ip inválido
2020-10-14 22:05:31 -  ip inválido
2020-10-14 22:05:31 -  ip inválido
2020-10-14 22:05:31 -  ip inválido
2020-10-14 22:05:31 -  ip inválido
2020-10-14 22:05:31 -  ip inválido
2020-10-14 22:05:31 -  ip inválido
2020-10-14 22:05:31 -  ip inválido
2020-10-14 22:05:31 -  ip inválido
2020-10-14 22:05:31 -  ip inválido
2020-10-14 22:05:31 -  ip inválido
2020-10-14 22:05:31 -  ip inválido
2020-10-14 22:05:31 -  Dev Marson has logged in.
2020-10-14 22:23:07 -  ip inválido
2020-10-14 22:23:07 -  ip inválido
2020-10-14 22:23:07 -  ip inválido
2020-10-14 22:23:07 -  ip inválido
2020-10-14 22:23:07 -  ip inválido
2020-10-14 22:23:07 -  ip inválido
2020-10-14 22:23:07 -  ip inválido
2020-10-14 22:23:07 -  ip inválido
2020-10-14 22:23:07 -  ip inválido
2020-10-14 22:23:07 -  ip inválido
2020-10-14 22:23:07 -  ip inválido
2020-10-14 22:23:07 -  ip inválido
2020-10-14 22:23:07 -  ip inválido
2020-10-14 22:23:07 -  ip inválido
2020-10-14 22:23:07 -  ip inválido
2020-10-14 22:23:07 -  ip inválido
2020-10-14 22:23:07 -  ip inválido
2020-10-14 22:23:07 -  ip inválido
2020-10-14 22:23:07 -  Dev Marson has logged out.
2020-10-14 22:23:08 -  Dev Marson has logged in.
2020-10-14 22:25:21 -  ip inválido
2020-10-14 22:25:21 -  ip inválido
2020-10-14 22:25:21 -  > Broadcasted message: "Orc activity near Thais reported! Beware!".
2020-10-14 22:26:20 -  ip inválido
2020-10-14 22:26:20 -  > Broadcasted message: "Thais is under attack!".
2020-10-14 22:26:59 -  ip inválido
2020-10-14 22:26:59 -  false	141
2020-10-14 22:26:59 -  false	231
2020-10-14 22:26:59 -  false	141
2020-10-14 22:26:59 -  false	231
2020-10-14 22:26:59 -  false	141
2020-10-14 22:26:59 -  false	231
2020-10-14 22:26:59 -  Dev Marson has logged out.
2020-10-14 22:27:01 -  Dev Marson has logged in.
2020-10-14 22:33:26 -  141	141
2020-10-14 22:33:26 -  231	231
2020-10-14 22:33:26 -  141	141
2020-10-14 22:33:26 -  231	231
2020-10-14 22:33:26 -  ip inválido
2020-10-14 22:33:26 -  ip inválido
2020-10-14 22:33:26 -  ip inválido
2020-10-14 22:33:26 -  ip inválido
2020-10-14 22:33:26 -  ip inválido
2020-10-14 22:33:26 -  ip inválido
2020-10-14 22:33:26 -  false	141
2020-10-14 22:33:26 -  false	231
2020-10-14 22:33:26 -  [Error - mysql_real_query] Query: INSERT INTO `guild_wars_invite` (`player_guid`, `guild_id`) VALUES (141, 3) ON DUPLICATE KEY UPDATE (guild_id`, `player_guid`) VALUES (3,141)
2020-10-14 22:33:26 -  Message: You have an error in your SQL syntax; check the manual that corresponds to your MariaDB server version for the right syntax to use near '(guild_id`, `player_guid`) VALUES (3,141)' at line 1
2020-10-14 22:33:26 -  false	141
2020-10-14 22:33:26 -  [Error - mysql_real_query] Query: INSERT INTO `guild_wars_invite` (`player_guid`, `guild_id`) VALUES (231, 3) ON DUPLICATE KEY UPDATE (guild_id`, `player_guid`) VALUES (3,231)
2020-10-14 22:33:26 -  Message: You have an error in your SQL syntax; check the manual that corresponds to your MariaDB server version for the right syntax to use near '(guild_id`, `player_guid`) VALUES (3,231)' at line 1
2020-10-14 22:37:18 -  false	231
2020-10-14 22:37:18 -  ip inválido
2020-10-14 22:37:18 -  ip inválido
2020-10-14 22:37:18 -  false	141
2020-10-14 22:37:18 -  false	231
2020-10-14 22:37:18 -  141	141
2020-10-14 22:37:18 -  231	231
2020-10-14 22:37:18 -  141	141
2020-10-14 22:37:18 -  231	231
2020-10-14 22:37:18 -  ip inválido
2020-10-14 22:37:18 -  ip inválido
2020-10-14 22:37:18 -  false	141
2020-10-14 22:37:18 -  false	231
2020-10-14 22:37:18 -  [Error - mysql_real_query] Query: REPLACE INTO `guild_wars_invite` (`player_guid`, `guild_id`) VALUES (141, 3) ON DUPLICATE KEY UPDATE `player_guid` = 141
2020-10-14 22:37:18 -  Message: You have an error in your SQL syntax; check the manual that corresponds to your MariaDB server version for the right syntax to use near 'ON DUPLICATE KEY UPDATE `player_guid` = 141' at line 1
2020-10-14 22:37:18 -  false	141
2020-10-14 22:37:18 -  [Error - mysql_real_query] Query: REPLACE INTO `guild_wars_invite` (`player_guid`, `guild_id`) VALUES (231, 3) ON DUPLICATE KEY UPDATE `player_guid` = 231
2020-10-14 22:37:18 -  Message: You have an error in your SQL syntax; check the manual that corresponds to your MariaDB server version for the right syntax to use near 'ON DUPLICATE KEY UPDATE `player_guid` = 231' at line 1
2020-10-14 22:37:19 -  false	231
2020-10-14 22:37:19 -  [Error - mysql_real_query] Query: REPLACE INTO `guild_wars_invite` (`player_guid`, `guild_id`) VALUES (141, 3) ON DUPLICATE KEY UPDATE `player_guid` = 141
2020-10-14 22:37:19 -  Message: You have an error in your SQL syntax; check the manual that corresponds to your MariaDB server version for the right syntax to use near 'ON DUPLICATE KEY UPDATE `player_guid` = 141' at line 1
2020-10-14 22:37:19 -  false	141
2020-10-14 22:37:19 -  [Error - mysql_real_query] Query: REPLACE INTO `guild_wars_invite` (`player_guid`, `guild_id`) VALUES (231, 3) ON DUPLICATE KEY UPDATE `player_guid` = 231
2020-10-14 22:37:19 -  Message: You have an error in your SQL syntax; check the manual that corresponds to your MariaDB server version for the right syntax to use near 'ON DUPLICATE KEY UPDATE `player_guid` = 231' at line 1
2020-10-14 22:38:46 -  false	231
2020-10-14 22:38:46 -  ip inválido
2020-10-14 22:38:46 -  ip inválido
2020-10-14 22:38:46 -  [Warning - Event::checkScript] Can not load script: scripts/warmode.lua
2020-10-14 22:38:46 -  data/creaturescripts/scripts/warmode.lua:82: unexpected symbol near ')'
2020-10-14 22:39:20 -  false	141
2020-10-14 22:39:20 -  false	231
2020-10-14 22:39:20 -  [Error - mysql_real_query] Query: REPLACE INTO `guild_wars_invite` (`player_guid`, `guild_id`) VALUES (141, 3
2020-10-14 22:39:20 -  Message: You have an error in your SQL syntax; check the manual that corresponds to your MariaDB server version for the right syntax to use near '' at line 1
2020-10-14 22:39:20 -  false	141
2020-10-14 22:39:20 -  [Error - mysql_real_query] Query: REPLACE INTO `guild_wars_invite` (`player_guid`, `guild_id`) VALUES (231, 3
2020-10-14 22:39:20 -  Message: You have an error in your SQL syntax; check the manual that corresponds to your MariaDB server version for the right syntax to use near '' at line 1
2020-10-14 22:39:20 -  false	231
2020-10-14 22:39:20 -  [Error - mysql_real_query] Query: REPLACE INTO `guild_wars_invite` (`player_guid`, `guild_id`) VALUES (141, 3
2020-10-14 22:39:20 -  Message: You have an error in your SQL syntax; check the manual that corresponds to your MariaDB server version for the right syntax to use near '' at line 1
2020-10-14 22:39:20 -  false	141
2020-10-14 22:39:20 -  [Error - mysql_real_query] Query: REPLACE INTO `guild_wars_invite` (`player_guid`, `guild_id`) VALUES (231, 3
2020-10-14 22:39:20 -  Message: You have an error in your SQL syntax; check the manual that corresponds to your MariaDB server version for the right syntax to use near '' at line 1
2020-10-14 22:39:21 -  false	231
2020-10-14 22:39:21 -  [Error - mysql_real_query] Query: REPLACE INTO `guild_wars_invite` (`player_guid`, `guild_id`) VALUES (141, 3
2020-10-14 22:39:21 -  Message: You have an error in your SQL syntax; check the manual that corresponds to your MariaDB server version for the right syntax to use near '' at line 1
2020-10-14 22:39:21 -  false	141
2020-10-14 22:39:21 -  [Error - mysql_real_query] Query: REPLACE INTO `guild_wars_invite` (`player_guid`, `guild_id`) VALUES (231, 3
2020-10-14 22:39:21 -  Message: You have an error in your SQL syntax; check the manual that corresponds to your MariaDB server version for the right syntax to use near '' at line 1
2020-10-14 22:39:21 -  false	231
2020-10-14 22:39:21 -  [Error - mysql_real_query] Query: REPLACE INTO `guild_wars_invite` (`player_guid`, `guild_id`) VALUES (141, 3
2020-10-14 22:39:21 -  Message: You have an error in your SQL syntax; check the manual that corresponds to your MariaDB server version for the right syntax to use near '' at line 1
2020-10-14 22:39:21 -  false	141
2020-10-14 22:39:21 -  [Error - mysql_real_query] Query: REPLACE INTO `guild_wars_invite` (`player_guid`, `guild_id`) VALUES (231, 3
2020-10-14 22:39:21 -  Message: You have an error in your SQL syntax; check the manual that corresponds to your MariaDB server version for the right syntax to use near '' at line 1
2020-10-14 22:39:22 -  false	231
2020-10-14 22:39:22 -  [Error - mysql_real_query] Query: REPLACE INTO `guild_wars_invite` (`player_guid`, `guild_id`) VALUES (141, 3
2020-10-14 22:39:22 -  Message: You have an error in your SQL syntax; check the manual that corresponds to your MariaDB server version for the right syntax to use near '' at line 1
2020-10-14 22:39:22 -  false	141
2020-10-14 22:39:22 -  [Error - mysql_real_query] Query: REPLACE INTO `guild_wars_invite` (`player_guid`, `guild_id`) VALUES (231, 3
2020-10-14 22:39:22 -  Message: You have an error in your SQL syntax; check the manual that corresponds to your MariaDB server version for the right syntax to use near '' at line 1
2020-10-14 22:47:52 -  false	231
2020-10-14 22:47:52 -  ip inválido
2020-10-14 22:47:52 -  false	141
2020-10-14 22:47:52 -  false	231
2020-10-14 22:47:52 -  141	141
2020-10-14 22:47:52 -  231	231
2020-10-14 22:47:52 -  141	141
2020-10-14 22:47:52 -  231	231
2020-10-14 22:47:52 -  ip inválido
2020-10-14 22:47:52 -  ip inválido
2020-10-14 22:47:52 -  false	141
2020-10-14 22:47:52 -  false	231
2020-10-14 22:47:52 -  false	141
2020-10-14 22:47:52 -  false	231
2020-10-14 22:47:52 -  141	141
2020-10-14 22:47:52 -  231	231
2020-10-14 22:47:52 -  141	141
2020-10-14 22:47:52 -  231	231
2020-10-14 22:47:52 -  ip inválido
2020-10-14 22:47:52 -  ip inválido
2020-10-14 22:47:52 -  false	141
2020-10-14 22:47:52 -  false	231
2020-10-14 22:47:52 -  141	141
2020-10-14 22:47:52 -  231	231
2020-10-14 22:47:52 -  ip inválido
2020-10-14 22:47:52 -  141	141
2020-10-14 22:47:52 -  231	231
2020-10-14 22:47:52 -  false	141
2020-10-14 22:47:52 -  false	231
2020-10-14 22:47:52 -  141	141
2020-10-14 22:47:52 -  231	231
2020-10-14 22:47:52 -  141	141
2020-10-14 22:47:52 -  231	231
2020-10-14 22:47:52 -  ip inválido
2020-10-14 22:47:52 -  ip inválido
2020-10-14 22:47:52 -  ip inválido
2020-10-14 22:47:52 -  141	141
2020-10-14 22:47:52 -  231	231
2020-10-14 22:47:52 -  [Error - mysql_real_query] Query: DELETE FROM `guild_wars_invite` WHERE `player_id` = 141
2020-10-14 22:47:52 -  Message: Unknown column 'player_id' in 'where clause'
2020-10-14 22:47:52 -  141	141
2020-10-14 22:47:52 -  [Error - mysql_real_query] Query: DELETE FROM `guild_wars_invite` WHERE `player_id` = 141
2020-10-14 22:47:52 -  Message: Unknown column 'player_id' in 'where clause'
2020-10-14 22:47:57 -  231	231
2020-10-14 22:47:57 -  [Error - mysql_real_query] Query: DELETE FROM `guild_wars_invite` WHERE `player_id` = 141
2020-10-14 22:47:57 -  Message: Unknown column 'player_id' in 'where clause'
2020-10-14 22:47:57 -  141	141
2020-10-14 22:47:57 -  [Error - mysql_real_query] Query: DELETE FROM `guild_wars_invite` WHERE `player_id` = 141
2020-10-14 22:47:57 -  Message: Unknown column 'player_id' in 'where clause'
2020-10-14 22:47:58 -  231	231
2020-10-14 22:47:58 -  [Error - mysql_real_query] Query: DELETE FROM `guild_wars_invite` WHERE `player_id` = 231
2020-10-14 22:47:58 -  Message: Unknown column 'player_id' in 'where clause'
2020-10-14 22:47:58 -  141	141
2020-10-14 22:47:58 -  [Error - mysql_real_query] Query: DELETE FROM `guild_wars_invite` WHERE `player_id` = 231
2020-10-14 22:47:58 -  Message: Unknown column 'player_id' in 'where clause'
2020-10-14 22:49:13 -  231	231
2020-10-14 22:49:13 -  ip inválido
2020-10-14 22:49:13 -  141	141
2020-10-14 22:49:13 -  231	231
2020-10-14 22:49:13 -  141	141
2020-10-14 22:49:13 -  [Error - mysql_real_query] Query: INSERT INTO `guild_wars_invite` (`player_guid`, `guild_id`) VALUES (231, 3) ON DUPLICATE KEY UPDATE `player_guid` = 141
2020-10-14 22:49:13 -  Message: Duplicate entry '141' for key 'PRIMARY'
2020-10-14 23:02:21 -  231	231
2020-10-14 23:02:21 -  false	141
2020-10-14 23:02:21 -  231	231
2020-10-14 23:02:21 -  false	141
2020-10-14 23:02:21 -  false	231
2020-10-14 23:02:21 -  141	141
2020-10-14 23:02:21 -  231	231
2020-10-14 23:02:21 -  ip inválido
2020-10-14 23:02:21 -  false	141
2020-10-14 23:02:21 -  231	231
2020-10-14 23:02:21 -  false	141
2020-10-14 23:02:21 -  false	231
2020-10-14 23:02:21 -  141	141
2020-10-14 23:02:21 -  231	231
2020-10-14 23:02:21 -  141	141
2020-10-14 23:02:21 -  false	231
2020-10-14 23:02:21 -  ip inválido
2020-10-14 23:02:21 -  ip inválido
2020-10-14 23:02:21 -  141	141
2020-10-14 23:02:21 -  false	231
2020-10-14 23:02:21 -  false	141
2020-10-14 23:02:21 -  false	231
2020-10-14 23:02:21 -  141	141
2020-10-14 23:02:21 -  false	231
2020-10-14 23:02:21 -  false	141
2020-10-14 23:02:21 -  false	231
2020-10-14 23:02:21 -  false	141
2020-10-14 23:02:21 -  231	231
2020-10-14 23:02:21 -  false	141
2020-10-14 23:02:21 -  false	231
2020-10-14 23:02:21 -  ip inválido
2020-10-14 23:02:21 -  false	141
2020-10-14 23:02:21 -  false	231
2020-10-14 23:02:21 -  false	141
2020-10-14 23:02:21 -  false	231
2020-10-14 23:02:21 -  false	141
2020-10-14 23:02:21 -  false	231
2020-10-14 23:02:21 -  141	141
2020-10-14 23:02:21 -  false	231
2020-10-14 23:02:21 -  false	141
2020-10-14 23:02:21 -  false	231
2020-10-14 23:02:21 -  false	141
2020-10-14 23:02:21 -  231	231
2020-10-14 23:02:21 -  false	141
2020-10-14 23:02:21 -  false	231
2020-10-14 23:02:21 -  141	141
2020-10-14 23:02:21 -  false	231
2020-10-14 23:02:21 -  ip inválido
2020-10-14 23:02:21 -  ip inválido
2020-10-14 23:02:21 -  false	141
2020-10-14 23:02:21 -  false	231
2020-10-14 23:02:21 -  141	141
2020-10-14 23:02:21 -  false	231
2020-10-14 23:02:21 -  ip inválido
2020-10-14 23:02:21 -  ip inválido
2020-10-14 23:02:21 -  ip inválido
2020-10-14 23:02:21 -  ip inválido
2020-10-14 23:02:21 -  141	141
2020-10-14 23:02:21 -  false	231
2020-10-14 23:02:21 -  141	141
2020-10-14 23:02:21 -  231	231
2020-10-14 23:02:21 -  ip inválido
2020-10-14 23:02:21 -  ip inválido
2020-10-14 23:02:21 -  141	141
2020-10-14 23:02:21 -  231	231
2020-10-14 23:02:21 -  false	141
2020-10-14 23:02:21 -  231	231
2020-10-14 23:02:21 -  ip inválido
2020-10-14 23:02:21 -  false	141
2020-10-14 23:02:21 -  false	231
2020-10-14 23:02:21 -  false	141
2020-10-14 23:02:21 -  false	231
2020-10-14 23:02:21 -  141	141
2020-10-14 23:02:21 -  false	231
2020-10-14 23:02:21 -  > Broadcasted message: "Beware! Mawhawk!".
2020-10-14 23:48:53 -  ip inválido
2020-10-14 23:48:53 -  141	141
2020-10-14 23:48:53 -  false	231
2020-10-14 23:48:53 -  141	141
2020-10-14 23:48:53 -  false	231
2020-10-14 23:48:53 -  141	141
2020-10-14 23:48:53 -  231	231
2020-10-14 23:48:53 -  ip inválido
2020-10-14 23:48:53 -  ip inválido
2020-10-14 23:48:53 -  ip inválido
2020-10-14 23:48:53 -  ip inválido
2020-10-14 23:48:53 -  ip inválido
2020-10-14 23:48:53 -  ip inválido
2020-10-14 23:48:53 -  ip inválido
2020-10-14 23:48:53 -  ip inválido
2020-10-14 23:48:53 -  ip inválido
2020-10-14 23:48:53 -  ip inválido
2020-10-14 23:48:53 -  141	141
2020-10-14 23:48:53 -  231	231
2020-10-14 23:48:53 -  false	141
2020-10-14 23:48:53 -  231	231
2020-10-14 23:48:53 -  141	141
2020-10-14 23:48:53 -  231	231
2020-10-14 23:48:53 -  ip inválido
2020-10-14 23:48:53 -  141	141
2020-10-14 23:48:53 -  231	231
2020-10-14 23:48:53 -  141	141
2020-10-14 23:48:53 -  false	231
2020-10-14 23:48:53 -  141	141
2020-10-14 23:48:53 -  231	231
2020-10-14 23:48:53 -  ip inválido
2020-10-14 23:48:53 -  ip inválido
2020-10-14 23:48:53 -  141	141
2020-10-14 23:48:53 -  231	231
2020-10-14 23:48:53 -  false	141
2020-10-14 23:48:53 -  231	231
2020-10-14 23:48:53 -  false	141
2020-10-14 23:48:53 -  false	231
2020-10-14 23:48:53 -  141	141
2020-10-14 23:48:53 -  false	231
2020-10-14 23:48:53 -  141	141
2020-10-14 23:48:53 -  231	231
2020-10-14 23:48:53 -  ip inválido
2020-10-14 23:48:53 -  ip inválido
2020-10-14 23:48:53 -  ip inválido
2020-10-14 23:48:53 -  ip inválido
2020-10-14 23:48:53 -  ip inválido
2020-10-14 23:48:53 -  ip inválido
2020-10-14 23:48:53 -  ip inválido
2020-10-14 23:48:53 -  ip inválido
2020-10-14 23:48:53 -  ip inválido
2020-10-14 23:48:53 -  ip inválido
2020-10-14 23:48:53 -  ip inválido
2020-10-14 23:48:53 -  ip inválido
2020-10-14 23:48:53 -  ip inválido
2020-10-14 23:48:53 -  ip inválido
2020-10-14 23:48:53 -  ip inválido
2020-10-14 23:48:53 -  ip inválido
2020-10-14 23:48:53 -  ip inválido
2020-10-14 23:48:53 -  ip inválido
2020-10-14 23:48:53 -  ip inválido
2020-10-14 23:48:53 -  ip inválido
2020-10-14 23:48:53 -  ip inválido
2020-10-14 23:48:53 -  ip inválido
2020-10-14 23:48:53 -  ip inválido
2020-10-14 23:48:53 -  ip inválido
2020-10-14 23:48:53 -  ip inválido
2020-10-14 23:48:53 -  ip inválido
2020-10-14 23:48:53 -  ip inválido
2020-10-14 23:48:53 -  ip inválido
2020-10-14 23:48:53 -  ip inválido
2020-10-14 23:48:53 -  ip inválido
2020-10-14 23:48:53 -  ip inválido
2020-10-14 23:48:53 -  ip inválido
2020-10-14 23:48:53 -  ip inválido
2020-10-14 23:48:53 -  ip inválido
2020-10-14 23:48:53 -  Dev Marson has logged out.
2020-10-15 00:45:34 -  ip inválido
2020-10-15 00:45:34 -  ip inválido
2020-10-15 00:45:34 -  ip inválido
2020-10-15 00:45:34 -  ip inválido
2020-10-15 00:45:34 -  ip inválido
2020-10-15 00:45:34 -  ip inválido
2020-10-15 00:45:34 -  ip inválido
2020-10-15 00:45:34 -  ip inválido
2020-10-15 00:45:34 -  ip inválido
2020-10-15 00:45:34 -  ip inválido
2020-10-15 00:45:34 -  ip inválido
2020-10-15 00:45:34 -  ip inválido
2020-10-15 00:45:34 -  ip inválido
2020-10-15 00:45:34 -  ip inválido
2020-10-15 00:45:34 -  ip inválido
2020-10-15 00:45:34 -  ip inválido
2020-10-15 00:45:34 -  ip inválido
2020-10-15 00:45:34 -  ip inválido
2020-10-15 00:45:34 -  ip inválido
2020-10-15 00:45:34 -  ip inválido
2020-10-15 00:45:34 -  ip inválido
2020-10-15 00:45:34 -  ip inválido
2020-10-15 00:45:34 -  ip inválido
2020-10-15 00:45:34 -  ip inválido
2020-10-15 00:45:34 -  ip inválido
2020-10-15 00:45:34 -  ip inválido
2020-10-15 00:45:34 -  ip inválido
2020-10-15 00:45:34 -  ip inválido
2020-10-15 00:45:34 -  ip inválido
2020-10-15 00:45:34 -  ip inválido
2020-10-15 00:45:34 -  ip inválido
2020-10-15 00:45:34 -  ip inválido
2020-10-15 00:45:34 -  ip inválido
2020-10-15 00:45:34 -  ip inválido
2020-10-15 00:45:34 -  ip inválido
2020-10-15 00:45:34 -  ip inválido
2020-10-15 00:45:34 -  ip inválido
2020-10-15 00:45:34 -  ip inválido
2020-10-15 00:45:34 -  ip inválido
2020-10-15 00:45:34 -  ip inválido
2020-10-15 00:45:34 -  ip inválido
2020-10-15 00:45:34 -  ip inválido
2020-10-15 00:45:34 -  ip inválido
2020-10-15 00:45:34 -  ip inválido
2020-10-15 00:45:34 -  ip inválido
2020-10-15 00:45:34 -  ip inválido
2020-10-15 00:45:34 -  ip inválido
2020-10-15 00:45:34 -  ip inválido
2020-10-15 00:45:34 -  ip inválido
2020-10-15 00:45:34 -  ip inválido
2020-10-15 00:45:34 -  ip inválido
2020-10-15 00:45:34 -  ip inválido
2020-10-15 00:45:34 -  ip inválido
2020-10-15 00:45:34 -  ip inválido
2020-10-15 00:45:34 -  ip inválido
2020-10-15 00:45:34 -  ip inválido
2020-10-15 00:45:34 -  
2020-10-15 00:45:34 -  Lua Script Error: [GlobalEvent Interface] 
2020-10-15 00:45:34 -  data/globalevents/scripts/Ghulosh.lua:onThink
2020-10-15 00:45:34 -  data/globalevents/scripts/Ghulosh.lua:34: attempt to index local 'boss' (a nil value)
2020-10-15 00:45:34 -  stack traceback:
2020-10-15 00:45:34 -  	[C]: in function '__index'
2020-10-15 00:45:34 -  	data/globalevents/scripts/Ghulosh.lua:34: in function <data/globalevents/scripts/Ghulosh.lua:21>
2020-10-15 00:45:34 -  [Error - GlobalEvents::think] Failed to execute event: Ghulosh
2020-10-15 00:45:34 -  
2020-10-15 00:45:34 -  Lua Script Error: [GlobalEvent Interface] 
2020-10-15 00:45:34 -  data/globalevents/scripts/Mazzinor.lua:onThink
2020-10-15 00:45:34 -  data/globalevents/scripts/Mazzinor.lua:34: attempt to index local 'boss' (a nil value)
2020-10-15 00:45:34 -  stack traceback:
2020-10-15 00:45:34 -  	[C]: in function '__index'
2020-10-15 00:45:34 -  	data/globalevents/scripts/Mazzinor.lua:34: in function <data/globalevents/scripts/Mazzinor.lua:21>
2020-10-15 00:45:34 -  [Error - GlobalEvents::think] Failed to execute event: Mazzinor
2020-10-15 00:45:34 -  ip inválido
2020-10-15 00:45:34 -  
2020-10-15 00:45:34 -  Lua Script Error: [GlobalEvent Interface] 
2020-10-15 00:45:34 -  data/globalevents/scripts/Gorzindel.lua:onThink
2020-10-15 00:45:34 -  data/globalevents/scripts/Gorzindel.lua:34: attempt to index local 'boss' (a nil value)
2020-10-15 00:45:34 -  stack traceback:
2020-10-15 00:45:34 -  	[C]: in function '__index'
2020-10-15 00:45:34 -  	data/globalevents/scripts/Gorzindel.lua:34: in function <data/globalevents/scripts/Gorzindel.lua:21>
2020-10-15 00:45:34 -  [Error - GlobalEvents::think] Failed to execute event: Gorzindel
2020-10-15 00:45:34 -  
2020-10-15 00:45:34 -  Lua Script Error: [GlobalEvent Interface] 
2020-10-15 00:45:34 -  data/globalevents/scripts/Lokathmor.lua:onThink
2020-10-15 00:45:34 -  data/globalevents/scripts/Lokathmor.lua:34: attempt to index local 'boss' (a nil value)
2020-10-15 00:45:34 -  stack traceback:
2020-10-15 00:45:34 -  	[C]: in function '__index'
2020-10-15 00:45:34 -  	data/globalevents/scripts/Lokathmor.lua:34: in function <data/globalevents/scripts/Lokathmor.lua:21>
2020-10-15 00:45:34 -  [Error - GlobalEvents::think] Failed to execute event: Lokathmor
2020-10-15 00:45:34 -  
2020-10-15 00:45:34 -  Lua Script Error: [GlobalEvent Interface] 
2020-10-15 00:45:34 -  data/globalevents/scripts/The Scourge Of Oblivion.lua:onThink
2020-10-15 00:45:34 -  data/globalevents/scripts/The Scourge Of Oblivion.lua:34: attempt to index local 'boss' (a nil value)
2020-10-15 00:45:34 -  stack traceback:
2020-10-15 00:45:34 -  	[C]: in function '__index'
2020-10-15 00:45:34 -  	data/globalevents/scripts/The Scourge Of Oblivion.lua:34: in function <data/globalevents/scripts/The Scourge Of Oblivion.lua:21>
2020-10-15 00:45:34 -  [Error - GlobalEvents::think] Failed to execute event: The Scourge Of Oblivion
2020-10-15 02:28:21 -  ip inválido
2020-10-15 02:28:21 -  ip inválido
2020-10-15 02:28:21 -  ip inválido
2020-10-15 02:28:21 -  ip inválido
2020-10-15 02:28:21 -  ip inválido
2020-10-15 02:28:21 -  ip inválido
2020-10-15 02:28:21 -  ip inválido
2020-10-15 02:28:21 -  ip inválido
2020-10-15 02:28:21 -  ip inválido
2020-10-15 02:28:21 -  ip inválido
2020-10-15 02:28:21 -  ip inválido
2020-10-15 02:28:21 -  ip inválido
2020-10-15 02:28:21 -  ip inválido
2020-10-15 02:28:21 -  ip inválido
2020-10-15 02:28:21 -  ip inválido
2020-10-15 02:28:21 -  ip inválido
2020-10-15 02:28:21 -  ip inválido
2020-10-15 02:28:21 -  ip inválido
2020-10-15 02:28:21 -  ip inválido
2020-10-15 02:28:21 -  ip inválido
2020-10-15 02:28:21 -  ip inválido
2020-10-15 02:28:21 -  ip inválido
2020-10-15 02:28:21 -  ip inválido
2020-10-15 02:28:21 -  ip inválido
2020-10-15 02:28:21 -  ip inválido
2020-10-15 02:28:21 -  ip inválido
2020-10-15 02:28:21 -  ip inválido
2020-10-15 02:28:21 -  ip inválido
2020-10-15 02:28:21 -  ip inválido
2020-10-15 02:28:21 -  ip inválido
2020-10-15 02:28:21 -  ip inválido
2020-10-15 02:28:21 -  ip inválido
2020-10-15 02:28:21 -  ip inválido
2020-10-15 02:28:21 -  ip inválido
2020-10-15 02:28:21 -  ip inválido
2020-10-15 02:28:21 -  ip inválido
2020-10-15 02:28:21 -  ip inválido
2020-10-15 02:28:21 -  ip inválido
2020-10-15 02:28:21 -  ip inválido
2020-10-15 02:28:21 -  ip inválido
2020-10-15 02:28:21 -  ip inválido
2020-10-15 02:28:21 -  ip inválido
2020-10-15 02:28:21 -  ip inválido
2020-10-15 02:28:21 -  ip inválido
2020-10-15 02:28:21 -  ip inválido
2020-10-15 02:28:21 -  ip inválido
2020-10-15 02:28:21 -  ip inválido
2020-10-15 02:28:21 -  ip inválido
2020-10-15 02:28:21 -  ip inválido
2020-10-15 02:28:21 -  ip inválido
2020-10-15 02:28:21 -  ip inválido
2020-10-15 02:28:21 -  ip inválido
2020-10-15 02:28:21 -  ip inválido
2020-10-15 02:28:21 -  ip inválido
2020-10-15 02:28:21 -  ip inválido
2020-10-15 02:28:21 -  ip inválido
2020-10-15 02:28:21 -  ip inválido
2020-10-15 02:28:21 -  ip inválido
2020-10-15 02:28:21 -  ip inválido
2020-10-15 02:28:21 -  ip inválido
2020-10-15 02:28:21 -  ip inválido
2020-10-15 02:28:21 -  ip inválido
2020-10-15 02:28:21 -  ip inválido
2020-10-15 02:28:21 -  ip inválido
2020-10-15 02:28:21 -  ip inválido
2020-10-15 02:28:21 -  ip inválido
2020-10-15 02:28:21 -  ip inválido
2020-10-15 02:28:21 -  ip inválido
2020-10-15 02:28:21 -  ip inválido
2020-10-15 02:28:21 -  ip inválido
2020-10-15 02:28:21 -  ip inválido
2020-10-15 02:28:21 -  ip inválido
2020-10-15 02:28:21 -  ip inválido
2020-10-15 02:28:21 -  ip inválido
2020-10-15 02:28:21 -  ip inválido
2020-10-15 02:28:21 -  ip inválido
2020-10-15 02:28:21 -  ip inválido
2020-10-15 02:28:21 -  ip inválido
2020-10-15 02:28:21 -  ip inválido
2020-10-15 02:28:21 -  ip inválido
2020-10-15 02:28:21 -  ip inválido
2020-10-15 02:28:21 -  ip inválido
2020-10-15 02:28:21 -  ip inválido
2020-10-15 02:28:21 -  ip inválido
2020-10-15 02:28:21 -  ip inválido
2020-10-15 02:28:21 -  ip inválido
2020-10-15 02:28:21 -  ip inválido
2020-10-15 02:28:21 -  ip inválido
2020-10-15 02:28:21 -  ip inválido
2020-10-15 02:28:21 -  ip inválido
2020-10-15 02:28:21 -  ip inválido
2020-10-15 02:28:21 -  ip inválido
2020-10-15 02:28:21 -  ip inválido
2020-10-15 02:28:21 -  ip inválido
2020-10-15 02:28:21 -  ip inválido
2020-10-15 02:28:21 -  ip inválido
2020-10-15 02:28:21 -  ip inválido
2020-10-15 02:28:21 -  ip inválido
2020-10-15 02:28:21 -  ip inválido
2020-10-15 02:28:21 -  ip inválido
2020-10-15 02:28:21 -  ip inválido
2020-10-15 02:28:21 -  ip inválido
2020-10-15 02:28:21 -  > Broadcasted message: "Something is moving in the depths of the sea around Liberty Bay".
2020-10-15 02:28:40 -  ip inválido
2020-10-15 02:28:40 -  > Broadcasted message: "Numerous Quara fins have been sighted in the seas around Liberty Bay.".
2020-10-15 02:29:20 -  > Broadcasted message: "Quara emerged from the sea to attack Liberty Bay.".
2020-10-15 05:02:22 -  ip inválido
2020-10-15 05:02:22 -  ip inválido
2020-10-15 05:02:22 -  ip inválido
2020-10-15 05:02:22 -  ip inválido
2020-10-15 05:02:22 -  ip inválido
2020-10-15 05:02:22 -  ip inválido
2020-10-15 05:02:22 -  ip inválido
2020-10-15 05:02:22 -  ip inválido
2020-10-15 05:02:22 -  ip inválido
2020-10-15 05:02:22 -  ip inválido
2020-10-15 05:02:22 -  ip inválido
2020-10-15 05:02:22 -  ip inválido
2020-10-15 05:02:22 -  ip inválido
2020-10-15 05:02:22 -  ip inválido
2020-10-15 05:02:22 -  ip inválido
2020-10-15 05:02:22 -  ip inválido
2020-10-15 05:02:22 -  ip inválido
2020-10-15 05:02:22 -  ip inválido
2020-10-15 05:02:22 -  ip inválido
2020-10-15 05:02:22 -  ip inválido
2020-10-15 05:02:22 -  ip inválido
2020-10-15 05:02:22 -  ip inválido
2020-10-15 05:02:22 -  ip inválido
2020-10-15 05:02:22 -  ip inválido
2020-10-15 05:02:22 -  ip inválido
2020-10-15 05:02:22 -  ip inválido
2020-10-15 05:02:22 -  ip inválido
2020-10-15 05:02:22 -  ip inválido
2020-10-15 05:02:22 -  ip inválido
2020-10-15 05:02:22 -  ip inválido
2020-10-15 05:02:22 -  ip inválido
2020-10-15 05:02:22 -  ip inválido
2020-10-15 05:02:22 -  ip inválido
2020-10-15 05:02:22 -  ip inválido
2020-10-15 05:02:22 -  ip inválido
2020-10-15 05:02:22 -  ip inválido
2020-10-15 05:02:22 -  ip inválido
2020-10-15 05:02:22 -  ip inválido
2020-10-15 05:02:22 -  ip inválido
2020-10-15 05:02:22 -  ip inválido
2020-10-15 05:02:22 -  ip inválido
2020-10-15 05:02:22 -  ip inválido
2020-10-15 05:02:22 -  ip inválido
2020-10-15 05:02:22 -  ip inválido
2020-10-15 05:02:22 -  ip inválido
2020-10-15 05:02:22 -  ip inválido
2020-10-15 05:02:22 -  ip inválido
2020-10-15 05:02:22 -  ip inválido
2020-10-15 05:02:22 -  ip inválido
2020-10-15 05:02:22 -  ip inválido
2020-10-15 05:02:22 -  ip inválido
2020-10-15 05:02:22 -  ip inválido
2020-10-15 05:02:22 -  ip inválido
2020-10-15 05:02:22 -  ip inválido
2020-10-15 05:02:22 -  ip inválido
2020-10-15 05:02:22 -  ip inválido
2020-10-15 05:02:22 -  ip inválido
2020-10-15 05:02:22 -  ip inválido
2020-10-15 05:02:22 -  ip inválido
2020-10-15 05:02:22 -  ip inválido
2020-10-15 05:02:22 -  ip inválido
2020-10-15 05:02:22 -  ip inválido
2020-10-15 05:02:22 -  ip inválido
2020-10-15 05:02:22 -  ip inválido
2020-10-15 05:02:22 -  ip inválido
2020-10-15 05:02:22 -  ip inválido
2020-10-15 05:02:22 -  ip inválido
2020-10-15 05:02:22 -  ip inválido
2020-10-15 05:02:22 -  ip inválido
2020-10-15 05:02:22 -  ip inválido
2020-10-15 05:02:22 -  ip inválido
2020-10-15 05:02:22 -  ip inválido
2020-10-15 05:02:22 -  ip inválido
2020-10-15 05:02:22 -  ip inválido
2020-10-15 05:02:22 -  ip inválido
2020-10-15 05:02:22 -  ip inválido
2020-10-15 05:02:22 -  ip inválido
2020-10-15 05:02:22 -  ip inválido
2020-10-15 05:02:22 -  ip inválido
2020-10-15 05:02:22 -  ip inválido
2020-10-15 05:02:22 -  ip inválido
2020-10-15 05:02:22 -  ip inválido
2020-10-15 05:02:22 -  ip inválido
2020-10-15 05:02:22 -  ip inválido
2020-10-15 05:02:22 -  ip inválido
2020-10-15 05:02:22 -  ip inválido
2020-10-15 05:02:22 -  ip inválido
2020-10-15 05:02:22 -  ip inválido
2020-10-15 05:02:22 -  ip inválido
2020-10-15 05:02:22 -  ip inválido
2020-10-15 05:02:22 -  ip inválido
2020-10-15 05:02:22 -  ip inválido
2020-10-15 05:02:22 -  ip inválido
2020-10-15 05:02:22 -  ip inválido
2020-10-15 05:02:22 -  ip inválido
2020-10-15 05:02:22 -  ip inválido
2020-10-15 05:02:22 -  ip inválido
2020-10-15 05:02:22 -  ip inválido
2020-10-15 05:02:22 -  ip inválido
2020-10-15 05:02:22 -  ip inválido
2020-10-15 05:02:22 -  ip inválido
2020-10-15 05:02:22 -  ip inválido
2020-10-15 05:02:22 -  ip inválido
2020-10-15 05:02:22 -  ip inválido
2020-10-15 05:02:22 -  ip inválido
2020-10-15 05:02:22 -  ip inválido
2020-10-15 05:02:22 -  ip inválido
2020-10-15 05:02:22 -  ip inválido
2020-10-15 05:02:22 -  ip inválido
2020-10-15 05:02:22 -  ip inválido
2020-10-15 05:02:22 -  ip inválido
2020-10-15 05:02:22 -  ip inválido
2020-10-15 05:02:22 -  ip inválido
2020-10-15 05:02:22 -  ip inválido
2020-10-15 05:02:22 -  ip inválido
2020-10-15 05:02:22 -  ip inválido
2020-10-15 05:02:22 -  ip inválido
2020-10-15 05:02:22 -  ip inválido
2020-10-15 05:02:22 -  ip inválido
2020-10-15 05:02:22 -  ip inválido
2020-10-15 05:02:22 -  ip inválido
2020-10-15 05:02:22 -  ip inválido
2020-10-15 05:02:22 -  ip inválido
2020-10-15 05:02:22 -  ip inválido
2020-10-15 05:02:22 -  ip inválido
2020-10-15 05:02:22 -  ip inválido
2020-10-15 05:02:22 -  ip inválido
2020-10-15 05:02:22 -  ip inválido
2020-10-15 05:02:22 -  ip inválido
2020-10-15 05:02:22 -  ip inválido
2020-10-15 05:02:22 -  ip inválido
2020-10-15 05:02:22 -  ip inválido
2020-10-15 05:02:22 -  ip inválido
2020-10-15 05:02:22 -  ip inválido
2020-10-15 05:02:22 -  ip inválido
2020-10-15 05:02:22 -  ip inválido
2020-10-15 05:02:22 -  ip inválido
2020-10-15 05:02:22 -  ip inválido
2020-10-15 05:02:22 -  ip inválido
2020-10-15 05:02:22 -  ip inválido
2020-10-15 05:02:22 -  ip inválido
2020-10-15 05:02:22 -  ip inválido
2020-10-15 05:02:22 -  ip inválido
2020-10-15 05:02:22 -  ip inválido
2020-10-15 05:02:22 -  ip inválido
2020-10-15 05:02:22 -  ip inválido
2020-10-15 05:02:22 -  ip inválido
2020-10-15 05:02:22 -  ip inválido
2020-10-15 05:02:22 -  ip inválido
2020-10-15 05:02:22 -  ip inválido
2020-10-15 05:02:22 -  ip inválido
2020-10-15 05:02:22 -  ip inválido
2020-10-15 05:02:22 -  ip inválido
2020-10-15 05:02:22 -  > Broadcasted message: "An ancient evil is awakening in the grimvale mines.".
2020-10-15 05:02:51 -  ip inválido
2020-10-15 05:02:51 -  > Broadcasted message: "Werewolfs entities are entering the mortal realm in the grimvale mines.".
2020-10-15 05:03:21 -  > Broadcasted message: "The Feroxa master has revealed itself in the mines of grimvale.".
2020-10-15 05:05:00 -  ip inválido
2020-10-15 05:05:00 -  ip inválido
2020-10-15 05:05:00 -  Saving server...
2020-10-15 05:05:01 -  > Saved house items in: 1.102 s
2020-10-15 05:05:01 -  Nosferatu has logged out.
2020-10-15 05:05:01 -  Saving server...
2020-10-15 05:05:02 -  > Saved house items in: 0.319 s
2020-10-15 05:05:02 -  eu sou o checkname
2020-10-15 05:05:02 -  Shutting down...Saving server...
2020-10-15 05:05:02 -  > Saved house items in: 0.268 s
2020-10-15 05:05:02 -  [Thread 0x7ffff2ba7700 (LWP 8105) exited]
2020-10-15 05:05:02 -  [Thread 0x7ffff35ba700 (LWP 8104) exited]
2020-10-15 05:05:02 -   done!
2020-10-15 05:05:02 -  [Thread 0x7ffff3dbb700 (LWP 8103) exited]
2020-10-15 05:05:53 -  [Inferior 1 (process 8099) exited normally]
