2020-10-05 15:07:02 -  [Thread debugging using libthread_db enabled]
2020-10-05 15:07:02 -  Using host libthread_db library "/lib/x86_64-linux-gnu/libthread_db.so.1".
2020-10-05 15:07:02 -  [New Thread 0x7ffff3dbb700 (LWP 6427)]
2020-10-05 15:07:02 -  [New Thread 0x7ffff35ba700 (LWP 6428)]
2020-10-05 15:07:02 -  The OTG-Premium-Version - Version: (1.3)
2020-10-05 15:07:02 -  Compiled with: GNU C++ version 5.4.0 20160609
2020-10-05 15:07:02 -  Compiled on Sep 17 2020 19:49:36 for platform x64
2020-10-05 15:07:02 -  
2020-10-05 15:07:02 -  Special Credits for: OTG Team, Johncore, Vankk, Erick Nunes, Leonardo Pereira, Leandro Baldissera, Talis, Marcomoa, Marson Schneider, Douglas, Mark Samman, OTXServer (Mattyx Gomez) and The Forgotten Server Developers.
2020-10-05 15:07:02 -  Link of repository: https://github.com/Johncorex/OTG-Premium-Version
2020-10-05 15:07:02 -  
2020-10-05 15:07:02 -  >> Loading config: config.lua
2020-10-05 15:07:02 -  >> Establishing database connection... MySQL 5.7.31
2020-10-05 15:07:02 -  >> Running database manager
2020-10-05 15:07:02 -  [New Thread 0x7ffff2ba7700 (LWP 6429)]
2020-10-05 15:07:02 -  > Optimizing table players_online... [success]
2020-10-05 15:07:02 -  > Optimizing table tile_store... [success]
2020-10-05 15:07:02 -  >> Loading vocations
2020-10-05 15:07:02 -  >> Loading items
2020-10-05 15:07:02 -  >> Loading script systems
2020-10-05 15:07:02 -  >> Loading lua libs
2020-10-05 15:07:03 -  [Warning - Event::checkScript] Can not load script: scripts/expboostaction.lua
2020-10-05 15:07:03 -  cannot open data/actions/scripts/expboostaction.lua: No such file or directory
2020-10-05 15:07:04 -  >> Loading lua scripts
2020-10-05 15:07:04 -  >> Loading monsters
2020-10-05 15:07:04 -  >> Loading lua monsters
2020-10-05 15:07:04 -  >> Loading outfits
2020-10-05 15:07:04 -  >> Loading prey data
2020-10-05 15:07:04 -  >> Checking world type... PVP
2020-10-05 15:07:04 -  >> Loading map
2020-10-05 15:07:06 -  > Map size: 34143x33812.
2020-10-05 15:07:12 -  > Map loading time: 7.431 seconds.
2020-10-05 15:07:47 -  > Loaded house items in: 0.107 s
2020-10-05 15:07:47 -  >> Initializing gamestate
2020-10-05 15:07:51 -  >> Loaded 43 npcs and spawned 72496 monsters.
2020-10-05 15:07:51 -  >> Loaded 27 towns with 1074 houses in total.
2020-10-05 15:07:51 -  [Castle War]
2020-10-05 15:07:51 -  [POWERGAMERS]
2020-10-05 15:07:51 -  [SISTEMA DE LOTERIA] OPERANTE
2020-10-05 15:07:51 -  Advanced NPC spawn system | All NPCs will be loaded trough lib.
2020-10-05 15:07:51 -  [REGEN BOOST] CARREGADO
2020-10-05 15:07:51 -  [SPOOF COUNTER]
2020-10-05 15:07:51 -  [STAMINA]
2020-10-05 15:07:51 -  >> Loaded all modules, server starting up...
2020-10-05 15:07:51 -  > Warning: OTG-Premium-Version has been executed as root user, please consider running it as a normal user.
2020-10-05 15:07:51 -  >> Honera Global Server Online!
2020-10-05 15:07:51 -  
2020-10-05 15:07:52 -  Jackie Chan has logged in.
2020-10-05 15:07:54 -  SABADOU!! NPC HONERA CRIADO
2020-10-05 15:07:54 -  Flash has logged in.
2020-10-05 15:07:54 -  Scooby Doo has logged in.
2020-10-05 15:07:54 -  Arrow has logged in.
2020-10-05 15:07:54 -  Yostknot has logged in.
2020-10-05 15:07:54 -  Dev Marson has logged in.
2020-10-05 15:07:54 -  Nobre Cavalheiro has logged in.
2020-10-05 15:07:54 -  Top Spin has logged in.
2020-10-05 15:08:02 -  Midas has logged in.
2020-10-05 15:08:02 -  Robalo has logged in.
2020-10-05 15:13:09 -  
2020-10-05 15:13:09 -  Lua Script Error: [Event Interface] 
2020-10-05 15:13:09 -  data/events/scripts/player.lua:Player@onMoveItem
2020-10-05 15:13:09 -  data/events/scripts/player.lua:428: attempt to index local 'nitem' (a number value)
2020-10-05 15:13:09 -  stack traceback:
2020-10-05 15:13:09 -  	[C]: in function '__index'
2020-10-05 15:13:09 -  	data/events/scripts/player.lua:428: in function <data/events/scripts/player.lua:282>
2020-10-05 15:13:11 -  
2020-10-05 15:13:11 -  Lua Script Error: [Event Interface] 
2020-10-05 15:13:11 -  data/events/scripts/player.lua:Player@onMoveItem
2020-10-05 15:13:11 -  data/events/scripts/player.lua:428: attempt to index local 'nitem' (a number value)
2020-10-05 15:13:11 -  stack traceback:
2020-10-05 15:13:11 -  	[C]: in function '__index'
2020-10-05 15:13:11 -  	data/events/scripts/player.lua:428: in function <data/events/scripts/player.lua:282>
2020-10-05 15:31:56 -  MAILSYSTEM Dev Marson
2020-10-05 15:31:56 -  MAILSYSTEM Dev Marson
2020-10-05 15:31:56 -  MAILSYSTEM Dev Marson
2020-10-05 15:31:56 -  MAILSYSTEM Dev Marson
2020-10-05 15:31:56 -  Nosferatu has logged in.
2020-10-05 15:40:52 -  > Broadcasted message: "Let da mashing begin! Cyclops riot east of Thais.".
2020-10-05 15:54:18 -  
2020-10-05 15:54:18 -  Lua Script Error: [Action Interface] 
2020-10-05 15:54:18 -  data/actions/scripts/rewardchest.lua:onUse
2020-10-05 15:54:18 -  data/actions/scripts/rewardchest.lua:2: attempt to call method 'updateRewardChest' (a nil value)
2020-10-05 15:54:18 -  stack traceback:
2020-10-05 15:54:18 -  	[C]: in function 'updateRewardChest'
2020-10-05 15:54:18 -  	data/actions/scripts/rewardchest.lua:2: in function <data/actions/scripts/rewardchest.lua:1>
2020-10-05 15:54:24 -  
2020-10-05 15:54:24 -  Lua Script Error: [Action Interface] 
2020-10-05 15:54:24 -  data/actions/scripts/rewardchest.lua:onUse
2020-10-05 15:54:24 -  data/actions/scripts/rewardchest.lua:2: attempt to call method 'updateRewardChest' (a nil value)
2020-10-05 15:54:24 -  stack traceback:
2020-10-05 15:54:24 -  	[C]: in function 'updateRewardChest'
2020-10-05 15:54:24 -  	data/actions/scripts/rewardchest.lua:2: in function <data/actions/scripts/rewardchest.lua:1>
2020-10-05 16:09:59 -  [Debug - Game::internalDecayItem] internalDecayItem failed, error code: 1, item id: 29057
2020-10-05 16:10:00 -  [Debug - Game::internalDecayItem] internalDecayItem failed, error code: 1, item id: 29057
2020-10-05 16:14:09 -  [Debug - Game::internalDecayItem] internalDecayItem failed, error code: 1, item id: 29057
2020-10-05 16:14:51 -  [Debug - Game::internalDecayItem] internalDecayItem failed, error code: 1, item id: 29057
2020-10-05 16:14:51 -  [Debug - Game::internalDecayItem] internalDecayItem failed, error code: 1, item id: 29057
2020-10-05 16:15:23 -  Dev Marson has logged out.
2020-10-05 16:15:38 -  Dev Marson has logged in.
2020-10-05 16:20:06 -  [Debug - Game::internalDecayItem] internalDecayItem failed, error code: 1, item id: 2056
2020-10-05 16:20:06 -  Dev Marson has logged out.
2020-10-05 16:20:14 -  
2020-10-05 16:20:14 -  Thread 2 "tfs" received signal SIGSEGV, Segmentation fault.
2020-10-05 16:20:14 -  [Switching to Thread 0x7ffff3dbb700 (LWP 6427)]
2020-10-05 16:20:14 -  0x000000000059b718 in Game::internalRemoveItem(Item*, int, bool, unsigned int) (this=this@entry=0x8e7760 <g_game>, item=item@entry=0x7fffae1941e0, count=count@entry=-1, test=test@entry=false, flags=flags@entry=0) at /home/otg/src/game.cpp:1422
2020-10-05 16:20:14 -  1422		Tile* fromTile = cylinder->getTile();
2020-10-05 16:20:15 -  
2020-10-05 16:20:15 -  Thread 4 (Thread 0x7ffff2ba7700 (LWP 6429)):
2020-10-05 16:20:15 -  #0  pthread_cond_wait@@GLIBC_2.3.2 () at ../sysdeps/unix/sysv/linux/x86_64/pthread_cond_wait.S:185
2020-10-05 16:20:15 -  No locals.
2020-10-05 16:20:15 -  #1  0x00007ffff5e7491c in std::condition_variable::wait(std::unique_lock<std::mutex>&) () from /usr/lib/x86_64-linux-gnu/libstdc++.so.6
2020-10-05 16:20:15 -  No symbol table info available.
2020-10-05 16:20:15 -  #2  0x00000000006228bf in DatabaseTasks::threadMain() (this=0x8e39a0 <g_databaseTasks>) at /home/otg/src/databasetasks.cpp:42
2020-10-05 16:20:15 -          taskLockUnique = {_M_device = 0x8e3a08 <g_databaseTasks+104>, _M_owns = true}
2020-10-05 16:20:15 -  #3  0x00007ffff5e79c80 in ?? () from /usr/lib/x86_64-linux-gnu/libstdc++.so.6
2020-10-05 16:20:15 -  No symbol table info available.
2020-10-05 16:20:15 -  #4  0x00007ffff614a6ba in start_thread (arg=0x7ffff2ba7700) at pthread_create.c:333
2020-10-05 16:20:15 -          __res = <optimized out>
2020-10-05 16:20:15 -          pd = 0x7ffff2ba7700
2020-10-05 16:20:15 -          now = <optimized out>
2020-10-05 16:20:15 -          unwind_buf = {cancel_jmp_buf = {{jmp_buf = {140737265694464, -6355248030272489508, 0, 140737284647471, 140737265695168, 9334528, 6355277136703223772, 6355269291652249564}, mask_was_saved = 0}}, priv = {pad = {0x0, 0x0, 0x0, 0x0}, data = {prev = 0x0, cleanup = 0x0, canceltype = 0}}}
2020-10-05 16:20:15 -          not_first_call = <optimized out>
2020-10-05 16:20:15 -          pagesize_m1 = <optimized out>
2020-10-05 16:20:15 -          sp = <optimized out>
2020-10-05 16:20:15 -          freesize = <optimized out>
2020-10-05 16:20:15 -          __PRETTY_FUNCTION__ = "start_thread"
2020-10-05 16:20:15 -  #5  0x00007ffff7b144dd in clone () at ../sysdeps/unix/sysv/linux/x86_64/clone.S:109
2020-10-05 16:20:15 -  No locals.
2020-10-05 16:20:15 -  
2020-10-05 16:20:15 -  Thread 3 (Thread 0x7ffff35ba700 (LWP 6428)):
2020-10-05 16:20:15 -  #0  pthread_cond_timedwait@@GLIBC_2.3.2 () at ../sysdeps/unix/sysv/linux/x86_64/pthread_cond_timedwait.S:225
2020-10-05 16:20:15 -  No locals.
2020-10-05 16:20:15 -  #1  0x0000000000506210 in __gthread_cond_timedwait () at /usr/include/x86_64-linux-gnu/c++/5/bits/gthr-default.h:871
2020-10-05 16:20:15 -  No locals.
2020-10-05 16:20:15 -  #2  std::condition_variable::__wait_until_impl (__atime=..., __lock=..., this=0x8e6fa0 <g_scheduler+64>) at /usr/include/c++/5/condition_variable:165
2020-10-05 16:20:15 -          __ts = {tv_sec = 1601929214, tv_nsec = 725248360}
2020-10-05 16:20:15 -  #3  std::condition_variable::wait_until<std::chrono::duration<long, std::ratio<1l, 1000000000l> > > () at /usr/include/c++/5/condition_variable:105
2020-10-05 16:20:15 -          __lock = @0x7ffff35b9e90: {_M_device = 0x8e6f78 <g_scheduler+24>, _M_owns = true}
2020-10-05 16:20:15 -          this = 0x8e6fa0 <g_scheduler+64>
2020-10-05 16:20:15 -  #4  Scheduler::threadMain (this=0x8e6f60 <g_scheduler>) at /home/otg/src/scheduler.cpp:36
2020-10-05 16:20:15 -          ret = std::cv_status::no_timeout
2020-10-05 16:20:15 -          eventLockUnique = {_M_device = 0x8e6f78 <g_scheduler+24>, _M_owns = true}
2020-10-05 16:20:15 -  #5  0x00007ffff5e79c80 in ?? () from /usr/lib/x86_64-linux-gnu/libstdc++.so.6
2020-10-05 16:20:15 -  No symbol table info available.
2020-10-05 16:20:15 -  #6  0x00007ffff614a6ba in start_thread (arg=0x7ffff35ba700) at pthread_create.c:333
2020-10-05 16:20:15 -          __res = <optimized out>
2020-10-05 16:20:15 -          pd = 0x7ffff35ba700
2020-10-05 16:20:15 -          now = <optimized out>
2020-10-05 16:20:15 -          unwind_buf = {cancel_jmp_buf = {{jmp_buf = {140737276258048, -6355248030272489508, 0, 140737488346847, 140737276258752, 9437376, 6355275209873520604, 6355269291652249564}, mask_was_saved = 0}}, priv = {pad = {0x0, 0x0, 0x0, 0x0}, data = {prev = 0x0, cleanup = 0x0, canceltype = 0}}}
2020-10-05 16:20:15 -          not_first_call = <optimized out>
2020-10-05 16:20:15 -          pagesize_m1 = <optimized out>
2020-10-05 16:20:15 -          sp = <optimized out>
2020-10-05 16:20:15 -          freesize = <optimized out>
2020-10-05 16:20:15 -          __PRETTY_FUNCTION__ = "start_thread"
2020-10-05 16:20:15 -  #7  0x00007ffff7b144dd in clone () at ../sysdeps/unix/sysv/linux/x86_64/clone.S:109
2020-10-05 16:20:15 -  No locals.
2020-10-05 16:20:15 -  
2020-10-05 16:20:15 -  Thread 2 (Thread 0x7ffff3dbb700 (LWP 6427)):
2020-10-05 16:20:15 -  #0  0x000000000059b718 in Game::internalRemoveItem(Item*, int, bool, unsigned int) (this=this@entry=0x8e7760 <g_game>, item=item@entry=0x7fffae1941e0, count=count@entry=-1, test=test@entry=false, flags=flags@entry=0) at /home/otg/src/game.cpp:1422
2020-10-05 16:20:15 -          cylinder = 0x7fff9e9b2708
2020-10-05 16:20:15 -          fromTile = 0x8e6f78 <g_scheduler+24>
2020-10-05 16:20:15 -          ret = <optimized out>
2020-10-05 16:20:15 -  #1  0x00000000005b11c7 in Game::internalDecayItem(Item*) (this=0x8e7760 <g_game>, item=0x7fffae1941e0) at /home/otg/src/game.cpp:4920
2020-10-05 16:20:15 -          ret = <optimized out>
2020-10-05 16:20:15 -          it = <optimized out>
2020-10-05 16:20:15 -  #2  0x00000000005b140b in Game::checkDecay() (this=0x8e7760 <g_game>) at /home/otg/src/game.cpp:4953
2020-10-05 16:20:15 -          item = 0x7fffae1941e0
2020-10-05 16:20:15 -          duration = <optimized out>
2020-10-05 16:20:15 -          bucket = 1
2020-10-05 16:20:15 -          it = {_M_node = 0x7fff63857b20}
2020-10-05 16:20:15 -          end = {_M_node = 0x8e7bf8 <g_game+1176>}
2020-10-05 16:20:15 -  #3  0x000000000055af2d in std::function<void ()>::operator()() const () at /usr/include/c++/5/functional:2267
2020-10-05 16:20:15 -          this = 0x7fff6054bd10
2020-10-05 16:20:15 -  #4  Task::operator()() () at /home/otg/src/tasks.h:42
2020-10-05 16:20:15 -          this = 0x7fff6054bd00
2020-10-05 16:20:15 -  #5  Dispatcher::threadMain() (this=0x8e6ec0 <g_dispatcher>) at /home/otg/src/tasks.cpp:62
2020-10-05 16:20:15 -          task = 0x7fff6054bd00
2020-10-05 16:20:15 -          taskLockUnique = {_M_device = 0x8e6ed8 <g_dispatcher+24>, _M_owns = false}
2020-10-05 16:20:15 -  #6  0x00007ffff5e79c80 in ?? () from /usr/lib/x86_64-linux-gnu/libstdc++.so.6
2020-10-05 16:20:15 -  No symbol table info available.
2020-10-05 16:20:15 -  #7  0x00007ffff614a6ba in start_thread (arg=0x7ffff3dbb700) at pthread_create.c:333
2020-10-05 16:20:15 -          __res = <optimized out>
2020-10-05 16:20:15 -          pd = 0x7ffff3dbb700
2020-10-05 16:20:15 -          now = <optimized out>
2020-10-05 16:20:15 -          unwind_buf = {cancel_jmp_buf = {{jmp_buf = {140737284650752, -6355248030272489508, 0, 140737488346847, 140737284651456, 9437376, 6355274110898763740, 6355269291652249564}, mask_was_saved = 0}}, priv = {pad = {0x0, 0x0, 0x0, 0x0}, data = {prev = 0x0, cleanup = 0x0, canceltype = 0}}}
2020-10-05 16:20:15 -          not_first_call = <optimized out>
2020-10-05 16:20:15 -          pagesize_m1 = <optimized out>
2020-10-05 16:20:15 -          sp = <optimized out>
2020-10-05 16:20:15 -          freesize = <optimized out>
2020-10-05 16:20:15 -          __PRETTY_FUNCTION__ = "start_thread"
2020-10-05 16:20:15 -  #8  0x00007ffff7b144dd in clone () at ../sysdeps/unix/sysv/linux/x86_64/clone.S:109
2020-10-05 16:20:15 -  No locals.
2020-10-05 16:20:15 -  
2020-10-05 16:20:15 -  Thread 1 (Thread 0x7ffff7fe6740 (LWP 6423)):
2020-10-05 16:20:15 -  #0  0x00007ffff7b14ad3 in epoll_wait () at ../sysdeps/unix/syscall-template.S:84
2020-10-05 16:20:15 -  No locals.
2020-10-05 16:20:15 -  #1  0x00000000005b70e7 in boost::asio::detail::epoll_reactor::run(bool, boost::asio::detail::op_queue<boost::asio::detail::task_io_service_operation>&) [clone .constprop.204] (this=0x901570, block=<optimized out>, ops=...) at /usr/include/boost/asio/detail/impl/epoll_reactor.ipp:392
2020-10-05 16:20:15 -          timeout = <optimized out>
2020-10-05 16:20:15 -          events = {{events = 0, data = {ptr = 0x0, fd = 0, u32 = 0, u64 = 0}} <repeats 52 times>, {events = 11, data = {ptr = 0xa100000000, fd = 0, u32 = 0, u64 = 691489734656}}, {events = 0, data = {ptr = 0x7fffffffdb90, fd = -9328, u32 = 4294957968, u64 = 140737488346000}}, {events = 0, data = {ptr = 0x0, fd = 0, u32 = 0, u64 = 0}}, {events = 0, data = {ptr = 0x0, fd = 0, u32 = 0, u64 = 0}}, {events = 9329, data = {ptr = 0xffffdb8fffff8000, fd = -32768, u32 = 4294934528, u64 = 18446704010254581760}}, {events = 32767, data = {ptr = 0x2, fd = 2, u32 = 2, u64 = 2}}, {events = 4155593817, data = {ptr = 0x7fff, fd = 32767, u32 = 32767, u64 = 32767}}, {events = 0, data = {ptr = 0x5828f4 <boost::asio::detail::reactive_socket_recv_op_base<boost::asio::mutable_buffers_1>::do_perform(boost::asio::detail::reactor_op*)+228>, fd = 5777652, u32 = 5777652, u64 = 5777652}}, {events = 91, data = {ptr = 0x100006e, fd = 16777326, u32 = 16777326, u64 = 16777326}}, {events = 21, data = {ptr = 0x973f06, fd = 9912070, u32 = 9912070, u64 = 9912070}}, {events = 2, data = {ptr = 0x200000000, fd = 0, u32 = 0, u64 = 8589934592}}, {events = 0, data = {ptr = 0x5f7b7ffe, fd = 1601929214, u32 = 1601929214, u64 = 1601929214}}, {events = 0, data = {ptr = 0x0, fd = 0, u32 = 0, u64 = 0}}, {events = 0, data = {ptr = 0x7fffffffdb80, fd = -9344, u32 = 4294957952, u64 = 140737488345984}}, {events = 1, data = {ptr = 0x0, fd = 0, u32 = 0, u64 = 0}}, {events = 0, data = {ptr = 0x0, fd = 0, u32 = 0, u64 = 0}}, {events = 0, data = {ptr = 0x973ee000000000, fd = 0, u32 = 0, u64 = 42571853276905472}}, {events = 0, data = {ptr = 0x7fffbef2dba0, fd = -1091380320, u32 = 3203586976, u64 = 140736396975008}}, {events = 9849824, data = {ptr = 0x983fe800000000, fd = 0, u32 = 0, u64 = 42854462124982272}}, {events = 0, data = {ptr = 0x973e68, fd = 9911912, u32 = 9911912, u64 = 9911912}}, {events = 21, data = {ptr = 0x5200000000, fd = 0, u32 = 0, u64 = 352187318272}}, {events = 0, data = {ptr = 0x901570, fd = 9442672, u32 = 9442672, u64 = 9442672}}, {events = 6449413, data = {ptr = 0x0, fd = 0, u32 = 0, u64 = 0}}, {events = 0, data = {ptr = 0x15, fd = 21, u32 = 21, u64 = 21}}, {events = 0, data = {ptr = 0x56f20000000000, fd = 0, u32 = 0, u64 = 24472929811038208}}, {events = 0, data = {ptr = 0x0, fd = 0, u32 = 0, u64 = 0}}, {events = 0, data = {ptr = 0xffffdc7000000000, fd = 0, u32 = 0, u64 = 18446704972327288832}}, {events = 32767, data = {ptr = 0x964be0, fd = 9849824, u32 = 9849824, u64 = 9849824}}, {events = 9849824, data = {ptr = 0x3a3bcc9000000000, fd = 0, u32 = 0, u64 = 4196172396673105920}}, {events = 32767, data = {ptr = 0x983fe8, fd = 9977832, u32 = 9977832, u64 = 9977832}}, {events = 9912070, data = {ptr = 0x200000000, fd = 0, u32 = 0, u64 = 8589934592}}, {events = 0, data = {ptr = 0x7fff00000001, fd = 1, u32 = 1, u64 = 140733193388033}}, {events = 0, data = {ptr = 0x56f20000000000, fd = 0, u32 = 0, u64 = 24472929811038208}}, {events = 0, data = {ptr = 0x0, fd = 0, u32 = 0, u64 = 0}}, {events = 0, data = {ptr = 0x0, fd = 0, u32 = 0, u64 = 0}}, {events = 0, data = {ptr = 0x983f08, fd = 9977608, u32 = 9977608, u64 = 9977608}}, {events = 5809952, data = {ptr = 0x973ef000000000, fd = 0, u32 = 0, u64 = 42571921996382208}}, {events = 0, data = {ptr = 0x983f88, fd = 9977736, u32 = 9977736, u64 = 9977736}}, {events = 9912032, data = {ptr = 0x46e96000000000, fd = 0, u32 = 0, u64 = 19959846895878144}}, {events = 0, data = {ptr = 0x7fffffffdd20, fd = -8928, u32 = 4294958368, u64 = 140737488346400}}, {events = 0, data = {ptr = 0x56e94e00000000, fd = 0, u32 = 0, u64 = 24463369213837312}}, {events = 0, data = {ptr = 0x900090, fd = 9437328, u32 = 9437328, u64 = 9437328}}, {events = 0, data = {ptr = 0x973f0600000000, fd = 0, u32 = 0, u64 = 42572016485662720}}, {events = 0, data = {ptr = 0x2, fd = 2, u32 = 2, u64 = 2}}, {events = 5698048, data = {ptr = 0x0, fd = 0, u32 = 0, u64 = 0}}, {events = 0, data = {ptr = 0x0, fd = 0, u32 = 0, u64 = 0}}, {events = 0, data = {ptr = 0x0, fd = 0, u32 = 0, u64 = 0}}, {events = 0, data = {ptr = 0x7fffffffde30, fd = -8656, u32 = 4294958640, u64 = 140737488346672}}, {events = 9437328, data = {ptr = 0x1400000000, fd = 0, u32 = 0, u64 = 85899345920}}, {events = 0, data = {ptr = 0x0, fd = 0, u32 = 0, u64 = 0}}, {events = 9437376, data = {ptr = 0xffffde3000000000, fd = 0, u32 = 0, u64 = 18446706896472637440}}, {events = 32767, data = {ptr = 0x585e35 <boost::asio::detail::reactive_socket_recv_op<boost::asio::mutable_buffers_1, boost::asio::detail::read_op<boost::asio::basic_stream_socket<boost::asio::ip::tcp, boost::asio::stream_socket_service<boost::asio::ip::tcp> >, boost::asio::mutable_buffers_1, boost::asio::detail::transfer_all_t, std::_Bind<std::_Mem_fn<void (Connection::*)(boost::system::error_code const&)> (std::shared_ptr<Connection>, std::_Placeholder<1>)> > >::do_complete(boost::asio::detail::task_io_service*, boost::asio::detail::task_io_service_operation*, boost::system::error_code const&, unsigned long)+373>, fd = 5791285, u32 = 5791285, u64 = 5791285}}, {events = 4294958640, data = {ptr = 0x58574500007fff, fd = 32767, u32 = 32767, u64 = 24865751814930431}}, {events = 0, data = {ptr = 0x19, fd = 25, u32 = 25, u64 = 25}}, {events = 4155593817, data = {ptr = 0xffffde3000007fff, fd = 32767, u32 = 32767, u64 = 18446706896472670207}}, {events = 32767, data = {ptr = 0x0, fd = 0, u32 = 0, u64 = 0}}, {events = 0, data = {ptr = 0x0, fd = 0, u32 = 0, u64 = 0}}, {events = 21, data = {ptr = 0x983fe8, fd = 9977832, u32 = 9977832, u64 = 9977832}}, {events = 9912070, data = {ptr = 0x200000000, fd = 0, u32 = 0, u64 = 8589934592}}, {events = 0, data = {ptr = 0x0, fd = 0, u32 = 0, u64 = 0}}, {events = 2, data = {ptr = 0x56f20000000000, fd = 0, u32 = 0, u64 = 24472929811038208}}, {events = 0, data = {ptr = 0x0, fd = 0, u32 = 0, u64 = 0}}, {events = 9912048, data = {ptr = 0x973ee000000000, fd = 0, u32 = 0, u64 = 42571853276905472}}, {events = 0, data = {ptr = 0x0, fd = 0, u32 = 0, u64 = 0}}, {events = 4145959136, data = {ptr = 0x58a73100007fff, fd = 32767, u32 = 32767, u64 = 24953626845806591}}, {events = 0, data = {ptr = 0x7fffbee52b50, fd = -1092277424, u32 = 3202689872, u64 = 140736396077904}}, {events = 0, data = {ptr = 0x983fe800000000, fd = 0, u32 = 0, u64 = 42854462124982272}}, {events = 0, data = {ptr = 0x7fffffffde80, fd = -8576, u32 = 4294958720, u64 = 140737488346752}}, {events = 9437328, data = {ptr = 0x58646e00000000, fd = 0, u32 = 0, u64 = 24880221559717888}}, {events = 0, data = {ptr = 0x973ef0, fd = 9912048, u32 = 9912048, u64 = 9912048}}, {events = 9912032, data = {ptr = 0xffffde8000000000, fd = 0, u32 = 0, u64 = 18446707240070021120}}, {events = 32767, data = {ptr = 0x0, fd = 0, u32 = 0, u64 = 0}}, {events = 0, data = {ptr = 0x0, fd = 0, u32 = 0, u64 = 0}}, {events = 0, data = {ptr = 0x58a720 <Connection::handleTimeout(std::weak_ptr<Connection>, boost::system::error_code const&)>, fd = 5809952, u32 = 5809952, u64 = 5809952}}, {events = 9912048, data = {ptr = 0x973ee000000000, fd = 0, u32 = 0, u64 = 42571853276905472}}, {events = 0, data = {ptr = 0x7d, fd = 125, u32 = 125, u64 = 125}}}
2020-10-05 16:20:15 -          num_events = <optimized out>
2020-10-05 16:20:15 -          check_timers = <optimized out>
2020-10-05 16:20:15 -  #2  0x000000000055dcd3 in do_run_one (ec=..., this_thread=..., lock=<synthetic pointer>, this=0x900090) at /usr/include/boost/asio/detail/impl/task_io_service.ipp:356
2020-10-05 16:20:15 -          more_handlers = <optimized out>
2020-10-05 16:20:15 -  #3  run (ec=..., this=0x900090) at /usr/include/boost/asio/detail/impl/task_io_service.ipp:149
2020-10-05 16:20:15 -          this_thread = {private_op_queue = {front_ = 0x0, back_ = 0x0}, private_outstanding_work = 0}
2020-10-05 16:20:15 -          ctx = {key_ = 0x900090, value_ = 0x7fffffffdf40, next_ = 0x0}
2020-10-05 16:20:15 -          lock = {mutex_ = @0x9000c0, locked_ = <optimized out>}
2020-10-05 16:20:15 -          n = 547620
2020-10-05 16:20:15 -  #4  _ZN5boost4asio10io_service3runEv.isra.226 () at /usr/include/boost/asio/impl/io_service.ipp:59
2020-10-05 16:20:15 -          ec = {m_val = 0, m_cat = 0x7ffff71e50e0}
2020-10-05 16:20:15 -  #5  ServiceManager::run() (this=this@entry=0x7fffffffdff0) at /home/otg/src/server.cpp:47
2020-10-05 16:20:15 -  No locals.
2020-10-05 16:20:15 -  #6  0x0000000000474c46 in main (argc=1, argv=0x7fffffffe1b8) at /home/otg/src/otserv.cpp:96
2020-10-05 16:20:15 -          serviceManager = {acceptors = {_M_h = {_M_buckets = 0x7fffbec16e80, _M_bucket_count = 5, _M_before_begin = {_M_nxt = 0x7fffbee52c20}, _M_element_count = 2, _M_rehash_policy = {_M_max_load_factor = 1, _M_next_resize = 5}, _M_single_bucket = 0x0}}, io_service = {service_registry_ = 0x900040, impl_ = @0x900090}, signals = {set = {<No data fields>}}, death_timer = {<No data fields>}, running = true}
2020-10-05 16:20:15 -  Saving server...
2020-10-05 16:20:16 -  > Saved house items in: 0.465 s
2020-10-05 16:20:16 -  A debugging session is active.
2020-10-05 16:20:16 -  
2020-10-05 16:20:16 -  	Inferior 1 [process 6423] will be killed.
2020-10-05 16:20:16 -  
2020-10-05 16:20:16 -  Quit anyway? (y or n) [answered Y; input not from terminal]
