2020-10-19 19:38:43 -  [Thread debugging using libthread_db enabled]
2020-10-19 19:38:43 -  Using host libthread_db library "/lib/x86_64-linux-gnu/libthread_db.so.1".
2020-10-19 19:38:43 -  [New Thread 0x7ffff3dbb700 (LWP 28059)]
2020-10-19 19:38:43 -  [New Thread 0x7ffff35ba700 (LWP 28060)]
2020-10-19 19:38:43 -  The OTG-Premium-Version - Version: (1.3)
2020-10-19 19:38:43 -  Compiled with: GNU C++ version 5.4.0 20160609
2020-10-19 19:38:43 -  Compiled on Sep 17 2020 19:49:36 for platform x64
2020-10-19 19:38:43 -  
2020-10-19 19:38:43 -  Special Credits for: OTG Team, Johncore, Vankk, Erick Nunes, Leonardo Pereira, Leandro Baldissera, Talis, Marcomoa, Marson Schneider, Douglas, Mark Samman, OTXServer (Mattyx Gomez) and The Forgotten Server Developers.
2020-10-19 19:38:43 -  Link of repository: https://github.com/Johncorex/OTG-Premium-Version
2020-10-19 19:38:43 -  
2020-10-19 19:38:43 -  >> Loading config: config.lua
2020-10-19 19:38:43 -  >> Establishing database connection... MySQL 5.7.31
2020-10-19 19:38:43 -  >> Running database manager
2020-10-19 19:38:43 -  [New Thread 0x7ffff2ba7700 (LWP 28061)]
2020-10-19 19:38:43 -  > Optimizing table tile_store... [success]
2020-10-19 19:38:43 -  >> Loading vocations
2020-10-19 19:38:43 -  >> Loading items
2020-10-19 19:38:43 -  >> Loading script systems
2020-10-19 19:38:43 -  >> Loading lua libs
2020-10-19 19:38:44 -  [Warning - Event::checkScript] Can not load script: scripts/expboostaction.lua
2020-10-19 19:38:44 -  cannot open data/actions/scripts/expboostaction.lua: No such file or directory
2020-10-19 19:38:45 -  >> Loading lua scripts
2020-10-19 19:38:45 -  >> Loading monsters
2020-10-19 19:38:45 -  >> Loading lua monsters
2020-10-19 19:38:45 -  >> Loading outfits
2020-10-19 19:38:45 -  >> Loading prey data
2020-10-19 19:38:45 -  >> Checking world type... PVP
2020-10-19 19:38:45 -  >> Loading map
2020-10-19 19:38:47 -  > Map size: 34143x33812.
2020-10-19 19:38:53 -  > Map loading time: 7.306 seconds.
2020-10-19 19:39:27 -  > Loaded house items in: 0.136 s
2020-10-19 19:39:27 -  >> Initializing gamestate
2020-10-19 19:39:31 -  >> Loaded 43 npcs and spawned 72708 monsters.
2020-10-19 19:39:31 -  >> Loaded 27 towns with 1074 houses in total.
2020-10-19 19:39:31 -  [Castle War]
2020-10-19 19:39:31 -  [POWERGAMERS]
2020-10-19 19:39:31 -  [SISTEMA DE LOTERIA] OPERANTE
2020-10-19 19:39:31 -  Advanced NPC spawn system | All NPCs will be loaded trough lib.
2020-10-19 19:39:31 -  [REGEN BOOST] CARREGADO
2020-10-19 19:39:31 -  [SPOOF COUNTER]
2020-10-19 19:39:31 -  [STAMINA]
2020-10-19 19:39:31 -  warvariables
2020-10-19 19:39:31 -  Agenda:	0
2020-10-19 19:39:31 -  eu sou o checkWarmode... 19:39
2020-10-19 19:39:31 -  19	39	21
2020-10-19 19:39:31 -  >> Loaded all modules, server starting up...
2020-10-19 19:39:31 -  > Warning: OTG-Premium-Version has been executed as root user, please consider running it as a normal user.
2020-10-19 19:39:31 -  >> Honera Global Server Online!
2020-10-19 19:39:31 -  
2020-10-19 19:41:12 -  SABADOU!! NPC HONERA CRIADO
2020-10-19 19:41:12 -  Dev Marson has logged in.
2020-10-19 19:41:25 -  aqui eu checkei o choiceID para atualizar o warmode temp1
2020-10-19 19:41:25 -  debug mode: for i = 1, 3 pegar o id: 93, fazer um select no banco pra pegar o nome onde contem o id: Cassiano, converter para o 
2020-10-19 19:41:25 -  false	93
2020-10-19 19:41:25 -  debug mode: for i = 1, 3 pegar o id: 141, fazer um select no banco pra pegar o nome onde contem o id: Dev Marson, converter para o 
2020-10-19 19:41:25 -  false	141
2020-10-19 19:41:25 -  debug mode: for i = 1, 3 pegar o id: 231, fazer um select no banco pra pegar o nome onde contem o id: Demonzin, converter para o 
2020-10-19 19:41:25 -  false	231
2020-10-19 19:41:25 -  aqui eu checkei o choiceID para atualizar o warmode temp1
2020-10-19 19:41:25 -  debug mode: for i = 1, 3 pegar o id: 93, fazer um select no banco pra pegar o nome onde contem o id: Cassiano, converter para o 
2020-10-19 19:41:25 -  93	93
2020-10-19 19:41:25 -  debug mode: for i = 1, 3 pegar o id: 141, fazer um select no banco pra pegar o nome onde contem o id: Dev Marson, converter para o 
2020-10-19 19:41:25 -  false	141
2020-10-19 19:41:25 -  debug mode: for i = 1, 3 pegar o id: 231, fazer um select no banco pra pegar o nome onde contem o id: Demonzin, converter para o 
2020-10-19 19:41:25 -  false	231
2020-10-19 19:41:25 -  aqui eu checkei o choiceID para atualizar o warmode temp2
2020-10-19 19:41:25 -  debug mode: for i = 1, 3 pegar o id: 93, fazer um select no banco pra pegar o nome onde contem o id: Cassiano, converter para o 
2020-10-19 19:41:25 -  93	93
2020-10-19 19:41:25 -  debug mode: for i = 1, 3 pegar o id: 141, fazer um select no banco pra pegar o nome onde contem o id: Dev Marson, converter para o 
2020-10-19 19:41:25 -  141	141
2020-10-19 19:41:25 -  debug mode: for i = 1, 3 pegar o id: 231, fazer um select no banco pra pegar o nome onde contem o id: Demonzin, converter para o 
2020-10-19 19:41:25 -  false	231
2020-10-19 19:41:25 -  aqui eu checkei o choiceID para atualizar o warmode temp3
2020-10-19 19:41:25 -  debug mode: for i = 1, 3 pegar o id: 93, fazer um select no banco pra pegar o nome onde contem o id: Cassiano, converter para o 
2020-10-19 19:41:25 -  93	93
2020-10-19 19:41:25 -  debug mode: for i = 1, 3 pegar o id: 141, fazer um select no banco pra pegar o nome onde contem o id: Dev Marson, converter para o 
2020-10-19 19:41:25 -  141	141
2020-10-19 19:41:25 -  debug mode: for i = 1, 3 pegar o id: 231, fazer um select no banco pra pegar o nome onde contem o id: Demonzin, converter para o 
2020-10-19 19:41:25 -  231	231
2020-10-19 19:41:25 -  aqui eu checkei o choiceID para atualizar o warmode temp255
2020-10-19 19:41:25 -  
2020-10-19 19:41:25 -  Lua Script Error: [CreatureScript Interface] 
2020-10-19 19:41:25 -  data/creaturescripts/scripts/warmode.lua:onModalWindow
2020-10-19 19:41:25 -  data/creaturescripts/scripts/warmode.lua:410: attempt to concatenate a nil value
2020-10-19 19:41:25 -  stack traceback:
2020-10-19 19:41:25 -  	[C]: in function '__concat'
2020-10-19 19:41:25 -  	data/creaturescripts/scripts/warmode.lua:410: in function <data/creaturescripts/scripts/warmode.lua:1>
2020-10-19 19:44:48 -  aqui eu checkei o choiceID para atualizar o warmode temp1
2020-10-19 19:44:48 -  debug mode: for i = 1, 3 pegar o id: 93, fazer um select no banco pra pegar o nome onde contem o id: Cassiano, converter para o 
2020-10-19 19:44:48 -  false	93
2020-10-19 19:44:48 -  debug mode: for i = 1, 3 pegar o id: 141, fazer um select no banco pra pegar o nome onde contem o id: Dev Marson, converter para o 
2020-10-19 19:44:48 -  false	141
2020-10-19 19:44:48 -  debug mode: for i = 1, 3 pegar o id: 231, fazer um select no banco pra pegar o nome onde contem o id: Demonzin, converter para o 
2020-10-19 19:44:48 -  false	231
2020-10-19 19:44:48 -  aqui eu checkei o choiceID para atualizar o warmode temp1
2020-10-19 19:44:48 -  debug mode: for i = 1, 3 pegar o id: 93, fazer um select no banco pra pegar o nome onde contem o id: Cassiano, converter para o 
2020-10-19 19:44:48 -  93	93
2020-10-19 19:44:48 -  debug mode: for i = 1, 3 pegar o id: 141, fazer um select no banco pra pegar o nome onde contem o id: Dev Marson, converter para o 
2020-10-19 19:44:48 -  false	141
2020-10-19 19:44:48 -  debug mode: for i = 1, 3 pegar o id: 231, fazer um select no banco pra pegar o nome onde contem o id: Demonzin, converter para o 
2020-10-19 19:44:48 -  false	231
2020-10-19 19:44:48 -  aqui eu checkei o choiceID para atualizar o warmode temp2
2020-10-19 19:44:48 -  debug mode: for i = 1, 3 pegar o id: 93, fazer um select no banco pra pegar o nome onde contem o id: Cassiano, converter para o 
2020-10-19 19:44:48 -  93	93
2020-10-19 19:44:48 -  debug mode: for i = 1, 3 pegar o id: 141, fazer um select no banco pra pegar o nome onde contem o id: Dev Marson, converter para o 
2020-10-19 19:44:48 -  141	141
2020-10-19 19:44:48 -  debug mode: for i = 1, 3 pegar o id: 231, fazer um select no banco pra pegar o nome onde contem o id: Demonzin, converter para o 
2020-10-19 19:44:48 -  false	231
2020-10-19 19:44:48 -  aqui eu checkei o choiceID para atualizar o warmode temp3
2020-10-19 19:44:48 -  debug mode: for i = 1, 3 pegar o id: 93, fazer um select no banco pra pegar o nome onde contem o id: Cassiano, converter para o 
2020-10-19 19:44:48 -  93	93
2020-10-19 19:44:48 -  debug mode: for i = 1, 3 pegar o id: 141, fazer um select no banco pra pegar o nome onde contem o id: Dev Marson, converter para o 
2020-10-19 19:44:48 -  141	141
2020-10-19 19:44:48 -  debug mode: for i = 1, 3 pegar o id: 231, fazer um select no banco pra pegar o nome onde contem o id: Demonzin, converter para o 
2020-10-19 19:44:48 -  231	231
2020-10-19 19:44:48 -  aqui eu checkei o choiceID para atualizar o warmode temp255
2020-10-19 19:44:48 -  
2020-10-19 19:44:48 -  Lua Script Error: [CreatureScript Interface] 
2020-10-19 19:44:48 -  data/creaturescripts/scripts/warmode.lua:onModalWindow
2020-10-19 19:44:48 -  data/creaturescripts/scripts/warmode.lua:410: attempt to concatenate a nil value
2020-10-19 19:44:48 -  stack traceback:
2020-10-19 19:44:48 -  	[C]: in function '__concat'
2020-10-19 19:44:48 -  	data/creaturescripts/scripts/warmode.lua:410: in function <data/creaturescripts/scripts/warmode.lua:1>
2020-10-19 19:44:54 -  
2020-10-19 19:44:54 -  Thread 1 "tfs" received signal SIGINT, Interrupt.
2020-10-19 19:44:54 -  0x00007ffff7b14ad3 in epoll_wait () at ../sysdeps/unix/syscall-template.S:84
2020-10-19 19:44:54 -  84	../sysdeps/unix/syscall-template.S: No such file or directory.
2020-10-19 19:44:54 -  
2020-10-19 19:44:54 -  Thread 4 (Thread 0x7ffff2ba7700 (LWP 28061)):
2020-10-19 19:44:54 -  #0  pthread_cond_wait@@GLIBC_2.3.2 () at ../sysdeps/unix/sysv/linux/x86_64/pthread_cond_wait.S:185
2020-10-19 19:44:54 -  No locals.
2020-10-19 19:44:54 -  #1  0x00007ffff5e7491c in std::condition_variable::wait(std::unique_lock<std::mutex>&) () from /usr/lib/x86_64-linux-gnu/libstdc++.so.6
2020-10-19 19:44:54 -  No symbol table info available.
2020-10-19 19:44:54 -  #2  0x00000000006228bf in DatabaseTasks::threadMain() (this=0x8e39a0 <g_databaseTasks>) at /home/otg/src/databasetasks.cpp:42
2020-10-19 19:44:54 -          taskLockUnique = {_M_device = 0x8e3a08 <g_databaseTasks+104>, _M_owns = true}
2020-10-19 19:44:54 -  #3  0x00007ffff5e79c80 in ?? () from /usr/lib/x86_64-linux-gnu/libstdc++.so.6
2020-10-19 19:44:54 -  No symbol table info available.
2020-10-19 19:44:54 -  #4  0x00007ffff614a6ba in start_thread (arg=0x7ffff2ba7700) at pthread_create.c:333
2020-10-19 19:44:54 -          __res = <optimized out>
2020-10-19 19:44:54 -          pd = 0x7ffff2ba7700
2020-10-19 19:44:54 -          now = <optimized out>
2020-10-19 19:44:54 -          unwind_buf = {cancel_jmp_buf = {{jmp_buf = {140737265694464, -865105503248814189, 0, 140737284647471, 140737265695168, 9334528, 865080716480638867, 865090292337110931}, mask_was_saved = 0}}, priv = {pad = {0x0, 0x0, 0x0, 0x0}, data = {prev = 0x0, cleanup = 0x0, canceltype = 0}}}
2020-10-19 19:44:54 -          not_first_call = <optimized out>
2020-10-19 19:44:54 -          pagesize_m1 = <optimized out>
2020-10-19 19:44:54 -          sp = <optimized out>
2020-10-19 19:44:54 -          freesize = <optimized out>
2020-10-19 19:44:54 -          __PRETTY_FUNCTION__ = "start_thread"
2020-10-19 19:44:54 -  #5  0x00007ffff7b144dd in clone () at ../sysdeps/unix/sysv/linux/x86_64/clone.S:109
2020-10-19 19:44:54 -  No locals.
2020-10-19 19:44:54 -  
2020-10-19 19:44:54 -  Thread 3 (Thread 0x7ffff35ba700 (LWP 28060)):
2020-10-19 19:44:54 -  #0  pthread_cond_timedwait@@GLIBC_2.3.2 () at ../sysdeps/unix/sysv/linux/x86_64/pthread_cond_timedwait.S:225
2020-10-19 19:44:54 -  No locals.
2020-10-19 19:44:54 -  #1  0x0000000000506210 in __gthread_cond_timedwait () at /usr/include/x86_64-linux-gnu/c++/5/bits/gthr-default.h:871
2020-10-19 19:44:54 -  No locals.
2020-10-19 19:44:54 -  #2  std::condition_variable::__wait_until_impl (__atime=..., __lock=..., this=0x8e6fa0 <g_scheduler+64>) at /usr/include/c++/5/condition_variable:165
2020-10-19 19:44:54 -          __ts = {tv_sec = 1603151094, tv_nsec = 189926255}
2020-10-19 19:44:54 -  #3  std::condition_variable::wait_until<std::chrono::duration<long, std::ratio<1l, 1000000000l> > > () at /usr/include/c++/5/condition_variable:105
2020-10-19 19:44:54 -          __lock = @0x7ffff35b9e90: {_M_device = 0x8e6f78 <g_scheduler+24>, _M_owns = true}
2020-10-19 19:44:54 -          this = 0x8e6fa0 <g_scheduler+64>
2020-10-19 19:44:54 -  #4  Scheduler::threadMain (this=0x8e6f60 <g_scheduler>) at /home/otg/src/scheduler.cpp:36
2020-10-19 19:44:54 -          ret = std::cv_status::no_timeout
2020-10-19 19:44:54 -          eventLockUnique = {_M_device = 0x8e6f78 <g_scheduler+24>, _M_owns = true}
2020-10-19 19:44:54 -  #5  0x00007ffff5e79c80 in ?? () from /usr/lib/x86_64-linux-gnu/libstdc++.so.6
2020-10-19 19:44:54 -  No symbol table info available.
2020-10-19 19:44:54 -  #6  0x00007ffff614a6ba in start_thread (arg=0x7ffff35ba700) at pthread_create.c:333
2020-10-19 19:44:54 -          __res = <optimized out>
2020-10-19 19:44:54 -          pd = 0x7ffff35ba700
2020-10-19 19:44:54 -          now = <optimized out>
2020-10-19 19:44:54 -          unwind_buf = {cancel_jmp_buf = {{jmp_buf = {140737276258048, -865105503248814189, 0, 140737488346847, 140737276258752, 9437376, 865079908489916307, 865090292337110931}, mask_was_saved = 0}}, priv = {pad = {0x0, 0x0, 0x0, 0x0}, data = {prev = 0x0, cleanup = 0x0, canceltype = 0}}}
2020-10-19 19:44:54 -          not_first_call = <optimized out>
2020-10-19 19:44:54 -          pagesize_m1 = <optimized out>
2020-10-19 19:44:54 -          sp = <optimized out>
2020-10-19 19:44:54 -          freesize = <optimized out>
2020-10-19 19:44:54 -          __PRETTY_FUNCTION__ = "start_thread"
2020-10-19 19:44:54 -  #7  0x00007ffff7b144dd in clone () at ../sysdeps/unix/sysv/linux/x86_64/clone.S:109
2020-10-19 19:44:54 -  No locals.
2020-10-19 19:44:54 -  
2020-10-19 19:44:54 -  Thread 2 (Thread 0x7ffff3dbb700 (LWP 28059)):
2020-10-19 19:44:54 -  #0  pthread_cond_wait@@GLIBC_2.3.2 () at ../sysdeps/unix/sysv/linux/x86_64/pthread_cond_wait.S:185
2020-10-19 19:44:54 -  No locals.
2020-10-19 19:44:54 -  #1  0x00007ffff5e7491c in std::condition_variable::wait(std::unique_lock<std::mutex>&) () from /usr/lib/x86_64-linux-gnu/libstdc++.so.6
2020-10-19 19:44:54 -  No symbol table info available.
2020-10-19 19:44:54 -  #2  0x000000000055af7b in Dispatcher::threadMain() (this=0x8e6ec0 <g_dispatcher>) at /home/otg/src/tasks.cpp:50
2020-10-19 19:44:54 -          taskLockUnique = {_M_device = 0x8e6ed8 <g_dispatcher+24>, _M_owns = true}
2020-10-19 19:44:54 -  #3  0x00007ffff5e79c80 in ?? () from /usr/lib/x86_64-linux-gnu/libstdc++.so.6
2020-10-19 19:44:54 -  No symbol table info available.
2020-10-19 19:44:54 -  #4  0x00007ffff614a6ba in start_thread (arg=0x7ffff3dbb700) at pthread_create.c:333
2020-10-19 19:44:54 -          __res = <optimized out>
2020-10-19 19:44:54 -          pd = 0x7ffff3dbb700
2020-10-19 19:44:54 -          now = <optimized out>
2020-10-19 19:44:54 -          unwind_buf = {cancel_jmp_buf = {{jmp_buf = {140737284650752, -865105503248814189, 0, 140737488346847, 140737284651456, 9437376, 865078807367675795, 865090292337110931}, mask_was_saved = 0}}, priv = {pad = {0x0, 0x0, 0x0, 0x0}, data = {prev = 0x0, cleanup = 0x0, canceltype = 0}}}
2020-10-19 19:44:54 -          not_first_call = <optimized out>
2020-10-19 19:44:54 -          pagesize_m1 = <optimized out>
2020-10-19 19:44:54 -          sp = <optimized out>
2020-10-19 19:44:54 -          freesize = <optimized out>
2020-10-19 19:44:54 -          __PRETTY_FUNCTION__ = "start_thread"
2020-10-19 19:44:54 -  #5  0x00007ffff7b144dd in clone () at ../sysdeps/unix/sysv/linux/x86_64/clone.S:109
2020-10-19 19:44:54 -  No locals.
2020-10-19 19:44:54 -  
2020-10-19 19:44:54 -  Thread 1 (Thread 0x7ffff7fe6740 (LWP 28055)):
2020-10-19 19:44:54 -  #0  0x00007ffff7b14ad3 in epoll_wait () at ../sysdeps/unix/syscall-template.S:84
2020-10-19 19:44:54 -  No locals.
2020-10-19 19:44:54 -  #1  0x00000000005b70e7 in boost::asio::detail::epoll_reactor::run(bool, boost::asio::detail::op_queue<boost::asio::detail::task_io_service_operation>&) [clone .constprop.204] (this=0x901570, block=<optimized out>, ops=...) at /usr/include/boost/asio/detail/impl/epoll_reactor.ipp:392
2020-10-19 19:44:54 -          timeout = <optimized out>
2020-10-19 19:44:55 -          events = {{events = 17, data = {ptr = 0x901d40, fd = 9444672, u32 = 9444672, u64 = 9444672}}, {events = 2147470470, data = {ptr = 0x0, fd = 0, u32 = 0, u64 = 0}}, {events = 2562785280, data = {ptr = 0xd3c900007fffcc85, fd = 2147470469, u32 = 2147470469, u64 = 15260728814469106821}}, {events = 2147417468, data = {ptr = 0x0, fd = 0, u32 = 0, u64 = 0}}, {events = 2267545600, data = {ptr = 0x152800007fffe929, fd = 2147477801, u32 = 2147477801, u64 = 1524468476012390697}}, {events = 2147470470, data = {ptr = 0x7fffcc8611580000, fd = 290979840, u32 = 290979840, u64 = 9223315438066728960}}, {events = 389545984, data = {ptr = 0x148800007fffcc86, fd = 2147470470, u32 = 2147470470, u64 = 1479432479738678406}}, {events = 2147470470, data = {ptr = 0x7fffcc8598c00000, fd = -1732247552, u32 = 2562719744, u64 = 9223315436043501568}}, {events = 3553558528, data = {ptr = 0xd3d800007ffefd7c, fd = 2147417468, u32 = 2147417468, u64 = 15264950939119713660}}, {events = 2147417468, data = {ptr = 0x7fffcc8615000000, fd = 352321536, u32 = 352321536, u64 = 9223315438128070656}}, {events = 347078656, data = {ptr = 0x98c000007fffcc86, fd = 2147470470, u32 = 2147470470, u64 = 11006797491440962694}}, {events = 2147470469, data = {ptr = 0x7ffefd7cd3df0000, fd = -740360192, u32 = 3554607104, u64 = 9223087799473733632}}, {events = 3555196928, data = {ptr = 0x148800007ffefd7c, fd = 2147417468, u32 = 2147417468, u64 = 1479432479738625404}}, {events = 2147470470, data = {ptr = 0x7fffcc8614d80000, fd = 349700096, u32 = 349700096, u64 = 9223315438125449216}}, {events = 2562719744, data = {ptr = 0xd3ef00007fffcc85, fd = 2147470469, u32 = 2147470469, u64 = 15271424863584111749}}, {events = 2147417468, data = {ptr = 0x7ffefd7cd3f80000, fd = -738721792, u32 = 3556245504, u64 = 9223087799475372032}}, {events = 347078656, data = {ptr = 0x150000007fffcc86, fd = 2147470470, u32 = 2147470470, u64 = 1513209476943957126}}, {events = 2147470470, data = {ptr = 0x3433cc8598c00000, fd = -1732247552, u32 = 2562719744, u64 = 3761574987949932544}}, {events = 3556507648, data = {ptr = 0xffffd9c07ffefd7c, fd = 2147417468, u32 = 2147417468, u64 = 18446702019537206652}}, {events = 32767, data = {ptr = 0x11, fd = 17, u32 = 17, u64 = 17}}, {events = 4294958048, data = {ptr = 0x66d31200007fff, fd = 32767, u32 = 32767, u64 = 28942521887391743}}, {events = 0, data = {ptr = 0x7fffffffdaf8, fd = -9480, u32 = 4294957816, u64 = 140737488345848}}, {events = 1, data = {ptr = 0xffffd9c000000000, fd = 0, u32 = 0, u64 = 18446702017389789184}}, {events = 32767, data = {ptr = 0x7ffff7b23814 <___vsprintf_chk+132>, fd = -139315180, u32 = 4155652116, u64 = 140737349040148}}, {events = 4222451713, data = {ptr = 0xffffdbe07fffcc86, fd = 2147470470, u32 = 2147470470, u64 = 18446704355999468678}}, {events = 32767, data = {ptr = 0x7fffffffdbe0, fd = -9248, u32 = 4294958048, u64 = 140737488346080}}, {events = 4294958048, data = {ptr = 0xffffdbe000007fff, fd = 32767, u32 = 32767, u64 = 18446704353852030975}}, {events = 32767, data = {ptr = 0x7fffffffdbeb, fd = -9237, u32 = 4294958059, u64 = 140737488346091}}, {events = 4294958064, data = {ptr = 0xffffdbe000007fff, fd = 32767, u32 = 32767, u64 = 18446704353852030975}}, {events = 32767, data = {ptr = 0x7fffffffdbf0, fd = -9232, u32 = 4294958064, u64 = 140737488346096}}, {events = 0, data = {ptr = 0x0, fd = 0, u32 = 0, u64 = 0}}, {events = 0, data = {ptr = 0x0, fd = 0, u32 = 0, u64 = 0}}, {events = 0, data = {ptr = 0x0, fd = 0, u32 = 0, u64 = 0}}, {events = 0, data = {ptr = 0x4d42a0000, fd = -735444992, u32 = 3559522304, u64 = 20739391488}}, {events = 3559718912, data = {ptr = 0x159000007ffefd7c, fd = 2147417468, u32 = 2147417468, u64 = 1553741873590238588}}, {events = 2147470470, data = {ptr = 0x0, fd = 0, u32 = 0, u64 = 0}}, {events = 2562719744, data = {ptr = 0xd43100007fffcc85, fd = 2147470469, u32 = 2147470469, u64 = 15290002212047015045}}, {events = 2147417468, data = {ptr = 0xffffffffffffffff, fd = -1, u32 = 4294967295, u64 = 18446744073709551615}}, {events = 0, data = {ptr = 0x1608000000000000, fd = 0, u32 = 0, u64 = 1587518868648099840}}, {events = 2147470470, data = {ptr = 0x7fffcc8598c00000, fd = -1732247552, u32 = 2562719744, u64 = 9223315436043501568}}, {events = 4294967295, data = {ptr = 0xd44300007ffefd7c, fd = 2147417468, u32 = 2147417468, u64 = 15295068761627753852}}, {events = 2147417468, data = {ptr = 0x7fffcc8615e00000, fd = 367001600, u32 = 367001600, u64 = 9223315438142750720}}, {events = 4158458208, data = {ptr = 0x7fff, fd = 32767, u32 = 32767, u64 = 32767}}, {events = 0, data = {ptr = 0x7ffefd7cd44d0000, fd = -733151232, u32 = 3561816064, u64 = 9223087799480942592}}, {events = 2, data = {ptr = 0x1800000000, fd = 0, u32 = 0, u64 = 103079215104}}, {events = 0, data = {ptr = 0x932390, fd = 9642896, u32 = 9642896, u64 = 9642896}}, {events = 9436096, data = {ptr = 0x200000000, fd = 0, u32 = 0, u64 = 8589934592}}, {events = 0, data = {ptr = 0x18, fd = 24, u32 = 24, u64 = 24}}, {events = 0, data = {ptr = 0xf7b2376d00000000, fd = 0, u32 = 0, u64 = 17848389214513659904}}, {events = 32767, data = {ptr = 0x4, fd = 4, u32 = 4, u64 = 4}}, {events = 48, data = {ptr = 0x300000000, fd = 0, u32 = 0, u64 = 12884901888}}, {events = 32767, data = {ptr = 0x20, fd = 32, u32 = 32, u64 = 32}}, {events = 4, data = {ptr = 0x3000000000, fd = 0, u32 = 0, u64 = 206158430208}}, {events = 0, data = {ptr = 0x7fffffffdb90, fd = -9328, u32 = 4294957968, u64 = 140737488346000}}, {events = 4294957935, data = {ptr = 0x248100007fff, fd = 32767, u32 = 32767, u64 = 40136469413887}}, {events = 4294934528, data = {ptr = 0x7fffffffdb7f, fd = -9345, u32 = 4294957951, u64 = 140737488345983}}, {events = 9329, data = {ptr = 0xffffdb8fffff8000, fd = -32768, u32 = 4294934528, u64 = 18446704010254581760}}, {events = 32767, data = {ptr = 0x1, fd = 1, u32 = 1, u64 = 1}}, {events = 4, data = {ptr = 0x31, fd = 49, u32 = 49, u64 = 49}}, {events = 0, data = {ptr = 0x0, fd = 0, u32 = 0, u64 = 0}}, {events = 91, data = {ptr = 0xf7dd1b200000006e, fd = 110, u32 = 110, u64 = 17860461521474158702}}, {events = 32767, data = {ptr = 0x18, fd = 24, u32 = 24, u64 = 24}}, {events = 9334488, data = {ptr = 0x94240000000000, fd = 0, u32 = 0, u64 = 41697878971777024}}, {events = 0, data = {ptr = 0x0, fd = 0, u32 = 0, u64 = 0}}, {events = 9334576, data = {ptr = 0xf7a911d400000000, fd = 0, u32 = 0, u64 = 17845814600663040000}}, {events = 32767, data = {ptr = 0x20, fd = 32, u32 = 32, u64 = 32}}, {events = 24, data = {ptr = 0x9529e000000000, fd = 0, u32 = 0, u64 = 41985813579300864}}, {events = 0, data = {ptr = 0x7ffff5e4ee78 <operator new(unsigned long)+24>, fd = -169546120, u32 = 4125421176, u64 = 140737318809208}}, {events = 9334464, data = {ptr = 0x577e8f00000000, fd = 0, u32 = 0, u64 = 24627475619250176}}, {events = 0, data = {ptr = 0x11, fd = 17, u32 = 17, u64 = 17}}, {events = 3825207488, data = {ptr = 0xffffdc3000007fff, fd = 32767, u32 = 32767, u64 = 18446704697449414655}}, {events = 32767, data = {ptr = 0x932380, fd = 9642880, u32 = 9642880, u64 = 9642880}}, {events = 9708568, data = {ptr = 0x0, fd = 0, u32 = 0, u64 = 0}}, {events = 0, data = {ptr = 0x7ffff614e4ff <__GI___pthread_mutex_unlock+63>, fd = -166402817, u32 = 4128564479, u64 = 140737321952511}}, {events = 6735568, data = {ptr = 0x1100000000, fd = 0, u32 = 0, u64 = 73014444032}}, {events = 0, data = {ptr = 0x56de50 <Connection::close(bool)+352>, fd = 5693008, u32 = 5693008, u64 = 5693008}}, {events = 0, data = {ptr = 0x0, fd = 0, u32 = 0, u64 = 0}}, {events = 0, data = {ptr = 0x0, fd = 0, u32 = 0, u64 = 0}}, {events = 9708664, data = {ptr = 0x3100000000, fd = 0, u32 = 0, u64 = 210453397504}}, {events = 0, data = {ptr = 0x0, fd = 0, u32 = 0, u64 = 0}}, {events = 0, data = {ptr = 0x0, fd = 0, u32 = 0, u64 = 0}}, {events = 0, data = {ptr = 0x942478, fd = 9708664, u32 = 9708664, u64 = 9708664}}, {events = 9642880, data = {ptr = 0x94241800000000, fd = 0, u32 = 0, u64 = 41697982050992128}}, {events = 0, data = {ptr = 0x7fffffffde08, fd = -8696, u32 = 4294958600, u64 = 140737488346632}}, {events = 9775536, data = {ptr = 0x56f29e00000000, fd = 0, u32 = 0, u64 = 24473608415870976}}, {events = 0, data = {ptr = 0x9529b0, fd = 9775536, u32 = 9775536, u64 = 9775536}}, {events = 6735568, data = {ptr = 0x0, fd = 0, u32 = 0, u64 = 0}}, {events = 0, data = {ptr = 0x7ffff71e50e0, fd = -149008160, u32 = 4145959136, u64 = 140737339347168}}, {events = 4158462832, data = {ptr = 0x230100007fff, fd = 32767, u32 = 32767, u64 = 38487201972223}}, {events = 4294934528, data = {ptr = 0x7fffffffdcff, fd = -8961, u32 = 4294958335, u64 = 140737488346367}}, {events = 4294958528, data = {ptr = 0x90009000007fff, fd = 32767, u32 = 32767, u64 = 40533015121657855}}, {events = 0, data = {ptr = 0x9529b0, fd = 9775536, u32 = 9775536, u64 = 9775536}}, {events = 9775536, data = {ptr = 0x66c6d000000000, fd = 0, u32 = 0, u64 = 28929044279984128}}, {events = 0, data = {ptr = 0x7fffffffddc0, fd = -8768, u32 = 4294958528, u64 = 140737488346560}}, {events = 5791285, data = {ptr = 0x90009000000000, fd = 0, u32 = 0, u64 = 40533015121625088}}, {events = 0, data = {ptr = 0x932380, fd = 9642880, u32 = 9642880, u64 = 9642880}}, {events = 561, data = {ptr = 0x9424e000000000, fd = 0, u32 = 0, u64 = 41698841044451328}}, {events = 0, data = {ptr = 0x7fffffffddc0, fd = -8768, u32 = 4294958528, u64 = 140737488346560}}, {events = 0, data = {ptr = 0x0, fd = 0, u32 = 0, u64 = 0}}, {events = 0, data = {ptr = 0x9000c0, fd = 9437376, u32 = 9437376, u64 = 9437376}}, {events = 176, data = {ptr = 0xf7a8d68800000000, fd = 0, u32 = 0, u64 = 17845749403059486720}}, {events = 32767, data = {ptr = 0xffffde30, fd = -8656, u32 = 4294958640, u64 = 4294958640}}, {events = 561, data = {ptr = 0x0, fd = 0, u32 = 0, u64 = 0}}, {events = 0, data = {ptr = 0x0, fd = 0, u32 = 0, u64 = 0}}, {events = 4294958640, data = {ptr = 0x58574500007fff, fd = 32767, u32 = 32767, u64 = 24865751814930431}}, {events = 0, data = {ptr = 0xf, fd = 15, u32 = 15, u64 = 15}}, {events = 4155593817, data = {ptr = 0x7fff, fd = 32767, u32 = 32767, u64 = 32767}}, {events = 0, data = {ptr = 0x5828bb <boost::asio::detail::reactive_socket_recv_op_base<boost::asio::mutable_buffers_1>::do_perform(boost::asio::detail::reactor_op*)+171>, fd = 5777595, u32 = 5777595, u64 = 5777595}}, {events = 0, data = {ptr = 0x1000000, fd = 16777216, u32 = 16777216, u64 = 16777216}}, {events = 15, data = {ptr = 0x942478, fd = 9708664, u32 = 9708664, u64 = 9708664}}, {events = 9642902, data = {ptr = 0x200000000, fd = 0, u32 = 0, u64 = 8589934592}}, {events = 0, data = {ptr = 0x0, fd = 0, u32 = 0, u64 = 0}}, {events = 0, data = {ptr = 0x56f20000000000, fd = 0, u32 = 0, u64 = 24472929811038208}}, {events = 0, data = {ptr = 0x0, fd = 0, u32 = 0, u64 = 0}}, {events = 9642880, data = {ptr = 0x93237000000000, fd = 0, u32 = 0, u64 = 41415785519775744}}, {events = 0, data = {ptr = 0x2, fd = 2, u32 = 2, u64 = 2}}, {events = 9307176, data = {ptr = 0x0, fd = 0, u32 = 0, u64 = 0}}, {events = 0, data = {ptr = 0x7fffbc4781b0, fd = -1136164432, u32 = 3158802864, u64 = 140736352190896}}, {events = 0, data = {ptr = 0x0, fd = 0, u32 = 0, u64 = 0}}, {events = 0, data = {ptr = 0x9529b0, fd = 9775536, u32 = 9775536, u64 = 9775536}}, {events = 9775536, data = {ptr = 0x66c6d000000000, fd = 0, u32 = 0, u64 = 28929044279984128}}, {events = 0, data = {ptr = 0x11, fd = 17, u32 = 17, u64 = 17}}, {events = 5671446, data = {ptr = 0x90009000000000, fd = 0, u32 = 0, u64 = 40533015121625088}}, {events = 0, data = {ptr = 0x7fffffffdf00, fd = -8448, u32 = 4294958848, u64 = 140737488346880}}, {events = 9444712, data = {ptr = 0x90157000000000, fd = 0, u32 = 0, u64 = 40555967426854912}}, {events = 0, data = {ptr = 0x58a720 <Connection::handleTimeout(std::weak_ptr<Connection>, boost::system::error_code const&)>, fd = 5809952, u32 = 5809952, u64 = 5809952}}, {events = 9642880, data = {ptr = 0x93237000000000, fd = 0, u32 = 0, u64 = 41415785519775744}}, {events = 0, data = {ptr = 0x900090, fd = 9437328, u32 = 9437328, u64 = 9437328}}}
2020-10-19 19:44:55 -          num_events = <optimized out>
2020-10-19 19:44:55 -          check_timers = <optimized out>
2020-10-19 19:44:55 -  #2  0x000000000055dcd3 in do_run_one (ec=..., this_thread=..., lock=<synthetic pointer>, this=0x900090) at /usr/include/boost/asio/detail/impl/task_io_service.ipp:356
2020-10-19 19:44:55 -          more_handlers = <optimized out>
2020-10-19 19:44:55 -  #3  run (ec=..., this=0x900090) at /usr/include/boost/asio/detail/impl/task_io_service.ipp:149
2020-10-19 19:44:55 -          this_thread = {private_op_queue = {front_ = 0x0, back_ = 0x0}, private_outstanding_work = 0}
2020-10-19 19:44:55 -          ctx = {key_ = 0x900090, value_ = 0x7fffffffdf40, next_ = 0x0}
2020-10-19 19:44:55 -          lock = {mutex_ = @0x9000c0, locked_ = <optimized out>}
2020-10-19 19:44:55 -          n = 1300
2020-10-19 19:44:55 -  #4  _ZN5boost4asio10io_service3runEv.isra.226 () at /usr/include/boost/asio/impl/io_service.ipp:59
2020-10-19 19:44:55 -          ec = {m_val = 0, m_cat = 0x7ffff71e50e0}
2020-10-19 19:44:55 -  #5  ServiceManager::run() (this=this@entry=0x7fffffffdff0) at /home/otg/src/server.cpp:47
2020-10-19 19:44:55 -  No locals.
2020-10-19 19:44:55 -  #6  0x0000000000474c46 in main (argc=1, argv=0x7fffffffe1b8) at /home/otg/src/otserv.cpp:96
2020-10-19 19:44:55 -          serviceManager = {acceptors = {_M_h = {_M_buckets = 0x7fffbf90b110, _M_bucket_count = 5, _M_before_begin = {_M_nxt = 0x7fffbf90b0e0}, _M_element_count = 2, _M_rehash_policy = {_M_max_load_factor = 1, _M_next_resize = 5}, _M_single_bucket = 0x0}}, io_service = {service_registry_ = 0x900040, impl_ = @0x900090}, signals = {set = {<No data fields>}}, death_timer = {<No data fields>}, running = true}
2020-10-19 19:44:55 -  Saving server...
2020-10-19 19:44:55 -  > Saved house items in: 0.48 s
2020-10-19 19:44:55 -  A debugging session is active.
2020-10-19 19:44:55 -  
2020-10-19 19:44:55 -  	Inferior 1 [process 28055] will be killed.
2020-10-19 19:44:55 -  
2020-10-19 19:44:55 -  Quit anyway? (y or n) [answered Y; input not from terminal]
