2020-10-03 21:36:48 -  [Thread debugging using libthread_db enabled]
2020-10-03 21:36:48 -  Using host libthread_db library "/lib/x86_64-linux-gnu/libthread_db.so.1".
2020-10-03 21:36:48 -  [New Thread 0x7ffff3dbb700 (LWP 5109)]
2020-10-03 21:36:48 -  [New Thread 0x7ffff35ba700 (LWP 5110)]
2020-10-03 21:36:48 -  The OTG-Premium-Version - Version: (1.3)
2020-10-03 21:36:48 -  Compiled with: GNU C++ version 5.4.0 20160609
2020-10-03 21:36:48 -  Compiled on Sep 17 2020 19:49:36 for platform x64
2020-10-03 21:36:48 -  
2020-10-03 21:36:48 -  Special Credits for: OTG Team, Johncore, Vankk, Erick Nunes, Leonardo Pereira, Leandro Baldissera, Talis, Marcomoa, Marson Schneider, Douglas, Mark Samman, OTXServer (Mattyx Gomez) and The Forgotten Server Developers.
2020-10-03 21:36:48 -  Link of repository: https://github.com/Johncorex/OTG-Premium-Version
2020-10-03 21:36:48 -  
2020-10-03 21:36:48 -  >> Loading config: config.lua
2020-10-03 21:36:48 -  >> Establishing database connection... MySQL 5.7.31
2020-10-03 21:36:48 -  >> Running database manager
2020-10-03 21:36:48 -  [New Thread 0x7ffff2ba7700 (LWP 5111)]
2020-10-03 21:36:48 -  > Optimizing table tile_store... [success]
2020-10-03 21:36:48 -  >> Loading vocations
2020-10-03 21:36:48 -  >> Loading items
2020-10-03 21:36:48 -  >> Loading script systems
2020-10-03 21:36:48 -  >> Loading lua libs
2020-10-03 21:36:49 -  [Warning - Event::checkScript] Can not load script: scripts/expboostaction.lua
2020-10-03 21:36:49 -  cannot open data/actions/scripts/expboostaction.lua: No such file or directory
2020-10-03 21:36:49 -  >> Loading lua scripts
2020-10-03 21:36:50 -  >> Loading monsters
2020-10-03 21:36:50 -  >> Loading lua monsters
2020-10-03 21:36:50 -  >> Loading outfits
2020-10-03 21:36:50 -  >> Loading prey data
2020-10-03 21:36:50 -  >> Checking world type... PVP
2020-10-03 21:36:50 -  >> Loading map
2020-10-03 21:36:51 -  > Map size: 34143x33812.
2020-10-03 21:36:57 -  > Map loading time: 7.468 seconds.
2020-10-03 21:37:33 -  > Loaded house items in: 0.077 s
2020-10-03 21:37:33 -  >> Initializing gamestate
2020-10-03 21:37:36 -  >> Loaded 43 npcs and spawned 72496 monsters.
2020-10-03 21:37:36 -  >> Loaded 27 towns with 1074 houses in total.
2020-10-03 21:37:36 -  [Castle War]
2020-10-03 21:37:36 -  [POWERGAMERS]
2020-10-03 21:37:36 -  [SISTEMA DE LOTERIA] OPERANTE
2020-10-03 21:37:36 -  Advanced NPC spawn system | All NPCs will be loaded trough lib.
2020-10-03 21:37:36 -  [REGEN BOOST] CARREGADO
2020-10-03 21:37:36 -  [SPOOF COUNTER]
2020-10-03 21:37:36 -  [STAMINA]
2020-10-03 21:37:36 -  >> Loaded all modules, server starting up...
2020-10-03 21:37:36 -  > Warning: OTG-Premium-Version has been executed as root user, please consider running it as a normal user.
2020-10-03 21:37:36 -  >> Honera Global Server Online!
2020-10-03 21:37:36 -  
2020-10-03 21:37:37 -  Nobre Cavalheiro has logged in.
2020-10-03 21:37:37 -  Top Spin has logged in.
2020-10-03 21:38:25 -  SABADOU!! NPC HONERA CRIADO
2020-10-03 21:38:25 -  Dev Marson has logged in.
2020-10-03 21:40:10 -  Demonzin has logged in.
2020-10-03 21:40:17 -  Jackie Chan has logged in.
2020-10-03 21:40:58 -  Shaka has logged in.
2020-10-03 21:40:59 -  Midas has logged in.
2020-10-03 21:41:14 -  Shaka Knight has logged in.
2020-10-03 21:50:37 -  > Broadcasted message: "The dragons of the Dragonblaze Mountains have descended to Zao to protect the lizardkin!".
2020-10-03 22:22:44 -  ip inválido
2020-10-03 22:22:44 -  ip inválido
2020-10-03 22:22:44 -  ip inválido
2020-10-03 22:22:44 -  ip inválido
2020-10-03 22:22:44 -  Shaka has logged out.
2020-10-03 22:22:59 -  ip inválido
2020-10-03 22:22:59 -  Shaka has logged in.
2020-10-03 22:41:49 -  ip inválido
2020-10-03 22:41:49 -  ip inválido
2020-10-03 22:41:49 -  ip inválido
2020-10-03 22:41:49 -  ip inválido
2020-10-03 22:41:49 -  ip inválido
2020-10-03 22:41:49 -  ip inválido
2020-10-03 22:41:49 -  ip inválido
2020-10-03 22:41:49 -  ip inválido
2020-10-03 22:41:49 -  ip inválido
2020-10-03 22:41:49 -  ip inválido
2020-10-03 22:41:49 -  ip inválido
2020-10-03 22:41:49 -  ip inválido
2020-10-03 22:41:49 -  ip inválido
2020-10-03 22:41:49 -  ip inválido
2020-10-03 22:41:49 -  ip inválido
2020-10-03 22:41:49 -  ip inválido
2020-10-03 22:41:49 -  ip inválido
2020-10-03 22:41:49 -  ip inválido
2020-10-03 22:41:49 -  Shaka Elder has logged in.
2020-10-03 22:42:46 -  ip inválido
2020-10-03 22:42:46 -  Shaka Elder has logged out.
2020-10-03 23:08:16 -  ip inválido
2020-10-03 23:08:16 -  ip inválido
2020-10-03 23:08:16 -  ip inválido
2020-10-03 23:08:16 -  ip inválido
2020-10-03 23:08:16 -  ip inválido
2020-10-03 23:08:16 -  ip inválido
2020-10-03 23:08:16 -  ip inválido
2020-10-03 23:08:16 -  ip inválido
2020-10-03 23:08:16 -  ip inválido
2020-10-03 23:08:16 -  ip inválido
2020-10-03 23:08:16 -  ip inválido
2020-10-03 23:08:16 -  ip inválido
2020-10-03 23:08:16 -  ip inválido
2020-10-03 23:08:16 -  ip inválido
2020-10-03 23:08:16 -  ip inválido
2020-10-03 23:08:16 -  ip inválido
2020-10-03 23:08:16 -  ip inválido
2020-10-03 23:08:16 -  ip inválido
2020-10-03 23:08:16 -  ip inválido
2020-10-03 23:08:16 -  ip inválido
2020-10-03 23:08:16 -  ip inválido
2020-10-03 23:08:16 -  ip inválido
2020-10-03 23:08:16 -  ip inválido
2020-10-03 23:08:16 -  ip inválido
2020-10-03 23:08:16 -  ip inválido
2020-10-03 23:08:16 -  ip inválido
2020-10-03 23:08:16 -  ip inválido
2020-10-03 23:08:16 -  ip inválido
2020-10-03 23:08:16 -  ip inválido
2020-10-03 23:08:16 -  ip inválido
2020-10-03 23:08:16 -  ip inválido
2020-10-03 23:08:16 -  ip inválido
2020-10-03 23:08:16 -  ip inválido
2020-10-03 23:08:16 -  ip inválido
2020-10-03 23:08:16 -  ip inválido
2020-10-03 23:08:16 -  ip inválido
2020-10-03 23:08:16 -  Shaka has logged out.
2020-10-03 23:31:37 -  ip inválido
2020-10-03 23:31:37 -  ip inválido
2020-10-03 23:31:37 -  ip inválido
2020-10-03 23:31:37 -  ip inválido
2020-10-03 23:31:37 -  ip inválido
2020-10-03 23:31:37 -  ip inválido
2020-10-03 23:31:37 -  ip inválido
2020-10-03 23:31:37 -  ip inválido
2020-10-03 23:31:37 -  ip inválido
2020-10-03 23:31:37 -  ip inválido
2020-10-03 23:31:37 -  ip inválido
2020-10-03 23:31:37 -  ip inválido
2020-10-03 23:31:37 -  ip inválido
2020-10-03 23:31:37 -  ip inválido
2020-10-03 23:31:37 -  ip inválido
2020-10-03 23:31:37 -  ip inválido
2020-10-03 23:31:37 -  ip inválido
2020-10-03 23:31:37 -  ip inválido
2020-10-03 23:31:37 -  ip inválido
2020-10-03 23:31:37 -  ip inválido
2020-10-03 23:31:37 -  ip inválido
2020-10-03 23:31:37 -  ip inválido
2020-10-03 23:31:37 -  ip inválido
2020-10-03 23:31:37 -  ip inválido
2020-10-03 23:31:37 -  ip inválido
2020-10-03 23:31:37 -  ip inválido
2020-10-03 23:31:37 -  ip inválido
2020-10-03 23:31:37 -  ip inválido
2020-10-03 23:31:37 -  ip inválido
2020-10-03 23:31:37 -  ip inválido
2020-10-03 23:31:37 -  ip inválido
2020-10-03 23:31:37 -  ip inválido
2020-10-03 23:31:37 -  ip inválido
2020-10-03 23:31:37 -  ip inválido
2020-10-03 23:31:37 -  ip inválido
2020-10-03 23:31:37 -  ip inválido
2020-10-03 23:31:37 -  ip inválido
2020-10-03 23:31:37 -  ip inválido
2020-10-03 23:31:37 -  ip inválido
2020-10-03 23:31:37 -  ip inválido
2020-10-03 23:31:37 -  ip inválido
2020-10-03 23:31:37 -  ip inválido
2020-10-03 23:31:37 -  ip inválido
2020-10-03 23:31:37 -  ip inválido
2020-10-03 23:31:37 -  ip inválido
2020-10-03 23:31:37 -  ip inválido
2020-10-03 23:31:37 -  ip inválido
2020-10-03 23:31:37 -  ip inválido
2020-10-03 23:31:37 -  ip inválido
2020-10-03 23:31:37 -  ip inválido
2020-10-03 23:31:37 -  ip inválido
2020-10-03 23:31:37 -  ip inválido
2020-10-03 23:31:37 -  ip inválido
2020-10-03 23:31:37 -  ip inválido
2020-10-03 23:31:37 -  ip inválido
2020-10-03 23:31:37 -  ip inválido
2020-10-03 23:31:37 -  ip inválido
2020-10-03 23:31:37 -  ip inválido
2020-10-03 23:31:37 -  ip inválido
2020-10-03 23:31:37 -  ip inválido
2020-10-03 23:31:37 -  ip inválido
2020-10-03 23:31:37 -  ip inválido
2020-10-03 23:31:37 -  ip inválido
2020-10-03 23:31:37 -  ip inválido
2020-10-03 23:31:37 -  ip inválido
2020-10-03 23:31:37 -  ip inválido
2020-10-03 23:31:37 -  ip inválido
2020-10-03 23:31:37 -  ip inválido
2020-10-03 23:31:37 -  ip inválido
2020-10-03 23:31:37 -  ip inválido
2020-10-03 23:31:37 -  ip inválido
2020-10-03 23:31:37 -  ip inválido
2020-10-03 23:31:37 -  ip inválido
2020-10-03 23:31:37 -  ip inválido
2020-10-03 23:31:37 -  ip inválido
2020-10-03 23:31:37 -  ip inválido
2020-10-03 23:31:37 -  ip inválido
2020-10-03 23:31:37 -  ip inválido
2020-10-03 23:31:37 -  ip inválido
2020-10-03 23:31:37 -  ip inválido
2020-10-03 23:31:37 -  ip inválido
2020-10-03 23:31:37 -  ip inválido
2020-10-03 23:31:37 -  ip inválido
2020-10-03 23:31:37 -  ip inválido
2020-10-03 23:31:37 -  ip inválido
2020-10-03 23:31:37 -  ip inválido
2020-10-03 23:31:37 -  ip inválido
2020-10-03 23:31:37 -  ip inválido
2020-10-03 23:31:37 -  ip inválido
2020-10-03 23:31:37 -  ip inválido
2020-10-03 23:31:37 -  ip inválido
2020-10-03 23:31:37 -  ip inválido
2020-10-03 23:31:37 -  > Broadcasted message: "Let da mashing begin! Cyclops riot east of Thais.".
2020-10-04 00:36:49 -  ip inválido
2020-10-04 00:36:49 -  ip inválido
2020-10-04 00:36:49 -  ip inválido
2020-10-04 00:36:49 -  ip inválido
2020-10-04 00:36:49 -  ip inválido
2020-10-04 00:36:49 -  ip inválido
2020-10-04 00:36:49 -  ip inválido
2020-10-04 00:36:49 -  ip inválido
2020-10-04 00:36:49 -  ip inválido
2020-10-04 00:36:49 -  ip inválido
2020-10-04 00:36:49 -  ip inválido
2020-10-04 00:36:49 -  ip inválido
2020-10-04 00:36:49 -  ip inválido
2020-10-04 00:36:49 -  ip inválido
2020-10-04 00:36:49 -  ip inválido
2020-10-04 00:36:49 -  ip inválido
2020-10-04 00:36:49 -  ip inválido
2020-10-04 00:36:49 -  ip inválido
2020-10-04 00:36:49 -  ip inválido
2020-10-04 00:36:49 -  ip inválido
2020-10-04 00:36:49 -  ip inválido
2020-10-04 00:36:49 -  ip inválido
2020-10-04 00:36:49 -  ip inválido
2020-10-04 00:36:49 -  ip inválido
2020-10-04 00:36:49 -  ip inválido
2020-10-04 00:36:49 -  ip inválido
2020-10-04 00:36:49 -  ip inválido
2020-10-04 00:36:49 -  ip inválido
2020-10-04 00:36:49 -  ip inválido
2020-10-04 00:36:49 -  ip inválido
2020-10-04 00:36:49 -  ip inválido
2020-10-04 00:36:49 -  ip inválido
2020-10-04 00:36:49 -  ip inválido
2020-10-04 00:36:49 -  ip inválido
2020-10-04 00:36:49 -  ip inválido
2020-10-04 00:36:49 -  ip inválido
2020-10-04 00:36:49 -  ip inválido
2020-10-04 00:36:49 -  ip inválido
2020-10-04 00:36:49 -  ip inválido
2020-10-04 00:36:49 -  ip inválido
2020-10-04 00:36:49 -  ip inválido
2020-10-04 00:36:49 -  ip inválido
2020-10-04 00:36:49 -  ip inválido
2020-10-04 00:36:49 -  ip inválido
2020-10-04 00:36:49 -  ip inválido
2020-10-04 00:36:49 -  ip inválido
2020-10-04 00:36:49 -  ip inválido
2020-10-04 00:36:49 -  ip inválido
2020-10-04 00:36:49 -  ip inválido
2020-10-04 00:36:49 -  ip inválido
2020-10-04 00:36:49 -  ip inválido
2020-10-04 00:36:49 -  ip inválido
2020-10-04 00:36:49 -  ip inválido
2020-10-04 00:36:49 -  ip inválido
2020-10-04 00:36:49 -  ip inválido
2020-10-04 00:36:49 -  ip inválido
2020-10-04 00:36:49 -  ip inválido
2020-10-04 00:36:49 -  ip inválido
2020-10-04 00:36:49 -  ip inválido
2020-10-04 00:36:49 -  ip inválido
2020-10-04 00:36:49 -  ip inválido
2020-10-04 00:36:49 -  ip inválido
2020-10-04 00:36:49 -  ip inválido
2020-10-04 00:36:49 -  ip inválido
2020-10-04 00:36:49 -  ip inválido
2020-10-04 00:36:49 -  ip inválido
2020-10-04 00:36:49 -  ip inválido
2020-10-04 00:36:49 -  ip inválido
2020-10-04 00:36:49 -  ip inválido
2020-10-04 00:36:49 -  ip inválido
2020-10-04 00:36:49 -  ip inválido
2020-10-04 00:36:49 -  ip inválido
2020-10-04 00:36:49 -  ip inválido
2020-10-04 00:36:49 -  ip inválido
2020-10-04 00:36:49 -  ip inválido
2020-10-04 00:36:49 -  ip inválido
2020-10-04 00:36:49 -  ip inválido
2020-10-04 00:36:49 -  ip inválido
2020-10-04 00:36:49 -  ip inválido
2020-10-04 00:36:49 -  ip inválido
2020-10-04 00:36:49 -  ip inválido
2020-10-04 00:36:49 -  ip inválido
2020-10-04 00:36:49 -  ip inválido
2020-10-04 00:36:49 -  ip inválido
2020-10-04 00:36:49 -  ip inválido
2020-10-04 00:36:49 -  ip inválido
2020-10-04 00:36:49 -  ip inválido
2020-10-04 00:36:49 -  ip inválido
2020-10-04 00:36:49 -  ip inválido
2020-10-04 00:36:49 -  ip inválido
2020-10-04 00:36:49 -  ip inválido
2020-10-04 00:36:49 -  ip inválido
2020-10-04 00:36:49 -  ip inválido
2020-10-04 00:36:49 -  ip inválido
2020-10-04 00:36:49 -  ip inválido
2020-10-04 00:36:49 -  ip inválido
2020-10-04 00:36:49 -  ip inválido
2020-10-04 00:36:49 -  ip inválido
2020-10-04 00:36:49 -  ip inválido
2020-10-04 00:36:49 -  ip inválido
2020-10-04 00:36:49 -  ip inválido
2020-10-04 00:36:49 -  ip inválido
2020-10-04 00:36:49 -  ip inválido
2020-10-04 00:36:49 -  ip inválido
2020-10-04 00:36:49 -  ip inválido
2020-10-04 00:36:49 -  ip inválido
2020-10-04 00:36:49 -  ip inválido
2020-10-04 00:36:49 -  ip inválido
2020-10-04 00:36:49 -  ip inválido
2020-10-04 00:36:49 -  ip inválido
2020-10-04 00:36:49 -  ip inválido
2020-10-04 00:36:49 -  ip inválido
2020-10-04 00:36:49 -  ip inválido
2020-10-04 00:36:49 -  ip inválido
2020-10-04 00:36:49 -  ip inválido
2020-10-04 00:36:49 -  ip inválido
2020-10-04 00:36:49 -  ip inválido
2020-10-04 00:36:49 -  ip inválido
2020-10-04 00:36:49 -  ip inválido
2020-10-04 00:36:49 -  ip inválido
2020-10-04 00:36:49 -  ip inválido
2020-10-04 00:36:49 -  ip inválido
2020-10-04 00:36:49 -  ip inválido
2020-10-04 00:36:49 -  ip inválido
2020-10-04 00:36:49 -  ip inválido
2020-10-04 00:36:49 -  ip inválido
2020-10-04 00:36:49 -  ip inválido
2020-10-04 00:36:49 -  ip inválido
2020-10-04 00:36:49 -  ip inválido
2020-10-04 00:36:49 -  ip inválido
2020-10-04 00:36:49 -  ip inválido
2020-10-04 00:36:49 -  ip inválido
2020-10-04 00:36:49 -  ip inválido
2020-10-04 00:36:49 -  ip inválido
2020-10-04 00:36:49 -  ip inválido
2020-10-04 00:36:49 -  ip inválido
2020-10-04 00:36:49 -  ip inválido
2020-10-04 00:36:49 -  ip inválido
2020-10-04 00:36:49 -  ip inválido
2020-10-04 00:36:49 -  ip inválido
2020-10-04 00:36:49 -  ip inválido
2020-10-04 00:36:49 -  ip inválido
2020-10-04 00:36:49 -  ip inválido
2020-10-04 00:36:49 -  ip inválido
2020-10-04 00:36:49 -  ip inválido
2020-10-04 00:36:49 -  ip inválido
2020-10-04 00:36:49 -  ip inválido
2020-10-04 00:36:49 -  ip inválido
2020-10-04 00:36:49 -  ip inválido
2020-10-04 00:36:49 -  ip inválido
2020-10-04 00:36:49 -  ip inválido
2020-10-04 00:36:49 -  ip inválido
2020-10-04 00:36:49 -  ip inválido
2020-10-04 00:36:49 -  ip inválido
2020-10-04 00:36:49 -  ip inválido
2020-10-04 00:36:49 -  ip inválido
2020-10-04 00:36:49 -  ip inválido
2020-10-04 00:36:49 -  ip inválido
2020-10-04 00:36:49 -  ip inválido
2020-10-04 00:36:49 -  ip inválido
2020-10-04 00:36:49 -  ip inválido
2020-10-04 00:36:49 -  ip inválido
2020-10-04 00:36:49 -  ip inválido
2020-10-04 00:36:49 -  ip inválido
2020-10-04 00:36:49 -  ip inválido
2020-10-04 00:36:49 -  ip inválido
2020-10-04 00:36:49 -  ip inválido
2020-10-04 00:36:49 -  ip inválido
2020-10-04 00:36:49 -  ip inválido
2020-10-04 00:36:49 -  ip inválido
2020-10-04 00:36:49 -  ip inválido
2020-10-04 00:36:49 -  ip inválido
2020-10-04 00:36:49 -  ip inválido
2020-10-04 00:36:49 -  ip inválido
2020-10-04 00:36:49 -  ip inválido
2020-10-04 00:36:49 -  ip inválido
2020-10-04 00:36:49 -  ip inválido
2020-10-04 00:36:49 -  ip inválido
2020-10-04 00:36:49 -  ip inválido
2020-10-04 00:36:49 -  ip inválido
2020-10-04 00:36:49 -  ip inválido
2020-10-04 00:36:49 -  ip inválido
2020-10-04 00:36:49 -  ip inválido
2020-10-04 00:36:49 -  ip inválido
2020-10-04 00:36:49 -  ip inválido
2020-10-04 00:36:49 -  ip inválido
2020-10-04 00:36:49 -  ip inválido
2020-10-04 00:36:49 -  ip inválido
2020-10-04 00:36:49 -  ip inválido
2020-10-04 00:36:49 -  ip inválido
2020-10-04 00:36:49 -  ip inválido
2020-10-04 00:36:49 -  ip inválido
2020-10-04 00:36:49 -  ip inválido
2020-10-04 00:36:49 -  ip inválido
2020-10-04 00:36:49 -  ip inválido
2020-10-04 00:36:49 -  ip inválido
2020-10-04 00:36:49 -  ip inválido
2020-10-04 00:36:49 -  ip inválido
2020-10-04 00:36:49 -  ip inválido
2020-10-04 00:36:49 -  ip inválido
2020-10-04 00:36:49 -  ip inválido
2020-10-04 00:36:49 -  ip inválido
2020-10-04 00:36:49 -  ip inválido
2020-10-04 00:36:49 -  ip inválido
2020-10-04 00:36:49 -  ip inválido
2020-10-04 00:36:49 -  ip inválido
2020-10-04 00:36:49 -  ip inválido
2020-10-04 00:36:49 -  ip inválido
2020-10-04 00:36:49 -  ip inválido
2020-10-04 00:36:49 -  ip inválido
2020-10-04 00:36:49 -  ip inválido
2020-10-04 00:36:49 -  ip inválido
2020-10-04 00:36:49 -  ip inválido
2020-10-04 00:36:49 -  ip inválido
2020-10-04 00:36:49 -  ip inválido
2020-10-04 00:36:49 -  ip inválido
2020-10-04 00:36:49 -  ip inválido
2020-10-04 00:36:49 -  ip inválido
2020-10-04 00:36:49 -  ip inválido
2020-10-04 00:36:49 -  ip inválido
2020-10-04 00:36:49 -  ip inválido
2020-10-04 00:36:49 -  ip inválido
2020-10-04 00:36:49 -  ip inválido
2020-10-04 00:36:49 -  ip inválido
2020-10-04 00:36:49 -  ip inválido
2020-10-04 00:36:49 -  ip inválido
2020-10-04 00:36:49 -  ip inválido
2020-10-04 00:36:49 -  ip inválido
2020-10-04 00:36:49 -  ip inválido
2020-10-04 00:36:49 -  ip inválido
2020-10-04 00:36:49 -  ip inválido
2020-10-04 00:36:49 -  ip inválido
2020-10-04 00:36:49 -  ip inválido
2020-10-04 00:36:49 -  ip inválido
2020-10-04 00:36:49 -  ip inválido
2020-10-04 00:36:49 -  ip inválido
2020-10-04 00:36:49 -  ip inválido
2020-10-04 00:36:49 -  ip inválido
2020-10-04 00:36:49 -  ip inválido
2020-10-04 00:36:49 -  ip inválido
2020-10-04 00:36:49 -  ip inválido
2020-10-04 00:36:49 -  ip inválido
2020-10-04 00:36:49 -  ip inválido
2020-10-04 00:36:49 -  ip inválido
2020-10-04 00:36:49 -  ip inválido
2020-10-04 00:36:49 -  ip inválido
2020-10-04 00:36:49 -  ip inválido
2020-10-04 00:36:49 -  ip inválido
2020-10-04 00:36:49 -  ip inválido
2020-10-04 00:36:49 -  ip inválido
2020-10-04 00:36:49 -  ip inválido
2020-10-04 00:36:49 -  ip inválido
2020-10-04 00:36:49 -  ip inválido
2020-10-04 00:36:49 -  ip inválido
2020-10-04 00:36:49 -  ip inválido
2020-10-04 00:36:49 -  ip inválido
2020-10-04 00:36:49 -  ip inválido
2020-10-04 00:36:49 -  ip inválido
2020-10-04 00:36:49 -  ip inválido
2020-10-04 00:36:49 -  ip inválido
2020-10-04 00:36:49 -  ip inválido
2020-10-04 00:36:49 -  ip inválido
2020-10-04 00:36:49 -  ip inválido
2020-10-04 00:36:49 -  ip inválido
2020-10-04 00:36:49 -  
2020-10-04 00:36:49 -  Lua Script Error: [GlobalEvent Interface] 
2020-10-04 00:36:49 -  data/globalevents/scripts/bosses/Abyssador.lua:onThink
2020-10-04 00:36:49 -  data/lib/rewardboss.lua:8: Rewards can only be enabled to rewards bosses.
2020-10-04 00:36:49 -  stack traceback:
2020-10-04 00:36:49 -  	[C]: at 0x00602980
2020-10-04 00:36:49 -  	[C]: in function 'error'
2020-10-04 00:36:49 -  	data/lib/rewardboss.lua:8: in function 'setReward'
2020-10-04 00:36:49 -  	data/globalevents/scripts/bosses/Abyssador.lua:28: in function <data/globalevents/scripts/bosses/Abyssador.lua:21>
2020-10-04 00:36:49 -  [Error - GlobalEvents::think] Failed to execute event: Abyssador
2020-10-04 00:36:49 -  
2020-10-04 00:36:49 -  Lua Script Error: [GlobalEvent Interface] 
2020-10-04 00:36:49 -  data/globalevents/scripts/bosses/Deathstrike.lua:onThink
2020-10-04 00:36:49 -  data/lib/rewardboss.lua:8: Rewards can only be enabled to rewards bosses.
2020-10-04 00:36:49 -  stack traceback:
2020-10-04 00:36:49 -  	[C]: at 0x00602980
2020-10-04 00:36:49 -  	[C]: in function 'error'
2020-10-04 00:36:49 -  	data/lib/rewardboss.lua:8: in function 'setReward'
2020-10-04 00:36:49 -  	data/globalevents/scripts/bosses/Deathstrike.lua:28: in function <data/globalevents/scripts/bosses/Deathstrike.lua:21>
2020-10-04 00:36:49 -  [Error - GlobalEvents::think] Failed to execute event: Deathstrike
2020-10-04 00:36:49 -  
2020-10-04 00:36:49 -  Lua Script Error: [GlobalEvent Interface] 
2020-10-04 00:36:49 -  data/globalevents/scripts/bosses/Gnomevil.lua:onThink
2020-10-04 00:36:49 -  data/lib/rewardboss.lua:8: Rewards can only be enabled to rewards bosses.
2020-10-04 00:36:49 -  stack traceback:
2020-10-04 00:36:49 -  	[C]: at 0x00602980
2020-10-04 00:36:49 -  	[C]: in function 'error'
2020-10-04 00:36:49 -  	data/lib/rewardboss.lua:8: in function 'setReward'
2020-10-04 00:36:49 -  	data/globalevents/scripts/bosses/Gnomevil.lua:28: in function <data/globalevents/scripts/bosses/Gnomevil.lua:21>
2020-10-04 00:36:49 -  [Error - GlobalEvents::think] Failed to execute event: Gnomevil
2020-10-04 01:55:49 -  ip inválido
2020-10-04 01:55:49 -  ip inválido
2020-10-04 01:55:49 -  ip inválido
2020-10-04 01:55:49 -  ip inválido
2020-10-04 01:55:49 -  ip inválido
2020-10-04 01:55:49 -  ip inválido
2020-10-04 01:55:49 -  ip inválido
2020-10-04 01:55:49 -  ip inválido
2020-10-04 01:55:49 -  ip inválido
2020-10-04 01:55:49 -  ip inválido
2020-10-04 01:55:49 -  ip inválido
2020-10-04 01:55:49 -  ip inválido
2020-10-04 01:55:49 -  ip inválido
2020-10-04 01:55:49 -  ip inválido
2020-10-04 01:55:49 -  ip inválido
2020-10-04 01:55:49 -  ip inválido
2020-10-04 01:55:49 -  ip inválido
2020-10-04 01:55:49 -  ip inválido
2020-10-04 01:55:49 -  ip inválido
2020-10-04 01:55:49 -  ip inválido
2020-10-04 01:55:49 -  ip inválido
2020-10-04 01:55:49 -  ip inválido
2020-10-04 01:55:49 -  ip inválido
2020-10-04 01:55:49 -  ip inválido
2020-10-04 01:55:49 -  ip inválido
2020-10-04 01:55:49 -  ip inválido
2020-10-04 01:55:49 -  ip inválido
2020-10-04 01:55:49 -  ip inválido
2020-10-04 01:55:49 -  ip inválido
2020-10-04 01:55:49 -  ip inválido
2020-10-04 01:55:49 -  ip inválido
2020-10-04 01:55:49 -  ip inválido
2020-10-04 01:55:49 -  ip inválido
2020-10-04 01:55:49 -  ip inválido
2020-10-04 01:55:49 -  ip inválido
2020-10-04 01:55:49 -  ip inválido
2020-10-04 01:55:49 -  ip inválido
2020-10-04 01:55:49 -  ip inválido
2020-10-04 01:55:49 -  ip inválido
2020-10-04 01:55:49 -  ip inválido
2020-10-04 01:55:49 -  ip inválido
2020-10-04 01:55:49 -  ip inválido
2020-10-04 01:55:49 -  ip inválido
2020-10-04 01:55:49 -  ip inválido
2020-10-04 01:55:49 -  ip inválido
2020-10-04 01:55:49 -  ip inválido
2020-10-04 01:55:49 -  ip inválido
2020-10-04 01:55:49 -  ip inválido
2020-10-04 01:55:49 -  ip inválido
2020-10-04 01:55:49 -  ip inválido
2020-10-04 01:55:49 -  ip inválido
2020-10-04 01:55:49 -  ip inválido
2020-10-04 01:55:49 -  ip inválido
2020-10-04 01:55:49 -  ip inválido
2020-10-04 01:55:49 -  ip inválido
2020-10-04 01:55:49 -  ip inválido
2020-10-04 01:55:49 -  ip inválido
2020-10-04 01:55:49 -  ip inválido
2020-10-04 01:55:49 -  ip inválido
2020-10-04 01:55:49 -  ip inválido
2020-10-04 01:55:49 -  ip inválido
2020-10-04 01:55:49 -  ip inválido
2020-10-04 01:55:49 -  ip inválido
2020-10-04 01:55:49 -  ip inválido
2020-10-04 01:55:49 -  ip inválido
2020-10-04 01:55:49 -  ip inválido
2020-10-04 01:55:49 -  ip inválido
2020-10-04 01:55:49 -  ip inválido
2020-10-04 01:55:49 -  ip inválido
2020-10-04 01:55:49 -  ip inválido
2020-10-04 01:55:49 -  ip inválido
2020-10-04 01:55:49 -  ip inválido
2020-10-04 01:55:49 -  ip inválido
2020-10-04 01:55:49 -  ip inválido
2020-10-04 01:55:49 -  ip inválido
2020-10-04 01:55:49 -  ip inválido
2020-10-04 01:55:49 -  ip inválido
2020-10-04 01:55:49 -  ip inválido
2020-10-04 01:55:49 -  ip inválido
2020-10-04 01:55:49 -  ip inválido
2020-10-04 01:55:49 -  ip inválido
2020-10-04 01:55:49 -  ip inválido
2020-10-04 01:55:49 -  ip inválido
2020-10-04 01:55:49 -  ip inválido
2020-10-04 01:55:49 -  ip inválido
2020-10-04 01:55:49 -  ip inválido
2020-10-04 01:55:49 -  ip inválido
2020-10-04 01:55:49 -  ip inválido
2020-10-04 01:55:49 -  ip inválido
2020-10-04 01:55:49 -  ip inválido
2020-10-04 01:55:49 -  ip inválido
2020-10-04 01:55:49 -  ip inválido
2020-10-04 01:55:49 -  ip inválido
2020-10-04 01:55:49 -  ip inválido
2020-10-04 01:55:49 -  ip inválido
2020-10-04 01:55:49 -  ip inválido
2020-10-04 01:55:49 -  ip inválido
2020-10-04 01:55:49 -  ip inválido
2020-10-04 01:55:49 -  ip inválido
2020-10-04 01:55:49 -  ip inválido
2020-10-04 01:55:49 -  ip inválido
2020-10-04 01:55:49 -  ip inválido
2020-10-04 01:55:49 -  ip inválido
2020-10-04 01:55:49 -  ip inválido
2020-10-04 01:55:49 -  ip inválido
2020-10-04 01:55:49 -  ip inválido
2020-10-04 01:55:49 -  ip inválido
2020-10-04 01:55:49 -  ip inválido
2020-10-04 01:55:49 -  ip inválido
2020-10-04 01:55:49 -  ip inválido
2020-10-04 01:55:49 -  ip inválido
2020-10-04 01:55:49 -  ip inválido
2020-10-04 01:55:49 -  ip inválido
2020-10-04 01:55:49 -  ip inválido
2020-10-04 01:55:49 -  ip inválido
2020-10-04 01:55:49 -  ip inválido
2020-10-04 01:55:49 -  ip inválido
2020-10-04 01:55:49 -  ip inválido
2020-10-04 01:55:49 -  ip inválido
2020-10-04 01:55:49 -  ip inválido
2020-10-04 01:55:49 -  ip inválido
2020-10-04 01:55:49 -  ip inválido
2020-10-04 01:55:49 -  ip inválido
2020-10-04 01:55:49 -  ip inválido
2020-10-04 01:55:49 -  ip inválido
2020-10-04 01:55:49 -  ip inválido
2020-10-04 01:55:49 -  ip inválido
2020-10-04 01:55:49 -  ip inválido
2020-10-04 01:55:49 -  ip inválido
2020-10-04 01:55:49 -  ip inválido
2020-10-04 01:55:49 -  ip inválido
2020-10-04 01:55:49 -  ip inválido
2020-10-04 01:55:49 -  ip inválido
2020-10-04 01:55:49 -  ip inválido
2020-10-04 01:55:49 -  ip inválido
2020-10-04 01:55:49 -  ip inválido
2020-10-04 01:55:49 -  ip inválido
2020-10-04 01:55:49 -  ip inválido
2020-10-04 01:55:49 -  ip inválido
2020-10-04 01:55:49 -  ip inválido
2020-10-04 01:55:49 -  ip inválido
2020-10-04 01:55:49 -  ip inválido
2020-10-04 01:55:49 -  ip inválido
2020-10-04 01:55:49 -  ip inválido
2020-10-04 01:55:49 -  ip inválido
2020-10-04 01:55:49 -  ip inválido
2020-10-04 01:55:49 -  ip inválido
2020-10-04 01:55:49 -  ip inválido
2020-10-04 01:55:49 -  ip inválido
2020-10-04 01:55:49 -  ip inválido
2020-10-04 01:55:49 -  ip inválido
2020-10-04 01:55:49 -  ip inválido
2020-10-04 01:55:49 -  ip inválido
2020-10-04 01:55:49 -  ip inválido
2020-10-04 01:55:49 -  ip inválido
2020-10-04 01:55:49 -  ip inválido
2020-10-04 01:55:49 -  ip inválido
2020-10-04 01:55:49 -  ip inválido
2020-10-04 01:55:49 -  ip inválido
2020-10-04 01:55:49 -  ip inválido
2020-10-04 01:55:49 -  ip inválido
2020-10-04 01:55:49 -  ip inválido
2020-10-04 01:55:49 -  ip inválido
2020-10-04 01:55:49 -  ip inválido
2020-10-04 01:55:49 -  ip inválido
2020-10-04 01:55:49 -  ip inválido
2020-10-04 01:55:49 -  ip inválido
2020-10-04 01:55:49 -  ip inválido
2020-10-04 01:55:49 -  ip inválido
2020-10-04 01:55:49 -  ip inválido
2020-10-04 01:55:49 -  ip inválido
2020-10-04 01:55:49 -  ip inválido
2020-10-04 01:55:49 -  ip inválido
2020-10-04 01:55:49 -  ip inválido
2020-10-04 01:55:49 -  ip inválido
2020-10-04 01:55:49 -  ip inválido
2020-10-04 01:55:49 -  ip inválido
2020-10-04 01:55:49 -  ip inválido
2020-10-04 01:55:49 -  ip inválido
2020-10-04 01:55:49 -  ip inválido
2020-10-04 01:55:49 -  ip inválido
2020-10-04 01:55:49 -  ip inválido
2020-10-04 01:55:49 -  ip inválido
2020-10-04 01:55:49 -  ip inválido
2020-10-04 01:55:49 -  ip inválido
2020-10-04 01:55:49 -  ip inválido
2020-10-04 01:55:49 -  ip inválido
2020-10-04 01:55:49 -  ip inválido
2020-10-04 01:55:49 -  ip inválido
2020-10-04 01:55:49 -  ip inválido
2020-10-04 01:55:49 -  ip inválido
2020-10-04 01:55:49 -  ip inválido
2020-10-04 01:55:49 -  ip inválido
2020-10-04 01:55:49 -  ip inválido
2020-10-04 01:55:49 -  ip inválido
2020-10-04 01:55:49 -  ip inválido
2020-10-04 01:55:49 -  ip inválido
2020-10-04 01:55:49 -  ip inválido
2020-10-04 01:55:49 -  ip inválido
2020-10-04 01:55:49 -  ip inválido
2020-10-04 01:55:49 -  ip inválido
2020-10-04 01:55:49 -  ip inválido
2020-10-04 01:55:49 -  ip inválido
2020-10-04 01:55:49 -  ip inválido
2020-10-04 01:55:49 -  ip inválido
2020-10-04 01:55:49 -  ip inválido
2020-10-04 01:55:49 -  ip inválido
2020-10-04 01:55:49 -  ip inválido
2020-10-04 01:55:49 -  ip inválido
2020-10-04 01:55:49 -  ip inválido
2020-10-04 01:55:49 -  ip inválido
2020-10-04 01:55:49 -  ip inválido
2020-10-04 01:55:49 -  ip inválido
2020-10-04 01:55:49 -  ip inválido
2020-10-04 01:55:49 -  ip inválido
2020-10-04 01:55:49 -  ip inválido
2020-10-04 01:55:49 -  ip inválido
2020-10-04 01:55:49 -  ip inválido
2020-10-04 01:55:49 -  ip inválido
2020-10-04 01:55:49 -  ip inválido
2020-10-04 01:55:49 -  ip inválido
2020-10-04 01:55:49 -  ip inválido
2020-10-04 01:55:49 -  ip inválido
2020-10-04 01:55:49 -  ip inválido
2020-10-04 01:55:49 -  ip inválido
2020-10-04 01:55:49 -  ip inválido
2020-10-04 01:55:49 -  ip inválido
2020-10-04 01:55:49 -  ip inválido
2020-10-04 01:55:49 -  ip inválido
2020-10-04 01:55:49 -  ip inválido
2020-10-04 01:55:49 -  ip inválido
2020-10-04 01:55:49 -  ip inválido
2020-10-04 01:55:49 -  ip inválido
2020-10-04 01:55:49 -  ip inválido
2020-10-04 01:55:49 -  ip inválido
2020-10-04 01:55:49 -  ip inválido
2020-10-04 01:55:49 -  ip inválido
2020-10-04 01:55:49 -  ip inválido
2020-10-04 01:55:49 -  ip inválido
2020-10-04 01:55:49 -  ip inválido
2020-10-04 01:55:49 -  ip inválido
2020-10-04 01:55:49 -  ip inválido
2020-10-04 01:55:49 -  ip inválido
2020-10-04 01:55:49 -  ip inválido
2020-10-04 01:55:49 -  ip inválido
2020-10-04 01:55:49 -  ip inválido
2020-10-04 01:55:49 -  ip inválido
2020-10-04 01:55:49 -  ip inválido
2020-10-04 01:55:49 -  ip inválido
2020-10-04 01:55:49 -  ip inválido
2020-10-04 01:55:49 -  ip inválido
2020-10-04 01:55:49 -  ip inválido
2020-10-04 01:55:49 -  ip inválido
2020-10-04 01:55:49 -  ip inválido
2020-10-04 01:55:49 -  ip inválido
2020-10-04 01:55:49 -  ip inválido
2020-10-04 01:55:49 -  ip inválido
2020-10-04 01:55:49 -  ip inválido
2020-10-04 01:55:49 -  ip inválido
2020-10-04 01:55:49 -  ip inválido
2020-10-04 01:55:49 -  ip inválido
2020-10-04 01:55:49 -  ip inválido
2020-10-04 01:55:49 -  ip inválido
2020-10-04 01:55:49 -  ip inválido
2020-10-04 01:55:49 -  ip inválido
2020-10-04 01:55:49 -  ip inválido
2020-10-04 01:55:49 -  ip inválido
2020-10-04 01:55:49 -  ip inválido
2020-10-04 01:55:49 -  ip inválido
2020-10-04 01:55:49 -  ip inválido
2020-10-04 01:55:49 -  ip inválido
2020-10-04 01:55:49 -  ip inválido
2020-10-04 01:55:49 -  ip inválido
2020-10-04 01:55:49 -  ip inválido
2020-10-04 01:55:49 -  ip inválido
2020-10-04 01:55:49 -  ip inválido
2020-10-04 01:55:49 -  ip inválido
2020-10-04 01:55:49 -  ip inválido
2020-10-04 01:55:49 -  ip inválido
2020-10-04 01:55:49 -  ip inválido
2020-10-04 01:55:49 -  ip inválido
2020-10-04 01:55:49 -  ip inválido
2020-10-04 01:55:49 -  ip inválido
2020-10-04 01:55:49 -  ip inválido
2020-10-04 01:55:49 -  ip inválido
2020-10-04 01:55:49 -  ip inválido
2020-10-04 01:55:49 -  ip inválido
2020-10-04 01:55:49 -  ip inválido
2020-10-04 01:55:49 -  ip inválido
2020-10-04 01:55:49 -  ip inválido
2020-10-04 01:55:49 -  ip inválido
2020-10-04 01:55:49 -  ip inválido
2020-10-04 01:55:49 -  ip inválido
2020-10-04 01:55:49 -  ip inválido
2020-10-04 01:55:49 -  ip inválido
2020-10-04 01:55:49 -  ip inválido
2020-10-04 01:55:49 -  ip inválido
2020-10-04 01:55:49 -  ip inválido
2020-10-04 01:55:49 -  ip inválido
2020-10-04 01:55:49 -  ip inválido
2020-10-04 01:55:49 -  ip inválido
2020-10-04 01:55:49 -  ip inválido
2020-10-04 01:55:49 -  ip inválido
2020-10-04 01:55:49 -  ip inválido
2020-10-04 01:55:49 -  ip inválido
2020-10-04 01:55:49 -  ip inválido
2020-10-04 01:55:49 -  ip inválido
2020-10-04 01:55:49 -  ip inválido
2020-10-04 01:55:49 -  ip inválido
2020-10-04 01:55:49 -  ip inválido
2020-10-04 01:55:49 -  ip inválido
2020-10-04 01:55:49 -  ip inválido
2020-10-04 01:55:49 -  ip inválido
2020-10-04 01:55:49 -  ip inválido
2020-10-04 01:55:49 -  ip inválido
2020-10-04 02:23:37 -  ip inválido
2020-10-04 02:23:37 -  ip inválido
2020-10-04 02:23:37 -  ip inválido
2020-10-04 02:23:37 -  ip inválido
2020-10-04 02:23:37 -  ip inválido
2020-10-04 02:23:37 -  ip inválido
2020-10-04 02:23:37 -  ip inválido
2020-10-04 02:23:37 -  ip inválido
2020-10-04 02:23:37 -  ip inválido
2020-10-04 02:23:37 -  ip inválido
2020-10-04 02:23:37 -  ip inválido
2020-10-04 02:23:37 -  ip inválido
2020-10-04 02:23:37 -  ip inválido
2020-10-04 02:23:37 -  ip inválido
2020-10-04 02:23:37 -  ip inválido
2020-10-04 02:23:37 -  ip inválido
2020-10-04 02:23:37 -  ip inválido
2020-10-04 02:23:37 -  ip inválido
2020-10-04 02:23:37 -  ip inválido
2020-10-04 02:23:37 -  ip inválido
2020-10-04 02:23:37 -  ip inválido
2020-10-04 02:23:37 -  ip inválido
2020-10-04 02:23:37 -  ip inválido
2020-10-04 02:23:37 -  ip inválido
2020-10-04 02:23:37 -  ip inválido
2020-10-04 02:23:37 -  ip inválido
2020-10-04 02:23:37 -  ip inválido
2020-10-04 02:23:37 -  ip inválido
2020-10-04 02:23:37 -  ip inválido
2020-10-04 02:23:37 -  ip inválido
2020-10-04 02:23:37 -  ip inválido
2020-10-04 02:23:37 -  ip inválido
2020-10-04 02:23:37 -  ip inválido
2020-10-04 02:23:37 -  ip inválido
2020-10-04 02:23:37 -  ip inválido
2020-10-04 02:23:37 -  ip inválido
2020-10-04 02:23:37 -  ip inválido
2020-10-04 02:23:37 -  ip inválido
2020-10-04 02:23:37 -  ip inválido
2020-10-04 02:23:37 -  ip inválido
2020-10-04 02:23:37 -  ip inválido
2020-10-04 02:23:37 -  ip inválido
2020-10-04 02:23:37 -  ip inválido
2020-10-04 02:23:37 -  ip inválido
2020-10-04 02:23:37 -  ip inválido
2020-10-04 02:23:37 -  ip inválido
2020-10-04 02:23:37 -  ip inválido
2020-10-04 02:23:37 -  ip inválido
2020-10-04 02:23:37 -  ip inválido
2020-10-04 02:23:37 -  ip inválido
2020-10-04 02:23:37 -  ip inválido
2020-10-04 02:23:37 -  ip inválido
2020-10-04 02:23:37 -  ip inválido
2020-10-04 02:23:37 -  ip inválido
2020-10-04 02:23:37 -  ip inválido
2020-10-04 02:23:37 -  ip inválido
2020-10-04 02:23:37 -  ip inválido
2020-10-04 02:23:37 -  ip inválido
2020-10-04 02:23:37 -  ip inválido
2020-10-04 02:23:37 -  ip inválido
2020-10-04 02:23:37 -  ip inválido
2020-10-04 02:23:37 -  ip inválido
2020-10-04 02:23:37 -  ip inválido
2020-10-04 02:23:37 -  ip inválido
2020-10-04 02:23:37 -  ip inválido
2020-10-04 02:23:37 -  ip inválido
2020-10-04 02:23:37 -  ip inválido
2020-10-04 02:23:37 -  ip inválido
2020-10-04 02:23:37 -  ip inválido
2020-10-04 02:23:37 -  ip inválido
2020-10-04 02:23:37 -  ip inválido
2020-10-04 02:23:37 -  ip inválido
2020-10-04 02:23:37 -  ip inválido
2020-10-04 02:23:37 -  ip inválido
2020-10-04 02:23:37 -  ip inválido
2020-10-04 02:23:37 -  ip inválido
2020-10-04 02:23:37 -  ip inválido
2020-10-04 02:23:37 -  ip inválido
2020-10-04 02:23:37 -  ip inválido
2020-10-04 02:23:37 -  ip inválido
2020-10-04 02:23:37 -  ip inválido
2020-10-04 02:23:37 -  ip inválido
2020-10-04 02:23:37 -  ip inválido
2020-10-04 02:23:37 -  ip inválido
2020-10-04 02:23:37 -  ip inválido
2020-10-04 02:23:37 -  ip inválido
2020-10-04 02:23:37 -  ip inválido
2020-10-04 02:23:37 -  ip inválido
2020-10-04 02:23:37 -  ip inválido
2020-10-04 02:23:37 -  ip inválido
2020-10-04 02:23:37 -  ip inválido
2020-10-04 02:23:37 -  ip inválido
2020-10-04 02:23:37 -  ip inválido
2020-10-04 02:23:37 -  ip inválido
2020-10-04 02:23:37 -  ip inválido
2020-10-04 02:23:37 -  ip inválido
2020-10-04 02:23:37 -  ip inválido
2020-10-04 02:23:37 -  ip inválido
2020-10-04 02:23:37 -  ip inválido
2020-10-04 02:23:37 -  ip inválido
2020-10-04 02:23:37 -  ip inválido
2020-10-04 02:23:37 -  ip inválido
2020-10-04 02:23:37 -  ip inválido
2020-10-04 02:23:37 -  ip inválido
2020-10-04 02:23:37 -  ip inválido
2020-10-04 02:23:37 -  ip inválido
2020-10-04 02:23:37 -  ip inválido
2020-10-04 02:23:37 -  ip inválido
2020-10-04 02:23:37 -  ip inválido
2020-10-04 02:23:37 -  > Broadcasted message: "There seems to be a big gnarlhoud gang in Zao Steppe.".
2020-10-04 02:23:56 -  ip inválido
2020-10-04 02:23:56 -  ip inválido
2020-10-04 02:23:56 -  ip inválido
2020-10-04 02:23:56 -  ip inválido
2020-10-04 02:23:56 -  > Broadcasted message: "The gnarlhounds seem to multiply by the minute.".
2020-10-04 02:25:36 -  ip inválido
2020-10-04 02:25:36 -  ip inválido
2020-10-04 02:25:36 -  ip inválido
2020-10-04 02:25:36 -  ip inválido
2020-10-04 02:25:36 -  > Broadcasted message: "The gnarlhounds roam free in the Zao Steppe. Watch out!".
2020-10-04 03:36:49 -  ip inválido
2020-10-04 03:36:49 -  ip inválido
2020-10-04 03:36:49 -  ip inválido
2020-10-04 03:36:49 -  ip inválido
2020-10-04 03:36:49 -  ip inválido
2020-10-04 03:36:49 -  ip inválido
2020-10-04 03:36:49 -  ip inválido
2020-10-04 03:36:49 -  ip inválido
2020-10-04 03:36:49 -  ip inválido
2020-10-04 03:36:49 -  ip inválido
2020-10-04 03:36:49 -  ip inválido
2020-10-04 03:36:49 -  ip inválido
2020-10-04 03:36:49 -  ip inválido
2020-10-04 03:36:49 -  ip inválido
2020-10-04 03:36:49 -  ip inválido
2020-10-04 03:36:49 -  ip inválido
2020-10-04 03:36:49 -  ip inválido
2020-10-04 03:36:49 -  ip inválido
2020-10-04 03:36:49 -  ip inválido
2020-10-04 03:36:49 -  ip inválido
2020-10-04 03:36:49 -  ip inválido
2020-10-04 03:36:49 -  ip inválido
2020-10-04 03:36:49 -  ip inválido
2020-10-04 03:36:49 -  ip inválido
2020-10-04 03:36:49 -  ip inválido
2020-10-04 03:36:49 -  ip inválido
2020-10-04 03:36:49 -  ip inválido
2020-10-04 03:36:49 -  ip inválido
2020-10-04 03:36:49 -  ip inválido
2020-10-04 03:36:49 -  ip inválido
2020-10-04 03:36:49 -  ip inválido
2020-10-04 03:36:49 -  ip inválido
2020-10-04 03:36:49 -  ip inválido
2020-10-04 03:36:49 -  ip inválido
2020-10-04 03:36:49 -  ip inválido
2020-10-04 03:36:49 -  ip inválido
2020-10-04 03:36:49 -  ip inválido
2020-10-04 03:36:49 -  ip inválido
2020-10-04 03:36:49 -  ip inválido
2020-10-04 03:36:49 -  ip inválido
2020-10-04 03:36:49 -  ip inválido
2020-10-04 03:36:49 -  ip inválido
2020-10-04 03:36:49 -  ip inválido
2020-10-04 03:36:49 -  ip inválido
2020-10-04 03:36:49 -  ip inválido
2020-10-04 03:36:49 -  ip inválido
2020-10-04 03:36:49 -  ip inválido
2020-10-04 03:36:49 -  ip inválido
2020-10-04 03:36:49 -  ip inválido
2020-10-04 03:36:49 -  ip inválido
2020-10-04 03:36:49 -  ip inválido
2020-10-04 03:36:49 -  ip inválido
2020-10-04 03:36:49 -  ip inválido
2020-10-04 03:36:49 -  ip inválido
2020-10-04 03:36:49 -  ip inválido
2020-10-04 03:36:49 -  ip inválido
2020-10-04 03:36:49 -  ip inválido
2020-10-04 03:36:49 -  ip inválido
2020-10-04 03:36:49 -  ip inválido
2020-10-04 03:36:49 -  ip inválido
2020-10-04 03:36:49 -  ip inválido
2020-10-04 03:36:49 -  ip inválido
2020-10-04 03:36:49 -  ip inválido
2020-10-04 03:36:49 -  ip inválido
2020-10-04 03:36:49 -  ip inválido
2020-10-04 03:36:49 -  ip inválido
2020-10-04 03:36:49 -  ip inválido
2020-10-04 03:36:49 -  ip inválido
2020-10-04 03:36:49 -  ip inválido
2020-10-04 03:36:49 -  ip inválido
2020-10-04 03:36:49 -  ip inválido
2020-10-04 03:36:49 -  ip inválido
2020-10-04 03:36:49 -  ip inválido
2020-10-04 03:36:49 -  ip inválido
2020-10-04 03:36:49 -  ip inválido
2020-10-04 03:36:49 -  ip inválido
2020-10-04 03:36:49 -  ip inválido
2020-10-04 03:36:49 -  ip inválido
2020-10-04 03:36:49 -  ip inválido
2020-10-04 03:36:49 -  ip inválido
2020-10-04 03:36:49 -  ip inválido
2020-10-04 03:36:49 -  ip inválido
2020-10-04 03:36:49 -  ip inválido
2020-10-04 03:36:49 -  ip inválido
2020-10-04 03:36:49 -  ip inválido
2020-10-04 03:36:49 -  ip inválido
2020-10-04 03:36:49 -  ip inválido
2020-10-04 03:36:49 -  ip inválido
2020-10-04 03:36:49 -  ip inválido
2020-10-04 03:36:49 -  ip inválido
2020-10-04 03:36:49 -  ip inválido
2020-10-04 03:36:49 -  ip inválido
2020-10-04 03:36:49 -  ip inválido
2020-10-04 03:36:49 -  ip inválido
2020-10-04 03:36:49 -  ip inválido
2020-10-04 03:36:49 -  ip inválido
2020-10-04 03:36:49 -  ip inválido
2020-10-04 03:36:49 -  ip inválido
2020-10-04 03:36:49 -  ip inválido
2020-10-04 03:36:49 -  ip inválido
2020-10-04 03:36:49 -  ip inválido
2020-10-04 03:36:49 -  ip inválido
2020-10-04 03:36:49 -  ip inválido
2020-10-04 03:36:49 -  ip inválido
2020-10-04 03:36:49 -  ip inválido
2020-10-04 03:36:49 -  ip inválido
2020-10-04 03:36:49 -  ip inválido
2020-10-04 03:36:49 -  ip inválido
2020-10-04 03:36:49 -  ip inválido
2020-10-04 03:36:49 -  ip inválido
2020-10-04 03:36:49 -  ip inválido
2020-10-04 03:36:49 -  ip inválido
2020-10-04 03:36:49 -  ip inválido
2020-10-04 03:36:49 -  ip inválido
2020-10-04 03:36:49 -  ip inválido
2020-10-04 03:36:49 -  ip inválido
2020-10-04 03:36:49 -  ip inválido
2020-10-04 03:36:49 -  ip inválido
2020-10-04 03:36:49 -  ip inválido
2020-10-04 03:36:49 -  ip inválido
2020-10-04 03:36:49 -  ip inválido
2020-10-04 03:36:49 -  ip inválido
2020-10-04 03:36:49 -  ip inválido
2020-10-04 03:36:49 -  ip inválido
2020-10-04 03:36:49 -  ip inválido
2020-10-04 03:36:49 -  ip inválido
2020-10-04 03:36:49 -  ip inválido
2020-10-04 03:36:49 -  ip inválido
2020-10-04 03:36:49 -  ip inválido
2020-10-04 03:36:49 -  ip inválido
2020-10-04 03:36:49 -  ip inválido
2020-10-04 03:36:49 -  ip inválido
2020-10-04 03:36:49 -  ip inválido
2020-10-04 03:36:49 -  ip inválido
2020-10-04 03:36:49 -  ip inválido
2020-10-04 03:36:49 -  ip inválido
2020-10-04 03:36:49 -  ip inválido
2020-10-04 03:36:49 -  ip inválido
2020-10-04 03:36:49 -  ip inválido
2020-10-04 03:36:49 -  ip inválido
2020-10-04 03:36:49 -  ip inválido
2020-10-04 03:36:49 -  ip inválido
2020-10-04 03:36:49 -  ip inválido
2020-10-04 03:36:49 -  ip inválido
2020-10-04 03:36:49 -  ip inválido
2020-10-04 03:36:49 -  ip inválido
2020-10-04 03:36:49 -  ip inválido
2020-10-04 03:36:49 -  ip inválido
2020-10-04 03:36:49 -  ip inválido
2020-10-04 03:36:49 -  ip inválido
2020-10-04 03:36:49 -  ip inválido
2020-10-04 03:36:49 -  ip inválido
2020-10-04 03:36:49 -  ip inválido
2020-10-04 03:36:49 -  ip inválido
2020-10-04 03:36:49 -  ip inválido
2020-10-04 03:36:49 -  ip inválido
2020-10-04 03:36:49 -  ip inválido
2020-10-04 03:36:49 -  ip inválido
2020-10-04 03:36:49 -  ip inválido
2020-10-04 03:36:49 -  ip inválido
2020-10-04 03:36:49 -  ip inválido
2020-10-04 03:36:49 -  ip inválido
2020-10-04 03:36:49 -  ip inválido
2020-10-04 03:36:49 -  ip inválido
2020-10-04 03:36:49 -  ip inválido
2020-10-04 03:36:49 -  ip inválido
2020-10-04 03:36:49 -  ip inválido
2020-10-04 03:36:49 -  ip inválido
2020-10-04 03:36:49 -  ip inválido
2020-10-04 03:36:49 -  ip inválido
2020-10-04 03:36:49 -  ip inválido
2020-10-04 03:36:49 -  ip inválido
2020-10-04 03:36:49 -  ip inválido
2020-10-04 03:36:49 -  ip inválido
2020-10-04 03:36:49 -  ip inválido
2020-10-04 03:36:49 -  ip inválido
2020-10-04 03:36:49 -  ip inválido
2020-10-04 03:36:49 -  ip inválido
2020-10-04 03:36:49 -  ip inválido
2020-10-04 03:36:49 -  ip inválido
2020-10-04 03:36:49 -  ip inválido
2020-10-04 03:36:49 -  ip inválido
2020-10-04 03:36:49 -  ip inválido
2020-10-04 03:36:49 -  ip inválido
2020-10-04 03:36:49 -  ip inválido
2020-10-04 03:36:49 -  ip inválido
2020-10-04 03:36:49 -  ip inválido
2020-10-04 03:36:49 -  ip inválido
2020-10-04 03:36:49 -  ip inválido
2020-10-04 03:36:49 -  ip inválido
2020-10-04 03:36:49 -  ip inválido
2020-10-04 03:36:49 -  ip inválido
2020-10-04 03:36:49 -  ip inválido
2020-10-04 03:36:49 -  ip inválido
2020-10-04 03:36:49 -  ip inválido
2020-10-04 03:36:49 -  ip inválido
2020-10-04 03:36:49 -  ip inválido
2020-10-04 03:36:49 -  ip inválido
2020-10-04 03:36:49 -  ip inválido
2020-10-04 03:36:49 -  ip inválido
2020-10-04 03:36:49 -  ip inválido
2020-10-04 03:36:49 -  ip inválido
2020-10-04 03:36:49 -  ip inválido
2020-10-04 03:36:49 -  ip inválido
2020-10-04 03:36:49 -  ip inválido
2020-10-04 03:36:49 -  ip inválido
2020-10-04 03:36:49 -  ip inválido
2020-10-04 03:36:49 -  ip inválido
2020-10-04 03:36:49 -  ip inválido
2020-10-04 03:36:49 -  ip inválido
2020-10-04 03:36:49 -  ip inválido
2020-10-04 03:36:49 -  ip inválido
2020-10-04 03:36:49 -  ip inválido
2020-10-04 03:36:49 -  ip inválido
2020-10-04 03:36:49 -  ip inválido
2020-10-04 03:36:49 -  ip inválido
2020-10-04 03:36:49 -  ip inválido
2020-10-04 03:36:49 -  ip inválido
2020-10-04 03:36:49 -  ip inválido
2020-10-04 03:36:49 -  ip inválido
2020-10-04 03:36:49 -  ip inválido
2020-10-04 03:36:49 -  ip inválido
2020-10-04 03:36:49 -  ip inválido
2020-10-04 03:36:49 -  ip inválido
2020-10-04 03:36:49 -  ip inválido
2020-10-04 03:36:49 -  ip inválido
2020-10-04 03:36:49 -  ip inválido
2020-10-04 03:36:49 -  ip inválido
2020-10-04 03:36:49 -  ip inválido
2020-10-04 03:36:49 -  ip inválido
2020-10-04 03:36:49 -  ip inválido
2020-10-04 03:36:49 -  ip inválido
2020-10-04 03:36:49 -  ip inválido
2020-10-04 03:36:49 -  ip inválido
2020-10-04 03:36:49 -  ip inválido
2020-10-04 03:36:49 -  ip inválido
2020-10-04 03:36:49 -  ip inválido
2020-10-04 03:36:49 -  ip inválido
2020-10-04 03:36:49 -  ip inválido
2020-10-04 03:36:49 -  ip inválido
2020-10-04 03:36:49 -  ip inválido
2020-10-04 03:36:49 -  ip inválido
2020-10-04 03:36:49 -  ip inválido
2020-10-04 03:36:49 -  ip inválido
2020-10-04 03:36:49 -  ip inválido
2020-10-04 03:36:49 -  ip inválido
2020-10-04 03:36:49 -  ip inválido
2020-10-04 03:36:49 -  ip inválido
2020-10-04 03:36:49 -  ip inválido
2020-10-04 03:36:49 -  ip inválido
2020-10-04 03:36:49 -  ip inválido
2020-10-04 03:36:49 -  ip inválido
2020-10-04 03:36:49 -  ip inválido
2020-10-04 03:36:49 -  ip inválido
2020-10-04 03:36:49 -  ip inválido
2020-10-04 03:36:49 -  ip inválido
2020-10-04 03:36:49 -  ip inválido
2020-10-04 03:36:49 -  ip inválido
2020-10-04 03:36:49 -  ip inválido
2020-10-04 03:36:49 -  ip inválido
2020-10-04 03:36:49 -  ip inválido
2020-10-04 03:36:49 -  ip inválido
2020-10-04 03:36:49 -  ip inválido
2020-10-04 03:36:49 -  ip inválido
2020-10-04 03:36:49 -  ip inválido
2020-10-04 03:36:49 -  ip inválido
2020-10-04 03:36:49 -  ip inválido
2020-10-04 03:36:49 -  ip inválido
2020-10-04 03:36:49 -  ip inválido
2020-10-04 03:36:49 -  ip inválido
2020-10-04 03:36:49 -  ip inválido
2020-10-04 03:36:49 -  ip inválido
2020-10-04 03:36:49 -  ip inválido
2020-10-04 03:36:49 -  ip inválido
2020-10-04 03:36:49 -  ip inválido
2020-10-04 03:36:49 -  ip inválido
2020-10-04 03:36:49 -  ip inválido
2020-10-04 03:36:49 -  ip inválido
2020-10-04 03:36:49 -  ip inválido
2020-10-04 03:36:49 -  ip inválido
2020-10-04 03:36:49 -  ip inválido
2020-10-04 03:36:49 -  ip inválido
2020-10-04 03:36:49 -  ip inválido
2020-10-04 03:36:49 -  ip inválido
2020-10-04 03:36:49 -  ip inválido
2020-10-04 03:36:49 -  ip inválido
2020-10-04 03:36:49 -  ip inválido
2020-10-04 03:36:49 -  ip inválido
2020-10-04 03:36:49 -  
2020-10-04 03:36:49 -  Lua Script Error: [GlobalEvent Interface] 
2020-10-04 03:36:49 -  data/globalevents/scripts/Ghulosh.lua:onThink
2020-10-04 03:36:49 -  data/globalevents/scripts/Ghulosh.lua:34: attempt to index local 'boss' (a nil value)
2020-10-04 03:36:49 -  stack traceback:
2020-10-04 03:36:49 -  	[C]: in function '__index'
2020-10-04 03:36:49 -  	data/globalevents/scripts/Ghulosh.lua:34: in function <data/globalevents/scripts/Ghulosh.lua:21>
2020-10-04 03:36:49 -  [Error - GlobalEvents::think] Failed to execute event: Ghulosh
2020-10-04 03:36:49 -  
2020-10-04 03:36:49 -  Lua Script Error: [GlobalEvent Interface] 
2020-10-04 03:36:49 -  data/globalevents/scripts/Gorzindel.lua:onThink
2020-10-04 03:36:49 -  data/globalevents/scripts/Gorzindel.lua:34: attempt to index local 'boss' (a nil value)
2020-10-04 03:36:49 -  stack traceback:
2020-10-04 03:36:49 -  	[C]: in function '__index'
2020-10-04 03:36:49 -  	data/globalevents/scripts/Gorzindel.lua:34: in function <data/globalevents/scripts/Gorzindel.lua:21>
2020-10-04 03:36:49 -  [Error - GlobalEvents::think] Failed to execute event: Gorzindel
2020-10-04 03:36:49 -  
2020-10-04 03:36:49 -  Lua Script Error: [GlobalEvent Interface] 
2020-10-04 03:36:49 -  data/globalevents/scripts/Lokathmor.lua:onThink
2020-10-04 03:36:49 -  data/globalevents/scripts/Lokathmor.lua:34: attempt to index local 'boss' (a nil value)
2020-10-04 03:36:49 -  stack traceback:
2020-10-04 03:36:49 -  	[C]: in function '__index'
2020-10-04 03:36:49 -  	data/globalevents/scripts/Lokathmor.lua:34: in function <data/globalevents/scripts/Lokathmor.lua:21>
2020-10-04 03:36:49 -  [Error - GlobalEvents::think] Failed to execute event: Lokathmor
2020-10-04 03:36:49 -  
2020-10-04 03:36:49 -  Lua Script Error: [GlobalEvent Interface] 
2020-10-04 03:36:49 -  data/globalevents/scripts/Mazzinor.lua:onThink
2020-10-04 03:36:49 -  data/globalevents/scripts/Mazzinor.lua:34: attempt to index local 'boss' (a nil value)
2020-10-04 03:36:49 -  stack traceback:
2020-10-04 03:36:49 -  	[C]: in function '__index'
2020-10-04 03:36:49 -  	data/globalevents/scripts/Mazzinor.lua:34: in function <data/globalevents/scripts/Mazzinor.lua:21>
2020-10-04 03:36:49 -  [Error - GlobalEvents::think] Failed to execute event: Mazzinor
2020-10-04 03:36:49 -  [Warning - Monsters::loadMonster] Non-unique loot item "Giant Sapphire". 
2020-10-04 03:36:49 -  [Warning - Monsters::loadMonster] Cant load loot. data/monster/Secret Library/the scourge of oblivion.xml
2020-10-04 03:36:49 -  [Warning - Monsters::loadMonster] Non-unique loot item "Collar of Blue Plasma". 
2020-10-04 03:36:49 -  [Warning - Monsters::loadMonster] Cant load loot. data/monster/Secret Library/the scourge of oblivion.xml
2020-10-04 03:36:49 -  [Warning - Monsters::loadMonster] Non-unique loot item "Giant Shimmering Pearl". 
2020-10-04 03:36:49 -  [Warning - Monsters::loadMonster] Cant load loot. data/monster/Secret Library/the scourge of oblivion.xml
2020-10-04 03:36:49 -  [Warning - Monsters::loadMonster] Unknown loot item "The Calamity". 
2020-10-04 03:36:49 -  [Warning - Monsters::loadMonster] Cant load loot. data/monster/Secret Library/the scourge of oblivion.xml
2020-10-04 03:36:49 -  
2020-10-04 03:36:49 -  Lua Script Error: [GlobalEvent Interface] 
2020-10-04 03:36:49 -  data/globalevents/scripts/The Scourge Of Oblivion.lua:onThink
2020-10-04 03:36:49 -  data/globalevents/scripts/The Scourge Of Oblivion.lua:34: attempt to index local 'boss' (a nil value)
2020-10-04 03:36:49 -  stack traceback:
2020-10-04 03:36:49 -  	[C]: in function '__index'
2020-10-04 03:36:49 -  	data/globalevents/scripts/The Scourge Of Oblivion.lua:34: in function <data/globalevents/scripts/The Scourge Of Oblivion.lua:21>
2020-10-04 03:36:49 -  [Error - GlobalEvents::think] Failed to execute event: The Scourge Of Oblivion
2020-10-04 04:55:49 -  ip inválido
2020-10-04 04:55:49 -  ip inválido
2020-10-04 04:55:49 -  ip inválido
2020-10-04 04:55:49 -  ip inválido
2020-10-04 04:55:49 -  ip inválido
2020-10-04 04:55:49 -  ip inválido
2020-10-04 04:55:49 -  ip inválido
2020-10-04 04:55:49 -  ip inválido
2020-10-04 04:55:49 -  ip inválido
2020-10-04 04:55:49 -  ip inválido
2020-10-04 04:55:49 -  ip inválido
2020-10-04 04:55:49 -  ip inválido
2020-10-04 04:55:49 -  ip inválido
2020-10-04 04:55:49 -  ip inválido
2020-10-04 04:55:49 -  ip inválido
2020-10-04 04:55:49 -  ip inválido
2020-10-04 04:55:49 -  ip inválido
2020-10-04 04:55:49 -  ip inválido
2020-10-04 04:55:49 -  ip inválido
2020-10-04 04:55:49 -  ip inválido
2020-10-04 04:55:49 -  ip inválido
2020-10-04 04:55:49 -  ip inválido
2020-10-04 04:55:49 -  ip inválido
2020-10-04 04:55:49 -  ip inválido
2020-10-04 04:55:49 -  ip inválido
2020-10-04 04:55:49 -  ip inválido
2020-10-04 04:55:49 -  ip inválido
2020-10-04 04:55:49 -  ip inválido
2020-10-04 04:55:49 -  ip inválido
2020-10-04 04:55:49 -  ip inválido
2020-10-04 04:55:49 -  ip inválido
2020-10-04 04:55:49 -  ip inválido
2020-10-04 04:55:49 -  ip inválido
2020-10-04 04:55:49 -  ip inválido
2020-10-04 04:55:49 -  ip inválido
2020-10-04 04:55:49 -  ip inválido
2020-10-04 04:55:49 -  ip inválido
2020-10-04 04:55:49 -  ip inválido
2020-10-04 04:55:49 -  ip inválido
2020-10-04 04:55:49 -  ip inválido
2020-10-04 04:55:49 -  ip inválido
2020-10-04 04:55:49 -  ip inválido
2020-10-04 04:55:49 -  ip inválido
2020-10-04 04:55:49 -  ip inválido
2020-10-04 04:55:49 -  ip inválido
2020-10-04 04:55:49 -  ip inválido
2020-10-04 04:55:49 -  ip inválido
2020-10-04 04:55:49 -  ip inválido
2020-10-04 04:55:49 -  ip inválido
2020-10-04 04:55:49 -  ip inválido
2020-10-04 04:55:49 -  ip inválido
2020-10-04 04:55:49 -  ip inválido
2020-10-04 04:55:49 -  ip inválido
2020-10-04 04:55:49 -  ip inválido
2020-10-04 04:55:49 -  ip inválido
2020-10-04 04:55:49 -  ip inválido
2020-10-04 04:55:49 -  ip inválido
2020-10-04 04:55:49 -  ip inválido
2020-10-04 04:55:49 -  ip inválido
2020-10-04 04:55:49 -  ip inválido
2020-10-04 04:55:49 -  ip inválido
2020-10-04 04:55:49 -  ip inválido
2020-10-04 04:55:49 -  ip inválido
2020-10-04 04:55:49 -  ip inválido
2020-10-04 04:55:49 -  ip inválido
2020-10-04 04:55:49 -  ip inválido
2020-10-04 04:55:49 -  ip inválido
2020-10-04 04:55:49 -  ip inválido
2020-10-04 04:55:49 -  ip inválido
2020-10-04 04:55:49 -  ip inválido
2020-10-04 04:55:49 -  ip inválido
2020-10-04 04:55:49 -  ip inválido
2020-10-04 04:55:49 -  ip inválido
2020-10-04 04:55:49 -  ip inválido
2020-10-04 04:55:49 -  ip inválido
2020-10-04 04:55:49 -  ip inválido
2020-10-04 04:55:49 -  ip inválido
2020-10-04 04:55:49 -  ip inválido
2020-10-04 04:55:49 -  ip inválido
2020-10-04 04:55:49 -  ip inválido
2020-10-04 04:55:49 -  ip inválido
2020-10-04 04:55:49 -  ip inválido
2020-10-04 04:55:49 -  ip inválido
2020-10-04 04:55:49 -  ip inválido
2020-10-04 04:55:49 -  ip inválido
2020-10-04 04:55:49 -  ip inválido
2020-10-04 04:55:49 -  ip inválido
2020-10-04 04:55:49 -  ip inválido
2020-10-04 04:55:49 -  ip inválido
2020-10-04 04:55:49 -  ip inválido
2020-10-04 04:55:49 -  ip inválido
2020-10-04 04:55:49 -  ip inválido
2020-10-04 04:55:49 -  ip inválido
2020-10-04 04:55:49 -  ip inválido
2020-10-04 04:55:49 -  ip inválido
2020-10-04 04:55:49 -  ip inválido
2020-10-04 04:55:49 -  ip inválido
2020-10-04 04:55:49 -  ip inválido
2020-10-04 04:55:49 -  ip inválido
2020-10-04 04:55:49 -  ip inválido
2020-10-04 04:55:49 -  ip inválido
2020-10-04 04:55:49 -  ip inválido
2020-10-04 04:55:49 -  ip inválido
2020-10-04 04:55:49 -  ip inválido
2020-10-04 04:55:49 -  ip inválido
2020-10-04 04:55:49 -  ip inválido
2020-10-04 04:55:49 -  ip inválido
2020-10-04 04:55:49 -  ip inválido
2020-10-04 04:55:49 -  ip inválido
2020-10-04 04:55:49 -  ip inválido
2020-10-04 04:55:49 -  ip inválido
2020-10-04 04:55:49 -  ip inválido
2020-10-04 04:55:49 -  ip inválido
2020-10-04 04:55:49 -  ip inválido
2020-10-04 04:55:49 -  ip inválido
2020-10-04 04:55:49 -  ip inválido
2020-10-04 04:55:49 -  ip inválido
2020-10-04 04:55:49 -  ip inválido
2020-10-04 04:55:49 -  ip inválido
2020-10-04 04:55:49 -  ip inválido
2020-10-04 04:55:49 -  ip inválido
2020-10-04 04:55:49 -  ip inválido
2020-10-04 04:55:49 -  ip inválido
2020-10-04 04:55:49 -  ip inválido
2020-10-04 04:55:49 -  ip inválido
2020-10-04 04:55:49 -  ip inválido
2020-10-04 04:55:49 -  ip inválido
2020-10-04 04:55:49 -  ip inválido
2020-10-04 04:55:49 -  ip inválido
2020-10-04 04:55:49 -  ip inválido
2020-10-04 04:55:49 -  ip inválido
2020-10-04 04:55:49 -  ip inválido
2020-10-04 04:55:49 -  ip inválido
2020-10-04 04:55:49 -  ip inválido
2020-10-04 04:55:49 -  ip inválido
2020-10-04 04:55:49 -  ip inválido
2020-10-04 04:55:49 -  ip inválido
2020-10-04 04:55:49 -  ip inválido
2020-10-04 04:55:49 -  ip inválido
2020-10-04 04:55:49 -  ip inválido
2020-10-04 04:55:49 -  ip inválido
2020-10-04 04:55:49 -  ip inválido
2020-10-04 04:55:49 -  ip inválido
2020-10-04 04:55:49 -  ip inválido
2020-10-04 04:55:49 -  ip inválido
2020-10-04 04:55:49 -  ip inválido
2020-10-04 04:55:49 -  ip inválido
2020-10-04 04:55:49 -  ip inválido
2020-10-04 04:55:49 -  ip inválido
2020-10-04 04:55:49 -  ip inválido
2020-10-04 04:55:49 -  ip inválido
2020-10-04 04:55:49 -  ip inválido
2020-10-04 04:55:49 -  ip inválido
2020-10-04 04:55:49 -  ip inválido
2020-10-04 04:55:49 -  ip inválido
2020-10-04 04:55:49 -  ip inválido
2020-10-04 04:55:49 -  ip inválido
2020-10-04 04:55:49 -  ip inválido
2020-10-04 04:55:49 -  ip inválido
2020-10-04 04:55:49 -  ip inválido
2020-10-04 04:55:49 -  ip inválido
2020-10-04 04:55:49 -  ip inválido
2020-10-04 04:55:49 -  ip inválido
2020-10-04 04:55:49 -  ip inválido
2020-10-04 04:55:49 -  ip inválido
2020-10-04 04:55:49 -  ip inválido
2020-10-04 04:55:49 -  ip inválido
2020-10-04 04:55:49 -  ip inválido
2020-10-04 04:55:49 -  ip inválido
2020-10-04 04:55:49 -  ip inválido
2020-10-04 04:55:49 -  ip inválido
2020-10-04 04:55:49 -  ip inválido
2020-10-04 04:55:49 -  ip inválido
2020-10-04 04:55:49 -  ip inválido
2020-10-04 04:55:49 -  ip inválido
2020-10-04 04:55:49 -  ip inválido
2020-10-04 04:55:49 -  ip inválido
2020-10-04 04:55:49 -  ip inválido
2020-10-04 04:55:49 -  ip inválido
2020-10-04 04:55:49 -  ip inválido
2020-10-04 04:55:49 -  ip inválido
2020-10-04 04:55:49 -  ip inválido
2020-10-04 04:55:49 -  ip inválido
2020-10-04 04:55:49 -  ip inválido
2020-10-04 04:55:49 -  ip inválido
2020-10-04 04:55:49 -  ip inválido
2020-10-04 04:55:49 -  ip inválido
2020-10-04 04:55:49 -  ip inválido
2020-10-04 04:55:49 -  ip inválido
2020-10-04 04:55:49 -  ip inválido
2020-10-04 04:55:49 -  ip inválido
2020-10-04 04:55:49 -  ip inválido
2020-10-04 04:55:49 -  ip inválido
2020-10-04 04:55:49 -  ip inválido
2020-10-04 04:55:49 -  ip inválido
2020-10-04 04:55:49 -  ip inválido
2020-10-04 04:55:49 -  ip inválido
2020-10-04 04:55:49 -  ip inválido
2020-10-04 04:55:49 -  ip inválido
2020-10-04 04:55:49 -  ip inválido
2020-10-04 04:55:49 -  ip inválido
2020-10-04 04:55:49 -  ip inválido
2020-10-04 04:55:49 -  ip inválido
2020-10-04 04:55:49 -  ip inválido
2020-10-04 04:55:49 -  ip inválido
2020-10-04 04:55:49 -  ip inválido
2020-10-04 04:55:49 -  ip inválido
2020-10-04 04:55:49 -  ip inválido
2020-10-04 04:55:49 -  ip inválido
2020-10-04 04:55:49 -  ip inválido
2020-10-04 04:55:49 -  ip inválido
2020-10-04 04:55:49 -  ip inválido
2020-10-04 04:55:49 -  ip inválido
2020-10-04 04:55:49 -  ip inválido
2020-10-04 04:55:49 -  ip inválido
2020-10-04 04:55:49 -  ip inválido
2020-10-04 04:55:49 -  ip inválido
2020-10-04 04:55:49 -  ip inválido
2020-10-04 04:55:49 -  ip inválido
2020-10-04 04:55:49 -  ip inválido
2020-10-04 04:55:49 -  ip inválido
2020-10-04 04:55:49 -  ip inválido
2020-10-04 04:55:49 -  ip inválido
2020-10-04 04:55:49 -  ip inválido
2020-10-04 04:55:49 -  ip inválido
2020-10-04 04:55:49 -  ip inválido
2020-10-04 04:55:49 -  ip inválido
2020-10-04 04:55:49 -  ip inválido
2020-10-04 04:55:49 -  ip inválido
2020-10-04 04:55:49 -  ip inválido
2020-10-04 04:55:49 -  ip inválido
2020-10-04 04:55:49 -  ip inválido
2020-10-04 04:55:49 -  ip inválido
2020-10-04 04:55:49 -  ip inválido
2020-10-04 04:55:49 -  ip inválido
2020-10-04 04:55:49 -  ip inválido
2020-10-04 04:55:49 -  ip inválido
2020-10-04 04:55:49 -  ip inválido
2020-10-04 04:55:49 -  ip inválido
2020-10-04 04:55:49 -  ip inválido
2020-10-04 04:55:49 -  ip inválido
2020-10-04 04:55:49 -  ip inválido
2020-10-04 04:55:49 -  ip inválido
2020-10-04 04:55:49 -  ip inválido
2020-10-04 04:55:49 -  ip inválido
2020-10-04 04:55:49 -  ip inválido
2020-10-04 04:55:49 -  ip inválido
2020-10-04 04:55:49 -  ip inválido
2020-10-04 04:55:49 -  ip inválido
2020-10-04 04:55:49 -  ip inválido
2020-10-04 04:55:49 -  ip inválido
2020-10-04 04:55:49 -  ip inválido
2020-10-04 04:55:49 -  ip inválido
2020-10-04 04:55:49 -  ip inválido
2020-10-04 04:55:49 -  ip inválido
2020-10-04 04:55:49 -  ip inválido
2020-10-04 04:55:49 -  ip inválido
2020-10-04 04:55:49 -  ip inválido
2020-10-04 04:55:49 -  ip inválido
2020-10-04 04:55:49 -  ip inválido
2020-10-04 04:55:49 -  ip inválido
2020-10-04 04:55:49 -  ip inválido
2020-10-04 04:55:49 -  ip inválido
2020-10-04 04:55:49 -  ip inválido
2020-10-04 04:55:49 -  ip inválido
2020-10-04 04:55:49 -  ip inválido
2020-10-04 04:55:49 -  ip inválido
2020-10-04 04:55:49 -  ip inválido
2020-10-04 04:55:49 -  ip inválido
2020-10-04 04:55:49 -  ip inválido
2020-10-04 04:55:49 -  ip inválido
2020-10-04 04:55:49 -  ip inválido
2020-10-04 04:55:49 -  ip inválido
2020-10-04 04:55:49 -  ip inválido
2020-10-04 04:55:49 -  ip inválido
2020-10-04 04:55:49 -  ip inválido
2020-10-04 04:55:49 -  ip inválido
2020-10-04 04:55:49 -  ip inválido
2020-10-04 04:55:49 -  ip inválido
2020-10-04 04:55:49 -  ip inválido
2020-10-04 04:55:49 -  ip inválido
2020-10-04 04:55:49 -  ip inválido
2020-10-04 04:55:49 -  ip inválido
2020-10-04 04:55:49 -  ip inválido
2020-10-04 04:55:49 -  ip inválido
2020-10-04 04:55:49 -  ip inválido
2020-10-04 04:55:49 -  ip inválido
2020-10-04 04:55:49 -  ip inválido
2020-10-04 04:55:49 -  ip inválido
2020-10-04 04:55:49 -  ip inválido
2020-10-04 04:55:49 -  ip inválido
2020-10-04 04:55:49 -  ip inválido
2020-10-04 04:55:49 -  ip inválido
2020-10-04 04:55:49 -  ip inválido
2020-10-04 04:55:49 -  ip inválido
2020-10-04 04:55:49 -  ip inválido
2020-10-04 04:55:49 -  ip inválido
2020-10-04 04:55:49 -  ip inválido
2020-10-04 04:55:49 -  ip inválido
2020-10-04 04:55:49 -  ip inválido
2020-10-04 04:55:49 -  ip inválido
2020-10-04 04:55:49 -  ip inválido
2020-10-04 04:55:49 -  ip inválido
2020-10-04 04:55:49 -  ip inválido
2020-10-04 04:55:49 -  ip inválido
2020-10-04 04:55:49 -  ip inválido
2020-10-04 04:55:49 -  ip inválido
2020-10-04 04:55:49 -  ip inválido
2020-10-04 04:55:49 -  ip inválido
2020-10-04 04:55:49 -  ip inválido
2020-10-04 04:55:49 -  ip inválido
2020-10-04 04:55:49 -  ip inválido
2020-10-04 04:55:49 -  ip inválido
2020-10-04 04:55:49 -  ip inválido
2020-10-04 04:55:49 -  ip inválido
2020-10-04 05:05:00 -  ip inválido
2020-10-04 05:05:00 -  ip inválido
2020-10-04 05:05:00 -  ip inválido
2020-10-04 05:05:00 -  ip inválido
2020-10-04 05:05:00 -  ip inválido
2020-10-04 05:05:00 -  ip inválido
2020-10-04 05:05:00 -  ip inválido
2020-10-04 05:05:00 -  ip inválido
2020-10-04 05:05:00 -  ip inválido
2020-10-04 05:05:00 -  ip inválido
2020-10-04 05:05:00 -  ip inválido
2020-10-04 05:05:00 -  ip inválido
2020-10-04 05:05:00 -  ip inválido
2020-10-04 05:05:00 -  ip inválido
2020-10-04 05:05:00 -  ip inválido
2020-10-04 05:05:00 -  ip inválido
2020-10-04 05:05:00 -  ip inválido
2020-10-04 05:05:00 -  ip inválido
2020-10-04 05:05:00 -  ip inválido
2020-10-04 05:05:00 -  ip inválido
2020-10-04 05:05:00 -  ip inválido
2020-10-04 05:05:00 -  ip inválido
2020-10-04 05:05:00 -  ip inválido
2020-10-04 05:05:00 -  ip inválido
2020-10-04 05:05:00 -  ip inválido
2020-10-04 05:05:00 -  ip inválido
2020-10-04 05:05:00 -  ip inválido
2020-10-04 05:05:00 -  ip inválido
2020-10-04 05:05:00 -  ip inválido
2020-10-04 05:05:00 -  ip inválido
2020-10-04 05:05:00 -  ip inválido
2020-10-04 05:05:00 -  ip inválido
2020-10-04 05:05:00 -  ip inválido
2020-10-04 05:05:00 -  ip inválido
2020-10-04 05:05:00 -  ip inválido
2020-10-04 05:05:00 -  ip inválido
2020-10-04 05:05:00 -  ip inválido
2020-10-04 05:05:00 -  Saving server...
2020-10-04 05:05:01 -  > Saved house items in: 0.713 s
2020-10-04 05:05:01 -  Jackie Chan has logged out.
2020-10-04 05:05:01 -  Shaka Knight has logged out.
2020-10-04 05:05:01 -  Dev Marson has logged out.
2020-10-04 05:05:01 -  Midas has logged out.
2020-10-04 05:05:01 -  Demonzin has logged out.
2020-10-04 05:05:01 -  Nobre Cavalheiro has logged out.
2020-10-04 05:05:02 -  Top Spin has logged out.
2020-10-04 05:05:02 -  Saving server...
2020-10-04 05:05:02 -  > Saved house items in: 0.215 s
2020-10-04 05:05:02 -  eu sou o checkname
2020-10-04 05:05:02 -  Shutting down...Saving server...
2020-10-04 05:05:02 -  > Saved house items in: 0.185 s
2020-10-04 05:05:02 -  [Thread 0x7ffff2ba7700 (LWP 5111) exited]
2020-10-04 05:05:02 -  [Thread 0x7ffff35ba700 (LWP 5110) exited]
2020-10-04 05:05:02 -   done!
2020-10-04 05:05:02 -  [Thread 0x7ffff3dbb700 (LWP 5109) exited]
2020-10-04 05:05:41 -  [Inferior 1 (process 5105) exited normally]
