2020-10-19 22:19:14 -  [Thread debugging using libthread_db enabled]
2020-10-19 22:19:14 -  Using host libthread_db library "/lib/x86_64-linux-gnu/libthread_db.so.1".
2020-10-19 22:19:14 -  [New Thread 0x7ffff3dbb700 (LWP 32231)]
2020-10-19 22:19:14 -  [New Thread 0x7ffff35ba700 (LWP 32232)]
2020-10-19 22:19:14 -  The OTG-Premium-Version - Version: (1.3)
2020-10-19 22:19:14 -  Compiled with: GNU C++ version 5.4.0 20160609
2020-10-19 22:19:14 -  Compiled on Sep 17 2020 19:49:36 for platform x64
2020-10-19 22:19:14 -  
2020-10-19 22:19:14 -  Special Credits for: OTG Team, Johncore, Vankk, Erick Nunes, Leonardo Pereira, Leandro Baldissera, Talis, Marcomoa, Marson Schneider, Douglas, Mark Samman, OTXServer (Mattyx Gomez) and The Forgotten Server Developers.
2020-10-19 22:19:14 -  Link of repository: https://github.com/Johncorex/OTG-Premium-Version
2020-10-19 22:19:14 -  
2020-10-19 22:19:14 -  >> Loading config: config.lua
2020-10-19 22:19:14 -  >> Establishing database connection... MySQL 5.7.31
2020-10-19 22:19:14 -  >> Running database manager
2020-10-19 22:19:14 -  [New Thread 0x7ffff2ba7700 (LWP 32233)]
2020-10-19 22:19:14 -  > No tables were optimized.
2020-10-19 22:19:14 -  >> Loading vocations
2020-10-19 22:19:14 -  >> Loading items
2020-10-19 22:19:14 -  >> Loading script systems
2020-10-19 22:19:14 -  >> Loading lua libs
2020-10-19 22:19:14 -  [Warning - Event::checkScript] Can not load script: scripts/expboostaction.lua
2020-10-19 22:19:14 -  cannot open data/actions/scripts/expboostaction.lua: No such file or directory
2020-10-19 22:19:15 -  >> Loading lua scripts
2020-10-19 22:19:15 -  >> Loading monsters
2020-10-19 22:19:15 -  >> Loading lua monsters
2020-10-19 22:19:15 -  >> Loading outfits
2020-10-19 22:19:15 -  >> Loading prey data
2020-10-19 22:19:16 -  >> Checking world type... PVP
2020-10-19 22:19:16 -  >> Loading map
2020-10-19 22:19:17 -  > Map size: 34143x33812.
2020-10-19 22:19:23 -  > Map loading time: 7.27 seconds.
2020-10-19 22:20:00 -  > Loaded house items in: 0.016 s
2020-10-19 22:20:00 -  >> Initializing gamestate
2020-10-19 22:20:03 -  >> Loaded 43 npcs and spawned 72708 monsters.
2020-10-19 22:20:03 -  >> Loaded 27 towns with 1074 houses in total.
2020-10-19 22:20:03 -  [Castle War]
2020-10-19 22:20:03 -  [POWERGAMERS]
2020-10-19 22:20:03 -  [SISTEMA DE LOTERIA] OPERANTE
2020-10-19 22:20:03 -  Advanced NPC spawn system | All NPCs will be loaded trough lib.
2020-10-19 22:20:03 -  [REGEN BOOST] CARREGADO
2020-10-19 22:20:03 -  [SPOOF COUNTER]
2020-10-19 22:20:03 -  [STAMINA]
2020-10-19 22:20:03 -  warvariables
2020-10-19 22:20:03 -  Agenda:	0
2020-10-19 22:20:03 -  eu sou o checkWarmode... 22:20
2020-10-19 22:20:03 -  22	20	40
2020-10-19 22:20:03 -  >> Loaded all modules, server starting up...
2020-10-19 22:20:03 -  > Warning: OTG-Premium-Version has been executed as root user, please consider running it as a normal user.
2020-10-19 22:20:03 -  >> Honera Global Server Online!
2020-10-19 22:20:03 -  
2020-10-19 22:20:13 -  SABADOU!! NPC HONERA CRIADO
2020-10-19 22:20:13 -  Dev Marson has logged in.
2020-10-20 00:26:04 -  aqui eu checkei o choiceID para atualizar o warmode temp1
2020-10-20 00:26:04 -  debug mode: for i = 1, 3 pegar o id: 93, fazer um select no banco pra pegar o nome onde contem o id: Cassiano, converter para o 
2020-10-20 00:26:04 -  false	93
2020-10-20 00:26:04 -  debug mode: for i = 1, 3 pegar o id: 141, fazer um select no banco pra pegar o nome onde contem o id: Dev Marson, converter para o 
2020-10-20 00:26:04 -  false	141
2020-10-20 00:26:04 -  debug mode: for i = 1, 3 pegar o id: 231, fazer um select no banco pra pegar o nome onde contem o id: Demonzin, converter para o 
2020-10-20 00:26:04 -  false	231
2020-10-20 00:26:04 -  aqui eu checkei o choiceID para atualizar o warmode temp1
2020-10-20 00:26:04 -  debug mode: for i = 1, 3 pegar o id: 93, fazer um select no banco pra pegar o nome onde contem o id: Cassiano, converter para o 
2020-10-20 00:26:04 -  93	93
2020-10-20 00:26:04 -  debug mode: for i = 1, 3 pegar o id: 141, fazer um select no banco pra pegar o nome onde contem o id: Dev Marson, converter para o 
2020-10-20 00:26:04 -  false	141
2020-10-20 00:26:04 -  debug mode: for i = 1, 3 pegar o id: 231, fazer um select no banco pra pegar o nome onde contem o id: Demonzin, converter para o 
2020-10-20 00:26:04 -  false	231
2020-10-20 00:26:04 -  aqui eu checkei o choiceID para atualizar o warmode temp2
2020-10-20 00:26:04 -  eu sou o checkWarmode... 23:00
2020-10-20 00:26:04 -  eu sou o checkWarmode... 00:00
2020-10-20 00:26:04 -  > Broadcasted message: "Beware! Mawhawk!".
2020-10-20 01:12:04 -  eu sou o checkWarmode... 01:00
2020-10-20 01:12:04 -  > Broadcasted message: "Feverish Citizens are invading the streets of Venore!".
2020-10-20 01:19:15 -  
2020-10-20 01:19:15 -  Lua Script Error: [GlobalEvent Interface] 
2020-10-20 01:19:15 -  data/globalevents/scripts/bosses/Abyssador.lua:onThink
2020-10-20 01:19:15 -  data/lib/rewardboss.lua:8: Rewards can only be enabled to rewards bosses.
2020-10-20 01:19:15 -  stack traceback:
2020-10-20 01:19:15 -  	[C]: at 0x00602980
2020-10-20 01:19:15 -  	[C]: in function 'error'
2020-10-20 01:19:15 -  	data/lib/rewardboss.lua:8: in function 'setReward'
2020-10-20 01:19:15 -  	data/globalevents/scripts/bosses/Abyssador.lua:28: in function <data/globalevents/scripts/bosses/Abyssador.lua:21>
2020-10-20 01:19:15 -  [Error - GlobalEvents::think] Failed to execute event: Abyssador
2020-10-20 01:19:15 -  
2020-10-20 01:19:15 -  Lua Script Error: [GlobalEvent Interface] 
2020-10-20 01:19:15 -  data/globalevents/scripts/bosses/Deathstrike.lua:onThink
2020-10-20 01:19:15 -  data/lib/rewardboss.lua:8: Rewards can only be enabled to rewards bosses.
2020-10-20 01:19:15 -  stack traceback:
2020-10-20 01:19:15 -  	[C]: at 0x00602980
2020-10-20 01:19:15 -  	[C]: in function 'error'
2020-10-20 01:19:15 -  	data/lib/rewardboss.lua:8: in function 'setReward'
2020-10-20 01:19:15 -  	data/globalevents/scripts/bosses/Deathstrike.lua:28: in function <data/globalevents/scripts/bosses/Deathstrike.lua:21>
2020-10-20 01:19:15 -  [Error - GlobalEvents::think] Failed to execute event: Deathstrike
2020-10-20 01:19:15 -  
2020-10-20 01:19:15 -  Lua Script Error: [GlobalEvent Interface] 
2020-10-20 01:19:15 -  data/globalevents/scripts/bosses/Gnomevil.lua:onThink
2020-10-20 01:19:15 -  data/lib/rewardboss.lua:8: Rewards can only be enabled to rewards bosses.
2020-10-20 01:19:15 -  stack traceback:
2020-10-20 01:19:15 -  	[C]: at 0x00602980
2020-10-20 01:19:15 -  	[C]: in function 'error'
2020-10-20 01:19:15 -  	data/lib/rewardboss.lua:8: in function 'setReward'
2020-10-20 01:19:15 -  	data/globalevents/scripts/bosses/Gnomevil.lua:28: in function <data/globalevents/scripts/bosses/Gnomevil.lua:21>
2020-10-20 01:19:15 -  [Error - GlobalEvents::think] Failed to execute event: Gnomevil
2020-10-20 02:21:00 -  eu sou o checkWarmode... 02:00
2020-10-20 02:21:00 -  ip inválido
2020-10-20 02:21:00 -  Dev Marson has logged out.
2020-10-20 03:11:04 -  eu sou o checkWarmode... 03:00
2020-10-20 03:11:04 -  > Broadcasted message: "Forrest animals spread out close to Ab'Dendriel!".
2020-10-20 04:19:15 -  eu sou o checkWarmode... 04:00
2020-10-20 04:19:15 -  
2020-10-20 04:19:15 -  Lua Script Error: [GlobalEvent Interface] 
2020-10-20 04:19:15 -  data/globalevents/scripts/Ghulosh.lua:onThink
2020-10-20 04:19:15 -  data/globalevents/scripts/Ghulosh.lua:34: attempt to index local 'boss' (a nil value)
2020-10-20 04:19:15 -  stack traceback:
2020-10-20 04:19:15 -  	[C]: in function '__index'
2020-10-20 04:19:15 -  	data/globalevents/scripts/Ghulosh.lua:34: in function <data/globalevents/scripts/Ghulosh.lua:21>
2020-10-20 04:19:15 -  [Error - GlobalEvents::think] Failed to execute event: Ghulosh
2020-10-20 04:19:15 -  
2020-10-20 04:19:15 -  Lua Script Error: [GlobalEvent Interface] 
2020-10-20 04:19:15 -  data/globalevents/scripts/Gorzindel.lua:onThink
2020-10-20 04:19:15 -  data/globalevents/scripts/Gorzindel.lua:34: attempt to index local 'boss' (a nil value)
2020-10-20 04:19:15 -  stack traceback:
2020-10-20 04:19:15 -  	[C]: in function '__index'
2020-10-20 04:19:15 -  	data/globalevents/scripts/Gorzindel.lua:34: in function <data/globalevents/scripts/Gorzindel.lua:21>
2020-10-20 04:19:15 -  [Error - GlobalEvents::think] Failed to execute event: Gorzindel
2020-10-20 04:19:15 -  
2020-10-20 04:19:15 -  Lua Script Error: [GlobalEvent Interface] 
2020-10-20 04:19:15 -  data/globalevents/scripts/Lokathmor.lua:onThink
2020-10-20 04:19:15 -  data/globalevents/scripts/Lokathmor.lua:34: attempt to index local 'boss' (a nil value)
2020-10-20 04:19:15 -  stack traceback:
2020-10-20 04:19:15 -  	[C]: in function '__index'
2020-10-20 04:19:15 -  	data/globalevents/scripts/Lokathmor.lua:34: in function <data/globalevents/scripts/Lokathmor.lua:21>
2020-10-20 04:19:15 -  [Error - GlobalEvents::think] Failed to execute event: Lokathmor
2020-10-20 04:19:15 -  
2020-10-20 04:19:15 -  Lua Script Error: [GlobalEvent Interface] 
2020-10-20 04:19:15 -  data/globalevents/scripts/Mazzinor.lua:onThink
2020-10-20 04:19:15 -  data/globalevents/scripts/Mazzinor.lua:34: attempt to index local 'boss' (a nil value)
2020-10-20 04:19:15 -  stack traceback:
2020-10-20 04:19:15 -  	[C]: in function '__index'
2020-10-20 04:19:15 -  	data/globalevents/scripts/Mazzinor.lua:34: in function <data/globalevents/scripts/Mazzinor.lua:21>
2020-10-20 04:19:15 -  [Error - GlobalEvents::think] Failed to execute event: Mazzinor
2020-10-20 04:19:15 -  [Warning - Monsters::loadMonster] Non-unique loot item "Giant Sapphire". 
2020-10-20 04:19:15 -  [Warning - Monsters::loadMonster] Cant load loot. data/monster/Secret Library/the scourge of oblivion.xml
2020-10-20 04:19:15 -  [Warning - Monsters::loadMonster] Non-unique loot item "Collar of Blue Plasma". 
2020-10-20 04:19:15 -  [Warning - Monsters::loadMonster] Cant load loot. data/monster/Secret Library/the scourge of oblivion.xml
2020-10-20 04:19:15 -  [Warning - Monsters::loadMonster] Non-unique loot item "Giant Shimmering Pearl". 
2020-10-20 04:19:15 -  [Warning - Monsters::loadMonster] Cant load loot. data/monster/Secret Library/the scourge of oblivion.xml
2020-10-20 04:19:15 -  [Warning - Monsters::loadMonster] Unknown loot item "The Calamity". 
2020-10-20 04:19:15 -  [Warning - Monsters::loadMonster] Cant load loot. data/monster/Secret Library/the scourge of oblivion.xml
2020-10-20 04:19:15 -  
2020-10-20 04:19:15 -  Lua Script Error: [GlobalEvent Interface] 
2020-10-20 04:19:15 -  data/globalevents/scripts/The Scourge Of Oblivion.lua:onThink
2020-10-20 04:19:15 -  data/globalevents/scripts/The Scourge Of Oblivion.lua:34: attempt to index local 'boss' (a nil value)
2020-10-20 04:19:15 -  stack traceback:
2020-10-20 04:19:15 -  	[C]: in function '__index'
2020-10-20 04:19:15 -  	data/globalevents/scripts/The Scourge Of Oblivion.lua:34: in function <data/globalevents/scripts/The Scourge Of Oblivion.lua:21>
2020-10-20 04:19:15 -  [Error - GlobalEvents::think] Failed to execute event: The Scourge Of Oblivion
2020-10-20 05:05:00 -  eu sou o checkWarmode... 05:00
2020-10-20 05:05:00 -  Saving server...
2020-10-20 05:05:00 -  > Saved house items in: 0.554 s
2020-10-20 05:05:00 -  Saving server...
2020-10-20 05:05:01 -  > Saved house items in: 0.242 s
2020-10-20 05:05:01 -  eu sou o checkname
2020-10-20 05:05:01 -  Shutting down...Saving server...
2020-10-20 05:05:01 -  > Saved house items in: 0.208 s
2020-10-20 05:05:01 -  [Thread 0x7ffff2ba7700 (LWP 32233) exited]
2020-10-20 05:05:01 -  [Thread 0x7ffff35ba700 (LWP 32232) exited]
2020-10-20 05:05:01 -   done!
2020-10-20 05:05:01 -  [Thread 0x7ffff3dbb700 (LWP 32231) exited]
2020-10-20 05:05:52 -  [Inferior 1 (process 32227) exited normally]
