2020-10-18 16:57:35 -  [Thread debugging using libthread_db enabled]
2020-10-18 16:57:35 -  Using host libthread_db library "/lib/x86_64-linux-gnu/libthread_db.so.1".
2020-10-18 16:57:35 -  [New Thread 0x7ffff3dbb700 (LWP 25985)]
2020-10-18 16:57:35 -  [New Thread 0x7ffff35ba700 (LWP 25986)]
2020-10-18 16:57:35 -  The OTG-Premium-Version - Version: (1.3)
2020-10-18 16:57:35 -  Compiled with: GNU C++ version 5.4.0 20160609
2020-10-18 16:57:35 -  Compiled on Sep 17 2020 19:49:36 for platform x64
2020-10-18 16:57:35 -  
2020-10-18 16:57:35 -  Special Credits for: OTG Team, Johncore, Vankk, Erick Nunes, Leonardo Pereira, Leandro Baldissera, Talis, Marcomoa, Marson Schneider, Douglas, Mark Samman, OTXServer (Mattyx Gomez) and The Forgotten Server Developers.
2020-10-18 16:57:35 -  Link of repository: https://github.com/Johncorex/OTG-Premium-Version
2020-10-18 16:57:35 -  
2020-10-18 16:57:35 -  >> Loading config: config.lua
2020-10-18 16:57:35 -  >> Establishing database connection... MySQL 5.7.31
2020-10-18 16:57:35 -  >> Running database manager
2020-10-18 16:57:35 -  [New Thread 0x7ffff2ba7700 (LWP 25987)]
2020-10-18 16:57:35 -  > Optimizing table players_online... [success]
2020-10-18 16:57:35 -  >> Loading vocations
2020-10-18 16:57:35 -  >> Loading items
2020-10-18 16:57:35 -  >> Loading script systems
2020-10-18 16:57:35 -  >> Loading lua libs
2020-10-18 16:57:35 -  [Warning - Event::checkScript] Can not load script: scripts/expboostaction.lua
2020-10-18 16:57:35 -  cannot open data/actions/scripts/expboostaction.lua: No such file or directory
2020-10-18 16:57:36 -  >> Loading lua scripts
2020-10-18 16:57:36 -  >> Loading monsters
2020-10-18 16:57:36 -  >> Loading lua monsters
2020-10-18 16:57:36 -  >> Loading outfits
2020-10-18 16:57:36 -  >> Loading prey data
2020-10-18 16:57:37 -  >> Checking world type... PVP
2020-10-18 16:57:37 -  >> Loading map
2020-10-18 16:57:38 -  > Map size: 34143x33812.
2020-10-18 16:57:44 -  > Map loading time: 7.255 seconds.
2020-10-18 16:58:15 -  > Loaded house items in: 0.104 s
2020-10-18 16:58:15 -  >> Initializing gamestate
2020-10-18 16:58:18 -  >> Loaded 43 npcs and spawned 72708 monsters.
2020-10-18 16:58:18 -  >> Loaded 27 towns with 1074 houses in total.
2020-10-18 16:58:18 -  [Castle War]
2020-10-18 16:58:18 -  [POWERGAMERS]
2020-10-18 16:58:18 -  [SISTEMA DE LOTERIA] OPERANTE
2020-10-18 16:58:18 -  Advanced NPC spawn system | All NPCs will be loaded trough lib.
2020-10-18 16:58:18 -  [REGEN BOOST] CARREGADO
2020-10-18 16:58:18 -  [SPOOF COUNTER]
2020-10-18 16:58:18 -  [STAMINA]
2020-10-18 16:58:18 -  warvariables
2020-10-18 16:58:18 -  >> Loaded all modules, server starting up...
2020-10-18 16:58:18 -  > Warning: OTG-Premium-Version has been executed as root user, please consider running it as a normal user.
2020-10-18 16:58:18 -  >> Honera Global Server Online!
2020-10-18 16:58:18 -  
2020-10-18 16:58:27 -  SABADOU!! NPC HONERA CRIADO
2020-10-18 16:58:27 -  Dev Marson has logged in.
2020-10-18 16:59:26 -  
2020-10-18 16:59:26 -  Thread 1 "tfs" received signal SIGINT, Interrupt.
2020-10-18 16:59:26 -  0x00007ffff7b14ad3 in epoll_wait () at ../sysdeps/unix/syscall-template.S:84
2020-10-18 16:59:26 -  84	../sysdeps/unix/syscall-template.S: No such file or directory.
2020-10-18 16:59:26 -  
2020-10-18 16:59:26 -  Thread 4 (Thread 0x7ffff2ba7700 (LWP 25987)):
2020-10-18 16:59:26 -  #0  pthread_cond_wait@@GLIBC_2.3.2 () at ../sysdeps/unix/sysv/linux/x86_64/pthread_cond_wait.S:185
2020-10-18 16:59:26 -  No locals.
2020-10-18 16:59:26 -  #1  0x00007ffff5e7491c in std::condition_variable::wait(std::unique_lock<std::mutex>&) () from /usr/lib/x86_64-linux-gnu/libstdc++.so.6
2020-10-18 16:59:27 -  No symbol table info available.
2020-10-18 16:59:27 -  #2  0x00000000006228bf in DatabaseTasks::threadMain() (this=0x8e39a0 <g_databaseTasks>) at /home/otg/src/databasetasks.cpp:42
2020-10-18 16:59:27 -          taskLockUnique = {_M_device = 0x8e3a08 <g_databaseTasks+104>, _M_owns = true}
2020-10-18 16:59:27 -  #3  0x00007ffff5e79c80 in ?? () from /usr/lib/x86_64-linux-gnu/libstdc++.so.6
2020-10-18 16:59:27 -  No symbol table info available.
2020-10-18 16:59:27 -  #4  0x00007ffff614a6ba in start_thread (arg=0x7ffff2ba7700) at pthread_create.c:333
2020-10-18 16:59:27 -          __res = <optimized out>
2020-10-18 16:59:27 -          pd = 0x7ffff2ba7700
2020-10-18 16:59:27 -          now = <optimized out>
2020-10-18 16:59:27 -          unwind_buf = {cancel_jmp_buf = {{jmp_buf = {140737265694464, -5797624141380986656, 0, 140737284647471, 140737265695168, 9334528, 5797635734055803104, 5797645262738151648}, mask_was_saved = 0}}, priv = {pad = {0x0, 0x0, 0x0, 0x0}, data = {prev = 0x0, cleanup = 0x0, canceltype = 0}}}
2020-10-18 16:59:27 -          not_first_call = <optimized out>
2020-10-18 16:59:27 -          pagesize_m1 = <optimized out>
2020-10-18 16:59:27 -          sp = <optimized out>
2020-10-18 16:59:27 -          freesize = <optimized out>
2020-10-18 16:59:27 -          __PRETTY_FUNCTION__ = "start_thread"
2020-10-18 16:59:27 -  #5  0x00007ffff7b144dd in clone () at ../sysdeps/unix/sysv/linux/x86_64/clone.S:109
2020-10-18 16:59:27 -  No locals.
2020-10-18 16:59:27 -  
2020-10-18 16:59:27 -  Thread 3 (Thread 0x7ffff35ba700 (LWP 25986)):
2020-10-18 16:59:27 -  #0  pthread_cond_timedwait@@GLIBC_2.3.2 () at ../sysdeps/unix/sysv/linux/x86_64/pthread_cond_timedwait.S:225
2020-10-18 16:59:27 -  No locals.
2020-10-18 16:59:27 -  #1  0x0000000000506210 in __gthread_cond_timedwait () at /usr/include/x86_64-linux-gnu/c++/5/bits/gthr-default.h:871
2020-10-18 16:59:27 -  No locals.
2020-10-18 16:59:27 -  #2  std::condition_variable::__wait_until_impl (__atime=..., __lock=..., this=0x8e6fa0 <g_scheduler+64>) at /usr/include/c++/5/condition_variable:165
2020-10-18 16:59:27 -          __ts = {tv_sec = 1603054766, tv_nsec = 481617396}
2020-10-18 16:59:27 -  #3  std::condition_variable::wait_until<std::chrono::duration<long, std::ratio<1l, 1000000000l> > > () at /usr/include/c++/5/condition_variable:105
2020-10-18 16:59:27 -          __lock = @0x7ffff35b9e90: {_M_device = 0x8e6f78 <g_scheduler+24>, _M_owns = true}
2020-10-18 16:59:27 -          this = 0x8e6fa0 <g_scheduler+64>
2020-10-18 16:59:27 -  #4  Scheduler::threadMain (this=0x8e6f60 <g_scheduler>) at /home/otg/src/scheduler.cpp:36
2020-10-18 16:59:27 -          ret = std::cv_status::no_timeout
2020-10-18 16:59:27 -          eventLockUnique = {_M_device = 0x8e6f78 <g_scheduler+24>, _M_owns = true}
2020-10-18 16:59:27 -  #5  0x00007ffff5e79c80 in ?? () from /usr/lib/x86_64-linux-gnu/libstdc++.so.6
2020-10-18 16:59:27 -  No symbol table info available.
2020-10-18 16:59:27 -  #6  0x00007ffff614a6ba in start_thread (arg=0x7ffff35ba700) at pthread_create.c:333
2020-10-18 16:59:27 -          __res = <optimized out>
2020-10-18 16:59:27 -          pd = 0x7ffff35ba700
2020-10-18 16:59:27 -          now = <optimized out>
2020-10-18 16:59:27 -          unwind_buf = {cancel_jmp_buf = {{jmp_buf = {140737276258048, -5797624141380986656, 0, 140737488346847, 140737276258752, 9437376, 5797633795414939872, 5797645262738151648}, mask_was_saved = 0}}, priv = {pad = {0x0, 0x0, 0x0, 0x0}, data = {prev = 0x0, cleanup = 0x0, canceltype = 0}}}
2020-10-18 16:59:27 -          not_first_call = <optimized out>
2020-10-18 16:59:27 -          pagesize_m1 = <optimized out>
2020-10-18 16:59:27 -          sp = <optimized out>
2020-10-18 16:59:27 -          freesize = <optimized out>
2020-10-18 16:59:27 -          __PRETTY_FUNCTION__ = "start_thread"
2020-10-18 16:59:27 -  #7  0x00007ffff7b144dd in clone () at ../sysdeps/unix/sysv/linux/x86_64/clone.S:109
2020-10-18 16:59:27 -  No locals.
2020-10-18 16:59:27 -  
2020-10-18 16:59:27 -  Thread 2 (Thread 0x7ffff3dbb700 (LWP 25985)):
2020-10-18 16:59:27 -  #0  std::_List_iterator<Item*>::operator++() () at /usr/include/c++/5/bits/stl_list.h:159
2020-10-18 16:59:27 -          this = <synthetic pointer>
2020-10-18 16:59:27 -  #1  std::__cxx11::list<Item*, std::allocator<Item*> >::remove(Item* const&) (this=0x8e7be0 <g_game+1152>, __value=@0x7ffff3dbad68: 0x7fff85e10fe0) at /usr/include/c++/5/bits/list.tcc:291
2020-10-18 16:59:27 -          __next = {_M_node = 0x7fffa8e1da60}
2020-10-18 16:59:27 -          __first = {_M_node = 0x7fffa8e1da60}
2020-10-18 16:59:27 -          __last = {_M_node = 0x8e7be0 <g_game+1152>}
2020-10-18 16:59:27 -          __extra = {_M_node = 0x8e7be0 <g_game+1152>}
2020-10-18 16:59:27 -  #2  0x000000000059b8d9 in Game::internalRemoveItem(Item*, int, bool, unsigned int) (this=this@entry=0x8e7760 <g_game>, item=item@entry=0x7fff85e10fe0, count=1, count@entry=-1, test=test@entry=false, flags=flags@entry=0) at /home/otg/src/game.cpp:1453
2020-10-18 16:59:27 -          index = 2
2020-10-18 16:59:27 -          cylinder = 0x7fff85e10f50
2020-10-18 16:59:27 -          fromTile = 0x7fff85e10f50
2020-10-18 16:59:27 -          ret = <optimized out>
2020-10-18 16:59:27 -  #3  0x00000000005b11c7 in Game::internalDecayItem(Item*) (this=0x8e7760 <g_game>, item=0x7fff85e10fe0) at /home/otg/src/game.cpp:4920
2020-10-18 16:59:27 -          ret = <optimized out>
2020-10-18 16:59:27 -          it = <optimized out>
2020-10-18 16:59:27 -  #4  0x00000000005b140b in Game::checkDecay() (this=0x8e7760 <g_game>) at /home/otg/src/game.cpp:4953
2020-10-18 16:59:27 -          item = 0x7fff85e10fe0
2020-10-18 16:59:27 -          duration = <optimized out>
2020-10-18 16:59:27 -          bucket = 0
2020-10-18 16:59:27 -          it = {_M_node = 0x7fffce532360}
2020-10-18 16:59:27 -          end = {_M_node = 0x8e7be0 <g_game+1152>}
2020-10-18 16:59:27 -  #5  0x000000000055af2d in std::function<void ()>::operator()() const () at /usr/include/c++/5/functional:2267
2020-10-18 16:59:27 -          this = 0x7fff4a27c960
2020-10-18 16:59:27 -  #6  Task::operator()() () at /home/otg/src/tasks.h:42
2020-10-18 16:59:27 -          this = 0x7fff4a27c950
2020-10-18 16:59:27 -  #7  Dispatcher::threadMain() (this=0x8e6ec0 <g_dispatcher>) at /home/otg/src/tasks.cpp:62
2020-10-18 16:59:27 -          task = 0x7fff4a27c950
2020-10-18 16:59:27 -          taskLockUnique = {_M_device = 0x8e6ed8 <g_dispatcher+24>, _M_owns = false}
2020-10-18 16:59:27 -  #8  0x00007ffff5e79c80 in ?? () from /usr/lib/x86_64-linux-gnu/libstdc++.so.6
2020-10-18 16:59:27 -  No symbol table info available.
2020-10-18 16:59:27 -  #9  0x00007ffff614a6ba in start_thread (arg=0x7ffff3dbb700) at pthread_create.c:333
2020-10-18 16:59:27 -          __res = <optimized out>
2020-10-18 16:59:27 -          pd = 0x7ffff3dbb700
2020-10-18 16:59:27 -          now = <optimized out>
2020-10-18 16:59:27 -          unwind_buf = {cancel_jmp_buf = {{jmp_buf = {140737284650752, -5797624141380986656, 0, 140737488346847, 140737284651456, 9437376, 5797632695366441184, 5797645262738151648}, mask_was_saved = 0}}, priv = {pad = {0x0, 0x0, 0x0, 0x0}, data = {prev = 0x0, cleanup = 0x0, canceltype = 0}}}
2020-10-18 16:59:27 -          not_first_call = <optimized out>
2020-10-18 16:59:27 -          pagesize_m1 = <optimized out>
2020-10-18 16:59:27 -          sp = <optimized out>
2020-10-18 16:59:27 -          freesize = <optimized out>
2020-10-18 16:59:27 -          __PRETTY_FUNCTION__ = "start_thread"
2020-10-18 16:59:27 -  #10 0x00007ffff7b144dd in clone () at ../sysdeps/unix/sysv/linux/x86_64/clone.S:109
2020-10-18 16:59:27 -  No locals.
2020-10-18 16:59:27 -  
2020-10-18 16:59:27 -  Thread 1 (Thread 0x7ffff7fe6740 (LWP 25981)):
2020-10-18 16:59:27 -  #0  0x00007ffff7b14ad3 in epoll_wait () at ../sysdeps/unix/syscall-template.S:84
2020-10-18 16:59:27 -  No locals.
2020-10-18 16:59:27 -  #1  0x00000000005b70e7 in boost::asio::detail::epoll_reactor::run(bool, boost::asio::detail::op_queue<boost::asio::detail::task_io_service_operation>&) [clone .constprop.204] (this=0x901570, block=<optimized out>, ops=...) at /usr/include/boost/asio/detail/impl/epoll_reactor.ipp:392
2020-10-18 16:59:27 -          timeout = <optimized out>
2020-10-18 16:59:28 -          events = {{events = 1, data = {ptr = 0x9015c8, fd = 9442760, u32 = 9442760, u64 = 9442760}}, {events = 2147470470, data = {ptr = 0x0, fd = 0, u32 = 0, u64 = 0}}, {events = 2562785280, data = {ptr = 0xd8d900007fffcc85, fd = 2147470469, u32 = 2147470469, u64 = 15625520384286116997}}, {events = 2147417468, data = {ptr = 0x0, fd = 0, u32 = 0, u64 = 0}}, {events = 2267545600, data = {ptr = 0x152800007fffe929, fd = 2147477801, u32 = 2147477801, u64 = 1524468476012390697}}, {events = 2147470470, data = {ptr = 0x7fffcc8611580000, fd = 290979840, u32 = 290979840, u64 = 9223315438066728960}}, {events = 389545984, data = {ptr = 0x148800007fffcc86, fd = 2147470470, u32 = 2147470470, u64 = 1479432479738678406}}, {events = 2147470470, data = {ptr = 0x7fffcc8598c00000, fd = -1732247552, u32 = 2562719744, u64 = 9223315436043501568}}, {events = 3638493184, data = {ptr = 0xd8e800007ffefd7c, fd = 2147417468, u32 = 2147417468, u64 = 15629742508936723836}}, {events = 2147417468, data = {ptr = 0x7fffcc8615000000, fd = 352321536, u32 = 352321536, u64 = 9223315438128070656}}, {events = 347078656, data = {ptr = 0x98c000007fffcc86, fd = 2147470470, u32 = 2147470470, u64 = 11006797491440962694}}, {events = 2147470469, data = {ptr = 0x7ffefd7cd8ef0000, fd = -655425536, u32 = 3639541760, u64 = 9223087799558668288}}, {events = 3640131584, data = {ptr = 0x148800007ffefd7c, fd = 2147417468, u32 = 2147417468, u64 = 1479432479738625404}}, {events = 2147470470, data = {ptr = 0x7fffcc8614d80000, fd = 349700096, u32 = 349700096, u64 = 9223315438125449216}}, {events = 2562719744, data = {ptr = 0xd8ff00007fffcc85, fd = 2147470469, u32 = 2147470469, u64 = 15636216433401121925}}, {events = 2147417468, data = {ptr = 0x7ffefd7cd9080000, fd = -653787136, u32 = 3641180160, u64 = 9223087799560306688}}, {events = 347078656, data = {ptr = 0x150000007fffcc86, fd = 2147470470, u32 = 2147470470, u64 = 1513209476943957126}}, {events = 2147470470, data = {ptr = 0x7fffcc8598c00000, fd = -1732247552, u32 = 2562719744, u64 = 9223315436043501568}}, {events = 3641442304, data = {ptr = 0xd91400007ffefd7c, fd = 2147417468, u32 = 2147417468, u64 = 15642127407911992700}}, {events = 2147417468, data = {ptr = 0x7fffcc8614d80000, fd = 349700096, u32 = 349700096, u64 = 9223315438125449216}}, {events = 0, data = {ptr = 0x98c1000000000000, fd = 0, u32 = 0, u64 = 11007078964270202880}}, {events = 2147470469, data = {ptr = 0x7ffefd7cd91b0000, fd = -652541952, u32 = 3642425344, u64 = 9223087799561551872}}, {events = 0, data = {ptr = 0x1448000000000000, fd = 0, u32 = 0, u64 = 1461418079081725952}}, {events = 2147470470, data = {ptr = 0x0, fd = 0, u32 = 0, u64 = 0}}, {events = 372244480, data = {ptr = 0x163000007fffcc86, fd = 2147470470, u32 = 2147470470, u64 = 1598777869863996550}}, {events = 2147470470, data = {ptr = 0x7fffcc8615680000, fd = 359137280, u32 = 359137280, u64 = 9223315438134886400}}, {events = 2562719744, data = {ptr = 0xd92300007fffcc85, fd = 2147470469, u32 = 2147470469, u64 = 15646349532562705541}}, {events = 2147417468, data = {ptr = 0x7ffefd7cd9290000, fd = -651624448, u32 = 3643342848, u64 = 9223087799562469376}}, {events = 369623040, data = {ptr = 0x159000007fffcc86, fd = 2147470470, u32 = 2147470470, u64 = 1553741873590291590}}, {events = 2147470470, data = {ptr = 0x7fffcc8598c00000, fd = -1732247552, u32 = 2562719744, u64 = 9223315436043501568}}, {events = 3643998208, data = {ptr = 0xd93600007ffefd7c, fd = 2147417468, u32 = 2147417468, u64 = 15651697557120155004}}, {events = 2147417468, data = {ptr = 0x7fffcc8615680000, fd = 359137280, u32 = 359137280, u64 = 9223315438134886400}}, {events = 364380160, data = {ptr = 0x98c000007fffcc86, fd = 2147470470, u32 = 2147470470, u64 = 11006797491440962694}}, {events = 2147470469, data = {ptr = 0x7ffefd7cd93a0000, fd = -650510336, u32 = 3644456960, u64 = 9223087799563583488}}, {events = 3644653568, data = {ptr = 0x159000007ffefd7c, fd = 2147417468, u32 = 2147417468, u64 = 1553741873590238588}}, {events = 2147470470, data = {ptr = 0x7fffcc8615e00000, fd = 367001600, u32 = 367001600, u64 = 9223315438142750720}}, {events = 2562719744, data = {ptr = 0xd94100007fffcc85, fd = 2147470469, u32 = 2147470469, u64 = 15654793781864025221}}, {events = 2147417468, data = {ptr = 0x7ffefd7cd9440000, fd = -649854976, u32 = 3645112320, u64 = 9223087799564238848}}, {events = 364380160, data = {ptr = 0x160800007fffcc86, fd = 2147470470, u32 = 2147470470, u64 = 1587518870795570310}}, {events = 2147470470, data = {ptr = 0x7fffcc8598c00000, fd = -1732247552, u32 = 2562719744, u64 = 9223315436043501568}}, {events = 3645374464, data = {ptr = 0xd95300007ffefd7c, fd = 2147417468, u32 = 2147417468, u64 = 15659860331444764028}}, {events = 2147417468, data = {ptr = 0x7fffcc8615e00000, fd = 367001600, u32 = 367001600, u64 = 9223315438142750720}}, {events = 0, data = {ptr = 0x98c1000000000000, fd = 0, u32 = 0, u64 = 11007078964270202880}}, {events = 2147470469, data = {ptr = 0x7ffefd7cd95d0000, fd = -648216576, u32 = 3646750720, u64 = 9223087799565877248}}, {events = 0, data = {ptr = 0x5f8cacab00000000, fd = 0, u32 = 0, u64 = 6885067780782030848}}, {events = 0, data = {ptr = 0x0, fd = 0, u32 = 0, u64 = 0}}, {events = 4294957968, data = {ptr = 0x11e1a30000007fff, fd = 32767, u32 = 32767, u64 = 1288490188800032767}}, {events = 0, data = {ptr = 0x7fffffffdb90, fd = -9328, u32 = 4294957968, u64 = 140737488346000}}, {events = 300000000, data = {ptr = 0xffffdb4800000000, fd = 0, u32 = 0, u64 = 18446703701016969216}}, {events = 32767, data = {ptr = 0x9015a0, fd = 9442720, u32 = 9442720, u64 = 9442720}}, {events = 4155289179, data = {ptr = 0x1698000000007fff, fd = 32767, u32 = 32767, u64 = 1628051265294467071}}, {events = 0, data = {ptr = 0x0, fd = 0, u32 = 0, u64 = 0}}, {events = 11, data = {ptr = 0xa100000000, fd = 0, u32 = 0, u64 = 691489734656}}, {events = 0, data = {ptr = 0x911ef0, fd = 9510640, u32 = 9510640, u64 = 9510640}}, {events = 9444560, data = {ptr = 0x9015a000000000, fd = 0, u32 = 0, u64 = 40556173585285120}}, {events = 0, data = {ptr = 0x628b45 <boost::date_time::microsec_clock<boost::posix_time::ptime>::create_time(tm* (*)(long const*, tm*)) [clone .constprop.1003]+53>, fd = 6458181, u32 = 6458181, u64 = 6458181}}, {events = 9329, data = {ptr = 0xffffdb8fffff8000, fd = -32768, u32 = 4294934528, u64 = 18446704010254581760}}, {events = 32767, data = {ptr = 0x2, fd = 2, u32 = 2, u64 = 2}}, {events = 4155593817, data = {ptr = 0x7fff, fd = 32767, u32 = 32767, u64 = 32767}}, {events = 0, data = {ptr = 0x5828f4 <boost::asio::detail::reactive_socket_recv_op_base<boost::asio::mutable_buffers_1>::do_perform(boost::asio::detail::reactor_op*)+228>, fd = 5777652, u32 = 5777652, u64 = 5777652}}, {events = 91, data = {ptr = 0x100006e, fd = 16777326, u32 = 16777326, u64 = 16777326}}, {events = 13, data = {ptr = 0x7fffcc851836, fd = -863692746, u32 = 3431274550, u64 = 140736624662582}}, {events = 2, data = {ptr = 0x200000000, fd = 0, u32 = 0, u64 = 8589934592}}, {events = 0, data = {ptr = 0x1200000014, fd = 20, u32 = 20, u64 = 77309411348}}, {events = 0, data = {ptr = 0x0, fd = 0, u32 = 0, u64 = 0}}, {events = 0, data = {ptr = 0x7fffffffdb80, fd = -9344, u32 = 4294957952, u64 = 140737488345984}}, {events = 1, data = {ptr = 0x0, fd = 0, u32 = 0, u64 = 0}}, {events = 0, data = {ptr = 0x0, fd = 0, u32 = 0, u64 = 0}}, {events = 0, data = {ptr = 0xcc85181000000000, fd = 0, u32 = 0, u64 = 14737211812638359552}}, {events = 32767, data = {ptr = 0x7fffbef37530, fd = -1091341008, u32 = 3203626288, u64 = 140736397014320}}, {events = 9510320, data = {ptr = 0xcc86191800000000, fd = 0, u32 = 0, u64 = 14737494421486436352}}, {events = 32767, data = {ptr = 0x901c08, fd = 9444360, u32 = 9444360, u64 = 9444360}}, {events = 13, data = {ptr = 0x5200000000, fd = 0, u32 = 0, u64 = 352187318272}}, {events = 0, data = {ptr = 0x901570, fd = 9442672, u32 = 9442672, u64 = 9442672}}, {events = 6449413, data = {ptr = 0x0, fd = 0, u32 = 0, u64 = 0}}, {events = 0, data = {ptr = 0x7fff0000000d, fd = 13, u32 = 13, u64 = 140733193388045}}, {events = 0, data = {ptr = 0x56f20000000000, fd = 0, u32 = 0, u64 = 24472929811038208}}, {events = 0, data = {ptr = 0x0, fd = 0, u32 = 0, u64 = 0}}, {events = 0, data = {ptr = 0xffffdc7000000000, fd = 0, u32 = 0, u64 = 18446704972327288832}}, {events = 32767, data = {ptr = 0x911db0, fd = 9510320, u32 = 9510320, u64 = 9510320}}, {events = 9510320, data = {ptr = 0x901cd000000000, fd = 0, u32 = 0, u64 = 40564076325109760}}, {events = 0, data = {ptr = 0x7fffcc861918, fd = -863626984, u32 = 3431340312, u64 = 140736624728344}}, {events = 3431274550, data = {ptr = 0x200007fff, fd = 32767, u32 = 32767, u64 = 8589967359}}, {events = 0, data = {ptr = 0x7fff00000001, fd = 1, u32 = 1, u64 = 140733193388033}}, {events = 0, data = {ptr = 0x56f20000000000, fd = 0, u32 = 0, u64 = 24472929811038208}}, {events = 0, data = {ptr = 0x0, fd = 0, u32 = 0, u64 = 0}}, {events = 0, data = {ptr = 0xcc8618b800000000, fd = 0, u32 = 0, u64 = 14737494009169575936}}, {events = 32767, data = {ptr = 0x0, fd = 0, u32 = 0, u64 = 0}}, {events = 4128564479, data = {ptr = 0xcc85182000007fff, fd = 32767, u32 = 32767, u64 = 14737211881357869055}}, {events = 32767, data = {ptr = 0x7fffebfa1be0, fd = -335930400, u32 = 3959036896, u64 = 140737152424928}}, {events = 3225553744, data = {ptr = 0xcc8618b800007fff, fd = 32767, u32 = 32767, u64 = 14737494009169608703}}, {events = 32767, data = {ptr = 0x7fffffffde78, fd = -8584, u32 = 4294958712, u64 = 140737488346744}}, {events = 0, data = {ptr = 0xf7a9158c00000000, fd = 0, u32 = 0, u64 = 17845818689471905792}}, {events = 32767, data = {ptr = 0x900090, fd = 9437328, u32 = 9437328, u64 = 9437328}}, {events = 4294958640, data = {ptr = 0x90009000007fff, fd = 32767, u32 = 32767, u64 = 40533015121657855}}, {events = 0, data = {ptr = 0x7fffcc851820, fd = -863692768, u32 = 3431274528, u64 = 140736624662560}}, {events = 22, data = {ptr = 0xcc85182000000000, fd = 0, u32 = 0, u64 = 14737211881357836288}}, {events = 32767, data = {ptr = 0x7fffebfa1be0, fd = -335930400, u32 = 3959036896, u64 = 140737152424928}}, {events = 3225553744, data = {ptr = 0xcc8618b800007fff, fd = 32767, u32 = 32767, u64 = 14737494009169608703}}, {events = 32767, data = {ptr = 0x58a8b4 <Connection::onWriteOperation(boost::system::error_code const&)+260>, fd = 5810356, u32 = 5810356, u64 = 5810356}}, {events = 0, data = {ptr = 0xf71e50e000000000, fd = 0, u32 = 0, u64 = 17806758899672416256}}, {events = 32767, data = {ptr = 0xffffde30, fd = -8656, u32 = 4294958640, u64 = 4294958640}}, {events = 22, data = {ptr = 0x0, fd = 0, u32 = 0, u64 = 0}}, {events = 0, data = {ptr = 0x0, fd = 0, u32 = 0, u64 = 0}}, {events = 4294958640, data = {ptr = 0x58574500007fff, fd = 32767, u32 = 32767, u64 = 24865751814930431}}, {events = 0, data = {ptr = 0xf, fd = 15, u32 = 15, u64 = 15}}, {events = 4155593817, data = {ptr = 0xffffde3000007fff, fd = 32767, u32 = 32767, u64 = 18446706896472670207}}, {events = 32767, data = {ptr = 0x0, fd = 0, u32 = 0, u64 = 0}}, {events = 0, data = {ptr = 0x0, fd = 0, u32 = 0, u64 = 0}}, {events = 13, data = {ptr = 0x7fffcc861918, fd = -863626984, u32 = 3431340312, u64 = 140736624728344}}, {events = 4294958720, data = {ptr = 0x90009000007fff, fd = 32767, u32 = 32767, u64 = 40533015121657855}}, {events = 0, data = {ptr = 0x0, fd = 0, u32 = 0, u64 = 0}}, {events = 0, data = {ptr = 0x9000c000000000, fd = 0, u32 = 0, u64 = 40533221280055296}}, {events = 0, data = {ptr = 0x0, fd = 0, u32 = 0, u64 = 0}}, {events = 4155053452, data = {ptr = 0xcc85181000007fff, fd = 32767, u32 = 32767, u64 = 14737211812638392319}}, {events = 32767, data = {ptr = 0x0, fd = 0, u32 = 0, u64 = 0}}, {events = 4145959136, data = {ptr = 0x58a73100007fff, fd = 32767, u32 = 32767, u64 = 24953626845806591}}, {events = 0, data = {ptr = 0x7fffbe52a300, fd = -1101880576, u32 = 3193086720, u64 = 140736386474752}}, {events = 4294958720, data = {ptr = 0x90009000007fff, fd = 32767, u32 = 32767, u64 = 40533015121657855}}, {events = 0, data = {ptr = 0x7fffffffde80, fd = -8576, u32 = 4294958720, u64 = 140737488346752}}, {events = 9437328, data = {ptr = 0x58646e00000000, fd = 0, u32 = 0, u64 = 24880221559717888}}, {events = 0, data = {ptr = 0x7fffcc851820, fd = -863692768, u32 = 3431274528, u64 = 140736624662560}}, {events = 3431274512, data = {ptr = 0xffffde8000007fff, fd = 32767, u32 = 32767, u64 = 18446707240070053887}}, {events = 32767, data = {ptr = 0x0, fd = 0, u32 = 0, u64 = 0}}, {events = 0, data = {ptr = 0x0, fd = 0, u32 = 0, u64 = 0}}, {events = 0, data = {ptr = 0x58a720 <Connection::handleTimeout(std::weak_ptr<Connection>, boost::system::error_code const&)>, fd = 5809952, u32 = 5809952, u64 = 5809952}}, {events = 3431274528, data = {ptr = 0xcc85181000007fff, fd = 32767, u32 = 32767, u64 = 14737211812638392319}}, {events = 32767, data = {ptr = 0x7fff0000007d, fd = 125, u32 = 125, u64 = 140733193388157}}}
2020-10-18 16:59:28 -          num_events = <optimized out>
2020-10-18 16:59:28 -          check_timers = <optimized out>
2020-10-18 16:59:28 -  #2  0x000000000055dcd3 in do_run_one (ec=..., this_thread=..., lock=<synthetic pointer>, this=0x900090) at /usr/include/boost/asio/detail/impl/task_io_service.ipp:356
2020-10-18 16:59:28 -          more_handlers = <optimized out>
2020-10-18 16:59:28 -  #3  run (ec=..., this=0x900090) at /usr/include/boost/asio/detail/impl/task_io_service.ipp:149
2020-10-18 16:59:28 -          this_thread = {private_op_queue = {front_ = 0x0, back_ = 0x0}, private_outstanding_work = 0}
2020-10-18 16:59:28 -          ctx = {key_ = 0x900090, value_ = 0x7fffffffdf40, next_ = 0x0}
2020-10-18 16:59:28 -          lock = {mutex_ = @0x9000c0, locked_ = <optimized out>}
2020-10-18 16:59:28 -          n = 176
2020-10-18 16:59:28 -  #4  _ZN5boost4asio10io_service3runEv.isra.226 () at /usr/include/boost/asio/impl/io_service.ipp:59
2020-10-18 16:59:28 -          ec = {m_val = 0, m_cat = 0x7ffff71e50e0}
2020-10-18 16:59:28 -  #5  ServiceManager::run() (this=this@entry=0x7fffffffdff0) at /home/otg/src/server.cpp:47
2020-10-18 16:59:28 -  No locals.
2020-10-18 16:59:28 -  #6  0x0000000000474c46 in main (argc=1, argv=0x7fffffffe1b8) at /home/otg/src/otserv.cpp:96
2020-10-18 16:59:28 -          serviceManager = {acceptors = {_M_h = {_M_buckets = 0x7fffc0600b80, _M_bucket_count = 5, _M_before_begin = {_M_nxt = 0x7fffc0600b50}, _M_element_count = 2, _M_rehash_policy = {_M_max_load_factor = 1, _M_next_resize = 5}, _M_single_bucket = 0x0}}, io_service = {service_registry_ = 0x900040, impl_ = @0x900090}, signals = {set = {<No data fields>}}, death_timer = {<No data fields>}, running = true}
2020-10-18 16:59:28 -  Saving server...
2020-10-18 16:59:28 -  > Saved house items in: 0.421 s
2020-10-18 16:59:28 -  A debugging session is active.
2020-10-18 16:59:28 -  
2020-10-18 16:59:28 -  	Inferior 1 [process 25981] will be killed.
2020-10-18 16:59:28 -  
2020-10-18 16:59:28 -  Quit anyway? (y or n) [answered Y; input not from terminal]
