2020-09-24 22:18:54 -  [Thread debugging using libthread_db enabled]
2020-09-24 22:18:54 -  Using host libthread_db library "/lib/x86_64-linux-gnu/libthread_db.so.1".
2020-09-24 22:18:54 -  [New Thread 0x7ffff3dbb700 (LWP 28657)]
2020-09-24 22:18:54 -  [New Thread 0x7ffff35ba700 (LWP 28658)]
2020-09-24 22:18:54 -  The OTG-Premium-Version - Version: (1.3)
2020-09-24 22:18:54 -  Compiled with: GNU C++ version 5.4.0 20160609
2020-09-24 22:18:54 -  Compiled on Sep 17 2020 19:49:36 for platform x64
2020-09-24 22:18:54 -  
2020-09-24 22:18:54 -  Special Credits for: OTG Team, Johncore, Vankk, Erick Nunes, Leonardo Pereira, Leandro Baldissera, Talis, Marcomoa, Marson Schneider, Douglas, Mark Samman, OTXServer (Mattyx Gomez) and The Forgotten Server Developers.
2020-09-24 22:18:54 -  Link of repository: https://github.com/Johncorex/OTG-Premium-Version
2020-09-24 22:18:54 -  
2020-09-24 22:18:54 -  >> Loading config: config.lua
2020-09-24 22:18:54 -  >> Establishing database connection... MySQL 5.7.31
2020-09-24 22:18:54 -  >> Running database manager
2020-09-24 22:18:54 -  [New Thread 0x7ffff2ba7700 (LWP 28659)]
2020-09-24 22:18:54 -  > Optimizing table players_online... [success]
2020-09-24 22:18:54 -  > Optimizing table tile_store... [success]
2020-09-24 22:18:54 -  >> Loading vocations
2020-09-24 22:18:54 -  >> Loading items
2020-09-24 22:18:54 -  >> Loading script systems
2020-09-24 22:18:54 -  >> Loading lua libs
2020-09-24 22:18:55 -  [Warning - Event::checkScript] Can not load script: scripts/expboostaction.lua
2020-09-24 22:18:55 -  cannot open data/actions/scripts/expboostaction.lua: No such file or directory
2020-09-24 22:18:56 -  >> Loading lua scripts
2020-09-24 22:18:56 -  >> Loading monsters
2020-09-24 22:18:56 -  >> Loading lua monsters
2020-09-24 22:18:56 -  >> Loading outfits
2020-09-24 22:18:56 -  >> Loading prey data
2020-09-24 22:18:56 -  >> Checking world type... PVP
2020-09-24 22:18:56 -  >> Loading map
2020-09-24 22:18:58 -  > Map size: 34143x33812.
2020-09-24 22:19:04 -  > Map loading time: 7.945 seconds.
2020-09-24 22:19:37 -  > Loaded house items in: 0.081 s
2020-09-24 22:19:37 -  >> Initializing gamestate
2020-09-24 22:19:40 -  >> Loaded 43 npcs and spawned 72496 monsters.
2020-09-24 22:19:40 -  >> Loaded 26 towns with 1074 houses in total.
2020-09-24 22:19:40 -  [Castle War]
2020-09-24 22:19:40 -  [POWERGAMERS]
2020-09-24 22:19:40 -  [SISTEMA DE LOTERIA] OPERANTE
2020-09-24 22:19:40 -  Advanced NPC spawn system | All NPCs will be loaded trough lib.
2020-09-24 22:19:40 -  [REGEN BOOST] CARREGADO
2020-09-24 22:19:40 -  [SPOOF COUNTER]
2020-09-24 22:19:40 -  [STAMINA]
2020-09-24 22:19:40 -  >> Loaded all modules, server starting up...
2020-09-24 22:19:40 -  > Warning: OTG-Premium-Version has been executed as root user, please consider running it as a normal user.
2020-09-24 22:19:40 -  >> Honera Global Server Online!
2020-09-24 22:19:40 -  
2020-09-24 22:19:41 -  Shaka has logged in.
2020-09-24 22:19:41 -  Demon has logged in.
2020-09-24 22:19:41 -  Top Spin has logged in.
2020-09-24 22:19:41 -  Nobre Cavalheiro has logged in.
2020-09-24 22:20:18 -  SABADOU!! NPC HONERA CRIADO
2020-09-24 22:20:18 -  Sir Graubi has logged in.
2020-09-24 22:20:40 -  Loud Graubi has logged in.
2020-09-24 22:21:09 -  Graubi has logged in.
2020-09-24 22:21:14 -  
2020-09-24 22:21:14 -  Lua Script Error: [Action Interface] 
2020-09-24 22:21:14 -  data/actions/scripts/rewardchest.lua:onUse
2020-09-24 22:21:14 -  data/actions/scripts/rewardchest.lua:2: attempt to call method 'updateRewardChest' (a nil value)
2020-09-24 22:21:14 -  stack traceback:
2020-09-24 22:21:14 -  	[C]: in function 'updateRewardChest'
2020-09-24 22:21:14 -  	data/actions/scripts/rewardchest.lua:2: in function <data/actions/scripts/rewardchest.lua:1>
2020-09-24 22:21:17 -  
2020-09-24 22:21:17 -  Lua Script Error: [Action Interface] 
2020-09-24 22:21:17 -  data/actions/scripts/rewardchest.lua:onUse
2020-09-24 22:21:17 -  data/actions/scripts/rewardchest.lua:2: attempt to call method 'updateRewardChest' (a nil value)
2020-09-24 22:21:17 -  stack traceback:
2020-09-24 22:21:17 -  	[C]: in function 'updateRewardChest'
2020-09-24 22:21:17 -  	data/actions/scripts/rewardchest.lua:2: in function <data/actions/scripts/rewardchest.lua:1>
2020-09-24 22:21:17 -  
2020-09-24 22:21:17 -  Lua Script Error: [Action Interface] 
2020-09-24 22:21:17 -  data/actions/scripts/rewardchest.lua:onUse
2020-09-24 22:21:17 -  data/actions/scripts/rewardchest.lua:2: attempt to call method 'updateRewardChest' (a nil value)
2020-09-24 22:21:17 -  stack traceback:
2020-09-24 22:21:17 -  	[C]: in function 'updateRewardChest'
2020-09-24 22:21:17 -  	data/actions/scripts/rewardchest.lua:2: in function <data/actions/scripts/rewardchest.lua:1>
2020-09-24 22:22:31 -  Shaka Knight has logged in.
2020-09-24 22:22:40 -  
2020-09-24 22:22:40 -  Lua Script Error: [Event Interface] 
2020-09-24 22:22:40 -  data/events/scripts/player.lua:Player@onMoveItem
2020-09-24 22:22:40 -  data/events/scripts/player.lua:514: attempt to index local 'containerTo' (a nil value)
2020-09-24 22:22:40 -  stack traceback:
2020-09-24 22:22:40 -  	[C]: in function '__index'
2020-09-24 22:22:40 -  	data/events/scripts/player.lua:514: in function <data/events/scripts/player.lua:281>
2020-09-24 22:22:45 -  
2020-09-24 22:22:45 -  Lua Script Error: [Event Interface] 
2020-09-24 22:22:45 -  data/events/scripts/player.lua:Player@onMoveItem
2020-09-24 22:22:45 -  data/events/scripts/player.lua:514: attempt to index local 'containerTo' (a nil value)
2020-09-24 22:22:45 -  stack traceback:
2020-09-24 22:22:45 -  	[C]: in function '__index'
2020-09-24 22:22:45 -  	data/events/scripts/player.lua:514: in function <data/events/scripts/player.lua:281>
2020-09-24 22:22:49 -  
2020-09-24 22:22:49 -  Lua Script Error: [Event Interface] 
2020-09-24 22:22:49 -  data/events/scripts/player.lua:Player@onMoveItem
2020-09-24 22:22:49 -  data/events/scripts/player.lua:514: attempt to index local 'containerTo' (a nil value)
2020-09-24 22:22:49 -  stack traceback:
2020-09-24 22:22:49 -  	[C]: in function '__index'
2020-09-24 22:22:49 -  	data/events/scripts/player.lua:514: in function <data/events/scripts/player.lua:281>
2020-09-24 22:22:54 -  
2020-09-24 22:22:54 -  Lua Script Error: [Event Interface] 
2020-09-24 22:22:54 -  data/events/scripts/player.lua:Player@onMoveItem
2020-09-24 22:22:54 -  data/events/scripts/player.lua:514: attempt to index local 'containerTo' (a nil value)
2020-09-24 22:22:54 -  stack traceback:
2020-09-24 22:22:54 -  	[C]: in function '__index'
2020-09-24 22:22:54 -  	data/events/scripts/player.lua:514: in function <data/events/scripts/player.lua:281>
2020-09-24 22:23:00 -  Shaka Skull has logged in.
2020-09-24 22:23:50 -  
2020-09-24 22:23:50 -  Lua Script Error: [Event Interface] 
2020-09-24 22:23:50 -  data/events/scripts/player.lua:Player@onMoveItem
2020-09-24 22:23:50 -  data/events/scripts/player.lua:514: attempt to index local 'containerTo' (a nil value)
2020-09-24 22:23:50 -  stack traceback:
2020-09-24 22:23:50 -  	[C]: in function '__index'
2020-09-24 22:23:50 -  	data/events/scripts/player.lua:514: in function <data/events/scripts/player.lua:281>
2020-09-24 22:23:58 -  
2020-09-24 22:23:58 -  Lua Script Error: [Event Interface] 
2020-09-24 22:23:58 -  data/events/scripts/player.lua:Player@onMoveItem
2020-09-24 22:23:58 -  data/events/scripts/player.lua:514: attempt to index local 'containerTo' (a nil value)
2020-09-24 22:23:58 -  stack traceback:
2020-09-24 22:23:58 -  	[C]: in function '__index'
2020-09-24 22:23:58 -  	data/events/scripts/player.lua:514: in function <data/events/scripts/player.lua:281>
2020-09-24 22:24:00 -  
2020-09-24 22:24:00 -  Lua Script Error: [Event Interface] 
2020-09-24 22:24:00 -  data/events/scripts/player.lua:Player@onMoveItem
2020-09-24 22:24:00 -  data/events/scripts/player.lua:514: attempt to index local 'containerTo' (a nil value)
2020-09-24 22:24:00 -  stack traceback:
2020-09-24 22:24:00 -  	[C]: in function '__index'
2020-09-24 22:24:00 -  	data/events/scripts/player.lua:514: in function <data/events/scripts/player.lua:281>
2020-09-24 22:24:35 -  
2020-09-24 22:24:35 -  Lua Script Error: [Modules Interface] 
2020-09-24 22:24:35 -  data/modules/scripts/prey system/prey.lua:onRecvbyte
2020-09-24 22:24:35 -  data/modules/scripts/prey system/prey.lua:376: attempt to call method 'getPreyMonsterList' (a nil value)
2020-09-24 22:24:35 -  stack traceback:
2020-09-24 22:24:35 -  	[C]: in function 'getPreyMonsterList'
2020-09-24 22:24:35 -  	data/modules/scripts/prey system/prey.lua:376: in function 'sendPreyData'
2020-09-24 22:24:35 -  	data/modules/scripts/prey system/prey.lua:212: in function <data/modules/scripts/prey system/prey.lua:210>
2020-09-24 22:30:26 -  
2020-09-24 22:30:26 -  Lua Script Error: [Event Interface] 
2020-09-24 22:30:26 -  data/events/scripts/player.lua:Player@onMoveItem
2020-09-24 22:30:26 -  data/events/scripts/player.lua:514: attempt to index local 'containerTo' (a nil value)
2020-09-24 22:30:26 -  stack traceback:
2020-09-24 22:30:26 -  	[C]: in function '__index'
2020-09-24 22:30:26 -  	data/events/scripts/player.lua:514: in function <data/events/scripts/player.lua:281>
2020-09-24 22:30:27 -  
2020-09-24 22:30:27 -  Lua Script Error: [Event Interface] 
2020-09-24 22:30:27 -  data/events/scripts/player.lua:Player@onMoveItem
2020-09-24 22:30:27 -  data/events/scripts/player.lua:514: attempt to index local 'containerTo' (a nil value)
2020-09-24 22:30:27 -  stack traceback:
2020-09-24 22:30:27 -  	[C]: in function '__index'
2020-09-24 22:30:27 -  	data/events/scripts/player.lua:514: in function <data/events/scripts/player.lua:281>
2020-09-24 22:30:28 -  
2020-09-24 22:30:28 -  Lua Script Error: [Event Interface] 
2020-09-24 22:30:28 -  data/events/scripts/player.lua:Player@onMoveItem
2020-09-24 22:30:28 -  data/events/scripts/player.lua:514: attempt to index local 'containerTo' (a nil value)
2020-09-24 22:30:28 -  stack traceback:
2020-09-24 22:30:28 -  	[C]: in function '__index'
2020-09-24 22:30:28 -  	data/events/scripts/player.lua:514: in function <data/events/scripts/player.lua:281>
2020-09-24 22:30:31 -  
2020-09-24 22:30:31 -  Lua Script Error: [Event Interface] 
2020-09-24 22:30:31 -  data/events/scripts/player.lua:Player@onMoveItem
2020-09-24 22:30:31 -  data/events/scripts/player.lua:514: attempt to index local 'containerTo' (a nil value)
2020-09-24 22:30:31 -  stack traceback:
2020-09-24 22:30:31 -  	[C]: in function '__index'
2020-09-24 22:30:31 -  	data/events/scripts/player.lua:514: in function <data/events/scripts/player.lua:281>
2020-09-24 22:30:33 -  
2020-09-24 22:30:33 -  Lua Script Error: [Event Interface] 
2020-09-24 22:30:33 -  data/events/scripts/player.lua:Player@onMoveItem
2020-09-24 22:30:33 -  data/events/scripts/player.lua:514: attempt to index local 'containerTo' (a nil value)
2020-09-24 22:30:33 -  stack traceback:
2020-09-24 22:30:33 -  	[C]: in function '__index'
2020-09-24 22:30:33 -  	data/events/scripts/player.lua:514: in function <data/events/scripts/player.lua:281>
2020-09-24 22:30:35 -  
2020-09-24 22:30:35 -  Lua Script Error: [Event Interface] 
2020-09-24 22:30:35 -  data/events/scripts/player.lua:Player@onMoveItem
2020-09-24 22:30:35 -  data/events/scripts/player.lua:514: attempt to index local 'containerTo' (a nil value)
2020-09-24 22:30:35 -  stack traceback:
2020-09-24 22:30:35 -  	[C]: in function '__index'
2020-09-24 22:30:35 -  	data/events/scripts/player.lua:514: in function <data/events/scripts/player.lua:281>
2020-09-24 22:30:37 -  
2020-09-24 22:30:37 -  Lua Script Error: [Event Interface] 
2020-09-24 22:30:37 -  data/events/scripts/player.lua:Player@onMoveItem
2020-09-24 22:30:37 -  data/events/scripts/player.lua:514: attempt to index local 'containerTo' (a nil value)
2020-09-24 22:30:37 -  stack traceback:
2020-09-24 22:30:37 -  	[C]: in function '__index'
2020-09-24 22:30:37 -  	data/events/scripts/player.lua:514: in function <data/events/scripts/player.lua:281>
2020-09-24 22:32:34 -  Dev Marson has logged in.
2020-09-24 22:33:17 -  Arrow has logged in.
2020-09-24 22:35:21 -  ip inválido
2020-09-24 22:35:21 -  Dev Marson has logged out.
2020-09-24 22:42:48 -  Flash has logged in.
2020-09-24 22:44:41 -  Jackie Chan has logged in.
2020-09-24 22:45:06 -  Scooby Doo has logged in.
2020-09-24 22:45:46 -  Midas has logged in.
2020-09-24 22:46:20 -  Robalo has logged in.
2020-09-24 22:48:08 -  [Debug - Game::internalDecayItem] internalDecayItem failed, error code: 1, item id: 2021
2020-09-24 22:49:43 -  [Debug - Game::internalDecayItem] internalDecayItem failed, error code: 1, item id: 2021
2020-09-24 22:49:53 -  [Debug - Game::internalDecayItem] internalDecayItem failed, error code: 1, item id: 2021
2020-09-24 22:50:43 -  [Debug - Game::internalDecayItem] internalDecayItem failed, error code: 1, item id: 2021
2020-09-24 22:51:03 -  [Debug - Game::internalDecayItem] internalDecayItem failed, error code: 1, item id: 2021
2020-09-24 22:51:18 -  [Debug - Game::internalDecayItem] internalDecayItem failed, error code: 1, item id: 2021
2020-09-24 22:51:27 -  [Debug - Game::internalDecayItem] internalDecayItem failed, error code: 1, item id: 2021
2020-09-24 22:52:16 -  [Debug - Game::internalDecayItem] internalDecayItem failed, error code: 1, item id: 2018
2020-09-24 22:53:10 -  [Debug - Game::internalDecayItem] internalDecayItem failed, error code: 1, item id: 2018
2020-09-24 22:53:23 -  [Debug - Game::internalDecayItem] internalDecayItem failed, error code: 1, item id: 2021
2020-09-24 22:53:56 -  [Debug - Game::internalDecayItem] internalDecayItem failed, error code: 1, item id: 2021
2020-09-24 22:55:42 -  Dev Marson has logged in.
2020-09-24 22:57:13 -  [Debug - Game::internalDecayItem] internalDecayItem failed, error code: 1, item id: 2018
2020-09-24 22:58:00 -  [Debug - Game::internalDecayItem] internalDecayItem failed, error code: 1, item id: 2018
2020-09-24 22:58:49 -  [Debug - Game::internalDecayItem] internalDecayItem failed, error code: 1, item id: 2018
2020-09-24 23:00:58 -  [Debug - Game::internalDecayItem] internalDecayItem failed, error code: 1, item id: 2018
2020-09-24 23:02:50 -  [Debug - Game::internalDecayItem] internalDecayItem failed, error code: 1, item id: 2018
2020-09-24 23:05:53 -  
2020-09-24 23:05:53 -  Lua Script Error: [Modules Interface] 
2020-09-24 23:05:53 -  data/modules/scripts/prey system/prey.lua:onRecvbyte
2020-09-24 23:05:53 -  data/modules/scripts/prey system/prey.lua:348: attempt to call method 'getPreyBonusType' (a nil value)
2020-09-24 23:05:53 -  stack traceback:
2020-09-24 23:05:53 -  	[C]: in function 'getPreyBonusType'
2020-09-24 23:05:53 -  	data/modules/scripts/prey system/prey.lua:348: in function 'sendPreyData'
2020-09-24 23:05:53 -  	data/modules/scripts/prey system/prey.lua:212: in function <data/modules/scripts/prey system/prey.lua:210>
2020-09-24 23:06:01 -  
2020-09-24 23:06:01 -  Lua Script Error: [Modules Interface] 
2020-09-24 23:06:01 -  data/modules/scripts/prey system/prey.lua:onRecvbyte
2020-09-24 23:06:01 -  data/modules/scripts/prey system/prey.lua:230: attempt to call method 'getPreyUnlocked' (a nil value)
2020-09-24 23:06:01 -  stack traceback:
2020-09-24 23:06:01 -  	[C]: in function 'getPreyUnlocked'
2020-09-24 23:06:01 -  	data/modules/scripts/prey system/prey.lua:230: in function 'preyAction'
2020-09-24 23:06:01 -  	data/modules/scripts/prey system/prey.lua:216: in function <data/modules/scripts/prey system/prey.lua:210>
2020-09-24 23:06:08 -  
2020-09-24 23:06:08 -  Lua Script Error: [Modules Interface] 
2020-09-24 23:06:08 -  data/modules/scripts/prey system/prey.lua:onRecvbyte
2020-09-24 23:06:08 -  data/modules/scripts/prey system/prey.lua:230: attempt to call method 'getPreyUnlocked' (a nil value)
2020-09-24 23:06:08 -  stack traceback:
2020-09-24 23:06:08 -  	[C]: in function 'getPreyUnlocked'
2020-09-24 23:06:08 -  	data/modules/scripts/prey system/prey.lua:230: in function 'preyAction'
2020-09-24 23:06:08 -  	data/modules/scripts/prey system/prey.lua:216: in function <data/modules/scripts/prey system/prey.lua:210>
2020-09-24 23:06:44 -  Demon has logged out.
2020-09-24 23:06:44 -  Gandalf has logged in.
2020-09-24 23:09:45 -  Gandalf has logged out.
2020-09-24 23:09:52 -  Gandalf has logged in.
2020-09-24 23:10:00 -  Gandalf has logged out.
2020-09-24 23:10:01 -  Demon has logged in.
2020-09-24 23:11:20 -  Demon has logged out.
2020-09-24 23:11:21 -  Gandalf has logged in.
2020-09-24 23:12:12 -  Gandalf has logged out.
2020-09-24 23:12:15 -  Demon has logged in.
2020-09-24 23:12:27 -  Demon has logged out.
2020-09-24 23:12:27 -  Gandalf has logged in.
2020-09-24 23:12:55 -  Gandalf has logged out.
2020-09-24 23:12:56 -  Demon has logged in.
2020-09-24 23:13:15 -  Demon has logged out.
2020-09-24 23:13:15 -  Gandalf has logged in.
2020-09-24 23:13:31 -  Gandalf has logged out.
2020-09-24 23:13:35 -  Demon has logged in.
2020-09-24 23:30:23 -  ip inválido
2020-09-24 23:30:23 -  ip inválido
2020-09-24 23:30:23 -  ip inválido
2020-09-24 23:30:23 -  ip inválido
2020-09-24 23:30:23 -  ip inválido
2020-09-24 23:30:23 -  [Debug - Game::internalDecayItem] internalDecayItem failed, error code: 1, item id: 29057
2020-09-24 23:31:41 -  ip inválido
2020-09-24 23:31:41 -  > Broadcasted message: "Beware! Mawhawk!".
2020-09-25 00:01:41 -  ip inválido
2020-09-25 00:01:41 -  ip inválido
2020-09-25 00:01:41 -  ip inválido
2020-09-25 00:01:41 -  ip inválido
2020-09-25 00:01:41 -  ip inválido
2020-09-25 00:01:41 -  ip inválido
2020-09-25 00:01:41 -  ip inválido
2020-09-25 00:01:41 -  ip inválido
2020-09-25 00:01:41 -  ip inválido
2020-09-25 00:01:41 -  ip inválido
2020-09-25 00:01:41 -  ip inválido
2020-09-25 00:01:41 -  ip inválido
2020-09-25 00:01:41 -  ip inválido
2020-09-25 00:01:41 -  ip inválido
2020-09-25 00:01:41 -  ip inválido
2020-09-25 00:01:41 -  ip inválido
2020-09-25 00:01:41 -  ip inválido
2020-09-25 00:01:41 -  ip inválido
2020-09-25 00:01:41 -  ip inválido
2020-09-25 00:01:41 -  ip inválido
2020-09-25 00:01:41 -  ip inválido
2020-09-25 00:01:41 -  ip inválido
2020-09-25 00:01:41 -  ip inválido
2020-09-25 00:01:41 -  ip inválido
2020-09-25 00:01:41 -  ip inválido
2020-09-25 00:01:41 -  ip inválido
2020-09-25 00:01:41 -  ip inválido
2020-09-25 00:01:41 -  ip inválido
2020-09-25 00:01:41 -  ip inválido
2020-09-25 00:01:41 -  ip inválido
2020-09-25 00:01:41 -  > Broadcasted message: "The dragons of the Dragonblaze Mountains have descended to Zao to protect the lizardkin!".
2020-09-25 00:34:33 -  ip inválido
2020-09-25 00:34:33 -  ip inválido
2020-09-25 00:34:33 -  ip inválido
2020-09-25 00:34:33 -  ip inválido
2020-09-25 00:34:33 -  ip inválido
2020-09-25 00:34:33 -  ip inválido
2020-09-25 00:34:33 -  Demon has logged out.
2020-09-25 00:34:34 -  Gandalf has logged in.
2020-09-25 00:36:23 -  ip inválido
2020-09-25 00:36:23 -  ip inválido
2020-09-25 00:36:23 -  ip inválido
2020-09-25 00:36:23 -  ip inválido
2020-09-25 00:36:23 -  ip inválido
2020-09-25 00:36:23 -  ip inválido
2020-09-25 00:36:23 -  Gandalf has logged out.
2020-09-25 00:36:24 -  Demon has logged in.
2020-09-25 00:40:11 -  ip inválido
2020-09-25 00:40:11 -  ip inválido
2020-09-25 00:40:11 -  ip inválido
2020-09-25 00:40:11 -  ip inválido
2020-09-25 00:40:11 -  ip inválido
2020-09-25 00:40:11 -  ip inválido
2020-09-25 00:40:11 -  ip inválido
2020-09-25 00:40:11 -  ip inválido
2020-09-25 00:40:11 -  ip inválido
2020-09-25 00:40:11 -  ip inválido
2020-09-25 00:40:11 -  ip inválido
2020-09-25 00:40:11 -  ip inválido
2020-09-25 00:40:11 -  ip inválido
2020-09-25 00:40:11 -  ip inválido
2020-09-25 00:40:11 -  ip inválido
2020-09-25 00:40:11 -  ip inválido
2020-09-25 00:40:11 -  ip inválido
2020-09-25 00:40:11 -  ip inválido
2020-09-25 00:40:11 -  ip inválido
2020-09-25 00:40:11 -  ip inválido
2020-09-25 00:40:11 -  Demon has logged out.
2020-09-25 00:40:11 -  Gandalf has logged in.
2020-09-25 00:40:32 -  Gandalf has logged out.
2020-09-25 00:40:33 -  Demon has logged in.
2020-09-25 00:45:26 -  ip inválido
2020-09-25 00:45:26 -  ip inválido
2020-09-25 00:45:26 -  ip inválido
2020-09-25 00:45:26 -  ip inválido
2020-09-25 00:45:26 -  ip inválido
2020-09-25 00:45:26 -  ip inválido
2020-09-25 00:45:26 -  ip inválido
2020-09-25 00:45:26 -  ip inválido
2020-09-25 00:45:26 -  ip inválido
2020-09-25 00:45:26 -  ip inválido
2020-09-25 00:45:26 -  ip inválido
2020-09-25 00:45:26 -  ip inválido
2020-09-25 00:45:26 -  ip inválido
2020-09-25 00:45:26 -  ip inválido
2020-09-25 00:45:26 -  ip inválido
2020-09-25 00:45:26 -  ip inválido
2020-09-25 00:45:26 -  ip inválido
2020-09-25 00:45:26 -  ip inválido
2020-09-25 00:45:26 -  ip inválido
2020-09-25 00:45:26 -  ip inválido
2020-09-25 00:45:26 -  ip inválido
2020-09-25 00:45:26 -  ip inválido
2020-09-25 00:45:26 -  ip inválido
2020-09-25 00:45:26 -  ip inválido
2020-09-25 00:45:26 -  ip inválido
2020-09-25 00:45:26 -  [Debug - Game::internalDecayItem] internalDecayItem failed, error code: 1, item id: 2021
2020-09-25 00:47:33 -  ip inválido
2020-09-25 00:47:33 -  ip inválido
2020-09-25 00:47:33 -  ip inválido
2020-09-25 00:47:33 -  ip inválido
2020-09-25 00:47:33 -  ip inválido
2020-09-25 00:47:33 -  ip inválido
2020-09-25 00:47:33 -  ip inválido
2020-09-25 00:47:33 -  ip inválido
2020-09-25 00:47:33 -  ip inválido
2020-09-25 00:47:33 -  ip inválido
2020-09-25 00:47:33 -  [Debug - Game::internalDecayItem] internalDecayItem failed, error code: 1, item id: 2021
2020-09-25 00:49:03 -  ip inválido
2020-09-25 00:49:03 -  ip inválido
2020-09-25 00:49:03 -  ip inválido
2020-09-25 00:49:03 -  ip inválido
2020-09-25 00:49:03 -  ip inválido
2020-09-25 00:49:03 -  ip inválido
2020-09-25 00:49:03 -  ip inválido
2020-09-25 00:49:03 -  ip inválido
2020-09-25 00:49:03 -  ip inválido
2020-09-25 00:49:03 -  ip inválido
2020-09-25 00:49:03 -  [Debug - Game::internalDecayItem] internalDecayItem failed, error code: 1, item id: 2021
2020-09-25 00:49:45 -  [Debug - Game::internalDecayItem] internalDecayItem failed, error code: 1, item id: 2021
2020-09-25 00:49:51 -  [Debug - Game::internalDecayItem] internalDecayItem failed, error code: 1, item id: 2021
2020-09-25 00:49:51 -  [Debug - Game::internalDecayItem] internalDecayItem failed, error code: 1, item id: 2021
2020-09-25 00:52:02 -  ip inválido
2020-09-25 00:52:02 -  ip inválido
2020-09-25 00:52:02 -  ip inválido
2020-09-25 00:52:02 -  ip inválido
2020-09-25 00:52:02 -  ip inválido
2020-09-25 00:52:02 -  ip inválido
2020-09-25 00:52:02 -  ip inválido
2020-09-25 00:52:02 -  ip inválido
2020-09-25 00:52:02 -  ip inválido
2020-09-25 00:52:02 -  ip inválido
2020-09-25 00:52:02 -  ip inválido
2020-09-25 00:52:02 -  ip inválido
2020-09-25 00:52:02 -  ip inválido
2020-09-25 00:52:02 -  ip inválido
2020-09-25 00:52:02 -  ip inválido
2020-09-25 00:52:02 -  [Debug - Game::internalDecayItem] internalDecayItem failed, error code: 1, item id: 2021
2020-09-25 00:52:19 -  [Debug - Game::internalDecayItem] internalDecayItem failed, error code: 1, item id: 2021
2020-09-25 00:52:44 -  [Debug - Game::internalDecayItem] internalDecayItem failed, error code: 1, item id: 2021
2020-09-25 00:52:49 -  [Debug - Game::internalDecayItem] internalDecayItem failed, error code: 1, item id: 2021
2020-09-25 00:52:52 -  [Debug - Game::internalDecayItem] internalDecayItem failed, error code: 1, item id: 2021
2020-09-25 00:55:54 -  ip inválido
2020-09-25 00:55:54 -  ip inválido
2020-09-25 00:55:54 -  ip inválido
2020-09-25 00:55:54 -  ip inválido
2020-09-25 00:55:54 -  ip inválido
2020-09-25 00:55:54 -  ip inválido
2020-09-25 00:55:54 -  ip inválido
2020-09-25 00:55:54 -  ip inválido
2020-09-25 00:55:54 -  ip inválido
2020-09-25 00:55:54 -  ip inválido
2020-09-25 00:55:54 -  ip inválido
2020-09-25 00:55:54 -  ip inválido
2020-09-25 00:55:54 -  ip inválido
2020-09-25 00:55:54 -  ip inválido
2020-09-25 00:55:54 -  ip inválido
2020-09-25 00:55:54 -  [Debug - Game::internalDecayItem] internalDecayItem failed, error code: 1, item id: 2021
2020-09-25 00:58:16 -  ip inválido
2020-09-25 00:58:16 -  ip inválido
2020-09-25 00:58:16 -  ip inválido
2020-09-25 00:58:16 -  ip inválido
2020-09-25 00:58:16 -  ip inválido
2020-09-25 00:58:16 -  ip inválido
2020-09-25 00:58:16 -  ip inválido
2020-09-25 00:58:16 -  ip inválido
2020-09-25 00:58:16 -  ip inválido
2020-09-25 00:58:16 -  ip inválido
2020-09-25 00:58:16 -  ip inválido
2020-09-25 00:58:16 -  ip inválido
2020-09-25 00:58:16 -  ip inválido
2020-09-25 00:58:16 -  ip inválido
2020-09-25 00:58:16 -  ip inválido
2020-09-25 00:58:16 -  [Debug - Game::internalDecayItem] internalDecayItem failed, error code: 1, item id: 2018
2020-09-25 00:58:26 -  [Debug - Game::internalDecayItem] internalDecayItem failed, error code: 1, item id: 2021
2020-09-25 00:58:40 -  [Debug - Game::internalDecayItem] internalDecayItem failed, error code: 1, item id: 2018
2020-09-25 00:59:00 -  ip inválido
2020-09-25 00:59:00 -  ip inválido
2020-09-25 00:59:00 -  ip inválido
2020-09-25 00:59:00 -  ip inválido
2020-09-25 00:59:00 -  ip inválido
2020-09-25 00:59:00 -  [Debug - Game::internalDecayItem] internalDecayItem failed, error code: 1, item id: 2018
2020-09-25 00:59:10 -  [Debug - Game::internalDecayItem] internalDecayItem failed, error code: 1, item id: 2018
2020-09-25 00:59:29 -  [Debug - Game::internalDecayItem] internalDecayItem failed, error code: 1, item id: 2018
2020-09-25 01:00:54 -  ip inválido
2020-09-25 01:00:54 -  ip inválido
2020-09-25 01:00:54 -  ip inválido
2020-09-25 01:00:54 -  ip inválido
2020-09-25 01:00:54 -  ip inválido
2020-09-25 01:00:54 -  [Debug - Game::internalDecayItem] internalDecayItem failed, error code: 1, item id: 2018
2020-09-25 01:01:32 -  ip inválido
2020-09-25 01:01:32 -  ip inválido
2020-09-25 01:01:32 -  ip inválido
2020-09-25 01:01:32 -  ip inválido
2020-09-25 01:01:32 -  ip inválido
2020-09-25 01:01:32 -  [Debug - Game::internalDecayItem] internalDecayItem failed, error code: 1, item id: 2018
2020-09-25 01:01:56 -  ip inválido
2020-09-25 01:01:56 -  ip inválido
2020-09-25 01:01:56 -  ip inválido
2020-09-25 01:01:56 -  ip inválido
2020-09-25 01:01:56 -  ip inválido
2020-09-25 01:01:56 -  [Debug - Game::internalDecayItem] internalDecayItem failed, error code: 1, item id: 2018
2020-09-25 01:03:28 -  ip inválido
2020-09-25 01:03:28 -  ip inválido
2020-09-25 01:03:28 -  ip inválido
2020-09-25 01:03:28 -  ip inválido
2020-09-25 01:03:28 -  ip inválido
2020-09-25 01:03:28 -  [Debug - Game::internalDecayItem] internalDecayItem failed, error code: 1, item id: 2018
2020-09-25 01:03:30 -  [Debug - Game::internalDecayItem] internalDecayItem failed, error code: 1, item id: 2021
2020-09-25 01:03:49 -  [Debug - Game::internalDecayItem] internalDecayItem failed, error code: 1, item id: 2018
2020-09-25 01:03:52 -  [Debug - Game::internalDecayItem] internalDecayItem failed, error code: 1, item id: 2021
2020-09-25 01:05:05 -  ip inválido
2020-09-25 01:05:05 -  ip inválido
2020-09-25 01:05:05 -  ip inválido
2020-09-25 01:05:05 -  ip inválido
2020-09-25 01:05:05 -  ip inválido
2020-09-25 01:05:05 -  ip inválido
2020-09-25 01:05:05 -  ip inválido
2020-09-25 01:05:05 -  ip inválido
2020-09-25 01:05:05 -  ip inválido
2020-09-25 01:05:05 -  ip inválido
2020-09-25 01:05:05 -  [Debug - Game::internalDecayItem] internalDecayItem failed, error code: 1, item id: 2018
2020-09-25 01:06:18 -  ip inválido
2020-09-25 01:06:18 -  ip inválido
2020-09-25 01:06:18 -  ip inválido
2020-09-25 01:06:18 -  ip inválido
2020-09-25 01:06:18 -  ip inválido
2020-09-25 01:06:18 -  [Debug - Game::internalDecayItem] internalDecayItem failed, error code: 1, item id: 2021
2020-09-25 01:06:20 -  [Debug - Game::internalDecayItem] internalDecayItem failed, error code: 1, item id: 2021
2020-09-25 01:07:33 -  ip inválido
2020-09-25 01:07:33 -  ip inválido
2020-09-25 01:07:33 -  ip inválido
2020-09-25 01:07:33 -  ip inválido
2020-09-25 01:07:33 -  ip inválido
2020-09-25 01:07:33 -  [Debug - Game::internalDecayItem] internalDecayItem failed, error code: 1, item id: 2018
2020-09-25 01:07:38 -  [Debug - Game::internalDecayItem] internalDecayItem failed, error code: 1, item id: 2021
2020-09-25 01:08:56 -  ip inválido
2020-09-25 01:08:56 -  ip inválido
2020-09-25 01:08:56 -  ip inválido
2020-09-25 01:08:56 -  ip inválido
2020-09-25 01:08:56 -  ip inválido
2020-09-25 01:08:56 -  ip inválido
2020-09-25 01:08:56 -  ip inválido
2020-09-25 01:08:56 -  ip inválido
2020-09-25 01:08:56 -  ip inválido
2020-09-25 01:08:56 -  ip inválido
2020-09-25 01:08:56 -  Demon has logged out.
2020-09-25 01:08:59 -  Demon has logged in.
2020-09-25 01:09:02 -  [Debug - Game::internalDecayItem] internalDecayItem failed, error code: 1, item id: 2018
2020-09-25 01:09:08 -  [Debug - Game::internalDecayItem] internalDecayItem failed, error code: 1, item id: 2018
2020-09-25 01:09:13 -  [Debug - Game::internalDecayItem] internalDecayItem failed, error code: 1, item id: 2018
2020-09-25 01:12:17 -  ip inválido
2020-09-25 01:12:17 -  ip inválido
2020-09-25 01:12:17 -  ip inválido
2020-09-25 01:12:17 -  ip inválido
2020-09-25 01:12:17 -  ip inválido
2020-09-25 01:12:17 -  ip inválido
2020-09-25 01:12:17 -  ip inválido
2020-09-25 01:12:17 -  ip inválido
2020-09-25 01:12:17 -  ip inválido
2020-09-25 01:12:17 -  ip inválido
2020-09-25 01:12:17 -  ip inválido
2020-09-25 01:12:17 -  ip inválido
2020-09-25 01:12:17 -  ip inválido
2020-09-25 01:12:17 -  ip inválido
2020-09-25 01:12:17 -  ip inválido
2020-09-25 01:12:17 -  [Debug - Game::internalDecayItem] internalDecayItem failed, error code: 1, item id: 2018
2020-09-25 01:12:28 -  [Debug - Game::internalDecayItem] internalDecayItem failed, error code: 1, item id: 2018
2020-09-25 01:12:37 -  [Debug - Game::internalDecayItem] internalDecayItem failed, error code: 1, item id: 2018
2020-09-25 01:12:45 -  [Debug - Game::internalDecayItem] internalDecayItem failed, error code: 1, item id: 2018
2020-09-25 01:13:25 -  ip inválido
2020-09-25 01:13:25 -  ip inválido
2020-09-25 01:13:25 -  ip inválido
2020-09-25 01:13:25 -  ip inválido
2020-09-25 01:13:25 -  ip inválido
2020-09-25 01:13:25 -  [Debug - Game::internalDecayItem] internalDecayItem failed, error code: 1, item id: 2018
2020-09-25 01:14:04 -  ip inválido
2020-09-25 01:14:04 -  ip inválido
2020-09-25 01:14:04 -  ip inválido
2020-09-25 01:14:04 -  ip inválido
2020-09-25 01:14:04 -  ip inválido
2020-09-25 01:14:04 -  [Debug - Game::internalDecayItem] internalDecayItem failed, error code: 1, item id: 2018
2020-09-25 01:14:19 -  [Debug - Game::internalDecayItem] internalDecayItem failed, error code: 1, item id: 2018
2020-09-25 01:30:17 -  ip inválido
2020-09-25 01:30:17 -  ip inválido
2020-09-25 01:30:17 -  ip inválido
2020-09-25 01:30:17 -  ip inválido
2020-09-25 01:30:17 -  ip inválido
2020-09-25 01:30:17 -  ip inválido
2020-09-25 01:30:17 -  ip inválido
2020-09-25 01:30:17 -  ip inválido
2020-09-25 01:30:17 -  ip inválido
2020-09-25 01:30:17 -  ip inválido
2020-09-25 01:30:17 -  ip inválido
2020-09-25 01:30:17 -  ip inválido
2020-09-25 01:30:17 -  ip inválido
2020-09-25 01:30:17 -  ip inválido
2020-09-25 01:30:17 -  ip inválido
2020-09-25 01:30:17 -  ip inválido
2020-09-25 01:30:17 -  ip inválido
2020-09-25 01:30:17 -  ip inválido
2020-09-25 01:30:17 -  ip inválido
2020-09-25 01:30:17 -  ip inválido
2020-09-25 01:30:17 -  ip inválido
2020-09-25 01:30:17 -  ip inválido
2020-09-25 01:30:17 -  ip inválido
2020-09-25 01:30:17 -  ip inválido
2020-09-25 01:30:17 -  ip inválido
2020-09-25 01:30:17 -  ip inválido
2020-09-25 01:30:17 -  ip inválido
2020-09-25 01:30:17 -  ip inválido
2020-09-25 01:30:17 -  ip inválido
2020-09-25 01:30:17 -  ip inválido
2020-09-25 01:30:17 -  ip inválido
2020-09-25 01:30:17 -  ip inválido
2020-09-25 01:30:17 -  ip inválido
2020-09-25 01:30:17 -  ip inválido
2020-09-25 01:30:17 -  ip inválido
2020-09-25 01:30:17 -  ip inválido
2020-09-25 01:30:17 -  ip inválido
2020-09-25 01:30:17 -  ip inválido
2020-09-25 01:30:17 -  ip inválido
2020-09-25 01:30:17 -  ip inválido
2020-09-25 01:30:17 -  ip inválido
2020-09-25 01:30:17 -  ip inválido
2020-09-25 01:30:17 -  ip inválido
2020-09-25 01:30:17 -  ip inválido
2020-09-25 01:30:17 -  ip inválido
2020-09-25 01:30:17 -  ip inválido
2020-09-25 01:30:17 -  ip inválido
2020-09-25 01:30:17 -  ip inválido
2020-09-25 01:30:17 -  ip inválido
2020-09-25 01:30:17 -  ip inválido
2020-09-25 01:30:17 -  ip inválido
2020-09-25 01:30:17 -  ip inválido
2020-09-25 01:30:17 -  ip inválido
2020-09-25 01:30:17 -  ip inválido
2020-09-25 01:30:17 -  ip inválido
2020-09-25 01:30:17 -  ip inválido
2020-09-25 01:30:17 -  ip inválido
2020-09-25 01:30:17 -  ip inválido
2020-09-25 01:30:17 -  ip inválido
2020-09-25 01:30:17 -  ip inválido
2020-09-25 01:30:17 -  ip inválido
2020-09-25 01:30:17 -  ip inválido
2020-09-25 01:30:17 -  ip inválido
2020-09-25 01:30:17 -  ip inválido
2020-09-25 01:30:17 -  ip inválido
2020-09-25 01:30:17 -  ip inválido
2020-09-25 01:30:17 -  ip inválido
2020-09-25 01:30:17 -  ip inválido
2020-09-25 01:30:17 -  ip inválido
2020-09-25 01:30:17 -  ip inválido
2020-09-25 01:30:17 -  ip inválido
2020-09-25 01:30:17 -  ip inválido
2020-09-25 01:30:17 -  ip inválido
2020-09-25 01:30:17 -  ip inválido
2020-09-25 01:30:17 -  ip inválido
2020-09-25 01:30:17 -  ip inválido
2020-09-25 01:30:17 -  ip inválido
2020-09-25 01:30:17 -  ip inválido
2020-09-25 01:30:17 -  ip inválido
2020-09-25 01:30:17 -  ip inválido
2020-09-25 01:30:17 -  [Debug - Game::internalDecayItem] internalDecayItem failed, error code: 1, item id: 2021
2020-09-25 02:16:41 -  ip inválido
2020-09-25 02:16:41 -  ip inválido
2020-09-25 02:16:41 -  ip inválido
2020-09-25 02:16:41 -  ip inválido
2020-09-25 02:16:41 -  ip inválido
2020-09-25 02:16:41 -  ip inválido
2020-09-25 02:16:41 -  ip inválido
2020-09-25 02:16:41 -  ip inválido
2020-09-25 02:16:41 -  ip inválido
2020-09-25 02:16:41 -  ip inválido
2020-09-25 02:16:41 -  ip inválido
2020-09-25 02:16:41 -  ip inválido
2020-09-25 02:16:41 -  ip inválido
2020-09-25 02:16:41 -  ip inválido
2020-09-25 02:16:41 -  ip inválido
2020-09-25 02:16:41 -  ip inválido
2020-09-25 02:16:41 -  ip inválido
2020-09-25 02:16:41 -  ip inválido
2020-09-25 02:16:41 -  ip inválido
2020-09-25 02:16:41 -  ip inválido
2020-09-25 02:16:41 -  ip inválido
2020-09-25 02:16:41 -  ip inválido
2020-09-25 02:16:41 -  ip inválido
2020-09-25 02:16:41 -  ip inválido
2020-09-25 02:16:41 -  ip inválido
2020-09-25 02:16:41 -  ip inválido
2020-09-25 02:16:41 -  ip inválido
2020-09-25 02:16:41 -  ip inválido
2020-09-25 02:16:41 -  ip inválido
2020-09-25 02:16:41 -  ip inválido
2020-09-25 02:16:41 -  ip inválido
2020-09-25 02:16:41 -  ip inválido
2020-09-25 02:16:41 -  ip inválido
2020-09-25 02:16:41 -  ip inválido
2020-09-25 02:16:41 -  ip inválido
2020-09-25 02:16:41 -  ip inválido
2020-09-25 02:16:41 -  ip inválido
2020-09-25 02:16:41 -  ip inválido
2020-09-25 02:16:41 -  ip inválido
2020-09-25 02:16:41 -  ip inválido
2020-09-25 02:16:41 -  ip inválido
2020-09-25 02:16:41 -  ip inválido
2020-09-25 02:16:41 -  ip inválido
2020-09-25 02:16:41 -  ip inválido
2020-09-25 02:16:41 -  ip inválido
2020-09-25 02:16:41 -  ip inválido
2020-09-25 02:16:41 -  ip inválido
2020-09-25 02:16:41 -  ip inválido
2020-09-25 02:16:41 -  ip inválido
2020-09-25 02:16:41 -  ip inválido
2020-09-25 02:16:41 -  ip inválido
2020-09-25 02:16:41 -  ip inválido
2020-09-25 02:16:41 -  ip inválido
2020-09-25 02:16:41 -  ip inválido
2020-09-25 02:16:41 -  ip inválido
2020-09-25 02:16:41 -  ip inválido
2020-09-25 02:16:41 -  ip inválido
2020-09-25 02:16:41 -  ip inválido
2020-09-25 02:16:41 -  ip inválido
2020-09-25 02:16:41 -  ip inválido
2020-09-25 02:16:41 -  ip inválido
2020-09-25 02:16:41 -  ip inválido
2020-09-25 02:16:41 -  ip inválido
2020-09-25 02:16:41 -  ip inválido
2020-09-25 02:16:41 -  ip inválido
2020-09-25 02:16:41 -  ip inválido
2020-09-25 02:16:41 -  ip inválido
2020-09-25 02:16:41 -  ip inválido
2020-09-25 02:16:41 -  ip inválido
2020-09-25 02:16:41 -  ip inválido
2020-09-25 02:16:41 -  ip inválido
2020-09-25 02:16:41 -  ip inválido
2020-09-25 02:16:41 -  ip inválido
2020-09-25 02:16:41 -  ip inválido
2020-09-25 02:16:41 -  ip inválido
2020-09-25 02:16:41 -  ip inválido
2020-09-25 02:16:41 -  ip inválido
2020-09-25 02:16:41 -  ip inválido
2020-09-25 02:16:41 -  ip inválido
2020-09-25 02:16:41 -  ip inválido
2020-09-25 02:16:41 -  ip inválido
2020-09-25 02:16:41 -  ip inválido
2020-09-25 02:16:41 -  ip inválido
2020-09-25 02:16:41 -  ip inválido
2020-09-25 02:16:41 -  ip inválido
2020-09-25 02:16:41 -  ip inválido
2020-09-25 02:16:41 -  ip inválido
2020-09-25 02:16:41 -  ip inválido
2020-09-25 02:16:41 -  ip inválido
2020-09-25 02:16:41 -  ip inválido
2020-09-25 02:16:41 -  ip inválido
2020-09-25 02:16:41 -  ip inválido
2020-09-25 02:16:41 -  ip inválido
2020-09-25 02:16:41 -  ip inválido
2020-09-25 02:16:41 -  ip inválido
2020-09-25 02:16:41 -  ip inválido
2020-09-25 02:16:41 -  ip inválido
2020-09-25 02:16:41 -  ip inválido
2020-09-25 02:16:41 -  ip inválido
2020-09-25 02:16:41 -  ip inválido
2020-09-25 02:16:41 -  ip inválido
2020-09-25 02:16:41 -  ip inválido
2020-09-25 02:16:41 -  ip inválido
2020-09-25 02:16:41 -  ip inválido
2020-09-25 02:16:41 -  ip inválido
2020-09-25 02:16:41 -  ip inválido
2020-09-25 02:16:41 -  ip inválido
2020-09-25 02:16:41 -  ip inválido
2020-09-25 02:16:41 -  ip inválido
2020-09-25 02:16:41 -  ip inválido
2020-09-25 02:16:41 -  ip inválido
2020-09-25 02:16:41 -  ip inválido
2020-09-25 02:16:41 -  ip inválido
2020-09-25 02:16:41 -  ip inválido
2020-09-25 02:16:41 -  ip inválido
2020-09-25 02:16:41 -  ip inválido
2020-09-25 02:16:41 -  ip inválido
2020-09-25 02:16:41 -  ip inválido
2020-09-25 02:16:41 -  ip inválido
2020-09-25 02:16:41 -  ip inválido
2020-09-25 02:16:41 -  ip inválido
2020-09-25 02:16:41 -  ip inválido
2020-09-25 02:16:41 -  ip inválido
2020-09-25 02:16:41 -  ip inválido
2020-09-25 02:16:41 -  ip inválido
2020-09-25 02:16:41 -  ip inválido
2020-09-25 02:16:41 -  ip inválido
2020-09-25 02:16:41 -  ip inválido
2020-09-25 02:16:41 -  ip inválido
2020-09-25 02:16:41 -  ip inválido
2020-09-25 02:16:41 -  ip inválido
2020-09-25 02:16:41 -  ip inválido
2020-09-25 02:16:41 -  ip inválido
2020-09-25 02:16:41 -  ip inválido
2020-09-25 02:16:41 -  ip inválido
2020-09-25 02:16:41 -  ip inválido
2020-09-25 02:16:41 -  ip inválido
2020-09-25 02:16:41 -  ip inválido
2020-09-25 02:16:41 -  ip inválido
2020-09-25 02:16:41 -  ip inválido
2020-09-25 02:16:41 -  ip inválido
2020-09-25 02:16:41 -  ip inválido
2020-09-25 02:16:41 -  ip inválido
2020-09-25 02:16:41 -  ip inválido
2020-09-25 02:16:41 -  ip inválido
2020-09-25 02:16:41 -  ip inválido
2020-09-25 02:16:41 -  ip inválido
2020-09-25 02:16:41 -  ip inválido
2020-09-25 02:16:41 -  ip inválido
2020-09-25 02:16:41 -  ip inválido
2020-09-25 02:16:41 -  ip inválido
2020-09-25 02:16:41 -  ip inválido
2020-09-25 02:16:41 -  ip inválido
2020-09-25 02:16:41 -  ip inválido
2020-09-25 02:16:41 -  ip inválido
2020-09-25 02:16:41 -  ip inválido
2020-09-25 02:16:41 -  ip inválido
2020-09-25 02:16:41 -  ip inválido
2020-09-25 02:16:41 -  ip inválido
2020-09-25 02:16:41 -  ip inválido
2020-09-25 02:16:41 -  ip inválido
2020-09-25 02:16:41 -  ip inválido
2020-09-25 02:16:41 -  ip inválido
2020-09-25 02:16:41 -  ip inválido
2020-09-25 02:16:41 -  ip inválido
2020-09-25 02:16:41 -  ip inválido
2020-09-25 02:16:41 -  ip inválido
2020-09-25 02:16:41 -  ip inválido
2020-09-25 02:16:41 -  ip inválido
2020-09-25 02:16:41 -  ip inválido
2020-09-25 02:16:41 -  ip inválido
2020-09-25 02:16:41 -  ip inválido
2020-09-25 02:16:41 -  ip inválido
2020-09-25 02:16:41 -  ip inválido
2020-09-25 02:16:41 -  ip inválido
2020-09-25 02:16:41 -  ip inválido
2020-09-25 02:16:41 -  ip inválido
2020-09-25 02:16:41 -  ip inválido
2020-09-25 02:16:41 -  ip inválido
2020-09-25 02:16:41 -  ip inválido
2020-09-25 02:16:41 -  ip inválido
2020-09-25 02:16:41 -  ip inválido
2020-09-25 02:16:41 -  ip inválido
2020-09-25 02:16:41 -  ip inválido
2020-09-25 02:16:41 -  ip inválido
2020-09-25 02:16:41 -  ip inválido
2020-09-25 02:16:41 -  ip inválido
2020-09-25 02:16:41 -  ip inválido
2020-09-25 02:16:41 -  ip inválido
2020-09-25 02:16:41 -  ip inválido
2020-09-25 02:16:41 -  ip inválido
2020-09-25 02:16:41 -  ip inválido
2020-09-25 02:16:41 -  ip inválido
2020-09-25 02:16:41 -  ip inválido
2020-09-25 02:16:41 -  ip inválido
2020-09-25 02:16:41 -  ip inválido
2020-09-25 02:16:41 -  ip inválido
2020-09-25 02:16:41 -  ip inválido
2020-09-25 02:16:41 -  ip inválido
2020-09-25 02:16:41 -  ip inválido
2020-09-25 02:16:41 -  ip inválido
2020-09-25 02:16:41 -  ip inválido
2020-09-25 02:16:41 -  ip inválido
2020-09-25 02:16:41 -  ip inválido
2020-09-25 02:16:41 -  ip inválido
2020-09-25 02:16:41 -  ip inválido
2020-09-25 02:16:41 -  ip inválido
2020-09-25 02:16:41 -  ip inválido
2020-09-25 02:16:41 -  ip inválido
2020-09-25 02:16:41 -  ip inválido
2020-09-25 02:16:41 -  ip inválido
2020-09-25 02:16:41 -  ip inválido
2020-09-25 02:16:41 -  ip inválido
2020-09-25 02:16:41 -  ip inválido
2020-09-25 02:16:41 -  ip inválido
2020-09-25 02:16:41 -  ip inválido
2020-09-25 02:16:41 -  ip inválido
2020-09-25 02:16:41 -  ip inválido
2020-09-25 02:16:41 -  ip inválido
2020-09-25 02:16:41 -  ip inválido
2020-09-25 02:16:41 -  ip inválido
2020-09-25 02:16:41 -  ip inválido
2020-09-25 02:16:41 -  ip inválido
2020-09-25 02:16:41 -  ip inválido
2020-09-25 02:16:41 -  ip inválido
2020-09-25 02:16:41 -  ip inválido
2020-09-25 02:16:41 -  ip inválido
2020-09-25 02:16:41 -  ip inválido
2020-09-25 02:16:41 -  ip inválido
2020-09-25 02:16:41 -  ip inválido
2020-09-25 02:16:41 -  ip inválido
2020-09-25 02:16:41 -  ip inválido
2020-09-25 02:16:41 -  ip inválido
2020-09-25 02:16:41 -  ip inválido
2020-09-25 02:16:41 -  ip inválido
2020-09-25 02:16:41 -  > Broadcasted message: "Scouts report a barbarian army gathering near Svargrond".
2020-09-25 02:16:44 -  > Broadcasted message: "Some invaders might try to access Svargrond via the ice to the North.".
2020-09-25 02:16:48 -  > Broadcasted message: "Raiders are attacking Svargrond!".
2020-09-25 02:35:21 -  ip inválido
2020-09-25 02:35:21 -  ip inválido
2020-09-25 02:35:21 -  ip inválido
2020-09-25 02:35:21 -  ip inválido
2020-09-25 02:35:21 -  ip inválido
2020-09-25 02:35:21 -  ip inválido
2020-09-25 02:35:21 -  ip inválido
2020-09-25 02:35:21 -  ip inválido
2020-09-25 02:35:21 -  ip inválido
2020-09-25 02:35:21 -  ip inválido
2020-09-25 02:35:21 -  ip inválido
2020-09-25 02:35:21 -  ip inválido
2020-09-25 02:35:21 -  ip inválido
2020-09-25 02:35:21 -  ip inválido
2020-09-25 02:35:21 -  ip inválido
2020-09-25 02:35:21 -  ip inválido
2020-09-25 02:35:21 -  ip inválido
2020-09-25 02:35:21 -  ip inválido
2020-09-25 02:35:21 -  ip inválido
2020-09-25 02:35:21 -  ip inválido
2020-09-25 02:35:21 -  ip inválido
2020-09-25 02:35:21 -  ip inválido
2020-09-25 02:35:21 -  ip inválido
2020-09-25 02:35:21 -  ip inválido
2020-09-25 02:35:21 -  ip inválido
2020-09-25 02:35:21 -  ip inválido
2020-09-25 02:35:21 -  ip inválido
2020-09-25 02:35:21 -  ip inválido
2020-09-25 02:35:21 -  ip inválido
2020-09-25 02:35:21 -  ip inválido
2020-09-25 02:35:21 -  ip inválido
2020-09-25 02:35:21 -  ip inválido
2020-09-25 02:35:21 -  ip inválido
2020-09-25 02:35:21 -  ip inválido
2020-09-25 02:35:21 -  ip inválido
2020-09-25 02:35:21 -  ip inválido
2020-09-25 02:35:21 -  ip inválido
2020-09-25 02:35:21 -  ip inválido
2020-09-25 02:35:21 -  ip inválido
2020-09-25 02:35:21 -  ip inválido
2020-09-25 02:35:21 -  ip inválido
2020-09-25 02:35:21 -  ip inválido
2020-09-25 02:35:21 -  ip inválido
2020-09-25 02:35:21 -  ip inválido
2020-09-25 02:35:21 -  ip inválido
2020-09-25 02:35:21 -  ip inválido
2020-09-25 02:35:21 -  ip inválido
2020-09-25 02:35:21 -  ip inválido
2020-09-25 02:35:21 -  ip inválido
2020-09-25 02:35:21 -  ip inválido
2020-09-25 02:35:21 -  ip inválido
2020-09-25 02:35:21 -  ip inválido
2020-09-25 02:35:21 -  ip inválido
2020-09-25 02:35:21 -  ip inválido
2020-09-25 02:35:21 -  ip inválido
2020-09-25 02:35:21 -  ip inválido
2020-09-25 02:35:21 -  ip inválido
2020-09-25 02:35:21 -  ip inválido
2020-09-25 02:35:21 -  ip inválido
2020-09-25 02:35:21 -  ip inválido
2020-09-25 02:35:21 -  ip inválido
2020-09-25 02:35:21 -  ip inválido
2020-09-25 02:35:21 -  ip inválido
2020-09-25 02:35:21 -  ip inválido
2020-09-25 02:35:21 -  ip inválido
2020-09-25 02:35:21 -  ip inválido
2020-09-25 02:35:21 -  ip inválido
2020-09-25 02:35:21 -  ip inválido
2020-09-25 02:35:21 -  ip inválido
2020-09-25 02:35:21 -  ip inválido
2020-09-25 02:35:21 -  ip inválido
2020-09-25 02:35:21 -  ip inválido
2020-09-25 02:35:21 -  ip inválido
2020-09-25 02:35:21 -  ip inválido
2020-09-25 02:35:21 -  ip inválido
2020-09-25 02:35:21 -  ip inválido
2020-09-25 02:35:21 -  ip inválido
2020-09-25 02:35:21 -  ip inválido
2020-09-25 02:35:21 -  ip inválido
2020-09-25 02:35:21 -  ip inválido
2020-09-25 02:35:21 -  ip inválido
2020-09-25 02:35:21 -  ip inválido
2020-09-25 02:35:21 -  ip inválido
2020-09-25 02:35:21 -  ip inválido
2020-09-25 02:35:21 -  ip inválido
2020-09-25 02:35:21 -  ip inválido
2020-09-25 02:35:21 -  ip inválido
2020-09-25 02:35:21 -  ip inválido
2020-09-25 02:35:21 -  ip inválido
2020-09-25 02:35:21 -  ip inválido
2020-09-25 02:35:21 -  ip inválido
2020-09-25 02:35:21 -  ip inválido
2020-09-25 02:35:21 -  ip inválido
2020-09-25 02:35:21 -  ip inválido
2020-09-25 02:35:21 -  ip inválido
2020-09-25 02:35:21 -  ip inválido
2020-09-25 02:35:21 -  Dev Marson has logged out.
2020-09-25 03:35:55 -  ip inválido
2020-09-25 03:35:55 -  ip inválido
2020-09-25 03:35:55 -  ip inválido
2020-09-25 03:35:55 -  ip inválido
2020-09-25 03:35:55 -  ip inválido
2020-09-25 03:35:55 -  ip inválido
2020-09-25 03:35:55 -  ip inválido
2020-09-25 03:35:55 -  ip inválido
2020-09-25 03:35:55 -  ip inválido
2020-09-25 03:35:55 -  ip inválido
2020-09-25 03:35:55 -  ip inválido
2020-09-25 03:35:55 -  ip inválido
2020-09-25 03:35:55 -  ip inválido
2020-09-25 03:35:55 -  ip inválido
2020-09-25 03:35:55 -  ip inválido
2020-09-25 03:35:55 -  ip inválido
2020-09-25 03:35:55 -  ip inválido
2020-09-25 03:35:55 -  ip inválido
2020-09-25 03:35:55 -  ip inválido
2020-09-25 03:35:55 -  ip inválido
2020-09-25 03:35:55 -  ip inválido
2020-09-25 03:35:55 -  ip inválido
2020-09-25 03:35:55 -  ip inválido
2020-09-25 03:35:55 -  ip inválido
2020-09-25 03:35:55 -  ip inválido
2020-09-25 03:35:55 -  ip inválido
2020-09-25 03:35:55 -  ip inválido
2020-09-25 03:35:55 -  ip inválido
2020-09-25 03:35:55 -  ip inválido
2020-09-25 03:35:55 -  ip inválido
2020-09-25 03:35:55 -  ip inválido
2020-09-25 03:35:55 -  ip inválido
2020-09-25 03:35:55 -  ip inválido
2020-09-25 03:35:55 -  ip inválido
2020-09-25 03:35:55 -  ip inválido
2020-09-25 03:35:55 -  ip inválido
2020-09-25 03:35:55 -  ip inválido
2020-09-25 03:35:55 -  ip inválido
2020-09-25 03:35:55 -  ip inválido
2020-09-25 03:35:55 -  ip inválido
2020-09-25 03:35:55 -  ip inválido
2020-09-25 03:35:55 -  ip inválido
2020-09-25 03:35:55 -  ip inválido
2020-09-25 03:35:55 -  ip inválido
2020-09-25 03:35:55 -  ip inválido
2020-09-25 03:35:55 -  ip inválido
2020-09-25 03:35:55 -  ip inválido
2020-09-25 03:35:55 -  ip inválido
2020-09-25 03:35:55 -  ip inválido
2020-09-25 03:35:55 -  ip inválido
2020-09-25 03:35:55 -  ip inválido
2020-09-25 03:35:55 -  ip inválido
2020-09-25 03:35:55 -  ip inválido
2020-09-25 03:35:55 -  ip inválido
2020-09-25 03:35:55 -  ip inválido
2020-09-25 03:35:55 -  ip inválido
2020-09-25 03:35:55 -  ip inválido
2020-09-25 03:35:55 -  ip inválido
2020-09-25 03:35:55 -  ip inválido
2020-09-25 03:35:55 -  ip inválido
2020-09-25 03:35:55 -  ip inválido
2020-09-25 03:35:55 -  ip inválido
2020-09-25 03:35:55 -  ip inválido
2020-09-25 03:35:55 -  ip inválido
2020-09-25 03:35:55 -  ip inválido
2020-09-25 03:35:55 -  ip inválido
2020-09-25 03:35:55 -  ip inválido
2020-09-25 03:35:55 -  ip inválido
2020-09-25 03:35:55 -  ip inválido
2020-09-25 03:35:55 -  ip inválido
2020-09-25 03:35:55 -  ip inválido
2020-09-25 03:35:55 -  ip inválido
2020-09-25 03:35:55 -  ip inválido
2020-09-25 03:35:55 -  ip inválido
2020-09-25 03:35:55 -  ip inválido
2020-09-25 03:35:55 -  ip inválido
2020-09-25 03:35:55 -  ip inválido
2020-09-25 03:35:55 -  ip inválido
2020-09-25 03:35:55 -  ip inválido
2020-09-25 03:35:55 -  ip inválido
2020-09-25 03:35:55 -  ip inválido
2020-09-25 03:35:55 -  ip inválido
2020-09-25 03:35:55 -  ip inválido
2020-09-25 03:35:55 -  ip inválido
2020-09-25 03:35:55 -  ip inválido
2020-09-25 03:35:55 -  ip inválido
2020-09-25 03:35:55 -  ip inválido
2020-09-25 03:35:55 -  ip inválido
2020-09-25 03:35:55 -  ip inválido
2020-09-25 03:35:55 -  ip inválido
2020-09-25 03:35:55 -  ip inválido
2020-09-25 03:35:55 -  ip inválido
2020-09-25 03:35:55 -  ip inválido
2020-09-25 03:35:55 -  ip inválido
2020-09-25 03:35:55 -  ip inválido
2020-09-25 03:35:55 -  ip inválido
2020-09-25 03:35:55 -  ip inválido
2020-09-25 03:35:55 -  ip inválido
2020-09-25 03:35:55 -  ip inválido
2020-09-25 03:35:55 -  ip inválido
2020-09-25 03:35:55 -  ip inválido
2020-09-25 03:35:55 -  ip inválido
2020-09-25 03:35:55 -  ip inválido
2020-09-25 03:35:55 -  ip inválido
2020-09-25 03:35:55 -  ip inválido
2020-09-25 03:35:55 -  ip inválido
2020-09-25 03:35:55 -  ip inválido
2020-09-25 03:35:55 -  ip inválido
2020-09-25 03:35:55 -  ip inválido
2020-09-25 03:35:55 -  ip inválido
2020-09-25 03:35:55 -  ip inválido
2020-09-25 03:35:55 -  ip inválido
2020-09-25 03:35:55 -  ip inválido
2020-09-25 03:35:55 -  ip inválido
2020-09-25 03:35:55 -  ip inválido
2020-09-25 03:35:55 -  ip inválido
2020-09-25 03:35:55 -  ip inválido
2020-09-25 03:35:55 -  ip inválido
2020-09-25 03:35:55 -  ip inválido
2020-09-25 03:35:55 -  ip inválido
2020-09-25 03:35:55 -  ip inválido
2020-09-25 03:35:55 -  ip inválido
2020-09-25 03:35:55 -  ip inválido
2020-09-25 03:35:55 -  ip inválido
2020-09-25 03:35:55 -  ip inválido
2020-09-25 03:35:55 -  ip inválido
2020-09-25 03:35:55 -  ip inválido
2020-09-25 03:35:55 -  ip inválido
2020-09-25 03:35:55 -  ip inválido
2020-09-25 03:35:55 -  ip inválido
2020-09-25 03:35:55 -  ip inválido
2020-09-25 03:35:55 -  ip inválido
2020-09-25 03:35:55 -  ip inválido
2020-09-25 03:35:55 -  ip inválido
2020-09-25 03:35:55 -  ip inválido
2020-09-25 03:35:55 -  ip inválido
2020-09-25 03:35:55 -  ip inválido
2020-09-25 03:35:55 -  ip inválido
2020-09-25 03:35:55 -  ip inválido
2020-09-25 03:35:55 -  ip inválido
2020-09-25 03:35:55 -  ip inválido
2020-09-25 03:35:55 -  ip inválido
2020-09-25 03:35:55 -  ip inválido
2020-09-25 03:35:55 -  ip inválido
2020-09-25 03:35:55 -  ip inválido
2020-09-25 03:35:55 -  ip inválido
2020-09-25 03:35:55 -  ip inválido
2020-09-25 03:35:55 -  ip inválido
2020-09-25 03:35:55 -  ip inválido
2020-09-25 03:35:55 -  ip inválido
2020-09-25 03:35:55 -  ip inválido
2020-09-25 03:35:55 -  ip inválido
2020-09-25 03:35:55 -  ip inválido
2020-09-25 03:35:55 -  ip inválido
2020-09-25 03:35:55 -  ip inválido
2020-09-25 03:35:55 -  ip inválido
2020-09-25 03:35:55 -  ip inválido
2020-09-25 03:35:55 -  ip inválido
2020-09-25 03:35:55 -  ip inválido
2020-09-25 03:35:55 -  ip inválido
2020-09-25 03:35:55 -  ip inválido
2020-09-25 03:35:55 -  ip inválido
2020-09-25 03:35:55 -  ip inválido
2020-09-25 03:35:55 -  ip inválido
2020-09-25 03:35:55 -  ip inválido
2020-09-25 03:35:55 -  ip inválido
2020-09-25 03:35:55 -  ip inválido
2020-09-25 03:35:55 -  ip inválido
2020-09-25 03:35:55 -  ip inválido
2020-09-25 03:35:55 -  ip inválido
2020-09-25 03:35:55 -  ip inválido
2020-09-25 03:35:55 -  ip inválido
2020-09-25 03:35:55 -  ip inválido
2020-09-25 03:35:55 -  ip inválido
2020-09-25 03:35:55 -  ip inválido
2020-09-25 03:35:55 -  ip inválido
2020-09-25 03:35:55 -  ip inválido
2020-09-25 03:35:55 -  ip inválido
2020-09-25 03:35:55 -  ip inválido
2020-09-25 03:35:55 -  ip inválido
2020-09-25 03:35:55 -  ip inválido
2020-09-25 03:35:55 -  ip inválido
2020-09-25 03:35:55 -  ip inválido
2020-09-25 03:35:55 -  ip inválido
2020-09-25 03:35:55 -  ip inválido
2020-09-25 03:35:55 -  ip inválido
2020-09-25 03:35:55 -  ip inválido
2020-09-25 03:35:55 -  ip inválido
2020-09-25 03:35:55 -  ip inválido
2020-09-25 03:35:55 -  ip inválido
2020-09-25 03:35:55 -  ip inválido
2020-09-25 03:35:55 -  ip inválido
2020-09-25 03:35:55 -  ip inválido
2020-09-25 03:35:55 -  ip inválido
2020-09-25 03:35:55 -  ip inválido
2020-09-25 03:35:55 -  ip inválido
2020-09-25 03:35:55 -  ip inválido
2020-09-25 03:35:55 -  ip inválido
2020-09-25 03:35:55 -  ip inválido
2020-09-25 03:35:55 -  ip inválido
2020-09-25 03:35:55 -  ip inválido
2020-09-25 03:35:55 -  ip inválido
2020-09-25 03:35:55 -  ip inválido
2020-09-25 03:35:55 -  ip inválido
2020-09-25 03:35:55 -  ip inválido
2020-09-25 03:35:55 -  ip inválido
2020-09-25 03:35:55 -  ip inválido
2020-09-25 03:35:55 -  ip inválido
2020-09-25 03:35:55 -  ip inválido
2020-09-25 03:35:55 -  ip inválido
2020-09-25 03:35:55 -  ip inválido
2020-09-25 03:35:55 -  ip inválido
2020-09-25 03:35:55 -  ip inválido
2020-09-25 03:35:55 -  ip inválido
2020-09-25 03:35:55 -  ip inválido
2020-09-25 03:35:55 -  ip inválido
2020-09-25 03:35:55 -  ip inválido
2020-09-25 03:35:55 -  ip inválido
2020-09-25 03:35:55 -  ip inválido
2020-09-25 03:35:55 -  ip inválido
2020-09-25 03:35:55 -  ip inválido
2020-09-25 03:35:55 -  ip inválido
2020-09-25 03:35:55 -  ip inválido
2020-09-25 03:35:55 -  ip inválido
2020-09-25 03:35:55 -  ip inválido
2020-09-25 03:35:55 -  ip inválido
2020-09-25 03:35:55 -  ip inválido
2020-09-25 03:35:55 -  ip inválido
2020-09-25 03:35:55 -  ip inválido
2020-09-25 03:35:55 -  ip inválido
2020-09-25 03:35:55 -  ip inválido
2020-09-25 03:35:55 -  ip inválido
2020-09-25 03:35:55 -  ip inválido
2020-09-25 03:35:55 -  ip inválido
2020-09-25 03:35:55 -  ip inválido
2020-09-25 03:35:55 -  ip inválido
2020-09-25 03:35:55 -  ip inválido
2020-09-25 03:35:55 -  ip inválido
2020-09-25 03:35:55 -  ip inválido
2020-09-25 03:35:55 -  ip inválido
2020-09-25 03:35:55 -  ip inválido
2020-09-25 03:35:55 -  ip inválido
2020-09-25 03:35:55 -  ip inválido
2020-09-25 03:35:55 -  ip inválido
2020-09-25 03:35:55 -  ip inválido
2020-09-25 03:35:55 -  ip inválido
2020-09-25 03:35:55 -  ip inválido
2020-09-25 03:35:55 -  ip inválido
2020-09-25 03:35:55 -  ip inválido
2020-09-25 03:35:55 -  ip inválido
2020-09-25 03:35:55 -  ip inválido
2020-09-25 03:35:55 -  ip inválido
2020-09-25 03:35:55 -  ip inválido
2020-09-25 03:35:55 -  ip inválido
2020-09-25 03:35:55 -  ip inválido
2020-09-25 03:35:55 -  ip inválido
2020-09-25 03:35:55 -  ip inválido
2020-09-25 03:35:55 -  ip inválido
2020-09-25 03:35:55 -  ip inválido
2020-09-25 03:35:55 -  ip inválido
2020-09-25 03:35:55 -  ip inválido
2020-09-25 03:35:55 -  ip inválido
2020-09-25 03:35:55 -  ip inválido
2020-09-25 03:35:55 -  ip inválido
2020-09-25 03:35:55 -  ip inválido
2020-09-25 03:35:55 -  ip inválido
2020-09-25 03:35:55 -  ip inválido
2020-09-25 03:35:55 -  ip inválido
2020-09-25 03:35:55 -  ip inválido
2020-09-25 03:35:55 -  ip inválido
2020-09-25 03:35:55 -  ip inválido
2020-09-25 03:35:55 -  ip inválido
2020-09-25 03:35:55 -  ip inválido
2020-09-25 03:35:55 -  ip inválido
2020-09-25 03:35:55 -  ip inválido
2020-09-25 03:35:55 -  ip inválido
2020-09-25 03:35:55 -  ip inválido
2020-09-25 03:35:55 -  ip inválido
2020-09-25 03:35:55 -  ip inválido
2020-09-25 03:35:55 -  ip inválido
2020-09-25 03:35:55 -  ip inválido
2020-09-25 03:35:55 -  ip inválido
2020-09-25 03:35:55 -  ip inválido
2020-09-25 03:35:55 -  ip inválido
2020-09-25 03:35:55 -  ip inválido
2020-09-25 03:35:55 -  ip inválido
2020-09-25 03:35:55 -  ip inválido
2020-09-25 03:35:55 -  ip inválido
2020-09-25 03:35:55 -  ip inválido
2020-09-25 03:35:55 -  ip inválido
2020-09-25 03:35:55 -  ip inválido
2020-09-25 03:35:55 -  ip inválido
2020-09-25 03:35:55 -  ip inválido
2020-09-25 03:35:55 -  ip inválido
2020-09-25 03:35:55 -  ip inválido
2020-09-25 03:35:55 -  ip inválido
2020-09-25 03:35:55 -  ip inválido
2020-09-25 03:35:55 -  ip inválido
2020-09-25 03:35:55 -  ip inválido
2020-09-25 03:35:55 -  ip inválido
2020-09-25 03:35:55 -  ip inválido
2020-09-25 03:35:55 -  ip inválido
2020-09-25 03:35:55 -  ip inválido
2020-09-25 03:35:55 -  ip inválido
2020-09-25 03:35:55 -  ip inválido
2020-09-25 03:35:55 -  
2020-09-25 03:35:55 -  Lua Script Error: [GlobalEvent Interface] 
2020-09-25 03:35:55 -  data/globalevents/scripts/bosses/Abyssador.lua:onThink
2020-09-25 03:35:55 -  data/lib/rewardboss.lua:8: Rewards can only be enabled to rewards bosses.
2020-09-25 03:35:55 -  stack traceback:
2020-09-25 03:35:55 -  	[C]: at 0x00602980
2020-09-25 03:35:55 -  	[C]: in function 'error'
2020-09-25 03:35:55 -  	data/lib/rewardboss.lua:8: in function 'setReward'
2020-09-25 03:35:55 -  	data/globalevents/scripts/bosses/Abyssador.lua:28: in function <data/globalevents/scripts/bosses/Abyssador.lua:21>
2020-09-25 03:35:55 -  [Error - GlobalEvents::think] Failed to execute event: Abyssador
2020-09-25 03:35:55 -  
2020-09-25 03:35:55 -  Lua Script Error: [GlobalEvent Interface] 
2020-09-25 03:35:55 -  data/globalevents/scripts/bosses/Deathstrike.lua:onThink
2020-09-25 03:35:55 -  data/lib/rewardboss.lua:8: Rewards can only be enabled to rewards bosses.
2020-09-25 03:35:55 -  stack traceback:
2020-09-25 03:35:55 -  	[C]: at 0x00602980
2020-09-25 03:35:55 -  	[C]: in function 'error'
2020-09-25 03:35:55 -  	data/lib/rewardboss.lua:8: in function 'setReward'
2020-09-25 03:35:55 -  	data/globalevents/scripts/bosses/Deathstrike.lua:28: in function <data/globalevents/scripts/bosses/Deathstrike.lua:21>
2020-09-25 03:35:55 -  [Error - GlobalEvents::think] Failed to execute event: Deathstrike
2020-09-25 03:35:55 -  
2020-09-25 03:35:55 -  Lua Script Error: [GlobalEvent Interface] 
2020-09-25 03:35:55 -  data/globalevents/scripts/bosses/Gnomevil.lua:onThink
2020-09-25 03:35:55 -  data/lib/rewardboss.lua:8: Rewards can only be enabled to rewards bosses.
2020-09-25 03:35:55 -  stack traceback:
2020-09-25 03:35:55 -  	[C]: at 0x00602980
2020-09-25 03:35:55 -  	[C]: in function 'error'
2020-09-25 03:35:55 -  	data/lib/rewardboss.lua:8: in function 'setReward'
2020-09-25 03:35:55 -  	data/globalevents/scripts/bosses/Gnomevil.lua:28: in function <data/globalevents/scripts/bosses/Gnomevil.lua:21>
2020-09-25 03:35:55 -  [Error - GlobalEvents::think] Failed to execute event: Gnomevil
2020-09-25 04:16:41 -  ip inválido
2020-09-25 04:16:41 -  ip inválido
2020-09-25 04:16:41 -  ip inválido
2020-09-25 04:16:41 -  ip inválido
2020-09-25 04:16:41 -  ip inválido
2020-09-25 04:16:41 -  ip inválido
2020-09-25 04:16:41 -  ip inválido
2020-09-25 04:16:41 -  ip inválido
2020-09-25 04:16:41 -  ip inválido
2020-09-25 04:16:41 -  ip inválido
2020-09-25 04:16:41 -  ip inválido
2020-09-25 04:16:41 -  ip inválido
2020-09-25 04:16:41 -  ip inválido
2020-09-25 04:16:41 -  ip inválido
2020-09-25 04:16:41 -  ip inválido
2020-09-25 04:16:41 -  ip inválido
2020-09-25 04:16:41 -  ip inválido
2020-09-25 04:16:41 -  ip inválido
2020-09-25 04:16:41 -  ip inválido
2020-09-25 04:16:41 -  ip inválido
2020-09-25 04:16:41 -  ip inválido
2020-09-25 04:16:41 -  ip inválido
2020-09-25 04:16:41 -  ip inválido
2020-09-25 04:16:41 -  ip inválido
2020-09-25 04:16:41 -  ip inválido
2020-09-25 04:16:41 -  ip inválido
2020-09-25 04:16:41 -  ip inválido
2020-09-25 04:16:41 -  ip inválido
2020-09-25 04:16:41 -  ip inválido
2020-09-25 04:16:41 -  ip inválido
2020-09-25 04:16:41 -  ip inválido
2020-09-25 04:16:41 -  ip inválido
2020-09-25 04:16:41 -  ip inválido
2020-09-25 04:16:41 -  ip inválido
2020-09-25 04:16:41 -  ip inválido
2020-09-25 04:16:41 -  ip inválido
2020-09-25 04:16:41 -  ip inválido
2020-09-25 04:16:41 -  ip inválido
2020-09-25 04:16:41 -  ip inválido
2020-09-25 04:16:41 -  ip inválido
2020-09-25 04:16:41 -  ip inválido
2020-09-25 04:16:41 -  ip inválido
2020-09-25 04:16:41 -  ip inválido
2020-09-25 04:16:41 -  ip inválido
2020-09-25 04:16:41 -  ip inválido
2020-09-25 04:16:41 -  ip inválido
2020-09-25 04:16:41 -  ip inválido
2020-09-25 04:16:41 -  ip inválido
2020-09-25 04:16:41 -  ip inválido
2020-09-25 04:16:41 -  ip inválido
2020-09-25 04:16:41 -  ip inválido
2020-09-25 04:16:41 -  ip inválido
2020-09-25 04:16:41 -  ip inválido
2020-09-25 04:16:41 -  ip inválido
2020-09-25 04:16:41 -  ip inválido
2020-09-25 04:16:41 -  ip inválido
2020-09-25 04:16:41 -  ip inválido
2020-09-25 04:16:41 -  ip inválido
2020-09-25 04:16:41 -  ip inválido
2020-09-25 04:16:41 -  ip inválido
2020-09-25 04:16:41 -  ip inválido
2020-09-25 04:16:41 -  ip inválido
2020-09-25 04:16:41 -  ip inválido
2020-09-25 04:16:41 -  ip inválido
2020-09-25 04:16:41 -  ip inválido
2020-09-25 04:16:41 -  ip inválido
2020-09-25 04:16:41 -  ip inválido
2020-09-25 04:16:41 -  ip inválido
2020-09-25 04:16:41 -  ip inválido
2020-09-25 04:16:41 -  ip inválido
2020-09-25 04:16:41 -  ip inválido
2020-09-25 04:16:41 -  ip inválido
2020-09-25 04:16:41 -  ip inválido
2020-09-25 04:16:41 -  ip inválido
2020-09-25 04:16:41 -  ip inválido
2020-09-25 04:16:41 -  ip inválido
2020-09-25 04:16:41 -  ip inválido
2020-09-25 04:16:41 -  ip inválido
2020-09-25 04:16:41 -  ip inválido
2020-09-25 04:16:41 -  ip inválido
2020-09-25 04:16:41 -  ip inválido
2020-09-25 04:16:41 -  ip inválido
2020-09-25 04:16:41 -  ip inválido
2020-09-25 04:16:41 -  ip inválido
2020-09-25 04:16:41 -  ip inválido
2020-09-25 04:16:41 -  ip inválido
2020-09-25 04:16:41 -  ip inválido
2020-09-25 04:16:41 -  ip inválido
2020-09-25 04:16:41 -  ip inválido
2020-09-25 04:16:41 -  ip inválido
2020-09-25 04:16:41 -  ip inválido
2020-09-25 04:16:41 -  ip inválido
2020-09-25 04:16:41 -  ip inválido
2020-09-25 04:16:41 -  ip inválido
2020-09-25 04:16:41 -  ip inválido
2020-09-25 04:16:41 -  ip inválido
2020-09-25 04:16:41 -  ip inválido
2020-09-25 04:16:41 -  ip inválido
2020-09-25 04:16:41 -  ip inválido
2020-09-25 04:16:41 -  ip inválido
2020-09-25 04:16:41 -  ip inválido
2020-09-25 04:16:41 -  ip inválido
2020-09-25 04:16:41 -  ip inválido
2020-09-25 04:16:41 -  ip inválido
2020-09-25 04:16:41 -  ip inválido
2020-09-25 04:16:41 -  ip inválido
2020-09-25 04:16:41 -  ip inválido
2020-09-25 04:16:41 -  ip inválido
2020-09-25 04:16:41 -  ip inválido
2020-09-25 04:16:41 -  ip inválido
2020-09-25 04:16:41 -  ip inválido
2020-09-25 04:16:41 -  ip inválido
2020-09-25 04:16:41 -  ip inválido
2020-09-25 04:16:41 -  ip inválido
2020-09-25 04:16:41 -  ip inválido
2020-09-25 04:16:41 -  ip inválido
2020-09-25 04:16:41 -  ip inválido
2020-09-25 04:16:41 -  ip inválido
2020-09-25 04:16:41 -  ip inválido
2020-09-25 04:16:41 -  ip inválido
2020-09-25 04:16:41 -  ip inválido
2020-09-25 04:16:41 -  ip inválido
2020-09-25 04:16:41 -  ip inválido
2020-09-25 04:16:41 -  ip inválido
2020-09-25 04:16:41 -  ip inválido
2020-09-25 04:16:41 -  ip inválido
2020-09-25 04:16:41 -  ip inválido
2020-09-25 04:16:41 -  ip inválido
2020-09-25 04:16:41 -  ip inválido
2020-09-25 04:16:41 -  ip inválido
2020-09-25 04:16:41 -  ip inválido
2020-09-25 04:16:41 -  ip inválido
2020-09-25 04:16:41 -  ip inválido
2020-09-25 04:16:41 -  ip inválido
2020-09-25 04:16:41 -  ip inválido
2020-09-25 04:16:41 -  ip inválido
2020-09-25 04:16:41 -  ip inválido
2020-09-25 04:16:41 -  ip inválido
2020-09-25 04:16:41 -  ip inválido
2020-09-25 04:16:41 -  ip inválido
2020-09-25 04:16:41 -  ip inválido
2020-09-25 04:16:41 -  ip inválido
2020-09-25 04:16:41 -  ip inválido
2020-09-25 04:16:41 -  ip inválido
2020-09-25 04:16:41 -  ip inválido
2020-09-25 04:16:41 -  ip inválido
2020-09-25 04:16:41 -  ip inválido
2020-09-25 04:16:41 -  ip inválido
2020-09-25 04:16:41 -  ip inválido
2020-09-25 04:16:41 -  ip inválido
2020-09-25 04:16:41 -  ip inválido
2020-09-25 04:16:41 -  ip inválido
2020-09-25 04:16:41 -  ip inválido
2020-09-25 04:16:41 -  ip inválido
2020-09-25 04:16:41 -  ip inválido
2020-09-25 04:16:41 -  ip inválido
2020-09-25 04:16:41 -  ip inválido
2020-09-25 04:16:41 -  ip inválido
2020-09-25 04:16:41 -  ip inválido
2020-09-25 04:16:41 -  ip inválido
2020-09-25 04:16:41 -  ip inválido
2020-09-25 04:16:41 -  ip inválido
2020-09-25 04:16:41 -  ip inválido
2020-09-25 04:16:41 -  ip inválido
2020-09-25 04:16:41 -  ip inválido
2020-09-25 04:16:41 -  ip inválido
2020-09-25 04:16:41 -  ip inválido
2020-09-25 04:16:41 -  ip inválido
2020-09-25 04:16:41 -  ip inválido
2020-09-25 04:16:41 -  ip inválido
2020-09-25 04:16:41 -  ip inválido
2020-09-25 04:16:41 -  ip inválido
2020-09-25 04:16:41 -  ip inválido
2020-09-25 04:16:41 -  ip inválido
2020-09-25 04:16:41 -  ip inválido
2020-09-25 04:16:41 -  ip inválido
2020-09-25 04:16:41 -  ip inválido
2020-09-25 04:16:41 -  ip inválido
2020-09-25 04:16:41 -  ip inválido
2020-09-25 04:16:41 -  ip inválido
2020-09-25 04:16:41 -  ip inválido
2020-09-25 04:16:41 -  ip inválido
2020-09-25 04:16:41 -  ip inválido
2020-09-25 04:16:41 -  ip inválido
2020-09-25 04:16:41 -  ip inválido
2020-09-25 04:16:41 -  ip inválido
2020-09-25 04:16:41 -  ip inválido
2020-09-25 04:16:41 -  ip inválido
2020-09-25 04:16:41 -  ip inválido
2020-09-25 04:16:41 -  ip inválido
2020-09-25 04:16:41 -  ip inválido
2020-09-25 04:16:41 -  ip inválido
2020-09-25 04:16:41 -  ip inválido
2020-09-25 04:16:41 -  ip inválido
2020-09-25 04:16:41 -  ip inválido
2020-09-25 04:16:41 -  ip inválido
2020-09-25 04:16:41 -  ip inválido
2020-09-25 04:16:41 -  ip inválido
2020-09-25 04:16:41 -  ip inválido
2020-09-25 04:16:41 -  ip inválido
2020-09-25 04:16:41 -  ip inválido
2020-09-25 04:16:41 -  > Broadcasted message: "There are some Kongras congregating south of Banuta.".
2020-09-25 04:17:00 -  ip inválido
2020-09-25 04:17:00 -  ip inválido
2020-09-25 04:17:00 -  ip inválido
2020-09-25 04:17:00 -  ip inválido
2020-09-25 04:17:00 -  ip inválido
2020-09-25 04:17:00 -  > Broadcasted message: "More furry primates in Banuta.".
2020-09-25 04:18:41 -  ip inválido
2020-09-25 04:18:41 -  ip inválido
2020-09-25 04:18:41 -  ip inválido
2020-09-25 04:18:41 -  ip inválido
2020-09-25 04:18:41 -  ip inválido
2020-09-25 04:18:41 -  > Broadcasted message: "More ape and fur flurry south of Banuta!".
2020-09-25 04:35:21 -  ip inválido
2020-09-25 04:35:21 -  ip inválido
2020-09-25 04:35:21 -  ip inválido
2020-09-25 04:35:21 -  ip inválido
2020-09-25 04:35:21 -  ip inválido
2020-09-25 04:35:21 -  ip inválido
2020-09-25 04:35:21 -  ip inválido
2020-09-25 04:35:21 -  ip inválido
2020-09-25 04:35:21 -  ip inválido
2020-09-25 04:35:21 -  ip inválido
2020-09-25 04:35:21 -  ip inválido
2020-09-25 04:35:21 -  ip inválido
2020-09-25 04:35:21 -  ip inválido
2020-09-25 04:35:21 -  ip inválido
2020-09-25 04:35:21 -  ip inválido
2020-09-25 04:35:21 -  ip inválido
2020-09-25 04:35:21 -  ip inválido
2020-09-25 04:35:21 -  ip inválido
2020-09-25 04:35:21 -  ip inválido
2020-09-25 04:35:21 -  ip inválido
2020-09-25 04:35:21 -  ip inválido
2020-09-25 04:35:21 -  ip inválido
2020-09-25 04:35:21 -  ip inválido
2020-09-25 04:35:21 -  ip inválido
2020-09-25 04:35:21 -  ip inválido
2020-09-25 04:35:21 -  ip inválido
2020-09-25 04:35:21 -  ip inválido
2020-09-25 04:35:21 -  ip inválido
2020-09-25 04:35:21 -  ip inválido
2020-09-25 04:35:21 -  ip inválido
2020-09-25 04:35:21 -  ip inválido
2020-09-25 04:35:21 -  ip inválido
2020-09-25 04:35:21 -  ip inválido
2020-09-25 04:35:21 -  ip inválido
2020-09-25 04:35:21 -  ip inválido
2020-09-25 04:35:21 -  ip inválido
2020-09-25 04:35:21 -  ip inválido
2020-09-25 04:35:21 -  ip inválido
2020-09-25 04:35:21 -  ip inválido
2020-09-25 04:35:21 -  ip inválido
2020-09-25 04:35:21 -  ip inválido
2020-09-25 04:35:21 -  ip inválido
2020-09-25 04:35:21 -  ip inválido
2020-09-25 04:35:21 -  ip inválido
2020-09-25 04:35:21 -  ip inválido
2020-09-25 04:35:21 -  ip inválido
2020-09-25 04:35:21 -  ip inválido
2020-09-25 04:35:21 -  ip inválido
2020-09-25 04:35:21 -  ip inválido
2020-09-25 04:35:21 -  ip inválido
2020-09-25 04:35:21 -  ip inválido
2020-09-25 04:35:21 -  ip inválido
2020-09-25 04:35:21 -  ip inválido
2020-09-25 04:35:21 -  ip inválido
2020-09-25 04:35:21 -  ip inválido
2020-09-25 04:35:21 -  ip inválido
2020-09-25 04:35:21 -  ip inválido
2020-09-25 04:35:21 -  ip inválido
2020-09-25 04:35:21 -  ip inválido
2020-09-25 04:35:21 -  ip inválido
2020-09-25 04:35:21 -  ip inválido
2020-09-25 04:35:21 -  ip inválido
2020-09-25 04:35:21 -  ip inválido
2020-09-25 04:35:21 -  ip inválido
2020-09-25 04:35:21 -  ip inválido
2020-09-25 04:35:21 -  ip inválido
2020-09-25 04:35:21 -  ip inválido
2020-09-25 04:35:21 -  ip inválido
2020-09-25 04:35:21 -  ip inválido
2020-09-25 04:35:21 -  ip inválido
2020-09-25 04:35:21 -  ip inválido
2020-09-25 04:35:21 -  ip inválido
2020-09-25 04:35:21 -  ip inválido
2020-09-25 04:35:21 -  ip inválido
2020-09-25 04:35:21 -  ip inválido
2020-09-25 04:35:21 -  ip inválido
2020-09-25 04:35:21 -  ip inválido
2020-09-25 04:35:21 -  ip inválido
2020-09-25 04:35:21 -  ip inválido
2020-09-25 04:35:21 -  ip inválido
2020-09-25 04:35:21 -  ip inválido
2020-09-25 04:35:21 -  ip inválido
2020-09-25 04:35:21 -  ip inválido
2020-09-25 04:35:21 -  ip inválido
2020-09-25 04:35:21 -  ip inválido
2020-09-25 04:35:21 -  ip inválido
2020-09-25 04:35:21 -  Robalo has logged out.
2020-09-25 05:05:00 -  ip inválido
2020-09-25 05:05:00 -  ip inválido
2020-09-25 05:05:00 -  ip inválido
2020-09-25 05:05:00 -  ip inválido
2020-09-25 05:05:00 -  ip inválido
2020-09-25 05:05:00 -  ip inválido
2020-09-25 05:05:00 -  ip inválido
2020-09-25 05:05:00 -  ip inválido
2020-09-25 05:05:00 -  ip inválido
2020-09-25 05:05:00 -  ip inválido
2020-09-25 05:05:00 -  ip inválido
2020-09-25 05:05:00 -  ip inválido
2020-09-25 05:05:00 -  ip inválido
2020-09-25 05:05:00 -  ip inválido
2020-09-25 05:05:00 -  ip inválido
2020-09-25 05:05:00 -  ip inválido
2020-09-25 05:05:00 -  ip inválido
2020-09-25 05:05:00 -  ip inválido
2020-09-25 05:05:00 -  ip inválido
2020-09-25 05:05:00 -  ip inválido
2020-09-25 05:05:00 -  ip inválido
2020-09-25 05:05:00 -  ip inválido
2020-09-25 05:05:00 -  ip inválido
2020-09-25 05:05:00 -  ip inválido
2020-09-25 05:05:00 -  ip inválido
2020-09-25 05:05:00 -  ip inválido
2020-09-25 05:05:00 -  ip inválido
2020-09-25 05:05:00 -  ip inválido
2020-09-25 05:05:00 -  ip inválido
2020-09-25 05:05:00 -  ip inválido
2020-09-25 05:05:00 -  ip inválido
2020-09-25 05:05:00 -  ip inválido
2020-09-25 05:05:00 -  ip inválido
2020-09-25 05:05:00 -  ip inválido
2020-09-25 05:05:00 -  ip inválido
2020-09-25 05:05:00 -  ip inválido
2020-09-25 05:05:00 -  ip inválido
2020-09-25 05:05:00 -  ip inválido
2020-09-25 05:05:00 -  ip inválido
2020-09-25 05:05:00 -  ip inválido
2020-09-25 05:05:00 -  ip inválido
2020-09-25 05:05:00 -  ip inválido
2020-09-25 05:05:00 -  ip inválido
2020-09-25 05:05:00 -  ip inválido
2020-09-25 05:05:00 -  ip inválido
2020-09-25 05:05:00 -  ip inválido
2020-09-25 05:05:00 -  ip inválido
2020-09-25 05:05:00 -  ip inválido
2020-09-25 05:05:00 -  ip inválido
2020-09-25 05:05:00 -  ip inválido
2020-09-25 05:05:00 -  ip inválido
2020-09-25 05:05:00 -  ip inválido
2020-09-25 05:05:00 -  ip inválido
2020-09-25 05:05:00 -  ip inválido
2020-09-25 05:05:00 -  ip inválido
2020-09-25 05:05:00 -  ip inválido
2020-09-25 05:05:00 -  ip inválido
2020-09-25 05:05:00 -  ip inválido
2020-09-25 05:05:00 -  ip inválido
2020-09-25 05:05:00 -  ip inválido
2020-09-25 05:05:00 -  ip inválido
2020-09-25 05:05:00 -  ip inválido
2020-09-25 05:05:00 -  ip inválido
2020-09-25 05:05:00 -  ip inválido
2020-09-25 05:05:00 -  ip inválido
2020-09-25 05:05:00 -  ip inválido
2020-09-25 05:05:00 -  ip inválido
2020-09-25 05:05:00 -  ip inválido
2020-09-25 05:05:00 -  ip inválido
2020-09-25 05:05:00 -  ip inválido
2020-09-25 05:05:00 -  ip inválido
2020-09-25 05:05:00 -  ip inválido
2020-09-25 05:05:00 -  ip inválido
2020-09-25 05:05:00 -  ip inválido
2020-09-25 05:05:00 -  ip inválido
2020-09-25 05:05:00 -  ip inválido
2020-09-25 05:05:00 -  ip inválido
2020-09-25 05:05:00 -  ip inválido
2020-09-25 05:05:00 -  ip inválido
2020-09-25 05:05:00 -  ip inválido
2020-09-25 05:05:00 -  ip inválido
2020-09-25 05:05:00 -  ip inválido
2020-09-25 05:05:00 -  ip inválido
2020-09-25 05:05:00 -  ip inválido
2020-09-25 05:05:00 -  ip inválido
2020-09-25 05:05:00 -  ip inválido
2020-09-25 05:05:00 -  ip inválido
2020-09-25 05:05:00 -  ip inválido
2020-09-25 05:05:00 -  ip inválido
2020-09-25 05:05:00 -  ip inválido
2020-09-25 05:05:00 -  ip inválido
2020-09-25 05:05:00 -  ip inválido
2020-09-25 05:05:00 -  ip inválido
2020-09-25 05:05:00 -  ip inválido
2020-09-25 05:05:00 -  ip inválido
2020-09-25 05:05:00 -  ip inválido
2020-09-25 05:05:00 -  ip inválido
2020-09-25 05:05:00 -  ip inválido
2020-09-25 05:05:00 -  ip inválido
2020-09-25 05:05:00 -  ip inválido
2020-09-25 05:05:00 -  ip inválido
2020-09-25 05:05:00 -  ip inválido
2020-09-25 05:05:00 -  ip inválido
2020-09-25 05:05:00 -  ip inválido
2020-09-25 05:05:00 -  ip inválido
2020-09-25 05:05:00 -  ip inválido
2020-09-25 05:05:00 -  ip inválido
2020-09-25 05:05:00 -  ip inválido
2020-09-25 05:05:00 -  ip inválido
2020-09-25 05:05:00 -  ip inválido
2020-09-25 05:05:00 -  ip inválido
2020-09-25 05:05:00 -  ip inválido
2020-09-25 05:05:00 -  ip inválido
2020-09-25 05:05:00 -  ip inválido
2020-09-25 05:05:00 -  ip inválido
2020-09-25 05:05:00 -  ip inválido
2020-09-25 05:05:00 -  ip inválido
2020-09-25 05:05:00 -  ip inválido
2020-09-25 05:05:00 -  ip inválido
2020-09-25 05:05:00 -  ip inválido
2020-09-25 05:05:00 -  ip inválido
2020-09-25 05:05:00 -  ip inválido
2020-09-25 05:05:00 -  ip inválido
2020-09-25 05:05:00 -  ip inválido
2020-09-25 05:05:00 -  ip inválido
2020-09-25 05:05:00 -  ip inválido
2020-09-25 05:05:00 -  ip inválido
2020-09-25 05:05:00 -  ip inválido
2020-09-25 05:05:00 -  ip inválido
2020-09-25 05:05:00 -  ip inválido
2020-09-25 05:05:00 -  ip inválido
2020-09-25 05:05:00 -  ip inválido
2020-09-25 05:05:00 -  ip inválido
2020-09-25 05:05:00 -  ip inválido
2020-09-25 05:05:00 -  ip inválido
2020-09-25 05:05:00 -  ip inválido
2020-09-25 05:05:00 -  ip inválido
2020-09-25 05:05:00 -  ip inválido
2020-09-25 05:05:00 -  ip inválido
2020-09-25 05:05:00 -  ip inválido
2020-09-25 05:05:00 -  ip inválido
2020-09-25 05:05:00 -  ip inválido
2020-09-25 05:05:00 -  ip inválido
2020-09-25 05:05:00 -  ip inválido
2020-09-25 05:05:00 -  ip inválido
2020-09-25 05:05:00 -  ip inválido
2020-09-25 05:05:00 -  ip inválido
2020-09-25 05:05:00 -  ip inválido
2020-09-25 05:05:00 -  ip inválido
2020-09-25 05:05:00 -  ip inválido
2020-09-25 05:05:00 -  Saving server...
2020-09-25 05:05:01 -  > Saved house items in: 0.589 s
2020-09-25 05:05:01 -  Jackie Chan has logged out.
2020-09-25 05:05:01 -  Arrow has logged out.
2020-09-25 05:05:01 -  Nobre Cavalheiro has logged out.
2020-09-25 05:05:01 -  Top Spin has logged out.
2020-09-25 05:05:01 -  Demon has logged out.
2020-09-25 05:05:01 -  Midas has logged out.
2020-09-25 05:05:01 -  Sir Graubi has logged out.
2020-09-25 05:05:01 -  Loud Graubi has logged out.
2020-09-25 05:05:01 -  Flash has logged out.
2020-09-25 05:05:01 -  Graubi has logged out.
2020-09-25 05:05:01 -  Shaka Knight has logged out.
2020-09-25 05:05:01 -  Scooby Doo has logged out.
2020-09-25 05:05:01 -  Shaka has logged out.
2020-09-25 05:05:01 -  Shaka Skull has logged out.
2020-09-25 05:05:01 -  Saving server...
2020-09-25 05:05:02 -  > Saved house items in: 0.255 s
2020-09-25 05:05:02 -  eu sou o checkname
2020-09-25 05:05:02 -  Shutting down...Saving server...
2020-09-25 05:05:02 -  > Saved house items in: 0.273 s
2020-09-25 05:05:02 -  [Thread 0x7ffff2ba7700 (LWP 28659) exited]
2020-09-25 05:05:02 -  [Thread 0x7ffff35ba700 (LWP 28658) exited]
2020-09-25 05:05:02 -   done!
2020-09-25 05:05:02 -  [Thread 0x7ffff3dbb700 (LWP 28657) exited]
2020-09-25 05:05:51 -  [Inferior 1 (process 28653) exited normally]
