2020-10-21 13:47:52 -  [Thread debugging using libthread_db enabled]
2020-10-21 13:47:52 -  Using host libthread_db library "/lib/x86_64-linux-gnu/libthread_db.so.1".
2020-10-21 13:47:52 -  [New Thread 0x7ffff3dbb700 (LWP 1205)]
2020-10-21 13:47:52 -  [New Thread 0x7ffff35ba700 (LWP 1206)]
2020-10-21 13:47:52 -  The OTG-Premium-Version - Version: (1.3)
2020-10-21 13:47:52 -  Compiled with: GNU C++ version 5.4.0 20160609
2020-10-21 13:47:52 -  Compiled on Sep 17 2020 19:49:36 for platform x64
2020-10-21 13:47:52 -  
2020-10-21 13:47:52 -  Special Credits for: OTG Team, Johncore, Vankk, Erick Nunes, Leonardo Pereira, Leandro Baldissera, Talis, Marcomoa, Marson Schneider, Douglas, Mark Samman, OTXServer (Mattyx Gomez) and The Forgotten Server Developers.
2020-10-21 13:47:52 -  Link of repository: https://github.com/Johncorex/OTG-Premium-Version
2020-10-21 13:47:52 -  
2020-10-21 13:47:52 -  >> Loading config: config.lua
2020-10-21 13:47:52 -  >> Establishing database connection... MySQL 5.7.31
2020-10-21 13:47:52 -  >> Running database manager
2020-10-21 13:47:52 -  [New Thread 0x7ffff2ba7700 (LWP 1207)]
2020-10-21 13:47:53 -  > Optimizing table tile_store... [success]
2020-10-21 13:47:53 -  >> Loading vocations
2020-10-21 13:47:53 -  >> Loading items
2020-10-21 13:47:53 -  >> Loading script systems
2020-10-21 13:47:53 -  >> Loading lua libs
2020-10-21 13:47:53 -  [Warning - Event::checkScript] Can not load script: scripts/expboostaction.lua
2020-10-21 13:47:53 -  cannot open data/actions/scripts/expboostaction.lua: No such file or directory
2020-10-21 13:47:54 -  >> Loading lua scripts
2020-10-21 13:47:54 -  >> Loading monsters
2020-10-21 13:47:54 -  >> Loading lua monsters
2020-10-21 13:47:54 -  >> Loading outfits
2020-10-21 13:47:54 -  >> Loading prey data
2020-10-21 13:47:55 -  >> Checking world type... PVP
2020-10-21 13:47:55 -  >> Loading map
2020-10-21 13:47:56 -  > Map size: 34143x33812.
2020-10-21 13:48:02 -  > Map loading time: 7.161 seconds.
2020-10-21 13:48:03 -  > Loaded house items in: 0.014 s
2020-10-21 13:48:03 -  >> Initializing gamestate
2020-10-21 13:48:05 -  >> Loaded 43 npcs and spawned 72708 monsters.
2020-10-21 13:48:05 -  >> Loaded 27 towns with 1074 houses in total.
2020-10-21 13:48:05 -  [Castle War]
2020-10-21 13:48:05 -  [POWERGAMERS]
2020-10-21 13:48:05 -  [SISTEMA DE LOTERIA] OPERANTE
2020-10-21 13:48:05 -  Advanced NPC spawn system | All NPCs will be loaded trough lib.
2020-10-21 13:48:05 -  [REGEN BOOST] CARREGADO
2020-10-21 13:48:05 -  [SPOOF COUNTER]
2020-10-21 13:48:05 -  [STAMINA]
2020-10-21 13:48:05 -  warvariables
2020-10-21 13:48:05 -  Agenda:	10
2020-10-21 13:48:05 -  eu sou o checkWarmode... 13:48!
2020-10-21 13:48:05 -  Buscando valores guilds where id = 3
2020-10-21 13:48:05 -  > Broadcasted message: "[Warmode] Atencao Honerianos! A Guild TesteWarmode desafiou a Guild Vai tomando para uma batalha que vai iniciar agora!".
2020-10-21 13:48:05 -  13	48	12
2020-10-21 13:48:05 -  >> Loaded all modules, server starting up...
2020-10-21 13:48:05 -  > Warning: OTG-Premium-Version has been executed as root user, please consider running it as a normal user.
2020-10-21 13:48:05 -  >> Honera Global Server Online!
2020-10-21 13:48:05 -  
2020-10-21 13:48:05 -  Demonzin has logged in.
2020-10-21 13:48:05 -  funcao onLogin
2020-10-21 13:48:05 -  Robalo has logged in.
2020-10-21 13:48:06 -  funcao onLogin
2020-10-21 13:48:06 -  Dev Marson has logged in.
2020-10-21 13:49:13 -  funcao onLogin
2020-10-21 13:49:13 -  SABADOU!! NPC HONERA CRIADO
2020-10-21 13:49:13 -  funcaoKill!!
2020-10-21 13:49:13 -  um player que estava dentro da war, foi morto
2020-10-21 13:49:13 -  endWarmode
2020-10-21 13:49:13 -  > Broadcasted message: "[Warmode] Parabens a Guild A por ter eliminado todos os integrantes da Guild B".
2020-10-21 13:49:13 -  removendo players da tabela porque a war acabou
2020-10-21 13:49:13 -  Demonzin has logged out.
2020-10-21 13:49:30 -  Demonzin has logged in.
2020-10-21 13:56:45 -  
2020-10-21 13:56:45 -  Thread 1 "tfs" received signal SIGINT, Interrupt.
2020-10-21 13:56:45 -  0x00007ffff7b14ad3 in epoll_wait () at ../sysdeps/unix/syscall-template.S:84
2020-10-21 13:56:45 -  84	../sysdeps/unix/syscall-template.S: No such file or directory.
2020-10-21 13:56:45 -  
2020-10-21 13:56:45 -  Thread 4 (Thread 0x7ffff2ba7700 (LWP 1207)):
2020-10-21 13:56:45 -  #0  pthread_cond_wait@@GLIBC_2.3.2 () at ../sysdeps/unix/sysv/linux/x86_64/pthread_cond_wait.S:185
2020-10-21 13:56:45 -  No locals.
2020-10-21 13:56:45 -  #1  0x00007ffff5e7491c in std::condition_variable::wait(std::unique_lock<std::mutex>&) () from /usr/lib/x86_64-linux-gnu/libstdc++.so.6
2020-10-21 13:56:45 -  No symbol table info available.
2020-10-21 13:56:45 -  #2  0x00000000006228bf in DatabaseTasks::threadMain() (this=0x8e39a0 <g_databaseTasks>) at /home/otg/src/databasetasks.cpp:42
2020-10-21 13:56:45 -          taskLockUnique = {_M_device = 0x8e3a08 <g_databaseTasks+104>, _M_owns = true}
2020-10-21 13:56:45 -  #3  0x00007ffff5e79c80 in ?? () from /usr/lib/x86_64-linux-gnu/libstdc++.so.6
2020-10-21 13:56:45 -  No symbol table info available.
2020-10-21 13:56:45 -  #4  0x00007ffff614a6ba in start_thread (arg=0x7ffff2ba7700) at pthread_create.c:333
2020-10-21 13:56:45 -          __res = <optimized out>
2020-10-21 13:56:45 -          pd = 0x7ffff2ba7700
2020-10-21 13:56:45 -          now = <optimized out>
2020-10-21 13:56:45 -          unwind_buf = {cancel_jmp_buf = {{jmp_buf = {140737265694464, 3202036729357929958, 0, 140737284647471, 140737265695168, 9334528, -3202043922882621978, -3202051251934589466}, mask_was_saved = 0}}, priv = {pad = {0x0, 0x0, 0x0, 0x0}, data = {prev = 0x0, cleanup = 0x0, canceltype = 0}}}
2020-10-21 13:56:45 -          not_first_call = <optimized out>
2020-10-21 13:56:45 -          pagesize_m1 = <optimized out>
2020-10-21 13:56:45 -          sp = <optimized out>
2020-10-21 13:56:45 -          freesize = <optimized out>
2020-10-21 13:56:45 -          __PRETTY_FUNCTION__ = "start_thread"
2020-10-21 13:56:45 -  #5  0x00007ffff7b144dd in clone () at ../sysdeps/unix/sysv/linux/x86_64/clone.S:109
2020-10-21 13:56:45 -  No locals.
2020-10-21 13:56:45 -  
2020-10-21 13:56:45 -  Thread 3 (Thread 0x7ffff35ba700 (LWP 1206)):
2020-10-21 13:56:45 -  #0  pthread_cond_timedwait@@GLIBC_2.3.2 () at ../sysdeps/unix/sysv/linux/x86_64/pthread_cond_timedwait.S:225
2020-10-21 13:56:45 -  No locals.
2020-10-21 13:56:45 -  #1  0x0000000000506210 in __gthread_cond_timedwait () at /usr/include/x86_64-linux-gnu/c++/5/bits/gthr-default.h:871
2020-10-21 13:56:45 -  No locals.
2020-10-21 13:56:45 -  #2  std::condition_variable::__wait_until_impl (__atime=..., __lock=..., this=0x8e6fa0 <g_scheduler+64>) at /usr/include/c++/5/condition_variable:165
2020-10-21 13:56:45 -          __ts = {tv_sec = 1603303005, tv_nsec = 273119749}
2020-10-21 13:56:45 -  #3  std::condition_variable::wait_until<std::chrono::duration<long, std::ratio<1l, 1000000000l> > > () at /usr/include/c++/5/condition_variable:105
2020-10-21 13:56:45 -          __lock = @0x7ffff35b9e90: {_M_device = 0x8e6f78 <g_scheduler+24>, _M_owns = true}
2020-10-21 13:56:45 -          this = 0x8e6fa0 <g_scheduler+64>
2020-10-21 13:56:45 -  #4  Scheduler::threadMain (this=0x8e6f60 <g_scheduler>) at /home/otg/src/scheduler.cpp:36
2020-10-21 13:56:45 -          ret = std::cv_status::no_timeout
2020-10-21 13:56:45 -          eventLockUnique = {_M_device = 0x8e6f78 <g_scheduler+24>, _M_owns = true}
2020-10-21 13:56:45 -  #5  0x00007ffff5e79c80 in ?? () from /usr/lib/x86_64-linux-gnu/libstdc++.so.6
2020-10-21 13:56:45 -  No symbol table info available.
2020-10-21 13:56:45 -  #6  0x00007ffff614a6ba in start_thread (arg=0x7ffff35ba700) at pthread_create.c:333
2020-10-21 13:56:45 -          __res = <optimized out>
2020-10-21 13:56:45 -          pd = 0x7ffff35ba700
2020-10-21 13:56:45 -          now = <optimized out>
2020-10-21 13:56:45 -          unwind_buf = {cancel_jmp_buf = {{jmp_buf = {140737276258048, 3202036729357929958, 0, 140737488346847, 140737276258752, 9437376, -3202044184338756122, -3202051251934589466}, mask_was_saved = 0}}, priv = {pad = {0x0, 0x0, 0x0, 0x0}, data = {prev = 0x0, cleanup = 0x0, canceltype = 0}}}
2020-10-21 13:56:45 -          not_first_call = <optimized out>
2020-10-21 13:56:45 -          pagesize_m1 = <optimized out>
2020-10-21 13:56:45 -          sp = <optimized out>
2020-10-21 13:56:45 -          freesize = <optimized out>
2020-10-21 13:56:45 -          __PRETTY_FUNCTION__ = "start_thread"
2020-10-21 13:56:45 -  #7  0x00007ffff7b144dd in clone () at ../sysdeps/unix/sysv/linux/x86_64/clone.S:109
2020-10-21 13:56:45 -  No locals.
2020-10-21 13:56:45 -  
2020-10-21 13:56:45 -  Thread 2 (Thread 0x7ffff3dbb700 (LWP 1205)):
2020-10-21 13:56:45 -  #0  0x000000000064808b in ItemAttributes::getExistingAttr () at /home/otg/src/item.cpp:2414
2020-10-21 13:56:45 -  Python Exception <class 'gdb.error'> There is no member or method named _M_impl.: 
2020-10-21 13:56:45 -          __for_range = 
2020-10-21 13:56:45 -          type = ITEM_ATTRIBUTE_DURATION
2020-10-21 13:56:45 -          this = 0x7fffc9017700
2020-10-21 13:56:45 -  #1  ItemAttributes::getIntAttr(itemAttrTypes) const [clone .part.97] [clone .lto_priv.1302] (this=this@entry=0x7fffc9017700, type=type@entry=ITEM_ATTRIBUTE_DURATION) at /home/otg/src/item.cpp:2385
2020-10-21 13:56:45 -  No locals.
2020-10-21 13:56:45 -  #2  0x00000000005b131d in ItemAttributes::getIntAttr(itemAttrTypes) const (type=ITEM_ATTRIBUTE_DURATION, this=0x7fffc9017700) at /home/otg/src/game.cpp:5199
2020-10-21 13:56:45 -  No locals.
2020-10-21 13:56:45 -  #3  Item::getIntAttr(itemAttrTypes) const () at /home/otg/src/item.h:604
2020-10-21 13:56:45 -          type = ITEM_ATTRIBUTE_DURATION
2020-10-21 13:56:45 -          this = 0x7fff93e6a9e0
2020-10-21 13:56:45 -  #4  Item::getDuration() const () at /home/otg/src/item.h:817
2020-10-21 13:56:45 -          this = 0x7fff93e6a9e0
2020-10-21 13:56:45 -  #5  Game::checkDecay() (this=0x8e7760 <g_game>) at /home/otg/src/game.cpp:4945
2020-10-21 13:56:45 -          item = 0x7fff93e6a9e0
2020-10-21 13:56:45 -          duration = <optimized out>
2020-10-21 13:56:45 -          bucket = 0
2020-10-21 13:56:45 -          it = {_M_node = 0x7fffc3be8640}
2020-10-21 13:56:45 -          end = {_M_node = 0x8e7be0 <g_game+1152>}
2020-10-21 13:56:45 -  #6  0x000000000055af2d in std::function<void ()>::operator()() const () at /usr/include/c++/5/functional:2267
2020-10-21 13:56:45 -          this = 0x7fff3e786fc0
2020-10-21 13:56:45 -  #7  Task::operator()() () at /home/otg/src/tasks.h:42
2020-10-21 13:56:45 -          this = 0x7fff3e786fb0
2020-10-21 13:56:45 -  #8  Dispatcher::threadMain() (this=0x8e6ec0 <g_dispatcher>) at /home/otg/src/tasks.cpp:62
2020-10-21 13:56:45 -          task = 0x7fff3e786fb0
2020-10-21 13:56:45 -          taskLockUnique = {_M_device = 0x8e6ed8 <g_dispatcher+24>, _M_owns = false}
2020-10-21 13:56:45 -  #9  0x00007ffff5e79c80 in ?? () from /usr/lib/x86_64-linux-gnu/libstdc++.so.6
2020-10-21 13:56:45 -  No symbol table info available.
2020-10-21 13:56:45 -  #10 0x00007ffff614a6ba in start_thread (arg=0x7ffff3dbb700) at pthread_create.c:333
2020-10-21 13:56:45 -          __res = <optimized out>
2020-10-21 13:56:45 -          pd = 0x7ffff3dbb700
2020-10-21 13:56:45 -          now = <optimized out>
2020-10-21 13:56:45 -          unwind_buf = {cancel_jmp_buf = {{jmp_buf = {140737284650752, 3202036729357929958, 0, 140737488346847, 140737284651456, 9437376, -3202045282239771162, -3202051251934589466}, mask_was_saved = 0}}, priv = {pad = {0x0, 0x0, 0x0, 0x0}, data = {prev = 0x0, cleanup = 0x0, canceltype = 0}}}
2020-10-21 13:56:45 -          not_first_call = <optimized out>
2020-10-21 13:56:45 -          pagesize_m1 = <optimized out>
2020-10-21 13:56:45 -          sp = <optimized out>
2020-10-21 13:56:45 -          freesize = <optimized out>
2020-10-21 13:56:45 -          __PRETTY_FUNCTION__ = "start_thread"
2020-10-21 13:56:45 -  #11 0x00007ffff7b144dd in clone () at ../sysdeps/unix/sysv/linux/x86_64/clone.S:109
2020-10-21 13:56:46 -  No locals.
2020-10-21 13:56:46 -  
2020-10-21 13:56:46 -  Thread 1 (Thread 0x7ffff7fe6740 (LWP 1201)):
2020-10-21 13:56:46 -  #0  0x00007ffff7b14ad3 in epoll_wait () at ../sysdeps/unix/syscall-template.S:84
2020-10-21 13:56:46 -  No locals.
2020-10-21 13:56:46 -  #1  0x00000000005b70e7 in boost::asio::detail::epoll_reactor::run(bool, boost::asio::detail::op_queue<boost::asio::detail::task_io_service_operation>&) [clone .constprop.204] (this=0x901570, block=<optimized out>, ops=...) at /usr/include/boost/asio/detail/impl/epoll_reactor.ipp:392
2020-10-21 13:56:46 -          timeout = <optimized out>
2020-10-21 13:56:46 -          events = {{events = 1, data = {ptr = 0x9015c8, fd = 9442760, u32 = 9442760, u64 = 9442760}}, {events = 0, data = {ptr = 0x0, fd = 0, u32 = 0, u64 = 0}} <repeats 51 times>, {events = 11, data = {ptr = 0xa100000000, fd = 0, u32 = 0, u64 = 691489734656}}, {events = 0, data = {ptr = 0x0, fd = 0, u32 = 0, u64 = 0}}, {events = 0, data = {ptr = 0x0, fd = 0, u32 = 0, u64 = 0}}, {events = 0, data = {ptr = 0x0, fd = 0, u32 = 0, u64 = 0}}, {events = 0, data = {ptr = 0x0, fd = 0, u32 = 0, u64 = 0}}, {events = 0, data = {ptr = 0x0, fd = 0, u32 = 0, u64 = 0}}, {events = 4155593817, data = {ptr = 0x7fff, fd = 32767, u32 = 32767, u64 = 32767}}, {events = 0, data = {ptr = 0x5828f4 <boost::asio::detail::reactive_socket_recv_op_base<boost::asio::mutable_buffers_1>::do_perform(boost::asio::detail::reactor_op*)+228>, fd = 5777652, u32 = 5777652, u64 = 5777652}}, {events = 0, data = {ptr = 0x1000000, fd = 16777216, u32 = 16777216, u64 = 16777216}}, {events = 13, data = {ptr = 0x926b96, fd = 9595798, u32 = 9595798, u64 = 9595798}}, {events = 2, data = {ptr = 0x200000000, fd = 0, u32 = 0, u64 = 8589934592}}, {events = 0, data = {ptr = 0x5f90765a, fd = 1603303002, u32 = 1603303002, u64 = 1603303002}}, {events = 0, data = {ptr = 0x0, fd = 0, u32 = 0, u64 = 0}}, {events = 0, data = {ptr = 0x7fffffffdb80, fd = -9344, u32 = 4294957952, u64 = 140737488345984}}, {events = 1, data = {ptr = 0x0, fd = 0, u32 = 0, u64 = 0}}, {events = 0, data = {ptr = 0x0, fd = 0, u32 = 0, u64 = 0}}, {events = 0, data = {ptr = 0x926b7000000000, fd = 0, u32 = 0, u64 = 41213475380264960}}, {events = 0, data = {ptr = 0x7fffe83ce750, fd = -398661808, u32 = 3896305488, u64 = 140737089693520}}, {events = 9727264, data = {ptr = 0x936c7800000000, fd = 0, u32 = 0, u64 = 41496084228341760}}, {events = 0, data = {ptr = 0x922ea8, fd = 9580200, u32 = 9580200, u64 = 9580200}}, {events = 13, data = {ptr = 0x5200000000, fd = 0, u32 = 0, u64 = 352187318272}}, {events = 0, data = {ptr = 0x901570, fd = 9442672, u32 = 9442672, u64 = 9442672}}, {events = 6449413, data = {ptr = 0x0, fd = 0, u32 = 0, u64 = 0}}, {events = 0, data = {ptr = 0xd, fd = 13, u32 = 13, u64 = 13}}, {events = 0, data = {ptr = 0x56f20000000000, fd = 0, u32 = 0, u64 = 24472929811038208}}, {events = 0, data = {ptr = 0x0, fd = 0, u32 = 0, u64 = 0}}, {events = 0, data = {ptr = 0xffffdc7000000000, fd = 0, u32 = 0, u64 = 18446704972327288832}}, {events = 32767, data = {ptr = 0x946d20, fd = 9727264, u32 = 9727264, u64 = 9727264}}, {events = 9727264, data = {ptr = 0xce2e094000000000, fd = 0, u32 = 0, u64 = 14856822391224401920}}, {events = 32767, data = {ptr = 0x936c78, fd = 9661560, u32 = 9661560, u64 = 9661560}}, {events = 9595798, data = {ptr = 0x200000000, fd = 0, u32 = 0, u64 = 8589934592}}, {events = 0, data = {ptr = 0x7fff00000001, fd = 1, u32 = 1, u64 = 140733193388033}}, {events = 0, data = {ptr = 0x56f20000000000, fd = 0, u32 = 0, u64 = 24472929811038208}}, {events = 0, data = {ptr = 0x0, fd = 0, u32 = 0, u64 = 0}}, {events = 0, data = {ptr = 0x936c1800000000, fd = 0, u32 = 0, u64 = 41495671911481344}}, {events = 0, data = {ptr = 0x0, fd = 0, u32 = 0, u64 = 0}}, {events = 4128564479, data = {ptr = 0x926b8000007fff, fd = 32767, u32 = 32767, u64 = 41213544099774463}}, {events = 0, data = {ptr = 0x7fffd47a1bb0, fd = -730195024, u32 = 3564772272, u64 = 140736758160304}}, {events = 3062988304, data = {ptr = 0x936c1800007fff, fd = 32767, u32 = 32767, u64 = 41495671911514111}}, {events = 0, data = {ptr = 0x7fffffffde78, fd = -8584, u32 = 4294958712, u64 = 140737488346744}}, {events = 0, data = {ptr = 0xf7a9158c00000000, fd = 0, u32 = 0, u64 = 17845818689471905792}}, {events = 32767, data = {ptr = 0x900090, fd = 9437328, u32 = 9437328, u64 = 9437328}}, {events = 4294958640, data = {ptr = 0x90009000007fff, fd = 32767, u32 = 32767, u64 = 40533015121657855}}, {events = 0, data = {ptr = 0x926b80, fd = 9595776, u32 = 9595776, u64 = 9595776}}, {events = 14, data = {ptr = 0x926b8000000000, fd = 0, u32 = 0, u64 = 41213544099741696}}, {events = 0, data = {ptr = 0x7fffd47a1bb0, fd = -730195024, u32 = 3564772272, u64 = 140736758160304}}, {events = 3062988304, data = {ptr = 0x936c1800007fff, fd = 32767, u32 = 32767, u64 = 41495671911514111}}, {events = 0, data = {ptr = 0x58a8b4 <Connection::onWriteOperation(boost::system::error_code const&)+260>, fd = 5810356, u32 = 5810356, u64 = 5810356}}, {events = 0, data = {ptr = 0xf71e50e000000000, fd = 0, u32 = 0, u64 = 17806758899672416256}}, {events = 32767, data = {ptr = 0xffffde30, fd = -8656, u32 = 4294958640, u64 = 4294958640}}, {events = 14, data = {ptr = 0x0, fd = 0, u32 = 0, u64 = 0}}, {events = 0, data = {ptr = 0x0, fd = 0, u32 = 0, u64 = 0}}, {events = 4294958640, data = {ptr = 0x58574500007fff, fd = 32767, u32 = 32767, u64 = 24865751814930431}}, {events = 0, data = {ptr = 0x11, fd = 17, u32 = 17, u64 = 17}}, {events = 4155593817, data = {ptr = 0xffffde3000007fff, fd = 32767, u32 = 32767, u64 = 18446706896472670207}}, {events = 32767, data = {ptr = 0x0, fd = 0, u32 = 0, u64 = 0}}, {events = 0, data = {ptr = 0x0, fd = 0, u32 = 0, u64 = 0}}, {events = 13, data = {ptr = 0x936c78, fd = 9661560, u32 = 9661560, u64 = 9661560}}, {events = 4294958720, data = {ptr = 0x90009000007fff, fd = 32767, u32 = 32767, u64 = 40533015121657855}}, {events = 0, data = {ptr = 0x0, fd = 0, u32 = 0, u64 = 0}}, {events = 0, data = {ptr = 0x9000c000000000, fd = 0, u32 = 0, u64 = 40533221280055296}}, {events = 0, data = {ptr = 0x0, fd = 0, u32 = 0, u64 = 0}}, {events = 4155053452, data = {ptr = 0x926b7000007fff, fd = 32767, u32 = 32767, u64 = 41213475380297727}}, {events = 0, data = {ptr = 0x0, fd = 0, u32 = 0, u64 = 0}}, {events = 4145959136, data = {ptr = 0x58a73100007fff, fd = 32767, u32 = 32767, u64 = 24953626845806591}}, {events = 0, data = {ptr = 0x7fffe8566480, fd = -396991360, u32 = 3897975936, u64 = 140737091363968}}, {events = 4294958720, data = {ptr = 0x90009000007fff, fd = 32767, u32 = 32767, u64 = 40533015121657855}}, {events = 0, data = {ptr = 0x7fffffffde80, fd = -8576, u32 = 4294958720, u64 = 140737488346752}}, {events = 9437328, data = {ptr = 0x58646e00000000, fd = 0, u32 = 0, u64 = 24880221559717888}}, {events = 0, data = {ptr = 0x926b80, fd = 9595776, u32 = 9595776, u64 = 9595776}}, {events = 9595760, data = {ptr = 0xffffde8000000000, fd = 0, u32 = 0, u64 = 18446707240070021120}}, {events = 32767, data = {ptr = 0x0, fd = 0, u32 = 0, u64 = 0}}, {events = 0, data = {ptr = 0x0, fd = 0, u32 = 0, u64 = 0}}, {events = 0, data = {ptr = 0x58a720 <Connection::handleTimeout(std::weak_ptr<Connection>, boost::system::error_code const&)>, fd = 5809952, u32 = 5809952, u64 = 5809952}}, {events = 9595776, data = {ptr = 0x926b7000000000, fd = 0, u32 = 0, u64 = 41213475380264960}}, {events = 0, data = {ptr = 0x217374680000007d, fd = 125, u32 = 125, u64 = 2410398215598768253}}}
2020-10-21 13:56:46 -          num_events = <optimized out>
2020-10-21 13:56:46 -          check_timers = <optimized out>
2020-10-21 13:56:46 -  #2  0x000000000055dcd3 in do_run_one (ec=..., this_thread=..., lock=<synthetic pointer>, this=0x900090) at /usr/include/boost/asio/detail/impl/task_io_service.ipp:356
2020-10-21 13:56:46 -          more_handlers = <optimized out>
2020-10-21 13:56:46 -  #3  run (ec=..., this=0x900090) at /usr/include/boost/asio/detail/impl/task_io_service.ipp:149
2020-10-21 13:56:46 -          this_thread = {private_op_queue = {front_ = 0x0, back_ = 0x0}, private_outstanding_work = 0}
2020-10-21 13:56:46 -          ctx = {key_ = 0x900090, value_ = 0x7fffffffdf40, next_ = 0x0}
2020-10-21 13:56:46 -          lock = {mutex_ = @0x9000c0, locked_ = <optimized out>}
2020-10-21 13:56:46 -          n = 5472
2020-10-21 13:56:46 -  #4  _ZN5boost4asio10io_service3runEv.isra.226 () at /usr/include/boost/asio/impl/io_service.ipp:59
2020-10-21 13:56:46 -          ec = {m_val = 0, m_cat = 0x7ffff71e50e0}
2020-10-21 13:56:46 -  #5  ServiceManager::run() (this=this@entry=0x7fffffffdff0) at /home/otg/src/server.cpp:47
2020-10-21 13:56:46 -  No locals.
2020-10-21 13:56:46 -  #6  0x0000000000474c46 in main (argc=1, argv=0x7fffffffe1b8) at /home/otg/src/otserv.cpp:96
2020-10-21 13:56:46 -          serviceManager = {acceptors = {_M_h = {_M_buckets = 0x7fffe930f430, _M_bucket_count = 5, _M_before_begin = {_M_nxt = 0x7fffe8566550}, _M_element_count = 2, _M_rehash_policy = {_M_max_load_factor = 1, _M_next_resize = 5}, _M_single_bucket = 0x0}}, io_service = {service_registry_ = 0x900040, impl_ = @0x900090}, signals = {set = {<No data fields>}}, death_timer = {<No data fields>}, running = true}
2020-10-21 13:56:46 -  funcao onLogin
2020-10-21 13:56:46 -  endWarmode
2020-10-21 13:56:46 -  Saving server...
2020-10-21 13:56:46 -  > Saved house items in: 0.371 s
2020-10-21 13:56:46 -  A debugging session is active.
2020-10-21 13:56:46 -  
2020-10-21 13:56:46 -  	Inferior 1 [process 1201] will be killed.
2020-10-21 13:56:46 -  
2020-10-21 13:56:46 -  Quit anyway? (y or n) [answered Y; input not from terminal]
