2020-10-23 22:36:03 -  [Thread debugging using libthread_db enabled]
2020-10-23 22:36:03 -  Using host libthread_db library "/lib/x86_64-linux-gnu/libthread_db.so.1".
2020-10-23 22:36:03 -  [New Thread 0x7ffff3dbb700 (LWP 20670)]
2020-10-23 22:36:03 -  [New Thread 0x7ffff35ba700 (LWP 20671)]
2020-10-23 22:36:03 -  The OTG-Premium-Version - Version: (1.3)
2020-10-23 22:36:03 -  Compiled with: GNU C++ version 5.4.0 20160609
2020-10-23 22:36:03 -  Compiled on Sep 17 2020 19:49:36 for platform x64
2020-10-23 22:36:03 -  
2020-10-23 22:36:03 -  Special Credits for: OTG Team, Johncore, Vankk, Erick Nunes, Leonardo Pereira, Leandro Baldissera, Talis, Marcomoa, Marson Schneider, Douglas, Mark Samman, OTXServer (Mattyx Gomez) and The Forgotten Server Developers.
2020-10-23 22:36:03 -  Link of repository: https://github.com/Johncorex/OTG-Premium-Version
2020-10-23 22:36:03 -  
2020-10-23 22:36:03 -  >> Loading config: config.lua
2020-10-23 22:36:03 -  >> Establishing database connection... MySQL 5.7.31
2020-10-23 22:36:03 -  >> Running database manager
2020-10-23 22:36:03 -  [New Thread 0x7ffff2ba7700 (LWP 20672)]
2020-10-23 22:36:03 -  > Optimizing table players_online... [success]
2020-10-23 22:36:03 -  > Optimizing table tile_store... [success]
2020-10-23 22:36:03 -  >> Loading vocations
2020-10-23 22:36:03 -  >> Loading items
2020-10-23 22:36:04 -  >> Loading script systems
2020-10-23 22:36:04 -  >> Loading lua libs
2020-10-23 22:36:04 -  [Warning - Event::checkScript] Can not load script: scripts/expboostaction.lua
2020-10-23 22:36:04 -  cannot open data/actions/scripts/expboostaction.lua: No such file or directory
2020-10-23 22:36:05 -  >> Loading lua scripts
2020-10-23 22:36:05 -  >> Loading monsters
2020-10-23 22:36:05 -  >> Loading lua monsters
2020-10-23 22:36:05 -  >> Loading outfits
2020-10-23 22:36:05 -  >> Loading prey data
2020-10-23 22:36:05 -  >> Checking world type... PVP
2020-10-23 22:36:05 -  >> Loading map
2020-10-23 22:36:07 -  > Map size: 34143x33812.
2020-10-23 22:36:13 -  > Map loading time: 7.207 seconds.
2020-10-23 22:36:14 -  > Loaded house items in: 0.017 s
2020-10-23 22:36:14 -  >> Initializing gamestate
2020-10-23 22:36:16 -  >> Loaded 43 npcs and spawned 72708 monsters.
2020-10-23 22:36:16 -  >> Loaded 27 towns with 1074 houses in total.
2020-10-23 22:36:16 -  [Castle War]
2020-10-23 22:36:16 -  [POWERGAMERS]
2020-10-23 22:36:16 -  [SISTEMA DE LOTERIA] OPERANTE
2020-10-23 22:36:16 -  Advanced NPC spawn system | All NPCs will be loaded trough lib.
2020-10-23 22:36:16 -  [REGEN BOOST] CARREGADO
2020-10-23 22:36:16 -  [SPOOF COUNTER]
2020-10-23 22:36:16 -  [STAMINA]
2020-10-23 22:36:16 -  warvariables
2020-10-23 22:36:16 -  eu sou o checkWarmode... 22:36!
2020-10-23 22:36:16 -  >> Loaded all modules, server starting up...
2020-10-23 22:36:16 -  > Warning: OTG-Premium-Version has been executed as root user, please consider running it as a normal user.
2020-10-23 22:36:16 -  >> Honera Global Server Online!
2020-10-23 22:36:16 -  
2020-10-23 22:36:16 -  Robalo has logged in.
2020-10-23 22:36:16 -  funcao onLogin
2020-10-23 22:36:16 -  Demonzin has logged in.
2020-10-23 22:36:16 -  funcao onLogin
2020-10-23 22:36:16 -  Dev Marson has logged in.
2020-10-23 22:37:44 -  funcao onLogin
2020-10-23 22:37:44 -  SABADOU!! NPC HONERA CRIADO
2020-10-23 22:37:44 -  aqui eu checkei o choiceID para atualizar o warmode temp3
2020-10-23 22:37:44 -  aqui eu checkei o choiceID para atualizar o warmode temp1
2020-10-23 22:37:44 -  aqui eu checkei o choiceID para atualizar o warmode temp2
2020-10-23 22:37:44 -  
2020-10-23 22:37:44 -  Lua Script Error: [CreatureScript Interface] 
2020-10-23 22:37:44 -  data/creaturescripts/scripts/warmode.lua:onModalWindow
2020-10-23 22:37:44 -  data/creaturescripts/scripts/warmode.lua:678: attempt to call global 'checkWarmode' (a nil value)
2020-10-23 22:37:44 -  stack traceback:
2020-10-23 22:37:44 -  	[C]: in function 'checkWarmode'
2020-10-23 22:37:44 -  	data/creaturescripts/scripts/warmode.lua:678: in function <data/creaturescripts/scripts/warmode.lua:1>
2020-10-23 22:39:25 -  
2020-10-23 22:39:25 -  Thread 1 "tfs" received signal SIGINT, Interrupt.
2020-10-23 22:39:25 -  0x00007ffff7b14ad3 in epoll_wait () at ../sysdeps/unix/syscall-template.S:84
2020-10-23 22:39:25 -  84	../sysdeps/unix/syscall-template.S: No such file or directory.
2020-10-23 22:39:25 -  
2020-10-23 22:39:25 -  Thread 4 (Thread 0x7ffff2ba7700 (LWP 20672)):
2020-10-23 22:39:25 -  #0  pthread_cond_wait@@GLIBC_2.3.2 () at ../sysdeps/unix/sysv/linux/x86_64/pthread_cond_wait.S:185
2020-10-23 22:39:25 -  No locals.
2020-10-23 22:39:25 -  #1  0x00007ffff5e7491c in std::condition_variable::wait(std::unique_lock<std::mutex>&) () from /usr/lib/x86_64-linux-gnu/libstdc++.so.6
2020-10-23 22:39:26 -  No symbol table info available.
2020-10-23 22:39:26 -  #2  0x00000000006228bf in DatabaseTasks::threadMain() (this=0x8e39a0 <g_databaseTasks>) at /home/otg/src/databasetasks.cpp:42
2020-10-23 22:39:26 -          taskLockUnique = {_M_device = 0x8e3a08 <g_databaseTasks+104>, _M_owns = true}
2020-10-23 22:39:26 -  #3  0x00007ffff5e79c80 in ?? () from /usr/lib/x86_64-linux-gnu/libstdc++.so.6
2020-10-23 22:39:26 -  No symbol table info available.
2020-10-23 22:39:26 -  #4  0x00007ffff614a6ba in start_thread (arg=0x7ffff2ba7700) at pthread_create.c:333
2020-10-23 22:39:26 -          __res = <optimized out>
2020-10-23 22:39:26 -          pd = 0x7ffff2ba7700
2020-10-23 22:39:26 -          now = <optimized out>
2020-10-23 22:39:26 -          unwind_buf = {cancel_jmp_buf = {{jmp_buf = {140737265694464, -4373230037691601147, 0, 140737284647471, 140737265695168, 9334528, 4373222869901176581, 4373213328943148805}, mask_was_saved = 0}}, priv = {pad = {0x0, 0x0, 0x0, 0x0}, data = {prev = 0x0, cleanup = 0x0, canceltype = 0}}}
2020-10-23 22:39:26 -          not_first_call = <optimized out>
2020-10-23 22:39:26 -          pagesize_m1 = <optimized out>
2020-10-23 22:39:26 -          sp = <optimized out>
2020-10-23 22:39:26 -          freesize = <optimized out>
2020-10-23 22:39:26 -          __PRETTY_FUNCTION__ = "start_thread"
2020-10-23 22:39:26 -  #5  0x00007ffff7b144dd in clone () at ../sysdeps/unix/sysv/linux/x86_64/clone.S:109
2020-10-23 22:39:26 -  No locals.
2020-10-23 22:39:26 -  
2020-10-23 22:39:26 -  Thread 3 (Thread 0x7ffff35ba700 (LWP 20671)):
2020-10-23 22:39:26 -  #0  pthread_cond_timedwait@@GLIBC_2.3.2 () at ../sysdeps/unix/sysv/linux/x86_64/pthread_cond_timedwait.S:225
2020-10-23 22:39:26 -  No locals.
2020-10-23 22:39:26 -  #1  0x0000000000506210 in __gthread_cond_timedwait () at /usr/include/x86_64-linux-gnu/c++/5/bits/gthr-default.h:871
2020-10-23 22:39:26 -  No locals.
2020-10-23 22:39:26 -  #2  std::condition_variable::__wait_until_impl (__atime=..., __lock=..., this=0x8e6fa0 <g_scheduler+64>) at /usr/include/c++/5/condition_variable:165
2020-10-23 22:39:26 -          __ts = {tv_sec = 1603507165, tv_nsec = 492316360}
2020-10-23 22:39:26 -  #3  std::condition_variable::wait_until<std::chrono::duration<long, std::ratio<1l, 1000000000l> > > () at /usr/include/c++/5/condition_variable:105
2020-10-23 22:39:26 -          __lock = @0x7ffff35b9e90: {_M_device = 0x8e6f78 <g_scheduler+24>, _M_owns = true}
2020-10-23 22:39:26 -          this = 0x8e6fa0 <g_scheduler+64>
2020-10-23 22:39:26 -  #4  Scheduler::threadMain (this=0x8e6f60 <g_scheduler>) at /home/otg/src/scheduler.cpp:36
2020-10-23 22:39:26 -          ret = std::cv_status::no_timeout
2020-10-23 22:39:26 -          eventLockUnique = {_M_device = 0x8e6f78 <g_scheduler+24>, _M_owns = true}
2020-10-23 22:39:26 -  #5  0x00007ffff5e79c80 in ?? () from /usr/lib/x86_64-linux-gnu/libstdc++.so.6
2020-10-23 22:39:26 -  No symbol table info available.
2020-10-23 22:39:26 -  #6  0x00007ffff614a6ba in start_thread (arg=0x7ffff35ba700) at pthread_create.c:333
2020-10-23 22:39:26 -          __res = <optimized out>
2020-10-23 22:39:26 -          pd = 0x7ffff35ba700
2020-10-23 22:39:26 -          now = <optimized out>
2020-10-23 22:39:26 -          unwind_buf = {cancel_jmp_buf = {{jmp_buf = {140737276258048, -4373230037691601147, 0, 140737488346847, 140737276258752, 9437376, 4373220381504499461, 4373213328943148805}, mask_was_saved = 0}}, priv = {pad = {0x0, 0x0, 0x0, 0x0}, data = {prev = 0x0, cleanup = 0x0, canceltype = 0}}}
2020-10-23 22:39:26 -          not_first_call = <optimized out>
2020-10-23 22:39:26 -          pagesize_m1 = <optimized out>
2020-10-23 22:39:26 -          sp = <optimized out>
2020-10-23 22:39:26 -          freesize = <optimized out>
2020-10-23 22:39:26 -          __PRETTY_FUNCTION__ = "start_thread"
2020-10-23 22:39:26 -  #7  0x00007ffff7b144dd in clone () at ../sysdeps/unix/sysv/linux/x86_64/clone.S:109
2020-10-23 22:39:26 -  No locals.
2020-10-23 22:39:26 -  
2020-10-23 22:39:26 -  Thread 2 (Thread 0x7ffff3dbb700 (LWP 20670)):
2020-10-23 22:39:26 -  #0  pthread_cond_wait@@GLIBC_2.3.2 () at ../sysdeps/unix/sysv/linux/x86_64/pthread_cond_wait.S:185
2020-10-23 22:39:26 -  No locals.
2020-10-23 22:39:26 -  #1  0x00007ffff5e7491c in std::condition_variable::wait(std::unique_lock<std::mutex>&) () from /usr/lib/x86_64-linux-gnu/libstdc++.so.6
2020-10-23 22:39:26 -  No symbol table info available.
2020-10-23 22:39:26 -  #2  0x000000000055af7b in Dispatcher::threadMain() (this=0x8e6ec0 <g_dispatcher>) at /home/otg/src/tasks.cpp:50
2020-10-23 22:39:26 -          taskLockUnique = {_M_device = 0x8e6ed8 <g_dispatcher+24>, _M_owns = true}
2020-10-23 22:39:26 -  #3  0x00007ffff5e79c80 in ?? () from /usr/lib/x86_64-linux-gnu/libstdc++.so.6
2020-10-23 22:39:26 -  No symbol table info available.
2020-10-23 22:39:26 -  #4  0x00007ffff614a6ba in start_thread (arg=0x7ffff3dbb700) at pthread_create.c:333
2020-10-23 22:39:26 -          __res = <optimized out>
2020-10-23 22:39:26 -          pd = 0x7ffff3dbb700
2020-10-23 22:39:26 -          now = <optimized out>
2020-10-23 22:39:26 -          unwind_buf = {cancel_jmp_buf = {{jmp_buf = {140737284650752, -4373230037691601147, 0, 140737488346847, 140737284651456, 9437376, 4373221480479256325, 4373213328943148805}, mask_was_saved = 0}}, priv = {pad = {0x0, 0x0, 0x0, 0x0}, data = {prev = 0x0, cleanup = 0x0, canceltype = 0}}}
2020-10-23 22:39:26 -          not_first_call = <optimized out>
2020-10-23 22:39:26 -          pagesize_m1 = <optimized out>
2020-10-23 22:39:26 -          sp = <optimized out>
2020-10-23 22:39:26 -          freesize = <optimized out>
2020-10-23 22:39:26 -          __PRETTY_FUNCTION__ = "start_thread"
2020-10-23 22:39:26 -  #5  0x00007ffff7b144dd in clone () at ../sysdeps/unix/sysv/linux/x86_64/clone.S:109
2020-10-23 22:39:26 -  No locals.
2020-10-23 22:39:26 -  
2020-10-23 22:39:26 -  Thread 1 (Thread 0x7ffff7fe6740 (LWP 20666)):
2020-10-23 22:39:26 -  #0  0x00007ffff7b14ad3 in epoll_wait () at ../sysdeps/unix/syscall-template.S:84
2020-10-23 22:39:26 -  No locals.
2020-10-23 22:39:26 -  #1  0x00000000005b70e7 in boost::asio::detail::epoll_reactor::run(bool, boost::asio::detail::op_queue<boost::asio::detail::task_io_service_operation>&) [clone .constprop.204] (this=0x901570, block=<optimized out>, ops=...) at /usr/include/boost/asio/detail/impl/epoll_reactor.ipp:392
2020-10-23 22:39:26 -          timeout = <optimized out>
2020-10-23 22:39:26 -          events = {{events = 1, data = {ptr = 0x9015c8, fd = 9442760, u32 = 9442760, u64 = 9442760}}, {events = 0, data = {ptr = 0x0, fd = 0, u32 = 0, u64 = 0}} <repeats 51 times>, {events = 11, data = {ptr = 0xa100000000, fd = 0, u32 = 0, u64 = 691489734656}}, {events = 0, data = {ptr = 0x912270, fd = 9511536, u32 = 9511536, u64 = 9511536}}, {events = 0, data = {ptr = 0x0, fd = 0, u32 = 0, u64 = 0}}, {events = 0, data = {ptr = 0x0, fd = 0, u32 = 0, u64 = 0}}, {events = 9329, data = {ptr = 0xffffdb8fffff8000, fd = -32768, u32 = 4294934528, u64 = 18446704010254581760}}, {events = 32767, data = {ptr = 0x2, fd = 2, u32 = 2, u64 = 2}}, {events = 4155593817, data = {ptr = 0x7fff, fd = 32767, u32 = 32767, u64 = 32767}}, {events = 0, data = {ptr = 0x5828f4 <boost::asio::detail::reactive_socket_recv_op_base<boost::asio::mutable_buffers_1>::do_perform(boost::asio::detail::reactor_op*)+228>, fd = 5777652, u32 = 5777652, u64 = 5777652}}, {events = 91, data = {ptr = 0x100006e, fd = 16777326, u32 = 16777326, u64 = 16777326}}, {events = 15, data = {ptr = 0x901e66, fd = 9444966, u32 = 9444966, u64 = 9444966}}, {events = 2, data = {ptr = 0x200000000, fd = 0, u32 = 0, u64 = 8589934592}}, {events = 0, data = {ptr = 0x5f9393dc, fd = 1603507164, u32 = 1603507164, u64 = 1603507164}}, {events = 0, data = {ptr = 0x0, fd = 0, u32 = 0, u64 = 0}}, {events = 0, data = {ptr = 0x7fffffffdb80, fd = -9344, u32 = 4294957952, u64 = 140737488345984}}, {events = 1, data = {ptr = 0x0, fd = 0, u32 = 0, u64 = 0}}, {events = 0, data = {ptr = 0x0, fd = 0, u32 = 0, u64 = 0}}, {events = 0, data = {ptr = 0x901e4000000000, fd = 0, u32 = 0, u64 = 40565656873074688}}, {events = 0, data = {ptr = 0x7fff926e25d0, fd = -1838275120, u32 = 2456692176, u64 = 140735650080208}}, {events = 9511360, data = {ptr = 0x911f4800000000, fd = 0, u32 = 0, u64 = 40848265721151488}}, {events = 0, data = {ptr = 0x912088, fd = 9511048, u32 = 9511048, u64 = 9511048}}, {events = 15, data = {ptr = 0x5200000000, fd = 0, u32 = 0, u64 = 352187318272}}, {events = 0, data = {ptr = 0x901570, fd = 9442672, u32 = 9442672, u64 = 9442672}}, {events = 6449413, data = {ptr = 0x0, fd = 0, u32 = 0, u64 = 0}}, {events = 0, data = {ptr = 0xf, fd = 15, u32 = 15, u64 = 15}}, {events = 0, data = {ptr = 0x56f20000000000, fd = 0, u32 = 0, u64 = 24472929811038208}}, {events = 0, data = {ptr = 0x0, fd = 0, u32 = 0, u64 = 0}}, {events = 0, data = {ptr = 0xffffdc7000000000, fd = 0, u32 = 0, u64 = 18446704972327288832}}, {events = 32767, data = {ptr = 0x9121c0, fd = 9511360, u32 = 9511360, u64 = 9511360}}, {events = 9511360, data = {ptr = 0x911fc000000000, fd = 0, u32 = 0, u64 = 40848781117227008}}, {events = 0, data = {ptr = 0x911f48, fd = 9510728, u32 = 9510728, u64 = 9510728}}, {events = 9444966, data = {ptr = 0x200000000, fd = 0, u32 = 0, u64 = 8589934592}}, {events = 0, data = {ptr = 0x7fff00000001, fd = 1, u32 = 1, u64 = 140733193388033}}, {events = 0, data = {ptr = 0x56f20000000000, fd = 0, u32 = 0, u64 = 24472929811038208}}, {events = 0, data = {ptr = 0x0, fd = 0, u32 = 0, u64 = 0}}, {events = 0, data = {ptr = 0x911ee800000000, fd = 0, u32 = 0, u64 = 40847853404291072}}, {events = 0, data = {ptr = 0x0, fd = 0, u32 = 0, u64 = 0}}, {events = 4128564479, data = {ptr = 0x901e5000007fff, fd = 32767, u32 = 32767, u64 = 40565725592584191}}, {events = 0, data = {ptr = 0x7fffd7bc2980, fd = -675534464, u32 = 3619432832, u64 = 140736812820864}}, {events = 3227687136, data = {ptr = 0x911ee800007fff, fd = 32767, u32 = 32767, u64 = 40847853404323839}}, {events = 0, data = {ptr = 0x7fffffffde78, fd = -8584, u32 = 4294958712, u64 = 140737488346744}}, {events = 0, data = {ptr = 0xf7a9158c00000000, fd = 0, u32 = 0, u64 = 17845818689471905792}}, {events = 32767, data = {ptr = 0x900090, fd = 9437328, u32 = 9437328, u64 = 9437328}}, {events = 4294958640, data = {ptr = 0x90009000007fff, fd = 32767, u32 = 32767, u64 = 40533015121657855}}, {events = 0, data = {ptr = 0x901e50, fd = 9444944, u32 = 9444944, u64 = 9444944}}, {events = 14, data = {ptr = 0x901e5000000000, fd = 0, u32 = 0, u64 = 40565725592551424}}, {events = 0, data = {ptr = 0x7fffd7bc2980, fd = -675534464, u32 = 3619432832, u64 = 140736812820864}}, {events = 3227687136, data = {ptr = 0x911ee800007fff, fd = 32767, u32 = 32767, u64 = 40847853404323839}}, {events = 0, data = {ptr = 0x58a8b4 <Connection::onWriteOperation(boost::system::error_code const&)+260>, fd = 5810356, u32 = 5810356, u64 = 5810356}}, {events = 0, data = {ptr = 0xf71e50e000000000, fd = 0, u32 = 0, u64 = 17806758899672416256}}, {events = 32767, data = {ptr = 0xffffde30, fd = -8656, u32 = 4294958640, u64 = 4294958640}}, {events = 14, data = {ptr = 0x0, fd = 0, u32 = 0, u64 = 0}}, {events = 0, data = {ptr = 0x0, fd = 0, u32 = 0, u64 = 0}}, {events = 4294958640, data = {ptr = 0x58574500007fff, fd = 32767, u32 = 32767, u64 = 24865751814930431}}, {events = 0, data = {ptr = 0x11, fd = 17, u32 = 17, u64 = 17}}, {events = 4155593817, data = {ptr = 0xffffde3000007fff, fd = 32767, u32 = 32767, u64 = 18446706896472670207}}, {events = 32767, data = {ptr = 0x0, fd = 0, u32 = 0, u64 = 0}}, {events = 0, data = {ptr = 0x0, fd = 0, u32 = 0, u64 = 0}}, {events = 15, data = {ptr = 0x911f48, fd = 9510728, u32 = 9510728, u64 = 9510728}}, {events = 4294958720, data = {ptr = 0x90009000007fff, fd = 32767, u32 = 32767, u64 = 40533015121657855}}, {events = 0, data = {ptr = 0x0, fd = 0, u32 = 0, u64 = 0}}, {events = 0, data = {ptr = 0x9000c000000000, fd = 0, u32 = 0, u64 = 40533221280055296}}, {events = 0, data = {ptr = 0x0, fd = 0, u32 = 0, u64 = 0}}, {events = 4155053452, data = {ptr = 0x901e4000007fff, fd = 32767, u32 = 32767, u64 = 40565656873107455}}, {events = 0, data = {ptr = 0x0, fd = 0, u32 = 0, u64 = 0}}, {events = 4145959136, data = {ptr = 0x58a73100007fff, fd = 32767, u32 = 32767, u64 = 24953626845806591}}, {events = 0, data = {ptr = 0x7fff90733e30, fd = -1871495632, u32 = 2423471664, u64 = 140735616859696}}, {events = 4294958720, data = {ptr = 0x90009000007fff, fd = 32767, u32 = 32767, u64 = 40533015121657855}}, {events = 0, data = {ptr = 0x7fffffffde80, fd = -8576, u32 = 4294958720, u64 = 140737488346752}}, {events = 9437328, data = {ptr = 0x58646e00000000, fd = 0, u32 = 0, u64 = 24880221559717888}}, {events = 0, data = {ptr = 0x901e50, fd = 9444944, u32 = 9444944, u64 = 9444944}}, {events = 9444928, data = {ptr = 0xffffde8000000000, fd = 0, u32 = 0, u64 = 18446707240070021120}}, {events = 32767, data = {ptr = 0x0, fd = 0, u32 = 0, u64 = 0}}, {events = 0, data = {ptr = 0x0, fd = 0, u32 = 0, u64 = 0}}, {events = 32767, data = {ptr = 0x58a720 <Connection::handleTimeout(std::weak_ptr<Connection>, boost::system::error_code const&)>, fd = 5809952, u32 = 5809952, u64 = 5809952}}, {events = 9444944, data = {ptr = 0x901e4000000000, fd = 0, u32 = 0, u64 = 40565656873074688}}, {events = 0, data = {ptr = 0x7d, fd = 125, u32 = 125, u64 = 125}}}
2020-10-23 22:39:26 -          num_events = <optimized out>
2020-10-23 22:39:26 -          check_timers = <optimized out>
2020-10-23 22:39:26 -  #2  0x000000000055dcd3 in do_run_one (ec=..., this_thread=..., lock=<synthetic pointer>, this=0x900090) at /usr/include/boost/asio/detail/impl/task_io_service.ipp:356
2020-10-23 22:39:26 -          more_handlers = <optimized out>
2020-10-23 22:39:26 -  #3  run (ec=..., this=0x900090) at /usr/include/boost/asio/detail/impl/task_io_service.ipp:149
2020-10-23 22:39:26 -          this_thread = {private_op_queue = {front_ = 0x0, back_ = 0x0}, private_outstanding_work = 0}
2020-10-23 22:39:26 -          ctx = {key_ = 0x900090, value_ = 0x7fffffffdf40, next_ = 0x0}
2020-10-23 22:39:26 -          lock = {mutex_ = @0x9000c0, locked_ = <optimized out>}
2020-10-23 22:39:26 -          n = 4085
2020-10-23 22:39:26 -  #4  _ZN5boost4asio10io_service3runEv.isra.226 () at /usr/include/boost/asio/impl/io_service.ipp:59
2020-10-23 22:39:26 -          ec = {m_val = 0, m_cat = 0x7ffff71e50e0}
2020-10-23 22:39:26 -  #5  ServiceManager::run() (this=this@entry=0x7fffffffdff0) at /home/otg/src/server.cpp:47
2020-10-23 22:39:26 -  No locals.
2020-10-23 22:39:26 -  #6  0x0000000000474c46 in main (argc=1, argv=0x7fffffffe1b8) at /home/otg/src/otserv.cpp:96
2020-10-23 22:39:26 -          serviceManager = {acceptors = {_M_h = {_M_buckets = 0x7fff914d5150, _M_bucket_count = 5, _M_before_begin = {_M_nxt = 0x7fff914d5120}, _M_element_count = 2, _M_rehash_policy = {_M_max_load_factor = 1, _M_next_resize = 5}, _M_single_bucket = 0x0}}, io_service = {service_registry_ = 0x900040, impl_ = @0x900090}, signals = {set = {<No data fields>}}, death_timer = {<No data fields>}, running = true}
2020-10-23 22:39:26 -  Saving server...
2020-10-23 22:39:27 -  > Saved house items in: 0.404 s
2020-10-23 22:39:27 -  A debugging session is active.
2020-10-23 22:39:27 -  
2020-10-23 22:39:27 -  	Inferior 1 [process 20666] will be killed.
2020-10-23 22:39:27 -  
2020-10-23 22:39:27 -  Quit anyway? (y or n) [answered Y; input not from terminal]
