2020-10-03 18:51:08 -  [Thread debugging using libthread_db enabled]
2020-10-03 18:51:08 -  Using host libthread_db library "/lib/x86_64-linux-gnu/libthread_db.so.1".
2020-10-03 18:51:08 -  [New Thread 0x7ffff3dbb700 (LWP 3381)]
2020-10-03 18:51:08 -  [New Thread 0x7ffff35ba700 (LWP 3382)]
2020-10-03 18:51:08 -  The OTG-Premium-Version - Version: (1.3)
2020-10-03 18:51:08 -  Compiled with: GNU C++ version 5.4.0 20160609
2020-10-03 18:51:08 -  Compiled on Sep 17 2020 19:49:36 for platform x64
2020-10-03 18:51:08 -  
2020-10-03 18:51:08 -  Special Credits for: OTG Team, Johncore, Vankk, Erick Nunes, Leonardo Pereira, Leandro Baldissera, Talis, Marcomoa, Marson Schneider, Douglas, Mark Samman, OTXServer (Mattyx Gomez) and The Forgotten Server Developers.
2020-10-03 18:51:08 -  Link of repository: https://github.com/Johncorex/OTG-Premium-Version
2020-10-03 18:51:08 -  
2020-10-03 18:51:08 -  >> Loading config: config.lua
2020-10-03 18:51:08 -  >> Establishing database connection... MySQL 5.7.31
2020-10-03 18:51:08 -  >> Running database manager
2020-10-03 18:51:08 -  [New Thread 0x7ffff2ba7700 (LWP 3383)]
2020-10-03 18:51:08 -  > Optimizing table tile_store... [success]
2020-10-03 18:51:08 -  >> Loading vocations
2020-10-03 18:51:08 -  >> Loading items
2020-10-03 18:51:08 -  >> Loading script systems
2020-10-03 18:51:08 -  >> Loading lua libs
2020-10-03 18:51:09 -  [Warning - Event::checkScript] Can not load script: scripts/expboostaction.lua
2020-10-03 18:51:09 -  cannot open data/actions/scripts/expboostaction.lua: No such file or directory
2020-10-03 18:51:10 -  >> Loading lua scripts
2020-10-03 18:51:10 -  >> Loading monsters
2020-10-03 18:51:10 -  >> Loading lua monsters
2020-10-03 18:51:10 -  >> Loading outfits
2020-10-03 18:51:10 -  >> Loading prey data
2020-10-03 18:51:10 -  >> Checking world type... PVP
2020-10-03 18:51:10 -  >> Loading map
2020-10-03 18:51:12 -  > Map size: 34143x33812.
2020-10-03 18:51:18 -  > Map loading time: 7.744 seconds.
2020-10-03 18:52:02 -  > Loaded house items in: 0.026 s
2020-10-03 18:52:02 -  >> Initializing gamestate
2020-10-03 18:52:05 -  >> Loaded 43 npcs and spawned 72496 monsters.
2020-10-03 18:52:05 -  >> Loaded 27 towns with 1074 houses in total.
2020-10-03 18:52:05 -  [Castle War]
2020-10-03 18:52:05 -  [POWERGAMERS]
2020-10-03 18:52:05 -  [SISTEMA DE LOTERIA] OPERANTE
2020-10-03 18:52:05 -  Advanced NPC spawn system | All NPCs will be loaded trough lib.
2020-10-03 18:52:05 -  [REGEN BOOST] CARREGADO
2020-10-03 18:52:05 -  [SPOOF COUNTER]
2020-10-03 18:52:05 -  [STAMINA]
2020-10-03 18:52:05 -  >> Loaded all modules, server starting up...
2020-10-03 18:52:05 -  > Warning: OTG-Premium-Version has been executed as root user, please consider running it as a normal user.
2020-10-03 18:52:05 -  >> Honera Global Server Online!
2020-10-03 18:52:05 -  
2020-10-03 18:52:06 -  Dev Marson has logged in.
2020-10-03 18:52:08 -  SABADOU!! NPC HONERA CRIADO
2020-10-03 18:52:08 -  Nobre Cavalheiro has logged in.
2020-10-03 18:52:08 -  Top Spin has logged in.
2020-10-03 18:58:57 -  
2020-10-03 18:58:57 -  Lua Script Error: [Event Interface] 
2020-10-03 18:58:57 -  data/events/scripts/player.lua:Player@onMoveItem
2020-10-03 18:58:57 -  data/events/scripts/player.lua:305: attempt to index local 'containerTo' (a nil value)
2020-10-03 18:58:57 -  stack traceback:
2020-10-03 18:58:57 -  	[C]: in function '__index'
2020-10-03 18:58:57 -  	data/events/scripts/player.lua:305: in function <data/events/scripts/player.lua:282>
2020-10-03 18:59:00 -  
2020-10-03 18:59:00 -  Lua Script Error: [Event Interface] 
2020-10-03 18:59:00 -  data/events/scripts/player.lua:Player@onMoveItem
2020-10-03 18:59:00 -  data/events/scripts/player.lua:305: attempt to index local 'containerTo' (a nil value)
2020-10-03 18:59:00 -  stack traceback:
2020-10-03 18:59:00 -  	[C]: in function '__index'
2020-10-03 18:59:00 -  	data/events/scripts/player.lua:305: in function <data/events/scripts/player.lua:282>
2020-10-03 18:59:05 -  
2020-10-03 18:59:05 -  Lua Script Error: [Event Interface] 
2020-10-03 18:59:05 -  data/events/scripts/player.lua:Player@onMoveItem
2020-10-03 18:59:05 -  data/events/scripts/player.lua:305: attempt to index local 'containerTo' (a nil value)
2020-10-03 18:59:05 -  stack traceback:
2020-10-03 18:59:05 -  	[C]: in function '__index'
2020-10-03 18:59:05 -  	data/events/scripts/player.lua:305: in function <data/events/scripts/player.lua:282>
2020-10-03 18:59:09 -  
2020-10-03 18:59:09 -  Lua Script Error: [Event Interface] 
2020-10-03 18:59:09 -  data/events/scripts/player.lua:Player@onMoveItem
2020-10-03 18:59:09 -  data/events/scripts/player.lua:305: attempt to index local 'containerTo' (a nil value)
2020-10-03 18:59:09 -  stack traceback:
2020-10-03 18:59:09 -  	[C]: in function '__index'
2020-10-03 18:59:09 -  	data/events/scripts/player.lua:305: in function <data/events/scripts/player.lua:282>
2020-10-03 18:59:43 -  
2020-10-03 18:59:43 -  Lua Script Error: [Event Interface] 
2020-10-03 18:59:43 -  data/events/scripts/player.lua:Player@onMoveItem
2020-10-03 18:59:43 -  data/events/scripts/player.lua:304: attempt to index local 'containerTo' (a nil value)
2020-10-03 18:59:43 -  stack traceback:
2020-10-03 18:59:43 -  	[C]: in function '__index'
2020-10-03 18:59:43 -  	data/events/scripts/player.lua:304: in function <data/events/scripts/player.lua:282>
2020-10-03 20:55:13 -  Shaka has logged in.
2020-10-03 21:26:08 -  
2020-10-03 21:26:08 -  Thread 2 "tfs" received signal SIGSEGV, Segmentation fault.
2020-10-03 21:26:08 -  [Switching to Thread 0x7ffff3dbb700 (LWP 3381)]
2020-10-03 21:26:08 -  0x0000000000000000 in ?? ()
2020-10-03 21:26:08 -  
2020-10-03 21:26:08 -  Thread 4 (Thread 0x7ffff2ba7700 (LWP 3383)):
2020-10-03 21:26:08 -  #0  pthread_cond_wait@@GLIBC_2.3.2 () at ../sysdeps/unix/sysv/linux/x86_64/pthread_cond_wait.S:185
2020-10-03 21:26:08 -  No locals.
2020-10-03 21:26:08 -  #1  0x00007ffff5e7491c in std::condition_variable::wait(std::unique_lock<std::mutex>&) () from /usr/lib/x86_64-linux-gnu/libstdc++.so.6
2020-10-03 21:26:09 -  No symbol table info available.
2020-10-03 21:26:09 -  #2  0x00000000006228bf in DatabaseTasks::threadMain() (this=0x8e39a0 <g_databaseTasks>) at /home/otg/src/databasetasks.cpp:42
2020-10-03 21:26:09 -          taskLockUnique = {_M_device = 0x8e3a08 <g_databaseTasks+104>, _M_owns = true}
2020-10-03 21:26:09 -  #3  0x00007ffff5e79c80 in ?? () from /usr/lib/x86_64-linux-gnu/libstdc++.so.6
2020-10-03 21:26:09 -  No symbol table info available.
2020-10-03 21:26:09 -  #4  0x00007ffff614a6ba in start_thread (arg=0x7ffff2ba7700) at pthread_create.c:333
2020-10-03 21:26:09 -          __res = <optimized out>
2020-10-03 21:26:09 -          pd = 0x7ffff2ba7700
2020-10-03 21:26:09 -          now = <optimized out>
2020-10-03 21:26:09 -          unwind_buf = {cancel_jmp_buf = {{jmp_buf = {140737265694464, 9070973871800178357, 0, 140737284647471, 140737265695168, 9334528, -9070962296313882955, -9070954967182485835}, mask_was_saved = 0}}, priv = {pad = {0x0, 0x0, 0x0, 0x0}, data = {prev = 0x0, cleanup = 0x0, canceltype = 0}}}
2020-10-03 21:26:09 -          not_first_call = <optimized out>
2020-10-03 21:26:09 -          pagesize_m1 = <optimized out>
2020-10-03 21:26:09 -          sp = <optimized out>
2020-10-03 21:26:09 -          freesize = <optimized out>
2020-10-03 21:26:09 -          __PRETTY_FUNCTION__ = "start_thread"
2020-10-03 21:26:09 -  #5  0x00007ffff7b144dd in clone () at ../sysdeps/unix/sysv/linux/x86_64/clone.S:109
2020-10-03 21:26:09 -  No locals.
2020-10-03 21:26:09 -  
2020-10-03 21:26:09 -  Thread 3 (Thread 0x7ffff35ba700 (LWP 3382)):
2020-10-03 21:26:09 -  #0  pthread_cond_timedwait@@GLIBC_2.3.2 () at ../sysdeps/unix/sysv/linux/x86_64/pthread_cond_timedwait.S:225
2020-10-03 21:26:09 -  No locals.
2020-10-03 21:26:09 -  #1  0x0000000000506210 in __gthread_cond_timedwait () at /usr/include/x86_64-linux-gnu/c++/5/bits/gthr-default.h:871
2020-10-03 21:26:09 -  No locals.
2020-10-03 21:26:09 -  #2  std::condition_variable::__wait_until_impl (__atime=..., __lock=..., this=0x8e6fa0 <g_scheduler+64>) at /usr/include/c++/5/condition_variable:165
2020-10-03 21:26:09 -          __ts = {tv_sec = 1601774768, tv_nsec = 614525993}
2020-10-03 21:26:09 -  #3  std::condition_variable::wait_until<std::chrono::duration<long, std::ratio<1l, 1000000000l> > > () at /usr/include/c++/5/condition_variable:105
2020-10-03 21:26:09 -          __lock = @0x7ffff35b9e90: {_M_device = 0x8e6f78 <g_scheduler+24>, _M_owns = true}
2020-10-03 21:26:09 -          this = 0x8e6fa0 <g_scheduler+64>
2020-10-03 21:26:09 -  #4  Scheduler::threadMain (this=0x8e6f60 <g_scheduler>) at /home/otg/src/scheduler.cpp:36
2020-10-03 21:26:09 -          ret = std::cv_status::no_timeout
2020-10-03 21:26:09 -          eventLockUnique = {_M_device = 0x8e6f78 <g_scheduler+24>, _M_owns = true}
2020-10-03 21:26:09 -  #5  0x00007ffff5e79c80 in ?? () from /usr/lib/x86_64-linux-gnu/libstdc++.so.6
2020-10-03 21:26:09 -  No symbol table info available.
2020-10-03 21:26:09 -  #6  0x00007ffff614a6ba in start_thread (arg=0x7ffff35ba700) at pthread_create.c:333
2020-10-03 21:26:09 -          __res = <optimized out>
2020-10-03 21:26:09 -          pd = 0x7ffff35ba700
2020-10-03 21:26:09 -          now = <optimized out>
2020-10-03 21:26:09 -          unwind_buf = {cancel_jmp_buf = {{jmp_buf = {140737276258048, 9070973871800178357, 0, 140737488346847, 140737276258752, 9437376, -9070966418945616203, -9070954967182485835}, mask_was_saved = 0}}, priv = {pad = {0x0, 0x0, 0x0, 0x0}, data = {prev = 0x0, cleanup = 0x0, canceltype = 0}}}
2020-10-03 21:26:09 -          not_first_call = <optimized out>
2020-10-03 21:26:09 -          pagesize_m1 = <optimized out>
2020-10-03 21:26:09 -          sp = <optimized out>
2020-10-03 21:26:09 -          freesize = <optimized out>
2020-10-03 21:26:09 -          __PRETTY_FUNCTION__ = "start_thread"
2020-10-03 21:26:09 -  #7  0x00007ffff7b144dd in clone () at ../sysdeps/unix/sysv/linux/x86_64/clone.S:109
2020-10-03 21:26:09 -  No locals.
2020-10-03 21:26:09 -  
2020-10-03 21:26:09 -  Thread 2 (Thread 0x7ffff3dbb700 (LWP 3381)):
2020-10-03 21:26:09 -  #0  0x0000000000000000 in ?? ()
2020-10-03 21:26:09 -  No symbol table info available.
2020-10-03 21:26:09 -  #1  0x00000000005e7ceb in Item::getHoldingPlayer() const (this=this@entry=0x7fffecffff90) at /home/otg/src/item.cpp:379
2020-10-03 21:26:09 -          p = 0x7fffecfc68b8
2020-10-03 21:26:09 -  #2  0x00000000005b1060 in Game::internalDecayItem(Item*) (this=0x8e7760 <g_game>, item=0x7fffecffff90) at /home/otg/src/game.cpp:4882
2020-10-03 21:26:09 -          player = <optimized out>
2020-10-03 21:26:09 -          newItem = <optimized out>
2020-10-03 21:26:09 -          it = @0x7ffff10c4bc0: {group = ITEM_GROUP_CONTAINER, type = ITEM_TYPE_CONTAINER, id = 2813, clientId = 3994, stackable = false, isAnimation = false, name = <incomplete type>, article = <incomplete type>, pluralName = <incomplete type>, description = <incomplete type>, runeSpellName = <incomplete type>, vocationString = <incomplete type>, abilities = {_M_t = {<No data fields>}}, conditionDamage = {_M_t = {<No data fields>}}, weight = 6300, levelDoor = 0, decayTime = 300, wieldInfo = 0, minReqLevel = 0, minReqMagicLevel = 0, charges = 0, maxHitChance = -1, decayTo = 2814, attack = 0, defense = 0, extraDefense = 0, armor = 0, imbuingSlots = 0, rotateTo = 0, runeMagLevel = 0, runeLevel = 0, wrapableTo = 0, unmoveabledItem = 0, combatType = COMBAT_NONE, transformToOnUse = {0, 0}, transformToFree = 0, destroyTo = 0, maxTextLen = 0, writeOnceItemId = 0, transformEquipTo = 0, transformDeEquipTo = 0, maxItems = 10, slotPosition = 48, speed = 0, wareId = 0, magicEffect = CONST_ME_NONE, bedPartnerDir = DIRECTION_NONE, quickLootCategory = LOOT_NONE, weaponType = WEAPON_NONE, ammoType = AMMO_NONE, shootType = CONST_ANI_NONE, corpseType = RACE_BLOOD, fluidSource = FLUID_BLOOD, floorChange = 0 '\000', alwaysOnTopOrder = 0 '\000', lightLevel = 0 '\000', lightColor = 0 '\000', shootRange = 1 '\001', hitChance = 0 '\000', forceUse = false, hasHeight = false, walkStack = true, blockSolid = false, blockPickupable = false, blockProjectile = false, blockPathFind = false, allowPickupable = false, showDuration = false, showCharges = false, showAttributes = false, replaceable = true, pickupable = true, rotatable = false, wrapable = false, wrapContainer = false, useable = false, moveable = true, alwaysOnTop = false, canReadText = false, canWriteText = false, isVertical = false, isHorizontal = false, isHangable = false, allowDistRead = false, lookThrough = false, stopTime = false, showCount = true}
2020-10-03 21:26:09 -  #3  0x00000000005b140b in Game::checkDecay() (this=0x8e7760 <g_game>) at /home/otg/src/game.cpp:4953
2020-10-03 21:26:09 -          item = 0x7fffecffff90
2020-10-03 21:26:09 -          duration = <optimized out>
2020-10-03 21:26:09 -          bucket = 2
2020-10-03 21:26:09 -          it = {_M_node = 0x7fff6f01bf50}
2020-10-03 21:26:09 -          end = {_M_node = 0x8e7c10 <g_game+1200>}
2020-10-03 21:26:09 -  #4  0x000000000055af2d in std::function<void ()>::operator()() const () at /usr/include/c++/5/functional:2267
2020-10-03 21:26:09 -          this = 0x7fff60560300
2020-10-03 21:26:09 -  #5  Task::operator()() () at /home/otg/src/tasks.h:42
2020-10-03 21:26:09 -          this = 0x7fff605602f0
2020-10-03 21:26:09 -  #6  Dispatcher::threadMain() (this=0x8e6ec0 <g_dispatcher>) at /home/otg/src/tasks.cpp:62
2020-10-03 21:26:09 -          task = 0x7fff605602f0
2020-10-03 21:26:09 -          taskLockUnique = {_M_device = 0x8e6ed8 <g_dispatcher+24>, _M_owns = false}
2020-10-03 21:26:09 -  #7  0x00007ffff5e79c80 in ?? () from /usr/lib/x86_64-linux-gnu/libstdc++.so.6
2020-10-03 21:26:09 -  No symbol table info available.
2020-10-03 21:26:09 -  #8  0x00007ffff614a6ba in start_thread (arg=0x7ffff3dbb700) at pthread_create.c:333
2020-10-03 21:26:09 -          __res = <optimized out>
2020-10-03 21:26:09 -          pd = 0x7ffff3dbb700
2020-10-03 21:26:09 -          now = <optimized out>
2020-10-03 21:26:09 -          unwind_buf = {cancel_jmp_buf = {{jmp_buf = {140737284650752, 9070973871800178357, 0, 140737488346847, 140737284651456, 9437376, -9070965317823375691, -9070954967182485835}, mask_was_saved = 0}}, priv = {pad = {0x0, 0x0, 0x0, 0x0}, data = {prev = 0x0, cleanup = 0x0, canceltype = 0}}}
2020-10-03 21:26:09 -          not_first_call = <optimized out>
2020-10-03 21:26:09 -          pagesize_m1 = <optimized out>
2020-10-03 21:26:09 -          sp = <optimized out>
2020-10-03 21:26:09 -          freesize = <optimized out>
2020-10-03 21:26:09 -          __PRETTY_FUNCTION__ = "start_thread"
2020-10-03 21:26:09 -  #9  0x00007ffff7b144dd in clone () at ../sysdeps/unix/sysv/linux/x86_64/clone.S:109
2020-10-03 21:26:09 -  No locals.
2020-10-03 21:26:09 -  
2020-10-03 21:26:09 -  Thread 1 (Thread 0x7ffff7fe6740 (LWP 3377)):
2020-10-03 21:26:09 -  #0  0x00007ffff7b14ad3 in epoll_wait () at ../sysdeps/unix/syscall-template.S:84
2020-10-03 21:26:09 -  No locals.
2020-10-03 21:26:09 -  #1  0x00000000005b70e7 in boost::asio::detail::epoll_reactor::run(bool, boost::asio::detail::op_queue<boost::asio::detail::task_io_service_operation>&) [clone .constprop.204] (this=0x901570, block=<optimized out>, ops=...) at /usr/include/boost/asio/detail/impl/epoll_reactor.ipp:392
2020-10-03 21:26:09 -          timeout = <optimized out>
2020-10-03 21:26:09 -          events = {{events = 1, data = {ptr = 0x9015c8, fd = 9442760, u32 = 9442760, u64 = 9442760}}, {events = 2147417468, data = {ptr = 0x7fffc2245e800000, fd = 1585446912, u32 = 1585446912, u64 = 9223304023338123264}}, {events = 1590689792, data = {ptr = 0xe34000007fffc224, fd = 2147467812, u32 = 2147467812, u64 = 16375088247266591268}}, {events = 2147467811, data = {ptr = 0x7ffefd7c02000000, fd = 33554432, u32 = 33554432, u64 = 9223087795952680960}}, {events = 33751040, data = {ptr = 0x5ea800007ffefd7c, fd = 2147417468, u32 = 2147417468, u64 = 6820701637800033660}}, {events = 2147467812, data = {ptr = 0x7fffc2245ef80000, fd = 1593311232, u32 = 1593311232, u64 = 9223304023345987584}}, {events = 3812622336, data = {ptr = 0x20700007fffc223, fd = 2147467811, u32 = 2147467811, u64 = 146085515060298275}}, {events = 2147417468, data = {ptr = 0x7ffefd7c020a0000, fd = 34209792, u32 = 34209792, u64 = 9223087795953336320}}, {events = 1590689792, data = {ptr = 0x5f2000007fffc224, fd = 2147467812, u32 = 2147467812, u64 = 6854478635005362724}}, {events = 2147467812, data = {ptr = 0x7fffc223e3400000, fd = -482344960, u32 = 3812622336, u64 = 9223304021270331392}}, {events = 34471936, data = {ptr = 0x21900007ffefd7c, fd = 2147417468, u32 = 2147417468, u64 = 151152064641039740}}, {events = 2147417468, data = {ptr = 0x7fffc2245ef80000, fd = 1593311232, u32 = 1593311232, u64 = 9223304023345987584}}, {events = 0, data = {ptr = 0xe341000000000000, fd = 0, u32 = 0, u64 = 16375369720095834112}}, {events = 2147467811, data = {ptr = 0x7ffefd7c02230000, fd = 35848192, u32 = 35848192, u64 = 9223087795954974720}}, {events = 0, data = {ptr = 0x5d60000000000000, fd = 0, u32 = 0, u64 = 6728377843291521024}}, {events = 2147467812, data = {ptr = 0x0, fd = 0, u32 = 0, u64 = 0}}, {events = 1581252608, data = {ptr = 0x605000007fffc224, fd = 2147467812, u32 = 2147467812, u64 = 6940047027925402148}}, {events = 2147467812, data = {ptr = 0x7fffc2245f880000, fd = 1602748416, u32 = 1602748416, u64 = 9223304023355424768}}, {events = 3812622336, data = {ptr = 0x22b00007fffc223, fd = 2147467811, u32 = 2147467811, u64 = 156218614221881891}}, {events = 2147417468, data = {ptr = 0x7ffefd7c02310000, fd = 36765696, u32 = 36765696, u64 = 9223087795955892224}}, {events = 1613234176, data = {ptr = 0x5fb000007fffc224, fd = 2147467812, u32 = 2147467812, u64 = 6895011031651697188}}, {events = 2147467812, data = {ptr = 0x7fffc223e3400000, fd = -482344960, u32 = 3812622336, u64 = 9223304021270331392}}, {events = 37617664, data = {ptr = 0x24100007ffefd7c, fd = 2147417468, u32 = 2147417468, u64 = 162411063709465980}}, {events = 2147417468, data = {ptr = 0x7fffc2245f880000, fd = 1602748416, u32 = 1602748416, u64 = 9223304023355424768}}, {events = 1607991296, data = {ptr = 0xe34000007fffc224, fd = 2147467812, u32 = 2147467812, u64 = 16375088247266591268}}, {events = 2147467811, data = {ptr = 0x7ffefd7c02450000, fd = 38076416, u32 = 38076416, u64 = 9223087795957202944}}, {events = 38273024, data = {ptr = 0x5fb000007ffefd7c, fd = 2147417468, u32 = 2147417468, u64 = 6895011031651646844}}, {events = 2147467812, data = {ptr = 0x7fffc22460000000, fd = 1610612736, u32 = 1610612736, u64 = 9223304023363289088}}, {events = 3812622336, data = {ptr = 0x24c00007fffc223, fd = 2147467811, u32 = 2147467811, u64 = 165507288453333539}}, {events = 2147417468, data = {ptr = 0x7ffefd7c024f0000, fd = 38731776, u32 = 38731776, u64 = 9223087795957858304}}, {events = 1607991296, data = {ptr = 0x602800007fffc224, fd = 2147467812, u32 = 2147467812, u64 = 6928788028856975908}}, {events = 2147467812, data = {ptr = 0x7fffc223e3400000, fd = -482344960, u32 = 3812622336, u64 = 9223304021270331392}}, {events = 38993920, data = {ptr = 0x25e00007ffefd7c, fd = 2147417468, u32 = 2147417468, u64 = 170573838034075004}}, {events = 2147417468, data = {ptr = 0x7fffc22460000000, fd = 1610612736, u32 = 1610612736, u64 = 9223304023363289088}}, {events = 0, data = {ptr = 0xe341000000000000, fd = 0, u32 = 0, u64 = 16375369720095834112}}, {events = 2147467811, data = {ptr = 0x7ffefd7c02680000, fd = 40370176, u32 = 40370176, u64 = 9223087795959496704}}, {events = 0, data = {ptr = 0x5d60000000000000, fd = 0, u32 = 0, u64 = 6728377843291521024}}, {events = 2147467812, data = {ptr = 0x0, fd = 0, u32 = 0, u64 = 0}}, {events = 1598554112, data = {ptr = 0x7fffc224, fd = 2147467812, u32 = 2147467812, u64 = 2147467812}}, {events = 0, data = {ptr = 0x7fffc22460900000, fd = 1620049920, u32 = 1620049920, u64 = 9223304023372726272}}, {events = 3812622336, data = {ptr = 0x27000007fffc223, fd = 2147467811, u32 = 2147467811, u64 = 175640387614917155}}, {events = 2147417468, data = {ptr = 0x7ffefd7c02760000, fd = 41287680, u32 = 41287680, u64 = 9223087795960414208}}, {events = 1630535680, data = {ptr = 0x60b800007fffc224, fd = 2147467812, u32 = 2147467812, u64 = 6969320425503310372}}, {events = 2147467812, data = {ptr = 0x7fffc223e3400000, fd = -482344960, u32 = 3812622336, u64 = 9223304021270331392}}, {events = 42336256, data = {ptr = 0x28900007ffefd7c, fd = 2147417468, u32 = 2147417468, u64 = 182677262032633212}}, {events = 2147417468, data = {ptr = 0x7fffc22460900000, fd = 1620049920, u32 = 1620049920, u64 = 9223304023372726272}}, {events = 1625292800, data = {ptr = 0xe34000007fffc224, fd = 2147467812, u32 = 2147467812, u64 = 16375088247266591268}}, {events = 2147467811, data = {ptr = 0x7ffefd7c028c0000, fd = 42729472, u32 = 42729472, u64 = 9223087795961856000}}, {events = 42926080, data = {ptr = 0x60b800007ffefd7c, fd = 2147417468, u32 = 2147417468, u64 = 6969320425503260028}}, {events = 2147467812, data = {ptr = 0x7fffc22461080000, fd = 1627914240, u32 = 1627914240, u64 = 9223304023380590592}}, {events = 3812622336, data = {ptr = 0x29200007fffc223, fd = 2147467811, u32 = 2147467811, u64 = 185210536823079459}}, {events = 2147417468, data = {ptr = 0x7ffefd7c02950000, fd = 43319296, u32 = 43319296, u64 = 9223087795962445824}}, {events = 11, data = {ptr = 0xa17fffc224, fd = 2147467812, u32 = 2147467812, u64 = 693637202468}}, {events = 0, data = {ptr = 0x7fffc223e3400000, fd = -482344960, u32 = 3812622336, u64 = 9223304021270331392}}, {events = 43581440, data = {ptr = 0x2a400007ffefd7c, fd = 2147417468, u32 = 2147417468, u64 = 190277086403820924}}, {events = 2147417468, data = {ptr = 0x7fffc22461080000, fd = 1627914240, u32 = 1627914240, u64 = 9223304023380590592}}, {events = 0, data = {ptr = 0xe341000000000000, fd = 0, u32 = 0, u64 = 16375369720095834112}}, {events = 2147467811, data = {ptr = 0x7ffefd7c02b70000, fd = 45547520, u32 = 45547520, u64 = 9223087795964674048}}, {events = 4155593817, data = {ptr = 0x7fff, fd = 32767, u32 = 32767, u64 = 32767}}, {events = 0, data = {ptr = 0x5828f4 <boost::asio::detail::reactive_socket_recv_op_base<boost::asio::mutable_buffers_1>::do_perform(boost::asio::detail::reactor_op*)+228>, fd = 5777652, u32 = 5777652, u64 = 5777652}}, {events = 1566572544, data = {ptr = 0x1ffc224, fd = 33538596, u32 = 33538596, u64 = 33538596}}, {events = 13, data = {ptr = 0x7fffc22362b6, fd = -1037868362, u32 = 3257098934, u64 = 140736450486966}}, {events = 2, data = {ptr = 0x200000000, fd = 0, u32 = 0, u64 = 8589934592}}, {events = 0, data = {ptr = 0x5f7924b0, fd = 1601774768, u32 = 1601774768, u64 = 1601774768}}, {events = 0, data = {ptr = 0x0, fd = 0, u32 = 0, u64 = 0}}, {events = 0, data = {ptr = 0x7fffffffdb80, fd = -9344, u32 = 4294957952, u64 = 140737488345984}}, {events = 1, data = {ptr = 0x0, fd = 0, u32 = 0, u64 = 0}}, {events = 0, data = {ptr = 0x0, fd = 0, u32 = 0, u64 = 0}}, {events = 0, data = {ptr = 0xc223629000000000, fd = 0, u32 = 0, u64 = 13989133238157705216}}, {events = 32767, data = {ptr = 0x7fffd19e2630, fd = -778164688, u32 = 3516802608, u64 = 140736710190640}}, {events = 9713504, data = {ptr = 0xc224639800000000, fd = 0, u32 = 0, u64 = 13989415847005782016}}, {events = 32767, data = {ptr = 0x901c08, fd = 9444360, u32 = 9444360, u64 = 9444360}}, {events = 13, data = {ptr = 0x5200000000, fd = 0, u32 = 0, u64 = 352187318272}}, {events = 0, data = {ptr = 0x901570, fd = 9442672, u32 = 9442672, u64 = 9442672}}, {events = 6449413, data = {ptr = 0x0, fd = 0, u32 = 0, u64 = 0}}, {events = 0, data = {ptr = 0x7fff0000000d, fd = 13, u32 = 13, u64 = 140733193388045}}, {events = 0, data = {ptr = 0x56f20000000000, fd = 0, u32 = 0, u64 = 24472929811038208}}, {events = 0, data = {ptr = 0x7fffc22461580000, fd = 1633157120, u32 = 1633157120, u64 = 9223304023385833472}}, {events = 0, data = {ptr = 0xffffdc7000000000, fd = 0, u32 = 0, u64 = 18446704972327288832}}, {events = 32767, data = {ptr = 0x943760, fd = 9713504, u32 = 9713504, u64 = 9713504}}, {events = 9713504, data = {ptr = 0xcf05a73000000000, fd = 0, u32 = 0, u64 = 14917513165334904832}}, {events = 32767, data = {ptr = 0x7fffc2246398, fd = -1037802600, u32 = 3257164696, u64 = 140736450552728}}, {events = 3257098934, data = {ptr = 0x200007fff, fd = 32767, u32 = 32767, u64 = 8589967359}}, {events = 0, data = {ptr = 0x7fff00000001, fd = 1, u32 = 1, u64 = 140733193388033}}, {events = 0, data = {ptr = 0x56f20000000000, fd = 0, u32 = 0, u64 = 24472929811038208}}, {events = 0, data = {ptr = 0x0, fd = 0, u32 = 0, u64 = 0}}, {events = 0, data = {ptr = 0xc224633800000000, fd = 0, u32 = 0, u64 = 13989415434688921600}}, {events = 32767, data = {ptr = 0x0, fd = 0, u32 = 0, u64 = 0}}, {events = 4128564479, data = {ptr = 0xc22362a000007fff, fd = 32767, u32 = 32767, u64 = 13989133306877214719}}, {events = 32767, data = {ptr = 0x7fffebfa1be0, fd = -335930400, u32 = 3959036896, u64 = 140737152424928}}, {events = 79938080, data = {ptr = 0xc224633800007fff, fd = 32767, u32 = 32767, u64 = 13989415434688954367}}, {events = 32767, data = {ptr = 0x7fffffffde78, fd = -8584, u32 = 4294958712, u64 = 140737488346744}}, {events = 0, data = {ptr = 0xf7a9158c00000000, fd = 0, u32 = 0, u64 = 17845818689471905792}}, {events = 32767, data = {ptr = 0x900090, fd = 9437328, u32 = 9437328, u64 = 9437328}}, {events = 4294958640, data = {ptr = 0x90009000007fff, fd = 32767, u32 = 32767, u64 = 40533015121657855}}, {events = 0, data = {ptr = 0x7fffc22362a0, fd = -1037868384, u32 = 3257098912, u64 = 140736450486944}}, {events = 14, data = {ptr = 0xc22362a000000000, fd = 0, u32 = 0, u64 = 13989133306877181952}}, {events = 32767, data = {ptr = 0x7fffebfa1be0, fd = -335930400, u32 = 3959036896, u64 = 140737152424928}}, {events = 79938080, data = {ptr = 0xc224633800007fff, fd = 32767, u32 = 32767, u64 = 13989415434688954367}}, {events = 32767, data = {ptr = 0x58a8b4 <Connection::onWriteOperation(boost::system::error_code const&)+260>, fd = 5810356, u32 = 5810356, u64 = 5810356}}, {events = 0, data = {ptr = 0xf71e50e000000000, fd = 0, u32 = 0, u64 = 17806758899672416256}}, {events = 32767, data = {ptr = 0xffffde30, fd = -8656, u32 = 4294958640, u64 = 4294958640}}, {events = 14, data = {ptr = 0x0, fd = 0, u32 = 0, u64 = 0}}, {events = 0, data = {ptr = 0x0, fd = 0, u32 = 0, u64 = 0}}, {events = 4294958640, data = {ptr = 0x58574500007fff, fd = 32767, u32 = 32767, u64 = 24865751814930431}}, {events = 0, data = {ptr = 0x12, fd = 18, u32 = 18, u64 = 18}}, {events = 4155593817, data = {ptr = 0xffffde3000007fff, fd = 32767, u32 = 32767, u64 = 18446706896472670207}}, {events = 32767, data = {ptr = 0x0, fd = 0, u32 = 0, u64 = 0}}, {events = 0, data = {ptr = 0x0, fd = 0, u32 = 0, u64 = 0}}, {events = 13, data = {ptr = 0x7fffc2246398, fd = -1037802600, u32 = 3257164696, u64 = 140736450552728}}, {events = 4294958720, data = {ptr = 0x90009000007fff, fd = 32767, u32 = 32767, u64 = 40533015121657855}}, {events = 0, data = {ptr = 0x0, fd = 0, u32 = 0, u64 = 0}}, {events = 0, data = {ptr = 0x9000c000000000, fd = 0, u32 = 0, u64 = 40533221280055296}}, {events = 0, data = {ptr = 0x0, fd = 0, u32 = 0, u64 = 0}}, {events = 4155053452, data = {ptr = 0xc223629000007fff, fd = 32767, u32 = 32767, u64 = 13989133238157737983}}, {events = 32767, data = {ptr = 0x0, fd = 0, u32 = 0, u64 = 0}}, {events = 4145959136, data = {ptr = 0x58a73100007fff, fd = 32767, u32 = 32767, u64 = 24953626845806591}}, {events = 0, data = {ptr = 0x7fffd19e26a0, fd = -778164576, u32 = 3516802720, u64 = 140736710190752}}, {events = 4294958720, data = {ptr = 0x90009000007fff, fd = 32767, u32 = 32767, u64 = 40533015121657855}}, {events = 0, data = {ptr = 0x7fffffffde80, fd = -8576, u32 = 4294958720, u64 = 140737488346752}}, {events = 9437328, data = {ptr = 0x58646e00000000, fd = 0, u32 = 0, u64 = 24880221559717888}}, {events = 0, data = {ptr = 0x7fffc22362a0, fd = -1037868384, u32 = 3257098912, u64 = 140736450486944}}, {events = 3257098896, data = {ptr = 0xffffde8000007fff, fd = 32767, u32 = 32767, u64 = 18446707240070053887}}, {events = 32767, data = {ptr = 0x0, fd = 0, u32 = 0, u64 = 0}}, {events = 0, data = {ptr = 0x0, fd = 0, u32 = 0, u64 = 0}}, {events = 0, data = {ptr = 0x58a720 <Connection::handleTimeout(std::weak_ptr<Connection>, boost::system::error_code const&)>, fd = 5809952, u32 = 5809952, u64 = 5809952}}, {events = 3257098912, data = {ptr = 0xc223629000007fff, fd = 32767, u32 = 32767, u64 = 13989133238157737983}}, {events = 32767, data = {ptr = 0x7d, fd = 125, u32 = 125, u64 = 125}}}
2020-10-03 21:26:09 -          num_events = <optimized out>
2020-10-03 21:26:09 -          check_timers = <optimized out>
2020-10-03 21:26:09 -  #2  0x000000000055dcd3 in do_run_one (ec=..., this_thread=..., lock=<synthetic pointer>, this=0x900090) at /usr/include/boost/asio/detail/impl/task_io_service.ipp:356
2020-10-03 21:26:09 -          more_handlers = <optimized out>
2020-10-03 21:26:09 -  #3  run (ec=..., this=0x900090) at /usr/include/boost/asio/detail/impl/task_io_service.ipp:149
2020-10-03 21:26:09 -          this_thread = {private_op_queue = {front_ = 0x0, back_ = 0x0}, private_outstanding_work = 0}
2020-10-03 21:26:09 -          ctx = {key_ = 0x900090, value_ = 0x7fffffffdf40, next_ = 0x0}
2020-10-03 21:26:09 -          lock = {mutex_ = @0x9000c0, locked_ = <optimized out>}
2020-10-03 21:26:09 -          n = 315005
2020-10-03 21:26:09 -  #4  _ZN5boost4asio10io_service3runEv.isra.226 () at /usr/include/boost/asio/impl/io_service.ipp:59
2020-10-03 21:26:09 -          ec = {m_val = 0, m_cat = 0x7ffff71e50e0}
2020-10-03 21:26:09 -  #5  ServiceManager::run() (this=this@entry=0x7fffffffdff0) at /home/otg/src/server.cpp:47
2020-10-03 21:26:09 -  No locals.
2020-10-03 21:26:09 -  #6  0x0000000000474c46 in main (argc=1, argv=0x7fffffffe1b8) at /home/otg/src/otserv.cpp:96
2020-10-03 21:26:09 -          serviceManager = {acceptors = {_M_h = {_M_buckets = 0x7fffd37c67c0, _M_bucket_count = 5, _M_before_begin = {_M_nxt = 0x7fffd37c6790}, _M_element_count = 2, _M_rehash_policy = {_M_max_load_factor = 1, _M_next_resize = 5}, _M_single_bucket = 0x0}}, io_service = {service_registry_ = 0x900040, impl_ = @0x900090}, signals = {set = {<No data fields>}}, death_timer = {<No data fields>}, running = true}
2020-10-03 21:26:09 -  Saving server...
2020-10-03 21:26:10 -  > Saved house items in: 0.466 s
2020-10-03 21:26:10 -  A debugging session is active.
2020-10-03 21:26:10 -  
2020-10-03 21:26:10 -  	Inferior 1 [process 3377] will be killed.
2020-10-03 21:26:10 -  
2020-10-03 21:26:10 -  Quit anyway? (y or n) [answered Y; input not from terminal]
