2020-10-22 17:31:51 -  [Thread debugging using libthread_db enabled]
2020-10-22 17:31:51 -  Using host libthread_db library "/lib/x86_64-linux-gnu/libthread_db.so.1".
2020-10-22 17:31:51 -  [New Thread 0x7ffff3dbb700 (LWP 9432)]
2020-10-22 17:31:51 -  [New Thread 0x7ffff35ba700 (LWP 9433)]
2020-10-22 17:31:51 -  The OTG-Premium-Version - Version: (1.3)
2020-10-22 17:31:51 -  Compiled with: GNU C++ version 5.4.0 20160609
2020-10-22 17:31:51 -  Compiled on Sep 17 2020 19:49:36 for platform x64
2020-10-22 17:31:51 -  
2020-10-22 17:31:51 -  Special Credits for: OTG Team, Johncore, Vankk, Erick Nunes, Leonardo Pereira, Leandro Baldissera, Talis, Marcomoa, Marson Schneider, Douglas, Mark Samman, OTXServer (Mattyx Gomez) and The Forgotten Server Developers.
2020-10-22 17:31:51 -  Link of repository: https://github.com/Johncorex/OTG-Premium-Version
2020-10-22 17:31:51 -  
2020-10-22 17:31:51 -  >> Loading config: config.lua
2020-10-22 17:31:51 -  >> Establishing database connection... MySQL 5.7.31
2020-10-22 17:31:51 -  >> Running database manager
2020-10-22 17:31:51 -  [New Thread 0x7ffff2ba7700 (LWP 9434)]
2020-10-22 17:31:51 -  > Optimizing table tile_store... [success]
2020-10-22 17:31:51 -  >> Loading vocations
2020-10-22 17:31:51 -  >> Loading items
2020-10-22 17:31:51 -  >> Loading script systems
2020-10-22 17:31:51 -  >> Loading lua libs
2020-10-22 17:31:52 -  [Warning - Event::checkScript] Can not load script: scripts/expboostaction.lua
2020-10-22 17:31:52 -  cannot open data/actions/scripts/expboostaction.lua: No such file or directory
2020-10-22 17:31:53 -  >> Loading lua scripts
2020-10-22 17:31:53 -  >> Loading monsters
2020-10-22 17:31:53 -  >> Loading lua monsters
2020-10-22 17:31:53 -  >> Loading outfits
2020-10-22 17:31:53 -  >> Loading prey data
2020-10-22 17:31:53 -  >> Checking world type... PVP
2020-10-22 17:31:53 -  >> Loading map
2020-10-22 17:31:55 -  > Map size: 34143x33812.
2020-10-22 17:32:00 -  > Map loading time: 7.36 seconds.
2020-10-22 17:32:01 -  > Loaded house items in: 0.011 s
2020-10-22 17:32:01 -  >> Initializing gamestate
2020-10-22 17:32:03 -  >> Loaded 43 npcs and spawned 72708 monsters.
2020-10-22 17:32:03 -  >> Loaded 27 towns with 1074 houses in total.
2020-10-22 17:32:03 -  [Castle War]
2020-10-22 17:32:03 -  [POWERGAMERS]
2020-10-22 17:32:03 -  [SISTEMA DE LOTERIA] OPERANTE
2020-10-22 17:32:03 -  Advanced NPC spawn system | All NPCs will be loaded trough lib.
2020-10-22 17:32:03 -  [REGEN BOOST] CARREGADO
2020-10-22 17:32:03 -  [SPOOF COUNTER]
2020-10-22 17:32:03 -  [STAMINA]
2020-10-22 17:32:03 -  warvariables
2020-10-22 17:32:03 -  Agenda:	16
2020-10-22 17:32:03 -  eu sou o checkWarmode... 17:32!
2020-10-22 17:32:03 -  Buscando valores guilds where id = 5
2020-10-22 17:32:03 -  > Broadcasted message: "[Warmode] Atencao Honerianos! A Guild Vai tomando desafiou a Guild TesteWarmode para uma batalha que vai iniciar agora!".
2020-10-22 17:32:03 -  17	32	28
2020-10-22 17:32:03 -  >> Loaded all modules, server starting up...
2020-10-22 17:32:03 -  > Warning: OTG-Premium-Version has been executed as root user, please consider running it as a normal user.
2020-10-22 17:32:03 -  >> Honera Global Server Online!
2020-10-22 17:32:03 -  
2020-10-22 17:32:04 -  Demonzin has logged in.
2020-10-22 17:32:12 -  funcao onLogin
2020-10-22 17:32:12 -  SABADOU!! NPC HONERA CRIADO
2020-10-22 17:32:12 -  Robalo has logged in.
2020-10-22 17:32:12 -  funcao onLogin
2020-10-22 17:32:12 -  Hromeu Pinto has logged in.
2020-10-22 17:32:12 -  funcao onLogin
2020-10-22 17:32:12 -  Adiantum Minusculo has logged in.
2020-10-22 17:32:26 -  funcao onLogin
2020-10-22 17:32:26 -  Demonzin has logged out.
2020-10-22 17:32:29 -  Demonzin has logged in.
2020-10-22 17:33:13 -  funcao onLogin
2020-10-22 17:33:13 -  um player que estava dentro da war, logou
2020-10-22 17:33:13 -  ip inválido
2020-10-22 17:33:13 -  Adiantum Minusculo has logged out.
2020-10-22 17:33:30 -  funcaoKill!!
2020-10-22 17:33:30 -  um player que estava dentro da war, foi morto
2020-10-22 17:33:30 -  endWarmode
2020-10-22 17:33:30 -  > Broadcasted message: "[Warmode] Parabens a Guild TesteWarmode por ter eliminado todos os integrantes da Guild Vai tomando".
2020-10-22 17:33:30 -  Robalo has logged out.
2020-10-22 17:33:37 -  Robalo has logged in.
2020-10-22 17:33:37 -  funcao onLogin
2020-10-22 17:33:37 -  Robalo has logged out.
2020-10-22 17:33:43 -  Robalo has logged in.
2020-10-22 17:34:54 -  
2020-10-22 17:34:54 -  Thread 1 "tfs" received signal SIGINT, Interrupt.
2020-10-22 17:34:54 -  0x00007ffff7b14ad3 in epoll_wait () at ../sysdeps/unix/syscall-template.S:84
2020-10-22 17:34:54 -  84	../sysdeps/unix/syscall-template.S: No such file or directory.
2020-10-22 17:34:54 -  
2020-10-22 17:34:54 -  Thread 4 (Thread 0x7ffff2ba7700 (LWP 9434)):
2020-10-22 17:34:54 -  #0  pthread_cond_wait@@GLIBC_2.3.2 () at ../sysdeps/unix/sysv/linux/x86_64/pthread_cond_wait.S:185
2020-10-22 17:34:54 -  No locals.
2020-10-22 17:34:54 -  #1  0x00007ffff5e7491c in std::condition_variable::wait(std::unique_lock<std::mutex>&) () from /usr/lib/x86_64-linux-gnu/libstdc++.so.6
2020-10-22 17:34:55 -  No symbol table info available.
2020-10-22 17:34:55 -  #2  0x00000000006228bf in DatabaseTasks::threadMain() (this=0x8e39a0 <g_databaseTasks>) at /home/otg/src/databasetasks.cpp:42
2020-10-22 17:34:55 -          taskLockUnique = {_M_device = 0x8e3a08 <g_databaseTasks+104>, _M_owns = true}
2020-10-22 17:34:55 -  #3  0x00007ffff5e79c80 in ?? () from /usr/lib/x86_64-linux-gnu/libstdc++.so.6
2020-10-22 17:34:55 -  No symbol table info available.
2020-10-22 17:34:55 -  #4  0x00007ffff614a6ba in start_thread (arg=0x7ffff2ba7700) at pthread_create.c:333
2020-10-22 17:34:55 -          __res = <optimized out>
2020-10-22 17:34:55 -          pd = 0x7ffff2ba7700
2020-10-22 17:34:55 -          now = <optimized out>
2020-10-22 17:34:55 -          unwind_buf = {cancel_jmp_buf = {{jmp_buf = {140737265694464, -2990831481124773555, 0, 140737284647471, 140737265695168, 9334528, 2990825464399962445, 2990815339244855629}, mask_was_saved = 0}}, priv = {pad = {0x0, 0x0, 0x0, 0x0}, data = {prev = 0x0, cleanup = 0x0, canceltype = 0}}}
2020-10-22 17:34:55 -          not_first_call = <optimized out>
2020-10-22 17:34:55 -          pagesize_m1 = <optimized out>
2020-10-22 17:34:55 -          sp = <optimized out>
2020-10-22 17:34:55 -          freesize = <optimized out>
2020-10-22 17:34:55 -          __PRETTY_FUNCTION__ = "start_thread"
2020-10-22 17:34:55 -  #5  0x00007ffff7b144dd in clone () at ../sysdeps/unix/sysv/linux/x86_64/clone.S:109
2020-10-22 17:34:55 -  No locals.
2020-10-22 17:34:55 -  
2020-10-22 17:34:55 -  Thread 3 (Thread 0x7ffff35ba700 (LWP 9433)):
2020-10-22 17:34:55 -  #0  pthread_cond_timedwait@@GLIBC_2.3.2 () at ../sysdeps/unix/sysv/linux/x86_64/pthread_cond_timedwait.S:225
2020-10-22 17:34:55 -  No locals.
2020-10-22 17:34:55 -  #1  0x0000000000506210 in __gthread_cond_timedwait () at /usr/include/x86_64-linux-gnu/c++/5/bits/gthr-default.h:871
2020-10-22 17:34:55 -  No locals.
2020-10-22 17:34:55 -  #2  std::condition_variable::__wait_until_impl (__atime=..., __lock=..., this=0x8e6fa0 <g_scheduler+64>) at /usr/include/c++/5/condition_variable:165
2020-10-22 17:34:55 -          __ts = {tv_sec = 1603402494, tv_nsec = 630726394}
2020-10-22 17:34:55 -  #3  std::condition_variable::wait_until<std::chrono::duration<long, std::ratio<1l, 1000000000l> > > () at /usr/include/c++/5/condition_variable:105
2020-10-22 17:34:55 -          __lock = @0x7ffff35b9e90: {_M_device = 0x8e6f78 <g_scheduler+24>, _M_owns = true}
2020-10-22 17:34:55 -          this = 0x8e6fa0 <g_scheduler+64>
2020-10-22 17:34:55 -  #4  Scheduler::threadMain (this=0x8e6f60 <g_scheduler>) at /home/otg/src/scheduler.cpp:36
2020-10-22 17:34:55 -          ret = std::cv_status::no_timeout
2020-10-22 17:34:55 -          eventLockUnique = {_M_device = 0x8e6f78 <g_scheduler+24>, _M_owns = true}
2020-10-22 17:34:55 -  #5  0x00007ffff5e79c80 in ?? () from /usr/lib/x86_64-linux-gnu/libstdc++.so.6
2020-10-22 17:34:55 -  No symbol table info available.
2020-10-22 17:34:55 -  #6  0x00007ffff614a6ba in start_thread (arg=0x7ffff35ba700) at pthread_create.c:333
2020-10-22 17:34:55 -          __res = <optimized out>
2020-10-22 17:34:55 -          pd = 0x7ffff35ba700
2020-10-22 17:34:55 -          now = <optimized out>
2020-10-22 17:34:55 -          unwind_buf = {cancel_jmp_buf = {{jmp_buf = {140737276258048, -2990831481124773555, 0, 140737488346847, 140737276258752, 9437376, 2990821341768229197, 2990815339244855629}, mask_was_saved = 0}}, priv = {pad = {0x0, 0x0, 0x0, 0x0}, data = {prev = 0x0, cleanup = 0x0, canceltype = 0}}}
2020-10-22 17:34:55 -          not_first_call = <optimized out>
2020-10-22 17:34:55 -          pagesize_m1 = <optimized out>
2020-10-22 17:34:55 -          sp = <optimized out>
2020-10-22 17:34:55 -          freesize = <optimized out>
2020-10-22 17:34:55 -          __PRETTY_FUNCTION__ = "start_thread"
2020-10-22 17:34:55 -  #7  0x00007ffff7b144dd in clone () at ../sysdeps/unix/sysv/linux/x86_64/clone.S:109
2020-10-22 17:34:55 -  No locals.
2020-10-22 17:34:55 -  
2020-10-22 17:34:55 -  Thread 2 (Thread 0x7ffff3dbb700 (LWP 9432)):
2020-10-22 17:34:55 -  #0  pthread_cond_wait@@GLIBC_2.3.2 () at ../sysdeps/unix/sysv/linux/x86_64/pthread_cond_wait.S:185
2020-10-22 17:34:55 -  No locals.
2020-10-22 17:34:55 -  #1  0x00007ffff5e7491c in std::condition_variable::wait(std::unique_lock<std::mutex>&) () from /usr/lib/x86_64-linux-gnu/libstdc++.so.6
2020-10-22 17:34:55 -  No symbol table info available.
2020-10-22 17:34:55 -  #2  0x000000000055af7b in Dispatcher::threadMain() (this=0x8e6ec0 <g_dispatcher>) at /home/otg/src/tasks.cpp:50
2020-10-22 17:34:55 -          taskLockUnique = {_M_device = 0x8e6ed8 <g_dispatcher+24>, _M_owns = true}
2020-10-22 17:34:55 -  #3  0x00007ffff5e79c80 in ?? () from /usr/lib/x86_64-linux-gnu/libstdc++.so.6
2020-10-22 17:34:55 -  No symbol table info available.
2020-10-22 17:34:55 -  #4  0x00007ffff614a6ba in start_thread (arg=0x7ffff3dbb700) at pthread_create.c:333
2020-10-22 17:34:55 -          __res = <optimized out>
2020-10-22 17:34:55 -          pd = 0x7ffff3dbb700
2020-10-22 17:34:55 -          now = <optimized out>
2020-10-22 17:34:55 -          unwind_buf = {cancel_jmp_buf = {{jmp_buf = {140737284650752, -2990831481124773555, 0, 140737488346847, 140737284651456, 9437376, 2990822442890469709, 2990815339244855629}, mask_was_saved = 0}}, priv = {pad = {0x0, 0x0, 0x0, 0x0}, data = {prev = 0x0, cleanup = 0x0, canceltype = 0}}}
2020-10-22 17:34:55 -          not_first_call = <optimized out>
2020-10-22 17:34:55 -          pagesize_m1 = <optimized out>
2020-10-22 17:34:55 -          sp = <optimized out>
2020-10-22 17:34:55 -          freesize = <optimized out>
2020-10-22 17:34:55 -          __PRETTY_FUNCTION__ = "start_thread"
2020-10-22 17:34:55 -  #5  0x00007ffff7b144dd in clone () at ../sysdeps/unix/sysv/linux/x86_64/clone.S:109
2020-10-22 17:34:55 -  No locals.
2020-10-22 17:34:55 -  
2020-10-22 17:34:55 -  Thread 1 (Thread 0x7ffff7fe6740 (LWP 9428)):
2020-10-22 17:34:55 -  #0  0x00007ffff7b14ad3 in epoll_wait () at ../sysdeps/unix/syscall-template.S:84
2020-10-22 17:34:55 -  No locals.
2020-10-22 17:34:55 -  #1  0x00000000005b70e7 in boost::asio::detail::epoll_reactor::run(bool, boost::asio::detail::op_queue<boost::asio::detail::task_io_service_operation>&) [clone .constprop.204] (this=0x901570, block=<optimized out>, ops=...) at /usr/include/boost/asio/detail/impl/epoll_reactor.ipp:392
2020-10-22 17:34:55 -          timeout = <optimized out>
2020-10-22 17:34:55 -          events = {{events = 1, data = {ptr = 0x9015d4, fd = 9442772, u32 = 9442772, u64 = 9442772}}, {events = 2031157248, data = {ptr = 0x2e8800007ffeff69, fd = 2147417961, u32 = 2147417961, u64 = 3352929924724752233}}, {events = 2147457675, data = {ptr = 0x7fff9a8b2e100000, fd = 772800512, u32 = 772800512, u64 = 9223260484441997312}}, {events = 3003121664, data = {ptr = 0x791e00007fff9a8a, fd = 2147457674, u32 = 2147457674, u64 = 8727413130038057610}}, {events = 2147417961, data = {ptr = 0x7ffeff6979210000, fd = 2032205824, u32 = 2032205824, u64 = 9223089915370209280}}, {events = 770179072, data = {ptr = 0x2e3800007fff9a8b, fd = 2147457675, u32 = 2147457675, u64 = 3330411926587939467}}, {events = 2147457675, data = {ptr = 0x7fff9a8ab3000000, fd = -1291845632, u32 = 3003121664, u64 = 9223260482377351168}}, {events = 2032402432, data = {ptr = 0x792700007ffeff69, fd = 2147417961, u32 = 2147417961, u64 = 8729946404828413801}}, {events = 2147417961, data = {ptr = 0x7fff9a8b2e100000, fd = 772800512, u32 = 772800512, u64 = 9223260484441997312}}, {events = 778043392, data = {ptr = 0xb30000007fff9a8b, fd = 2147457675, u32 = 2147457675, u64 = 12898309334936558219}}, {events = 2147457674, data = {ptr = 0x7ffeff69792a0000, fd = 2032795648, u32 = 2032795648, u64 = 9223089915370799104}}, {events = 2032992256, data = {ptr = 0x2e3800007ffeff69, fd = 2147417961, u32 = 2147417961, u64 = 3330411926587899753}}, {events = 2147457675, data = {ptr = 0x7fff9a8b2e880000, fd = 780664832, u32 = 780664832, u64 = 9223260484449861632}}, {events = 3003121664, data = {ptr = 0x793100007fff9a8a, fd = 2147457674, u32 = 2147457674, u64 = 8732761154595560074}}, {events = 2147417961, data = {ptr = 0x7ffeff69793c0000, fd = 2033975296, u32 = 2033975296, u64 = 9223089915371978752}}, {events = 778043392, data = {ptr = 0x7fff9a8b, fd = 2147457675, u32 = 2147457675, u64 = 2147457675}}, {events = 0, data = {ptr = 0x7fff9a8ab3010000, fd = -1291780096, u32 = 3003187200, u64 = 9223260482377416704}}, {events = 2035220480, data = {ptr = 0x7ffeff69, fd = 2147417961, u32 = 2147417961, u64 = 2147417961}}, {events = 0, data = {ptr = 0x7fffed9a11680000, fd = 292028416, u32 = 292028416, u64 = 9223351807850840064}}, {events = 797966336, data = {ptr = 0x2bc000007fff9a8b, fd = 2147457675, u32 = 2147457675, u64 = 3152519741306804875}}, {events = 2147457675, data = {ptr = 0x7fff9a8b30980000, fd = 815267840, u32 = 815267840, u64 = 9223260484484464640}}, {events = 787480576, data = {ptr = 0xb30000007fff9a8b, fd = 2147457675, u32 = 2147457675, u64 = 12898309334936558219}}, {events = 2147457674, data = {ptr = 0x7ffeff6979550000, fd = 2035613696, u32 = 2035613696, u64 = 9223089915373617152}}, {events = 2036203520, data = {ptr = 0x2f6800007ffeff69, fd = 2147417961, u32 = 2147417961, u64 = 3415980319507939177}}, {events = 2147457675, data = {ptr = 0x7fff9a8b2f180000, fd = 790102016, u32 = 790102016, u64 = 9223260484459298816}}, {events = 3003121664, data = {ptr = 0x796500007fff9a8a, fd = 2147457674, u32 = 2147457674, u64 = 8747397853384514186}}, {events = 2147417961, data = {ptr = 0x7ffeff69796e0000, fd = 2037252096, u32 = 2037252096, u64 = 9223089915375255552}}, {events = 787480576, data = {ptr = 0x2f4000007fff9a8b, fd = 2147457675, u32 = 2147457675, u64 = 3404721320439552651}}, {events = 2147457675, data = {ptr = 0x7fff9a8ab3000000, fd = -1291845632, u32 = 3003121664, u64 = 9223260482377351168}}, {events = 2037710848, data = {ptr = 0x797e00007ffeff69, fd = 2147417961, u32 = 2147417961, u64 = 8754434727802240873}}, {events = 2147417961, data = {ptr = 0x7fff9a8b2f180000, fd = 790102016, u32 = 790102016, u64 = 9223260484459298816}}, {events = 795344896, data = {ptr = 0xb30000007fff9a8b, fd = 2147457675, u32 = 2147457675, u64 = 12898309334936558219}}, {events = 2147457674, data = {ptr = 0x7ffeff6979820000, fd = 2038562816, u32 = 2038562816, u64 = 9223089915376566272}}, {events = 2039087104, data = {ptr = 0x2f4000007ffeff69, fd = 2147417961, u32 = 2147417961, u64 = 3404721320439512937}}, {events = 2147457675, data = {ptr = 0x0, fd = 0, u32 = 0, u64 = 0}}, {events = 3003187200, data = {ptr = 0x799100007fff9a8a, fd = 2147457674, u32 = 2147457674, u64 = 8759782752359783050}}, {events = 2147417961, data = {ptr = 0x0, fd = 0, u32 = 0, u64 = 0}}, {events = 783286272, data = {ptr = 0x7fff9a8b, fd = 2147457675, u32 = 2147457675, u64 = 2147457675}}, {events = 0, data = {ptr = 0x7fff9a8b2f900000, fd = 797966336, u32 = 797966336, u64 = 9223260484467163136}}, {events = 0, data = {ptr = 0x2fd0000000000000, fd = 0, u32 = 0, u64 = 3445253714938429440}}, {events = 2147457675, data = {ptr = 0x7fff9a8ab3000000, fd = -1291845632, u32 = 3003121664, u64 = 9223260482377351168}}, {events = 2040070144, data = {ptr = 0x799f00007ffeff69, fd = 2147417961, u32 = 2147417961, u64 = 8763723402033692521}}, {events = 2147417961, data = {ptr = 0x7fff9a8b30700000, fd = 812646400, u32 = 812646400, u64 = 9223260484481843200}}, {events = 804782080, data = {ptr = 0xb30000007fff9a8b, fd = 2147457675, u32 = 2147457675, u64 = 12898309334936558219}}, {events = 2147457674, data = {ptr = 0x7ffeff6979b00000, fd = 2041577472, u32 = 2041577472, u64 = 9223089915379580928}}, {events = 2041774080, data = {ptr = 0x2fd000007ffeff69, fd = 2147417961, u32 = 2147417961, u64 = 3445253717085847401}}, {events = 2147457675, data = {ptr = 0x7fff9a8b30200000, fd = 807403520, u32 = 807403520, u64 = 9223260484476600320}}, {events = 3003121664, data = {ptr = 0x79b700007fff9a8a, fd = 2147457674, u32 = 2147457674, u64 = 8770478801474787978}}, {events = 2147417961, data = {ptr = 0x7ffeff6979ba0000, fd = 2042232832, u32 = 2042232832, u64 = 9223089915380236288}}, {events = 804782080, data = {ptr = 0x304800007fff9a8b, fd = 2147457675, u32 = 2147457675, u64 = 3479030714291165835}}, {events = 2147457675, data = {ptr = 0x7fff9a8ab3000000, fd = -1291845632, u32 = 3003121664, u64 = 9223260482377351168}}, {events = 2042429440, data = {ptr = 0x79c000007ffeff69, fd = 2147417961, u32 = 2147417961, u64 = 8773012076265144169}}, {events = 11, data = {ptr = 0xa130200000, fd = 807403520, u32 = 807403520, u64 = 692297138176}}, {events = 0, data = {ptr = 0x9929a0, fd = 10037664, u32 = 10037664, u64 = 10037664}}, {events = 2147457674, data = {ptr = 0x7ffeff6979c40000, fd = 2042888192, u32 = 2042888192, u64 = 9223089915380891648}}, {events = 2043609088, data = {ptr = 0x304800007ffeff69, fd = 2147417961, u32 = 2147417961, u64 = 3479030714291126121}}, {events = 9329, data = {ptr = 0xffffdb8fffff8000, fd = -32768, u32 = 4294934528, u64 = 18446704010254581760}}, {events = 32767, data = {ptr = 0x2, fd = 2, u32 = 2, u64 = 2}}, {events = 4155593817, data = {ptr = 0x7fff, fd = 32767, u32 = 32767, u64 = 32767}}, {events = 0, data = {ptr = 0x5828f4 <boost::asio::detail::reactive_socket_recv_op_base<boost::asio::mutable_buffers_1>::do_perform(boost::asio::detail::reactor_op*)+228>, fd = 5777652, u32 = 5777652, u64 = 5777652}}, {events = 91, data = {ptr = 0x100006e, fd = 16777326, u32 = 16777326, u64 = 16777326}}, {events = 16, data = {ptr = 0x9a2d06, fd = 10104070, u32 = 10104070, u64 = 10104070}}, {events = 2, data = {ptr = 0x200000000, fd = 0, u32 = 0, u64 = 8589934592}}, {events = 0, data = {ptr = 0x5f91fafc, fd = 1603402492, u32 = 1603402492, u64 = 1603402492}}, {events = 0, data = {ptr = 0x0, fd = 0, u32 = 0, u64 = 0}}, {events = 0, data = {ptr = 0x7fffffffdb80, fd = -9344, u32 = 4294957952, u64 = 140737488345984}}, {events = 1, data = {ptr = 0x0, fd = 0, u32 = 0, u64 = 0}}, {events = 0, data = {ptr = 0x0, fd = 0, u32 = 0, u64 = 0}}, {events = 0, data = {ptr = 0x9a2ce000000000, fd = 0, u32 = 0, u64 = 43396486997737472}}, {events = 0, data = {ptr = 0x7fffe8566580, fd = -396991104, u32 = 3897976192, u64 = 140737091364224}}, {events = 10037312, data = {ptr = 0x9b2de800000000, fd = 0, u32 = 0, u64 = 43679095845814272}}, {events = 0, data = {ptr = 0x9a2c18, fd = 10103832, u32 = 10103832, u64 = 10103832}}, {events = 16, data = {ptr = 0x5200000000, fd = 0, u32 = 0, u64 = 352187318272}}, {events = 0, data = {ptr = 0x901570, fd = 9442672, u32 = 9442672, u64 = 9442672}}, {events = 6449413, data = {ptr = 0x7fff9a8b00000000, fd = 0, u32 = 0, u64 = 9223260483669196800}}, {events = 0, data = {ptr = 0x10, fd = 16, u32 = 16, u64 = 16}}, {events = 0, data = {ptr = 0x56f20000000000, fd = 0, u32 = 0, u64 = 24472929811038208}}, {events = 0, data = {ptr = 0x3098000000000000, fd = 0, u32 = 0, u64 = 3501548710280560640}}, {events = 2147457675, data = {ptr = 0xffffdc7000000000, fd = 0, u32 = 0, u64 = 18446704972327288832}}, {events = 32767, data = {ptr = 0x992840, fd = 10037312, u32 = 10037312, u64 = 10037312}}, {events = 10037312, data = {ptr = 0xabe0d1d000000000, fd = 0, u32 = 0, u64 = 12385129666552266752}}, {events = 32767, data = {ptr = 0x9b2de8, fd = 10169832, u32 = 10169832, u64 = 10169832}}, {events = 10104070, data = {ptr = 0x200000000, fd = 0, u32 = 0, u64 = 8589934592}}, {events = 0, data = {ptr = 0x7fff00000001, fd = 1, u32 = 1, u64 = 140733193388033}}, {events = 0, data = {ptr = 0x56f20000000000, fd = 0, u32 = 0, u64 = 24472929811038208}}, {events = 0, data = {ptr = 0x0, fd = 0, u32 = 0, u64 = 0}}, {events = 0, data = {ptr = 0x9b2d8800000000, fd = 0, u32 = 0, u64 = 43678683528953856}}, {events = 0, data = {ptr = 0x0, fd = 0, u32 = 0, u64 = 0}}, {events = 4128564479, data = {ptr = 0x9a2cf000007fff, fd = 32767, u32 = 32767, u64 = 43396555717246975}}, {events = 0, data = {ptr = 0x7fffd47a1bb0, fd = -730195024, u32 = 3564772272, u64 = 140736758160304}}, {events = 2840122752, data = {ptr = 0x9b2d8800007fff, fd = 32767, u32 = 32767, u64 = 43678683528986623}}, {events = 0, data = {ptr = 0x7fffffffde78, fd = -8584, u32 = 4294958712, u64 = 140737488346744}}, {events = 0, data = {ptr = 0xf7a9158c00000000, fd = 0, u32 = 0, u64 = 17845818689471905792}}, {events = 32767, data = {ptr = 0x900090, fd = 9437328, u32 = 9437328, u64 = 9437328}}, {events = 4294958640, data = {ptr = 0x90009000007fff, fd = 32767, u32 = 32767, u64 = 40533015121657855}}, {events = 0, data = {ptr = 0x9a2cf0, fd = 10104048, u32 = 10104048, u64 = 10104048}}, {events = 22, data = {ptr = 0x9a2cf000000000, fd = 0, u32 = 0, u64 = 43396555717214208}}, {events = 0, data = {ptr = 0x7fffd47a1bb0, fd = -730195024, u32 = 3564772272, u64 = 140736758160304}}, {events = 2840122752, data = {ptr = 0x9b2d8800007fff, fd = 32767, u32 = 32767, u64 = 43678683528986623}}, {events = 0, data = {ptr = 0x58a8b4 <Connection::onWriteOperation(boost::system::error_code const&)+260>, fd = 5810356, u32 = 5810356, u64 = 5810356}}, {events = 0, data = {ptr = 0xf71e50e000000000, fd = 0, u32 = 0, u64 = 17806758899672416256}}, {events = 32767, data = {ptr = 0xffffde30, fd = -8656, u32 = 4294958640, u64 = 4294958640}}, {events = 22, data = {ptr = 0x0, fd = 0, u32 = 0, u64 = 0}}, {events = 0, data = {ptr = 0x0, fd = 0, u32 = 0, u64 = 0}}, {events = 4294958640, data = {ptr = 0x58574500007fff, fd = 32767, u32 = 32767, u64 = 24865751814930431}}, {events = 0, data = {ptr = 0x11, fd = 17, u32 = 17, u64 = 17}}, {events = 4155593817, data = {ptr = 0xffffde3000007fff, fd = 32767, u32 = 32767, u64 = 18446706896472670207}}, {events = 32767, data = {ptr = 0x0, fd = 0, u32 = 0, u64 = 0}}, {events = 0, data = {ptr = 0x0, fd = 0, u32 = 0, u64 = 0}}, {events = 16, data = {ptr = 0x9b2de8, fd = 10169832, u32 = 10169832, u64 = 10169832}}, {events = 4294958720, data = {ptr = 0x90009000007fff, fd = 32767, u32 = 32767, u64 = 40533015121657855}}, {events = 0, data = {ptr = 0x0, fd = 0, u32 = 0, u64 = 0}}, {events = 0, data = {ptr = 0x9000c000000000, fd = 0, u32 = 0, u64 = 40533221280055296}}, {events = 0, data = {ptr = 0x0, fd = 0, u32 = 0, u64 = 0}}, {events = 4155053452, data = {ptr = 0x9a2ce000007fff, fd = 32767, u32 = 32767, u64 = 43396486997770239}}, {events = 0, data = {ptr = 0x0, fd = 0, u32 = 0, u64 = 0}}, {events = 4145959136, data = {ptr = 0x58a73100007fff, fd = 32767, u32 = 32767, u64 = 24953626845806591}}, {events = 0, data = {ptr = 0x7fffe87d37d0, fd = -394446896, u32 = 3900520400, u64 = 140737093908432}}, {events = 4294958720, data = {ptr = 0x90009000007fff, fd = 32767, u32 = 32767, u64 = 40533015121657855}}, {events = 0, data = {ptr = 0x7fffffffde80, fd = -8576, u32 = 4294958720, u64 = 140737488346752}}, {events = 9437328, data = {ptr = 0x58646e00000000, fd = 0, u32 = 0, u64 = 24880221559717888}}, {events = 0, data = {ptr = 0x9a2cf0, fd = 10104048, u32 = 10104048, u64 = 10104048}}, {events = 10104032, data = {ptr = 0xffffde8000000000, fd = 0, u32 = 0, u64 = 18446707240070021120}}, {events = 32767, data = {ptr = 0x0, fd = 0, u32 = 0, u64 = 0}}, {events = 0, data = {ptr = 0x0, fd = 0, u32 = 0, u64 = 0}}, {events = 0, data = {ptr = 0x58a720 <Connection::handleTimeout(std::weak_ptr<Connection>, boost::system::error_code const&)>, fd = 5809952, u32 = 5809952, u64 = 5809952}}, {events = 10104048, data = {ptr = 0x9a2ce000000000, fd = 0, u32 = 0, u64 = 43396486997737472}}, {events = 0, data = {ptr = 0x7d, fd = 125, u32 = 125, u64 = 125}}}
2020-10-22 17:34:55 -          num_events = <optimized out>
2020-10-22 17:34:55 -          check_timers = <optimized out>
2020-10-22 17:34:55 -  #2  0x000000000055dcd3 in do_run_one (ec=..., this_thread=..., lock=<synthetic pointer>, this=0x900090) at /usr/include/boost/asio/detail/impl/task_io_service.ipp:356
2020-10-22 17:34:55 -          more_handlers = <optimized out>
2020-10-22 17:34:55 -  #3  run (ec=..., this=0x900090) at /usr/include/boost/asio/detail/impl/task_io_service.ipp:149
2020-10-22 17:34:55 -          this_thread = {private_op_queue = {front_ = 0x0, back_ = 0x0}, private_outstanding_work = 0}
2020-10-22 17:34:55 -          ctx = {key_ = 0x900090, value_ = 0x7fffffffdf40, next_ = 0x0}
2020-10-22 17:34:55 -          lock = {mutex_ = @0x9000c0, locked_ = <optimized out>}
2020-10-22 17:34:55 -          n = 2416
2020-10-22 17:34:55 -  #4  _ZN5boost4asio10io_service3runEv.isra.226 () at /usr/include/boost/asio/impl/io_service.ipp:59
2020-10-22 17:34:55 -          ec = {m_val = 0, m_cat = 0x7ffff71e50e0}
2020-10-22 17:34:55 -  #5  ServiceManager::run() (this=this@entry=0x7fffffffdff0) at /home/otg/src/server.cpp:47
2020-10-22 17:34:55 -  No locals.
2020-10-22 17:34:55 -  #6  0x0000000000474c46 in main (argc=1, argv=0x7fffffffe1b8) at /home/otg/src/otserv.cpp:96
2020-10-22 17:34:55 -          serviceManager = {acceptors = {_M_h = {_M_buckets = 0x7fffe87d3870, _M_bucket_count = 5, _M_before_begin = {_M_nxt = 0x7fffe9691130}, _M_element_count = 2, _M_rehash_policy = {_M_max_load_factor = 1, _M_next_resize = 5}, _M_single_bucket = 0x0}}, io_service = {service_registry_ = 0x900040, impl_ = @0x900090}, signals = {set = {<No data fields>}}, death_timer = {<No data fields>}, running = true}
2020-10-22 17:34:55 -  funcao onLogin
2020-10-22 17:34:55 -  Saving server...
2020-10-22 17:34:56 -  > Saved house items in: 0.432 s
2020-10-22 17:34:56 -  A debugging session is active.
2020-10-22 17:34:56 -  
2020-10-22 17:34:56 -  	Inferior 1 [process 9428] will be killed.
2020-10-22 17:34:56 -  
2020-10-22 17:34:56 -  Quit anyway? (y or n) [answered Y; input not from terminal]
