2020-10-19 18:41:15 -  [Thread debugging using libthread_db enabled]
2020-10-19 18:41:15 -  Using host libthread_db library "/lib/x86_64-linux-gnu/libthread_db.so.1".
2020-10-19 18:41:16 -  [New Thread 0x7ffff3dbb700 (LWP 26393)]
2020-10-19 18:41:16 -  [New Thread 0x7ffff35ba700 (LWP 26394)]
2020-10-19 18:41:16 -  The OTG-Premium-Version - Version: (1.3)
2020-10-19 18:41:16 -  Compiled with: GNU C++ version 5.4.0 20160609
2020-10-19 18:41:16 -  Compiled on Sep 17 2020 19:49:36 for platform x64
2020-10-19 18:41:16 -  
2020-10-19 18:41:16 -  Special Credits for: OTG Team, Johncore, Vankk, Erick Nunes, Leonardo Pereira, Leandro Baldissera, Talis, Marcomoa, Marson Schneider, Douglas, Mark Samman, OTXServer (Mattyx Gomez) and The Forgotten Server Developers.
2020-10-19 18:41:16 -  Link of repository: https://github.com/Johncorex/OTG-Premium-Version
2020-10-19 18:41:16 -  
2020-10-19 18:41:16 -  >> Loading config: config.lua
2020-10-19 18:41:16 -  >> Establishing database connection... MySQL 5.7.31
2020-10-19 18:41:16 -  >> Running database manager
2020-10-19 18:41:16 -  [New Thread 0x7ffff2ba7700 (LWP 26395)]
2020-10-19 18:41:16 -  > Optimizing table players_online... [success]
2020-10-19 18:41:16 -  > Optimizing table tile_store... [success]
2020-10-19 18:41:16 -  >> Loading vocations
2020-10-19 18:41:16 -  >> Loading items
2020-10-19 18:41:16 -  >> Loading script systems
2020-10-19 18:41:16 -  >> Loading lua libs
2020-10-19 18:41:16 -  [Warning - Event::checkScript] Can not load script: scripts/expboostaction.lua
2020-10-19 18:41:16 -  cannot open data/actions/scripts/expboostaction.lua: No such file or directory
2020-10-19 18:41:17 -  >> Loading lua scripts
2020-10-19 18:41:17 -  >> Loading monsters
2020-10-19 18:41:17 -  >> Loading lua monsters
2020-10-19 18:41:17 -  >> Loading outfits
2020-10-19 18:41:17 -  >> Loading prey data
2020-10-19 18:41:18 -  >> Checking world type... PVP
2020-10-19 18:41:18 -  >> Loading map
2020-10-19 18:41:19 -  > Map size: 34143x33812.
2020-10-19 18:41:25 -  > Map loading time: 7.268 seconds.
2020-10-19 18:42:10 -  > Loaded house items in: 0.031 s
2020-10-19 18:42:10 -  >> Initializing gamestate
2020-10-19 18:42:12 -  >> Loaded 43 npcs and spawned 72708 monsters.
2020-10-19 18:42:12 -  >> Loaded 27 towns with 1074 houses in total.
2020-10-19 18:42:12 -  [Castle War]
2020-10-19 18:42:12 -  [POWERGAMERS]
2020-10-19 18:42:12 -  [SISTEMA DE LOTERIA] OPERANTE
2020-10-19 18:42:12 -  Advanced NPC spawn system | All NPCs will be loaded trough lib.
2020-10-19 18:42:12 -  [REGEN BOOST] CARREGADO
2020-10-19 18:42:12 -  [SPOOF COUNTER]
2020-10-19 18:42:12 -  [STAMINA]
2020-10-19 18:42:12 -  warvariables
2020-10-19 18:42:12 -  Agenda:	0
2020-10-19 18:42:12 -  eu sou o checkWarmode... 18:42
2020-10-19 18:42:12 -  18	42	18
2020-10-19 18:42:12 -  >> Loaded all modules, server starting up...
2020-10-19 18:42:12 -  > Warning: OTG-Premium-Version has been executed as root user, please consider running it as a normal user.
2020-10-19 18:42:12 -  >> Honera Global Server Online!
2020-10-19 18:42:12 -  
2020-10-19 18:45:27 -  
2020-10-19 18:45:27 -  Thread 1 "tfs" received signal SIGINT, Interrupt.
2020-10-19 18:45:27 -  0x00007ffff7b14ad3 in epoll_wait () at ../sysdeps/unix/syscall-template.S:84
2020-10-19 18:45:27 -  84	../sysdeps/unix/syscall-template.S: No such file or directory.
2020-10-19 18:45:27 -  
2020-10-19 18:45:27 -  Thread 4 (Thread 0x7ffff2ba7700 (LWP 26395)):
2020-10-19 18:45:27 -  #0  pthread_cond_wait@@GLIBC_2.3.2 () at ../sysdeps/unix/sysv/linux/x86_64/pthread_cond_wait.S:185
2020-10-19 18:45:27 -  No locals.
2020-10-19 18:45:27 -  #1  0x00007ffff5e7491c in std::condition_variable::wait(std::unique_lock<std::mutex>&) () from /usr/lib/x86_64-linux-gnu/libstdc++.so.6
2020-10-19 18:45:27 -  No symbol table info available.
2020-10-19 18:45:27 -  #2  0x00000000006228bf in DatabaseTasks::threadMain() (this=0x8e39a0 <g_databaseTasks>) at /home/otg/src/databasetasks.cpp:42
2020-10-19 18:45:27 -          taskLockUnique = {_M_device = 0x8e3a08 <g_databaseTasks+104>, _M_owns = true}
2020-10-19 18:45:27 -  #3  0x00007ffff5e79c80 in ?? () from /usr/lib/x86_64-linux-gnu/libstdc++.so.6
2020-10-19 18:45:27 -  No symbol table info available.
2020-10-19 18:45:27 -  #4  0x00007ffff614a6ba in start_thread (arg=0x7ffff2ba7700) at pthread_create.c:333
2020-10-19 18:45:27 -          __res = <optimized out>
2020-10-19 18:45:27 -          pd = 0x7ffff2ba7700
2020-10-19 18:45:27 -          now = <optimized out>
2020-10-19 18:45:27 -          unwind_buf = {cancel_jmp_buf = {{jmp_buf = {140737265694464, -6627672621293003983, 0, 140737284647471, 140737265695168, 9334528, 6627649012373625649, 6627657032927648561}, mask_was_saved = 0}}, priv = {pad = {0x0, 0x0, 0x0, 0x0}, data = {prev = 0x0, cleanup = 0x0, canceltype = 0}}}
2020-10-19 18:45:27 -          not_first_call = <optimized out>
2020-10-19 18:45:27 -          pagesize_m1 = <optimized out>
2020-10-19 18:45:27 -          sp = <optimized out>
2020-10-19 18:45:27 -          freesize = <optimized out>
2020-10-19 18:45:27 -          __PRETTY_FUNCTION__ = "start_thread"
2020-10-19 18:45:27 -  #5  0x00007ffff7b144dd in clone () at ../sysdeps/unix/sysv/linux/x86_64/clone.S:109
2020-10-19 18:45:28 -  No locals.
2020-10-19 18:45:28 -  
2020-10-19 18:45:28 -  Thread 3 (Thread 0x7ffff35ba700 (LWP 26394)):
2020-10-19 18:45:28 -  #0  pthread_cond_timedwait@@GLIBC_2.3.2 () at ../sysdeps/unix/sysv/linux/x86_64/pthread_cond_timedwait.S:225
2020-10-19 18:45:28 -  No locals.
2020-10-19 18:45:28 -  #1  0x0000000000506210 in __gthread_cond_timedwait () at /usr/include/x86_64-linux-gnu/c++/5/bits/gthr-default.h:871
2020-10-19 18:45:28 -  No locals.
2020-10-19 18:45:28 -  #2  std::condition_variable::__wait_until_impl (__atime=..., __lock=..., this=0x8e6fa0 <g_scheduler+64>) at /usr/include/c++/5/condition_variable:165
2020-10-19 18:45:28 -          __ts = {tv_sec = 1603147527, tv_nsec = 361983651}
2020-10-19 18:45:28 -  #3  std::condition_variable::wait_until<std::chrono::duration<long, std::ratio<1l, 1000000000l> > > () at /usr/include/c++/5/condition_variable:105
2020-10-19 18:45:28 -          __lock = @0x7ffff35b9e90: {_M_device = 0x8e6f78 <g_scheduler+24>, _M_owns = true}
2020-10-19 18:45:28 -          this = 0x8e6fa0 <g_scheduler+64>
2020-10-19 18:45:28 -  #4  Scheduler::threadMain (this=0x8e6f60 <g_scheduler>) at /home/otg/src/scheduler.cpp:36
2020-10-19 18:45:28 -          ret = std::cv_status::no_timeout
2020-10-19 18:45:28 -          eventLockUnique = {_M_device = 0x8e6f78 <g_scheduler+24>, _M_owns = true}
2020-10-19 18:45:28 -  #5  0x00007ffff5e79c80 in ?? () from /usr/lib/x86_64-linux-gnu/libstdc++.so.6
2020-10-19 18:45:28 -  No symbol table info available.
2020-10-19 18:45:28 -  #6  0x00007ffff614a6ba in start_thread (arg=0x7ffff35ba700) at pthread_create.c:333
2020-10-19 18:45:28 -          __res = <optimized out>
2020-10-19 18:45:28 -          pd = 0x7ffff35ba700
2020-10-19 18:45:28 -          now = <optimized out>
2020-10-19 18:45:28 -          unwind_buf = {cancel_jmp_buf = {{jmp_buf = {140737276258048, -6627672621293003983, 0, 140737488346847, 140737276258752, 9437376, 6627645443792673585, 6627657032927648561}, mask_was_saved = 0}}, priv = {pad = {0x0, 0x0, 0x0, 0x0}, data = {prev = 0x0, cleanup = 0x0, canceltype = 0}}}
2020-10-19 18:45:28 -          not_first_call = <optimized out>
2020-10-19 18:45:28 -          pagesize_m1 = <optimized out>
2020-10-19 18:45:28 -          sp = <optimized out>
2020-10-19 18:45:28 -          freesize = <optimized out>
2020-10-19 18:45:28 -          __PRETTY_FUNCTION__ = "start_thread"
2020-10-19 18:45:28 -  #7  0x00007ffff7b144dd in clone () at ../sysdeps/unix/sysv/linux/x86_64/clone.S:109
2020-10-19 18:45:28 -  No locals.
2020-10-19 18:45:28 -  
2020-10-19 18:45:28 -  Thread 2 (Thread 0x7ffff3dbb700 (LWP 26393)):
2020-10-19 18:45:28 -  #0  pthread_cond_wait@@GLIBC_2.3.2 () at ../sysdeps/unix/sysv/linux/x86_64/pthread_cond_wait.S:185
2020-10-19 18:45:28 -  No locals.
2020-10-19 18:45:28 -  #1  0x00007ffff5e7491c in std::condition_variable::wait(std::unique_lock<std::mutex>&) () from /usr/lib/x86_64-linux-gnu/libstdc++.so.6
2020-10-19 18:45:28 -  No symbol table info available.
2020-10-19 18:45:28 -  #2  0x000000000055af7b in Dispatcher::threadMain() (this=0x8e6ec0 <g_dispatcher>) at /home/otg/src/tasks.cpp:50
2020-10-19 18:45:28 -          taskLockUnique = {_M_device = 0x8e6ed8 <g_dispatcher+24>, _M_owns = true}
2020-10-19 18:45:28 -  #3  0x00007ffff5e79c80 in ?? () from /usr/lib/x86_64-linux-gnu/libstdc++.so.6
2020-10-19 18:45:28 -  No symbol table info available.
2020-10-19 18:45:28 -  #4  0x00007ffff614a6ba in start_thread (arg=0x7ffff3dbb700) at pthread_create.c:333
2020-10-19 18:45:28 -          __res = <optimized out>
2020-10-19 18:45:28 -          pd = 0x7ffff3dbb700
2020-10-19 18:45:28 -          now = <optimized out>
2020-10-19 18:45:28 -          unwind_buf = {cancel_jmp_buf = {{jmp_buf = {140737284650752, -6627672621293003983, 0, 140737488346847, 140737284651456, 9437376, 6627646544914914097, 6627657032927648561}, mask_was_saved = 0}}, priv = {pad = {0x0, 0x0, 0x0, 0x0}, data = {prev = 0x0, cleanup = 0x0, canceltype = 0}}}
2020-10-19 18:45:28 -          not_first_call = <optimized out>
2020-10-19 18:45:28 -          pagesize_m1 = <optimized out>
2020-10-19 18:45:28 -          sp = <optimized out>
2020-10-19 18:45:28 -          freesize = <optimized out>
2020-10-19 18:45:28 -          __PRETTY_FUNCTION__ = "start_thread"
2020-10-19 18:45:28 -  #5  0x00007ffff7b144dd in clone () at ../sysdeps/unix/sysv/linux/x86_64/clone.S:109
2020-10-19 18:45:28 -  No locals.
2020-10-19 18:45:28 -  
2020-10-19 18:45:28 -  Thread 1 (Thread 0x7ffff7fe6740 (LWP 26389)):
2020-10-19 18:45:28 -  #0  0x00007ffff7b14ad3 in epoll_wait () at ../sysdeps/unix/syscall-template.S:84
2020-10-19 18:45:28 -  No locals.
2020-10-19 18:45:28 -  #1  0x00000000005b70e7 in boost::asio::detail::epoll_reactor::run(bool, boost::asio::detail::op_queue<boost::asio::detail::task_io_service_operation>&) [clone .constprop.204] (this=0x901570, block=<optimized out>, ops=...) at /usr/include/boost/asio/detail/impl/epoll_reactor.ipp:392
2020-10-19 18:45:28 -          timeout = <optimized out>
2020-10-19 18:45:28 -          events = {{events = 17, data = {ptr = 0x901be0, fd = 9444320, u32 = 9444320, u64 = 9444320}}, {events = 4278190080, data = {ptr = 0x2e352f61756c2f75, fd = 1970024309, u32 = 1970024309, u64 = 3329619595138707317}}, {events = 775892785, data = {ptr = 0x4d6769662f3b6f73, fd = 792424307, u32 = 792424307, u64 = 5577542551121653619}}, {events = 1734438497, data = {ptr = 0x455441523a3a7265, fd = 976908901, u32 = 976908901, u64 = 4995689708080755301}}, {events = 1919905383, data = {ptr = 0x636e6f7061657765, fd = 1634039653, u32 = 1634039653, u64 = 7164786585654097765}}, {events = 1801676136, data = {ptr = 0x0, fd = 0, u32 = 0, u64 = 0}}, {events = 0, data = {ptr = 0x0, fd = 0, u32 = 0, u64 = 0}}, {events = 0, data = {ptr = 0x0, fd = 0, u32 = 0, u64 = 0}}, {events = 1232233840, data = {ptr = 0x617435315f31534e, fd = 1597068110, u32 = 1597068110, u64 = 7022296205144183630}}, {events = 1767861107, data = {ptr = 0x0, fd = 0, u32 = 0, u64 = 0}}, {events = 0, data = {ptr = 0x0, fd = 0, u32 = 0, u64 = 0}}, {events = 0, data = {ptr = 0xff00000000000000, fd = 0, u32 = 0, u64 = 18374686479671623680}}, {events = 1970024309, data = {ptr = 0x2e3f2f312e352f61, fd = 775237473, u32 = 775237473, u64 = 3332434137552596833}}, {events = 792424307, data = {ptr = 0x67616e614d676966, fd = 1298622822, u32 = 1298622822, u64 = 7449356622837016934}}, {events = 976908901, data = {ptr = 0x726f6e6745544152, fd = 1163149650, u32 = 1163149650, u64 = 8245930832562504018}}, {events = 1634039653, data = {ptr = 0x6b636568636e6f70, fd = 1668181872, u32 = 1668181872, u64 = 7738140083771830128}}, {events = 1814970159, data = {ptr = 0x2f7273752f3b6175, fd = 792420725, u32 = 792420725, u64 = 3418922014268416373}}, {events = 1633906540, data = {ptr = 0x3632326168732f6c, fd = 1752379244, u32 = 1752379244, u64 = 3905239220829237100}}, {events = 794916204, data = {ptr = 0xffffd9c02f312e35, fd = 791752245, u32 = 791752245, u64 = 18446702018181541429}}, {events = 32767, data = {ptr = 0x11, fd = 17, u32 = 17, u64 = 17}}, {events = 4294958048, data = {ptr = 0x66d31200007fff, fd = 32767, u32 = 32767, u64 = 28942521887391743}}, {events = 0, data = {ptr = 0x7fffffffdaf8, fd = -9480, u32 = 4294957816, u64 = 140737488345848}}, {events = 1, data = {ptr = 0xffffd9c000000000, fd = 0, u32 = 0, u64 = 18446702017389789184}}, {events = 32767, data = {ptr = 0x7ffff7b23814 <___vsprintf_chk+132>, fd = -139315180, u32 = 4155652116, u64 = 140737349040148}}, {events = 4222451713, data = {ptr = 0xffffdbe02f727375, fd = 796029813, u32 = 796029813, u64 = 18446704354648028021}}, {events = 32767, data = {ptr = 0x7fffffffdbe0, fd = -9248, u32 = 4294958048, u64 = 140737488346080}}, {events = 4294958048, data = {ptr = 0xffffdbe000007fff, fd = 32767, u32 = 32767, u64 = 18446704353852030975}}, {events = 32767, data = {ptr = 0x7fffffffdbee, fd = -9234, u32 = 4294958062, u64 = 140737488346094}}, {events = 4294958064, data = {ptr = 0xffffdbe000007fff, fd = 32767, u32 = 32767, u64 = 18446704353852030975}}, {events = 32767, data = {ptr = 0x7fffffffdbf0, fd = -9232, u32 = 4294958064, u64 = 140737488346096}}, {events = 0, data = {ptr = 0x0, fd = 0, u32 = 0, u64 = 0}}, {events = 0, data = {ptr = 0x0, fd = 0, u32 = 0, u64 = 0}}, {events = 0, data = {ptr = 0x0, fd = 0, u32 = 0, u64 = 0}}, {events = 0, data = {ptr = 0x40091b000, fd = 9547776, u32 = 9547776, u64 = 17189416960}}, {events = 69633, data = {ptr = 0x0, fd = 0, u32 = 0, u64 = 0}}, {events = 0, data = {ptr = 0x0, fd = 0, u32 = 0, u64 = 0}}, {events = 0, data = {ptr = 0x5f8e16fd00000000, fd = 0, u32 = 0, u64 = 6885466156178604032}}, {events = 0, data = {ptr = 0xffffffffffffffff, fd = -1, u32 = 4294967295, u64 = 18446744073709551615}}, {events = 0, data = {ptr = 0x11e1a30000000000, fd = 0, u32 = 0, u64 = 1288490188800000000}}, {events = 0, data = {ptr = 0x7fffffffdb30, fd = -9424, u32 = 4294957872, u64 = 140737488345904}}, {events = 4294967295, data = {ptr = 0xffffdae800000000, fd = 0, u32 = 0, u64 = 18446703288700108800}}, {events = 32767, data = {ptr = 0x9015a0, fd = 9442720, u32 = 9442720, u64 = 9442720}}, {events = 4158458208, data = {ptr = 0x7fff, fd = 32767, u32 = 32767, u64 = 32767}}, {events = 0, data = {ptr = 0x0, fd = 0, u32 = 0, u64 = 0}}, {events = 2, data = {ptr = 0x5f8e16fd00000000, fd = 0, u32 = 0, u64 = 6885466156178604032}}, {events = 0, data = {ptr = 0x4, fd = 4, u32 = 4, u64 = 4}}, {events = 4294957968, data = {ptr = 0x200007fff, fd = 32767, u32 = 32767, u64 = 8589967359}}, {events = 0, data = {ptr = 0x18, fd = 24, u32 = 24, u64 = 24}}, {events = 300000000, data = {ptr = 0xffffdb4800000000, fd = 0, u32 = 0, u64 = 18446703701016969216}}, {events = 32767, data = {ptr = 0x9015a0, fd = 9442720, u32 = 9442720, u64 = 9442720}}, {events = 4155289179, data = {ptr = 0x300007fff, fd = 32767, u32 = 32767, u64 = 12884934655}}, {events = 0, data = {ptr = 0x20, fd = 32, u32 = 32, u64 = 32}}, {events = 4, data = {ptr = 0x3000000000, fd = 0, u32 = 0, u64 = 206158430208}}, {events = 0, data = {ptr = 0x7fffffffdb90, fd = -9328, u32 = 4294957968, u64 = 140737488346000}}, {events = 9436000, data = {ptr = 0x248100000000, fd = 0, u32 = 0, u64 = 40136469381120}}, {events = 4294934528, data = {ptr = 0x7fffffffdb7f, fd = -9345, u32 = 4294957951, u64 = 140737488345983}}, {events = 9329, data = {ptr = 0xffffdb8fffff8000, fd = -32768, u32 = 4294934528, u64 = 18446704010254581760}}, {events = 32767, data = {ptr = 0x1, fd = 1, u32 = 1, u64 = 1}}, {events = 4, data = {ptr = 0x31, fd = 49, u32 = 49, u64 = 49}}, {events = 0, data = {ptr = 0x0, fd = 0, u32 = 0, u64 = 0}}, {events = 91, data = {ptr = 0xf7dd1b200000006e, fd = 110, u32 = 110, u64 = 17860461521474158702}}, {events = 32767, data = {ptr = 0x18, fd = 24, u32 = 24, u64 = 24}}, {events = 9334488, data = {ptr = 0x911d0000000000, fd = 0, u32 = 0, u64 = 40845757460250624}}, {events = 0, data = {ptr = 0x0, fd = 0, u32 = 0, u64 = 0}}, {events = 9334576, data = {ptr = 0xf7a911d400000000, fd = 0, u32 = 0, u64 = 17845814600663040000}}, {events = 32767, data = {ptr = 0x20, fd = 32, u32 = 32, u64 = 32}}, {events = 24, data = {ptr = 0x8ffb9000000000, fd = 0, u32 = 0, u64 = 40527517563486208}}, {events = 0, data = {ptr = 0x7ffff5e4ee78 <operator new(unsigned long)+24>, fd = -169546120, u32 = 4125421176, u64 = 140737318809208}}, {events = 9334464, data = {ptr = 0x577e8f00000000, fd = 0, u32 = 0, u64 = 24627475619250176}}, {events = 0, data = {ptr = 0x11, fd = 17, u32 = 17, u64 = 17}}, {events = 4176218352, data = {ptr = 0xffffdc3000007ffe, fd = 32766, u32 = 32766, u64 = 18446704697449414654}}, {events = 32767, data = {ptr = 0x901c90, fd = 9444496, u32 = 9444496, u64 = 9444496}}, {events = 9510184, data = {ptr = 0x0, fd = 0, u32 = 0, u64 = 0}}, {events = 0, data = {ptr = 0x7ffff614e4ff <__GI___pthread_mutex_unlock+63>, fd = -166402817, u32 = 4128564479, u64 = 140737321952511}}, {events = 6735568, data = {ptr = 0x1100000000, fd = 0, u32 = 0, u64 = 73014444032}}, {events = 0, data = {ptr = 0x56de50 <Connection::close(bool)+352>, fd = 5693008, u32 = 5693008, u64 = 5693008}}, {events = 9511072, data = {ptr = 0x200000000, fd = 0, u32 = 0, u64 = 8589934592}}, {events = 0, data = {ptr = 0x0, fd = 0, u32 = 0, u64 = 0}}, {events = 9576824, data = {ptr = 0x3100000000, fd = 0, u32 = 0, u64 = 210453397504}}, {events = 0, data = {ptr = 0x0, fd = 0, u32 = 0, u64 = 0}}, {events = 0, data = {ptr = 0x0, fd = 0, u32 = 0, u64 = 0}}, {events = 0, data = {ptr = 0x911d88, fd = 9510280, u32 = 9510280, u64 = 9510280}}, {events = 9444496, data = {ptr = 0x911d2800000000, fd = 0, u32 = 0, u64 = 40845929258942464}}, {events = 0, data = {ptr = 0x7fffffffde08, fd = -8696, u32 = 4294958600, u64 = 140737488346632}}, {events = 9577008, data = {ptr = 0x56f29e00000000, fd = 0, u32 = 0, u64 = 24473608415870976}}, {events = 0, data = {ptr = 0x922230, fd = 9577008, u32 = 9577008, u64 = 9577008}}, {events = 6735568, data = {ptr = 0x0, fd = 0, u32 = 0, u64 = 0}}, {events = 0, data = {ptr = 0x7ffff71e50e0, fd = -149008160, u32 = 4145959136, u64 = 140737339347168}}, {events = 4128564479, data = {ptr = 0x901c9000007fff, fd = 32767, u32 = 32767, u64 = 40563801447235583}}, {events = 0, data = {ptr = 0x7fffebfa1be0, fd = -335930400, u32 = 3959036896, u64 = 140737152424928}}, {events = 4294958528, data = {ptr = 0x90009000007fff, fd = 32767, u32 = 32767, u64 = 40533015121657855}}, {events = 0, data = {ptr = 0x922230, fd = 9577008, u32 = 9577008, u64 = 9577008}}, {events = 9577008, data = {ptr = 0x66c6d000000000, fd = 0, u32 = 0, u64 = 28929044279984128}}, {events = 0, data = {ptr = 0x7fffffffddc0, fd = -8768, u32 = 4294958528, u64 = 140737488346560}}, {events = 5791285, data = {ptr = 0x90009000000000, fd = 0, u32 = 0, u64 = 40533015121625088}}, {events = 0, data = {ptr = 0x901c90, fd = 9444496, u32 = 9444496, u64 = 9444496}}, {events = 561, data = {ptr = 0x901c9000000000, fd = 0, u32 = 0, u64 = 40563801447202816}}, {events = 0, data = {ptr = 0x7fffffffddc0, fd = -8768, u32 = 4294958528, u64 = 140737488346560}}, {events = 0, data = {ptr = 0x0, fd = 0, u32 = 0, u64 = 0}}, {events = 0, data = {ptr = 0x58a8b4 <Connection::onWriteOperation(boost::system::error_code const&)+260>, fd = 5810356, u32 = 5810356, u64 = 5810356}}, {events = 0, data = {ptr = 0xf71e50e000000000, fd = 0, u32 = 0, u64 = 17806758899672416256}}, {events = 32767, data = {ptr = 0xffffde30, fd = -8656, u32 = 4294958640, u64 = 4294958640}}, {events = 561, data = {ptr = 0x0, fd = 0, u32 = 0, u64 = 0}}, {events = 0, data = {ptr = 0x0, fd = 0, u32 = 0, u64 = 0}}, {events = 4294958640, data = {ptr = 0x58574500007fff, fd = 32767, u32 = 32767, u64 = 24865751814930431}}, {events = 0, data = {ptr = 0xd, fd = 13, u32 = 13, u64 = 13}}, {events = 4155593817, data = {ptr = 0x7fff, fd = 32767, u32 = 32767, u64 = 32767}}, {events = 0, data = {ptr = 0x5828bb <boost::asio::detail::reactive_socket_recv_op_base<boost::asio::mutable_buffers_1>::do_perform(boost::asio::detail::reactor_op*)+171>, fd = 5777595, u32 = 5777595, u64 = 5777595}}, {events = 0, data = {ptr = 0x1000000, fd = 16777216, u32 = 16777216, u64 = 16777216}}, {events = 13, data = {ptr = 0x911d88, fd = 9510280, u32 = 9510280, u64 = 9510280}}, {events = 9444518, data = {ptr = 0x200000000, fd = 0, u32 = 0, u64 = 8589934592}}, {events = 0, data = {ptr = 0x0, fd = 0, u32 = 0, u64 = 0}}, {events = 0, data = {ptr = 0x56f20000000000, fd = 0, u32 = 0, u64 = 24472929811038208}}, {events = 0, data = {ptr = 0x0, fd = 0, u32 = 0, u64 = 0}}, {events = 9444496, data = {ptr = 0x901c8000000000, fd = 0, u32 = 0, u64 = 40563732727726080}}, {events = 0, data = {ptr = 0x2, fd = 2, u32 = 2, u64 = 2}}, {events = 9307176, data = {ptr = 0x0, fd = 0, u32 = 0, u64 = 0}}, {events = 0, data = {ptr = 0x7fffc6726e20, fd = -965579232, u32 = 3329388064, u64 = 140736522776096}}, {events = 0, data = {ptr = 0x0, fd = 0, u32 = 0, u64 = 0}}, {events = 0, data = {ptr = 0x922230, fd = 9577008, u32 = 9577008, u64 = 9577008}}, {events = 9577008, data = {ptr = 0x66c6d000000000, fd = 0, u32 = 0, u64 = 28929044279984128}}, {events = 0, data = {ptr = 0x11, fd = 17, u32 = 17, u64 = 17}}, {events = 5671446, data = {ptr = 0x90009000000000, fd = 0, u32 = 0, u64 = 40533015121625088}}, {events = 0, data = {ptr = 0x7fffffffdf00, fd = -8448, u32 = 4294958848, u64 = 140737488346880}}, {events = 9444360, data = {ptr = 0x90157000000000, fd = 0, u32 = 0, u64 = 40555967426854912}}, {events = 0, data = {ptr = 0x58a720 <Connection::handleTimeout(std::weak_ptr<Connection>, boost::system::error_code const&)>, fd = 5809952, u32 = 5809952, u64 = 5809952}}, {events = 9444496, data = {ptr = 0x901c8000000000, fd = 0, u32 = 0, u64 = 40563732727726080}}, {events = 0, data = {ptr = 0x900090, fd = 9437328, u32 = 9437328, u64 = 9437328}}}
2020-10-19 18:45:28 -          num_events = <optimized out>
2020-10-19 18:45:28 -          check_timers = <optimized out>
2020-10-19 18:45:28 -  #2  0x000000000055dcd3 in do_run_one (ec=..., this_thread=..., lock=<synthetic pointer>, this=0x900090) at /usr/include/boost/asio/detail/impl/task_io_service.ipp:356
2020-10-19 18:45:28 -          more_handlers = <optimized out>
2020-10-19 18:45:28 -  #3  run (ec=..., this=0x900090) at /usr/include/boost/asio/detail/impl/task_io_service.ipp:149
2020-10-19 18:45:28 -          this_thread = {private_op_queue = {front_ = 0x0, back_ = 0x0}, private_outstanding_work = 0}
2020-10-19 18:45:28 -          ctx = {key_ = 0x900090, value_ = 0x7fffffffdf40, next_ = 0x0}
2020-10-19 18:45:28 -          lock = {mutex_ = @0x9000c0, locked_ = <optimized out>}
2020-10-19 18:45:28 -          n = 189
2020-10-19 18:45:28 -  #4  _ZN5boost4asio10io_service3runEv.isra.226 () at /usr/include/boost/asio/impl/io_service.ipp:59
2020-10-19 18:45:28 -          ec = {m_val = 0, m_cat = 0x7ffff71e50e0}
2020-10-19 18:45:28 -  #5  ServiceManager::run() (this=this@entry=0x7fffffffdff0) at /home/otg/src/server.cpp:47
2020-10-19 18:45:28 -  No locals.
2020-10-19 18:45:28 -  #6  0x0000000000474c46 in main (argc=1, argv=0x7fffffffe1b8) at /home/otg/src/otserv.cpp:96
2020-10-19 18:45:28 -          serviceManager = {acceptors = {_M_h = {_M_buckets = 0x7fffc9c2e8e0, _M_bucket_count = 5, _M_before_begin = {_M_nxt = 0x7fffc9c2e8b0}, _M_element_count = 2, _M_rehash_policy = {_M_max_load_factor = 1, _M_next_resize = 5}, _M_single_bucket = 0x0}}, io_service = {service_registry_ = 0x900040, impl_ = @0x900090}, signals = {set = {<No data fields>}}, death_timer = {<No data fields>}, running = true}
2020-10-19 18:45:28 -  A debugging session is active.
2020-10-19 18:45:28 -  
2020-10-19 18:45:28 -  	Inferior 1 [process 26389] will be killed.
2020-10-19 18:45:28 -  
2020-10-19 18:45:28 -  Quit anyway? (y or n) [answered Y; input not from terminal]
