2020-10-20 13:14:14 -  [Thread debugging using libthread_db enabled]
2020-10-20 13:14:14 -  Using host libthread_db library "/lib/x86_64-linux-gnu/libthread_db.so.1".
2020-10-20 13:14:14 -  [New Thread 0x7ffff3dbb700 (LWP 1513)]
2020-10-20 13:14:14 -  [New Thread 0x7ffff35ba700 (LWP 1514)]
2020-10-20 13:14:14 -  The OTG-Premium-Version - Version: (1.3)
2020-10-20 13:14:14 -  Compiled with: GNU C++ version 5.4.0 20160609
2020-10-20 13:14:14 -  Compiled on Sep 17 2020 19:49:36 for platform x64
2020-10-20 13:14:14 -  
2020-10-20 13:14:14 -  Special Credits for: OTG Team, Johncore, Vankk, Erick Nunes, Leonardo Pereira, Leandro Baldissera, Talis, Marcomoa, Marson Schneider, Douglas, Mark Samman, OTXServer (Mattyx Gomez) and The Forgotten Server Developers.
2020-10-20 13:14:14 -  Link of repository: https://github.com/Johncorex/OTG-Premium-Version
2020-10-20 13:14:14 -  
2020-10-20 13:14:14 -  >> Loading config: config.lua
2020-10-20 13:14:15 -  >> Establishing database connection... MySQL 5.7.31
2020-10-20 13:14:15 -  >> Running database manager
2020-10-20 13:14:15 -  [New Thread 0x7ffff2ba7700 (LWP 1515)]
2020-10-20 13:14:15 -  > No tables were optimized.
2020-10-20 13:14:15 -  >> Loading vocations
2020-10-20 13:14:15 -  >> Loading items
2020-10-20 13:14:15 -  >> Loading script systems
2020-10-20 13:14:15 -  >> Loading lua libs
2020-10-20 13:14:15 -  [Warning - Event::checkScript] Can not load script: scripts/expboostaction.lua
2020-10-20 13:14:15 -  cannot open data/actions/scripts/expboostaction.lua: No such file or directory
2020-10-20 13:14:16 -  >> Loading lua scripts
2020-10-20 13:14:16 -  >> Loading monsters
2020-10-20 13:14:16 -  >> Loading lua monsters
2020-10-20 13:14:16 -  >> Loading outfits
2020-10-20 13:14:16 -  >> Loading prey data
2020-10-20 13:14:16 -  >> Checking world type... PVP
2020-10-20 13:14:16 -  >> Loading map
2020-10-20 13:14:18 -  > Map size: 34143x33812.
2020-10-20 13:14:24 -  > Map loading time: 7.582 seconds.
2020-10-20 13:14:25 -  > Loaded house items in: 0.02 s
2020-10-20 13:14:25 -  >> Initializing gamestate
2020-10-20 13:14:27 -  >> Loaded 43 npcs and spawned 72708 monsters.
2020-10-20 13:14:27 -  >> Loaded 27 towns with 1074 houses in total.
2020-10-20 13:14:27 -  [Castle War]
2020-10-20 13:14:27 -  [POWERGAMERS]
2020-10-20 13:14:27 -  [SISTEMA DE LOTERIA] OPERANTE
2020-10-20 13:14:27 -  Advanced NPC spawn system | All NPCs will be loaded trough lib.
2020-10-20 13:14:27 -  [REGEN BOOST] CARREGADO
2020-10-20 13:14:27 -  [SPOOF COUNTER]
2020-10-20 13:14:27 -  [STAMINA]
2020-10-20 13:14:27 -  warvariables
2020-10-20 13:14:27 -  Agenda:	10
2020-10-20 13:14:27 -  eu sou o checkWarmode... 13:14!
2020-10-20 13:14:27 -  13	14	46
2020-10-20 13:14:27 -  >> Loaded all modules, server starting up...
2020-10-20 13:14:27 -  > Warning: OTG-Premium-Version has been executed as root user, please consider running it as a normal user.
2020-10-20 13:14:27 -  >> Honera Global Server Online!
2020-10-20 13:14:27 -  
2020-10-20 13:14:36 -  SABADOU!! NPC HONERA CRIADO
2020-10-20 13:14:36 -  Cacadorzin has logged in.
2020-10-20 13:15:40 -  Thurusbango has logged in.
2020-10-20 13:22:50 -  
2020-10-20 13:22:50 -  Lua Script Error: [Action Interface] 
2020-10-20 13:22:50 -  data/actions/scripts/rewardchest.lua:onUse
2020-10-20 13:22:50 -  data/actions/scripts/rewardchest.lua:2: attempt to call method 'updateRewardChest' (a nil value)
2020-10-20 13:22:50 -  stack traceback:
2020-10-20 13:22:50 -  	[C]: in function 'updateRewardChest'
2020-10-20 13:22:50 -  	data/actions/scripts/rewardchest.lua:2: in function <data/actions/scripts/rewardchest.lua:1>
2020-10-20 13:22:50 -  
2020-10-20 13:22:50 -  Lua Script Error: [Action Interface] 
2020-10-20 13:22:50 -  data/actions/scripts/rewardchest.lua:onUse
2020-10-20 13:22:50 -  data/actions/scripts/rewardchest.lua:2: attempt to call method 'updateRewardChest' (a nil value)
2020-10-20 13:22:50 -  stack traceback:
2020-10-20 13:22:50 -  	[C]: in function 'updateRewardChest'
2020-10-20 13:22:50 -  	data/actions/scripts/rewardchest.lua:2: in function <data/actions/scripts/rewardchest.lua:1>
2020-10-20 13:28:33 -  Gamestore: Purchase failed due to an unhandled script error. 
2020-10-20 13:28:33 -  	Stacktrace: data/modules/scripts/gamestore/init.lua:1549: attempt to call method 'getPreyBonusRerolls' (a nil value)
2020-10-20 13:28:33 -  
2020-10-20 13:28:33 -  Gamestore: Purchase failed due to an unhandled script error. 
2020-10-20 13:28:33 -  	Stacktrace: data/modules/scripts/gamestore/init.lua:1549: attempt to call method 'getPreyBonusRerolls' (a nil value)
2020-10-20 13:28:33 -  
2020-10-20 13:28:33 -  Gamestore: Purchase failed due to an unhandled script error. 
2020-10-20 13:28:33 -  	Stacktrace: data/modules/scripts/gamestore/init.lua:1549: attempt to call method 'getPreyBonusRerolls' (a nil value)
2020-10-20 13:28:33 -  
2020-10-20 13:28:33 -  Cacadorzin has logged out.
2020-10-20 13:28:35 -  Cacadorzin has logged in.
2020-10-20 13:28:36 -  
2020-10-20 13:28:36 -  Lua Script Error: [Modules Interface] 
2020-10-20 13:28:36 -  data/modules/scripts/prey system/prey.lua:onRecvbyte
2020-10-20 13:28:36 -  data/modules/scripts/prey system/prey.lua:376: attempt to call method 'getPreyMonsterList' (a nil value)
2020-10-20 13:28:36 -  stack traceback:
2020-10-20 13:28:36 -  	[C]: in function 'getPreyMonsterList'
2020-10-20 13:28:36 -  	data/modules/scripts/prey system/prey.lua:376: in function 'sendPreyData'
2020-10-20 13:28:36 -  	data/modules/scripts/prey system/prey.lua:212: in function <data/modules/scripts/prey system/prey.lua:210>
2020-10-20 13:28:36 -  
2020-10-20 13:28:36 -  Lua Script Error: [Modules Interface] 
2020-10-20 13:28:36 -  data/modules/scripts/prey system/prey.lua:onRecvbyte
2020-10-20 13:28:36 -  data/modules/scripts/prey system/prey.lua:376: attempt to call method 'getPreyMonsterList' (a nil value)
2020-10-20 13:28:36 -  stack traceback:
2020-10-20 13:28:36 -  	[C]: in function 'getPreyMonsterList'
2020-10-20 13:28:36 -  	data/modules/scripts/prey system/prey.lua:376: in function 'sendPreyData'
2020-10-20 13:28:36 -  	data/modules/scripts/prey system/prey.lua:212: in function <data/modules/scripts/prey system/prey.lua:210>
2020-10-20 13:28:36 -  
2020-10-20 13:28:36 -  Lua Script Error: [Modules Interface] 
2020-10-20 13:28:36 -  data/modules/scripts/prey system/prey.lua:onRecvbyte
2020-10-20 13:28:36 -  data/modules/scripts/prey system/prey.lua:376: attempt to call method 'getPreyMonsterList' (a nil value)
2020-10-20 13:28:36 -  stack traceback:
2020-10-20 13:28:36 -  	[C]: in function 'getPreyMonsterList'
2020-10-20 13:28:36 -  	data/modules/scripts/prey system/prey.lua:376: in function 'sendPreyData'
2020-10-20 13:28:36 -  	data/modules/scripts/prey system/prey.lua:212: in function <data/modules/scripts/prey system/prey.lua:210>
2020-10-20 13:30:42 -  Gamestore: Purchase failed due to an unhandled script error. 
2020-10-20 13:30:42 -  	Stacktrace: data/modules/scripts/gamestore/init.lua:1549: attempt to call method 'getPreyBonusRerolls' (a nil value)
2020-10-20 13:30:42 -  
2020-10-20 13:30:42 -  Gamestore: Purchase failed due to an unhandled script error. 
2020-10-20 13:30:42 -  	Stacktrace: data/modules/scripts/gamestore/init.lua:1549: attempt to call method 'getPreyBonusRerolls' (a nil value)
2020-10-20 13:30:42 -  
2020-10-20 13:30:42 -  Pai Do Easy has logged in.
2020-10-20 13:31:03 -  
2020-10-20 13:31:03 -  Lua Script Error: [Modules Interface] 
2020-10-20 13:31:03 -  data/modules/scripts/prey system/prey.lua:onRecvbyte
2020-10-20 13:31:03 -  data/modules/scripts/prey system/prey.lua:376: attempt to call method 'getPreyMonsterList' (a nil value)
2020-10-20 13:31:03 -  stack traceback:
2020-10-20 13:31:03 -  	[C]: in function 'getPreyMonsterList'
2020-10-20 13:31:03 -  	data/modules/scripts/prey system/prey.lua:376: in function 'sendPreyData'
2020-10-20 13:31:03 -  	data/modules/scripts/prey system/prey.lua:212: in function <data/modules/scripts/prey system/prey.lua:210>
2020-10-20 13:32:16 -  ip inválido
2020-10-20 13:32:16 -  ip inválido
2020-10-20 13:32:16 -  Pai Do Easy has logged out.
2020-10-20 13:32:27 -  
2020-10-20 13:32:27 -  Lua Script Error: [Modules Interface] 
2020-10-20 13:32:27 -  data/modules/scripts/prey system/prey.lua:onRecvbyte
2020-10-20 13:32:27 -  data/modules/scripts/prey system/prey.lua:376: attempt to call method 'getPreyMonsterList' (a nil value)
2020-10-20 13:32:27 -  stack traceback:
2020-10-20 13:32:27 -  	[C]: in function 'getPreyMonsterList'
2020-10-20 13:32:27 -  	data/modules/scripts/prey system/prey.lua:376: in function 'sendPreyData'
2020-10-20 13:32:27 -  	data/modules/scripts/prey system/prey.lua:212: in function <data/modules/scripts/prey system/prey.lua:210>
2020-10-20 13:32:55 -  Cacadorzin has logged out.
2020-10-20 13:33:06 -  Pai Do Easy has logged in.
2020-10-20 13:35:29 -  
2020-10-20 13:35:29 -  Lua Script Error: [Modules Interface] 
2020-10-20 13:35:29 -  data/modules/scripts/prey system/prey.lua:onRecvbyte
2020-10-20 13:35:29 -  data/modules/scripts/prey system/prey.lua:376: attempt to call method 'getPreyMonsterList' (a nil value)
2020-10-20 13:35:29 -  stack traceback:
2020-10-20 13:35:29 -  	[C]: in function 'getPreyMonsterList'
2020-10-20 13:35:29 -  	data/modules/scripts/prey system/prey.lua:376: in function 'sendPreyData'
2020-10-20 13:35:29 -  	data/modules/scripts/prey system/prey.lua:212: in function <data/modules/scripts/prey system/prey.lua:210>
2020-10-20 13:35:40 -  
2020-10-20 13:35:40 -  Lua Script Error: [Modules Interface] 
2020-10-20 13:35:40 -  data/modules/scripts/prey system/prey.lua:onRecvbyte
2020-10-20 13:35:40 -  data/modules/scripts/prey system/prey.lua:376: attempt to call method 'getPreyMonsterList' (a nil value)
2020-10-20 13:35:40 -  stack traceback:
2020-10-20 13:35:40 -  	[C]: in function 'getPreyMonsterList'
2020-10-20 13:35:40 -  	data/modules/scripts/prey system/prey.lua:376: in function 'sendPreyData'
2020-10-20 13:35:40 -  	data/modules/scripts/prey system/prey.lua:212: in function <data/modules/scripts/prey system/prey.lua:210>
2020-10-20 13:36:02 -  
2020-10-20 13:36:02 -  Lua Script Error: [Modules Interface] 
2020-10-20 13:36:02 -  data/modules/scripts/prey system/prey.lua:onRecvbyte
2020-10-20 13:36:02 -  data/modules/scripts/prey system/prey.lua:376: attempt to call method 'getPreyMonsterList' (a nil value)
2020-10-20 13:36:02 -  stack traceback:
2020-10-20 13:36:02 -  	[C]: in function 'getPreyMonsterList'
2020-10-20 13:36:02 -  	data/modules/scripts/prey system/prey.lua:376: in function 'sendPreyData'
2020-10-20 13:36:02 -  	data/modules/scripts/prey system/prey.lua:212: in function <data/modules/scripts/prey system/prey.lua:210>
2020-10-20 13:36:29 -  
2020-10-20 13:36:29 -  Lua Script Error: [Modules Interface] 
2020-10-20 13:36:29 -  data/modules/scripts/prey system/prey.lua:onRecvbyte
2020-10-20 13:36:29 -  data/modules/scripts/prey system/prey.lua:376: attempt to call method 'getPreyMonsterList' (a nil value)
2020-10-20 13:36:29 -  stack traceback:
2020-10-20 13:36:29 -  	[C]: in function 'getPreyMonsterList'
2020-10-20 13:36:29 -  	data/modules/scripts/prey system/prey.lua:376: in function 'sendPreyData'
2020-10-20 13:36:29 -  	data/modules/scripts/prey system/prey.lua:212: in function <data/modules/scripts/prey system/prey.lua:210>
2020-10-20 13:36:55 -  
2020-10-20 13:36:55 -  Lua Script Error: [Modules Interface] 
2020-10-20 13:36:55 -  data/modules/scripts/prey system/prey.lua:onRecvbyte
2020-10-20 13:36:55 -  data/modules/scripts/prey system/prey.lua:376: attempt to call method 'getPreyMonsterList' (a nil value)
2020-10-20 13:36:55 -  stack traceback:
2020-10-20 13:36:55 -  	[C]: in function 'getPreyMonsterList'
2020-10-20 13:36:55 -  	data/modules/scripts/prey system/prey.lua:376: in function 'sendPreyData'
2020-10-20 13:36:55 -  	data/modules/scripts/prey system/prey.lua:212: in function <data/modules/scripts/prey system/prey.lua:210>
2020-10-20 13:38:25 -  Gamestore: Purchase failed due to an unhandled script error. 
2020-10-20 13:38:25 -  	Stacktrace: data/modules/scripts/gamestore/init.lua:1549: attempt to call method 'getPreyBonusRerolls' (a nil value)
2020-10-20 13:38:25 -  
2020-10-20 13:38:25 -  Gamestore: Purchase failed due to an unhandled script error. 
2020-10-20 13:38:25 -  	Stacktrace: data/modules/scripts/gamestore/init.lua:1549: attempt to call method 'getPreyBonusRerolls' (a nil value)
2020-10-20 13:38:25 -  
2020-10-20 13:38:25 -  Gamestore: Purchase failed due to an unhandled script error. 
2020-10-20 13:38:25 -  	Stacktrace: data/modules/scripts/gamestore/init.lua:1549: attempt to call method 'getPreyBonusRerolls' (a nil value)
2020-10-20 13:38:25 -  
2020-10-20 13:38:25 -  
2020-10-20 13:38:25 -  Lua Script Error: [Modules Interface] 
2020-10-20 13:38:25 -  data/modules/scripts/prey system/prey.lua:onRecvbyte
2020-10-20 13:38:25 -  data/modules/scripts/prey system/prey.lua:376: attempt to call method 'getPreyMonsterList' (a nil value)
2020-10-20 13:38:25 -  stack traceback:
2020-10-20 13:38:25 -  	[C]: in function 'getPreyMonsterList'
2020-10-20 13:38:25 -  	data/modules/scripts/prey system/prey.lua:376: in function 'sendPreyData'
2020-10-20 13:38:25 -  	data/modules/scripts/prey system/prey.lua:212: in function <data/modules/scripts/prey system/prey.lua:210>
2020-10-20 13:38:32 -  Gamestore: Purchase failed due to an unhandled script error. 
2020-10-20 13:38:32 -  	Stacktrace: data/modules/scripts/gamestore/init.lua:1549: attempt to call method 'getPreyBonusRerolls' (a nil value)
2020-10-20 13:38:32 -  
2020-10-20 13:38:32 -  Thurusbango has logged out.
2020-10-20 13:38:33 -  Thurusbango has logged in.
2020-10-20 13:38:50 -  Thurusbango has logged out.
2020-10-20 13:38:51 -  [IOLoginData::gameworldAuthentication] Not able to find player(Thurusbango)
2020-10-20 13:38:53 -  [IOLoginData::gameworldAuthentication] Not able to find player(Thurusbango)
2020-10-20 13:38:59 -  Biro Biro has logged in.
2020-10-20 13:39:20 -  
2020-10-20 13:39:20 -  Lua Script Error: [Modules Interface] 
2020-10-20 13:39:20 -  data/modules/scripts/prey system/prey.lua:onRecvbyte
2020-10-20 13:39:20 -  data/modules/scripts/prey system/prey.lua:376: attempt to call method 'getPreyMonsterList' (a nil value)
2020-10-20 13:39:20 -  stack traceback:
2020-10-20 13:39:20 -  	[C]: in function 'getPreyMonsterList'
2020-10-20 13:39:20 -  	data/modules/scripts/prey system/prey.lua:376: in function 'sendPreyData'
2020-10-20 13:39:20 -  	data/modules/scripts/prey system/prey.lua:212: in function <data/modules/scripts/prey system/prey.lua:210>
2020-10-20 13:44:31 -  
2020-10-20 13:44:31 -  Lua Script Error: [Modules Interface] 
2020-10-20 13:44:31 -  data/modules/scripts/prey system/prey.lua:onRecvbyte
2020-10-20 13:44:31 -  data/modules/scripts/prey system/prey.lua:376: attempt to call method 'getPreyMonsterList' (a nil value)
2020-10-20 13:44:31 -  stack traceback:
2020-10-20 13:44:31 -  	[C]: in function 'getPreyMonsterList'
2020-10-20 13:44:31 -  	data/modules/scripts/prey system/prey.lua:376: in function 'sendPreyData'
2020-10-20 13:44:31 -  	data/modules/scripts/prey system/prey.lua:212: in function <data/modules/scripts/prey system/prey.lua:210>
2020-10-20 13:51:45 -  [Debug - Game::internalDecayItem] internalDecayItem failed, error code: 1, item id: 2021
2020-10-20 13:51:58 -  [Debug - Game::internalDecayItem] internalDecayItem failed, error code: 1, item id: 2021
2020-10-20 13:52:02 -  [Debug - Game::internalDecayItem] internalDecayItem failed, error code: 1, item id: 2021
2020-10-20 13:54:00 -  [Debug - Game::internalDecayItem] internalDecayItem failed, error code: 1, item id: 2021
2020-10-20 13:54:01 -  [Debug - Game::internalDecayItem] internalDecayItem failed, error code: 1, item id: 2021
2020-10-20 13:54:02 -  [Debug - Game::internalDecayItem] internalDecayItem failed, error code: 1, item id: 2021
2020-10-20 13:54:02 -  [Debug - Game::internalDecayItem] internalDecayItem failed, error code: 1, item id: 2021
2020-10-20 13:54:02 -  [Debug - Game::internalDecayItem] internalDecayItem failed, error code: 1, item id: 2021
2020-10-20 13:54:45 -  ip inválido
2020-10-20 13:54:45 -  Pai Do Easy has logged out.
2020-10-20 13:58:03 -  108
2020-10-20 13:58:03 -  [Debug - Game::internalDecayItem] internalDecayItem failed, error code: 1, item id: 2018
2020-10-20 13:58:03 -  [Debug - Game::internalDecayItem] internalDecayItem failed, error code: 1, item id: 2018
2020-10-20 14:00:10 -  108
2020-10-20 14:00:10 -  108
2020-10-20 14:00:10 -  108
2020-10-20 14:00:10 -  108
2020-10-20 14:00:10 -  108
2020-10-20 14:00:10 -  108
2020-10-20 14:00:10 -  [Debug - Game::internalDecayItem] internalDecayItem failed, error code: 1, item id: 2018
2020-10-20 14:43:17 -  
2020-10-20 14:43:17 -  Thread 2 "tfs" received signal SIGSEGV, Segmentation fault.
2020-10-20 14:43:17 -  [Switching to Thread 0x7ffff3dbb700 (LWP 1513)]
2020-10-20 14:43:17 -  0x000000000059b718 in Game::internalRemoveItem(Item*, int, bool, unsigned int) (this=this@entry=0x8e7760 <g_game>, item=item@entry=0x7fffa7bf5c30, count=count@entry=-1, test=test@entry=false, flags=flags@entry=0) at /home/otg/src/game.cpp:1422
2020-10-20 14:43:17 -  1422		Tile* fromTile = cylinder->getTile();
2020-10-20 14:43:17 -  
2020-10-20 14:43:17 -  Thread 4 (Thread 0x7ffff2ba7700 (LWP 1515)):
2020-10-20 14:43:17 -  #0  pthread_cond_wait@@GLIBC_2.3.2 () at ../sysdeps/unix/sysv/linux/x86_64/pthread_cond_wait.S:185
2020-10-20 14:43:17 -  No locals.
2020-10-20 14:43:17 -  #1  0x00007ffff5e7491c in std::condition_variable::wait(std::unique_lock<std::mutex>&) () from /usr/lib/x86_64-linux-gnu/libstdc++.so.6
2020-10-20 14:43:17 -  No symbol table info available.
2020-10-20 14:43:17 -  #2  0x00000000006228bf in DatabaseTasks::threadMain() (this=0x8e39a0 <g_databaseTasks>) at /home/otg/src/databasetasks.cpp:42
2020-10-20 14:43:17 -          taskLockUnique = {_M_device = 0x8e3a08 <g_databaseTasks+104>, _M_owns = true}
2020-10-20 14:43:17 -  #3  0x00007ffff5e79c80 in ?? () from /usr/lib/x86_64-linux-gnu/libstdc++.so.6
2020-10-20 14:43:17 -  No symbol table info available.
2020-10-20 14:43:17 -  #4  0x00007ffff614a6ba in start_thread (arg=0x7ffff2ba7700) at pthread_create.c:333
2020-10-20 14:43:17 -          __res = <optimized out>
2020-10-20 14:43:17 -          pd = 0x7ffff2ba7700
2020-10-20 14:43:17 -          now = <optimized out>
2020-10-20 14:43:17 -          unwind_buf = {cancel_jmp_buf = {{jmp_buf = {140737265694464, -4682122142280643611, 0, 140737284647471, 140737265695168, 9334528, 4682098481817390053, 4682106021943249893}, mask_was_saved = 0}}, priv = {pad = {0x0, 0x0, 0x0, 0x0}, data = {prev = 0x0, cleanup = 0x0, canceltype = 0}}}
2020-10-20 14:43:17 -          not_first_call = <optimized out>
2020-10-20 14:43:17 -          pagesize_m1 = <optimized out>
2020-10-20 14:43:17 -          sp = <optimized out>
2020-10-20 14:43:17 -          freesize = <optimized out>
2020-10-20 14:43:17 -          __PRETTY_FUNCTION__ = "start_thread"
2020-10-20 14:43:17 -  #5  0x00007ffff7b144dd in clone () at ../sysdeps/unix/sysv/linux/x86_64/clone.S:109
2020-10-20 14:43:17 -  No locals.
2020-10-20 14:43:17 -  
2020-10-20 14:43:17 -  Thread 3 (Thread 0x7ffff35ba700 (LWP 1514)):
2020-10-20 14:43:17 -  #0  pthread_cond_timedwait@@GLIBC_2.3.2 () at ../sysdeps/unix/sysv/linux/x86_64/pthread_cond_timedwait.S:225
2020-10-20 14:43:17 -  No locals.
2020-10-20 14:43:17 -  #1  0x0000000000506210 in __gthread_cond_timedwait () at /usr/include/x86_64-linux-gnu/c++/5/bits/gthr-default.h:871
2020-10-20 14:43:17 -  No locals.
2020-10-20 14:43:17 -  #2  std::condition_variable::__wait_until_impl (__atime=..., __lock=..., this=0x8e6fa0 <g_scheduler+64>) at /usr/include/c++/5/condition_variable:165
2020-10-20 14:43:17 -          __ts = {tv_sec = 1603219396, tv_nsec = 952632412}
2020-10-20 14:43:17 -  #3  std::condition_variable::wait_until<std::chrono::duration<long, std::ratio<1l, 1000000000l> > > () at /usr/include/c++/5/condition_variable:105
2020-10-20 14:43:17 -          __lock = @0x7ffff35b9e90: {_M_device = 0x8e6f78 <g_scheduler+24>, _M_owns = true}
2020-10-20 14:43:17 -          this = 0x8e6fa0 <g_scheduler+64>
2020-10-20 14:43:17 -  #4  Scheduler::threadMain (this=0x8e6f60 <g_scheduler>) at /home/otg/src/scheduler.cpp:36
2020-10-20 14:43:17 -          ret = std::cv_status::no_timeout
2020-10-20 14:43:17 -          eventLockUnique = {_M_device = 0x8e6f78 <g_scheduler+24>, _M_owns = true}
2020-10-20 14:43:17 -  #5  0x00007ffff5e79c80 in ?? () from /usr/lib/x86_64-linux-gnu/libstdc++.so.6
2020-10-20 14:43:17 -  No symbol table info available.
2020-10-20 14:43:17 -  #6  0x00007ffff614a6ba in start_thread (arg=0x7ffff35ba700) at pthread_create.c:333
2020-10-20 14:43:17 -          __res = <optimized out>
2020-10-20 14:43:17 -          pd = 0x7ffff35ba700
2020-10-20 14:43:17 -          now = <optimized out>
2020-10-20 14:43:17 -          unwind_buf = {cancel_jmp_buf = {{jmp_buf = {140737276258048, -4682122142280643611, 0, 140737488346847, 140737276258752, 9437376, 4682094348448238565, 4682106021943249893}, mask_was_saved = 0}}, priv = {pad = {0x0, 0x0, 0x0, 0x0}, data = {prev = 0x0, cleanup = 0x0, canceltype = 0}}}
2020-10-20 14:43:17 -          not_first_call = <optimized out>
2020-10-20 14:43:17 -          pagesize_m1 = <optimized out>
2020-10-20 14:43:17 -          sp = <optimized out>
2020-10-20 14:43:17 -          freesize = <optimized out>
2020-10-20 14:43:17 -          __PRETTY_FUNCTION__ = "start_thread"
2020-10-20 14:43:17 -  #7  0x00007ffff7b144dd in clone () at ../sysdeps/unix/sysv/linux/x86_64/clone.S:109
2020-10-20 14:43:17 -  No locals.
2020-10-20 14:43:17 -  
2020-10-20 14:43:17 -  Thread 2 (Thread 0x7ffff3dbb700 (LWP 1513)):
2020-10-20 14:43:17 -  #0  0x000000000059b718 in Game::internalRemoveItem(Item*, int, bool, unsigned int) (this=this@entry=0x8e7760 <g_game>, item=item@entry=0x7fffa7bf5c30, count=count@entry=-1, test=test@entry=false, flags=flags@entry=0) at /home/otg/src/game.cpp:1422
2020-10-20 14:43:17 -          cylinder = 0x7fff9f8e7e38
2020-10-20 14:43:17 -          fromTile = 0x8e6f78 <g_scheduler+24>
2020-10-20 14:43:17 -          ret = <optimized out>
2020-10-20 14:43:17 -  #1  0x00000000005b11c7 in Game::internalDecayItem(Item*) (this=0x8e7760 <g_game>, item=0x7fffa7bf5c30) at /home/otg/src/game.cpp:4920
2020-10-20 14:43:17 -          ret = <optimized out>
2020-10-20 14:43:17 -          it = <optimized out>
2020-10-20 14:43:17 -  #2  0x00000000005b140b in Game::checkDecay() (this=0x8e7760 <g_game>) at /home/otg/src/game.cpp:4953
2020-10-20 14:43:17 -          item = 0x7fffa7bf5c30
2020-10-20 14:43:17 -          duration = <optimized out>
2020-10-20 14:43:17 -          bucket = 1
2020-10-20 14:43:17 -          it = {_M_node = 0x7fff271b3a10}
2020-10-20 14:43:17 -          end = {_M_node = 0x8e7bf8 <g_game+1176>}
2020-10-20 14:43:17 -  #3  0x000000000055af2d in std::function<void ()>::operator()() const () at /usr/include/c++/5/functional:2267
2020-10-20 14:43:17 -          this = 0x7ffefbd16ba0
2020-10-20 14:43:17 -  #4  Task::operator()() () at /home/otg/src/tasks.h:42
2020-10-20 14:43:17 -          this = 0x7ffefbd16b90
2020-10-20 14:43:17 -  #5  Dispatcher::threadMain() (this=0x8e6ec0 <g_dispatcher>) at /home/otg/src/tasks.cpp:62
2020-10-20 14:43:17 -          task = 0x7ffefbd16b90
2020-10-20 14:43:17 -          taskLockUnique = {_M_device = 0x8e6ed8 <g_dispatcher+24>, _M_owns = false}
2020-10-20 14:43:17 -  #6  0x00007ffff5e79c80 in ?? () from /usr/lib/x86_64-linux-gnu/libstdc++.so.6
2020-10-20 14:43:17 -  No symbol table info available.
2020-10-20 14:43:17 -  #7  0x00007ffff614a6ba in start_thread (arg=0x7ffff3dbb700) at pthread_create.c:333
2020-10-20 14:43:17 -          __res = <optimized out>
2020-10-20 14:43:17 -          pd = 0x7ffff3dbb700
2020-10-20 14:43:17 -          now = <optimized out>
2020-10-20 14:43:17 -          unwind_buf = {cancel_jmp_buf = {{jmp_buf = {140737284650752, -4682122142280643611, 0, 140737488346847, 140737284651456, 9437376, 4682095447422995429, 4682106021943249893}, mask_was_saved = 0}}, priv = {pad = {0x0, 0x0, 0x0, 0x0}, data = {prev = 0x0, cleanup = 0x0, canceltype = 0}}}
2020-10-20 14:43:17 -          not_first_call = <optimized out>
2020-10-20 14:43:17 -          pagesize_m1 = <optimized out>
2020-10-20 14:43:17 -          sp = <optimized out>
2020-10-20 14:43:17 -          freesize = <optimized out>
2020-10-20 14:43:17 -          __PRETTY_FUNCTION__ = "start_thread"
2020-10-20 14:43:17 -  #8  0x00007ffff7b144dd in clone () at ../sysdeps/unix/sysv/linux/x86_64/clone.S:109
2020-10-20 14:43:17 -  No locals.
2020-10-20 14:43:17 -  
2020-10-20 14:43:17 -  Thread 1 (Thread 0x7ffff7fe6740 (LWP 1509)):
2020-10-20 14:43:17 -  #0  0x00007ffff7b14ad3 in epoll_wait () at ../sysdeps/unix/syscall-template.S:84
2020-10-20 14:43:17 -  No locals.
2020-10-20 14:43:17 -  #1  0x00000000005b70e7 in boost::asio::detail::epoll_reactor::run(bool, boost::asio::detail::op_queue<boost::asio::detail::task_io_service_operation>&) [clone .constprop.204] (this=0x901570, block=<optimized out>, ops=...) at /usr/include/boost/asio/detail/impl/epoll_reactor.ipp:392
2020-10-20 14:43:17 -          timeout = <optimized out>
2020-10-20 14:43:17 -          events = {{events = 17, data = {ptr = 0x9126f0, fd = 9512688, u32 = 9512688, u64 = 9512688}}, {events = 0, data = {ptr = 0x0, fd = 0, u32 = 0, u64 = 0}} <repeats 16 times>, {events = 0, data = {ptr = 0x3433310000000000, fd = 0, u32 = 0, u64 = 3761403989854257152}}, {events = 0, data = {ptr = 0xffffd9c000000000, fd = 0, u32 = 0, u64 = 18446702017389789184}}, {events = 32767, data = {ptr = 0x11, fd = 17, u32 = 17, u64 = 17}}, {events = 4294958048, data = {ptr = 0x66d31200007fff, fd = 32767, u32 = 32767, u64 = 28942521887391743}}, {events = 0, data = {ptr = 0x7fffffffdaf8, fd = -9480, u32 = 4294957816, u64 = 140737488345848}}, {events = 1, data = {ptr = 0xffffd9c000000000, fd = 0, u32 = 0, u64 = 18446702017389789184}}, {events = 32767, data = {ptr = 0x7ffff7b23814 <___vsprintf_chk+132>, fd = -139315180, u32 = 4155652116, u64 = 140737349040148}}, {events = 4222451713, data = {ptr = 0xffffdbe000000000, fd = 0, u32 = 0, u64 = 18446704353851998208}}, {events = 32767, data = {ptr = 0x7fffffffdbe0, fd = -9248, u32 = 4294958048, u64 = 140737488346080}}, {events = 4294958048, data = {ptr = 0xffffdbe000007fff, fd = 32767, u32 = 32767, u64 = 18446704353852030975}}, {events = 32767, data = {ptr = 0x7fffffffdbeb, fd = -9237, u32 = 4294958059, u64 = 140737488346091}}, {events = 4294958064, data = {ptr = 0xffffdbe000007fff, fd = 32767, u32 = 32767, u64 = 18446704353852030975}}, {events = 32767, data = {ptr = 0x7fffffffdbf0, fd = -9232, u32 = 4294958064, u64 = 140737488346096}}, {events = 0, data = {ptr = 0x0, fd = 0, u32 = 0, u64 = 0}}, {events = 0, data = {ptr = 0x0, fd = 0, u32 = 0, u64 = 0}}, {events = 0, data = {ptr = 0x0, fd = 0, u32 = 0, u64 = 0}}, {events = 0, data = {ptr = 0x400000000, fd = 0, u32 = 0, u64 = 17179869184}}, {events = 0, data = {ptr = 0x0, fd = 0, u32 = 0, u64 = 0}}, {events = 0, data = {ptr = 0x0, fd = 0, u32 = 0, u64 = 0}}, {events = 0, data = {ptr = 0x5f8f2fb300000000, fd = 0, u32 = 0, u64 = 6885774801118429184}}, {events = 0, data = {ptr = 0xffffffffffffffff, fd = -1, u32 = 4294967295, u64 = 18446744073709551615}}, {events = 0, data = {ptr = 0x11e1a30000000000, fd = 0, u32 = 0, u64 = 1288490188800000000}}, {events = 0, data = {ptr = 0x7ffff7dd1b20 <main_arena>, fd = -136504544, u32 = 4158462752, u64 = 140737351850784}}, {events = 4294967295, data = {ptr = 0x200000000, fd = 0, u32 = 0, u64 = 8589934592}}, {events = 0, data = {ptr = 0x7fffd7378a00, fd = -684226048, u32 = 3610741248, u64 = 140736804129280}}, {events = 4158458208, data = {ptr = 0x7fff, fd = 32767, u32 = 32767, u64 = 32767}}, {events = 0, data = {ptr = 0x7ffff7a8ed0c <_int_malloc+380>, fd = -139924212, u32 = 4155043084, u64 = 140737348431116}}, {events = 2, data = {ptr = 0x5f8f2fbb00000000, fd = 0, u32 = 0, u64 = 6885774835478167552}}, {events = 0, data = {ptr = 0x93aaf0, fd = 9677552, u32 = 9677552, u64 = 9677552}}, {events = 4294957968, data = {ptr = 0x11e1a30000007fff, fd = 32767, u32 = 32767, u64 = 1288490188800032767}}, {events = 0, data = {ptr = 0x18, fd = 24, u32 = 24, u64 = 24}}, {events = 300000000, data = {ptr = 0xffffdb4800000000, fd = 0, u32 = 0, u64 = 18446703701016969216}}, {events = 32767, data = {ptr = 0x9015a0, fd = 9442720, u32 = 9442720, u64 = 9442720}}, {events = 4155289179, data = {ptr = 0x300007fff, fd = 32767, u32 = 32767, u64 = 12884934655}}, {events = 0, data = {ptr = 0x20, fd = 32, u32 = 32, u64 = 32}}, {events = 4, data = {ptr = 0x3000000000, fd = 0, u32 = 0, u64 = 206158430208}}, {events = 0, data = {ptr = 0x7fffffffdb90, fd = -9328, u32 = 4294957968, u64 = 140737488346000}}, {events = 9512144, data = {ptr = 0x248100000000, fd = 0, u32 = 0, u64 = 40136469381120}}, {events = 4294934528, data = {ptr = 0x7fffffffdb7f, fd = -9345, u32 = 4294957951, u64 = 140737488345983}}, {events = 9329, data = {ptr = 0xffffdb8fffff8000, fd = -32768, u32 = 4294934528, u64 = 18446704010254581760}}, {events = 32767, data = {ptr = 0x1, fd = 1, u32 = 1, u64 = 1}}, {events = 4, data = {ptr = 0x31, fd = 49, u32 = 49, u64 = 49}}, {events = 0, data = {ptr = 0x0, fd = 0, u32 = 0, u64 = 0}}, {events = 91, data = {ptr = 0xf7dd1b200000006e, fd = 110, u32 = 110, u64 = 17860461521474158702}}, {events = 32767, data = {ptr = 0x18, fd = 24, u32 = 24, u64 = 24}}, {events = 9334488, data = {ptr = 0x94ab0000000000, fd = 0, u32 = 0, u64 = 41846313041526784}}, {events = 0, data = {ptr = 0x0, fd = 0, u32 = 0, u64 = 0}}, {events = 9334576, data = {ptr = 0xf7a911d400000000, fd = 0, u32 = 0, u64 = 17845814600663040000}}, {events = 32767, data = {ptr = 0x20, fd = 32, u32 = 32, u64 = 32}}, {events = 24, data = {ptr = 0x9122b000000000, fd = 0, u32 = 0, u64 = 40852010932633600}}, {events = 0, data = {ptr = 0x7ffff5e4ee78 <operator new(unsigned long)+24>, fd = -169546120, u32 = 4125421176, u64 = 140737318809208}}, {events = 9334464, data = {ptr = 0x577e8f00000000, fd = 0, u32 = 0, u64 = 24627475619250176}}, {events = 0, data = {ptr = 0x11, fd = 17, u32 = 17, u64 = 17}}, {events = 3825207488, data = {ptr = 0xffffdc3000007fff, fd = 32767, u32 = 32767, u64 = 18446704697449414655}}, {events = 32767, data = {ptr = 0x93aae0, fd = 9677536, u32 = 9677536, u64 = 9677536}}, {events = 9743224, data = {ptr = 0x0, fd = 0, u32 = 0, u64 = 0}}, {events = 0, data = {ptr = 0x7ffff614e4ff <__GI___pthread_mutex_unlock+63>, fd = -166402817, u32 = 4128564479, u64 = 140737321952511}}, {events = 6735568, data = {ptr = 0x1100000000, fd = 0, u32 = 0, u64 = 73014444032}}, {events = 0, data = {ptr = 0x56de50 <Connection::close(bool)+352>, fd = 5693008, u32 = 5693008, u64 = 5693008}}, {events = 9511552, data = {ptr = 0x56f20000000000, fd = 0, u32 = 0, u64 = 24472929811038208}}, {events = 0, data = {ptr = 0x0, fd = 0, u32 = 0, u64 = 0}}, {events = 5768784, data = {ptr = 0x3100000000, fd = 0, u32 = 0, u64 = 210453397504}}, {events = 0, data = {ptr = 0x0, fd = 0, u32 = 0, u64 = 0}}, {events = 0, data = {ptr = 0x0, fd = 0, u32 = 0, u64 = 0}}, {events = 0, data = {ptr = 0x94abd8, fd = 9743320, u32 = 9743320, u64 = 9743320}}, {events = 9677536, data = {ptr = 0x94ab7800000000, fd = 0, u32 = 0, u64 = 41846828437602304}}, {events = 0, data = {ptr = 0x7fffffffde08, fd = -8696, u32 = 4294958600, u64 = 140737488346632}}, {events = 9511104, data = {ptr = 0x56f29e00000000, fd = 0, u32 = 0, u64 = 24473608415870976}}, {events = 0, data = {ptr = 0x9120c0, fd = 9511104, u32 = 9511104, u64 = 9511104}}, {events = 6735568, data = {ptr = 0x0, fd = 0, u32 = 0, u64 = 0}}, {events = 0, data = {ptr = 0x7ffff71e50e0, fd = -149008160, u32 = 4145959136, u64 = 140737339347168}}, {events = 4128564479, data = {ptr = 0x93aae000007fff, fd = 32767, u32 = 32767, u64 = 41564700625895423}}, {events = 0, data = {ptr = 0x7fffa5603eb0, fd = -1520419152, u32 = 2774548144, u64 = 140735967936176}}, {events = 4294958528, data = {ptr = 0x90009000007fff, fd = 32767, u32 = 32767, u64 = 40533015121657855}}, {events = 0, data = {ptr = 0x9120c0, fd = 9511104, u32 = 9511104, u64 = 9511104}}, {events = 9511104, data = {ptr = 0x66c6d000000000, fd = 0, u32 = 0, u64 = 28929044279984128}}, {events = 0, data = {ptr = 0x7fffffffddc0, fd = -8768, u32 = 4294958528, u64 = 140737488346560}}, {events = 5791285, data = {ptr = 0x90009000000000, fd = 0, u32 = 0, u64 = 40533015121625088}}, {events = 0, data = {ptr = 0x93aae0, fd = 9677536, u32 = 9677536, u64 = 9677536}}, {events = 562, data = {ptr = 0x93aae000000000, fd = 0, u32 = 0, u64 = 41564700625862656}}, {events = 0, data = {ptr = 0x7fffffffddc0, fd = -8768, u32 = 4294958528, u64 = 140737488346560}}, {events = 0, data = {ptr = 0x0, fd = 0, u32 = 0, u64 = 0}}, {events = 0, data = {ptr = 0x58a8b4 <Connection::onWriteOperation(boost::system::error_code const&)+260>, fd = 5810356, u32 = 5810356, u64 = 5810356}}, {events = 0, data = {ptr = 0xf71e50e000000000, fd = 0, u32 = 0, u64 = 17806758899672416256}}, {events = 32767, data = {ptr = 0xffffde30, fd = -8656, u32 = 4294958640, u64 = 4294958640}}, {events = 562, data = {ptr = 0x0, fd = 0, u32 = 0, u64 = 0}}, {events = 0, data = {ptr = 0x0, fd = 0, u32 = 0, u64 = 0}}, {events = 4294958640, data = {ptr = 0x58574500007fff, fd = 32767, u32 = 32767, u64 = 24865751814930431}}, {events = 0, data = {ptr = 0x11, fd = 17, u32 = 17, u64 = 17}}, {events = 4155593817, data = {ptr = 0x7fff, fd = 32767, u32 = 32767, u64 = 32767}}, {events = 0, data = {ptr = 0x5828bb <boost::asio::detail::reactive_socket_recv_op_base<boost::asio::mutable_buffers_1>::do_perform(boost::asio::detail::reactor_op*)+171>, fd = 5777595, u32 = 5777595, u64 = 5777595}}, {events = 0, data = {ptr = 0x1000000, fd = 16777216, u32 = 16777216, u64 = 16777216}}, {events = 13, data = {ptr = 0x94abd8, fd = 9743320, u32 = 9743320, u64 = 9743320}}, {events = 9677558, data = {ptr = 0x200000000, fd = 0, u32 = 0, u64 = 8589934592}}, {events = 0, data = {ptr = 0x0, fd = 0, u32 = 0, u64 = 0}}, {events = 0, data = {ptr = 0x56f20000000000, fd = 0, u32 = 0, u64 = 24472929811038208}}, {events = 0, data = {ptr = 0x0, fd = 0, u32 = 0, u64 = 0}}, {events = 9677536, data = {ptr = 0x93aad000000000, fd = 0, u32 = 0, u64 = 41564631906385920}}, {events = 0, data = {ptr = 0x2, fd = 2, u32 = 2, u64 = 2}}, {events = 9307176, data = {ptr = 0x0, fd = 0, u32 = 0, u64 = 0}}, {events = 0, data = {ptr = 0x7fffc9d00100, fd = -909115136, u32 = 3385852160, u64 = 140736579240192}}, {events = 0, data = {ptr = 0x0, fd = 0, u32 = 0, u64 = 0}}, {events = 0, data = {ptr = 0x9120c0, fd = 9511104, u32 = 9511104, u64 = 9511104}}, {events = 9511104, data = {ptr = 0x66c6d000000000, fd = 0, u32 = 0, u64 = 28929044279984128}}, {events = 0, data = {ptr = 0x11, fd = 17, u32 = 17, u64 = 17}}, {events = 5671446, data = {ptr = 0x90009000000000, fd = 0, u32 = 0, u64 = 40533015121625088}}, {events = 0, data = {ptr = 0x7fffffffdf00, fd = -8448, u32 = 4294958848, u64 = 140737488346880}}, {events = 9512728, data = {ptr = 0x90157000000000, fd = 0, u32 = 0, u64 = 40555967426854912}}, {events = 0, data = {ptr = 0x58a720 <Connection::handleTimeout(std::weak_ptr<Connection>, boost::system::error_code const&)>, fd = 5809952, u32 = 5809952, u64 = 5809952}}, {events = 9677536, data = {ptr = 0x93aad000000000, fd = 0, u32 = 0, u64 = 41564631906385920}}, {events = 0, data = {ptr = 0x900090, fd = 9437328, u32 = 9437328, u64 = 9437328}}}
2020-10-20 14:43:17 -          num_events = <optimized out>
2020-10-20 14:43:17 -          check_timers = <optimized out>
2020-10-20 14:43:17 -  #2  0x000000000055dcd3 in do_run_one (ec=..., this_thread=..., lock=<synthetic pointer>, this=0x900090) at /usr/include/boost/asio/detail/impl/task_io_service.ipp:356
2020-10-20 14:43:17 -          more_handlers = <optimized out>
2020-10-20 14:43:17 -  #3  run (ec=..., this=0x900090) at /usr/include/boost/asio/detail/impl/task_io_service.ipp:149
2020-10-20 14:43:17 -          this_thread = {private_op_queue = {front_ = 0x0, back_ = 0x0}, private_outstanding_work = 0}
2020-10-20 14:43:17 -          ctx = {key_ = 0x900090, value_ = 0x7fffffffdf40, next_ = 0x0}
2020-10-20 14:43:17 -          lock = {mutex_ = @0x9000c0, locked_ = <optimized out>}
2020-10-20 14:43:17 -          n = 121468
2020-10-20 14:43:17 -  #4  _ZN5boost4asio10io_service3runEv.isra.226 () at /usr/include/boost/asio/impl/io_service.ipp:59
2020-10-20 14:43:17 -          ec = {m_val = 0, m_cat = 0x7ffff71e50e0}
2020-10-20 14:43:17 -  #5  ServiceManager::run() (this=this@entry=0x7fffffffdff0) at /home/otg/src/server.cpp:47
2020-10-20 14:43:17 -  No locals.
2020-10-20 14:43:17 -  #6  0x0000000000474c46 in main (argc=1, argv=0x7fffffffe1b8) at /home/otg/src/otserv.cpp:96
2020-10-20 14:43:17 -          serviceManager = {acceptors = {_M_h = {_M_buckets = 0x7fffca847500, _M_bucket_count = 5, _M_before_begin = {_M_nxt = 0x7fffc6446660}, _M_element_count = 2, _M_rehash_policy = {_M_max_load_factor = 1, _M_next_resize = 5}, _M_single_bucket = 0x0}}, io_service = {service_registry_ = 0x900040, impl_ = @0x900090}, signals = {set = {<No data fields>}}, death_timer = {<No data fields>}, running = true}
2020-10-20 14:43:17 -  108
2020-10-20 14:43:17 -  eu sou o checkWarmode... 14:0!
2020-10-20 14:43:17 -  ip inválido
2020-10-20 14:43:17 -  ip inválido
2020-10-20 14:43:17 -  ip inválido
2020-10-20 14:43:17 -  ip inválido
2020-10-20 14:43:17 -  ip inválido
2020-10-20 14:43:17 -  ip inválido
2020-10-20 14:43:17 -  ip inválido
2020-10-20 14:43:17 -  ip inválido
2020-10-20 14:43:17 -  ip inválido
2020-10-20 14:43:17 -  ip inválido
2020-10-20 14:43:17 -  ip inválido
2020-10-20 14:43:17 -  ip inválido
2020-10-20 14:43:17 -  ip inválido
2020-10-20 14:43:17 -  ip inválido
2020-10-20 14:43:17 -  ip inválido
2020-10-20 14:43:17 -  ip inválido
2020-10-20 14:43:17 -  ip inválido
2020-10-20 14:43:17 -  ip inválido
2020-10-20 14:43:17 -  ip inválido
2020-10-20 14:43:17 -  ip inválido
2020-10-20 14:43:17 -  ip inválido
2020-10-20 14:43:17 -  ip inválido
2020-10-20 14:43:17 -  ip inválido
2020-10-20 14:43:17 -  ip inválido
2020-10-20 14:43:17 -  ip inválido
2020-10-20 14:43:17 -  ip inválido
2020-10-20 14:43:17 -  ip inválido
2020-10-20 14:43:17 -  ip inválido
2020-10-20 14:43:17 -  ip inválido
2020-10-20 14:43:17 -  ip inválido
2020-10-20 14:43:17 -  ip inválido
2020-10-20 14:43:17 -  ip inválido
2020-10-20 14:43:17 -  ip inválido
2020-10-20 14:43:17 -  ip inválido
2020-10-20 14:43:17 -  ip inválido
2020-10-20 14:43:17 -  ip inválido
2020-10-20 14:43:17 -  ip inválido
2020-10-20 14:43:17 -  ip inválido
2020-10-20 14:43:17 -  ip inválido
2020-10-20 14:43:17 -  ip inválido
2020-10-20 14:43:17 -  ip inválido
2020-10-20 14:43:17 -  ip inválido
2020-10-20 14:43:17 -  Saving server...
2020-10-20 14:43:18 -  > Saved house items in: 0.751 s
2020-10-20 14:43:18 -  A debugging session is active.
2020-10-20 14:43:18 -  
2020-10-20 14:43:18 -  	Inferior 1 [process 1509] will be killed.
2020-10-20 14:43:18 -  
2020-10-20 14:43:18 -  Quit anyway? (y or n) [answered Y; input not from terminal]
