2020-10-22 12:07:58 -  [Thread debugging using libthread_db enabled]
2020-10-22 12:07:58 -  Using host libthread_db library "/lib/x86_64-linux-gnu/libthread_db.so.1".
2020-10-22 12:07:58 -  [New Thread 0x7ffff3dbb700 (LWP 932)]
2020-10-22 12:07:58 -  [New Thread 0x7ffff35ba700 (LWP 933)]
2020-10-22 12:07:58 -  The OTG-Premium-Version - Version: (1.3)
2020-10-22 12:07:58 -  Compiled with: GNU C++ version 5.4.0 20160609
2020-10-22 12:07:58 -  Compiled on Sep 17 2020 19:49:36 for platform x64
2020-10-22 12:07:58 -  
2020-10-22 12:07:58 -  Special Credits for: OTG Team, Johncore, Vankk, Erick Nunes, Leonardo Pereira, Leandro Baldissera, Talis, Marcomoa, Marson Schneider, Douglas, Mark Samman, OTXServer (Mattyx Gomez) and The Forgotten Server Developers.
2020-10-22 12:07:58 -  Link of repository: https://github.com/Johncorex/OTG-Premium-Version
2020-10-22 12:07:58 -  
2020-10-22 12:07:58 -  >> Loading config: config.lua
2020-10-22 12:07:58 -  >> Establishing database connection... MySQL 5.7.31
2020-10-22 12:07:58 -  >> Running database manager
2020-10-22 12:07:58 -  [New Thread 0x7ffff2ba7700 (LWP 934)]
2020-10-22 12:07:58 -  > Optimizing table players_online... [success]
2020-10-22 12:07:58 -  >> Loading vocations
2020-10-22 12:07:58 -  >> Loading items
2020-10-22 12:07:58 -  >> Loading script systems
2020-10-22 12:07:58 -  >> Loading lua libs
2020-10-22 12:07:59 -  [Warning - Event::checkScript] Can not load script: scripts/expboostaction.lua
2020-10-22 12:07:59 -  cannot open data/actions/scripts/expboostaction.lua: No such file or directory
2020-10-22 12:08:00 -  >> Loading lua scripts
2020-10-22 12:08:00 -  >> Loading monsters
2020-10-22 12:08:00 -  >> Loading lua monsters
2020-10-22 12:08:00 -  >> Loading outfits
2020-10-22 12:08:00 -  >> Loading prey data
2020-10-22 12:08:00 -  >> Checking world type... PVP
2020-10-22 12:08:00 -  >> Loading map
2020-10-22 12:08:02 -  > Map size: 34143x33812.
2020-10-22 12:08:07 -  > Map loading time: 7.136 seconds.
2020-10-22 12:08:08 -  > Loaded house items in: 0.008 s
2020-10-22 12:08:08 -  >> Initializing gamestate
2020-10-22 12:08:10 -  >> Loaded 43 npcs and spawned 72708 monsters.
2020-10-22 12:08:10 -  >> Loaded 27 towns with 1074 houses in total.
2020-10-22 12:08:10 -  [Castle War]
2020-10-22 12:08:10 -  [POWERGAMERS]
2020-10-22 12:08:10 -  [SISTEMA DE LOTERIA] OPERANTE
2020-10-22 12:08:10 -  Advanced NPC spawn system | All NPCs will be loaded trough lib.
2020-10-22 12:08:10 -  [REGEN BOOST] CARREGADO
2020-10-22 12:08:10 -  [SPOOF COUNTER]
2020-10-22 12:08:10 -  [STAMINA]
2020-10-22 12:08:10 -  warvariables
2020-10-22 12:08:10 -  Agenda:	10
2020-10-22 12:08:10 -  eu sou o checkWarmode... 12:8!
2020-10-22 12:08:10 -  Buscando valores guilds where id = 5
2020-10-22 12:08:10 -  > Broadcasted message: "[Warmode] Atencao Honerianos! A Guild Vai tomando desafiou a Guild TesteWarmode para uma batalha que vai iniciar agora!".
2020-10-22 12:08:10 -  12	08	52
2020-10-22 12:08:10 -  >> Loaded all modules, server starting up...
2020-10-22 12:08:10 -  > Warning: OTG-Premium-Version has been executed as root user, please consider running it as a normal user.
2020-10-22 12:08:10 -  >> Honera Global Server Online!
2020-10-22 12:08:10 -  
2020-10-22 12:08:10 -  Robalo has logged in.
2020-10-22 12:08:10 -  funcao onLogin
2020-10-22 12:08:10 -  Robalo has logged out.
2020-10-22 12:08:11 -  Demonzin has logged in.
2020-10-22 12:08:11 -  funcao onLogin
2020-10-22 12:08:11 -  Demonzin has logged out.
2020-10-22 12:08:20 -  SABADOU!! NPC HONERA CRIADO
2020-10-22 12:08:20 -  Demonzin has logged in.
2020-10-22 12:08:20 -  funcao onLogin
2020-10-22 12:08:20 -  Robalo has logged in.
2020-10-22 12:09:45 -  funcao onLogin
2020-10-22 12:09:45 -  Hromeu Pinto has logged in.
2020-10-22 12:10:00 -  funcao onLogin
2020-10-22 12:10:00 -  funcaoKill!!
2020-10-22 12:10:00 -  um player que estava dentro da war, foi morto
2020-10-22 12:10:00 -  endWarmode
2020-10-22 12:10:00 -  > Broadcasted message: "[Warmode] Parabens a Guild TesteWarmode por ter eliminado todos os integrantes da Guild Vai tomando".
2020-10-22 12:10:00 -  removendo players da tabela porque a war acabou
2020-10-22 12:10:00 -  Demonzin has logged out.
2020-10-22 12:10:00 -  
2020-10-22 12:10:00 -  Lua Script Error: [CreatureScript Interface] 
2020-10-22 12:10:00 -  data/creaturescripts/scripts/others/playerdeath.lua:onDeath
2020-10-22 12:10:00 -  luaIsInWar(). Player not found
2020-10-22 12:10:00 -  stack traceback:
2020-10-22 12:10:00 -  	[C]: in function 'isInWar'
2020-10-22 12:10:00 -  	data/creaturescripts/scripts/others/playerdeath.lua:116: in function <data/creaturescripts/scripts/others/playerdeath.lua:21>
2020-10-22 12:10:00 -  Robalo has logged out.
2020-10-22 12:10:05 -  Robalo has logged in.
2020-10-22 12:10:05 -  funcao onLogin
2020-10-22 12:10:05 -  Robalo has logged out.
2020-10-22 12:10:07 -  Demonzin has logged in.
2020-10-22 12:10:07 -  funcao onLogin
2020-10-22 12:10:07 -  Demonzin has logged out.
2020-10-22 12:10:16 -  Demonzin has logged in.
2020-10-22 12:10:19 -  funcao onLogin
2020-10-22 12:10:19 -  Robalo has logged in.
2020-10-22 12:11:36 -  funcao onLogin
2020-10-22 12:11:36 -  Demonzin has logged out.
2020-10-22 12:11:37 -  Demonzin has logged in.
2020-10-22 12:11:39 -  funcao onLogin
2020-10-22 12:11:39 -  Robalo has logged out.
2020-10-22 12:11:40 -  Robalo has logged in.
2020-10-22 12:15:07 -  funcao onLogin
2020-10-22 12:15:07 -  endWarmode
2020-10-22 12:15:07 -  Hromeu Pinto has logged out.
2020-10-22 12:15:07 -  
2020-10-22 12:15:07 -  Lua Script Error: [MoveEvents Interface] 
2020-10-22 12:15:07 -  data/movements/scripts/vocationtrial.lua:onStepIn
2020-10-22 12:15:07 -  data/movements/scripts/vocationtrial.lua:249: attempt to compare number with boolean
2020-10-22 12:15:07 -  stack traceback:
2020-10-22 12:15:07 -  	[C]: in function '__lt'
2020-10-22 12:15:07 -  	data/movements/scripts/vocationtrial.lua:249: in function 'changeVocation'
2020-10-22 12:15:07 -  	data/movements/scripts/vocationtrial.lua:280: in function <data/movements/scripts/vocationtrial.lua:269>
2020-10-22 12:15:08 -  Hromeu Pinto has logged in.
2020-10-22 12:15:12 -  funcao onLogin
2020-10-22 12:15:12 -  Demonzin has logged out.
2020-10-22 12:15:14 -  Dev Marson has logged in.
2020-10-22 12:15:17 -  funcao onLogin
2020-10-22 12:15:17 -  Robalo has logged out.
2020-10-22 12:15:19 -  Flash has logged in.
2020-10-22 12:15:49 -  
2020-10-22 12:15:49 -  Thread 1 "tfs" received signal SIGINT, Interrupt.
2020-10-22 12:15:49 -  0x00007ffff7b14ad3 in epoll_wait () at ../sysdeps/unix/syscall-template.S:84
2020-10-22 12:15:49 -  84	../sysdeps/unix/syscall-template.S: No such file or directory.
2020-10-22 12:15:49 -  
2020-10-22 12:15:49 -  Thread 4 (Thread 0x7ffff2ba7700 (LWP 934)):
2020-10-22 12:15:49 -  #0  pthread_cond_wait@@GLIBC_2.3.2 () at ../sysdeps/unix/sysv/linux/x86_64/pthread_cond_wait.S:185
2020-10-22 12:15:49 -  No locals.
2020-10-22 12:15:49 -  #1  0x00007ffff5e7491c in std::condition_variable::wait(std::unique_lock<std::mutex>&) () from /usr/lib/x86_64-linux-gnu/libstdc++.so.6
2020-10-22 12:15:49 -  No symbol table info available.
2020-10-22 12:15:49 -  #2  0x00000000006228bf in DatabaseTasks::threadMain() (this=0x8e39a0 <g_databaseTasks>) at /home/otg/src/databasetasks.cpp:42
2020-10-22 12:15:49 -          taskLockUnique = {_M_device = 0x8e3a08 <g_databaseTasks+104>, _M_owns = true}
2020-10-22 12:15:49 -  #3  0x00007ffff5e79c80 in ?? () from /usr/lib/x86_64-linux-gnu/libstdc++.so.6
2020-10-22 12:15:49 -  No symbol table info available.
2020-10-22 12:15:49 -  #4  0x00007ffff614a6ba in start_thread (arg=0x7ffff2ba7700) at pthread_create.c:333
2020-10-22 12:15:49 -          __res = <optimized out>
2020-10-22 12:15:49 -          pd = 0x7ffff2ba7700
2020-10-22 12:15:49 -          now = <optimized out>
2020-10-22 12:15:49 -          unwind_buf = {cancel_jmp_buf = {{jmp_buf = {140737265694464, 3959765396848798348, 0, 140737284647471, 140737265695168, 9334528, -3959775872804820340, -3959783859050747252}, mask_was_saved = 0}}, priv = {pad = {0x0, 0x0, 0x0, 0x0}, data = {prev = 0x0, cleanup = 0x0, canceltype = 0}}}
2020-10-22 12:15:49 -          not_first_call = <optimized out>
2020-10-22 12:15:49 -          pagesize_m1 = <optimized out>
2020-10-22 12:15:49 -          sp = <optimized out>
2020-10-22 12:15:49 -          freesize = <optimized out>
2020-10-22 12:15:49 -          __PRETTY_FUNCTION__ = "start_thread"
2020-10-22 12:15:49 -  #5  0x00007ffff7b144dd in clone () at ../sysdeps/unix/sysv/linux/x86_64/clone.S:109
2020-10-22 12:15:49 -  No locals.
2020-10-22 12:15:49 -  
2020-10-22 12:15:49 -  Thread 3 (Thread 0x7ffff35ba700 (LWP 933)):
2020-10-22 12:15:49 -  #0  pthread_cond_timedwait@@GLIBC_2.3.2 () at ../sysdeps/unix/sysv/linux/x86_64/pthread_cond_timedwait.S:225
2020-10-22 12:15:49 -  No locals.
2020-10-22 12:15:49 -  #1  0x0000000000506210 in __gthread_cond_timedwait () at /usr/include/x86_64-linux-gnu/c++/5/bits/gthr-default.h:871
2020-10-22 12:15:49 -  No locals.
2020-10-22 12:15:49 -  #2  std::condition_variable::__wait_until_impl (__atime=..., __lock=..., this=0x8e6fa0 <g_scheduler+64>) at /usr/include/c++/5/condition_variable:165
2020-10-22 12:15:49 -          __ts = {tv_sec = 1603383349, tv_nsec = 97265068}
2020-10-22 12:15:49 -  #3  std::condition_variable::wait_until<std::chrono::duration<long, std::ratio<1l, 1000000000l> > > () at /usr/include/c++/5/condition_variable:105
2020-10-22 12:15:49 -          __lock = @0x7ffff35b9e90: {_M_device = 0x8e6f78 <g_scheduler+24>, _M_owns = true}
2020-10-22 12:15:49 -          this = 0x8e6fa0 <g_scheduler+64>
2020-10-22 12:15:49 -  #4  Scheduler::threadMain (this=0x8e6f60 <g_scheduler>) at /home/otg/src/scheduler.cpp:36
2020-10-22 12:15:49 -          ret = std::cv_status::no_timeout
2020-10-22 12:15:49 -          eventLockUnique = {_M_device = 0x8e6f78 <g_scheduler+24>, _M_owns = true}
2020-10-22 12:15:49 -  #5  0x00007ffff5e79c80 in ?? () from /usr/lib/x86_64-linux-gnu/libstdc++.so.6
2020-10-22 12:15:49 -  No symbol table info available.
2020-10-22 12:15:49 -  #6  0x00007ffff614a6ba in start_thread (arg=0x7ffff35ba700) at pthread_create.c:333
2020-10-22 12:15:49 -          __res = <optimized out>
2020-10-22 12:15:49 -          pd = 0x7ffff35ba700
2020-10-22 12:15:49 -          now = <optimized out>
2020-10-22 12:15:49 -          unwind_buf = {cancel_jmp_buf = {{jmp_buf = {140737276258048, 3959765396848798348, 0, 140737488346847, 140737276258752, 9437376, -3959773405882979700, -3959783859050747252}, mask_was_saved = 0}}, priv = {pad = {0x0, 0x0, 0x0, 0x0}, data = {prev = 0x0, cleanup = 0x0, canceltype = 0}}}
2020-10-22 12:15:49 -          not_first_call = <optimized out>
2020-10-22 12:15:49 -          pagesize_m1 = <optimized out>
2020-10-22 12:15:49 -          sp = <optimized out>
2020-10-22 12:15:49 -          freesize = <optimized out>
2020-10-22 12:15:49 -          __PRETTY_FUNCTION__ = "start_thread"
2020-10-22 12:15:49 -  #7  0x00007ffff7b144dd in clone () at ../sysdeps/unix/sysv/linux/x86_64/clone.S:109
2020-10-22 12:15:49 -  No locals.
2020-10-22 12:15:49 -  
2020-10-22 12:15:49 -  Thread 2 (Thread 0x7ffff3dbb700 (LWP 932)):
2020-10-22 12:15:49 -  #0  pthread_cond_wait@@GLIBC_2.3.2 () at ../sysdeps/unix/sysv/linux/x86_64/pthread_cond_wait.S:185
2020-10-22 12:15:49 -  No locals.
2020-10-22 12:15:49 -  #1  0x00007ffff5e7491c in std::condition_variable::wait(std::unique_lock<std::mutex>&) () from /usr/lib/x86_64-linux-gnu/libstdc++.so.6
2020-10-22 12:15:49 -  No symbol table info available.
2020-10-22 12:15:49 -  #2  0x000000000055af7b in Dispatcher::threadMain() (this=0x8e6ec0 <g_dispatcher>) at /home/otg/src/tasks.cpp:50
2020-10-22 12:15:49 -          taskLockUnique = {_M_device = 0x8e6ed8 <g_dispatcher+24>, _M_owns = true}
2020-10-22 12:15:49 -  #3  0x00007ffff5e79c80 in ?? () from /usr/lib/x86_64-linux-gnu/libstdc++.so.6
2020-10-22 12:15:49 -  No symbol table info available.
2020-10-22 12:15:49 -  #4  0x00007ffff614a6ba in start_thread (arg=0x7ffff3dbb700) at pthread_create.c:333
2020-10-22 12:15:49 -          __res = <optimized out>
2020-10-22 12:15:49 -          pd = 0x7ffff3dbb700
2020-10-22 12:15:49 -          now = <optimized out>
2020-10-22 12:15:49 -          unwind_buf = {cancel_jmp_buf = {{jmp_buf = {140737284650752, 3959765396848798348, 0, 140737488346847, 140737284651456, 9437376, -3959774504857736564, -3959783859050747252}, mask_was_saved = 0}}, priv = {pad = {0x0, 0x0, 0x0, 0x0}, data = {prev = 0x0, cleanup = 0x0, canceltype = 0}}}
2020-10-22 12:15:49 -          not_first_call = <optimized out>
2020-10-22 12:15:49 -          pagesize_m1 = <optimized out>
2020-10-22 12:15:49 -          sp = <optimized out>
2020-10-22 12:15:49 -          freesize = <optimized out>
2020-10-22 12:15:49 -          __PRETTY_FUNCTION__ = "start_thread"
2020-10-22 12:15:49 -  #5  0x00007ffff7b144dd in clone () at ../sysdeps/unix/sysv/linux/x86_64/clone.S:109
2020-10-22 12:15:49 -  No locals.
2020-10-22 12:15:49 -  
2020-10-22 12:15:49 -  Thread 1 (Thread 0x7ffff7fe6740 (LWP 927)):
2020-10-22 12:15:49 -  #0  0x00007ffff7b14ad3 in epoll_wait () at ../sysdeps/unix/syscall-template.S:84
2020-10-22 12:15:49 -  No locals.
2020-10-22 12:15:49 -  #1  0x00000000005b70e7 in boost::asio::detail::epoll_reactor::run(bool, boost::asio::detail::op_queue<boost::asio::detail::task_io_service_operation>&) [clone .constprop.204] (this=0x901570, block=<optimized out>, ops=...) at /usr/include/boost/asio/detail/impl/epoll_reactor.ipp:392
2020-10-22 12:15:49 -          timeout = <optimized out>
2020-10-22 12:15:50 -          events = {{events = 1, data = {ptr = 0x9015c8, fd = 9442760, u32 = 9442760, u64 = 9442760}}, {events = 0, data = {ptr = 0x0, fd = 0, u32 = 0, u64 = 0}} <repeats 51 times>, {events = 11, data = {ptr = 0xa100000000, fd = 0, u32 = 0, u64 = 691489734656}}, {events = 0, data = {ptr = 0x0, fd = 0, u32 = 0, u64 = 0}}, {events = 0, data = {ptr = 0x0, fd = 0, u32 = 0, u64 = 0}}, {events = 0, data = {ptr = 0x0, fd = 0, u32 = 0, u64 = 0}}, {events = 0, data = {ptr = 0x0, fd = 0, u32 = 0, u64 = 0}}, {events = 0, data = {ptr = 0x0, fd = 0, u32 = 0, u64 = 0}}, {events = 4155593817, data = {ptr = 0x7fff, fd = 32767, u32 = 32767, u64 = 32767}}, {events = 0, data = {ptr = 0x5828f4 <boost::asio::detail::reactive_socket_recv_op_base<boost::asio::mutable_buffers_1>::do_perform(boost::asio::detail::reactor_op*)+228>, fd = 5777652, u32 = 5777652, u64 = 5777652}}, {events = 0, data = {ptr = 0x1000000, fd = 16777216, u32 = 16777216, u64 = 16777216}}, {events = 15, data = {ptr = 0x922816, fd = 9578518, u32 = 9578518, u64 = 9578518}}, {events = 2, data = {ptr = 0x200000000, fd = 0, u32 = 0, u64 = 8589934592}}, {events = 0, data = {ptr = 0x5f91b033, fd = 1603383347, u32 = 1603383347, u64 = 1603383347}}, {events = 0, data = {ptr = 0x0, fd = 0, u32 = 0, u64 = 0}}, {events = 0, data = {ptr = 0x7fffffffdb80, fd = -9344, u32 = 4294957952, u64 = 140737488345984}}, {events = 1, data = {ptr = 0x0, fd = 0, u32 = 0, u64 = 0}}, {events = 0, data = {ptr = 0x0, fd = 0, u32 = 0, u64 = 0}}, {events = 0, data = {ptr = 0x9227f000000000, fd = 0, u32 = 0, u64 = 41139258345390080}}, {events = 0, data = {ptr = 0x7fff926e2c10, fd = -1838273520, u32 = 2456693776, u64 = 140735650081808}}, {events = 9709984, data = {ptr = 0x9328f800000000, fd = 0, u32 = 0, u64 = 41421867193466880}}, {events = 0, data = {ptr = 0x9125f8, fd = 9512440, u32 = 9512440, u64 = 9512440}}, {events = 15, data = {ptr = 0x5200000000, fd = 0, u32 = 0, u64 = 352187318272}}, {events = 0, data = {ptr = 0x901570, fd = 9442672, u32 = 9442672, u64 = 9442672}}, {events = 6449413, data = {ptr = 0x0, fd = 0, u32 = 0, u64 = 0}}, {events = 0, data = {ptr = 0xf, fd = 15, u32 = 15, u64 = 15}}, {events = 0, data = {ptr = 0x56f20000000000, fd = 0, u32 = 0, u64 = 24472929811038208}}, {events = 0, data = {ptr = 0x0, fd = 0, u32 = 0, u64 = 0}}, {events = 0, data = {ptr = 0xffffdc7000000000, fd = 0, u32 = 0, u64 = 18446704972327288832}}, {events = 32767, data = {ptr = 0x9429a0, fd = 9709984, u32 = 9709984, u64 = 9709984}}, {events = 9709984, data = {ptr = 0xcaa66b7000000000, fd = 0, u32 = 0, u64 = 14602476970575921152}}, {events = 32767, data = {ptr = 0x9328f8, fd = 9644280, u32 = 9644280, u64 = 9644280}}, {events = 9578518, data = {ptr = 0x200000000, fd = 0, u32 = 0, u64 = 8589934592}}, {events = 0, data = {ptr = 0x7fff00000001, fd = 1, u32 = 1, u64 = 140733193388033}}, {events = 0, data = {ptr = 0x56f20000000000, fd = 0, u32 = 0, u64 = 24472929811038208}}, {events = 0, data = {ptr = 0x0, fd = 0, u32 = 0, u64 = 0}}, {events = 0, data = {ptr = 0x911dc800000000, fd = 0, u32 = 0, u64 = 40846616453709824}}, {events = 0, data = {ptr = 0x0, fd = 0, u32 = 0, u64 = 0}}, {events = 4128564479, data = {ptr = 0x901d3000007fff, fd = 32767, u32 = 32767, u64 = 40564488642002943}}, {events = 0, data = {ptr = 0x7fffd47a1bb0, fd = -730195024, u32 = 3564772272, u64 = 140736758160304}}, {events = 2981795648, data = {ptr = 0x911dc800007fff, fd = 32767, u32 = 32767, u64 = 40846616453742591}}, {events = 0, data = {ptr = 0x7fffffffde78, fd = -8584, u32 = 4294958712, u64 = 140737488346744}}, {events = 0, data = {ptr = 0xf7a9158c00000000, fd = 0, u32 = 0, u64 = 17845818689471905792}}, {events = 32767, data = {ptr = 0x900090, fd = 9437328, u32 = 9437328, u64 = 9437328}}, {events = 4294958640, data = {ptr = 0x90009000007fff, fd = 32767, u32 = 32767, u64 = 40533015121657855}}, {events = 0, data = {ptr = 0x901d30, fd = 9444656, u32 = 9444656, u64 = 9444656}}, {events = 22, data = {ptr = 0x901d3000000000, fd = 0, u32 = 0, u64 = 40564488641970176}}, {events = 0, data = {ptr = 0x7fffd47a1bb0, fd = -730195024, u32 = 3564772272, u64 = 140736758160304}}, {events = 2981795648, data = {ptr = 0x911dc800007fff, fd = 32767, u32 = 32767, u64 = 40846616453742591}}, {events = 0, data = {ptr = 0x58a8b4 <Connection::onWriteOperation(boost::system::error_code const&)+260>, fd = 5810356, u32 = 5810356, u64 = 5810356}}, {events = 0, data = {ptr = 0xf71e50e000000000, fd = 0, u32 = 0, u64 = 17806758899672416256}}, {events = 32767, data = {ptr = 0xffffde30, fd = -8656, u32 = 4294958640, u64 = 4294958640}}, {events = 22, data = {ptr = 0x0, fd = 0, u32 = 0, u64 = 0}}, {events = 0, data = {ptr = 0x0, fd = 0, u32 = 0, u64 = 0}}, {events = 4294958640, data = {ptr = 0x58574500007fff, fd = 32767, u32 = 32767, u64 = 24865751814930431}}, {events = 0, data = {ptr = 0x11, fd = 17, u32 = 17, u64 = 17}}, {events = 4155593817, data = {ptr = 0xffffde3000007fff, fd = 32767, u32 = 32767, u64 = 18446706896472670207}}, {events = 32767, data = {ptr = 0x0, fd = 0, u32 = 0, u64 = 0}}, {events = 0, data = {ptr = 0x0, fd = 0, u32 = 0, u64 = 0}}, {events = 15, data = {ptr = 0x9328f8, fd = 9644280, u32 = 9644280, u64 = 9644280}}, {events = 4294958720, data = {ptr = 0x90009000007fff, fd = 32767, u32 = 32767, u64 = 40533015121657855}}, {events = 0, data = {ptr = 0x0, fd = 0, u32 = 0, u64 = 0}}, {events = 0, data = {ptr = 0x9000c000000000, fd = 0, u32 = 0, u64 = 40533221280055296}}, {events = 0, data = {ptr = 0x0, fd = 0, u32 = 0, u64 = 0}}, {events = 4155053452, data = {ptr = 0x9227f000007fff, fd = 32767, u32 = 32767, u64 = 41139258345422847}}, {events = 0, data = {ptr = 0x0, fd = 0, u32 = 0, u64 = 0}}, {events = 4145959136, data = {ptr = 0x58a73100007fff, fd = 32767, u32 = 32767, u64 = 24953626845806591}}, {events = 0, data = {ptr = 0x7fff927fdbb0, fd = -1837114448, u32 = 2457852848, u64 = 140735651240880}}, {events = 4294958720, data = {ptr = 0x90009000007fff, fd = 32767, u32 = 32767, u64 = 40533015121657855}}, {events = 0, data = {ptr = 0x7fffffffde80, fd = -8576, u32 = 4294958720, u64 = 140737488346752}}, {events = 9437328, data = {ptr = 0x58646e00000000, fd = 0, u32 = 0, u64 = 24880221559717888}}, {events = 0, data = {ptr = 0x901d30, fd = 9444656, u32 = 9444656, u64 = 9444656}}, {events = 9444640, data = {ptr = 0xffffde8000000000, fd = 0, u32 = 0, u64 = 18446707240070021120}}, {events = 32767, data = {ptr = 0x0, fd = 0, u32 = 0, u64 = 0}}, {events = 0, data = {ptr = 0x0, fd = 0, u32 = 0, u64 = 0}}, {events = 32767, data = {ptr = 0x58a720 <Connection::handleTimeout(std::weak_ptr<Connection>, boost::system::error_code const&)>, fd = 5809952, u32 = 5809952, u64 = 5809952}}, {events = 9444656, data = {ptr = 0x901d2000000000, fd = 0, u32 = 0, u64 = 40564419922493440}}, {events = 0, data = {ptr = 0x7fff0000007d, fd = 125, u32 = 125, u64 = 140733193388157}}}
2020-10-22 12:15:50 -          num_events = <optimized out>
2020-10-22 12:15:50 -          check_timers = <optimized out>
2020-10-22 12:15:50 -  #2  0x000000000055dcd3 in do_run_one (ec=..., this_thread=..., lock=<synthetic pointer>, this=0x900090) at /usr/include/boost/asio/detail/impl/task_io_service.ipp:356
2020-10-22 12:15:50 -          more_handlers = <optimized out>
2020-10-22 12:15:50 -  #3  run (ec=..., this=0x900090) at /usr/include/boost/asio/detail/impl/task_io_service.ipp:149
2020-10-22 12:15:50 -          this_thread = {private_op_queue = {front_ = 0x0, back_ = 0x0}, private_outstanding_work = 0}
2020-10-22 12:15:50 -          ctx = {key_ = 0x900090, value_ = 0x7fffffffdf40, next_ = 0x0}
2020-10-22 12:15:50 -          lock = {mutex_ = @0x9000c0, locked_ = <optimized out>}
2020-10-22 12:15:50 -          n = 9972
2020-10-22 12:15:50 -  #4  _ZN5boost4asio10io_service3runEv.isra.226 () at /usr/include/boost/asio/impl/io_service.ipp:59
2020-10-22 12:15:50 -          ec = {m_val = 0, m_cat = 0x7ffff71e50e0}
2020-10-22 12:15:50 -  #5  ServiceManager::run() (this=this@entry=0x7fffffffdff0) at /home/otg/src/server.cpp:47
2020-10-22 12:15:50 -  No locals.
2020-10-22 12:15:50 -  #6  0x0000000000474c46 in main (argc=1, argv=0x7fffffffe1b8) at /home/otg/src/otserv.cpp:96
2020-10-22 12:15:50 -          serviceManager = {acceptors = {_M_h = {_M_buckets = 0x7fff9fc4e7a0, _M_bucket_count = 5, _M_before_begin = {_M_nxt = 0x7fff927fdc80}, _M_element_count = 2, _M_rehash_policy = {_M_max_load_factor = 1, _M_next_resize = 5}, _M_single_bucket = 0x0}}, io_service = {service_registry_ = 0x900040, impl_ = @0x900090}, signals = {set = {<No data fields>}}, death_timer = {<No data fields>}, running = true}
2020-10-22 12:15:50 -  funcao onLogin
2020-10-22 12:15:50 -  Saving server...
2020-10-22 12:15:50 -  > Saved house items in: 0.363 s
2020-10-22 12:15:50 -  A debugging session is active.
2020-10-22 12:15:50 -  
2020-10-22 12:15:50 -  	Inferior 1 [process 927] will be killed.
2020-10-22 12:15:50 -  
2020-10-22 12:15:50 -  Quit anyway? (y or n) [answered Y; input not from terminal]
