2020-10-03 00:27:11 -  [Thread debugging using libthread_db enabled]
2020-10-03 00:27:11 -  Using host libthread_db library "/lib/x86_64-linux-gnu/libthread_db.so.1".
2020-10-03 00:27:11 -  [New Thread 0x7ffff3dbb700 (LWP 22882)]
2020-10-03 00:27:11 -  [New Thread 0x7ffff35ba700 (LWP 22883)]
2020-10-03 00:27:11 -  The OTG-Premium-Version - Version: (1.3)
2020-10-03 00:27:11 -  Compiled with: GNU C++ version 5.4.0 20160609
2020-10-03 00:27:11 -  Compiled on Sep 17 2020 19:49:36 for platform x64
2020-10-03 00:27:11 -  
2020-10-03 00:27:11 -  Special Credits for: OTG Team, Johncore, Vankk, Erick Nunes, Leonardo Pereira, Leandro Baldissera, Talis, Marcomoa, Marson Schneider, Douglas, Mark Samman, OTXServer (Mattyx Gomez) and The Forgotten Server Developers.
2020-10-03 00:27:11 -  Link of repository: https://github.com/Johncorex/OTG-Premium-Version
2020-10-03 00:27:11 -  
2020-10-03 00:27:11 -  >> Loading config: config.lua
2020-10-03 00:27:11 -  >> Establishing database connection... MySQL 5.7.31
2020-10-03 00:27:11 -  >> Running database manager
2020-10-03 00:27:11 -  [New Thread 0x7ffff2ba7700 (LWP 22884)]
2020-10-03 00:27:11 -  > Optimizing table players_online... [success]
2020-10-03 00:27:11 -  > Optimizing table tile_store... [success]
2020-10-03 00:27:11 -  >> Loading vocations
2020-10-03 00:27:11 -  >> Loading items
2020-10-03 00:27:11 -  >> Loading script systems
2020-10-03 00:27:11 -  >> Loading lua libs
2020-10-03 00:27:12 -  [Warning - Event::checkScript] Can not load script: scripts/expboostaction.lua
2020-10-03 00:27:12 -  cannot open data/actions/scripts/expboostaction.lua: No such file or directory
2020-10-03 00:27:13 -  >> Loading lua scripts
2020-10-03 00:27:13 -  >> Loading monsters
2020-10-03 00:27:13 -  >> Loading lua monsters
2020-10-03 00:27:13 -  >> Loading outfits
2020-10-03 00:27:13 -  >> Loading prey data
2020-10-03 00:27:13 -  >> Checking world type... PVP
2020-10-03 00:27:13 -  >> Loading map
2020-10-03 00:27:15 -  > Map size: 34143x33812.
2020-10-03 00:27:21 -  > Map loading time: 7.464 seconds.
2020-10-03 00:27:55 -  > Loaded house items in: 0.061 s
2020-10-03 00:27:55 -  >> Initializing gamestate
2020-10-03 00:27:58 -  >> Loaded 43 npcs and spawned 72496 monsters.
2020-10-03 00:27:58 -  >> Loaded 27 towns with 1074 houses in total.
2020-10-03 00:27:58 -  [Castle War]
2020-10-03 00:27:58 -  [POWERGAMERS]
2020-10-03 00:27:58 -  [SISTEMA DE LOTERIA] OPERANTE
2020-10-03 00:27:58 -  Advanced NPC spawn system | All NPCs will be loaded trough lib.
2020-10-03 00:27:58 -  [REGEN BOOST] CARREGADO
2020-10-03 00:27:58 -  [SPOOF COUNTER]
2020-10-03 00:27:58 -  [STAMINA]
2020-10-03 00:27:58 -  >> Loaded all modules, server starting up...
2020-10-03 00:27:58 -  > Warning: OTG-Premium-Version has been executed as root user, please consider running it as a normal user.
2020-10-03 00:27:58 -  >> Honera Global Server Online!
2020-10-03 00:27:58 -  
2020-10-03 00:28:01 -  SABADOU!! NPC HONERA CRIADO
2020-10-03 00:28:01 -  Nobre Cavalheiro has logged in.
2020-10-03 00:28:01 -  Top Spin has logged in.
2020-10-03 00:28:01 -  Dev Marson has logged in.
2020-10-03 00:34:42 -  Dev Marson has logged out.
2020-10-03 00:34:43 -  Dev Marson has logged in.
2020-10-03 00:36:45 -  Dev Marson moveu corpo dentro de corpo
2020-10-03 00:36:45 -  Dev Marson moveu corpo dentro de corpo
2020-10-03 00:36:45 -  Shaka has logged in.
2020-10-03 00:47:59 -  Dev Marson moveu corpo dentro de corpo
2020-10-03 00:47:59 -  > Broadcasted message: "There seems to be a big gnarlhoud gang in Zao Steppe.".
2020-10-03 00:48:18 -  Shaka Knight has logged in.
2020-10-03 00:48:18 -  > Broadcasted message: "The gnarlhounds seem to multiply by the minute.".
2020-10-03 00:48:53 -  Shaka Elder has logged in.
2020-10-03 00:49:53 -  ip inválido
2020-10-03 00:49:53 -  ip inválido
2020-10-03 00:49:53 -  Shaka Elder has logged out.
2020-10-03 00:49:58 -  > Broadcasted message: "The gnarlhounds roam free in the Zao Steppe. Watch out!".
2020-10-03 00:56:36 -  
2020-10-03 00:56:36 -  Thread 2 "tfs" received signal SIGSEGV, Segmentation fault.
2020-10-03 00:56:36 -  [Switching to Thread 0x7ffff3dbb700 (LWP 22882)]
2020-10-03 00:56:36 -  0x0000000000000024 in ?? ()
2020-10-03 00:56:36 -  
2020-10-03 00:56:36 -  Thread 4 (Thread 0x7ffff2ba7700 (LWP 22884)):
2020-10-03 00:56:36 -  #0  pthread_cond_wait@@GLIBC_2.3.2 () at ../sysdeps/unix/sysv/linux/x86_64/pthread_cond_wait.S:185
2020-10-03 00:56:36 -  No locals.
2020-10-03 00:56:36 -  #1  0x00007ffff5e7491c in std::condition_variable::wait(std::unique_lock<std::mutex>&) () from /usr/lib/x86_64-linux-gnu/libstdc++.so.6
2020-10-03 00:56:37 -  No symbol table info available.
2020-10-03 00:56:37 -  #2  0x00000000006228bf in DatabaseTasks::threadMain() (this=0x8e39a0 <g_databaseTasks>) at /home/otg/src/databasetasks.cpp:42
2020-10-03 00:56:37 -          taskLockUnique = {_M_device = 0x8e3a08 <g_databaseTasks+104>, _M_owns = true}
2020-10-03 00:56:37 -  #3  0x00007ffff5e79c80 in ?? () from /usr/lib/x86_64-linux-gnu/libstdc++.so.6
2020-10-03 00:56:37 -  No symbol table info available.
2020-10-03 00:56:37 -  #4  0x00007ffff614a6ba in start_thread (arg=0x7ffff2ba7700) at pthread_create.c:333
2020-10-03 00:56:37 -          __res = <optimized out>
2020-10-03 00:56:37 -          pd = 0x7ffff2ba7700
2020-10-03 00:56:37 -          now = <optimized out>
2020-10-03 00:56:37 -          unwind_buf = {cancel_jmp_buf = {{jmp_buf = {140737265694464, -746998886441446257, 0, 140737284647471, 140737265695168, 9334528, 746969771367175311, 746977762466698383}, mask_was_saved = 0}}, priv = {pad = {0x0, 0x0, 0x0, 0x0}, data = {prev = 0x0, cleanup = 0x0, canceltype = 0}}}
2020-10-03 00:56:37 -          not_first_call = <optimized out>
2020-10-03 00:56:37 -          pagesize_m1 = <optimized out>
2020-10-03 00:56:37 -          sp = <optimized out>
2020-10-03 00:56:37 -          freesize = <optimized out>
2020-10-03 00:56:37 -          __PRETTY_FUNCTION__ = "start_thread"
2020-10-03 00:56:37 -  #5  0x00007ffff7b144dd in clone () at ../sysdeps/unix/sysv/linux/x86_64/clone.S:109
2020-10-03 00:56:37 -  No locals.
2020-10-03 00:56:37 -  
2020-10-03 00:56:37 -  Thread 3 (Thread 0x7ffff35ba700 (LWP 22883)):
2020-10-03 00:56:37 -  #0  pthread_cond_timedwait@@GLIBC_2.3.2 () at ../sysdeps/unix/sysv/linux/x86_64/pthread_cond_timedwait.S:225
2020-10-03 00:56:37 -  No locals.
2020-10-03 00:56:37 -  #1  0x0000000000506210 in __gthread_cond_timedwait () at /usr/include/x86_64-linux-gnu/c++/5/bits/gthr-default.h:871
2020-10-03 00:56:37 -  No locals.
2020-10-03 00:56:37 -  #2  std::condition_variable::__wait_until_impl (__atime=..., __lock=..., this=0x8e6fa0 <g_scheduler+64>) at /usr/include/c++/5/condition_variable:165
2020-10-03 00:56:37 -          __ts = {tv_sec = 1601700996, tv_nsec = 883033911}
2020-10-03 00:56:37 -  #3  std::condition_variable::wait_until<std::chrono::duration<long, std::ratio<1l, 1000000000l> > > () at /usr/include/c++/5/condition_variable:105
2020-10-03 00:56:37 -          __lock = @0x7ffff35b9e90: {_M_device = 0x8e6f78 <g_scheduler+24>, _M_owns = true}
2020-10-03 00:56:37 -          this = 0x8e6fa0 <g_scheduler+64>
2020-10-03 00:56:37 -  #4  Scheduler::threadMain (this=0x8e6f60 <g_scheduler>) at /home/otg/src/scheduler.cpp:36
2020-10-03 00:56:37 -          ret = std::cv_status::no_timeout
2020-10-03 00:56:37 -          eventLockUnique = {_M_device = 0x8e6f78 <g_scheduler+24>, _M_owns = true}
2020-10-03 00:56:37 -  #5  0x00007ffff5e79c80 in ?? () from /usr/lib/x86_64-linux-gnu/libstdc++.so.6
2020-10-03 00:56:37 -  No symbol table info available.
2020-10-03 00:56:37 -  #6  0x00007ffff614a6ba in start_thread (arg=0x7ffff35ba700) at pthread_create.c:333
2020-10-03 00:56:37 -          __res = <optimized out>
2020-10-03 00:56:37 -          pd = 0x7ffff35ba700
2020-10-03 00:56:37 -          now = <optimized out>
2020-10-03 00:56:37 -          unwind_buf = {cancel_jmp_buf = {{jmp_buf = {140737276258048, -746998886441446257, 0, 140737488346847, 140737276258752, 9437376, 746971706786813071, 746977762466698383}, mask_was_saved = 0}}, priv = {pad = {0x0, 0x0, 0x0, 0x0}, data = {prev = 0x0, cleanup = 0x0, canceltype = 0}}}
2020-10-03 00:56:37 -          not_first_call = <optimized out>
2020-10-03 00:56:37 -          pagesize_m1 = <optimized out>
2020-10-03 00:56:37 -          sp = <optimized out>
2020-10-03 00:56:37 -          freesize = <optimized out>
2020-10-03 00:56:37 -          __PRETTY_FUNCTION__ = "start_thread"
2020-10-03 00:56:37 -  #7  0x00007ffff7b144dd in clone () at ../sysdeps/unix/sysv/linux/x86_64/clone.S:109
2020-10-03 00:56:37 -  No locals.
2020-10-03 00:56:37 -  
2020-10-03 00:56:37 -  Thread 2 (Thread 0x7ffff3dbb700 (LWP 22882)):
2020-10-03 00:56:37 -  #0  0x0000000000000024 in ?? ()
2020-10-03 00:56:37 -  No symbol table info available.
2020-10-03 00:56:37 -  #1  0x00000000005e7ceb in Item::getHoldingPlayer() const (this=this@entry=0x7fffc3cd8510) at /home/otg/src/item.cpp:379
2020-10-03 00:56:37 -          p = 0x7fff9f0c1ec8
2020-10-03 00:56:37 -  #2  0x00000000005b1060 in Game::internalDecayItem(Item*) (this=0x8e7760 <g_game>, item=0x7fffc3cd8510) at /home/otg/src/game.cpp:4882
2020-10-03 00:56:37 -          player = <optimized out>
2020-10-03 00:56:37 -          newItem = <optimized out>
2020-10-03 00:56:37 -          it = @0x7ffff10c4d30: {group = ITEM_GROUP_NONE, type = ITEM_TYPE_NONE, id = 2814, clientId = 3995, stackable = false, isAnimation = false, name = <incomplete type>, article = <incomplete type>, pluralName = <incomplete type>, description = <incomplete type>, runeSpellName = <incomplete type>, vocationString = <incomplete type>, abilities = {_M_t = {<No data fields>}}, conditionDamage = {_M_t = {<No data fields>}}, weight = 4400, levelDoor = 0, decayTime = 300, wieldInfo = 0, minReqLevel = 0, minReqMagicLevel = 0, charges = 0, maxHitChance = -1, decayTo = 2815, attack = 0, defense = 0, extraDefense = 0, armor = 0, imbuingSlots = 0, rotateTo = 0, runeMagLevel = 0, runeLevel = 0, wrapableTo = 0, unmoveabledItem = 0, combatType = COMBAT_NONE, transformToOnUse = {0, 0}, transformToFree = 0, destroyTo = 0, maxTextLen = 0, writeOnceItemId = 0, transformEquipTo = 0, transformDeEquipTo = 0, maxItems = 10, slotPosition = 48, speed = 0, wareId = 0, magicEffect = CONST_ME_NONE, bedPartnerDir = DIRECTION_NONE, quickLootCategory = LOOT_NONE, weaponType = WEAPON_NONE, ammoType = AMMO_NONE, shootType = CONST_ANI_NONE, corpseType = RACE_BLOOD, fluidSource = FLUID_NONE, floorChange = 0 '\000', alwaysOnTopOrder = 0 '\000', lightLevel = 0 '\000', lightColor = 0 '\000', shootRange = 1 '\001', hitChance = 0 '\000', forceUse = false, hasHeight = false, walkStack = true, blockSolid = false, blockPickupable = false, blockProjectile = false, blockPathFind = false, allowPickupable = false, showDuration = false, showCharges = false, showAttributes = false, replaceable = true, pickupable = true, rotatable = false, wrapable = false, wrapContainer = false, useable = false, moveable = true, alwaysOnTop = false, canReadText = false, canWriteText = false, isVertical = false, isHorizontal = false, isHangable = false, allowDistRead = false, lookThrough = false, stopTime = false, showCount = true}
2020-10-03 00:56:37 -  #3  0x00000000005b140b in Game::checkDecay() (this=0x8e7760 <g_game>) at /home/otg/src/game.cpp:4953
2020-10-03 00:56:37 -          item = 0x7fffc3cd8510
2020-10-03 00:56:37 -          duration = <optimized out>
2020-10-03 00:56:37 -          bucket = 0
2020-10-03 00:56:37 -          it = {_M_node = 0x7fff22e39a00}
2020-10-03 00:56:37 -          end = {_M_node = 0x8e7be0 <g_game+1152>}
2020-10-03 00:56:37 -  #4  0x000000000055af2d in std::function<void ()>::operator()() const () at /usr/include/c++/5/functional:2267
2020-10-03 00:56:37 -          this = 0x7fff8faeaea0
2020-10-03 00:56:37 -  #5  Task::operator()() () at /home/otg/src/tasks.h:42
2020-10-03 00:56:37 -          this = 0x7fff8faeae90
2020-10-03 00:56:37 -  #6  Dispatcher::threadMain() (this=0x8e6ec0 <g_dispatcher>) at /home/otg/src/tasks.cpp:62
2020-10-03 00:56:37 -          task = 0x7fff8faeae90
2020-10-03 00:56:37 -          taskLockUnique = {_M_device = 0x8e6ed8 <g_dispatcher+24>, _M_owns = false}
2020-10-03 00:56:37 -  #7  0x00007ffff5e79c80 in ?? () from /usr/lib/x86_64-linux-gnu/libstdc++.so.6
2020-10-03 00:56:37 -  No symbol table info available.
2020-10-03 00:56:37 -  #8  0x00007ffff614a6ba in start_thread (arg=0x7ffff3dbb700) at pthread_create.c:333
2020-10-03 00:56:37 -          __res = <optimized out>
2020-10-03 00:56:37 -          pd = 0x7ffff3dbb700
2020-10-03 00:56:37 -          now = <optimized out>
2020-10-03 00:56:37 -          unwind_buf = {cancel_jmp_buf = {{jmp_buf = {140737284650752, -746998886441446257, 0, 140737488346847, 140737284651456, 9437376, 746972805761569935, 746977762466698383}, mask_was_saved = 0}}, priv = {pad = {0x0, 0x0, 0x0, 0x0}, data = {prev = 0x0, cleanup = 0x0, canceltype = 0}}}
2020-10-03 00:56:37 -          not_first_call = <optimized out>
2020-10-03 00:56:37 -          pagesize_m1 = <optimized out>
2020-10-03 00:56:37 -          sp = <optimized out>
2020-10-03 00:56:37 -          freesize = <optimized out>
2020-10-03 00:56:37 -          __PRETTY_FUNCTION__ = "start_thread"
2020-10-03 00:56:37 -  #9  0x00007ffff7b144dd in clone () at ../sysdeps/unix/sysv/linux/x86_64/clone.S:109
2020-10-03 00:56:37 -  No locals.
2020-10-03 00:56:37 -  
2020-10-03 00:56:37 -  Thread 1 (Thread 0x7ffff7fe6740 (LWP 22878)):
2020-10-03 00:56:37 -  #0  0x00007ffff7b14ad3 in epoll_wait () at ../sysdeps/unix/syscall-template.S:84
2020-10-03 00:56:37 -  No locals.
2020-10-03 00:56:37 -  #1  0x00000000005b70e7 in boost::asio::detail::epoll_reactor::run(bool, boost::asio::detail::op_queue<boost::asio::detail::task_io_service_operation>&) [clone .constprop.204] (this=0x901570, block=<optimized out>, ops=...) at /usr/include/boost/asio/detail/impl/epoll_reactor.ipp:392
2020-10-03 00:56:37 -          timeout = <optimized out>
2020-10-03 00:56:38 -          events = {{events = 1, data = {ptr = 0x9015c8, fd = 9442760, u32 = 9442760, u64 = 9442760}}, {events = 0, data = {ptr = 0x0, fd = 0, u32 = 0, u64 = 0}} <repeats 51 times>, {events = 11, data = {ptr = 0xa100000000, fd = 0, u32 = 0, u64 = 691489734656}}, {events = 0, data = {ptr = 0x0, fd = 0, u32 = 0, u64 = 0}}, {events = 0, data = {ptr = 0x0, fd = 0, u32 = 0, u64 = 0}}, {events = 0, data = {ptr = 0x0, fd = 0, u32 = 0, u64 = 0}}, {events = 0, data = {ptr = 0x0, fd = 0, u32 = 0, u64 = 0}}, {events = 0, data = {ptr = 0x0, fd = 0, u32 = 0, u64 = 0}}, {events = 4155593817, data = {ptr = 0x7fff, fd = 32767, u32 = 32767, u64 = 32767}}, {events = 0, data = {ptr = 0x5828f4 <boost::asio::detail::reactive_socket_recv_op_base<boost::asio::mutable_buffers_1>::do_perform(boost::asio::detail::reactor_op*)+228>, fd = 5777652, u32 = 5777652, u64 = 5777652}}, {events = 0, data = {ptr = 0x1000000, fd = 16777216, u32 = 16777216, u64 = 16777216}}, {events = 15, data = {ptr = 0x922666, fd = 9578086, u32 = 9578086, u64 = 9578086}}, {events = 2, data = {ptr = 0x200000000, fd = 0, u32 = 0, u64 = 8589934592}}, {events = 0, data = {ptr = 0x5f780483, fd = 1601700995, u32 = 1601700995, u64 = 1601700995}}, {events = 0, data = {ptr = 0x0, fd = 0, u32 = 0, u64 = 0}}, {events = 0, data = {ptr = 0x7fffffffdb80, fd = -9344, u32 = 4294957952, u64 = 140737488345984}}, {events = 1, data = {ptr = 0x0, fd = 0, u32 = 0, u64 = 0}}, {events = 0, data = {ptr = 0x0, fd = 0, u32 = 0, u64 = 0}}, {events = 0, data = {ptr = 0x92264000000000, fd = 0, u32 = 0, u64 = 41137402919518208}}, {events = 0, data = {ptr = 0x7fffd1adb3d0, fd = -777145392, u32 = 3517821904, u64 = 140736711209936}}, {events = 9646416, data = {ptr = 0x93274800000000, fd = 0, u32 = 0, u64 = 41420011767595008}}, {events = 0, data = {ptr = 0x9225c8, fd = 9577928, u32 = 9577928, u64 = 9577928}}, {events = 15, data = {ptr = 0x5200000000, fd = 0, u32 = 0, u64 = 352187318272}}, {events = 0, data = {ptr = 0x901570, fd = 9442672, u32 = 9442672, u64 = 9442672}}, {events = 6449413, data = {ptr = 0x0, fd = 0, u32 = 0, u64 = 0}}, {events = 0, data = {ptr = 0xf, fd = 15, u32 = 15, u64 = 15}}, {events = 0, data = {ptr = 0x56f20000000000, fd = 0, u32 = 0, u64 = 24472929811038208}}, {events = 0, data = {ptr = 0x0, fd = 0, u32 = 0, u64 = 0}}, {events = 0, data = {ptr = 0xffffdc7000000000, fd = 0, u32 = 0, u64 = 18446704972327288832}}, {events = 32767, data = {ptr = 0x933150, fd = 9646416, u32 = 9646416, u64 = 9646416}}, {events = 9646416, data = {ptr = 0x911fc000000000, fd = 0, u32 = 0, u64 = 40848781117227008}}, {events = 0, data = {ptr = 0x932748, fd = 9643848, u32 = 9643848, u64 = 9643848}}, {events = 9578086, data = {ptr = 0x200000000, fd = 0, u32 = 0, u64 = 8589934592}}, {events = 0, data = {ptr = 0x7fff00000001, fd = 1, u32 = 1, u64 = 140733193388033}}, {events = 0, data = {ptr = 0x56f20000000000, fd = 0, u32 = 0, u64 = 24472929811038208}}, {events = 0, data = {ptr = 0x0, fd = 0, u32 = 0, u64 = 0}}, {events = 0, data = {ptr = 0x9326e800000000, fd = 0, u32 = 0, u64 = 41419599450734592}}, {events = 0, data = {ptr = 0x0, fd = 0, u32 = 0, u64 = 0}}, {events = 4128564479, data = {ptr = 0x92265000007fff, fd = 32767, u32 = 32767, u64 = 41137471639027711}}, {events = 0, data = {ptr = 0x7fff9ba0f9b0, fd = -1683949136, u32 = 2611018160, u64 = 140735804406192}}, {events = 3215623504, data = {ptr = 0x9326e800007fff, fd = 32767, u32 = 32767, u64 = 41419599450767359}}, {events = 0, data = {ptr = 0x7fffffffde78, fd = -8584, u32 = 4294958712, u64 = 140737488346744}}, {events = 0, data = {ptr = 0xf7a9158c00000000, fd = 0, u32 = 0, u64 = 17845818689471905792}}, {events = 32767, data = {ptr = 0x900090, fd = 9437328, u32 = 9437328, u64 = 9437328}}, {events = 4294958640, data = {ptr = 0x90009000007fff, fd = 32767, u32 = 32767, u64 = 40533015121657855}}, {events = 0, data = {ptr = 0x922650, fd = 9578064, u32 = 9578064, u64 = 9578064}}, {events = 22, data = {ptr = 0x92265000000000, fd = 0, u32 = 0, u64 = 41137471638994944}}, {events = 0, data = {ptr = 0x7fff9ba0f9b0, fd = -1683949136, u32 = 2611018160, u64 = 140735804406192}}, {events = 3215623504, data = {ptr = 0x9326e800007fff, fd = 32767, u32 = 32767, u64 = 41419599450767359}}, {events = 0, data = {ptr = 0x58a8b4 <Connection::onWriteOperation(boost::system::error_code const&)+260>, fd = 5810356, u32 = 5810356, u64 = 5810356}}, {events = 0, data = {ptr = 0xf71e50e000000000, fd = 0, u32 = 0, u64 = 17806758899672416256}}, {events = 32767, data = {ptr = 0xffffde30, fd = -8656, u32 = 4294958640, u64 = 4294958640}}, {events = 22, data = {ptr = 0x0, fd = 0, u32 = 0, u64 = 0}}, {events = 0, data = {ptr = 0x0, fd = 0, u32 = 0, u64 = 0}}, {events = 4294958640, data = {ptr = 0x58574500007fff, fd = 32767, u32 = 32767, u64 = 24865751814930431}}, {events = 0, data = {ptr = 0x13, fd = 19, u32 = 19, u64 = 19}}, {events = 4155593817, data = {ptr = 0xffffde3000007fff, fd = 32767, u32 = 32767, u64 = 18446706896472670207}}, {events = 32767, data = {ptr = 0x0, fd = 0, u32 = 0, u64 = 0}}, {events = 0, data = {ptr = 0x0, fd = 0, u32 = 0, u64 = 0}}, {events = 15, data = {ptr = 0x932748, fd = 9643848, u32 = 9643848, u64 = 9643848}}, {events = 4294958720, data = {ptr = 0x90009000007fff, fd = 32767, u32 = 32767, u64 = 40533015121657855}}, {events = 0, data = {ptr = 0x0, fd = 0, u32 = 0, u64 = 0}}, {events = 0, data = {ptr = 0x9000c000000000, fd = 0, u32 = 0, u64 = 40533221280055296}}, {events = 0, data = {ptr = 0x0, fd = 0, u32 = 0, u64 = 0}}, {events = 4155053452, data = {ptr = 0x92264000007fff, fd = 32767, u32 = 32767, u64 = 41137402919550975}}, {events = 0, data = {ptr = 0x0, fd = 0, u32 = 0, u64 = 0}}, {events = 4145959136, data = {ptr = 0x58a73100007fff, fd = 32767, u32 = 32767, u64 = 24953626845806591}}, {events = 0, data = {ptr = 0x7fffd3ded870, fd = -740370320, u32 = 3554596976, u64 = 140736747985008}}, {events = 4294958720, data = {ptr = 0x90009000007fff, fd = 32767, u32 = 32767, u64 = 40533015121657855}}, {events = 0, data = {ptr = 0x7fffffffde80, fd = -8576, u32 = 4294958720, u64 = 140737488346752}}, {events = 9437328, data = {ptr = 0x58646e00000000, fd = 0, u32 = 0, u64 = 24880221559717888}}, {events = 0, data = {ptr = 0x922650, fd = 9578064, u32 = 9578064, u64 = 9578064}}, {events = 9578048, data = {ptr = 0xffffde8000000000, fd = 0, u32 = 0, u64 = 18446707240070021120}}, {events = 32767, data = {ptr = 0x0, fd = 0, u32 = 0, u64 = 0}}, {events = 0, data = {ptr = 0x0, fd = 0, u32 = 0, u64 = 0}}, {events = 32767, data = {ptr = 0x58a720 <Connection::handleTimeout(std::weak_ptr<Connection>, boost::system::error_code const&)>, fd = 5809952, u32 = 5809952, u64 = 5809952}}, {events = 9578064, data = {ptr = 0x92264000000000, fd = 0, u32 = 0, u64 = 41137402919518208}}, {events = 0, data = {ptr = 0x696f70740000007d, fd = 125, u32 = 125, u64 = 7597414739915833469}}}
2020-10-03 00:56:38 -          num_events = <optimized out>
2020-10-03 00:56:38 -          check_timers = <optimized out>
2020-10-03 00:56:38 -  #2  0x000000000055dcd3 in do_run_one (ec=..., this_thread=..., lock=<synthetic pointer>, this=0x900090) at /usr/include/boost/asio/detail/impl/task_io_service.ipp:356
2020-10-03 00:56:38 -          more_handlers = <optimized out>
2020-10-03 00:56:38 -  #3  run (ec=..., this=0x900090) at /usr/include/boost/asio/detail/impl/task_io_service.ipp:149
2020-10-03 00:56:38 -          this_thread = {private_op_queue = {front_ = 0x0, back_ = 0x0}, private_outstanding_work = 0}
2020-10-03 00:56:38 -          ctx = {key_ = 0x900090, value_ = 0x7fffffffdf40, next_ = 0x0}
2020-10-03 00:56:38 -          lock = {mutex_ = @0x9000c0, locked_ = <optimized out>}
2020-10-03 00:56:38 -          n = 57767
2020-10-03 00:56:38 -  #4  _ZN5boost4asio10io_service3runEv.isra.226 () at /usr/include/boost/asio/impl/io_service.ipp:59
2020-10-03 00:56:38 -          ec = {m_val = 0, m_cat = 0x7ffff71e50e0}
2020-10-03 00:56:38 -  #5  ServiceManager::run() (this=this@entry=0x7fffffffdff0) at /home/otg/src/server.cpp:47
2020-10-03 00:56:38 -  No locals.
2020-10-03 00:56:38 -  #6  0x0000000000474c46 in main (argc=1, argv=0x7fffffffe1b8) at /home/otg/src/otserv.cpp:96
2020-10-03 00:56:38 -          serviceManager = {acceptors = {_M_h = {_M_buckets = 0x7fffd3767f70, _M_bucket_count = 5, _M_before_begin = {_M_nxt = 0x7fffd3767f40}, _M_element_count = 2, _M_rehash_policy = {_M_max_load_factor = 1, _M_next_resize = 5}, _M_single_bucket = 0x0}}, io_service = {service_registry_ = 0x900040, impl_ = @0x900090}, signals = {set = {<No data fields>}}, death_timer = {<No data fields>}, running = true}
2020-10-03 00:56:38 -  ip inválido
2020-10-03 00:56:38 -  ip inválido
2020-10-03 00:56:38 -  ip inválido
2020-10-03 00:56:38 -  ip inválido
2020-10-03 00:56:38 -  ip inválido
2020-10-03 00:56:38 -  ip inválido
2020-10-03 00:56:38 -  ip inválido
2020-10-03 00:56:38 -  Saving server...
2020-10-03 00:56:38 -  > Saved house items in: 0.414 s
2020-10-03 00:56:38 -  A debugging session is active.
2020-10-03 00:56:38 -  
2020-10-03 00:56:38 -  	Inferior 1 [process 22878] will be killed.
2020-10-03 00:56:38 -  
2020-10-03 00:56:38 -  Quit anyway? (y or n) [answered Y; input not from terminal]
