2020-10-23 14:18:39 -  [Thread debugging using libthread_db enabled]
2020-10-23 14:18:39 -  Using host libthread_db library "/lib/x86_64-linux-gnu/libthread_db.so.1".
2020-10-23 14:18:39 -  [New Thread 0x7ffff3dbb700 (LWP 6573)]
2020-10-23 14:18:39 -  [New Thread 0x7ffff35ba700 (LWP 6574)]
2020-10-23 14:18:39 -  The OTG-Premium-Version - Version: (1.3)
2020-10-23 14:18:39 -  Compiled with: GNU C++ version 5.4.0 20160609
2020-10-23 14:18:39 -  Compiled on Sep 17 2020 19:49:36 for platform x64
2020-10-23 14:18:39 -  
2020-10-23 14:18:39 -  Special Credits for: OTG Team, Johncore, Vankk, Erick Nunes, Leonardo Pereira, Leandro Baldissera, Talis, Marcomoa, Marson Schneider, Douglas, Mark Samman, OTXServer (Mattyx Gomez) and The Forgotten Server Developers.
2020-10-23 14:18:39 -  Link of repository: https://github.com/Johncorex/OTG-Premium-Version
2020-10-23 14:18:39 -  
2020-10-23 14:18:39 -  >> Loading config: config.lua
2020-10-23 14:18:39 -  >> Establishing database connection... MySQL 5.7.31
2020-10-23 14:18:39 -  >> Running database manager
2020-10-23 14:18:39 -  [New Thread 0x7ffff2ba7700 (LWP 6575)]
2020-10-23 14:18:39 -  > Optimizing table tile_store... [success]
2020-10-23 14:18:39 -  >> Loading vocations
2020-10-23 14:18:39 -  >> Loading items
2020-10-23 14:18:39 -  >> Loading script systems
2020-10-23 14:18:39 -  >> Loading lua libs
2020-10-23 14:18:40 -  [Warning - Event::checkScript] Can not load script: scripts/expboostaction.lua
2020-10-23 14:18:40 -  cannot open data/actions/scripts/expboostaction.lua: No such file or directory
2020-10-23 14:18:41 -  >> Loading lua scripts
2020-10-23 14:18:41 -  >> Loading monsters
2020-10-23 14:18:41 -  >> Loading lua monsters
2020-10-23 14:18:41 -  >> Loading outfits
2020-10-23 14:18:41 -  >> Loading prey data
2020-10-23 14:18:41 -  >> Checking world type... PVP
2020-10-23 14:18:41 -  >> Loading map
2020-10-23 14:18:43 -  > Map size: 34143x33812.
2020-10-23 14:18:48 -  > Map loading time: 7.121 seconds.
2020-10-23 14:18:49 -  > Loaded house items in: 0.012 s
2020-10-23 14:18:49 -  >> Initializing gamestate
2020-10-23 14:18:51 -  >> Loaded 43 npcs and spawned 72708 monsters.
2020-10-23 14:18:51 -  >> Loaded 27 towns with 1074 houses in total.
2020-10-23 14:18:51 -  [Castle War]
2020-10-23 14:18:51 -  [POWERGAMERS]
2020-10-23 14:18:51 -  [SISTEMA DE LOTERIA] OPERANTE
2020-10-23 14:18:51 -  Advanced NPC spawn system | All NPCs will be loaded trough lib.
2020-10-23 14:18:51 -  [REGEN BOOST] CARREGADO
2020-10-23 14:18:51 -  [SPOOF COUNTER]
2020-10-23 14:18:51 -  [STAMINA]
2020-10-23 14:18:51 -  warvariables
2020-10-23 14:18:51 -  Agenda:	2
2020-10-23 14:18:51 -  eu sou o checkWarmode... 14:18!
2020-10-23 14:18:51 -  Buscando valores guilds where id = 5
2020-10-23 14:18:51 -  > Broadcasted message: "[Warmode] Atencao Honerianos! A Guild Vai tomando desafiou a Guild TesteWarmode para uma batalha que vai iniciar agora!".
2020-10-23 14:18:51 -  14	18	42
2020-10-23 14:18:51 -  >> Loaded all modules, server starting up...
2020-10-23 14:18:51 -  > Warning: OTG-Premium-Version has been executed as root user, please consider running it as a normal user.
2020-10-23 14:18:51 -  >> Honera Global Server Online!
2020-10-23 14:18:51 -  
2020-10-23 14:18:52 -  Dev Marson has logged in.
2020-10-23 14:18:52 -  funcao onLogin
2020-10-23 14:18:52 -  Demonzin has logged in.
2020-10-23 14:18:52 -  funcao onLogin
2020-10-23 14:18:52 -  Robalo has logged in.
2020-10-23 14:19:11 -  funcao onLogin
2020-10-23 14:19:11 -  SABADOU!! NPC HONERA CRIADO
2020-10-23 14:19:11 -  Demonzin has logged out.
2020-10-23 14:19:14 -  Demonzin has logged in.
2020-10-23 14:19:25 -  funcao onLogin
2020-10-23 14:19:25 -  Robalo has logged out.
2020-10-23 14:19:29 -  Robalo has logged in.
2020-10-23 14:19:29 -  funcao onLogin
2020-10-23 14:19:29 -  um player que estava dentro da war, logou
2020-10-23 14:19:29 -  Robalo has logged out.
2020-10-23 14:19:31 -  Robalo has logged in.
2020-10-23 16:12:52 -  funcao onLogin
2020-10-23 16:12:52 -  endWarmode
2020-10-23 16:12:52 -  > Broadcasted message: "[Warmode] A War acabou por tempo! Parabens para ambas as guilds por este emocionante empate! 1".
2020-10-23 16:12:52 -  removendo players da tabela porque a war acabou
2020-10-23 16:12:52 -  aqui eu checkei o choiceID para atualizar o warmode temp5
2020-10-23 16:12:52 -  aqui eu checkei o choiceID para atualizar o warmode temp1
2020-10-23 16:12:52 -  aqui eu checkei o choiceID para atualizar o warmode temp2
2020-10-23 16:12:52 -  aqui eu checkei o choiceID para atualizar o warmode temp255
2020-10-23 16:12:52 -  eu sou o checkWarmode... 15:0!
2020-10-23 16:12:52 -  aqui eu checkei o choiceID para atualizar o warmode temp4
2020-10-23 16:12:52 -  aqui eu checkei o choiceID para atualizar o warmode temp1
2020-10-23 16:12:52 -  aqui eu checkei o choiceID para atualizar o warmode temp2
2020-10-23 16:12:52 -  eu sou o checkWarmode... 16:0!
2020-10-23 16:12:52 -  > Broadcasted message: "The dragons of the Dragonblaze Mountains have descended to Zao to protect the lizardkin!".
2020-10-23 17:07:46 -  
2020-10-23 17:07:46 -  Thread 1 "tfs" received signal SIGINT, Interrupt.
2020-10-23 17:07:46 -  0x00007ffff7b14ad3 in epoll_wait () at ../sysdeps/unix/syscall-template.S:84
2020-10-23 17:07:46 -  84	../sysdeps/unix/syscall-template.S: No such file or directory.
2020-10-23 17:07:46 -  
2020-10-23 17:07:46 -  Thread 4 (Thread 0x7ffff2ba7700 (LWP 6575)):
2020-10-23 17:07:46 -  #0  pthread_cond_wait@@GLIBC_2.3.2 () at ../sysdeps/unix/sysv/linux/x86_64/pthread_cond_wait.S:185
2020-10-23 17:07:46 -  No locals.
2020-10-23 17:07:46 -  #1  0x00007ffff5e7491c in std::condition_variable::wait(std::unique_lock<std::mutex>&) () from /usr/lib/x86_64-linux-gnu/libstdc++.so.6
2020-10-23 17:07:47 -  No symbol table info available.
2020-10-23 17:07:47 -  #2  0x00000000006228bf in DatabaseTasks::threadMain() (this=0x8e39a0 <g_databaseTasks>) at /home/otg/src/databasetasks.cpp:42
2020-10-23 17:07:47 -          taskLockUnique = {_M_device = 0x8e3a08 <g_databaseTasks+104>, _M_owns = true}
2020-10-23 17:07:47 -  #3  0x00007ffff5e79c80 in ?? () from /usr/lib/x86_64-linux-gnu/libstdc++.so.6
2020-10-23 17:07:47 -  No symbol table info available.
2020-10-23 17:07:47 -  #4  0x00007ffff614a6ba in start_thread (arg=0x7ffff2ba7700) at pthread_create.c:333
2020-10-23 17:07:47 -          __res = <optimized out>
2020-10-23 17:07:47 -          pd = 0x7ffff2ba7700
2020-10-23 17:07:47 -          now = <optimized out>
2020-10-23 17:07:47 -          unwind_buf = {cancel_jmp_buf = {{jmp_buf = {140737265694464, 5677718242765274831, 0, 140737284647471, 140737265695168, 9334528, -5677724268079120689, -5677734552081170737}, mask_was_saved = 0}}, priv = {pad = {0x0, 0x0, 0x0, 0x0}, data = {prev = 0x0, cleanup = 0x0, canceltype = 0}}}
2020-10-23 17:07:47 -          not_first_call = <optimized out>
2020-10-23 17:07:47 -          pagesize_m1 = <optimized out>
2020-10-23 17:07:47 -          sp = <optimized out>
2020-10-23 17:07:47 -          freesize = <optimized out>
2020-10-23 17:07:47 -          __PRETTY_FUNCTION__ = "start_thread"
2020-10-23 17:07:47 -  #5  0x00007ffff7b144dd in clone () at ../sysdeps/unix/sysv/linux/x86_64/clone.S:109
2020-10-23 17:07:47 -  No locals.
2020-10-23 17:07:47 -  
2020-10-23 17:07:47 -  Thread 3 (Thread 0x7ffff35ba700 (LWP 6574)):
2020-10-23 17:07:47 -  #0  pthread_cond_timedwait@@GLIBC_2.3.2 () at ../sysdeps/unix/sysv/linux/x86_64/pthread_cond_timedwait.S:225
2020-10-23 17:07:47 -  No locals.
2020-10-23 17:07:47 -  #1  0x0000000000506210 in __gthread_cond_timedwait () at /usr/include/x86_64-linux-gnu/c++/5/bits/gthr-default.h:871
2020-10-23 17:07:47 -  No locals.
2020-10-23 17:07:47 -  #2  std::condition_variable::__wait_until_impl (__atime=..., __lock=..., this=0x8e6fa0 <g_scheduler+64>) at /usr/include/c++/5/condition_variable:165
2020-10-23 17:07:47 -          __ts = {tv_sec = 1603487266, tv_nsec = 675331665}
2020-10-23 17:07:47 -  #3  std::condition_variable::wait_until<std::chrono::duration<long, std::ratio<1l, 1000000000l> > > () at /usr/include/c++/5/condition_variable:105
2020-10-23 17:07:47 -          __lock = @0x7ffff35b9e90: {_M_device = 0x8e6f78 <g_scheduler+24>, _M_owns = true}
2020-10-23 17:07:47 -          this = 0x8e6fa0 <g_scheduler+64>
2020-10-23 17:07:47 -  #4  Scheduler::threadMain (this=0x8e6f60 <g_scheduler>) at /home/otg/src/scheduler.cpp:36
2020-10-23 17:07:47 -          ret = std::cv_status::no_timeout
2020-10-23 17:07:47 -          eventLockUnique = {_M_device = 0x8e6f78 <g_scheduler+24>, _M_owns = true}
2020-10-23 17:07:47 -  #5  0x00007ffff5e79c80 in ?? () from /usr/lib/x86_64-linux-gnu/libstdc++.so.6
2020-10-23 17:07:47 -  No symbol table info available.
2020-10-23 17:07:47 -  #6  0x00007ffff614a6ba in start_thread (arg=0x7ffff35ba700) at pthread_create.c:333
2020-10-23 17:07:47 -          __res = <optimized out>
2020-10-23 17:07:47 -          pd = 0x7ffff35ba700
2020-10-23 17:07:47 -          now = <optimized out>
2020-10-23 17:07:47 -          unwind_buf = {cancel_jmp_buf = {{jmp_buf = {140737276258048, 5677718242765274831, 0, 140737488346847, 140737276258752, 9437376, -5677728375678468401, -5677734552081170737}, mask_was_saved = 0}}, priv = {pad = {0x0, 0x0, 0x0, 0x0}, data = {prev = 0x0, cleanup = 0x0, canceltype = 0}}}
2020-10-23 17:07:47 -          not_first_call = <optimized out>
2020-10-23 17:07:47 -          pagesize_m1 = <optimized out>
2020-10-23 17:07:47 -          sp = <optimized out>
2020-10-23 17:07:47 -          freesize = <optimized out>
2020-10-23 17:07:47 -          __PRETTY_FUNCTION__ = "start_thread"
2020-10-23 17:07:47 -  #7  0x00007ffff7b144dd in clone () at ../sysdeps/unix/sysv/linux/x86_64/clone.S:109
2020-10-23 17:07:47 -  No locals.
2020-10-23 17:07:47 -  
2020-10-23 17:07:47 -  Thread 2 (Thread 0x7ffff3dbb700 (LWP 6573)):
2020-10-23 17:07:47 -  #0  pthread_cond_wait@@GLIBC_2.3.2 () at ../sysdeps/unix/sysv/linux/x86_64/pthread_cond_wait.S:185
2020-10-23 17:07:47 -  No locals.
2020-10-23 17:07:47 -  #1  0x00007ffff5e7491c in std::condition_variable::wait(std::unique_lock<std::mutex>&) () from /usr/lib/x86_64-linux-gnu/libstdc++.so.6
2020-10-23 17:07:47 -  No symbol table info available.
2020-10-23 17:07:47 -  #2  0x000000000055af7b in Dispatcher::threadMain() (this=0x8e6ec0 <g_dispatcher>) at /home/otg/src/tasks.cpp:50
2020-10-23 17:07:47 -          taskLockUnique = {_M_device = 0x8e6ed8 <g_dispatcher+24>, _M_owns = true}
2020-10-23 17:07:47 -  #3  0x00007ffff5e79c80 in ?? () from /usr/lib/x86_64-linux-gnu/libstdc++.so.6
2020-10-23 17:07:47 -  No symbol table info available.
2020-10-23 17:07:47 -  #4  0x00007ffff614a6ba in start_thread (arg=0x7ffff3dbb700) at pthread_create.c:333
2020-10-23 17:07:47 -          __res = <optimized out>
2020-10-23 17:07:47 -          pd = 0x7ffff3dbb700
2020-10-23 17:07:47 -          now = <optimized out>
2020-10-23 17:07:47 -          unwind_buf = {cancel_jmp_buf = {{jmp_buf = {140737284650752, 5677718242765274831, 0, 140737488346847, 140737284651456, 9437376, -5677727276703711537, -5677734552081170737}, mask_was_saved = 0}}, priv = {pad = {0x0, 0x0, 0x0, 0x0}, data = {prev = 0x0, cleanup = 0x0, canceltype = 0}}}
2020-10-23 17:07:47 -          not_first_call = <optimized out>
2020-10-23 17:07:47 -          pagesize_m1 = <optimized out>
2020-10-23 17:07:47 -          sp = <optimized out>
2020-10-23 17:07:47 -          freesize = <optimized out>
2020-10-23 17:07:47 -          __PRETTY_FUNCTION__ = "start_thread"
2020-10-23 17:07:47 -  #5  0x00007ffff7b144dd in clone () at ../sysdeps/unix/sysv/linux/x86_64/clone.S:109
2020-10-23 17:07:47 -  No locals.
2020-10-23 17:07:47 -  
2020-10-23 17:07:47 -  Thread 1 (Thread 0x7ffff7fe6740 (LWP 6569)):
2020-10-23 17:07:47 -  #0  0x00007ffff7b14ad3 in epoll_wait () at ../sysdeps/unix/syscall-template.S:84
2020-10-23 17:07:47 -  No locals.
2020-10-23 17:07:47 -  #1  0x00000000005b70e7 in boost::asio::detail::epoll_reactor::run(bool, boost::asio::detail::op_queue<boost::asio::detail::task_io_service_operation>&) [clone .constprop.204] (this=0x901570, block=<optimized out>, ops=...) at /usr/include/boost/asio/detail/impl/epoll_reactor.ipp:392
2020-10-23 17:07:47 -          timeout = <optimized out>
2020-10-23 17:07:47 -          events = {{events = 1, data = {ptr = 0x9015c8, fd = 9442760, u32 = 9442760, u64 = 9442760}}, {events = 2592781056, data = {ptr = 0xff69793100007fff, fd = 32767, u32 = 32767, u64 = 18404374603586633727}}, {events = 32766, data = {ptr = 0x7ffeff69793c, fd = -9864900, u32 = 4285102396, u64 = 140733183523132}}, {events = 2592812640, data = {ptr = 0x7fff, fd = 32767, u32 = 32767, u64 = 32767}}, {events = 0, data = {ptr = 0x7fff9a8ab301, fd = -1702186239, u32 = 2592781057, u64 = 140735786169089}}, {events = 4285102415, data = {ptr = 0x7ffe, fd = 32766, u32 = 32766, u64 = 32766}}, {events = 0, data = {ptr = 0x7fffed9a1168, fd = -308670104, u32 = 3986297192, u64 = 140737179685224}}, {events = 2592812944, data = {ptr = 0x9a8b2bc000007fff, fd = 32767, u32 = 32767, u64 = 11136042607237431295}}, {events = 32767, data = {ptr = 0x7fff9a8b3098, fd = -1702154088, u32 = 2592813208, u64 = 140735786201240}}, {events = 2592812784, data = {ptr = 0x9a8ab30000007fff, fd = 32767, u32 = 32767, u64 = 11135909841208377343}}, {events = 32767, data = {ptr = 0x7ffeff697955, fd = -9864875, u32 = 4285102421, u64 = 140733183523157}}, {events = 4285102430, data = {ptr = 0x9a8b2f6800007ffe, fd = 32766, u32 = 32766, u64 = 11136046627326820350}}, {events = 32767, data = {ptr = 0x7fff9a8b2f18, fd = -1702154472, u32 = 2592812824, u64 = 140735786200856}}, {events = 2592781056, data = {ptr = 0xff69796500007fff, fd = 32767, u32 = 32767, u64 = 18404374826924933119}}, {events = 32766, data = {ptr = 0x7ffeff69796e, fd = -9864850, u32 = 4285102446, u64 = 140733183523182}}, {events = 2592812784, data = {ptr = 0x9a8b2f4000007fff, fd = 32767, u32 = 32767, u64 = 11136046455528128511}}, {events = 32767, data = {ptr = 0x7fff9a8ab300, fd = -1702186240, u32 = 2592781056, u64 = 140735786169088}}, {events = 4285102453, data = {ptr = 0xff69797e00007ffe, fd = 32766, u32 = 32766, u64 = 18404374934299115518}}, {events = 32766, data = {ptr = 0x7fff9a8b2f18, fd = -1702154472, u32 = 2592812824, u64 = 140735786200856}}, {events = 2592812904, data = {ptr = 0x9a8ab30000007fff, fd = 32767, u32 = 32767, u64 = 11135909841208377343}}, {events = 32767, data = {ptr = 0x7ffeff697982, fd = -9864830, u32 = 4285102466, u64 = 140733183523202}}, {events = 4285102474, data = {ptr = 0x9a8b2f4000007ffe, fd = 32766, u32 = 32766, u64 = 11136046455528128510}}, {events = 32767, data = {ptr = 0x0, fd = 0, u32 = 0, u64 = 0}}, {events = 2592781057, data = {ptr = 0xff69799100007fff, fd = 32767, u32 = 32767, u64 = 18404375015903494143}}, {events = 32766, data = {ptr = 0x0, fd = 0, u32 = 0, u64 = 0}}, {events = 2592812720, data = {ptr = 0x7fff, fd = 32767, u32 = 32767, u64 = 32767}}, {events = 0, data = {ptr = 0x7fff9a8b2f90, fd = -1702154352, u32 = 2592812944, u64 = 140735786200976}}, {events = 0, data = {ptr = 0x9a8b2fd000000000, fd = 0, u32 = 0, u64 = 11136047074003386368}}, {events = 32767, data = {ptr = 0x7fff9a8ab300, fd = -1702186240, u32 = 2592781056, u64 = 140735786169088}}, {events = 4285102489, data = {ptr = 0xff69799f00007ffe, fd = 32766, u32 = 32766, u64 = 18404375076033036286}}, {events = 32766, data = {ptr = 0x7fff9a8b3070, fd = -1702154128, u32 = 2592813168, u64 = 140735786201200}}, {events = 2592813048, data = {ptr = 0x9a8ab30000007fff, fd = 32767, u32 = 32767, u64 = 11135909841208377343}}, {events = 32767, data = {ptr = 0x7ffeff6979b0, fd = -9864784, u32 = 4285102512, u64 = 140733183523248}}, {events = 4285102515, data = {ptr = 0x9a8b2fd000007ffe, fd = 32766, u32 = 32766, u64 = 11136047074003419134}}, {events = 32767, data = {ptr = 0x7fff9a8b3020, fd = -1702154208, u32 = 2592813088, u64 = 140735786201120}}, {events = 2592781056, data = {ptr = 0xff6979b700007fff, fd = 32767, u32 = 32767, u64 = 18404375179112251391}}, {events = 32766, data = {ptr = 0x7ffeff6979ba, fd = -9864774, u32 = 4285102522, u64 = 140733183523258}}, {events = 2592813048, data = {ptr = 0x9a8b304800007fff, fd = 32767, u32 = 32767, u64 = 11136047589399494655}}, {events = 32767, data = {ptr = 0x7fff9a8ab300, fd = -1702186240, u32 = 2592781056, u64 = 140735786169088}}, {events = 4285102525, data = {ptr = 0xff6979c000007ffe, fd = 32766, u32 = 32766, u64 = 18404375217766957054}}, {events = 32766, data = {ptr = 0x7fff9a8b3020, fd = -1702154208, u32 = 2592813088, u64 = 140735786201120}}, {events = 2592813168, data = {ptr = 0x9a8ab30000007fff, fd = 32767, u32 = 32767, u64 = 11135909841208377343}}, {events = 32767, data = {ptr = 0x7ffeff6979c4, fd = -9864764, u32 = 4285102532, u64 = 140733183523268}}, {events = 4285102543, data = {ptr = 0x9a8b304800007ffe, fd = 32766, u32 = 32766, u64 = 11136047589399494654}}, {events = 32767, data = {ptr = 0x0, fd = 0, u32 = 0, u64 = 0}}, {events = 2592781057, data = {ptr = 0xff6979e200007fff, fd = 32767, u32 = 32767, u64 = 18404375363795845119}}, {events = 32766, data = {ptr = 0x0, fd = 0, u32 = 0, u64 = 0}}, {events = 3986297192, data = {ptr = 0x9a8b317800007fff, fd = 32767, u32 = 32767, u64 = 11136048895069552639}}, {events = 32767, data = {ptr = 0x7fff9a8b2eb0, fd = -1702154576, u32 = 2592812720, u64 = 140735786200752}}, {events = 3265586016, data = {ptr = 0x9a8b30d800007fff, fd = 32767, u32 = 32767, u64 = 11136048207874785279}}, {events = 32767, data = {ptr = 0x7fff9a8ab300, fd = -1702186240, u32 = 2592781056, u64 = 140735786169088}}, {events = 4285102568, data = {ptr = 0xff6979f100007ffe, fd = 32766, u32 = 32766, u64 = 18404375428220354558}}, {events = 11, data = {ptr = 0xa19a8b3150, fd = -1702153904, u32 = 2592813392, u64 = 694082548048}}, {events = 0, data = {ptr = 0x9a8ab30000007fff, fd = 32767, u32 = 32767, u64 = 11135909841208377343}}, {events = 32767, data = {ptr = 0x7ffeff6979f8, fd = -9864712, u32 = 4285102584, u64 = 140733183523320}}, {events = 4285102593, data = {ptr = 0x9a8b30d800007ffe, fd = 32766, u32 = 32766, u64 = 11136048207874785278}}, {events = 32767, data = {ptr = 0x7fff9a8b3128, fd = -1702153944, u32 = 2592813352, u64 = 140735786201384}}, {events = 2592781056, data = {ptr = 0xff697a0800007fff, fd = 32767, u32 = 32767, u64 = 18404375527004602367}}, {events = 4155593817, data = {ptr = 0x7fff, fd = 32767, u32 = 32767, u64 = 32767}}, {events = 0, data = {ptr = 0x5828f4 <boost::asio::detail::reactive_socket_recv_op_base<boost::asio::mutable_buffers_1>::do_perform(boost::asio::detail::reactor_op*)+228>, fd = 5777652, u32 = 5777652, u64 = 5777652}}, {events = 32767, data = {ptr = 0x18ab300, fd = 25867008, u32 = 25867008, u64 = 25867008}}, {events = 13, data = {ptr = 0x9122a6, fd = 9511590, u32 = 9511590, u64 = 9511590}}, {events = 2, data = {ptr = 0x200000000, fd = 0, u32 = 0, u64 = 8589934592}}, {events = 0, data = {ptr = 0x5f934622, fd = 1603487266, u32 = 1603487266, u64 = 1603487266}}, {events = 0, data = {ptr = 0x0, fd = 0, u32 = 0, u64 = 0}}, {events = 0, data = {ptr = 0x7fffffffdb80, fd = -9344, u32 = 4294957952, u64 = 140737488345984}}, {events = 1, data = {ptr = 0x0, fd = 0, u32 = 0, u64 = 0}}, {events = 0, data = {ptr = 0x0, fd = 0, u32 = 0, u64 = 0}}, {events = 0, data = {ptr = 0x91228000000000, fd = 0, u32 = 0, u64 = 40851804774203392}}, {events = 0, data = {ptr = 0x7fffe949ca10, fd = -381040112, u32 = 3913927184, u64 = 140737107315216}}, {events = 9445024, data = {ptr = 0x92238800000000, fd = 0, u32 = 0, u64 = 41134413622280192}}, {events = 0, data = {ptr = 0x901c08, fd = 9444360, u32 = 9444360, u64 = 9444360}}, {events = 13, data = {ptr = 0x5200000000, fd = 0, u32 = 0, u64 = 352187318272}}, {events = 0, data = {ptr = 0x901570, fd = 9442672, u32 = 9442672, u64 = 9442672}}, {events = 6449413, data = {ptr = 0x7fff00000000, fd = 0, u32 = 0, u64 = 140733193388032}}, {events = 2592813576, data = {ptr = 0xd, fd = 13, u32 = 13, u64 = 13}}, {events = 0, data = {ptr = 0x56f20000000000, fd = 0, u32 = 0, u64 = 24472929811038208}}, {events = 0, data = {ptr = 0x9a8b31e000007ffe, fd = 32766, u32 = 32766, u64 = 11136049341746151422}}, {events = 32767, data = {ptr = 0xffffdc709a8b3230, fd = -1702153680, u32 = 2592813616, u64 = 18446704974920102448}}, {events = 32767, data = {ptr = 0x901ea0, fd = 9445024, u32 = 9445024, u64 = 9445024}}, {events = 9445024, data = {ptr = 0x3e7f4dd000000000, fd = 0, u32 = 0, u64 = 4503403708142321664}}, {events = 32767, data = {ptr = 0x922388, fd = 9577352, u32 = 9577352, u64 = 9577352}}, {events = 9511590, data = {ptr = 0x200000000, fd = 0, u32 = 0, u64 = 8589934592}}, {events = 0, data = {ptr = 0x7fff00000001, fd = 1, u32 = 1, u64 = 140733193388033}}, {events = 0, data = {ptr = 0x56f20000000000, fd = 0, u32 = 0, u64 = 24472929811038208}}, {events = 0, data = {ptr = 0x0, fd = 0, u32 = 0, u64 = 0}}, {events = 0, data = {ptr = 0x92232800000000, fd = 0, u32 = 0, u64 = 41134001305419776}}, {events = 0, data = {ptr = 0x0, fd = 0, u32 = 0, u64 = 0}}, {events = 4128564479, data = {ptr = 0x91229000007fff, fd = 32767, u32 = 32767, u64 = 40851873493712895}}, {events = 0, data = {ptr = 0x7fffd47a1bb0, fd = -730195024, u32 = 3564772272, u64 = 140736758160304}}, {events = 609568512, data = {ptr = 0x92232800007fff, fd = 32767, u32 = 32767, u64 = 41134001305452543}}, {events = 0, data = {ptr = 0x7fffffffde78, fd = -8584, u32 = 4294958712, u64 = 140737488346744}}, {events = 0, data = {ptr = 0xf7a9158c00000000, fd = 0, u32 = 0, u64 = 17845818689471905792}}, {events = 32767, data = {ptr = 0x900090, fd = 9437328, u32 = 9437328, u64 = 9437328}}, {events = 4294958640, data = {ptr = 0x90009000007fff, fd = 32767, u32 = 32767, u64 = 40533015121657855}}, {events = 0, data = {ptr = 0x912290, fd = 9511568, u32 = 9511568, u64 = 9511568}}, {events = 14, data = {ptr = 0x91229000000000, fd = 0, u32 = 0, u64 = 40851873493680128}}, {events = 0, data = {ptr = 0x7fffd47a1bb0, fd = -730195024, u32 = 3564772272, u64 = 140736758160304}}, {events = 609568512, data = {ptr = 0x92232800007fff, fd = 32767, u32 = 32767, u64 = 41134001305452543}}, {events = 0, data = {ptr = 0x58a8b4 <Connection::onWriteOperation(boost::system::error_code const&)+260>, fd = 5810356, u32 = 5810356, u64 = 5810356}}, {events = 0, data = {ptr = 0xf71e50e000000000, fd = 0, u32 = 0, u64 = 17806758899672416256}}, {events = 32767, data = {ptr = 0xffffde30, fd = -8656, u32 = 4294958640, u64 = 4294958640}}, {events = 14, data = {ptr = 0x0, fd = 0, u32 = 0, u64 = 0}}, {events = 0, data = {ptr = 0x0, fd = 0, u32 = 0, u64 = 0}}, {events = 4294958640, data = {ptr = 0x58574500007fff, fd = 32767, u32 = 32767, u64 = 24865751814930431}}, {events = 0, data = {ptr = 0x11, fd = 17, u32 = 17, u64 = 17}}, {events = 4155593817, data = {ptr = 0xffffde3000007fff, fd = 32767, u32 = 32767, u64 = 18446706896472670207}}, {events = 32767, data = {ptr = 0x0, fd = 0, u32 = 0, u64 = 0}}, {events = 0, data = {ptr = 0x0, fd = 0, u32 = 0, u64 = 0}}, {events = 13, data = {ptr = 0x922388, fd = 9577352, u32 = 9577352, u64 = 9577352}}, {events = 4294958720, data = {ptr = 0x90009000007fff, fd = 32767, u32 = 32767, u64 = 40533015121657855}}, {events = 0, data = {ptr = 0x0, fd = 0, u32 = 0, u64 = 0}}, {events = 0, data = {ptr = 0x9000c000000000, fd = 0, u32 = 0, u64 = 40533221280055296}}, {events = 0, data = {ptr = 0x0, fd = 0, u32 = 0, u64 = 0}}, {events = 4155053452, data = {ptr = 0x91228000007fff, fd = 32767, u32 = 32767, u64 = 40851804774236159}}, {events = 0, data = {ptr = 0x0, fd = 0, u32 = 0, u64 = 0}}, {events = 4145959136, data = {ptr = 0x58a73100007fff, fd = 32767, u32 = 32767, u64 = 24953626845806591}}, {events = 0, data = {ptr = 0x7fff90178de0, fd = -1877504544, u32 = 2417462752, u64 = 140735610850784}}, {events = 4294958720, data = {ptr = 0x90009000007fff, fd = 32767, u32 = 32767, u64 = 40533015121657855}}, {events = 0, data = {ptr = 0x7fffffffde80, fd = -8576, u32 = 4294958720, u64 = 140737488346752}}, {events = 9437328, data = {ptr = 0x58646e00000000, fd = 0, u32 = 0, u64 = 24880221559717888}}, {events = 0, data = {ptr = 0x912290, fd = 9511568, u32 = 9511568, u64 = 9511568}}, {events = 9511552, data = {ptr = 0xffffde8000000000, fd = 0, u32 = 0, u64 = 18446707240070021120}}, {events = 32767, data = {ptr = 0x0, fd = 0, u32 = 0, u64 = 0}}, {events = 0, data = {ptr = 0x0, fd = 0, u32 = 0, u64 = 0}}, {events = 0, data = {ptr = 0x58a720 <Connection::handleTimeout(std::weak_ptr<Connection>, boost::system::error_code const&)>, fd = 5809952, u32 = 5809952, u64 = 5809952}}, {events = 9511568, data = {ptr = 0x91228000000000, fd = 0, u32 = 0, u64 = 40851804774203392}}, {events = 0, data = {ptr = 0x732065680000007d, fd = 125, u32 = 125, u64 = 8295742010967457917}}}
2020-10-23 17:07:47 -          num_events = <optimized out>
2020-10-23 17:07:47 -          check_timers = <optimized out>
2020-10-23 17:07:47 -  #2  0x000000000055dcd3 in do_run_one (ec=..., this_thread=..., lock=<synthetic pointer>, this=0x900090) at /usr/include/boost/asio/detail/impl/task_io_service.ipp:356
2020-10-23 17:07:47 -          more_handlers = <optimized out>
2020-10-23 17:07:47 -  #3  run (ec=..., this=0x900090) at /usr/include/boost/asio/detail/impl/task_io_service.ipp:149
2020-10-23 17:07:47 -          this_thread = {private_op_queue = {front_ = 0x0, back_ = 0x0}, private_outstanding_work = 0}
2020-10-23 17:07:47 -          ctx = {key_ = 0x900090, value_ = 0x7fffffffdf40, next_ = 0x0}
2020-10-23 17:07:47 -          lock = {mutex_ = @0x9000c0, locked_ = <optimized out>}
2020-10-23 17:07:47 -          n = 224336
2020-10-23 17:07:47 -  #4  _ZN5boost4asio10io_service3runEv.isra.226 () at /usr/include/boost/asio/impl/io_service.ipp:59
2020-10-23 17:07:47 -          ec = {m_val = 0, m_cat = 0x7ffff71e50e0}
2020-10-23 17:07:47 -  #5  ServiceManager::run() (this=this@entry=0x7fffffffdff0) at /home/otg/src/server.cpp:47
2020-10-23 17:07:47 -  No locals.
2020-10-23 17:07:47 -  #6  0x0000000000474c46 in main (argc=1, argv=0x7fffffffe1b8) at /home/otg/src/otserv.cpp:96
2020-10-23 17:07:47 -          serviceManager = {acceptors = {_M_h = {_M_buckets = 0x7fffedc14af0, _M_bucket_count = 5, _M_before_begin = {_M_nxt = 0x7fffedc14ac0}, _M_element_count = 2, _M_rehash_policy = {_M_max_load_factor = 1, _M_next_resize = 5}, _M_single_bucket = 0x0}}, io_service = {service_registry_ = 0x900040, impl_ = @0x900090}, signals = {set = {<No data fields>}}, death_timer = {<No data fields>}, running = true}
2020-10-23 17:07:47 -  eu sou o checkWarmode... 17:0!
2020-10-23 17:07:47 -  Saving server...
2020-10-23 17:07:48 -  > Saved house items in: 0.527 s
2020-10-23 17:07:48 -  A debugging session is active.
2020-10-23 17:07:48 -  
2020-10-23 17:07:48 -  	Inferior 1 [process 6569] will be killed.
2020-10-23 17:07:48 -  
2020-10-23 17:07:48 -  Quit anyway? (y or n) [answered Y; input not from terminal]
