2020-09-26 05:05:51 -  [Thread debugging using libthread_db enabled]
2020-09-26 05:05:51 -  Using host libthread_db library "/lib/x86_64-linux-gnu/libthread_db.so.1".
2020-09-26 05:05:51 -  [New Thread 0x7ffff3dbb700 (LWP 14571)]
2020-09-26 05:05:51 -  [New Thread 0x7ffff35ba700 (LWP 14572)]
2020-09-26 05:05:51 -  The OTG-Premium-Version - Version: (1.3)
2020-09-26 05:05:51 -  Compiled with: GNU C++ version 5.4.0 20160609
2020-09-26 05:05:51 -  Compiled on Sep 17 2020 19:49:36 for platform x64
2020-09-26 05:05:51 -  
2020-09-26 05:05:51 -  Special Credits for: OTG Team, Johncore, Vankk, Erick Nunes, Leonardo Pereira, Leandro Baldissera, Talis, Marcomoa, Marson Schneider, Douglas, Mark Samman, OTXServer (Mattyx Gomez) and The Forgotten Server Developers.
2020-09-26 05:05:51 -  Link of repository: https://github.com/Johncorex/OTG-Premium-Version
2020-09-26 05:05:51 -  
2020-09-26 05:05:51 -  >> Loading config: config.lua
2020-09-26 05:05:51 -  >> Establishing database connection... MySQL 5.7.31
2020-09-26 05:05:51 -  >> Running database manager
2020-09-26 05:05:51 -  [New Thread 0x7ffff2ba7700 (LWP 14573)]
2020-09-26 05:05:51 -  > Optimizing table players_online... [success]
2020-09-26 05:05:52 -  > Optimizing table tile_store... [success]
2020-09-26 05:05:52 -  >> Loading vocations
2020-09-26 05:05:52 -  >> Loading items
2020-09-26 05:05:52 -  >> Loading script systems
2020-09-26 05:05:52 -  >> Loading lua libs
2020-09-26 05:05:52 -  [Warning - Event::checkScript] Can not load script: scripts/expboostaction.lua
2020-09-26 05:05:52 -  cannot open data/actions/scripts/expboostaction.lua: No such file or directory
2020-09-26 05:05:53 -  >> Loading lua scripts
2020-09-26 05:05:53 -  >> Loading monsters
2020-09-26 05:05:53 -  >> Loading lua monsters
2020-09-26 05:05:53 -  >> Loading outfits
2020-09-26 05:05:53 -  >> Loading prey data
2020-09-26 05:05:53 -  >> Checking world type... PVP
2020-09-26 05:05:53 -  >> Loading map
2020-09-26 05:05:55 -  > Map size: 34143x33812.
2020-09-26 05:06:01 -  > Map loading time: 7.352 seconds.
2020-09-26 05:06:30 -  > Loaded house items in: 0.04 s
2020-09-26 05:06:30 -  >> Initializing gamestate
2020-09-26 05:06:32 -  >> Loaded 43 npcs and spawned 72496 monsters.
2020-09-26 05:06:32 -  >> Loaded 26 towns with 1074 houses in total.
2020-09-26 05:06:32 -  [Castle War]
2020-09-26 05:06:32 -  [POWERGAMERS]
2020-09-26 05:06:32 -  [SISTEMA DE LOTERIA] OPERANTE
2020-09-26 05:06:32 -  Advanced NPC spawn system | All NPCs will be loaded trough lib.
2020-09-26 05:06:32 -  [REGEN BOOST] CARREGADO
2020-09-26 05:06:32 -  [SPOOF COUNTER]
2020-09-26 05:06:32 -  [STAMINA]
2020-09-26 05:06:32 -  >> Loaded all modules, server starting up...
2020-09-26 05:06:32 -  > Warning: OTG-Premium-Version has been executed as root user, please consider running it as a normal user.
2020-09-26 05:06:32 -  >> Honera Global Server Online!
2020-09-26 05:06:32 -  
2020-09-26 05:06:33 -  Top Spin has logged in.
2020-09-26 05:06:33 -  Nobre Cavalheiro has logged in.
2020-09-26 05:19:41 -  SABADOU!! NPC HONERA CRIADO
2020-09-26 05:19:41 -  [Debug - Game::internalDecayItem] internalDecayItem failed, error code: 1, item id: 2018
2020-09-26 05:22:37 -  [Debug - Game::internalDecayItem] internalDecayItem failed, error code: 1, item id: 2018
2020-09-26 05:23:35 -  [Debug - Game::internalDecayItem] internalDecayItem failed, error code: 1, item id: 2018
2020-09-26 05:23:39 -  [Debug - Game::internalDecayItem] internalDecayItem failed, error code: 1, item id: 2018
2020-09-26 05:24:20 -  [Debug - Game::internalDecayItem] internalDecayItem failed, error code: 1, item id: 2018
2020-09-26 05:26:43 -  [Debug - Game::internalDecayItem] internalDecayItem failed, error code: 1, item id: 2018
2020-09-26 05:26:44 -  [Debug - Game::internalDecayItem] internalDecayItem failed, error code: 1, item id: 2018
2020-09-26 05:27:22 -  [Debug - Game::internalDecayItem] internalDecayItem failed, error code: 1, item id: 2018
2020-09-26 05:27:25 -  [Debug - Game::internalDecayItem] internalDecayItem failed, error code: 1, item id: 2018
2020-09-26 05:27:32 -  [Debug - Game::internalDecayItem] internalDecayItem failed, error code: 1, item id: 2018
2020-09-26 05:28:10 -  [Debug - Game::internalDecayItem] internalDecayItem failed, error code: 1, item id: 2018
2020-09-26 05:28:20 -  [Debug - Game::internalDecayItem] internalDecayItem failed, error code: 1, item id: 2018
2020-09-26 05:30:29 -  [Debug - Game::internalDecayItem] internalDecayItem failed, error code: 1, item id: 2018
2020-09-26 05:31:54 -  [Debug - Game::internalDecayItem] internalDecayItem failed, error code: 1, item id: 2018
2020-09-26 05:32:25 -  [Debug - Game::internalDecayItem] internalDecayItem failed, error code: 1, item id: 2018
2020-09-26 05:32:28 -  [Debug - Game::internalDecayItem] internalDecayItem failed, error code: 1, item id: 2018
2020-09-26 05:33:49 -  [Debug - Game::internalDecayItem] internalDecayItem failed, error code: 1, item id: 2018
2020-09-26 05:33:58 -  [Debug - Game::internalDecayItem] internalDecayItem failed, error code: 1, item id: 2018
2020-09-26 05:34:22 -  Nobre Cavalheiro has logged out.
2020-09-26 05:34:38 -  [Debug - Game::internalDecayItem] internalDecayItem failed, error code: 1, item id: 2018
2020-09-26 06:07:15 -  Shaka has logged in.
2020-09-26 06:08:19 -  Shaka Knight has logged in.
2020-09-26 06:08:41 -  Shaka Skull has logged in.
2020-09-26 06:26:22 -  [Debug - Game::internalDecayItem] internalDecayItem failed, error code: 1, item id: 29057
2020-09-26 06:32:58 -  [Debug - Game::internalDecayItem] internalDecayItem failed, error code: 1, item id: 2021
2020-09-26 06:33:50 -  Shaka has logged out.
2020-09-26 06:33:55 -  Shaka has logged in.
2020-09-26 06:34:42 -  [Debug - Game::internalDecayItem] internalDecayItem failed, error code: 1, item id: 29057
2020-09-26 06:34:43 -  [Debug - Game::internalDecayItem] internalDecayItem failed, error code: 1, item id: 29057
2020-09-26 06:34:43 -  [Debug - Game::internalDecayItem] internalDecayItem failed, error code: 1, item id: 29057
2020-09-26 06:36:53 -  [Debug - Game::internalDecayItem] internalDecayItem failed, error code: 1, item id: 2018
2020-09-26 06:39:53 -  [Debug - Game::internalDecayItem] internalDecayItem failed, error code: 1, item id: 2018
2020-09-26 06:40:36 -  [Debug - Game::internalDecayItem] internalDecayItem failed, error code: 1, item id: 2021
2020-09-26 06:40:53 -  [Debug - Game::internalDecayItem] internalDecayItem failed, error code: 1, item id: 2018
2020-09-26 06:41:07 -  [Debug - Game::internalDecayItem] internalDecayItem failed, error code: 1, item id: 2018
2020-09-26 06:42:15 -  [Debug - Game::internalDecayItem] internalDecayItem failed, error code: 1, item id: 2018
2020-09-26 06:42:37 -  [Debug - Game::internalDecayItem] internalDecayItem failed, error code: 1, item id: 2021
2020-09-26 06:42:37 -  [Debug - Game::internalDecayItem] internalDecayItem failed, error code: 1, item id: 2021
2020-09-26 06:43:06 -  
2020-09-26 06:43:06 -  Thread 2 "tfs" received signal SIGSEGV, Segmentation fault.
2020-09-26 06:43:06 -  [Switching to Thread 0x7ffff3dbb700 (LWP 14571)]
2020-09-26 06:43:06 -  0x000000000059b71f in Game::internalRemoveItem(Item*, int, bool, unsigned int) (this=this@entry=0x8e7760 <g_game>, item=item@entry=0x7fff704e3760, count=count@entry=-1, test=test@entry=false, flags=flags@entry=0) at /home/otg/src/game.cpp:1422
2020-09-26 06:43:06 -  1422		Tile* fromTile = cylinder->getTile();
2020-09-26 06:43:06 -  
2020-09-26 06:43:06 -  Thread 4 (Thread 0x7ffff2ba7700 (LWP 14573)):
2020-09-26 06:43:06 -  #0  pthread_cond_wait@@GLIBC_2.3.2 () at ../sysdeps/unix/sysv/linux/x86_64/pthread_cond_wait.S:185
2020-09-26 06:43:06 -  No locals.
2020-09-26 06:43:06 -  #1  0x00007ffff5e7491c in std::condition_variable::wait(std::unique_lock<std::mutex>&) () from /usr/lib/x86_64-linux-gnu/libstdc++.so.6
2020-09-26 06:43:06 -  No symbol table info available.
2020-09-26 06:43:06 -  #2  0x00000000006228bf in DatabaseTasks::threadMain() (this=0x8e39a0 <g_databaseTasks>) at /home/otg/src/databasetasks.cpp:42
2020-09-26 06:43:06 -          taskLockUnique = {_M_device = 0x8e3a08 <g_databaseTasks+104>, _M_owns = true}
2020-09-26 06:43:06 -  #3  0x00007ffff5e79c80 in ?? () from /usr/lib/x86_64-linux-gnu/libstdc++.so.6
2020-09-26 06:43:06 -  No symbol table info available.
2020-09-26 06:43:06 -  #4  0x00007ffff614a6ba in start_thread (arg=0x7ffff2ba7700) at pthread_create.c:333
2020-09-26 06:43:06 -          __res = <optimized out>
2020-09-26 06:43:06 -          pd = 0x7ffff2ba7700
2020-09-26 06:43:06 -          now = <optimized out>
2020-09-26 06:43:06 -          unwind_buf = {cancel_jmp_buf = {{jmp_buf = {140737265694464, 748131237467065909, 0, 140737284647471, 140737265695168, 9334528, -748160413726077387, -748150262813487563}, mask_was_saved = 0}}, priv = {pad = {0x0, 0x0, 0x0, 0x0}, data = {prev = 0x0, cleanup = 0x0, canceltype = 0}}}
2020-09-26 06:43:06 -          not_first_call = <optimized out>
2020-09-26 06:43:06 -          pagesize_m1 = <optimized out>
2020-09-26 06:43:06 -          sp = <optimized out>
2020-09-26 06:43:06 -          freesize = <optimized out>
2020-09-26 06:43:06 -          __PRETTY_FUNCTION__ = "start_thread"
2020-09-26 06:43:06 -  #5  0x00007ffff7b144dd in clone () at ../sysdeps/unix/sysv/linux/x86_64/clone.S:109
2020-09-26 06:43:06 -  No locals.
2020-09-26 06:43:06 -  
2020-09-26 06:43:06 -  Thread 3 (Thread 0x7ffff35ba700 (LWP 14572)):
2020-09-26 06:43:06 -  #0  pthread_cond_timedwait@@GLIBC_2.3.2 () at ../sysdeps/unix/sysv/linux/x86_64/pthread_cond_timedwait.S:225
2020-09-26 06:43:06 -  No locals.
2020-09-26 06:43:06 -  #1  0x0000000000506210 in __gthread_cond_timedwait () at /usr/include/x86_64-linux-gnu/c++/5/bits/gthr-default.h:871
2020-09-26 06:43:06 -  No locals.
2020-09-26 06:43:06 -  #2  std::condition_variable::__wait_until_impl (__atime=..., __lock=..., this=0x8e6fa0 <g_scheduler+64>) at /usr/include/c++/5/condition_variable:165
2020-09-26 06:43:06 -          __ts = {tv_sec = 1601116985, tv_nsec = 980890476}
2020-09-26 06:43:06 -  #3  std::condition_variable::wait_until<std::chrono::duration<long, std::ratio<1l, 1000000000l> > > () at /usr/include/c++/5/condition_variable:105
2020-09-26 06:43:06 -          __lock = @0x7ffff35b9e90: {_M_device = 0x8e6f78 <g_scheduler+24>, _M_owns = true}
2020-09-26 06:43:06 -          this = 0x8e6fa0 <g_scheduler+64>
2020-09-26 06:43:06 -  #4  Scheduler::threadMain (this=0x8e6f60 <g_scheduler>) at /home/otg/src/scheduler.cpp:36
2020-09-26 06:43:06 -          ret = std::cv_status::no_timeout
2020-09-26 06:43:06 -          eventLockUnique = {_M_device = 0x8e6f78 <g_scheduler+24>, _M_owns = true}
2020-09-26 06:43:06 -  #5  0x00007ffff5e79c80 in ?? () from /usr/lib/x86_64-linux-gnu/libstdc++.so.6
2020-09-26 06:43:06 -  No symbol table info available.
2020-09-26 06:43:06 -  #6  0x00007ffff614a6ba in start_thread (arg=0x7ffff35ba700) at pthread_create.c:333
2020-09-26 06:43:06 -          __res = <optimized out>
2020-09-26 06:43:06 -          pd = 0x7ffff35ba700
2020-09-26 06:43:06 -          now = <optimized out>
2020-09-26 06:43:06 -          unwind_buf = {cancel_jmp_buf = {{jmp_buf = {140737276258048, 748131237467065909, 0, 140737488346847, 140737276258752, 9437376, -748156284651893195, -748150262813487563}, mask_was_saved = 0}}, priv = {pad = {0x0, 0x0, 0x0, 0x0}, data = {prev = 0x0, cleanup = 0x0, canceltype = 0}}}
2020-09-26 06:43:06 -          not_first_call = <optimized out>
2020-09-26 06:43:06 -          pagesize_m1 = <optimized out>
2020-09-26 06:43:06 -          sp = <optimized out>
2020-09-26 06:43:06 -          freesize = <optimized out>
2020-09-26 06:43:06 -          __PRETTY_FUNCTION__ = "start_thread"
2020-09-26 06:43:06 -  #7  0x00007ffff7b144dd in clone () at ../sysdeps/unix/sysv/linux/x86_64/clone.S:109
2020-09-26 06:43:06 -  No locals.
2020-09-26 06:43:06 -  
2020-09-26 06:43:06 -  Thread 2 (Thread 0x7ffff3dbb700 (LWP 14571)):
2020-09-26 06:43:06 -  #0  0x000000000059b71f in Game::internalRemoveItem(Item*, int, bool, unsigned int) (this=this@entry=0x8e7760 <g_game>, item=item@entry=0x7fff704e3760, count=count@entry=-1, test=test@entry=false, flags=flags@entry=0) at /home/otg/src/game.cpp:1422
2020-09-26 06:43:06 -          cylinder = 0x7fffaaec2268
2020-09-26 06:43:06 -          fromTile = 0x8e6f78 <g_scheduler+24>
2020-09-26 06:43:06 -          ret = <optimized out>
2020-09-26 06:43:06 -  #1  0x00000000005b11c7 in Game::internalDecayItem(Item*) (this=0x8e7760 <g_game>, item=0x7fff704e3760) at /home/otg/src/game.cpp:4920
2020-09-26 06:43:06 -          ret = <optimized out>
2020-09-26 06:43:06 -          it = <optimized out>
2020-09-26 06:43:06 -  #2  0x00000000005b140b in Game::checkDecay() (this=0x8e7760 <g_game>) at /home/otg/src/game.cpp:4953
2020-09-26 06:43:06 -          item = 0x7fff704e3760
2020-09-26 06:43:06 -          duration = <optimized out>
2020-09-26 06:43:06 -          bucket = 3
2020-09-26 06:43:06 -          it = {_M_node = 0x7fff21c8ac80}
2020-09-26 06:43:06 -          end = {_M_node = 0x8e7c28 <g_game+1224>}
2020-09-26 06:43:06 -  #3  0x000000000055af2d in std::function<void ()>::operator()() const () at /usr/include/c++/5/functional:2267
2020-09-26 06:43:06 -          this = 0x7fff23d14730
2020-09-26 06:43:06 -  #4  Task::operator()() () at /home/otg/src/tasks.h:42
2020-09-26 06:43:06 -          this = 0x7fff23d14720
2020-09-26 06:43:06 -  #5  Dispatcher::threadMain() (this=0x8e6ec0 <g_dispatcher>) at /home/otg/src/tasks.cpp:62
2020-09-26 06:43:06 -          task = 0x7fff23d14720
2020-09-26 06:43:06 -          taskLockUnique = {_M_device = 0x8e6ed8 <g_dispatcher+24>, _M_owns = false}
2020-09-26 06:43:06 -  #6  0x00007ffff5e79c80 in ?? () from /usr/lib/x86_64-linux-gnu/libstdc++.so.6
2020-09-26 06:43:06 -  No symbol table info available.
2020-09-26 06:43:06 -  #7  0x00007ffff614a6ba in start_thread (arg=0x7ffff3dbb700) at pthread_create.c:333
2020-09-26 06:43:06 -          __res = <optimized out>
2020-09-26 06:43:06 -          pd = 0x7ffff3dbb700
2020-09-26 06:43:06 -          now = <optimized out>
2020-09-26 06:43:06 -          unwind_buf = {cancel_jmp_buf = {{jmp_buf = {140737284650752, 748131237467065909, 0, 140737488346847, 140737284651456, 9437376, -748157383626650059, -748150262813487563}, mask_was_saved = 0}}, priv = {pad = {0x0, 0x0, 0x0, 0x0}, data = {prev = 0x0, cleanup = 0x0, canceltype = 0}}}
2020-09-26 06:43:06 -          not_first_call = <optimized out>
2020-09-26 06:43:06 -          pagesize_m1 = <optimized out>
2020-09-26 06:43:06 -          sp = <optimized out>
2020-09-26 06:43:06 -          freesize = <optimized out>
2020-09-26 06:43:06 -          __PRETTY_FUNCTION__ = "start_thread"
2020-09-26 06:43:06 -  #8  0x00007ffff7b144dd in clone () at ../sysdeps/unix/sysv/linux/x86_64/clone.S:109
2020-09-26 06:43:06 -  No locals.
2020-09-26 06:43:06 -  
2020-09-26 06:43:06 -  Thread 1 (Thread 0x7ffff7fe6740 (LWP 14567)):
2020-09-26 06:43:06 -  #0  0x00007ffff7b14ad3 in epoll_wait () at ../sysdeps/unix/syscall-template.S:84
2020-09-26 06:43:06 -  No locals.
2020-09-26 06:43:06 -  #1  0x00000000005b70e7 in boost::asio::detail::epoll_reactor::run(bool, boost::asio::detail::op_queue<boost::asio::detail::task_io_service_operation>&) [clone .constprop.204] (this=0x901570, block=<optimized out>, ops=...) at /usr/include/boost/asio/detail/impl/epoll_reactor.ipp:392
2020-09-26 06:43:06 -          timeout = <optimized out>
2020-09-26 06:43:06 -          events = {{events = 32767, data = {ptr = 0x7ffefd416345, fd = -46046395, u32 = 4248920901, u64 = 140733147341637}}, {events = 4248920904, data = {ptr = 0xc1f45e9000007ffe, fd = 32766, u32 = 32766, u64 = 13975899516205826046}}, {events = 32767, data = {ptr = 0x7fffc1f45ee0, fd = -1040949536, u32 = 3254017760, u64 = 140736447405792}}, {events = 3253986112, data = {ptr = 0xfd41634b00007fff, fd = 32767, u32 = 32767, u64 = 18248976338855690239}}, {events = 32766, data = {ptr = 0x7ffefd41634e, fd = -46046386, u32 = 4248920910, u64 = 140733147341646}}, {events = 3254017720, data = {ptr = 0xc1f45f0800007fff, fd = 32767, u32 = 32767, u64 = 13975900031601901567}}, {events = 32767, data = {ptr = 0x7fffc1f3e340, fd = -1040981184, u32 = 3253986112, u64 = 140736447374144}}, {events = 4248920913, data = {ptr = 0xfd41635400007ffe, fd = 32766, u32 = 32766, u64 = 18248976377510395902}}, {events = 32766, data = {ptr = 0x7fffc1f45ee0, fd = -1040949536, u32 = 3254017760, u64 = 140736447405792}}, {events = 3254017840, data = {ptr = 0xc1f3e34000007fff, fd = 32767, u32 = 32767, u64 = 13975763932678225919}}, {events = 32767, data = {ptr = 0x7ffefd416358, fd = -46046376, u32 = 4248920920, u64 = 140733147341656}}, {events = 4248920931, data = {ptr = 0xc1f45f0800007ffe, fd = 32766, u32 = 32766, u64 = 13975900031601901566}}, {events = 32767, data = {ptr = 0x0, fd = 0, u32 = 0, u64 = 0}}, {events = 3253986113, data = {ptr = 0xfd41637600007fff, fd = 32767, u32 = 32767, u64 = 18248976523539283967}}, {events = 32766, data = {ptr = 0x0, fd = 0, u32 = 0, u64 = 0}}, {events = 3908597544, data = {ptr = 0xc1f4603800007fff, fd = 32767, u32 = 32767, u64 = 13975901337271959551}}, {events = 32767, data = {ptr = 0x7fffc1f45c68, fd = -1040950168, u32 = 3254017128, u64 = 140736447405160}}, {events = 2553967464, data = {ptr = 0xc1f45f9800007fff, fd = 32767, u32 = 32767, u64 = 13975900650077192191}}, {events = 32767, data = {ptr = 0x7fffc1f3e340, fd = -1040981184, u32 = 3253986112, u64 = 140736447374144}}, {events = 4248920956, data = {ptr = 0xfd41638500007ffe, fd = 32766, u32 = 32766, u64 = 18248976587963793406}}, {events = 32766, data = {ptr = 0x7fffc1f46010, fd = -1040949232, u32 = 3254018064, u64 = 140736447406096}}, {events = 3254017984, data = {ptr = 0xc1f3e34000007fff, fd = 32767, u32 = 32767, u64 = 13975763932678225919}}, {events = 32767, data = {ptr = 0x7ffefd41638c, fd = -46046324, u32 = 4248920972, u64 = 140733147341708}}, {events = 4248920981, data = {ptr = 0xc1f45f9800007ffe, fd = 32766, u32 = 32766, u64 = 13975900650077192190}}, {events = 32767, data = {ptr = 0x7fffc1f45fe8, fd = -1040949272, u32 = 3254018024, u64 = 140736447406056}}, {events = 3253986112, data = {ptr = 0xfd41639c00007fff, fd = 32767, u32 = 32767, u64 = 18248976686748041215}}, {events = 32766, data = {ptr = 0x7ffefd4163a5, fd = -46046299, u32 = 4248920997, u64 = 140733147341733}}, {events = 3254017984, data = {ptr = 0xc1f4601000007fff, fd = 32767, u32 = 32767, u64 = 13975901165473267711}}, {events = 32767, data = {ptr = 0x7fffc1f3e340, fd = -1040981184, u32 = 3253986112, u64 = 140736447374144}}, {events = 4248921001, data = {ptr = 0xfd4163b100007ffe, fd = 32766, u32 = 32766, u64 = 18248976776942354430}}, {events = 32766, data = {ptr = 0x7fffc1f45fe8, fd = -1040949272, u32 = 3254018024, u64 = 140736447406056}}, {events = 0, data = {ptr = 0xc1f3e34100000000, fd = 0, u32 = 0, u64 = 13975763936973160448}}, {events = 32767, data = {ptr = 0x7ffefd4163b8, fd = -46046280, u32 = 4248921016, u64 = 140733147341752}}, {events = 0, data = {ptr = 0xc1f45f5800000000, fd = 0, u32 = 0, u64 = 13975900375199252480}}, {events = 32767, data = {ptr = 0x0, fd = 0, u32 = 0, u64 = 0}}, {events = 3254018632, data = {ptr = 0xc1f4614000007fff, fd = 32767, u32 = 32767, u64 = 13975902471143325695}}, {events = 32767, data = {ptr = 0x7fffc1f46078, fd = -1040949128, u32 = 3254018168, u64 = 140736447406200}}, {events = 3253986112, data = {ptr = 0xfd4163c000007fff, fd = 32767, u32 = 32767, u64 = 18248976841366863871}}, {events = 32766, data = {ptr = 0x7ffefd4163c6, fd = -46046266, u32 = 4248921030, u64 = 140733147341766}}, {events = 3254018328, data = {ptr = 0xc1f460a000007fff, fd = 32767, u32 = 32767, u64 = 13975901783948558335}}, {events = 32767, data = {ptr = 0x7fffc1f3e340, fd = -1040981184, u32 = 3253986112, u64 = 140736447374144}}, {events = 4248921046, data = {ptr = 0xfd4163d900007ffe, fd = 32766, u32 = 32766, u64 = 18248976948741046270}}, {events = 32766, data = {ptr = 0x7fffc1f46078, fd = -1040949128, u32 = 3254018168, u64 = 140736447406200}}, {events = 3254018248, data = {ptr = 0xc1f3e34000007fff, fd = 32767, u32 = 32767, u64 = 13975763932678225919}}, {events = 32767, data = {ptr = 0x7ffefd4163dd, fd = -46046243, u32 = 4248921053, u64 = 140733147341789}}, {events = 4248921056, data = {ptr = 0xc1f460a000007ffe, fd = 32766, u32 = 32766, u64 = 13975901783948558334}}, {events = 32767, data = {ptr = 0x7fffc1f460f0, fd = -1040949008, u32 = 3254018288, u64 = 140736447406320}}, {events = 3253986112, data = {ptr = 0xfd4163e400007fff, fd = 32767, u32 = 32767, u64 = 18248976995985686527}}, {events = 32766, data = {ptr = 0x7ffefd4163e7, fd = -46046233, u32 = 4248921063, u64 = 140733147341799}}, {events = 3254018248, data = {ptr = 0xc1f4611800007fff, fd = 32767, u32 = 32767, u64 = 13975902299344633855}}, {events = 32767, data = {ptr = 0x7fffc1f3e340, fd = -1040981184, u32 = 3253986112, u64 = 140736447374144}}, {events = 4248921067, data = {ptr = 0xfd4163f600007ffe, fd = 32766, u32 = 32766, u64 = 18248977073295097854}}, {events = 11, data = {ptr = 0xa1c1f460f0, fd = -1040949008, u32 = 3254018288, u64 = 694743752944}}, {events = 0, data = {ptr = 0x7fffffffdb90, fd = -9328, u32 = 4294957968, u64 = 140737488346000}}, {events = 32767, data = {ptr = 0x7ffefd416400, fd = -46046208, u32 = 4248921088, u64 = 140733147341824}}, {events = 0, data = {ptr = 0xc1f45f5800000000, fd = 0, u32 = 0, u64 = 13975900375199252480}}, {events = 9329, data = {ptr = 0xffffdb8fffff8000, fd = -32768, u32 = 4294934528, u64 = 18446704010254581760}}, {events = 32767, data = {ptr = 0x2, fd = 2, u32 = 2, u64 = 2}}, {events = 4155593817, data = {ptr = 0x7fff, fd = 32767, u32 = 32767, u64 = 32767}}, {events = 0, data = {ptr = 0x5828f4 <boost::asio::detail::reactive_socket_recv_op_base<boost::asio::mutable_buffers_1>::do_perform(boost::asio::detail::reactor_op*)+228>, fd = 5777652, u32 = 5777652, u64 = 5777652}}, {events = 91, data = {ptr = 0x100006e, fd = 16777326, u32 = 16777326, u64 = 16777326}}, {events = 15, data = {ptr = 0x952d26, fd = 9776422, u32 = 9776422, u64 = 9776422}}, {events = 2, data = {ptr = 0x200000000, fd = 0, u32 = 0, u64 = 8589934592}}, {events = 0, data = {ptr = 0x5f6f1b39, fd = 1601116985, u32 = 1601116985, u64 = 1601116985}}, {events = 0, data = {ptr = 0x0, fd = 0, u32 = 0, u64 = 0}}, {events = 0, data = {ptr = 0x7fffffffdb80, fd = -9344, u32 = 4294957952, u64 = 140737488345984}}, {events = 1, data = {ptr = 0x0, fd = 0, u32 = 0, u64 = 0}}, {events = 0, data = {ptr = 0x0, fd = 0, u32 = 0, u64 = 0}}, {events = 0, data = {ptr = 0x952d0000000000, fd = 0, u32 = 0, u64 = 41989249553137664}}, {events = 0, data = {ptr = 0x7fffd3008970, fd = -754939536, u32 = 3540027760, u64 = 140736733415792}}, {events = 9578400, data = {ptr = 0x962e0800000000, fd = 0, u32 = 0, u64 = 42271858401214464}}, {events = 0, data = {ptr = 0x912088, fd = 9511048, u32 = 9511048, u64 = 9511048}}, {events = 15, data = {ptr = 0x5200000000, fd = 0, u32 = 0, u64 = 352187318272}}, {events = 0, data = {ptr = 0x901570, fd = 9442672, u32 = 9442672, u64 = 9442672}}, {events = 6449413, data = {ptr = 0x7fff00000000, fd = 0, u32 = 0, u64 = 140733193388032}}, {events = 0, data = {ptr = 0xf, fd = 15, u32 = 15, u64 = 15}}, {events = 0, data = {ptr = 0x56f20000000000, fd = 0, u32 = 0, u64 = 24472929811038208}}, {events = 0, data = {ptr = 0xc1f45f5800000000, fd = 0, u32 = 0, u64 = 13975900375199252480}}, {events = 32767, data = {ptr = 0xffffdc7000000000, fd = 0, u32 = 0, u64 = 18446704972327288832}}, {events = 32767, data = {ptr = 0x9227a0, fd = 9578400, u32 = 9578400, u64 = 9578400}}, {events = 9578400, data = {ptr = 0x8a3e4b6000000000, fd = 0, u32 = 0, u64 = 9961482301479059456}}, {events = 32767, data = {ptr = 0x962e08, fd = 9842184, u32 = 9842184, u64 = 9842184}}, {events = 9776422, data = {ptr = 0x200000000, fd = 0, u32 = 0, u64 = 8589934592}}, {events = 0, data = {ptr = 0x7fff00000001, fd = 1, u32 = 1, u64 = 140733193388033}}, {events = 0, data = {ptr = 0x56f20000000000, fd = 0, u32 = 0, u64 = 24472929811038208}}, {events = 0, data = {ptr = 0x0, fd = 0, u32 = 0, u64 = 0}}, {events = 0, data = {ptr = 0x0, fd = 0, u32 = 0, u64 = 0}}, {events = 0, data = {ptr = 0x962d28, fd = 9841960, u32 = 9841960, u64 = 9841960}}, {events = 5809952, data = {ptr = 0x952d1000000000, fd = 0, u32 = 0, u64 = 41989318272614400}}, {events = 0, data = {ptr = 0x962da8, fd = 9842088, u32 = 9842088, u64 = 9842088}}, {events = 9776384, data = {ptr = 0x46e96000000000, fd = 0, u32 = 0, u64 = 19959846895878144}}, {events = 0, data = {ptr = 0x7fffffffdd20, fd = -8928, u32 = 4294958368, u64 = 140737488346400}}, {events = 0, data = {ptr = 0x56e94e00000000, fd = 0, u32 = 0, u64 = 24463369213837312}}, {events = 0, data = {ptr = 0x900090, fd = 9437328, u32 = 9437328, u64 = 9437328}}, {events = 0, data = {ptr = 0x952d2600000000, fd = 0, u32 = 0, u64 = 41989412761894912}}, {events = 0, data = {ptr = 0x2, fd = 2, u32 = 2, u64 = 2}}, {events = 5698048, data = {ptr = 0x0, fd = 0, u32 = 0, u64 = 0}}, {events = 0, data = {ptr = 0x0, fd = 0, u32 = 0, u64 = 0}}, {events = 0, data = {ptr = 0x0, fd = 0, u32 = 0, u64 = 0}}, {events = 0, data = {ptr = 0x7fffffffde30, fd = -8656, u32 = 4294958640, u64 = 140737488346672}}, {events = 9437328, data = {ptr = 0x1400000000, fd = 0, u32 = 0, u64 = 85899345920}}, {events = 0, data = {ptr = 0x0, fd = 0, u32 = 0, u64 = 0}}, {events = 9437376, data = {ptr = 0xffffde3000000000, fd = 0, u32 = 0, u64 = 18446706896472637440}}, {events = 32767, data = {ptr = 0x585e35 <boost::asio::detail::reactive_socket_recv_op<boost::asio::mutable_buffers_1, boost::asio::detail::read_op<boost::asio::basic_stream_socket<boost::asio::ip::tcp, boost::asio::stream_socket_service<boost::asio::ip::tcp> >, boost::asio::mutable_buffers_1, boost::asio::detail::transfer_all_t, std::_Bind<std::_Mem_fn<void (Connection::*)(boost::system::error_code const&)> (std::shared_ptr<Connection>, std::_Placeholder<1>)> > >::do_complete(boost::asio::detail::task_io_service*, boost::asio::detail::task_io_service_operation*, boost::system::error_code const&, unsigned long)+373>, fd = 5791285, u32 = 5791285, u64 = 5791285}}, {events = 4294958640, data = {ptr = 0x58574500007fff, fd = 32767, u32 = 32767, u64 = 24865751814930431}}, {events = 0, data = {ptr = 0x13, fd = 19, u32 = 19, u64 = 19}}, {events = 4155593817, data = {ptr = 0xffffde3000007fff, fd = 32767, u32 = 32767, u64 = 18446706896472670207}}, {events = 32767, data = {ptr = 0x0, fd = 0, u32 = 0, u64 = 0}}, {events = 0, data = {ptr = 0x0, fd = 0, u32 = 0, u64 = 0}}, {events = 15, data = {ptr = 0x962e08, fd = 9842184, u32 = 9842184, u64 = 9842184}}, {events = 9776422, data = {ptr = 0x200000000, fd = 0, u32 = 0, u64 = 8589934592}}, {events = 0, data = {ptr = 0x0, fd = 0, u32 = 0, u64 = 0}}, {events = 2, data = {ptr = 0x56f20000000000, fd = 0, u32 = 0, u64 = 24472929811038208}}, {events = 0, data = {ptr = 0x0, fd = 0, u32 = 0, u64 = 0}}, {events = 9776400, data = {ptr = 0x952d0000000000, fd = 0, u32 = 0, u64 = 41989249553137664}}, {events = 0, data = {ptr = 0x0, fd = 0, u32 = 0, u64 = 0}}, {events = 4145959136, data = {ptr = 0x58a73100007fff, fd = 32767, u32 = 32767, u64 = 24953626845806591}}, {events = 0, data = {ptr = 0x7fffd2d53290, fd = -757779824, u32 = 3537187472, u64 = 140736730575504}}, {events = 0, data = {ptr = 0x962e0800000000, fd = 0, u32 = 0, u64 = 42271858401214464}}, {events = 0, data = {ptr = 0x7fffffffde80, fd = -8576, u32 = 4294958720, u64 = 140737488346752}}, {events = 9437328, data = {ptr = 0x58646e00000000, fd = 0, u32 = 0, u64 = 24880221559717888}}, {events = 0, data = {ptr = 0x952d10, fd = 9776400, u32 = 9776400, u64 = 9776400}}, {events = 9776384, data = {ptr = 0xffffde8000000000, fd = 0, u32 = 0, u64 = 18446707240070021120}}, {events = 32767, data = {ptr = 0x0, fd = 0, u32 = 0, u64 = 0}}, {events = 0, data = {ptr = 0x0, fd = 0, u32 = 0, u64 = 0}}, {events = 0, data = {ptr = 0x58a720 <Connection::handleTimeout(std::weak_ptr<Connection>, boost::system::error_code const&)>, fd = 5809952, u32 = 5809952, u64 = 5809952}}, {events = 9776400, data = {ptr = 0x952d0000000000, fd = 0, u32 = 0, u64 = 41989249553137664}}, {events = 0, data = {ptr = 0x7d, fd = 125, u32 = 125, u64 = 125}}}
2020-09-26 06:43:06 -          num_events = <optimized out>
2020-09-26 06:43:06 -          check_timers = <optimized out>
2020-09-26 06:43:06 -  #2  0x000000000055dcd3 in do_run_one (ec=..., this_thread=..., lock=<synthetic pointer>, this=0x900090) at /usr/include/boost/asio/detail/impl/task_io_service.ipp:356
2020-09-26 06:43:06 -          more_handlers = <optimized out>
2020-09-26 06:43:06 -  #3  run (ec=..., this=0x900090) at /usr/include/boost/asio/detail/impl/task_io_service.ipp:149
2020-09-26 06:43:06 -          this_thread = {private_op_queue = {front_ = 0x0, back_ = 0x0}, private_outstanding_work = 0}
2020-09-26 06:43:06 -          ctx = {key_ = 0x900090, value_ = 0x7fffffffdf40, next_ = 0x0}
2020-09-26 06:43:06 -          lock = {mutex_ = @0x9000c0, locked_ = <optimized out>}
2020-09-26 06:43:06 -          n = 433443
2020-09-26 06:43:06 -  #4  _ZN5boost4asio10io_service3runEv.isra.226 () at /usr/include/boost/asio/impl/io_service.ipp:59
2020-09-26 06:43:06 -          ec = {m_val = 0, m_cat = 0x7ffff71e50e0}
2020-09-26 06:43:06 -  #5  ServiceManager::run() (this=this@entry=0x7fffffffdff0) at /home/otg/src/server.cpp:47
2020-09-26 06:43:06 -  No locals.
2020-09-26 06:43:06 -  #6  0x0000000000474c46 in main (argc=1, argv=0x7fffffffe1b8) at /home/otg/src/otserv.cpp:96
2020-09-26 06:43:06 -          serviceManager = {acceptors = {_M_h = {_M_buckets = 0x7fffd27000c0, _M_bucket_count = 5, _M_before_begin = {_M_nxt = 0x7fffd298e670}, _M_element_count = 2, _M_rehash_policy = {_M_max_load_factor = 1, _M_next_resize = 5}, _M_single_bucket = 0x0}}, io_service = {service_registry_ = 0x900040, impl_ = @0x900090}, signals = {set = {<No data fields>}}, death_timer = {<No data fields>}, running = true}
2020-09-26 06:43:06 -  Saving server...
2020-09-26 06:43:08 -  > Saved house items in: 1.301 s
2020-09-26 06:43:08 -  A debugging session is active.
2020-09-26 06:43:08 -  
2020-09-26 06:43:08 -  	Inferior 1 [process 14567] will be killed.
2020-09-26 06:43:08 -  
2020-09-26 06:43:08 -  Quit anyway? (y or n) [answered Y; input not from terminal]
