2020-10-24 11:52:06 -  [Thread debugging using libthread_db enabled]
2020-10-24 11:52:06 -  Using host libthread_db library "/lib/x86_64-linux-gnu/libthread_db.so.1".
2020-10-24 11:52:06 -  [New Thread 0x7ffff3dbb700 (LWP 6799)]
2020-10-24 11:52:06 -  [New Thread 0x7ffff35ba700 (LWP 6800)]
2020-10-24 11:52:06 -  The OTG-Premium-Version - Version: (1.3)
2020-10-24 11:52:06 -  Compiled with: GNU C++ version 5.4.0 20160609
2020-10-24 11:52:06 -  Compiled on Sep 17 2020 19:49:36 for platform x64
2020-10-24 11:52:06 -  
2020-10-24 11:52:06 -  Special Credits for: OTG Team, Johncore, Vankk, Erick Nunes, Leonardo Pereira, Leandro Baldissera, Talis, Marcomoa, Marson Schneider, Douglas, Mark Samman, OTXServer (Mattyx Gomez) and The Forgotten Server Developers.
2020-10-24 11:52:06 -  Link of repository: https://github.com/Johncorex/OTG-Premium-Version
2020-10-24 11:52:06 -  
2020-10-24 11:52:06 -  >> Loading config: config.lua
2020-10-24 11:52:06 -  >> Establishing database connection... MySQL 5.7.31
2020-10-24 11:52:06 -  >> Running database manager
2020-10-24 11:52:06 -  [New Thread 0x7ffff2ba7700 (LWP 6801)]
2020-10-24 11:52:06 -  > Optimizing table tile_store... [success]
2020-10-24 11:52:06 -  >> Loading vocations
2020-10-24 11:52:06 -  >> Loading items
2020-10-24 11:52:06 -  >> Loading script systems
2020-10-24 11:52:06 -  >> Loading lua libs
2020-10-24 11:52:07 -  [Warning - Event::checkScript] Can not load script: scripts/expboostaction.lua
2020-10-24 11:52:07 -  cannot open data/actions/scripts/expboostaction.lua: No such file or directory
2020-10-24 11:52:08 -  >> Loading lua scripts
2020-10-24 11:52:08 -  >> Loading monsters
2020-10-24 11:52:08 -  >> Loading lua monsters
2020-10-24 11:52:08 -  >> Loading outfits
2020-10-24 11:52:08 -  >> Loading prey data
2020-10-24 11:52:08 -  >> Checking world type... PVP
2020-10-24 11:52:08 -  >> Loading map
2020-10-24 11:52:10 -  > Map size: 34143x33812.
2020-10-24 11:52:15 -  > Map loading time: 7.237 seconds.
2020-10-24 11:52:16 -  > Loaded house items in: 0.014 s
2020-10-24 11:52:16 -  >> Initializing gamestate
2020-10-24 11:52:18 -  >> Loaded 43 npcs and spawned 72708 monsters.
2020-10-24 11:52:18 -  >> Loaded 27 towns with 1074 houses in total.
2020-10-24 11:52:18 -  [Castle War]
2020-10-24 11:52:18 -  [POWERGAMERS]
2020-10-24 11:52:18 -  [SISTEMA DE LOTERIA] OPERANTE
2020-10-24 11:52:18 -  Advanced NPC spawn system | All NPCs will be loaded trough lib.
2020-10-24 11:52:18 -  [REGEN BOOST] CARREGADO
2020-10-24 11:52:18 -  [SPOOF COUNTER]
2020-10-24 11:52:18 -  [STAMINA]
2020-10-24 11:52:18 -  warvariables
2020-10-24 11:52:18 -  eu sou o checkWarmode... 11:52!
2020-10-24 11:52:18 -  > Broadcasted message: "[Warmode] Atencao! A Guild TesteWarmode desafiou a Guild Vai tomando para uma batalha que vai iniciar agora! Use o comando !war, para juntar-se a sua guild.".
2020-10-24 11:52:18 -  >> Loaded all modules, server starting up...
2020-10-24 11:52:18 -  > Warning: OTG-Premium-Version has been executed as root user, please consider running it as a normal user.
2020-10-24 11:52:18 -  >> Honera Global Server Online!
2020-10-24 11:52:18 -  
2020-10-24 11:52:19 -  Demonzin has logged in.
2020-10-24 11:52:19 -  funcao onLogin
2020-10-24 11:52:19 -  Robalo has logged in.
2020-10-24 11:52:24 -  
2020-10-24 11:52:24 -  Thread 1 "tfs" received signal SIGINT, Interrupt.
2020-10-24 11:52:24 -  0x00007ffff7b14ad3 in epoll_wait () at ../sysdeps/unix/syscall-template.S:84
2020-10-24 11:52:24 -  84	../sysdeps/unix/syscall-template.S: No such file or directory.
2020-10-24 11:52:24 -  
2020-10-24 11:52:24 -  Thread 4 (Thread 0x7ffff2ba7700 (LWP 6801)):
2020-10-24 11:52:24 -  #0  pthread_cond_wait@@GLIBC_2.3.2 () at ../sysdeps/unix/sysv/linux/x86_64/pthread_cond_wait.S:185
2020-10-24 11:52:24 -  No locals.
2020-10-24 11:52:24 -  #1  0x00007ffff5e7491c in std::condition_variable::wait(std::unique_lock<std::mutex>&) () from /usr/lib/x86_64-linux-gnu/libstdc++.so.6
2020-10-24 11:52:24 -  No symbol table info available.
2020-10-24 11:52:24 -  #2  0x00000000006228bf in DatabaseTasks::threadMain() (this=0x8e39a0 <g_databaseTasks>) at /home/otg/src/databasetasks.cpp:42
2020-10-24 11:52:24 -          taskLockUnique = {_M_device = 0x8e3a08 <g_databaseTasks+104>, _M_owns = true}
2020-10-24 11:52:24 -  #3  0x00007ffff5e79c80 in ?? () from /usr/lib/x86_64-linux-gnu/libstdc++.so.6
2020-10-24 11:52:24 -  No symbol table info available.
2020-10-24 11:52:24 -  #4  0x00007ffff614a6ba in start_thread (arg=0x7ffff2ba7700) at pthread_create.c:333
2020-10-24 11:52:24 -          __res = <optimized out>
2020-10-24 11:52:24 -          pd = 0x7ffff2ba7700
2020-10-24 11:52:24 -          now = <optimized out>
2020-10-24 11:52:24 -          unwind_buf = {cancel_jmp_buf = {{jmp_buf = {140737265694464, 2821398588898580251, 0, 140737284647471, 140737265695168, 9334528, -2821370589462751461, -2821378481220446437}, mask_was_saved = 0}}, priv = {pad = {0x0, 0x0, 0x0, 0x0}, data = {prev = 0x0, cleanup = 0x0, canceltype = 0}}}
2020-10-24 11:52:24 -          not_first_call = <optimized out>
2020-10-24 11:52:24 -          pagesize_m1 = <optimized out>
2020-10-24 11:52:24 -          sp = <optimized out>
2020-10-24 11:52:24 -          freesize = <optimized out>
2020-10-24 11:52:24 -          __PRETTY_FUNCTION__ = "start_thread"
2020-10-24 11:52:24 -  #5  0x00007ffff7b144dd in clone () at ../sysdeps/unix/sysv/linux/x86_64/clone.S:109
2020-10-24 11:52:25 -  No locals.
2020-10-24 11:52:25 -  
2020-10-24 11:52:25 -  Thread 3 (Thread 0x7ffff35ba700 (LWP 6800)):
2020-10-24 11:52:25 -  #0  pthread_cond_timedwait@@GLIBC_2.3.2 () at ../sysdeps/unix/sysv/linux/x86_64/pthread_cond_timedwait.S:225
2020-10-24 11:52:25 -  No locals.
2020-10-24 11:52:25 -  #1  0x0000000000506210 in __gthread_cond_timedwait () at /usr/include/x86_64-linux-gnu/c++/5/bits/gthr-default.h:871
2020-10-24 11:52:25 -  No locals.
2020-10-24 11:52:25 -  #2  std::condition_variable::__wait_until_impl (__atime=..., __lock=..., this=0x8e6fa0 <g_scheduler+64>) at /usr/include/c++/5/condition_variable:165
2020-10-24 11:52:25 -          __ts = {tv_sec = 1603554746, tv_nsec = 368884753}
2020-10-24 11:52:25 -  #3  std::condition_variable::wait_until<std::chrono::duration<long, std::ratio<1l, 1000000000l> > > () at /usr/include/c++/5/condition_variable:105
2020-10-24 11:52:25 -          __lock = @0x7ffff35b9e90: {_M_device = 0x8e6f78 <g_scheduler+24>, _M_owns = true}
2020-10-24 11:52:25 -          this = 0x8e6fa0 <g_scheduler+64>
2020-10-24 11:52:25 -  #4  Scheduler::threadMain (this=0x8e6f60 <g_scheduler>) at /home/otg/src/scheduler.cpp:36
2020-10-24 11:52:25 -          ret = std::cv_status::no_timeout
2020-10-24 11:52:25 -          eventLockUnique = {_M_device = 0x8e6f78 <g_scheduler+24>, _M_owns = true}
2020-10-24 11:52:25 -  #5  0x00007ffff5e79c80 in ?? () from /usr/lib/x86_64-linux-gnu/libstdc++.so.6
2020-10-24 11:52:25 -  No symbol table info available.
2020-10-24 11:52:25 -  #6  0x00007ffff614a6ba in start_thread (arg=0x7ffff35ba700) at pthread_create.c:333
2020-10-24 11:52:25 -          __res = <optimized out>
2020-10-24 11:52:25 -          pd = 0x7ffff35ba700
2020-10-24 11:52:25 -          now = <optimized out>
2020-10-24 11:52:25 -          unwind_buf = {cancel_jmp_buf = {{jmp_buf = {140737276258048, 2821398588898580251, 0, 140737488346847, 140737276258752, 9437376, -2821371411412117733, -2821378481220446437}, mask_was_saved = 0}}, priv = {pad = {0x0, 0x0, 0x0, 0x0}, data = {prev = 0x0, cleanup = 0x0, canceltype = 0}}}
2020-10-24 11:52:25 -          not_first_call = <optimized out>
2020-10-24 11:52:25 -          pagesize_m1 = <optimized out>
2020-10-24 11:52:25 -          sp = <optimized out>
2020-10-24 11:52:25 -          freesize = <optimized out>
2020-10-24 11:52:25 -          __PRETTY_FUNCTION__ = "start_thread"
2020-10-24 11:52:25 -  #7  0x00007ffff7b144dd in clone () at ../sysdeps/unix/sysv/linux/x86_64/clone.S:109
2020-10-24 11:52:25 -  No locals.
2020-10-24 11:52:25 -  
2020-10-24 11:52:25 -  Thread 2 (Thread 0x7ffff3dbb700 (LWP 6799)):
2020-10-24 11:52:25 -  #0  std::_List_iterator<Item*>::operator++() () at /usr/include/c++/5/bits/stl_list.h:159
2020-10-24 11:52:25 -          this = <synthetic pointer>
2020-10-24 11:52:25 -  #1  std::__cxx11::list<Item*, std::allocator<Item*> >::remove(Item* const&) (this=0x8e7be0 <g_game+1152>, __value=@0x7ffff3dbad68: 0x7fff389533c0) at /usr/include/c++/5/bits/list.tcc:291
2020-10-24 11:52:25 -          __next = {_M_node = 0x7fffa060b9f0}
2020-10-24 11:52:25 -          __first = {_M_node = 0x7fffa060b9f0}
2020-10-24 11:52:25 -          __last = {_M_node = 0x8e7be0 <g_game+1152>}
2020-10-24 11:52:25 -          __extra = {_M_node = 0x8e7be0 <g_game+1152>}
2020-10-24 11:52:25 -  #2  0x000000000059b8d9 in Game::internalRemoveItem(Item*, int, bool, unsigned int) (this=this@entry=0x8e7760 <g_game>, item=item@entry=0x7fff389533c0, count=1, count@entry=-1, test=test@entry=false, flags=flags@entry=0) at /home/otg/src/game.cpp:1453
2020-10-24 11:52:25 -          index = 1
2020-10-24 11:52:25 -          cylinder = 0x7fff38953410
2020-10-24 11:52:25 -          fromTile = 0x7fff38953410
2020-10-24 11:52:25 -          ret = <optimized out>
2020-10-24 11:52:25 -  #3  0x00000000005b11c7 in Game::internalDecayItem(Item*) (this=0x8e7760 <g_game>, item=0x7fff389533c0) at /home/otg/src/game.cpp:4920
2020-10-24 11:52:25 -          ret = <optimized out>
2020-10-24 11:52:25 -          it = <optimized out>
2020-10-24 11:52:25 -  #4  0x00000000005b140b in Game::checkDecay() (this=0x8e7760 <g_game>) at /home/otg/src/game.cpp:4953
2020-10-24 11:52:25 -          item = 0x7fff389533c0
2020-10-24 11:52:25 -          duration = <optimized out>
2020-10-24 11:52:25 -          bucket = 0
2020-10-24 11:52:25 -          it = {_M_node = 0x7fffa7351df0}
2020-10-24 11:52:25 -          end = {_M_node = 0x8e7be0 <g_game+1152>}
2020-10-24 11:52:25 -  #5  0x000000000055af2d in std::function<void ()>::operator()() const () at /usr/include/c++/5/functional:2267
2020-10-24 11:52:25 -          this = 0x7fffa0dd2ea0
2020-10-24 11:52:25 -  #6  Task::operator()() () at /home/otg/src/tasks.h:42
2020-10-24 11:52:25 -          this = 0x7fffa0dd2e90
2020-10-24 11:52:25 -  #7  Dispatcher::threadMain() (this=0x8e6ec0 <g_dispatcher>) at /home/otg/src/tasks.cpp:62
2020-10-24 11:52:25 -          task = 0x7fffa0dd2e90
2020-10-24 11:52:25 -          taskLockUnique = {_M_device = 0x8e6ed8 <g_dispatcher+24>, _M_owns = false}
2020-10-24 11:52:25 -  #8  0x00007ffff5e79c80 in ?? () from /usr/lib/x86_64-linux-gnu/libstdc++.so.6
2020-10-24 11:52:25 -  No symbol table info available.
2020-10-24 11:52:25 -  #9  0x00007ffff614a6ba in start_thread (arg=0x7ffff3dbb700) at pthread_create.c:333
2020-10-24 11:52:25 -          __res = <optimized out>
2020-10-24 11:52:25 -          pd = 0x7ffff3dbb700
2020-10-24 11:52:25 -          now = <optimized out>
2020-10-24 11:52:25 -          unwind_buf = {cancel_jmp_buf = {{jmp_buf = {140737284650752, 2821398588898580251, 0, 140737488346847, 140737284651456, 9437376, -2821372511460616421, -2821378481220446437}, mask_was_saved = 0}}, priv = {pad = {0x0, 0x0, 0x0, 0x0}, data = {prev = 0x0, cleanup = 0x0, canceltype = 0}}}
2020-10-24 11:52:25 -          not_first_call = <optimized out>
2020-10-24 11:52:25 -          pagesize_m1 = <optimized out>
2020-10-24 11:52:25 -          sp = <optimized out>
2020-10-24 11:52:25 -          freesize = <optimized out>
2020-10-24 11:52:25 -          __PRETTY_FUNCTION__ = "start_thread"
2020-10-24 11:52:25 -  #10 0x00007ffff7b144dd in clone () at ../sysdeps/unix/sysv/linux/x86_64/clone.S:109
2020-10-24 11:52:25 -  No locals.
2020-10-24 11:52:25 -  
2020-10-24 11:52:25 -  Thread 1 (Thread 0x7ffff7fe6740 (LWP 6795)):
2020-10-24 11:52:25 -  #0  0x00007ffff7b14ad3 in epoll_wait () at ../sysdeps/unix/syscall-template.S:84
2020-10-24 11:52:25 -  No locals.
2020-10-24 11:52:25 -  #1  0x00000000005b70e7 in boost::asio::detail::epoll_reactor::run(bool, boost::asio::detail::op_queue<boost::asio::detail::task_io_service_operation>&) [clone .constprop.204] (this=0x901570, block=<optimized out>, ops=...) at /usr/include/boost/asio/detail/impl/epoll_reactor.ipp:392
2020-10-24 11:52:25 -          timeout = <optimized out>
2020-10-24 11:52:25 -          events = {{events = 1, data = {ptr = 0x7fff902647c0, fd = -1876539456, u32 = 2418427840, u64 = 140735611815872}}, {events = 0, data = {ptr = 0x0, fd = 0, u32 = 0, u64 = 0}} <repeats 37 times>, {events = 0, data = {ptr = 0x600000000, fd = 0, u32 = 0, u64 = 25769803776}}, {events = 0, data = {ptr = 0x58, fd = 88, u32 = 88, u64 = 88}}, {events = 9528560, data = {ptr = 0x0, fd = 0, u32 = 0, u64 = 0}}, {events = 0, data = {ptr = 0x0, fd = 0, u32 = 0, u64 = 0}}, {events = 0, data = {ptr = 0x251100000000, fd = 0, u32 = 0, u64 = 40754944671744}}, {events = 4294934528, data = {ptr = 0x7fffffffdaef, fd = -9489, u32 = 4294957807, u64 = 140737488345839}}, {events = 1, data = {ptr = 0x600000000, fd = 0, u32 = 0, u64 = 25769803776}}, {events = 49, data = {ptr = 0x0, fd = 0, u32 = 0, u64 = 0}}, {events = 0, data = {ptr = 0x5b00000000, fd = 0, u32 = 0, u64 = 390842023936}}, {events = 110, data = {ptr = 0x0, fd = 0, u32 = 0, u64 = 0}}, {events = 0, data = {ptr = 0x7700000000, fd = 0, u32 = 0, u64 = 511101108224}}, {events = 124, data = {ptr = 0x0, fd = 0, u32 = 0, u64 = 0}}, {events = 2, data = {ptr = 0x30, fd = 48, u32 = 48, u64 = 48}}, {events = 0, data = {ptr = 0x0, fd = 0, u32 = 0, u64 = 0}}, {events = 91, data = {ptr = 0xb0000006e, fd = 110, u32 = 110, u64 = 47244640366}}, {events = 0, data = {ptr = 0x8e3ae0 <ConnectionManager::getInstance()::instance>, fd = 9321184, u32 = 9321184, u64 = 9321184}}, {events = 9512112, data = {ptr = 0x91201000000000, fd = 0, u32 = 0, u64 = 40849124714610688}}, {events = 0, data = {ptr = 0x900048, fd = 9437256, u32 = 9437256, u64 = 9437256}}, {events = 10, data = {ptr = 0x8900000000, fd = 0, u32 = 0, u64 = 588410519552}}, {events = 0, data = {ptr = 0x7fffffffdbc0, fd = -9280, u32 = 4294958016, u64 = 140737488346048}}, {events = 88, data = {ptr = 0x8e3ae000000000, fd = 0, u32 = 0, u64 = 40034180439998464}}, {events = 0, data = {ptr = 0x7ffff5e4ee78 <operator new(unsigned long)+24>, fd = -169546120, u32 = 4125421176, u64 = 140737318809208}}, {events = 9281, data = {ptr = 0xffffdbbfffff8000, fd = -32768, u32 = 4294934528, u64 = 18446704216413011968}}, {events = 32767, data = {ptr = 0x2, fd = 2, u32 = 2, u64 = 2}}, {events = 10, data = {ptr = 0x32, fd = 50, u32 = 50, u64 = 50}}, {events = 0, data = {ptr = 0x0, fd = 0, u32 = 0, u64 = 0}}, {events = 91, data = {ptr = 0x6e, fd = 110, u32 = 110, u64 = 110}}, {events = 0, data = {ptr = 0x0, fd = 0, u32 = 0, u64 = 0}}, {events = 119, data = {ptr = 0x9124000000007c, fd = 124, u32 = 124, u64 = 40853454041645180}}, {events = 0, data = {ptr = 0x8e3ae0 <ConnectionManager::getInstance()::instance>, fd = 9321184, u32 = 9321184, u64 = 9321184}}, {events = 9437256, data = {ptr = 0x8e3b1800000000, fd = 0, u32 = 0, u64 = 40034420958167040}}, {events = 0, data = {ptr = 0x7fff90264880, fd = -1876539264, u32 = 2418428032, u64 = 140735611816064}}, {events = 4158462752, data = {ptr = 0x8900007fff, fd = 32767, u32 = 32767, u64 = 588410552319}}, {events = 0, data = {ptr = 0x9468b0, fd = 9726128, u32 = 9726128, u64 = 9726128}}, {events = 9791912, data = {ptr = 0x0, fd = 0, u32 = 0, u64 = 0}}, {events = 0, data = {ptr = 0x7fffedbb8c40, fd = -306475968, u32 = 3988491328, u64 = 140737181879360}}, {events = 4155052500, data = {ptr = 0xffffe02800007fff, fd = 32767, u32 = 32767, u64 = 18446709061136187391}}, {events = 32767, data = {ptr = 0x89, fd = 137, u32 = 137, u64 = 137}}, {events = 2421684944, data = {ptr = 0xf5e4ee7800007fff, fd = 32767, u32 = 32767, u64 = 17718549033145892863}}, {events = 32767, data = {ptr = 0x912510, fd = 9512208, u32 = 9512208, u64 = 9512208}}, {events = 5657897, data = {ptr = 0x92671800000000, fd = 0, u32 = 0, u64 = 41208699376631808}}, {events = 0, data = {ptr = 0x120000000000000b, fd = 11, u32 = 11, u64 = 1297036692682702859}}, {events = 2147483675, data = {ptr = 0x7fff902647c0, fd = -1876539456, u32 = 2418427840, u64 = 140735611815872}}, {events = 32767, data = {ptr = 0x9468b0, fd = 9726128, u32 = 9726128, u64 = 9726128}}, {events = 9726112, data = {ptr = 0xffffdcd000000000, fd = 0, u32 = 0, u64 = 18446705384644149248}}, {events = 32767, data = {ptr = 0x912510, fd = 9512208, u32 = 9512208, u64 = 9512208}}, {events = 9512208, data = {ptr = 0x0, fd = 0, u32 = 0, u64 = 0}}, {events = 0, data = {ptr = 0x565f00 <ServicePort::onAccept(std::shared_ptr<Connection>, boost::system::error_code const&)>, fd = 5660416, u32 = 5660416, u64 = 5660416}}, {events = 0, data = {ptr = 0x0, fd = 0, u32 = 0, u64 = 0}}, {events = 0, data = {ptr = 0x0, fd = 0, u32 = 0, u64 = 0}}, {events = 0, data = {ptr = 0x0, fd = 0, u32 = 0, u64 = 0}}, {events = 0, data = {ptr = 0x565f00 <ServicePort::onAccept(std::shared_ptr<Connection>, boost::system::error_code const&)>, fd = 5660416, u32 = 5660416, u64 = 5660416}}, {events = 0, data = {ptr = 0x0, fd = 0, u32 = 0, u64 = 0}}, {events = 0, data = {ptr = 0x0, fd = 0, u32 = 0, u64 = 0}}, {events = 0, data = {ptr = 0x0, fd = 0, u32 = 0, u64 = 0}}, {events = 0, data = {ptr = 0x0, fd = 0, u32 = 0, u64 = 0}}, {events = 15, data = {ptr = 0x2900000052, fd = 82, u32 = 82, u64 = 176093659218}}, {events = 0, data = {ptr = 0x7fff90264880, fd = -1876539264, u32 = 2418428032, u64 = 140735611816064}}, {events = 4294958544, data = {ptr = 0xed9a12a000007fff, fd = 32767, u32 = 32767, u64 = 17121017411806461951}}, {events = 32767, data = {ptr = 0x7fffed9a12b0, fd = -308669776, u32 = 3986297520, u64 = 140737179685552}}, {events = 6735568, data = {ptr = 0x100000000, fd = 0, u32 = 0, u64 = 4294967296}}, {events = 0, data = {ptr = 0x565f46 <ServicePort::onAccept(std::shared_ptr<Connection>, boost::system::error_code const&)+70>, fd = 5660486, u32 = 5660486, u64 = 5660486}}, {events = 9437328, data = {ptr = 0x911fc000000000, fd = 0, u32 = 0, u64 = 40848781117227008}}, {events = 0, data = {ptr = 0x911fc0, fd = 9510848, u32 = 9510848, u64 = 9510848}}, {events = 6735568, data = {ptr = 0x100000000, fd = 0, u32 = 0, u64 = 4294967296}}, {events = 0, data = {ptr = 0x7ffff7a9158c <__GI___libc_free+76>, fd = -139913844, u32 = 4155053452, u64 = 140737348441484}}, {events = 9511664, data = {ptr = 0x9122e000000000, fd = 0, u32 = 0, u64 = 40852217091063808}}, {events = 0, data = {ptr = 0x10, fd = 16, u32 = 16, u64 = 16}}, {events = 0, data = {ptr = 0x90157000000000, fd = 0, u32 = 0, u64 = 40555967426854912}}, {events = 0, data = {ptr = 0x7fffffffde00, fd = -8704, u32 = 4294958592, u64 = 140737488346624}}, {events = 9437328, data = {ptr = 0x911fc000000000, fd = 0, u32 = 0, u64 = 40848781117227008}}, {events = 0, data = {ptr = 0x7fffffffde00, fd = -8704, u32 = 4294958592, u64 = 140737488346624}}, {events = 5618720, data = {ptr = 0x91668000000000, fd = 0, u32 = 0, u64 = 40926571564892160}}, {events = 0, data = {ptr = 0x916670, fd = 9528944, u32 = 9528944, u64 = 9528944}}, {events = 4294958592, data = {ptr = 0x7fff, fd = 32767, u32 = 32767, u64 = 32767}}, {events = 0, data = {ptr = 0x0, fd = 0, u32 = 0, u64 = 0}}, {events = 9444944, data = {ptr = 0x565f0000000000, fd = 0, u32 = 0, u64 = 24311301601755136}}, {events = 0, data = {ptr = 0x0, fd = 0, u32 = 0, u64 = 0}}, {events = 9528960, data = {ptr = 0x91667000000000, fd = 0, u32 = 0, u64 = 40926502845415424}}, {events = 0, data = {ptr = 0x7fff90264880, fd = -1876539264, u32 = 2418428032, u64 = 140735611816064}}, {events = 2418428016, data = {ptr = 0x7fff, fd = 32767, u32 = 32767, u64 = 32767}}, {events = 0, data = {ptr = 0x7ffff71e50e0, fd = -149008160, u32 = 4145959136, u64 = 140737339347168}}, {events = 0, data = {ptr = 0x0, fd = 0, u32 = 0, u64 = 0}}, {events = 0, data = {ptr = 0x0, fd = 0, u32 = 0, u64 = 0}}, {events = 5671446, data = {ptr = 0x90009000000000, fd = 0, u32 = 0, u64 = 40533015121625088}}, {events = 0, data = {ptr = 0x7fffffffdf00, fd = -8448, u32 = 4294958848, u64 = 140737488346880}}, {events = 2418427880, data = {ptr = 0x90157000007fff, fd = 32767, u32 = 32767, u64 = 40555967426887679}}, {events = 0, data = {ptr = 0x58a720 <Connection::handleTimeout(std::weak_ptr<Connection>, boost::system::error_code const&)>, fd = 5809952, u32 = 5809952, u64 = 5809952}}, {events = 9444944, data = {ptr = 0x901e4000000000, fd = 0, u32 = 0, u64 = 40565656873074688}}, {events = 0, data = {ptr = 0x900090, fd = 9437328, u32 = 9437328, u64 = 9437328}}}
2020-10-24 11:52:25 -          num_events = <optimized out>
2020-10-24 11:52:25 -          check_timers = <optimized out>
2020-10-24 11:52:25 -  #2  0x000000000055dcd3 in do_run_one (ec=..., this_thread=..., lock=<synthetic pointer>, this=0x900090) at /usr/include/boost/asio/detail/impl/task_io_service.ipp:356
2020-10-24 11:52:25 -          more_handlers = <optimized out>
2020-10-24 11:52:25 -  #3  run (ec=..., this=0x900090) at /usr/include/boost/asio/detail/impl/task_io_service.ipp:149
2020-10-24 11:52:25 -          this_thread = {private_op_queue = {front_ = 0x0, back_ = 0x0}, private_outstanding_work = 0}
2020-10-24 11:52:25 -          ctx = {key_ = 0x900090, value_ = 0x7fffffffdf40, next_ = 0x0}
2020-10-24 11:52:25 -          lock = {mutex_ = @0x9000c0, locked_ = <optimized out>}
2020-10-24 11:52:25 -          n = 81
2020-10-24 11:52:25 -  #4  _ZN5boost4asio10io_service3runEv.isra.226 () at /usr/include/boost/asio/impl/io_service.ipp:59
2020-10-24 11:52:25 -          ec = {m_val = 0, m_cat = 0x7ffff71e50e0}
2020-10-24 11:52:25 -  #5  ServiceManager::run() (this=this@entry=0x7fffffffdff0) at /home/otg/src/server.cpp:47
2020-10-24 11:52:25 -  No locals.
2020-10-24 11:52:25 -  #6  0x0000000000474c46 in main (argc=1, argv=0x7fffffffe1b8) at /home/otg/src/otserv.cpp:96
2020-10-24 11:52:25 -          serviceManager = {acceptors = {_M_h = {_M_buckets = 0x7fff902a61b0, _M_bucket_count = 5, _M_before_begin = {_M_nxt = 0x7fff902a6180}, _M_element_count = 2, _M_rehash_policy = {_M_max_load_factor = 1, _M_next_resize = 5}, _M_single_bucket = 0x0}}, io_service = {service_registry_ = 0x900040, impl_ = @0x900090}, signals = {set = {<No data fields>}}, death_timer = {<No data fields>}, running = true}
2020-10-24 11:52:25 -  funcao onLogin
2020-10-24 11:52:25 -  SABADOU!! NPC HONERA CRIADO
2020-10-24 11:52:25 -  Saving server...
2020-10-24 11:52:26 -  > Saved house items in: 0.347 s
2020-10-24 11:52:26 -  A debugging session is active.
2020-10-24 11:52:26 -  
2020-10-24 11:52:26 -  	Inferior 1 [process 6795] will be killed.
2020-10-24 11:52:26 -  
2020-10-24 11:52:26 -  Quit anyway? (y or n) [answered Y; input not from terminal]
