2020-10-23 19:08:37 -  [Thread debugging using libthread_db enabled]
2020-10-23 19:08:37 -  Using host libthread_db library "/lib/x86_64-linux-gnu/libthread_db.so.1".
2020-10-23 19:08:37 -  [New Thread 0x7ffff3dbb700 (LWP 14435)]
2020-10-23 19:08:37 -  [New Thread 0x7ffff35ba700 (LWP 14436)]
2020-10-23 19:08:37 -  The OTG-Premium-Version - Version: (1.3)
2020-10-23 19:08:37 -  Compiled with: GNU C++ version 5.4.0 20160609
2020-10-23 19:08:37 -  Compiled on Sep 17 2020 19:49:36 for platform x64
2020-10-23 19:08:37 -  
2020-10-23 19:08:37 -  Special Credits for: OTG Team, Johncore, Vankk, Erick Nunes, Leonardo Pereira, Leandro Baldissera, Talis, Marcomoa, Marson Schneider, Douglas, Mark Samman, OTXServer (Mattyx Gomez) and The Forgotten Server Developers.
2020-10-23 19:08:37 -  Link of repository: https://github.com/Johncorex/OTG-Premium-Version
2020-10-23 19:08:37 -  
2020-10-23 19:08:37 -  >> Loading config: config.lua
2020-10-23 19:08:37 -  >> Establishing database connection... MySQL 5.7.31
2020-10-23 19:08:37 -  >> Running database manager
2020-10-23 19:08:37 -  [New Thread 0x7ffff2ba7700 (LWP 14437)]
2020-10-23 19:08:37 -  > Optimizing table tile_store... [success]
2020-10-23 19:08:37 -  >> Loading vocations
2020-10-23 19:08:37 -  >> Loading items
2020-10-23 19:08:37 -  >> Loading script systems
2020-10-23 19:08:37 -  >> Loading lua libs
2020-10-23 19:08:38 -  [Warning - Event::checkScript] Can not load script: scripts/expboostaction.lua
2020-10-23 19:08:38 -  cannot open data/actions/scripts/expboostaction.lua: No such file or directory
2020-10-23 19:08:39 -  >> Loading lua scripts
2020-10-23 19:08:39 -  >> Loading monsters
2020-10-23 19:08:39 -  >> Loading lua monsters
2020-10-23 19:08:39 -  >> Loading outfits
2020-10-23 19:08:39 -  >> Loading prey data
2020-10-23 19:08:39 -  >> Checking world type... PVP
2020-10-23 19:08:39 -  >> Loading map
2020-10-23 19:08:41 -  > Map size: 34143x33812.
2020-10-23 19:08:46 -  > Map loading time: 7.362 seconds.
2020-10-23 19:08:48 -  > Loaded house items in: 0.02 s
2020-10-23 19:08:48 -  >> Initializing gamestate
2020-10-23 19:08:50 -  >> Loaded 43 npcs and spawned 72708 monsters.
2020-10-23 19:08:50 -  >> Loaded 27 towns with 1074 houses in total.
2020-10-23 19:08:50 -  [Castle War]
2020-10-23 19:08:50 -  [POWERGAMERS]
2020-10-23 19:08:50 -  [SISTEMA DE LOTERIA] OPERANTE
2020-10-23 19:08:50 -  Advanced NPC spawn system | All NPCs will be loaded trough lib.
2020-10-23 19:08:50 -  [REGEN BOOST] CARREGADO
2020-10-23 19:08:50 -  [SPOOF COUNTER]
2020-10-23 19:08:50 -  [STAMINA]
2020-10-23 19:08:50 -  warvariables
2020-10-23 19:08:50 -  eu sou o checkWarmode... 19:8!
2020-10-23 19:08:50 -  [Error - mysql_real_query] Query: SELECT * FROM `guild_warmode` WHERE `winner` = 0 AND `accepted` = 1 AND `p11` == 19
2020-10-23 19:08:50 -  Message: You have an error in your SQL syntax; check the manual that corresponds to your MariaDB server version for the right syntax to use near '= 19' at line 1
2020-10-23 19:08:50 -  [Error - mysql_store_result] Query: SELECT * FROM `guild_warmode` WHERE `winner` = 0 AND `accepted` = 1 AND `p11` == 19
2020-10-23 19:08:50 -  Message: You have an error in your SQL syntax; check the manual that corresponds to your MariaDB server version for the right syntax to use near '= 19' at line 1
2020-10-23 19:08:50 -  19	08	52
2020-10-23 19:08:50 -  >> Loaded all modules, server starting up...
2020-10-23 19:08:50 -  > Warning: OTG-Premium-Version has been executed as root user, please consider running it as a normal user.
2020-10-23 19:08:50 -  >> Honera Global Server Online!
2020-10-23 19:08:50 -  
2020-10-23 19:08:50 -  Demonzin has logged in.
2020-10-23 19:08:52 -  funcao onLogin
2020-10-23 19:08:52 -  SABADOU!! NPC HONERA CRIADO
2020-10-23 19:08:52 -  Dev Marson has logged in.
2020-10-23 19:08:52 -  funcao onLogin
2020-10-23 19:08:52 -  Robalo has logged in.
2020-10-23 19:09:09 -  funcao onLogin
2020-10-23 19:09:09 -  Royal Fake has logged in.
2020-10-23 19:14:24 -  funcao onLogin
2020-10-23 19:14:24 -  
2020-10-23 19:14:24 -  Lua Script Error: [Action Interface] 
2020-10-23 19:14:24 -  data/actions/scripts/rewardchest.lua:onUse
2020-10-23 19:14:24 -  data/actions/scripts/rewardchest.lua:2: attempt to call method 'updateRewardChest' (a nil value)
2020-10-23 19:14:24 -  stack traceback:
2020-10-23 19:14:24 -  	[C]: in function 'updateRewardChest'
2020-10-23 19:14:24 -  	data/actions/scripts/rewardchest.lua:2: in function <data/actions/scripts/rewardchest.lua:1>
2020-10-23 19:14:37 -  [Error - mysql_real_query] Query: INSERT INTO `daily_reward_history`(`player_id`, `daystreak`, `timestamp`, `description`) VALUES (352, 0, 1603494877, 'Claimed reward no. 1. Picked items: 10x great spirit potion.')
2020-10-23 19:14:37 -  Message: Table 'otserv.daily_reward_history' doesn't exist
2020-10-23 19:21:52 -  
2020-10-23 19:21:52 -  Thread 1 "tfs" received signal SIGINT, Interrupt.
2020-10-23 19:21:52 -  0x00007ffff7b14ad3 in epoll_wait () at ../sysdeps/unix/syscall-template.S:84
2020-10-23 19:21:52 -  84	../sysdeps/unix/syscall-template.S: No such file or directory.
2020-10-23 19:21:52 -  
2020-10-23 19:21:52 -  Thread 4 (Thread 0x7ffff2ba7700 (LWP 14437)):
2020-10-23 19:21:52 -  #0  pthread_cond_wait@@GLIBC_2.3.2 () at ../sysdeps/unix/sysv/linux/x86_64/pthread_cond_wait.S:185
2020-10-23 19:21:52 -  No locals.
2020-10-23 19:21:52 -  #1  0x00007ffff5e7491c in std::condition_variable::wait(std::unique_lock<std::mutex>&) () from /usr/lib/x86_64-linux-gnu/libstdc++.so.6
2020-10-23 19:21:52 -  No symbol table info available.
2020-10-23 19:21:52 -  #2  0x00000000006228bf in DatabaseTasks::threadMain() (this=0x8e39a0 <g_databaseTasks>) at /home/otg/src/databasetasks.cpp:42
2020-10-23 19:21:52 -          taskLockUnique = {_M_device = 0x8e3a08 <g_databaseTasks+104>, _M_owns = true}
2020-10-23 19:21:52 -  #3  0x00007ffff5e79c80 in ?? () from /usr/lib/x86_64-linux-gnu/libstdc++.so.6
2020-10-23 19:21:52 -  No symbol table info available.
2020-10-23 19:21:52 -  #4  0x00007ffff614a6ba in start_thread (arg=0x7ffff2ba7700) at pthread_create.c:333
2020-10-23 19:21:52 -          __res = <optimized out>
2020-10-23 19:21:52 -          pd = 0x7ffff2ba7700
2020-10-23 19:21:52 -          now = <optimized out>
2020-10-23 19:21:52 -          unwind_buf = {cancel_jmp_buf = {{jmp_buf = {140737265694464, 5805297849809395444, 0, 140737284647471, 140737265695168, 9334528, -5805303926639403276, -5805311942956392716}, mask_was_saved = 0}}, priv = {pad = {0x0, 0x0, 0x0, 0x0}, data = {prev = 0x0, cleanup = 0x0, canceltype = 0}}}
2020-10-23 19:21:52 -          not_first_call = <optimized out>
2020-10-23 19:21:52 -          pagesize_m1 = <optimized out>
2020-10-23 19:21:52 -          sp = <optimized out>
2020-10-23 19:21:52 -          freesize = <optimized out>
2020-10-23 19:21:52 -          __PRETTY_FUNCTION__ = "start_thread"
2020-10-23 19:21:52 -  #5  0x00007ffff7b144dd in clone () at ../sysdeps/unix/sysv/linux/x86_64/clone.S:109
2020-10-23 19:21:52 -  No locals.
2020-10-23 19:21:52 -  
2020-10-23 19:21:52 -  Thread 3 (Thread 0x7ffff35ba700 (LWP 14436)):
2020-10-23 19:21:52 -  #0  pthread_cond_timedwait@@GLIBC_2.3.2 () at ../sysdeps/unix/sysv/linux/x86_64/pthread_cond_timedwait.S:225
2020-10-23 19:21:52 -  No locals.
2020-10-23 19:21:52 -  #1  0x0000000000506210 in __gthread_cond_timedwait () at /usr/include/x86_64-linux-gnu/c++/5/bits/gthr-default.h:871
2020-10-23 19:21:52 -  No locals.
2020-10-23 19:21:52 -  #2  std::condition_variable::__wait_until_impl (__atime=..., __lock=..., this=0x8e6fa0 <g_scheduler+64>) at /usr/include/c++/5/condition_variable:165
2020-10-23 19:21:52 -          __ts = {tv_sec = 1603495312, tv_nsec = 190663185}
2020-10-23 19:21:52 -  #3  std::condition_variable::wait_until<std::chrono::duration<long, std::ratio<1l, 1000000000l> > > () at /usr/include/c++/5/condition_variable:105
2020-10-23 19:21:52 -          __lock = @0x7ffff35b9e90: {_M_device = 0x8e6f78 <g_scheduler+24>, _M_owns = true}
2020-10-23 19:21:52 -          this = 0x8e6fa0 <g_scheduler+64>
2020-10-23 19:21:52 -  #4  Scheduler::threadMain (this=0x8e6f60 <g_scheduler>) at /home/otg/src/scheduler.cpp:36
2020-10-23 19:21:52 -          ret = std::cv_status::no_timeout
2020-10-23 19:21:52 -          eventLockUnique = {_M_device = 0x8e6f78 <g_scheduler+24>, _M_owns = true}
2020-10-23 19:21:52 -  #5  0x00007ffff5e79c80 in ?? () from /usr/lib/x86_64-linux-gnu/libstdc++.so.6
2020-10-23 19:21:52 -  No symbol table info available.
2020-10-23 19:21:52 -  #6  0x00007ffff614a6ba in start_thread (arg=0x7ffff35ba700) at pthread_create.c:333
2020-10-23 19:21:52 -          __res = <optimized out>
2020-10-23 19:21:52 -          pd = 0x7ffff35ba700
2020-10-23 19:21:52 -          now = <optimized out>
2020-10-23 19:21:52 -          unwind_buf = {cancel_jmp_buf = {{jmp_buf = {140737276258048, 5805297849809395444, 0, 140737488346847, 140737276258752, 9437376, -5805305852395364620, -5805311942956392716}, mask_was_saved = 0}}, priv = {pad = {0x0, 0x0, 0x0, 0x0}, data = {prev = 0x0, cleanup = 0x0, canceltype = 0}}}
2020-10-23 19:21:52 -          not_first_call = <optimized out>
2020-10-23 19:21:52 -          pagesize_m1 = <optimized out>
2020-10-23 19:21:52 -          sp = <optimized out>
2020-10-23 19:21:52 -          freesize = <optimized out>
2020-10-23 19:21:52 -          __PRETTY_FUNCTION__ = "start_thread"
2020-10-23 19:21:52 -  #7  0x00007ffff7b144dd in clone () at ../sysdeps/unix/sysv/linux/x86_64/clone.S:109
2020-10-23 19:21:52 -  No locals.
2020-10-23 19:21:52 -  
2020-10-23 19:21:52 -  Thread 2 (Thread 0x7ffff3dbb700 (LWP 14435)):
2020-10-23 19:21:52 -  #0  pthread_cond_wait@@GLIBC_2.3.2 () at ../sysdeps/unix/sysv/linux/x86_64/pthread_cond_wait.S:185
2020-10-23 19:21:52 -  No locals.
2020-10-23 19:21:52 -  #1  0x00007ffff5e7491c in std::condition_variable::wait(std::unique_lock<std::mutex>&) () from /usr/lib/x86_64-linux-gnu/libstdc++.so.6
2020-10-23 19:21:53 -  No symbol table info available.
2020-10-23 19:21:53 -  #2  0x000000000055af7b in Dispatcher::threadMain() (this=0x8e6ec0 <g_dispatcher>) at /home/otg/src/tasks.cpp:50
2020-10-23 19:21:53 -          taskLockUnique = {_M_device = 0x8e6ed8 <g_dispatcher+24>, _M_owns = true}
2020-10-23 19:21:53 -  #3  0x00007ffff5e79c80 in ?? () from /usr/lib/x86_64-linux-gnu/libstdc++.so.6
2020-10-23 19:21:53 -  No symbol table info available.
2020-10-23 19:21:53 -  #4  0x00007ffff614a6ba in start_thread (arg=0x7ffff3dbb700) at pthread_create.c:333
2020-10-23 19:21:53 -          __res = <optimized out>
2020-10-23 19:21:53 -          pd = 0x7ffff3dbb700
2020-10-23 19:21:53 -          now = <optimized out>
2020-10-23 19:21:53 -          unwind_buf = {cancel_jmp_buf = {{jmp_buf = {140737284650752, 5805297849809395444, 0, 140737488346847, 140737284651456, 9437376, -5805306952443863308, -5805311942956392716}, mask_was_saved = 0}}, priv = {pad = {0x0, 0x0, 0x0, 0x0}, data = {prev = 0x0, cleanup = 0x0, canceltype = 0}}}
2020-10-23 19:21:53 -          not_first_call = <optimized out>
2020-10-23 19:21:53 -          pagesize_m1 = <optimized out>
2020-10-23 19:21:53 -          sp = <optimized out>
2020-10-23 19:21:53 -          freesize = <optimized out>
2020-10-23 19:21:53 -          __PRETTY_FUNCTION__ = "start_thread"
2020-10-23 19:21:53 -  #5  0x00007ffff7b144dd in clone () at ../sysdeps/unix/sysv/linux/x86_64/clone.S:109
2020-10-23 19:21:53 -  No locals.
2020-10-23 19:21:53 -  
2020-10-23 19:21:53 -  Thread 1 (Thread 0x7ffff7fe6740 (LWP 14431)):
2020-10-23 19:21:53 -  #0  0x00007ffff7b14ad3 in epoll_wait () at ../sysdeps/unix/syscall-template.S:84
2020-10-23 19:21:53 -  No locals.
2020-10-23 19:21:53 -  #1  0x00000000005b70e7 in boost::asio::detail::epoll_reactor::run(bool, boost::asio::detail::op_queue<boost::asio::detail::task_io_service_operation>&) [clone .constprop.204] (this=0x901570, block=<optimized out>, ops=...) at /usr/include/boost/asio/detail/impl/epoll_reactor.ipp:392
2020-10-23 19:21:53 -          timeout = <optimized out>
2020-10-23 19:21:53 -          events = {{events = 1, data = {ptr = 0x9015c8, fd = 9442760, u32 = 9442760, u64 = 9442760}}, {events = 4285077208, data = {ptr = 0xff6916e300007ffe, fd = 32766, u32 = 32766, u64 = 18404266516439662590}}, {events = 32766, data = {ptr = 0x7fff9a8b2f08, fd = -1702154488, u32 = 2592812808, u64 = 140735786200840}}, {events = 0, data = {ptr = 0x9a8ab30100000000, fd = 0, u32 = 0, u64 = 11135909845503311872}}, {events = 32767, data = {ptr = 0x7ffeff6916ed, fd = -9890067, u32 = 4285077229, u64 = 140733183497965}}, {events = 0, data = {ptr = 0x9a8b2d7000000000, fd = 0, u32 = 0, u64 = 11136044462663270400}}, {events = 32767, data = {ptr = 0x0, fd = 0, u32 = 0, u64 = 0}}, {events = 2592812624, data = {ptr = 0x7fff, fd = 32767, u32 = 32767, u64 = 32767}}, {events = 0, data = {ptr = 0x7fff9a8b2f98, fd = -1702154344, u32 = 2592812952, u64 = 140735786200984}}, {events = 2592781056, data = {ptr = 0xff6916f500007fff, fd = 32767, u32 = 32767, u64 = 18404266593749073919}}, {events = 32766, data = {ptr = 0x7ffeff6916fb, fd = -9890053, u32 = 4285077243, u64 = 140733183497979}}, {events = 2592813112, data = {ptr = 0x9a8b2fc000007fff, fd = 32767, u32 = 32767, u64 = 11136047005283942399}}, {events = 32767, data = {ptr = 0x7fff9a8ab300, fd = -1702186240, u32 = 2592781056, u64 = 140735786169088}}, {events = 4285077259, data = {ptr = 0xff69170e00007ffe, fd = 32766, u32 = 32766, u64 = 18404266701123256318}}, {events = 32766, data = {ptr = 0x7fff9a8b2f98, fd = -1702154344, u32 = 2592812952, u64 = 140735786200984}}, {events = 2592813032, data = {ptr = 0x9a8ab30000007fff, fd = 32767, u32 = 32767, u64 = 11135909841208377343}}, {events = 32767, data = {ptr = 0x7ffeff691711, fd = -9890031, u32 = 4285077265, u64 = 140733183498001}}, {events = 4285077268, data = {ptr = 0x9a8b2fc000007ffe, fd = 32766, u32 = 32766, u64 = 11136047005283942398}}, {events = 32767, data = {ptr = 0x7fff9a8b3010, fd = -1702154224, u32 = 2592813072, u64 = 140735786201104}}, {events = 2592781056, data = {ptr = 0xff69171700007fff, fd = 32767, u32 = 32767, u64 = 18404266739777961983}}, {events = 32766, data = {ptr = 0x7ffeff69171a, fd = -9890022, u32 = 4285077274, u64 = 140733183498010}}, {events = 2592813032, data = {ptr = 0x9a8b303800007fff, fd = 32767, u32 = 32767, u64 = 11136047520680017919}}, {events = 32767, data = {ptr = 0x7fff9a8ab300, fd = -1702186240, u32 = 2592781056, u64 = 140735786169088}}, {events = 4285077278, data = {ptr = 0xff69172900007ffe, fd = 32766, u32 = 32766, u64 = 18404266817087373310}}, {events = 32766, data = {ptr = 0x7fff9a8b3010, fd = -1702154224, u32 = 2592813072, u64 = 140735786201104}}, {events = 0, data = {ptr = 0x9a8ab30100000000, fd = 0, u32 = 0, u64 = 11135909845503311872}}, {events = 32767, data = {ptr = 0x7ffeff69173c, fd = -9889988, u32 = 4285077308, u64 = 140733183498044}}, {events = 0, data = {ptr = 0xeddc58a800000000, fd = 0, u32 = 0, u64 = 17139671760443015168}}, {events = 32767, data = {ptr = 0x7fff9a8b3140, fd = -1702153920, u32 = 2592813376, u64 = 140735786201408}}, {events = 2592812400, data = {ptr = 0x9a8b324800007fff, fd = 32767, u32 = 32767, u64 = 11136049788422750207}}, {events = 32767, data = {ptr = 0x7fff9a8b30a0, fd = -1702154080, u32 = 2592813216, u64 = 140735786201248}}, {events = 2592781056, data = {ptr = 0xff69174200007fff, fd = 32767, u32 = 32767, u64 = 18404266924461555711}}, {events = 32766, data = {ptr = 0x7ffeff69174b, fd = -9889973, u32 = 4285077323, u64 = 140733183498059}}, {events = 2592813336, data = {ptr = 0x9a8b30c800007fff, fd = 32767, u32 = 32767, u64 = 11136048139155308543}}, {events = 32767, data = {ptr = 0x7fff9a8ab300, fd = -1702186240, u32 = 2592781056, u64 = 140735786169088}}, {events = 4285077330, data = {ptr = 0xff69175b00007ffe, fd = 32766, u32 = 32766, u64 = 18404267031835738110}}, {events = 32766, data = {ptr = 0x7fff9a8b30a0, fd = -1702154080, u32 = 2592813216, u64 = 140735786201248}}, {events = 2592813296, data = {ptr = 0x9a8ab30000007fff, fd = 32767, u32 = 32767, u64 = 11135909841208377343}}, {events = 32767, data = {ptr = 0x7ffeff691762, fd = -9889950, u32 = 4285077346, u64 = 140733183498082}}, {events = 4285077355, data = {ptr = 0x9a8b30c800007ffe, fd = 32766, u32 = 32766, u64 = 11136048139155308542}}, {events = 32767, data = {ptr = 0x7fff9a8b3118, fd = -1702153960, u32 = 2592813336, u64 = 140735786201368}}, {events = 2592781056, data = {ptr = 0xff69176f00007fff, fd = 32767, u32 = 32767, u64 = 18404267117735084031}}, {events = 32766, data = {ptr = 0x7ffeff691777, fd = -9889929, u32 = 4285077367, u64 = 140733183498103}}, {events = 2592813296, data = {ptr = 0x7fff, fd = 32767, u32 = 32767, u64 = 32767}}, {events = 0, data = {ptr = 0x7fff9a8ab301, fd = -1702186239, u32 = 2592781057, u64 = 140735786169089}}, {events = 4285077374, data = {ptr = 0x7ffe, fd = 32766, u32 = 32766, u64 = 32766}}, {events = 0, data = {ptr = 0x7fff9a8b3060, fd = -1702154144, u32 = 2592813152, u64 = 140735786201184}}, {events = 0, data = {ptr = 0x9a8b314000000000, fd = 0, u32 = 0, u64 = 11136048654551351296}}, {events = 32767, data = {ptr = 0x0, fd = 0, u32 = 0, u64 = 0}}, {events = 2592813440, data = {ptr = 0x9a8ab30000007fff, fd = 32767, u32 = 32767, u64 = 11135909841208377343}}, {events = 32767, data = {ptr = 0x7ffeff691786, fd = -9889914, u32 = 4285077382, u64 = 140733183498118}}, {events = 4285077388, data = {ptr = 0x9a8b322000007ffe, fd = 32766, u32 = 32766, u64 = 11136049616624058366}}, {events = 11, data = {ptr = 0xa19a8b31a8, fd = -1702153816, u32 = 2592813480, u64 = 694082548136}}, {events = 0, data = {ptr = 0xff69179b00007fff, fd = 32767, u32 = 32767, u64 = 18404267306713645055}}, {events = 32766, data = {ptr = 0x7ffeff69179e, fd = -9889890, u32 = 4285077406, u64 = 140733183498142}}, {events = 2592813440, data = {ptr = 0x9a8b31d000007fff, fd = 32767, u32 = 32767, u64 = 11136049273026674687}}, {events = 32767, data = {ptr = 0x7fff9a8ab300, fd = -1702186240, u32 = 2592781056, u64 = 140735786169088}}, {events = 4285077409, data = {ptr = 0xff6917a400007ffe, fd = 32766, u32 = 32766, u64 = 18404267345368350718}}, {events = 4155593817, data = {ptr = 0x7fff, fd = 32767, u32 = 32767, u64 = 32767}}, {events = 0, data = {ptr = 0x5828f4 <boost::asio::detail::reactive_socket_recv_op_base<boost::asio::mutable_buffers_1>::do_perform(boost::asio::detail::reactor_op*)+228>, fd = 5777652, u32 = 5777652, u64 = 5777652}}, {events = 32767, data = {ptr = 0x16917a7, fd = 23664551, u32 = 23664551, u64 = 23664551}}, {events = 16, data = {ptr = 0x922166, fd = 9576806, u32 = 9576806, u64 = 9576806}}, {events = 2, data = {ptr = 0x200000000, fd = 0, u32 = 0, u64 = 8589934592}}, {events = 0, data = {ptr = 0x5f93658f, fd = 1603495311, u32 = 1603495311, u64 = 1603495311}}, {events = 0, data = {ptr = 0x0, fd = 0, u32 = 0, u64 = 0}}, {events = 0, data = {ptr = 0x7fffffffdb80, fd = -9344, u32 = 4294957952, u64 = 140737488345984}}, {events = 1, data = {ptr = 0x0, fd = 0, u32 = 0, u64 = 0}}, {events = 0, data = {ptr = 0x0, fd = 0, u32 = 0, u64 = 0}}, {events = 0, data = {ptr = 0x92214000000000, fd = 0, u32 = 0, u64 = 41131905361379328}}, {events = 0, data = {ptr = 0x7fff902648f0, fd = -1876539152, u32 = 2418428144, u64 = 140735611816176}}, {events = 9773968, data = {ptr = 0x93224800000000, fd = 0, u32 = 0, u64 = 41414514209456128}}, {events = 0, data = {ptr = 0x953398, fd = 9778072, u32 = 9778072, u64 = 9778072}}, {events = 16, data = {ptr = 0x5200000000, fd = 0, u32 = 0, u64 = 352187318272}}, {events = 0, data = {ptr = 0x901570, fd = 9442672, u32 = 9442672, u64 = 9442672}}, {events = 6449413, data = {ptr = 0x598000300000000, fd = 0, u32 = 0, u64 = 403072179534561280}}, {events = 0, data = {ptr = 0x10, fd = 16, u32 = 16, u64 = 16}}, {events = 0, data = {ptr = 0x56f20000000000, fd = 0, u32 = 0, u64 = 24472929811038208}}, {events = 0, data = {ptr = 0x680a6e6f7372616d, fd = 1936875885, u32 = 1936875885, u64 = 7496925954668913005}}, {events = 1919250031, data = {ptr = 0xffffdc7008313061, fd = 137441377, u32 = 137441377, u64 = 18446704972464730209}}, {events = 32767, data = {ptr = 0x952390, fd = 9773968, u32 = 9773968, u64 = 9773968}}, {events = 9773968, data = {ptr = 0x389524f000000000, fd = 0, u32 = 0, u64 = 4077205650864603136}}, {events = 32767, data = {ptr = 0x932248, fd = 9642568, u32 = 9642568, u64 = 9642568}}, {events = 9576806, data = {ptr = 0x200000000, fd = 0, u32 = 0, u64 = 8589934592}}, {events = 0, data = {ptr = 0x7fff00000001, fd = 1, u32 = 1, u64 = 140733193388033}}, {events = 0, data = {ptr = 0x56f20000000000, fd = 0, u32 = 0, u64 = 24472929811038208}}, {events = 0, data = {ptr = 0x0, fd = 0, u32 = 0, u64 = 0}}, {events = 0, data = {ptr = 0x9321e800000000, fd = 0, u32 = 0, u64 = 41414101892595712}}, {events = 0, data = {ptr = 0x0, fd = 0, u32 = 0, u64 = 0}}, {events = 4128564479, data = {ptr = 0x92215000007fff, fd = 32767, u32 = 32767, u64 = 41131974080888831}}, {events = 0, data = {ptr = 0x7fffb733c0e0, fd = -1221345056, u32 = 3073622240, u64 = 140736267010272}}, {events = 2426805584, data = {ptr = 0x9321e800007fff, fd = 32767, u32 = 32767, u64 = 41414101892628479}}, {events = 0, data = {ptr = 0x7fffffffde78, fd = -8584, u32 = 4294958712, u64 = 140737488346744}}, {events = 0, data = {ptr = 0xf7a9158c00000000, fd = 0, u32 = 0, u64 = 17845818689471905792}}, {events = 32767, data = {ptr = 0x900090, fd = 9437328, u32 = 9437328, u64 = 9437328}}, {events = 4294958640, data = {ptr = 0x90009000007fff, fd = 32767, u32 = 32767, u64 = 40533015121657855}}, {events = 0, data = {ptr = 0x922150, fd = 9576784, u32 = 9576784, u64 = 9576784}}, {events = 14, data = {ptr = 0x92215000000000, fd = 0, u32 = 0, u64 = 41131974080856064}}, {events = 0, data = {ptr = 0x7fffb733c0e0, fd = -1221345056, u32 = 3073622240, u64 = 140736267010272}}, {events = 2426805584, data = {ptr = 0x9321e800007fff, fd = 32767, u32 = 32767, u64 = 41414101892628479}}, {events = 0, data = {ptr = 0x58a8b4 <Connection::onWriteOperation(boost::system::error_code const&)+260>, fd = 5810356, u32 = 5810356, u64 = 5810356}}, {events = 0, data = {ptr = 0xf71e50e000000000, fd = 0, u32 = 0, u64 = 17806758899672416256}}, {events = 32767, data = {ptr = 0xffffde30, fd = -8656, u32 = 4294958640, u64 = 4294958640}}, {events = 14, data = {ptr = 0x0, fd = 0, u32 = 0, u64 = 0}}, {events = 0, data = {ptr = 0x0, fd = 0, u32 = 0, u64 = 0}}, {events = 4294958640, data = {ptr = 0x58574500007fff, fd = 32767, u32 = 32767, u64 = 24865751814930431}}, {events = 0, data = {ptr = 0x13, fd = 19, u32 = 19, u64 = 19}}, {events = 4155593817, data = {ptr = 0xffffde3000007fff, fd = 32767, u32 = 32767, u64 = 18446706896472670207}}, {events = 32767, data = {ptr = 0x0, fd = 0, u32 = 0, u64 = 0}}, {events = 0, data = {ptr = 0x0, fd = 0, u32 = 0, u64 = 0}}, {events = 16, data = {ptr = 0x932248, fd = 9642568, u32 = 9642568, u64 = 9642568}}, {events = 4294958720, data = {ptr = 0x90009000007fff, fd = 32767, u32 = 32767, u64 = 40533015121657855}}, {events = 0, data = {ptr = 0x0, fd = 0, u32 = 0, u64 = 0}}, {events = 0, data = {ptr = 0x9000c000000000, fd = 0, u32 = 0, u64 = 40533221280055296}}, {events = 0, data = {ptr = 0x0, fd = 0, u32 = 0, u64 = 0}}, {events = 4155053452, data = {ptr = 0x92214000007fff, fd = 32767, u32 = 32767, u64 = 41131905361412095}}, {events = 0, data = {ptr = 0x0, fd = 0, u32 = 0, u64 = 0}}, {events = 4145959136, data = {ptr = 0x58a73100007fff, fd = 32767, u32 = 32767, u64 = 24953626845806591}}, {events = 0, data = {ptr = 0x7fff903bdc40, fd = -1875125184, u32 = 2419842112, u64 = 140735613230144}}, {events = 4294958720, data = {ptr = 0x90009000007fff, fd = 32767, u32 = 32767, u64 = 40533015121657855}}, {events = 0, data = {ptr = 0x7fffffffde80, fd = -8576, u32 = 4294958720, u64 = 140737488346752}}, {events = 9437328, data = {ptr = 0x58646e00000000, fd = 0, u32 = 0, u64 = 24880221559717888}}, {events = 0, data = {ptr = 0x922150, fd = 9576784, u32 = 9576784, u64 = 9576784}}, {events = 9576768, data = {ptr = 0xffffde8000000000, fd = 0, u32 = 0, u64 = 18446707240070021120}}, {events = 32767, data = {ptr = 0x0, fd = 0, u32 = 0, u64 = 0}}, {events = 0, data = {ptr = 0x0, fd = 0, u32 = 0, u64 = 0}}, {events = 32766, data = {ptr = 0x58a720 <Connection::handleTimeout(std::weak_ptr<Connection>, boost::system::error_code const&)>, fd = 5809952, u32 = 5809952, u64 = 5809952}}, {events = 9576784, data = {ptr = 0x92214000000000, fd = 0, u32 = 0, u64 = 41131905361379328}}, {events = 0, data = {ptr = 0x602820600000007d, fd = 125, u32 = 125, u64 = 6928823623398457469}}}
2020-10-23 19:21:53 -          num_events = <optimized out>
2020-10-23 19:21:53 -          check_timers = <optimized out>
2020-10-23 19:21:53 -  #2  0x000000000055dcd3 in do_run_one (ec=..., this_thread=..., lock=<synthetic pointer>, this=0x900090) at /usr/include/boost/asio/detail/impl/task_io_service.ipp:356
2020-10-23 19:21:53 -          more_handlers = <optimized out>
2020-10-23 19:21:53 -  #3  run (ec=..., this=0x900090) at /usr/include/boost/asio/detail/impl/task_io_service.ipp:149
2020-10-23 19:21:53 -          this_thread = {private_op_queue = {front_ = 0x0, back_ = 0x0}, private_outstanding_work = 0}
2020-10-23 19:21:53 -          ctx = {key_ = 0x900090, value_ = 0x7fffffffdf40, next_ = 0x0}
2020-10-23 19:21:53 -          lock = {mutex_ = @0x9000c0, locked_ = <optimized out>}
2020-10-23 19:21:53 -          n = 32038
2020-10-23 19:21:53 -  #4  _ZN5boost4asio10io_service3runEv.isra.226 () at /usr/include/boost/asio/impl/io_service.ipp:59
2020-10-23 19:21:53 -          ec = {m_val = 0, m_cat = 0x7ffff71e50e0}
2020-10-23 19:21:53 -  #5  ServiceManager::run() (this=this@entry=0x7fffffffdff0) at /home/otg/src/server.cpp:47
2020-10-23 19:21:53 -  No locals.
2020-10-23 19:21:53 -  #6  0x0000000000474c46 in main (argc=1, argv=0x7fffffffe1b8) at /home/otg/src/otserv.cpp:96
2020-10-23 19:21:53 -          serviceManager = {acceptors = {_M_h = {_M_buckets = 0x7fff902a61b0, _M_bucket_count = 5, _M_before_begin = {_M_nxt = 0x7fff902a6180}, _M_element_count = 2, _M_rehash_policy = {_M_max_load_factor = 1, _M_next_resize = 5}, _M_single_bucket = 0x0}}, io_service = {service_registry_ = 0x900040, impl_ = @0x900090}, signals = {set = {<No data fields>}}, death_timer = {<No data fields>}, running = true}
2020-10-23 19:21:53 -  Saving server...
2020-10-23 19:21:53 -  > Saved house items in: 0.385 s
2020-10-23 19:21:53 -  A debugging session is active.
2020-10-23 19:21:53 -  
2020-10-23 19:21:53 -  	Inferior 1 [process 14431] will be killed.
2020-10-23 19:21:53 -  
2020-10-23 19:21:53 -  Quit anyway? (y or n) [answered Y; input not from terminal]
