2020-10-14 05:05:51 -  [Thread debugging using libthread_db enabled]
2020-10-14 05:05:51 -  Using host libthread_db library "/lib/x86_64-linux-gnu/libthread_db.so.1".
2020-10-14 05:05:51 -  [New Thread 0x7ffff3dbb700 (LWP 31435)]
2020-10-14 05:05:51 -  [New Thread 0x7ffff35ba700 (LWP 31436)]
2020-10-14 05:05:51 -  The OTG-Premium-Version - Version: (1.3)
2020-10-14 05:05:51 -  Compiled with: GNU C++ version 5.4.0 20160609
2020-10-14 05:05:51 -  Compiled on Sep 17 2020 19:49:36 for platform x64
2020-10-14 05:05:51 -  
2020-10-14 05:05:51 -  Special Credits for: OTG Team, Johncore, Vankk, Erick Nunes, Leonardo Pereira, Leandro Baldissera, Talis, Marcomoa, Marson Schneider, Douglas, Mark Samman, OTXServer (Mattyx Gomez) and The Forgotten Server Developers.
2020-10-14 05:05:51 -  Link of repository: https://github.com/Johncorex/OTG-Premium-Version
2020-10-14 05:05:51 -  
2020-10-14 05:05:51 -  >> Loading config: config.lua
2020-10-14 05:05:51 -  >> Establishing database connection... MySQL 5.7.31
2020-10-14 05:05:51 -  >> Running database manager
2020-10-14 05:05:51 -  [New Thread 0x7ffff2ba7700 (LWP 31437)]
2020-10-14 05:05:51 -  > Optimizing table players_online... [success]
2020-10-14 05:05:51 -  > Optimizing table tile_store... [success]
2020-10-14 05:05:51 -  >> Loading vocations
2020-10-14 05:05:51 -  >> Loading items
2020-10-14 05:05:51 -  >> Loading script systems
2020-10-14 05:05:51 -  >> Loading lua libs
2020-10-14 05:05:52 -  [Warning - Event::checkScript] Can not load script: scripts/expboostaction.lua
2020-10-14 05:05:52 -  cannot open data/actions/scripts/expboostaction.lua: No such file or directory
2020-10-14 05:05:53 -  >> Loading lua scripts
2020-10-14 05:05:53 -  >> Loading monsters
2020-10-14 05:05:53 -  >> Loading lua monsters
2020-10-14 05:05:53 -  >> Loading outfits
2020-10-14 05:05:53 -  >> Loading prey data
2020-10-14 05:05:53 -  >> Checking world type... PVP
2020-10-14 05:05:53 -  >> Loading map
2020-10-14 05:05:55 -  > Map size: 34143x33812.
2020-10-14 05:06:01 -  > Map loading time: 7.354 seconds.
2020-10-14 05:06:45 -  > Loaded house items in: 0.033 s
2020-10-14 05:06:45 -  >> Initializing gamestate
2020-10-14 05:06:47 -  >> Loaded 43 npcs and spawned 72708 monsters.
2020-10-14 05:06:47 -  >> Loaded 27 towns with 1074 houses in total.
2020-10-14 05:06:47 -  [Castle War]
2020-10-14 05:06:47 -  [POWERGAMERS]
2020-10-14 05:06:47 -  [SISTEMA DE LOTERIA] OPERANTE
2020-10-14 05:06:47 -  Advanced NPC spawn system | All NPCs will be loaded trough lib.
2020-10-14 05:06:47 -  [REGEN BOOST] CARREGADO
2020-10-14 05:06:47 -  [SPOOF COUNTER]
2020-10-14 05:06:47 -  [STAMINA]
2020-10-14 05:06:47 -  >> Loaded all modules, server starting up...
2020-10-14 05:06:47 -  > Warning: OTG-Premium-Version has been executed as root user, please consider running it as a normal user.
2020-10-14 05:06:47 -  >> Honera Global Server Online!
2020-10-14 05:06:47 -  
2020-10-14 05:40:48 -  SABADOU!! NPC HONERA CRIADO
2020-10-14 05:40:48 -  > Broadcasted message: "There seems to be a big gnarlhoud gang in Zao Steppe.".
2020-10-14 05:41:07 -  > Broadcasted message: "The gnarlhounds seem to multiply by the minute.".
2020-10-14 05:42:47 -  > Broadcasted message: "The gnarlhounds roam free in the Zao Steppe. Watch out!".
2020-10-14 07:24:48 -  > Broadcasted message: "Something is moving in the northern grounds of the Rookgaard.".
2020-10-14 07:52:34 -  Nosferatu has logged in.
2020-10-14 08:05:53 -  
2020-10-14 08:05:53 -  Lua Script Error: [GlobalEvent Interface] 
2020-10-14 08:05:53 -  data/globalevents/scripts/bosses/Abyssador.lua:onThink
2020-10-14 08:05:53 -  data/lib/rewardboss.lua:8: Rewards can only be enabled to rewards bosses.
2020-10-14 08:05:53 -  stack traceback:
2020-10-14 08:05:53 -  	[C]: at 0x00602980
2020-10-14 08:05:53 -  	[C]: in function 'error'
2020-10-14 08:05:53 -  	data/lib/rewardboss.lua:8: in function 'setReward'
2020-10-14 08:05:53 -  	data/globalevents/scripts/bosses/Abyssador.lua:28: in function <data/globalevents/scripts/bosses/Abyssador.lua:21>
2020-10-14 08:05:53 -  [Error - GlobalEvents::think] Failed to execute event: Abyssador
2020-10-14 08:05:53 -  
2020-10-14 08:05:53 -  Lua Script Error: [GlobalEvent Interface] 
2020-10-14 08:05:53 -  data/globalevents/scripts/bosses/Deathstrike.lua:onThink
2020-10-14 08:05:53 -  data/lib/rewardboss.lua:8: Rewards can only be enabled to rewards bosses.
2020-10-14 08:05:53 -  stack traceback:
2020-10-14 08:05:53 -  	[C]: at 0x00602980
2020-10-14 08:05:53 -  	[C]: in function 'error'
2020-10-14 08:05:53 -  	data/lib/rewardboss.lua:8: in function 'setReward'
2020-10-14 08:05:53 -  	data/globalevents/scripts/bosses/Deathstrike.lua:28: in function <data/globalevents/scripts/bosses/Deathstrike.lua:21>
2020-10-14 08:05:53 -  [Error - GlobalEvents::think] Failed to execute event: Deathstrike
2020-10-14 08:05:53 -  
2020-10-14 08:05:53 -  Lua Script Error: [GlobalEvent Interface] 
2020-10-14 08:05:53 -  data/globalevents/scripts/bosses/Gnomevil.lua:onThink
2020-10-14 08:05:53 -  data/lib/rewardboss.lua:8: Rewards can only be enabled to rewards bosses.
2020-10-14 08:05:53 -  stack traceback:
2020-10-14 08:05:53 -  	[C]: at 0x00602980
2020-10-14 08:05:53 -  	[C]: in function 'error'
2020-10-14 08:05:53 -  	data/lib/rewardboss.lua:8: in function 'setReward'
2020-10-14 08:05:53 -  	data/globalevents/scripts/bosses/Gnomevil.lua:28: in function <data/globalevents/scripts/bosses/Gnomevil.lua:21>
2020-10-14 08:05:53 -  [Error - GlobalEvents::think] Failed to execute event: Gnomevil
2020-10-14 08:18:48 -  > Broadcasted message: "Something is moving in the depths of the sea around Liberty Bay".
2020-10-14 08:19:07 -  > Broadcasted message: "Numerous Quara fins have been sighted in the seas around Liberty Bay.".
2020-10-14 08:19:47 -  > Broadcasted message: "Quara emerged from the sea to attack Liberty Bay.".
2020-10-14 08:50:48 -  > Broadcasted message: "Let da mashing begin! Cyclops riot east of Thais.".
2020-10-14 09:27:25 -  Nosferatu has logged out.
2020-10-14 09:27:31 -  Nosferatu has logged in.
2020-10-14 10:10:48 -  Dev Marson has logged in.
2020-10-14 10:27:10 -  ip inválido
2020-10-14 10:27:10 -  Dev Marson has logged out.
2020-10-14 10:52:31 -  Dev Marson has logged in.
2020-10-14 11:05:53 -  
2020-10-14 11:05:53 -  Lua Script Error: [GlobalEvent Interface] 
2020-10-14 11:05:53 -  data/globalevents/scripts/Ghulosh.lua:onThink
2020-10-14 11:05:53 -  data/globalevents/scripts/Ghulosh.lua:34: attempt to index local 'boss' (a nil value)
2020-10-14 11:05:53 -  stack traceback:
2020-10-14 11:05:53 -  	[C]: in function '__index'
2020-10-14 11:05:53 -  	data/globalevents/scripts/Ghulosh.lua:34: in function <data/globalevents/scripts/Ghulosh.lua:21>
2020-10-14 11:05:53 -  [Error - GlobalEvents::think] Failed to execute event: Ghulosh
2020-10-14 11:05:53 -  
2020-10-14 11:05:53 -  Lua Script Error: [GlobalEvent Interface] 
2020-10-14 11:05:53 -  data/globalevents/scripts/Gorzindel.lua:onThink
2020-10-14 11:05:53 -  data/globalevents/scripts/Gorzindel.lua:34: attempt to index local 'boss' (a nil value)
2020-10-14 11:05:53 -  stack traceback:
2020-10-14 11:05:53 -  	[C]: in function '__index'
2020-10-14 11:05:53 -  	data/globalevents/scripts/Gorzindel.lua:34: in function <data/globalevents/scripts/Gorzindel.lua:21>
2020-10-14 11:05:53 -  [Error - GlobalEvents::think] Failed to execute event: Gorzindel
2020-10-14 11:05:53 -  
2020-10-14 11:05:53 -  Lua Script Error: [GlobalEvent Interface] 
2020-10-14 11:05:53 -  data/globalevents/scripts/Lokathmor.lua:onThink
2020-10-14 11:05:53 -  data/globalevents/scripts/Lokathmor.lua:34: attempt to index local 'boss' (a nil value)
2020-10-14 11:05:53 -  stack traceback:
2020-10-14 11:05:53 -  	[C]: in function '__index'
2020-10-14 11:05:53 -  	data/globalevents/scripts/Lokathmor.lua:34: in function <data/globalevents/scripts/Lokathmor.lua:21>
2020-10-14 11:05:53 -  [Error - GlobalEvents::think] Failed to execute event: Lokathmor
2020-10-14 11:05:53 -  
2020-10-14 11:05:53 -  Lua Script Error: [GlobalEvent Interface] 
2020-10-14 11:05:53 -  data/globalevents/scripts/Mazzinor.lua:onThink
2020-10-14 11:05:53 -  data/globalevents/scripts/Mazzinor.lua:34: attempt to index local 'boss' (a nil value)
2020-10-14 11:05:53 -  stack traceback:
2020-10-14 11:05:53 -  	[C]: in function '__index'
2020-10-14 11:05:53 -  	data/globalevents/scripts/Mazzinor.lua:34: in function <data/globalevents/scripts/Mazzinor.lua:21>
2020-10-14 11:05:53 -  [Error - GlobalEvents::think] Failed to execute event: Mazzinor
2020-10-14 11:05:53 -  [Warning - Monsters::loadMonster] Non-unique loot item "Giant Sapphire". 
2020-10-14 11:05:53 -  [Warning - Monsters::loadMonster] Cant load loot. data/monster/Secret Library/the scourge of oblivion.xml
2020-10-14 11:05:53 -  [Warning - Monsters::loadMonster] Non-unique loot item "Collar of Blue Plasma". 
2020-10-14 11:05:53 -  [Warning - Monsters::loadMonster] Cant load loot. data/monster/Secret Library/the scourge of oblivion.xml
2020-10-14 11:05:53 -  [Warning - Monsters::loadMonster] Non-unique loot item "Giant Shimmering Pearl". 
2020-10-14 11:05:53 -  [Warning - Monsters::loadMonster] Cant load loot. data/monster/Secret Library/the scourge of oblivion.xml
2020-10-14 11:05:53 -  [Warning - Monsters::loadMonster] Unknown loot item "The Calamity". 
2020-10-14 11:05:53 -  [Warning - Monsters::loadMonster] Cant load loot. data/monster/Secret Library/the scourge of oblivion.xml
2020-10-14 11:05:53 -  
2020-10-14 11:05:53 -  Lua Script Error: [GlobalEvent Interface] 
2020-10-14 11:05:53 -  data/globalevents/scripts/The Scourge Of Oblivion.lua:onThink
2020-10-14 11:05:53 -  data/globalevents/scripts/The Scourge Of Oblivion.lua:34: attempt to index local 'boss' (a nil value)
2020-10-14 11:05:53 -  stack traceback:
2020-10-14 11:05:53 -  	[C]: in function '__index'
2020-10-14 11:05:53 -  	data/globalevents/scripts/The Scourge Of Oblivion.lua:34: in function <data/globalevents/scripts/The Scourge Of Oblivion.lua:21>
2020-10-14 11:05:53 -  [Error - GlobalEvents::think] Failed to execute event: The Scourge Of Oblivion
2020-10-14 11:21:48 -  > Broadcasted message: "Barbarians are gathering at Bittermor. They seem to be up to something.".
2020-10-14 11:22:07 -  > Broadcasted message: "The barbarian pack is roaming around in Bittermor.".
2020-10-14 11:44:48 -  > Broadcasted message: "The dragons of the Dragonblaze Mountains have descended to Zao to protect the lizardkin!".
2020-10-14 12:12:48 -  [Warning - Event::checkScript] Can not load script: scripts/warmode.lua
2020-10-14 12:12:48 -  data/creaturescripts/scripts/warmode.lua:51: '<name>' expected near '['
2020-10-14 12:15:25 -  [Warning - Event::checkScript] Can not load script: scripts/warmode.lua
2020-10-14 12:15:25 -  data/creaturescripts/scripts/warmode.lua:51: '=' expected near '.1'
2020-10-14 12:19:20 -  
2020-10-14 12:19:20 -  Lua Script Error: [CreatureScript Interface] 
2020-10-14 12:19:20 -  data/creaturescripts/scripts/warmode.lua:onModalWindow
2020-10-14 12:19:20 -  data/creaturescripts/scripts/warmode.lua:58: attempt to index global 'temp' (a nil value)
2020-10-14 12:19:20 -  stack traceback:
2020-10-14 12:19:20 -  	[C]: in function '__index'
2020-10-14 12:19:20 -  	data/creaturescripts/scripts/warmode.lua:58: in function <data/creaturescripts/scripts/warmode.lua:1>
2020-10-14 12:41:39 -  [Warning - Event::checkScript] Can not load script: scripts/warmode.lua
2020-10-14 12:41:39 -  data/creaturescripts/scripts/warmode.lua:47: '=' expected near '=='
2020-10-14 12:41:43 -  
2020-10-14 12:41:43 -  Thread 2 "tfs" received signal SIGSEGV, Segmentation fault.
2020-10-14 12:41:43 -  [Switching to Thread 0x7ffff3dbb700 (LWP 31435)]
2020-10-14 12:41:43 -  0x000000000061c7ce in CreatureEvent::executeModalWindow(Player*, unsigned int, unsigned char, unsigned char) (this=0x7fffec1e1be0, player=player@entry=0x7fffee3cc440, modalWindowId=modalWindowId@entry=1840, buttonId=buttonId@entry=102 'f', choiceId=choiceId@entry=255 '\377') at /home/otg/src/creatureevent.cpp:463
2020-10-14 12:41:43 -  463		scriptInterface->pushFunction(scriptId);
2020-10-14 12:41:43 -  
2020-10-14 12:41:43 -  Thread 4 (Thread 0x7ffff2ba7700 (LWP 31437)):
2020-10-14 12:41:43 -  #0  pthread_cond_wait@@GLIBC_2.3.2 () at ../sysdeps/unix/sysv/linux/x86_64/pthread_cond_wait.S:185
2020-10-14 12:41:43 -  No locals.
2020-10-14 12:41:43 -  #1  0x00007ffff5e7491c in std::condition_variable::wait(std::unique_lock<std::mutex>&) () from /usr/lib/x86_64-linux-gnu/libstdc++.so.6
2020-10-14 12:41:43 -  No symbol table info available.
2020-10-14 12:41:43 -  #2  0x00000000006228bf in DatabaseTasks::threadMain() (this=0x8e39a0 <g_databaseTasks>) at /home/otg/src/databasetasks.cpp:42
2020-10-14 12:41:43 -          taskLockUnique = {_M_device = 0x8e3a08 <g_databaseTasks+104>, _M_owns = true}
2020-10-14 12:41:43 -  #3  0x00007ffff5e79c80 in ?? () from /usr/lib/x86_64-linux-gnu/libstdc++.so.6
2020-10-14 12:41:43 -  No symbol table info available.
2020-10-14 12:41:43 -  #4  0x00007ffff614a6ba in start_thread (arg=0x7ffff2ba7700) at pthread_create.c:333
2020-10-14 12:41:43 -          __res = <optimized out>
2020-10-14 12:41:43 -          pd = 0x7ffff2ba7700
2020-10-14 12:41:43 -          now = <optimized out>
2020-10-14 12:41:43 -          unwind_buf = {cancel_jmp_buf = {{jmp_buf = {140737265694464, -2900466381340545035, 0, 140737284647471, 140737265695168, 9334528, 2900489981661016053, 2900482093656174581}, mask_was_saved = 0}}, priv = {pad = {0x0, 0x0, 0x0, 0x0}, data = {prev = 0x0, cleanup = 0x0, canceltype = 0}}}
2020-10-14 12:41:43 -          not_first_call = <optimized out>
2020-10-14 12:41:43 -          pagesize_m1 = <optimized out>
2020-10-14 12:41:43 -          sp = <optimized out>
2020-10-14 12:41:43 -          freesize = <optimized out>
2020-10-14 12:41:43 -          __PRETTY_FUNCTION__ = "start_thread"
2020-10-14 12:41:43 -  #5  0x00007ffff7b144dd in clone () at ../sysdeps/unix/sysv/linux/x86_64/clone.S:109
2020-10-14 12:41:43 -  No locals.
2020-10-14 12:41:43 -  
2020-10-14 12:41:43 -  Thread 3 (Thread 0x7ffff35ba700 (LWP 31436)):
2020-10-14 12:41:43 -  #0  pthread_cond_timedwait@@GLIBC_2.3.2 () at ../sysdeps/unix/sysv/linux/x86_64/pthread_cond_timedwait.S:225
2020-10-14 12:41:43 -  No locals.
2020-10-14 12:41:43 -  #1  0x0000000000506210 in __gthread_cond_timedwait () at /usr/include/x86_64-linux-gnu/c++/5/bits/gthr-default.h:871
2020-10-14 12:41:43 -  No locals.
2020-10-14 12:41:43 -  #2  std::condition_variable::__wait_until_impl (__atime=..., __lock=..., this=0x8e6fa0 <g_scheduler+64>) at /usr/include/c++/5/condition_variable:165
2020-10-14 12:41:43 -          __ts = {tv_sec = 1602693702, tv_nsec = 929049356}
2020-10-14 12:41:43 -  #3  std::condition_variable::wait_until<std::chrono::duration<long, std::ratio<1l, 1000000000l> > > () at /usr/include/c++/5/condition_variable:105
2020-10-14 12:41:43 -          __lock = @0x7ffff35b9e90: {_M_device = 0x8e6f78 <g_scheduler+24>, _M_owns = true}
2020-10-14 12:41:43 -          this = 0x8e6fa0 <g_scheduler+64>
2020-10-14 12:41:43 -  #4  Scheduler::threadMain (this=0x8e6f60 <g_scheduler>) at /home/otg/src/scheduler.cpp:36
2020-10-14 12:41:43 -          ret = std::cv_status::no_timeout
2020-10-14 12:41:43 -          eventLockUnique = {_M_device = 0x8e6f78 <g_scheduler+24>, _M_owns = true}
2020-10-14 12:41:43 -  #5  0x00007ffff5e79c80 in ?? () from /usr/lib/x86_64-linux-gnu/libstdc++.so.6
2020-10-14 12:41:43 -  No symbol table info available.
2020-10-14 12:41:43 -  #6  0x00007ffff614a6ba in start_thread (arg=0x7ffff35ba700) at pthread_create.c:333
2020-10-14 12:41:43 -          __res = <optimized out>
2020-10-14 12:41:43 -          pd = 0x7ffff35ba700
2020-10-14 12:41:43 -          now = <optimized out>
2020-10-14 12:41:43 -          unwind_buf = {cancel_jmp_buf = {{jmp_buf = {140737276258048, -2900466381340545035, 0, 140737488346847, 140737276258752, 9437376, 2900493560979386357, 2900482093656174581}, mask_was_saved = 0}}, priv = {pad = {0x0, 0x0, 0x0, 0x0}, data = {prev = 0x0, cleanup = 0x0, canceltype = 0}}}
2020-10-14 12:41:43 -          not_first_call = <optimized out>
2020-10-14 12:41:43 -          pagesize_m1 = <optimized out>
2020-10-14 12:41:43 -          sp = <optimized out>
2020-10-14 12:41:43 -          freesize = <optimized out>
2020-10-14 12:41:43 -          __PRETTY_FUNCTION__ = "start_thread"
2020-10-14 12:41:43 -  #7  0x00007ffff7b144dd in clone () at ../sysdeps/unix/sysv/linux/x86_64/clone.S:109
2020-10-14 12:41:43 -  No locals.
2020-10-14 12:41:43 -  
2020-10-14 12:41:43 -  Thread 2 (Thread 0x7ffff3dbb700 (LWP 31435)):
2020-10-14 12:41:43 -  #0  0x000000000061c7ce in CreatureEvent::executeModalWindow(Player*, unsigned int, unsigned char, unsigned char) (this=0x7fffec1e1be0, player=player@entry=0x7fffee3cc440, modalWindowId=modalWindowId@entry=1840, buttonId=buttonId@entry=102 'f', choiceId=choiceId@entry=255 '\377') at /home/otg/src/creatureevent.cpp:463
2020-10-14 12:41:43 -  No locals.
2020-10-14 12:41:43 -  #1  0x0000000000633f74 in Game::playerAnswerModalWindow(unsigned int, unsigned int, unsigned char, unsigned char) (this=<optimized out>, playerId=<optimized out>, modalWindowId=1840, button=<optimized out>, choice=<optimized out>) at /home/otg/src/game.cpp:6897
2020-10-14 12:41:43 -          creatureEvent = <optimized out>
2020-10-14 12:41:43 -          __for_range = <unknown type in /home/otserver/tfs, CU 0x982407, DIE 0x9b4c38>
2020-10-14 12:41:43 -          player = 0x7fffee3cc440
2020-10-14 12:41:43 -  #2  0x000000000055af2d in std::function<void ()>::operator()() const () at /usr/include/c++/5/functional:2267
2020-10-14 12:41:43 -          this = 0x901ce0
2020-10-14 12:41:43 -  #3  Task::operator()() () at /home/otg/src/tasks.h:42
2020-10-14 12:41:43 -          this = 0x901cd0
2020-10-14 12:41:43 -  #4  Dispatcher::threadMain() (this=0x8e6ec0 <g_dispatcher>) at /home/otg/src/tasks.cpp:62
2020-10-14 12:41:43 -          task = 0x901cd0
2020-10-14 12:41:43 -          taskLockUnique = {_M_device = 0x8e6ed8 <g_dispatcher+24>, _M_owns = false}
2020-10-14 12:41:43 -  #5  0x00007ffff5e79c80 in ?? () from /usr/lib/x86_64-linux-gnu/libstdc++.so.6
2020-10-14 12:41:43 -  No symbol table info available.
2020-10-14 12:41:43 -  #6  0x00007ffff614a6ba in start_thread (arg=0x7ffff3dbb700) at pthread_create.c:333
2020-10-14 12:41:43 -          __res = <optimized out>
2020-10-14 12:41:43 -          pd = 0x7ffff3dbb700
2020-10-14 12:41:43 -          now = <optimized out>
2020-10-14 12:41:43 -          unwind_buf = {cancel_jmp_buf = {{jmp_buf = {140737284650752, -2900466381340545035, 0, 140737488346847, 140737284651456, 9437376, 2900492462004629493, 2900482093656174581}, mask_was_saved = 0}}, priv = {pad = {0x0, 0x0, 0x0, 0x0}, data = {prev = 0x0, cleanup = 0x0, canceltype = 0}}}
2020-10-14 12:41:43 -          not_first_call = <optimized out>
2020-10-14 12:41:43 -          pagesize_m1 = <optimized out>
2020-10-14 12:41:43 -          sp = <optimized out>
2020-10-14 12:41:43 -          freesize = <optimized out>
2020-10-14 12:41:43 -          __PRETTY_FUNCTION__ = "start_thread"
2020-10-14 12:41:43 -  #7  0x00007ffff7b144dd in clone () at ../sysdeps/unix/sysv/linux/x86_64/clone.S:109
2020-10-14 12:41:43 -  No locals.
2020-10-14 12:41:43 -  
2020-10-14 12:41:43 -  Thread 1 (Thread 0x7ffff7fe6740 (LWP 31431)):
2020-10-14 12:41:43 -  #0  0x00007ffff7b14ad3 in epoll_wait () at ../sysdeps/unix/syscall-template.S:84
2020-10-14 12:41:43 -  No locals.
2020-10-14 12:41:43 -  #1  0x00000000005b70e7 in boost::asio::detail::epoll_reactor::run(bool, boost::asio::detail::op_queue<boost::asio::detail::task_io_service_operation>&) [clone .constprop.204] (this=0x901570, block=<optimized out>, ops=...) at /usr/include/boost/asio/detail/impl/epoll_reactor.ipp:392
2020-10-14 12:41:43 -          timeout = <optimized out>
2020-10-14 12:41:43 -          events = {{events = 0, data = {ptr = 0x0, fd = 0, u32 = 0, u64 = 0}} <repeats 23 times>, {events = 0, data = {ptr = 0x17e0000000000000, fd = 0, u32 = 0, u64 = 1720375057655529472}}, {events = 144, data = {ptr = 0xd7dc066557b80000, fd = 1471676416, u32 = 1471676416, u64 = 15554314245363990528}}, {events = 754, data = {ptr = 0x0, fd = 0, u32 = 0, u64 = 0}}, {events = 0, data = {ptr = 0x0, fd = 0, u32 = 0, u64 = 0}}, {events = 0, data = {ptr = 0x0, fd = 0, u32 = 0, u64 = 0}}, {events = 0, data = {ptr = 0x0, fd = 0, u32 = 0, u64 = 0}}, {events = 400556032, data = {ptr = 0x63e9000000000090, fd = 144, u32 = 144, u64 = 7199285479328448656}}, {events = 3621520997, data = {ptr = 0x2f2, fd = 754, u32 = 754, u64 = 754}}, {events = 0, data = {ptr = 0x0, fd = 0, u32 = 0, u64 = 0}}, {events = 0, data = {ptr = 0x10000, fd = 65536, u32 = 65536, u64 = 65536}}, {events = 0, data = {ptr = 0x0, fd = 0, u32 = 0, u64 = 0}}, {events = 0, data = {ptr = 0x0, fd = 0, u32 = 0, u64 = 0}}, {events = 0, data = {ptr = 0x1000000000000, fd = 0, u32 = 0, u64 = 281474976710656}}, {events = 0, data = {ptr = 0x0, fd = 0, u32 = 0, u64 = 0}}, {events = 0, data = {ptr = 0x1e00000000000000, fd = 0, u32 = 0, u64 = 2161727821137838080}}, {events = 145, data = {ptr = 0x9017e00000, fd = 400556032, u32 = 400556032, u64 = 618875846656}}, {events = 309329920, data = {ptr = 0x470002f2d7dda8d4, fd = -673339180, u32 = 3621628116, u64 = 5116092418719852756}}, {events = 2147468003, data = {ptr = 0x0, fd = 0, u32 = 0, u64 = 0}}, {events = 0, data = {ptr = 0x0, fd = 0, u32 = 0, u64 = 0}}, {events = 0, data = {ptr = 0x0, fd = 0, u32 = 0, u64 = 0}}, {events = 0, data = {ptr = 0x17e0000000000000, fd = 0, u32 = 0, u64 = 1720375057655529472}}, {events = 144, data = {ptr = 0xd7dda8d423a20000, fd = 597819392, u32 = 597819392, u64 = 15554774317091913728}}, {events = 3388998386, data = {ptr = 0x5f86, fd = 24454, u32 = 24454, u64 = 24454}}, {events = 0, data = {ptr = 0x0, fd = 0, u32 = 0, u64 = 0}}, {events = 65536, data = {ptr = 0x0, fd = 0, u32 = 0, u64 = 0}}, {events = 0, data = {ptr = 0x0, fd = 0, u32 = 0, u64 = 0}}, {events = 0, data = {ptr = 0x0, fd = 0, u32 = 0, u64 = 0}}, {events = 0, data = {ptr = 0x10000, fd = 65536, u32 = 65536, u64 = 65536}}, {events = 0, data = {ptr = 0x0, fd = 0, u32 = 0, u64 = 0}}, {events = 11, data = {ptr = 0xa11eb00000, fd = 514850816, u32 = 514850816, u64 = 692004585472}}, {events = 0, data = {ptr = 0x962820, fd = 9840672, u32 = 9840672, u64 = 9840672}}, {events = 0, data = {ptr = 0x7fffc2e347700000, fd = 1198522368, u32 = 1198522368, u64 = 9223304843289952256}}, {events = 1197473792, data = {ptr = 0x219000007fffc2e3, fd = 2147468003, u32 = 2147468003, u64 = 2418433002045424355}}, {events = 9329, data = {ptr = 0xffffdb8fffff8000, fd = -32768, u32 = 4294934528, u64 = 18446704010254581760}}, {events = 32767, data = {ptr = 0x2, fd = 2, u32 = 2, u64 = 2}}, {events = 4155593817, data = {ptr = 0x7fff, fd = 32767, u32 = 32767, u64 = 32767}}, {events = 0, data = {ptr = 0x5828f4 <boost::asio::detail::reactive_socket_recv_op_base<boost::asio::mutable_buffers_1>::do_perform(boost::asio::detail::reactor_op*)+228>, fd = 5777652, u32 = 5777652, u64 = 5777652}}, {events = 91, data = {ptr = 0x100006e, fd = 16777326, u32 = 16777326, u64 = 16777326}}, {events = 15, data = {ptr = 0x962856, fd = 9840726, u32 = 9840726, u64 = 9840726}}, {events = 2, data = {ptr = 0x200000000, fd = 0, u32 = 0, u64 = 8589934592}}, {events = 0, data = {ptr = 0x5f872a46, fd = 1602693702, u32 = 1602693702, u64 = 1602693702}}, {events = 0, data = {ptr = 0x0, fd = 0, u32 = 0, u64 = 0}}, {events = 0, data = {ptr = 0x7fffffffdb80, fd = -9344, u32 = 4294957952, u64 = 140737488345984}}, {events = 1, data = {ptr = 0x0, fd = 0, u32 = 0, u64 = 0}}, {events = 0, data = {ptr = 0x0, fd = 0, u32 = 0, u64 = 0}}, {events = 0, data = {ptr = 0x96283000000000, fd = 0, u32 = 0, u64 = 42265433130139648}}, {events = 0, data = {ptr = 0x7fffc31b62f0, fd = -1021615376, u32 = 3273351920, u64 = 140736466739952}}, {events = 9840496, data = {ptr = 0x97293800000000, fd = 0, u32 = 0, u64 = 42548041978216448}}, {events = 0, data = {ptr = 0x922158, fd = 9576792, u32 = 9576792, u64 = 9576792}}, {events = 15, data = {ptr = 0x5200000000, fd = 0, u32 = 0, u64 = 352187318272}}, {events = 0, data = {ptr = 0x901570, fd = 9442672, u32 = 9442672, u64 = 9442672}}, {events = 6449413, data = {ptr = 0x96f6800000000, fd = 0, u32 = 0, u64 = 2655767257677824}}, {events = 828730465, data = {ptr = 0xf, fd = 15, u32 = 15, u64 = 15}}, {events = 0, data = {ptr = 0x56f20000000000, fd = 0, u32 = 0, u64 = 24472929811038208}}, {events = 0, data = {ptr = 0xd1b0bc544113534, fd = 1141978420, u32 = 1141978420, u64 = 944361488742692148}}, {events = 16512, data = {ptr = 0xffffdc7000303132, fd = 3158322, u32 = 3158322, u64 = 18446704972330447154}}, {events = 32767, data = {ptr = 0x962770, fd = 9840496, u32 = 9840496, u64 = 9840496}}, {events = 9840496, data = {ptr = 0x91250000000000, fd = 0, u32 = 0, u64 = 40854553553272832}}, {events = 0, data = {ptr = 0x972938, fd = 9906488, u32 = 9906488, u64 = 9906488}}, {events = 9840726, data = {ptr = 0x200000000, fd = 0, u32 = 0, u64 = 8589934592}}, {events = 0, data = {ptr = 0x7fff00000001, fd = 1, u32 = 1, u64 = 140733193388033}}, {events = 0, data = {ptr = 0x56f20000000000, fd = 0, u32 = 0, u64 = 24472929811038208}}, {events = 0, data = {ptr = 0x0, fd = 0, u32 = 0, u64 = 0}}, {events = 0, data = {ptr = 0x0, fd = 0, u32 = 0, u64 = 0}}, {events = 0, data = {ptr = 0x972858, fd = 9906264, u32 = 9906264, u64 = 9906264}}, {events = 5809952, data = {ptr = 0x96284000000000, fd = 0, u32 = 0, u64 = 42265501849616384}}, {events = 0, data = {ptr = 0x9728d8, fd = 9906392, u32 = 9906392, u64 = 9906392}}, {events = 9840688, data = {ptr = 0x46e96000000000, fd = 0, u32 = 0, u64 = 19959846895878144}}, {events = 0, data = {ptr = 0x7fffffffdd20, fd = -8928, u32 = 4294958368, u64 = 140737488346400}}, {events = 0, data = {ptr = 0x56e94e00000000, fd = 0, u32 = 0, u64 = 24463369213837312}}, {events = 0, data = {ptr = 0x900090, fd = 9437328, u32 = 9437328, u64 = 9437328}}, {events = 0, data = {ptr = 0x96285600000000, fd = 0, u32 = 0, u64 = 42265596338896896}}, {events = 0, data = {ptr = 0x2, fd = 2, u32 = 2, u64 = 2}}, {events = 5698048, data = {ptr = 0x0, fd = 0, u32 = 0, u64 = 0}}, {events = 0, data = {ptr = 0x0, fd = 0, u32 = 0, u64 = 0}}, {events = 0, data = {ptr = 0x0, fd = 0, u32 = 0, u64 = 0}}, {events = 0, data = {ptr = 0x7fffffffde30, fd = -8656, u32 = 4294958640, u64 = 140737488346672}}, {events = 9437328, data = {ptr = 0x1400000000, fd = 0, u32 = 0, u64 = 85899345920}}, {events = 0, data = {ptr = 0x0, fd = 0, u32 = 0, u64 = 0}}, {events = 9437376, data = {ptr = 0xffffde3000000000, fd = 0, u32 = 0, u64 = 18446706896472637440}}, {events = 32767, data = {ptr = 0x585e35 <boost::asio::detail::reactive_socket_recv_op<boost::asio::mutable_buffers_1, boost::asio::detail::read_op<boost::asio::basic_stream_socket<boost::asio::ip::tcp, boost::asio::stream_socket_service<boost::asio::ip::tcp> >, boost::asio::mutable_buffers_1, boost::asio::detail::transfer_all_t, std::_Bind<std::_Mem_fn<void (Connection::*)(boost::system::error_code const&)> (std::shared_ptr<Connection>, std::_Placeholder<1>)> > >::do_complete(boost::asio::detail::task_io_service*, boost::asio::detail::task_io_service_operation*, boost::system::error_code const&, unsigned long)+373>, fd = 5791285, u32 = 5791285, u64 = 5791285}}, {events = 4294958640, data = {ptr = 0x58574500007fff, fd = 32767, u32 = 32767, u64 = 24865751814930431}}, {events = 0, data = {ptr = 0x46e960 <__pthread_key_create@plt>, fd = 4647264, u32 = 4647264, u64 = 4647264}}, {events = 4155593817, data = {ptr = 0xffffde3000007fff, fd = 32767, u32 = 32767, u64 = 18446706896472670207}}, {events = 32767, data = {ptr = 0x0, fd = 0, u32 = 0, u64 = 0}}, {events = 0, data = {ptr = 0x0, fd = 0, u32 = 0, u64 = 0}}, {events = 15, data = {ptr = 0x972938, fd = 9906488, u32 = 9906488, u64 = 9906488}}, {events = 9840726, data = {ptr = 0x200000000, fd = 0, u32 = 0, u64 = 8589934592}}, {events = 0, data = {ptr = 0x0, fd = 0, u32 = 0, u64 = 0}}, {events = 2, data = {ptr = 0x56f20000000000, fd = 0, u32 = 0, u64 = 24472929811038208}}, {events = 0, data = {ptr = 0x0, fd = 0, u32 = 0, u64 = 0}}, {events = 9840704, data = {ptr = 0x96283000000000, fd = 0, u32 = 0, u64 = 42265433130139648}}, {events = 0, data = {ptr = 0x0, fd = 0, u32 = 0, u64 = 0}}, {events = 4145959136, data = {ptr = 0x58a73100007fff, fd = 32767, u32 = 32767, u64 = 24953626845806591}}, {events = 0, data = {ptr = 0x7fffc2e34770, fd = -1025292432, u32 = 3269674864, u64 = 140736463062896}}, {events = 0, data = {ptr = 0x97293800000000, fd = 0, u32 = 0, u64 = 42548041978216448}}, {events = 0, data = {ptr = 0x7fffffffde80, fd = -8576, u32 = 4294958720, u64 = 140737488346752}}, {events = 9437328, data = {ptr = 0x58646e00000000, fd = 0, u32 = 0, u64 = 24880221559717888}}, {events = 0, data = {ptr = 0x962840, fd = 9840704, u32 = 9840704, u64 = 9840704}}, {events = 9840688, data = {ptr = 0xffffde8000000000, fd = 0, u32 = 0, u64 = 18446707240070021120}}, {events = 32767, data = {ptr = 0x0, fd = 0, u32 = 0, u64 = 0}}, {events = 0, data = {ptr = 0x0, fd = 0, u32 = 0, u64 = 0}}, {events = 0, data = {ptr = 0x58a720 <Connection::handleTimeout(std::weak_ptr<Connection>, boost::system::error_code const&)>, fd = 5809952, u32 = 5809952, u64 = 5809952}}, {events = 9840704, data = {ptr = 0x96283000000000, fd = 0, u32 = 0, u64 = 42265433130139648}}, {events = 0, data = {ptr = 0x7d, fd = 125, u32 = 125, u64 = 125}}}
2020-10-14 12:41:43 -          num_events = <optimized out>
2020-10-14 12:41:43 -          check_timers = <optimized out>
2020-10-14 12:41:43 -  #2  0x000000000055dcd3 in do_run_one (ec=..., this_thread=..., lock=<synthetic pointer>, this=0x900090) at /usr/include/boost/asio/detail/impl/task_io_service.ipp:356
2020-10-14 12:41:43 -          more_handlers = <optimized out>
2020-10-14 12:41:43 -  #3  run (ec=..., this=0x900090) at /usr/include/boost/asio/detail/impl/task_io_service.ipp:149
2020-10-14 12:41:43 -          this_thread = {private_op_queue = {front_ = 0x0, back_ = 0x0}, private_outstanding_work = 0}
2020-10-14 12:41:43 -          ctx = {key_ = 0x900090, value_ = 0x7fffffffdf40, next_ = 0x0}
2020-10-14 12:41:43 -          lock = {mutex_ = @0x9000c0, locked_ = <optimized out>}
2020-10-14 12:41:43 -          n = 186703
2020-10-14 12:41:43 -  #4  _ZN5boost4asio10io_service3runEv.isra.226 () at /usr/include/boost/asio/impl/io_service.ipp:59
2020-10-14 12:41:43 -          ec = {m_val = 0, m_cat = 0x7ffff71e50e0}
2020-10-14 12:41:43 -  #5  ServiceManager::run() (this=this@entry=0x7fffffffdff0) at /home/otg/src/server.cpp:47
2020-10-14 12:41:43 -  No locals.
2020-10-14 12:41:43 -  #6  0x0000000000474c46 in main (argc=1, argv=0x7fffffffe1b8) at /home/otg/src/otserv.cpp:96
2020-10-14 12:41:43 -          serviceManager = {acceptors = {_M_h = {_M_buckets = 0x7fffc2d84260, _M_bucket_count = 5, _M_before_begin = {_M_nxt = 0x7fffc2e34840}, _M_element_count = 2, _M_rehash_policy = {_M_max_load_factor = 1, _M_next_resize = 5}, _M_single_bucket = 0x0}}, io_service = {service_registry_ = 0x900040, impl_ = @0x900090}, signals = {set = {<No data fields>}}, death_timer = {<No data fields>}, running = true}
2020-10-14 12:41:43 -  Saving server...
2020-10-14 12:41:44 -  > Saved house items in: 0.721 s
2020-10-14 12:41:44 -  A debugging session is active.
2020-10-14 12:41:44 -  
2020-10-14 12:41:44 -  	Inferior 1 [process 31431] will be killed.
2020-10-14 12:41:44 -  
2020-10-14 12:41:44 -  Quit anyway? (y or n) [answered Y; input not from terminal]
