2020-10-21 12:16:02 -  [Thread debugging using libthread_db enabled]
2020-10-21 12:16:02 -  Using host libthread_db library "/lib/x86_64-linux-gnu/libthread_db.so.1".
2020-10-21 12:16:02 -  [New Thread 0x7ffff3dbb700 (LWP 30495)]
2020-10-21 12:16:02 -  [New Thread 0x7ffff35ba700 (LWP 30496)]
2020-10-21 12:16:02 -  The OTG-Premium-Version - Version: (1.3)
2020-10-21 12:16:02 -  Compiled with: GNU C++ version 5.4.0 20160609
2020-10-21 12:16:02 -  Compiled on Sep 17 2020 19:49:36 for platform x64
2020-10-21 12:16:02 -  
2020-10-21 12:16:02 -  Special Credits for: OTG Team, Johncore, Vankk, Erick Nunes, Leonardo Pereira, Leandro Baldissera, Talis, Marcomoa, Marson Schneider, Douglas, Mark Samman, OTXServer (Mattyx Gomez) and The Forgotten Server Developers.
2020-10-21 12:16:02 -  Link of repository: https://github.com/Johncorex/OTG-Premium-Version
2020-10-21 12:16:02 -  
2020-10-21 12:16:02 -  >> Loading config: config.lua
2020-10-21 12:16:02 -  >> Establishing database connection... MySQL 5.7.31
2020-10-21 12:16:02 -  >> Running database manager
2020-10-21 12:16:02 -  [New Thread 0x7ffff2ba7700 (LWP 30497)]
2020-10-21 12:16:02 -  > Optimizing table tile_store... [success]
2020-10-21 12:16:02 -  >> Loading vocations
2020-10-21 12:16:02 -  >> Loading items
2020-10-21 12:16:02 -  >> Loading script systems
2020-10-21 12:16:02 -  >> Loading lua libs
2020-10-21 12:16:02 -  [Warning - Event::checkScript] Can not load script: scripts/expboostaction.lua
2020-10-21 12:16:02 -  cannot open data/actions/scripts/expboostaction.lua: No such file or directory
2020-10-21 12:16:03 -  >> Loading lua scripts
2020-10-21 12:16:03 -  >> Loading monsters
2020-10-21 12:16:03 -  >> Loading lua monsters
2020-10-21 12:16:04 -  >> Loading outfits
2020-10-21 12:16:04 -  >> Loading prey data
2020-10-21 12:16:04 -  >> Checking world type... PVP
2020-10-21 12:16:04 -  >> Loading map
2020-10-21 12:16:05 -  > Map size: 34143x33812.
2020-10-21 12:16:11 -  > Map loading time: 7.101 seconds.
2020-10-21 12:16:12 -  > Loaded house items in: 0.013 s
2020-10-21 12:16:12 -  >> Initializing gamestate
2020-10-21 12:16:14 -  >> Loaded 43 npcs and spawned 72708 monsters.
2020-10-21 12:16:14 -  >> Loaded 27 towns with 1074 houses in total.
2020-10-21 12:16:14 -  [Castle War]
2020-10-21 12:16:14 -  [POWERGAMERS]
2020-10-21 12:16:14 -  [SISTEMA DE LOTERIA] OPERANTE
2020-10-21 12:16:14 -  Advanced NPC spawn system | All NPCs will be loaded trough lib.
2020-10-21 12:16:14 -  [REGEN BOOST] CARREGADO
2020-10-21 12:16:14 -  [SPOOF COUNTER]
2020-10-21 12:16:14 -  [STAMINA]
2020-10-21 12:16:14 -  warvariables
2020-10-21 12:16:14 -  Agenda:	10
2020-10-21 12:16:14 -  eu sou o checkWarmode... 12:16!
2020-10-21 12:16:14 -  Buscando valores guilds where id = 3
2020-10-21 12:16:14 -  > Broadcasted message: "[Warmode] Atencao Honerianos! A Guild TesteWarmode desafiou a Guild Vai tomando para uma batalha que vai iniciar agora!".
2020-10-21 12:16:14 -  12	16	44
2020-10-21 12:16:14 -  >> Loaded all modules, server starting up...
2020-10-21 12:16:14 -  > Warning: OTG-Premium-Version has been executed as root user, please consider running it as a normal user.
2020-10-21 12:16:14 -  >> Honera Global Server Online!
2020-10-21 12:16:14 -  
2020-10-21 12:16:15 -  Demonzin has logged in.
2020-10-21 12:16:15 -  funcao onLogin
2020-10-21 12:16:15 -  Robalo has logged in.
2020-10-21 12:16:58 -  funcao onLogin
2020-10-21 12:16:58 -  SABADOU!! NPC HONERA CRIADO
2020-10-21 12:16:58 -  um player que estava dentro da war, foi morto
2020-10-21 12:16:58 -  endWarmode
2020-10-21 12:16:58 -  > Broadcasted message: "[Warmode] Parabens a Guild B por ter eliminado todos os integrantes da Guild A".
2020-10-21 12:16:58 -  removendo players da tabela porque a war acabou
2020-10-21 12:16:58 -  
2020-10-21 12:16:58 -  Lua Script Error: [CreatureScript Interface] 
2020-10-21 12:16:58 -  data/creaturescripts/scripts/warmode.lua:onKill
2020-10-21 12:16:58 -  data/globalevents/scripts/warmodeglobal.lua:74: attempt to index global 'player' (a nil value)
2020-10-21 12:16:58 -  stack traceback:
2020-10-21 12:16:58 -  	[C]: in function '__index'
2020-10-21 12:16:58 -  	data/globalevents/scripts/warmodeglobal.lua:74: in function 'endWarmode'
2020-10-21 12:16:58 -  	data/creaturescripts/scripts/warmode.lua:558: in function <data/creaturescripts/scripts/warmode.lua:534>
2020-10-21 12:16:58 -  Robalo has logged out.
2020-10-21 12:17:03 -  Robalo has logged in.
2020-10-21 12:18:12 -  
2020-10-21 12:18:12 -  Thread 1 "tfs" received signal SIGINT, Interrupt.
2020-10-21 12:18:12 -  0x00007ffff7b14ad3 in epoll_wait () at ../sysdeps/unix/syscall-template.S:84
2020-10-21 12:18:12 -  84	../sysdeps/unix/syscall-template.S: No such file or directory.
2020-10-21 12:18:12 -  
2020-10-21 12:18:12 -  Thread 4 (Thread 0x7ffff2ba7700 (LWP 30497)):
2020-10-21 12:18:12 -  #0  pthread_cond_wait@@GLIBC_2.3.2 () at ../sysdeps/unix/sysv/linux/x86_64/pthread_cond_wait.S:185
2020-10-21 12:18:12 -  No locals.
2020-10-21 12:18:12 -  #1  0x00007ffff5e7491c in std::condition_variable::wait(std::unique_lock<std::mutex>&) () from /usr/lib/x86_64-linux-gnu/libstdc++.so.6
2020-10-21 12:18:13 -  No symbol table info available.
2020-10-21 12:18:13 -  #2  0x00000000006228bf in DatabaseTasks::threadMain() (this=0x8e39a0 <g_databaseTasks>) at /home/otg/src/databasetasks.cpp:42
2020-10-21 12:18:13 -          taskLockUnique = {_M_device = 0x8e3a08 <g_databaseTasks+104>, _M_owns = true}
2020-10-21 12:18:13 -  #3  0x00007ffff5e79c80 in ?? () from /usr/lib/x86_64-linux-gnu/libstdc++.so.6
2020-10-21 12:18:13 -  No symbol table info available.
2020-10-21 12:18:13 -  #4  0x00007ffff614a6ba in start_thread (arg=0x7ffff2ba7700) at pthread_create.c:333
2020-10-21 12:18:13 -          __res = <optimized out>
2020-10-21 12:18:13 -          pd = 0x7ffff2ba7700
2020-10-21 12:18:13 -          now = <optimized out>
2020-10-21 12:18:13 -          unwind_buf = {cancel_jmp_buf = {{jmp_buf = {140737265694464, -7146837589016678815, 0, 140737284647471, 140737265695168, 9334528, 7146843588553371233, 7146853331463990881}, mask_was_saved = 0}}, priv = {pad = {0x0, 0x0, 0x0, 0x0}, data = {prev = 0x0, cleanup = 0x0, canceltype = 0}}}
2020-10-21 12:18:13 -          not_first_call = <optimized out>
2020-10-21 12:18:13 -          pagesize_m1 = <optimized out>
2020-10-21 12:18:13 -          sp = <optimized out>
2020-10-21 12:18:13 -          freesize = <optimized out>
2020-10-21 12:18:13 -          __PRETTY_FUNCTION__ = "start_thread"
2020-10-21 12:18:13 -  #5  0x00007ffff7b144dd in clone () at ../sysdeps/unix/sysv/linux/x86_64/clone.S:109
2020-10-21 12:18:13 -  No locals.
2020-10-21 12:18:13 -  
2020-10-21 12:18:13 -  Thread 3 (Thread 0x7ffff35ba700 (LWP 30496)):
2020-10-21 12:18:13 -  #0  pthread_cond_timedwait@@GLIBC_2.3.2 () at ../sysdeps/unix/sysv/linux/x86_64/pthread_cond_timedwait.S:225
2020-10-21 12:18:13 -  No locals.
2020-10-21 12:18:13 -  #1  0x0000000000506210 in __gthread_cond_timedwait () at /usr/include/x86_64-linux-gnu/c++/5/bits/gthr-default.h:871
2020-10-21 12:18:13 -  No locals.
2020-10-21 12:18:13 -  #2  std::condition_variable::__wait_until_impl (__atime=..., __lock=..., this=0x8e6fa0 <g_scheduler+64>) at /usr/include/c++/5/condition_variable:165
2020-10-21 12:18:13 -          __ts = {tv_sec = 1603297092, tv_nsec = 748532425}
2020-10-21 12:18:13 -  #3  std::condition_variable::wait_until<std::chrono::duration<long, std::ratio<1l, 1000000000l> > > () at /usr/include/c++/5/condition_variable:105
2020-10-21 12:18:13 -          __lock = @0x7ffff35b9e90: {_M_device = 0x8e6f78 <g_scheduler+24>, _M_owns = true}
2020-10-21 12:18:13 -          this = 0x8e6fa0 <g_scheduler+64>
2020-10-21 12:18:13 -  #4  Scheduler::threadMain (this=0x8e6f60 <g_scheduler>) at /home/otg/src/scheduler.cpp:36
2020-10-21 12:18:13 -          ret = std::cv_status::no_timeout
2020-10-21 12:18:13 -          eventLockUnique = {_M_device = 0x8e6f78 <g_scheduler+24>, _M_owns = true}
2020-10-21 12:18:13 -  #5  0x00007ffff5e79c80 in ?? () from /usr/lib/x86_64-linux-gnu/libstdc++.so.6
2020-10-21 12:18:13 -  No symbol table info available.
2020-10-21 12:18:13 -  #6  0x00007ffff614a6ba in start_thread (arg=0x7ffff35ba700) at pthread_create.c:333
2020-10-21 12:18:13 -          __res = <optimized out>
2020-10-21 12:18:13 -          pd = 0x7ffff35ba700
2020-10-21 12:18:13 -          now = <optimized out>
2020-10-21 12:18:13 -          unwind_buf = {cancel_jmp_buf = {{jmp_buf = {140737276258048, -7146837589016678815, 0, 140737488346847, 140737276258752, 9437376, 7146847172166708833, 7146853331463990881}, mask_was_saved = 0}}, priv = {pad = {0x0, 0x0, 0x0, 0x0}, data = {prev = 0x0, cleanup = 0x0, canceltype = 0}}}
2020-10-21 12:18:13 -          not_first_call = <optimized out>
2020-10-21 12:18:13 -          pagesize_m1 = <optimized out>
2020-10-21 12:18:13 -          sp = <optimized out>
2020-10-21 12:18:13 -          freesize = <optimized out>
2020-10-21 12:18:13 -          __PRETTY_FUNCTION__ = "start_thread"
2020-10-21 12:18:13 -  #7  0x00007ffff7b144dd in clone () at ../sysdeps/unix/sysv/linux/x86_64/clone.S:109
2020-10-21 12:18:13 -  No locals.
2020-10-21 12:18:13 -  
2020-10-21 12:18:13 -  Thread 2 (Thread 0x7ffff3dbb700 (LWP 30495)):
2020-10-21 12:18:13 -  #0  0x00007ffff7a8ec94 in _int_malloc (av=av@entry=0x7fffec000020, bytes=bytes@entry=96) at malloc.c:3423
2020-10-21 12:18:13 -          nb = 112
2020-10-21 12:18:13 -          idx = 7
2020-10-21 12:18:13 -          bin = 0x7fffec0000d8
2020-10-21 12:18:13 -          victim = 0x7fff707f6b30
2020-10-21 12:18:13 -          size = <optimized out>
2020-10-21 12:18:13 -          victim_index = <optimized out>
2020-10-21 12:18:13 -          remainder = <optimized out>
2020-10-21 12:18:13 -          remainder_size = <optimized out>
2020-10-21 12:18:13 -          block = <optimized out>
2020-10-21 12:18:13 -          bit = <optimized out>
2020-10-21 12:18:13 -          map = <optimized out>
2020-10-21 12:18:13 -          fwd = <optimized out>
2020-10-21 12:18:13 -          bck = 0x7fffe95b92f0
2020-10-21 12:18:13 -          errstr = 0x0
2020-10-21 12:18:13 -          __func__ = "_int_malloc"
2020-10-21 12:18:13 -  #1  0x00007ffff7a911d4 in __GI___libc_malloc (bytes=96) at malloc.c:2920
2020-10-21 12:18:13 -          ar_ptr = 0x7fffec000020
2020-10-21 12:18:13 -          victim = <optimized out>
2020-10-21 12:18:13 -          hook = <optimized out>
2020-10-21 12:18:13 -  #2  0x00007ffff5e4ee78 in operator new(unsigned long) () from /usr/lib/x86_64-linux-gnu/libstdc++.so.6
2020-10-21 12:18:13 -  No symbol table info available.
2020-10-21 12:18:13 -  #3  0x000000000062d901 in __gnu_cxx::new_allocator<std::_Rb_tree_node<std::pair<Position const, std::unordered_set<Creature*, std::hash<Creature*>, std::equal_to<Creature*>, std::allocator<Creature*> > > > >::allocate(unsigned long, void const*) () at /usr/include/c++/5/ext/new_allocator.h:104
2020-10-21 12:18:13 -  No locals.
2020-10-21 12:18:13 -  #4  std::allocator_traits<std::allocator<std::_Rb_tree_node<std::pair<Position const, std::unordered_set<Creature*, std::hash<Creature*>, std::equal_to<Creature*>, std::allocator<Creature*> > > > > >::allocate(std::allocator<std::_Rb_tree_node<std::pair<Position const, std::unordered_set<Creature*, std::hash<Creature*>, std::equal_to<Creature*>, std::allocator<Creature*> > > > >&, unsigned long) () at /usr/include/c++/5/bits/alloc_traits.h:491
2020-10-21 12:18:13 -  No locals.
2020-10-21 12:18:13 -  #5  std::_Rb_tree<Position, std::pair<Position const, std::unordered_set<Creature*, std::hash<Creature*>, std::equal_to<Creature*>, std::allocator<Creature*> > >, std::_Select1st<std::pair<Position const, std::unordered_set<Creature*, std::hash<Creature*>, std::equal_to<Creature*>, std::allocator<Creature*> > > >, std::less<Position>, std::allocator<std::pair<Position const, std::unordered_set<Creature*, std::hash<Creature*>, std::equal_to<Creature*>, std::allocator<Creature*> > > > >::_M_get_node() () at /usr/include/c++/5/bits/stl_tree.h:491
2020-10-21 12:18:13 -  No locals.
2020-10-21 12:18:13 -  #6  _M_create_node (__args#0=..., this=<optimized out>, __args#2=<optimized out>, __args#1=<optimized out>) at /usr/include/c++/5/bits/stl_tree.h:545
2020-10-21 12:18:13 -          __tmp = <optimized out>
2020-10-21 12:18:13 -  #7  _M_emplace_hint_unique (__args#0=..., __args#2=<optimized out>, __args#1=<optimized out>, __pos=..., this=<optimized out>) at /usr/include/c++/5/bits/stl_tree.h:2170
2020-10-21 12:18:13 -  No locals.
2020-10-21 12:18:13 -  #8  operator[] (__k=..., this=<optimized out>) at /usr/include/c++/5/bits/stl_map.h:483
2020-10-21 12:18:13 -          __i = <optimized out>
2020-10-21 12:18:13 -  #9  Map::getSpectators(std::unordered_set<Creature*, std::hash<Creature*>, std::equal_to<Creature*>, std::allocator<Creature*> >&, Position const&, bool, bool, int, int, int, int) [clone .part.262] [clone .constprop.962] (this=<optimized out>, spectators=..., centerPos=..., multifloor=multifloor@entry=true, onlyPlayers=onlyPlayers@entry=true, minRangeX=<optimized out>, minRangeX@entry=0, maxRangeX=<optimized out>, minRangeY=<optimized out>, maxRangeY=<optimized out>) at /home/otg/src/map.cpp:448
2020-10-21 12:18:13 -          minRangeZ = <optimized out>
2020-10-21 12:18:13 -          maxRangeZ = <optimized out>
2020-10-21 12:18:13 -          cacheResult = <optimized out>
2020-10-21 12:18:13 -  #10 0x00000000004e27a2 in Map::getSpectators(std::unordered_set<Creature*, std::hash<Creature*>, std::equal_to<Creature*>, std::allocator<Creature*> >&, Position const&, bool, bool, int, int, int, int) (this=<optimized out>, spectators=..., centerPos=..., multifloor=multifloor@entry=true, onlyPlayers=onlyPlayers@entry=true, minRangeX=minRangeX@entry=0, maxRangeX=0, minRangeY=0, maxRangeY=0) at /home/otg/src/map.cpp:363
2020-10-21 12:18:13 -  No locals.
2020-10-21 12:18:13 -  #11 0x000000000057e65e in Tile::postRemoveNotification(Thing*, Cylinder const*, int, cylinderlink_t) (this=0x7fff0c5000a0, thing=0x7fff0c500020, newParent=0x7fff0c5000a0, index=1) at /home/otg/src/tile.cpp:1404
2020-10-21 12:18:13 -          spectators = {_M_h = {_M_buckets = 0x7ffff3dbace0, _M_bucket_count = 1, _M_before_begin = {_M_nxt = 0x0}, _M_element_count = 0, _M_rehash_policy = {_M_max_load_factor = 1, _M_next_resize = 0}, _M_single_bucket = 0x0}}
2020-10-21 12:18:13 -          creature = <optimized out>
2020-10-21 12:18:13 -  #12 0x00000000005a17a4 in Game::transformItem(Item*, unsigned short, int) (this=this@entry=0x8e7760 <g_game>, item=item@entry=0x7fff0c500020, newId=1507, newCount=newCount@entry=-1) at /home/otg/src/game.cpp:1757
2020-10-21 12:18:13 -          currentDuration = 0
2020-10-21 12:18:13 -          itemId = <optimized out>
2020-10-21 12:18:13 -          count = <optimized out>
2020-10-21 12:18:13 -          cylinder = 0x7fff0c5000a0
2020-10-21 12:18:13 -          fromTile = 0x7fff0c5000a0
2020-10-21 12:18:13 -          itemIndex = 1
2020-10-21 12:18:13 -          newItem = 0x8e7be0 <g_game+1152>
2020-10-21 12:18:13 -          newType = <optimized out>
2020-10-21 12:18:13 -          curType = <optimized out>
2020-10-21 12:18:13 -          newCount = -1
2020-10-21 12:18:13 -          newId = <optimized out>
2020-10-21 12:18:13 -          item = 0x7fff0c500020
2020-10-21 12:18:14 -          this = 0x8e7760 <g_game>
2020-10-21 12:18:14 -  #13 0x00000000005b118a in Game::internalDecayItem(Item*) (this=0x8e7760 <g_game>, item=0x7fff0c500020) at /home/otg/src/game.cpp:4917
2020-10-21 12:18:14 -          player = 0x0
2020-10-21 12:18:14 -          newItem = <optimized out>
2020-10-21 12:18:14 -          it = @0x7ffff104f4f0: {group = ITEM_GROUP_MAGICFIELD, type = ITEM_TYPE_MAGICFIELD, id = 1506, clientId = 2137, stackable = false, isAnimation = true, name = <incomplete type>, article = <incomplete type>, pluralName = <incomplete type>, description = <incomplete type>, runeSpellName = <incomplete type>, vocationString = <incomplete type>, abilities = {_M_t = {<No data fields>}}, conditionDamage = {_M_t = {<No data fields>}}, weight = 0, levelDoor = 0, decayTime = 10, wieldInfo = 0, minReqLevel = 0, minReqMagicLevel = 0, charges = 0, maxHitChance = -1, decayTo = 1507, attack = 0, defense = 0, extraDefense = 0, armor = 0, imbuingSlots = 0, rotateTo = 0, runeMagLevel = 0, runeLevel = 0, wrapableTo = 0, unmoveabledItem = 0, combatType = COMBAT_FIREDAMAGE, transformToOnUse = {0, 0}, transformToFree = 0, destroyTo = 0, maxTextLen = 0, writeOnceItemId = 0, transformEquipTo = 0, transformDeEquipTo = 0, maxItems = 8, slotPosition = 48, speed = 0, wareId = 0, magicEffect = CONST_ME_NONE, bedPartnerDir = DIRECTION_NONE, quickLootCategory = LOOT_NONE, weaponType = WEAPON_NONE, ammoType = AMMO_NONE, shootType = CONST_ANI_NONE, corpseType = RACE_NONE, fluidSource = FLUID_NONE, floorChange = 0 '\000', alwaysOnTopOrder = 0 '\000', lightLevel = 7 '\a', lightColor = 203 '\313', shootRange = 1 '\001', hitChance = 0 '\000', forceUse = false, hasHeight = false, walkStack = true, blockSolid = false, blockPickupable = false, blockProjectile = false, blockPathFind = true, allowPickupable = false, showDuration = false, showCharges = false, showAttributes = false, replaceable = false, pickupable = false, rotatable = false, wrapable = false, wrapContainer = false, useable = false, moveable = false, alwaysOnTop = false, canReadText = false, canWriteText = false, isVertical = false, isHorizontal = false, isHangable = false, allowDistRead = false, lookThrough = false, stopTime = false, showCount = true}
2020-10-21 12:18:14 -  #14 0x00000000005b140b in Game::checkDecay() (this=0x8e7760 <g_game>) at /home/otg/src/game.cpp:4953
2020-10-21 12:18:14 -          item = 0x7fff0c500020
2020-10-21 12:18:14 -          duration = <optimized out>
2020-10-21 12:18:14 -          bucket = 0
2020-10-21 12:18:14 -          it = {_M_node = 0x7fff819093d0}
2020-10-21 12:18:14 -          end = {_M_node = 0x8e7be0 <g_game+1152>}
2020-10-21 12:18:14 -  #15 0x000000000055af2d in std::function<void ()>::operator()() const () at /usr/include/c++/5/functional:2267
2020-10-21 12:18:14 -          this = 0x7fff80ba8900
2020-10-21 12:18:14 -  #16 Task::operator()() () at /home/otg/src/tasks.h:42
2020-10-21 12:18:14 -          this = 0x7fff80ba88f0
2020-10-21 12:18:14 -  #17 Dispatcher::threadMain() (this=0x8e6ec0 <g_dispatcher>) at /home/otg/src/tasks.cpp:62
2020-10-21 12:18:14 -          task = 0x7fff80ba88f0
2020-10-21 12:18:14 -          taskLockUnique = {_M_device = 0x8e6ed8 <g_dispatcher+24>, _M_owns = false}
2020-10-21 12:18:14 -  #18 0x00007ffff5e79c80 in ?? () from /usr/lib/x86_64-linux-gnu/libstdc++.so.6
2020-10-21 12:18:14 -  No symbol table info available.
2020-10-21 12:18:14 -  #19 0x00007ffff614a6ba in start_thread (arg=0x7ffff3dbb700) at pthread_create.c:333
2020-10-21 12:18:14 -          __res = <optimized out>
2020-10-21 12:18:14 -          pd = 0x7ffff3dbb700
2020-10-21 12:18:14 -          now = <optimized out>
2020-10-21 12:18:14 -          unwind_buf = {cancel_jmp_buf = {{jmp_buf = {140737284650752, -7146837589016678815, 0, 140737488346847, 140737284651456, 9437376, 7146846073191951969, 7146853331463990881}, mask_was_saved = 0}}, priv = {pad = {0x0, 0x0, 0x0, 0x0}, data = {prev = 0x0, cleanup = 0x0, canceltype = 0}}}
2020-10-21 12:18:14 -          not_first_call = <optimized out>
2020-10-21 12:18:14 -          pagesize_m1 = <optimized out>
2020-10-21 12:18:14 -          sp = <optimized out>
2020-10-21 12:18:14 -          freesize = <optimized out>
2020-10-21 12:18:14 -          __PRETTY_FUNCTION__ = "start_thread"
2020-10-21 12:18:14 -  #20 0x00007ffff7b144dd in clone () at ../sysdeps/unix/sysv/linux/x86_64/clone.S:109
2020-10-21 12:18:14 -  No locals.
2020-10-21 12:18:14 -  
2020-10-21 12:18:14 -  Thread 1 (Thread 0x7ffff7fe6740 (LWP 30491)):
2020-10-21 12:18:14 -  #0  0x00007ffff7b14ad3 in epoll_wait () at ../sysdeps/unix/syscall-template.S:84
2020-10-21 12:18:14 -  No locals.
2020-10-21 12:18:14 -  #1  0x00000000005b70e7 in boost::asio::detail::epoll_reactor::run(bool, boost::asio::detail::op_queue<boost::asio::detail::task_io_service_operation>&) [clone .constprop.204] (this=0x901570, block=<optimized out>, ops=...) at /usr/include/boost/asio/detail/impl/epoll_reactor.ipp:392
2020-10-21 12:18:14 -          timeout = <optimized out>
2020-10-21 12:18:14 -          events = {{events = 1, data = {ptr = 0x9015c8, fd = 9442760, u32 = 9442760, u64 = 9442760}}, {events = 0, data = {ptr = 0x0, fd = 0, u32 = 0, u64 = 0}} <repeats 51 times>, {events = 11, data = {ptr = 0xa100000000, fd = 0, u32 = 0, u64 = 691489734656}}, {events = 0, data = {ptr = 0x0, fd = 0, u32 = 0, u64 = 0}}, {events = 0, data = {ptr = 0x0, fd = 0, u32 = 0, u64 = 0}}, {events = 0, data = {ptr = 0x0, fd = 0, u32 = 0, u64 = 0}}, {events = 0, data = {ptr = 0x0, fd = 0, u32 = 0, u64 = 0}}, {events = 0, data = {ptr = 0x0, fd = 0, u32 = 0, u64 = 0}}, {events = 4155593817, data = {ptr = 0x7fff, fd = 32767, u32 = 32767, u64 = 32767}}, {events = 0, data = {ptr = 0x5828f4 <boost::asio::detail::reactive_socket_recv_op_base<boost::asio::mutable_buffers_1>::do_perform(boost::asio::detail::reactor_op*)+228>, fd = 5777652, u32 = 5777652, u64 = 5777652}}, {events = 0, data = {ptr = 0x1000000, fd = 16777216, u32 = 16777216, u64 = 16777216}}, {events = 14, data = {ptr = 0x901e66, fd = 9444966, u32 = 9444966, u64 = 9444966}}, {events = 2, data = {ptr = 0x200000000, fd = 0, u32 = 0, u64 = 8589934592}}, {events = 0, data = {ptr = 0x5f905f43, fd = 1603297091, u32 = 1603297091, u64 = 1603297091}}, {events = 0, data = {ptr = 0x0, fd = 0, u32 = 0, u64 = 0}}, {events = 0, data = {ptr = 0x7fffffffdb80, fd = -9344, u32 = 4294957952, u64 = 140737488345984}}, {events = 1, data = {ptr = 0x0, fd = 0, u32 = 0, u64 = 0}}, {events = 0, data = {ptr = 0x0, fd = 0, u32 = 0, u64 = 0}}, {events = 0, data = {ptr = 0x901e4000000000, fd = 0, u32 = 0, u64 = 40565656873074688}}, {events = 0, data = {ptr = 0x7fff90264900, fd = -1876539136, u32 = 2418428160, u64 = 140735611816192}}, {events = 9444560, data = {ptr = 0x911f4800000000, fd = 0, u32 = 0, u64 = 40848265721151488}}, {events = 0, data = {ptr = 0x912138, fd = 9511224, u32 = 9511224, u64 = 9511224}}, {events = 14, data = {ptr = 0x5200000000, fd = 0, u32 = 0, u64 = 352187318272}}, {events = 0, data = {ptr = 0x901570, fd = 9442672, u32 = 9442672, u64 = 9442672}}, {events = 6449413, data = {ptr = 0x0, fd = 0, u32 = 0, u64 = 0}}, {events = 0, data = {ptr = 0xe, fd = 14, u32 = 14, u64 = 14}}, {events = 0, data = {ptr = 0x56f20000000000, fd = 0, u32 = 0, u64 = 24472929811038208}}, {events = 0, data = {ptr = 0x0, fd = 0, u32 = 0, u64 = 0}}, {events = 0, data = {ptr = 0xffffdc7000000000, fd = 0, u32 = 0, u64 = 18446704972327288832}}, {events = 32767, data = {ptr = 0x901cd0, fd = 9444560, u32 = 9444560, u64 = 9444560}}, {events = 9444560, data = {ptr = 0x91227000000000, fd = 0, u32 = 0, u64 = 40851736054726656}}, {events = 0, data = {ptr = 0x911f48, fd = 9510728, u32 = 9510728, u64 = 9510728}}, {events = 9444966, data = {ptr = 0x200000000, fd = 0, u32 = 0, u64 = 8589934592}}, {events = 0, data = {ptr = 0x7fff00000001, fd = 1, u32 = 1, u64 = 140733193388033}}, {events = 0, data = {ptr = 0x56f20000000000, fd = 0, u32 = 0, u64 = 24472929811038208}}, {events = 0, data = {ptr = 0x0, fd = 0, u32 = 0, u64 = 0}}, {events = 0, data = {ptr = 0x9223c800000000, fd = 0, u32 = 0, u64 = 41134688500187136}}, {events = 0, data = {ptr = 0x0, fd = 0, u32 = 0, u64 = 0}}, {events = 4128564479, data = {ptr = 0x91233000007fff, fd = 32767, u32 = 32767, u64 = 40852560688480255}}, {events = 0, data = {ptr = 0x7fffd47a1bb0, fd = -730195024, u32 = 3564772272, u64 = 140736758160304}}, {events = 3205824752, data = {ptr = 0x9223c800007fff, fd = 32767, u32 = 32767, u64 = 41134688500219903}}, {events = 0, data = {ptr = 0x7fffffffde78, fd = -8584, u32 = 4294958712, u64 = 140737488346744}}, {events = 0, data = {ptr = 0xf7a9158c00000000, fd = 0, u32 = 0, u64 = 17845818689471905792}}, {events = 32767, data = {ptr = 0x900090, fd = 9437328, u32 = 9437328, u64 = 9437328}}, {events = 4294958640, data = {ptr = 0x90009000007fff, fd = 32767, u32 = 32767, u64 = 40533015121657855}}, {events = 0, data = {ptr = 0x912330, fd = 9511728, u32 = 9511728, u64 = 9511728}}, {events = 22, data = {ptr = 0x91233000000000, fd = 0, u32 = 0, u64 = 40852560688447488}}, {events = 0, data = {ptr = 0x7fffd47a1bb0, fd = -730195024, u32 = 3564772272, u64 = 140736758160304}}, {events = 3205824752, data = {ptr = 0x9223c800007fff, fd = 32767, u32 = 32767, u64 = 41134688500219903}}, {events = 0, data = {ptr = 0x58a8b4 <Connection::onWriteOperation(boost::system::error_code const&)+260>, fd = 5810356, u32 = 5810356, u64 = 5810356}}, {events = 0, data = {ptr = 0xf71e50e000000000, fd = 0, u32 = 0, u64 = 17806758899672416256}}, {events = 32767, data = {ptr = 0xffffde30, fd = -8656, u32 = 4294958640, u64 = 4294958640}}, {events = 22, data = {ptr = 0x0, fd = 0, u32 = 0, u64 = 0}}, {events = 0, data = {ptr = 0x0, fd = 0, u32 = 0, u64 = 0}}, {events = 4294958640, data = {ptr = 0x58574500007fff, fd = 32767, u32 = 32767, u64 = 24865751814930431}}, {events = 0, data = {ptr = 0x10, fd = 16, u32 = 16, u64 = 16}}, {events = 4155593817, data = {ptr = 0xffffde3000007fff, fd = 32767, u32 = 32767, u64 = 18446706896472670207}}, {events = 32767, data = {ptr = 0x0, fd = 0, u32 = 0, u64 = 0}}, {events = 0, data = {ptr = 0x0, fd = 0, u32 = 0, u64 = 0}}, {events = 14, data = {ptr = 0x911f48, fd = 9510728, u32 = 9510728, u64 = 9510728}}, {events = 4294958720, data = {ptr = 0x90009000007fff, fd = 32767, u32 = 32767, u64 = 40533015121657855}}, {events = 0, data = {ptr = 0x0, fd = 0, u32 = 0, u64 = 0}}, {events = 0, data = {ptr = 0x9000c000000000, fd = 0, u32 = 0, u64 = 40533221280055296}}, {events = 0, data = {ptr = 0x0, fd = 0, u32 = 0, u64 = 0}}, {events = 4155053452, data = {ptr = 0x901e4000007fff, fd = 32767, u32 = 32767, u64 = 40565656873107455}}, {events = 0, data = {ptr = 0x0, fd = 0, u32 = 0, u64 = 0}}, {events = 4145959136, data = {ptr = 0x58a73100007fff, fd = 32767, u32 = 32767, u64 = 24953626845806591}}, {events = 0, data = {ptr = 0x7fff902a6110, fd = -1876270832, u32 = 2418696464, u64 = 140735612084496}}, {events = 4294958720, data = {ptr = 0x90009000007fff, fd = 32767, u32 = 32767, u64 = 40533015121657855}}, {events = 0, data = {ptr = 0x7fffffffde80, fd = -8576, u32 = 4294958720, u64 = 140737488346752}}, {events = 9437328, data = {ptr = 0x58646e00000000, fd = 0, u32 = 0, u64 = 24880221559717888}}, {events = 0, data = {ptr = 0x912330, fd = 9511728, u32 = 9511728, u64 = 9511728}}, {events = 9511712, data = {ptr = 0xffffde8000000000, fd = 0, u32 = 0, u64 = 18446707240070021120}}, {events = 32767, data = {ptr = 0x0, fd = 0, u32 = 0, u64 = 0}}, {events = 0, data = {ptr = 0x0, fd = 0, u32 = 0, u64 = 0}}, {events = 0, data = {ptr = 0x58a720 <Connection::handleTimeout(std::weak_ptr<Connection>, boost::system::error_code const&)>, fd = 5809952, u32 = 5809952, u64 = 5809952}}, {events = 9511728, data = {ptr = 0x91232000000000, fd = 0, u32 = 0, u64 = 40852491968970752}}, {events = 0, data = {ptr = 0x7fff0000007d, fd = 125, u32 = 125, u64 = 140733193388157}}}
2020-10-21 12:18:14 -          num_events = <optimized out>
2020-10-21 12:18:14 -          check_timers = <optimized out>
2020-10-21 12:18:14 -  #2  0x000000000055dcd3 in do_run_one (ec=..., this_thread=..., lock=<synthetic pointer>, this=0x900090) at /usr/include/boost/asio/detail/impl/task_io_service.ipp:356
2020-10-21 12:18:14 -          more_handlers = <optimized out>
2020-10-21 12:18:14 -  #3  run (ec=..., this=0x900090) at /usr/include/boost/asio/detail/impl/task_io_service.ipp:149
2020-10-21 12:18:14 -          this_thread = {private_op_queue = {front_ = 0x0, back_ = 0x0}, private_outstanding_work = 0}
2020-10-21 12:18:14 -          ctx = {key_ = 0x900090, value_ = 0x7fffffffdf40, next_ = 0x0}
2020-10-21 12:18:14 -          lock = {mutex_ = @0x9000c0, locked_ = <optimized out>}
2020-10-21 12:18:14 -          n = 1299
2020-10-21 12:18:14 -  #4  _ZN5boost4asio10io_service3runEv.isra.226 () at /usr/include/boost/asio/impl/io_service.ipp:59
2020-10-21 12:18:14 -          ec = {m_val = 0, m_cat = 0x7ffff71e50e0}
2020-10-21 12:18:14 -  #5  ServiceManager::run() (this=this@entry=0x7fffffffdff0) at /home/otg/src/server.cpp:47
2020-10-21 12:18:14 -  No locals.
2020-10-21 12:18:14 -  #6  0x0000000000474c46 in main (argc=1, argv=0x7fffffffe1b8) at /home/otg/src/otserv.cpp:96
2020-10-21 12:18:14 -          serviceManager = {acceptors = {_M_h = {_M_buckets = 0x7fff91d3d740, _M_bucket_count = 5, _M_before_begin = {_M_nxt = 0x7fff902a61e0}, _M_element_count = 2, _M_rehash_policy = {_M_max_load_factor = 1, _M_next_resize = 5}, _M_single_bucket = 0x0}}, io_service = {service_registry_ = 0x900040, impl_ = @0x900090}, signals = {set = {<No data fields>}}, death_timer = {<No data fields>}, running = true}
2020-10-21 12:18:14 -  funcao onLogin
2020-10-21 12:18:14 -  Saving server...
2020-10-21 12:18:14 -  > Saved house items in: 0.244 s
2020-10-21 12:18:14 -  A debugging session is active.
2020-10-21 12:18:14 -  
2020-10-21 12:18:14 -  	Inferior 1 [process 30491] will be killed.
2020-10-21 12:18:14 -  
2020-10-21 12:18:14 -  Quit anyway? (y or n) [answered Y; input not from terminal]
