2020-10-19 17:06:13 -  [Thread debugging using libthread_db enabled]
2020-10-19 17:06:13 -  Using host libthread_db library "/lib/x86_64-linux-gnu/libthread_db.so.1".
2020-10-19 17:06:13 -  [New Thread 0x7ffff3dbb700 (LWP 24602)]
2020-10-19 17:06:13 -  [New Thread 0x7ffff35ba700 (LWP 24603)]
2020-10-19 17:06:13 -  The OTG-Premium-Version - Version: (1.3)
2020-10-19 17:06:13 -  Compiled with: GNU C++ version 5.4.0 20160609
2020-10-19 17:06:13 -  Compiled on Sep 17 2020 19:49:36 for platform x64
2020-10-19 17:06:13 -  
2020-10-19 17:06:13 -  Special Credits for: OTG Team, Johncore, Vankk, Erick Nunes, Leonardo Pereira, Leandro Baldissera, Talis, Marcomoa, Marson Schneider, Douglas, Mark Samman, OTXServer (Mattyx Gomez) and The Forgotten Server Developers.
2020-10-19 17:06:13 -  Link of repository: https://github.com/Johncorex/OTG-Premium-Version
2020-10-19 17:06:13 -  
2020-10-19 17:06:13 -  >> Loading config: config.lua
2020-10-19 17:06:13 -  >> Establishing database connection... MySQL 5.7.31
2020-10-19 17:06:13 -  >> Running database manager
2020-10-19 17:06:13 -  [New Thread 0x7ffff2ba7700 (LWP 24604)]
2020-10-19 17:06:13 -  > No tables were optimized.
2020-10-19 17:06:13 -  >> Loading vocations
2020-10-19 17:06:13 -  >> Loading items
2020-10-19 17:06:13 -  >> Loading script systems
2020-10-19 17:06:13 -  >> Loading lua libs
2020-10-19 17:06:14 -  [Warning - Event::checkScript] Can not load script: scripts/expboostaction.lua
2020-10-19 17:06:14 -  cannot open data/actions/scripts/expboostaction.lua: No such file or directory
2020-10-19 17:06:15 -  >> Loading lua scripts
2020-10-19 17:06:15 -  >> Loading monsters
2020-10-19 17:06:15 -  >> Loading lua monsters
2020-10-19 17:06:15 -  >> Loading outfits
2020-10-19 17:06:15 -  >> Loading prey data
2020-10-19 17:06:15 -  >> Checking world type... PVP
2020-10-19 17:06:15 -  >> Loading map
2020-10-19 17:06:17 -  > Map size: 34143x33812.
2020-10-19 17:06:23 -  > Map loading time: 7.416 seconds.
2020-10-19 17:06:57 -  > Loaded house items in: 0.055 s
2020-10-19 17:06:57 -  >> Initializing gamestate
2020-10-19 17:07:01 -  >> Loaded 43 npcs and spawned 72708 monsters.
2020-10-19 17:07:01 -  >> Loaded 27 towns with 1074 houses in total.
2020-10-19 17:07:01 -  [Castle War]
2020-10-19 17:07:01 -  [POWERGAMERS]
2020-10-19 17:07:01 -  [SISTEMA DE LOTERIA] OPERANTE
2020-10-19 17:07:01 -  Advanced NPC spawn system | All NPCs will be loaded trough lib.
2020-10-19 17:07:01 -  [REGEN BOOST] CARREGADO
2020-10-19 17:07:01 -  [SPOOF COUNTER]
2020-10-19 17:07:01 -  [STAMINA]
2020-10-19 17:07:01 -  warvariables
2020-10-19 17:07:01 -  Agenda:	20
2020-10-19 17:07:01 -  Agenda:	22
2020-10-19 17:07:01 -  Agenda:	0
2020-10-19 17:07:01 -  eu sou o checkWarmode... 17:07
2020-10-19 17:07:01 -  17	07	53
2020-10-19 17:07:01 -  >> Loaded all modules, server starting up...
2020-10-19 17:07:01 -  > Warning: OTG-Premium-Version has been executed as root user, please consider running it as a normal user.
2020-10-19 17:07:01 -  >> Honera Global Server Online!
2020-10-19 17:07:01 -  
2020-10-19 17:37:01 -  SABADOU!! NPC HONERA CRIADO
2020-10-19 17:37:01 -  Flash has logged in.
2020-10-19 17:37:06 -  Flash has logged out.
2020-10-19 17:37:08 -  Arrow has logged in.
2020-10-19 17:37:24 -  Dev Marson has logged in.
2020-10-19 17:37:29 -  
2020-10-19 17:37:29 -  Lua Script Error: [CreatureScript Interface] 
2020-10-19 17:37:29 -  data/creaturescripts/scripts/warmode.lua:onModalWindow
2020-10-19 17:37:29 -  data/creaturescripts/scripts/warmode.lua:422: attempt to index local 'opt' (a nil value)
2020-10-19 17:37:29 -  stack traceback:
2020-10-19 17:37:29 -  	[C]: in function '__index'
2020-10-19 17:37:29 -  	data/creaturescripts/scripts/warmode.lua:422: in function <data/creaturescripts/scripts/warmode.lua:1>
2020-10-19 17:37:58 -  aqui eu checkei o choiceID para atualizar o warmode temp5
2020-10-19 17:37:58 -  debug mode: for i = 1, 3 pegar o id: 93, fazer um select no banco pra pegar o nome onde contem o id: Cassiano, converter para o 
2020-10-19 17:37:58 -  false	93
2020-10-19 17:37:58 -  debug mode: for i = 1, 3 pegar o id: 141, fazer um select no banco pra pegar o nome onde contem o id: Dev Marson, converter para o 
2020-10-19 17:37:58 -  false	141
2020-10-19 17:37:58 -  debug mode: for i = 1, 3 pegar o id: 231, fazer um select no banco pra pegar o nome onde contem o id: Demonzin, converter para o 
2020-10-19 17:37:58 -  false	231
2020-10-19 17:37:58 -  aqui eu checkei o choiceID para atualizar o warmode temp1
2020-10-19 17:37:58 -  debug mode: for i = 1, 3 pegar o id: 93, fazer um select no banco pra pegar o nome onde contem o id: Cassiano, converter para o 
2020-10-19 17:37:58 -  93	93
2020-10-19 17:37:58 -  debug mode: for i = 1, 3 pegar o id: 141, fazer um select no banco pra pegar o nome onde contem o id: Dev Marson, converter para o 
2020-10-19 17:37:58 -  false	141
2020-10-19 17:37:58 -  debug mode: for i = 1, 3 pegar o id: 231, fazer um select no banco pra pegar o nome onde contem o id: Demonzin, converter para o 
2020-10-19 17:37:58 -  false	231
2020-10-19 17:37:58 -  aqui eu checkei o choiceID para atualizar o warmode temp2
2020-10-19 17:37:58 -  debug mode: for i = 1, 3 pegar o id: 93, fazer um select no banco pra pegar o nome onde contem o id: Cassiano, converter para o 
2020-10-19 17:37:58 -  93	93
2020-10-19 17:37:58 -  debug mode: for i = 1, 3 pegar o id: 141, fazer um select no banco pra pegar o nome onde contem o id: Dev Marson, converter para o 
2020-10-19 17:37:58 -  141	141
2020-10-19 17:37:58 -  debug mode: for i = 1, 3 pegar o id: 231, fazer um select no banco pra pegar o nome onde contem o id: Demonzin, converter para o 
2020-10-19 17:37:58 -  false	231
2020-10-19 17:37:58 -  aqui eu checkei o choiceID para atualizar o warmode temp3
2020-10-19 17:37:58 -  debug mode: for i = 1, 3 pegar o id: 93, fazer um select no banco pra pegar o nome onde contem o id: Cassiano, converter para o 
2020-10-19 17:37:58 -  93	93
2020-10-19 17:37:58 -  debug mode: for i = 1, 3 pegar o id: 141, fazer um select no banco pra pegar o nome onde contem o id: Dev Marson, converter para o 
2020-10-19 17:37:58 -  141	141
2020-10-19 17:37:58 -  debug mode: for i = 1, 3 pegar o id: 231, fazer um select no banco pra pegar o nome onde contem o id: Demonzin, converter para o 
2020-10-19 17:37:58 -  231	231
2020-10-19 17:37:58 -  aqui eu checkei o choiceID para atualizar o warmode temp255
2020-10-19 17:37:58 -  Arrow has logged out.
2020-10-19 17:37:59 -  Robalo has logged in.
2020-10-19 17:38:12 -  
2020-10-19 17:38:12 -  Lua Script Error: [CreatureScript Interface] 
2020-10-19 17:38:12 -  data/creaturescripts/scripts/warmode.lua:onModalWindow
2020-10-19 17:38:12 -  data/creaturescripts/scripts/warmode.lua:422: attempt to index local 'opt' (a nil value)
2020-10-19 17:38:12 -  stack traceback:
2020-10-19 17:38:12 -  	[C]: in function '__index'
2020-10-19 17:38:12 -  	data/creaturescripts/scripts/warmode.lua:422: in function <data/creaturescripts/scripts/warmode.lua:1>
2020-10-19 18:06:17 -  
2020-10-19 18:06:17 -  Thread 1 "tfs" received signal SIGINT, Interrupt.
2020-10-19 18:06:17 -  0x00007ffff7b14ad3 in epoll_wait () at ../sysdeps/unix/syscall-template.S:84
2020-10-19 18:06:17 -  84	../sysdeps/unix/syscall-template.S: No such file or directory.
2020-10-19 18:06:18 -  
2020-10-19 18:06:18 -  Thread 4 (Thread 0x7ffff2ba7700 (LWP 24604)):
2020-10-19 18:06:18 -  #0  pthread_cond_wait@@GLIBC_2.3.2 () at ../sysdeps/unix/sysv/linux/x86_64/pthread_cond_wait.S:185
2020-10-19 18:06:18 -  No locals.
2020-10-19 18:06:18 -  #1  0x00007ffff5e7491c in std::condition_variable::wait(std::unique_lock<std::mutex>&) () from /usr/lib/x86_64-linux-gnu/libstdc++.so.6
2020-10-19 18:06:18 -  No symbol table info available.
2020-10-19 18:06:18 -  #2  0x00000000006228bf in DatabaseTasks::threadMain() (this=0x8e39a0 <g_databaseTasks>) at /home/otg/src/databasetasks.cpp:42
2020-10-19 18:06:18 -          taskLockUnique = {_M_device = 0x8e3a08 <g_databaseTasks+104>, _M_owns = true}
2020-10-19 18:06:18 -  #3  0x00007ffff5e79c80 in ?? () from /usr/lib/x86_64-linux-gnu/libstdc++.so.6
2020-10-19 18:06:18 -  No symbol table info available.
2020-10-19 18:06:18 -  #4  0x00007ffff614a6ba in start_thread (arg=0x7ffff2ba7700) at pthread_create.c:333
2020-10-19 18:06:18 -          __res = <optimized out>
2020-10-19 18:06:18 -          pd = 0x7ffff2ba7700
2020-10-19 18:06:18 -          now = <optimized out>
2020-10-19 18:06:18 -          unwind_buf = {cancel_jmp_buf = {{jmp_buf = {140737265694464, -6451674378604835165, 0, 140737284647471, 140737265695168, 9334528, 6451662794529246883, 6451653291607527075}, mask_was_saved = 0}}, priv = {pad = {0x0, 0x0, 0x0, 0x0}, data = {prev = 0x0, cleanup = 0x0, canceltype = 0}}}
2020-10-19 18:06:18 -          not_first_call = <optimized out>
2020-10-19 18:06:18 -          pagesize_m1 = <optimized out>
2020-10-19 18:06:18 -          sp = <optimized out>
2020-10-19 18:06:18 -          freesize = <optimized out>
2020-10-19 18:06:18 -          __PRETTY_FUNCTION__ = "start_thread"
2020-10-19 18:06:18 -  #5  0x00007ffff7b144dd in clone () at ../sysdeps/unix/sysv/linux/x86_64/clone.S:109
2020-10-19 18:06:18 -  No locals.
2020-10-19 18:06:18 -  
2020-10-19 18:06:18 -  Thread 3 (Thread 0x7ffff35ba700 (LWP 24603)):
2020-10-19 18:06:18 -  #0  pthread_cond_timedwait@@GLIBC_2.3.2 () at ../sysdeps/unix/sysv/linux/x86_64/pthread_cond_timedwait.S:225
2020-10-19 18:06:18 -  No locals.
2020-10-19 18:06:18 -  #1  0x0000000000506210 in __gthread_cond_timedwait () at /usr/include/x86_64-linux-gnu/c++/5/bits/gthr-default.h:871
2020-10-19 18:06:18 -  No locals.
2020-10-19 18:06:18 -  #2  std::condition_variable::__wait_until_impl (__atime=..., __lock=..., this=0x8e6fa0 <g_scheduler+64>) at /usr/include/c++/5/condition_variable:165
2020-10-19 18:06:18 -          __ts = {tv_sec = 1603145177, tv_nsec = 957147722}
2020-10-19 18:06:18 -  #3  std::condition_variable::wait_until<std::chrono::duration<long, std::ratio<1l, 1000000000l> > > () at /usr/include/c++/5/condition_variable:105
2020-10-19 18:06:18 -          __lock = @0x7ffff35b9e90: {_M_device = 0x8e6f78 <g_scheduler+24>, _M_owns = true}
2020-10-19 18:06:18 -          this = 0x8e6fa0 <g_scheduler+64>
2020-10-19 18:06:18 -  #4  Scheduler::threadMain (this=0x8e6f60 <g_scheduler>) at /home/otg/src/scheduler.cpp:36
2020-10-19 18:06:18 -          ret = std::cv_status::no_timeout
2020-10-19 18:06:18 -          eventLockUnique = {_M_device = 0x8e6f78 <g_scheduler+24>, _M_owns = true}
2020-10-19 18:06:18 -  #5  0x00007ffff5e79c80 in ?? () from /usr/lib/x86_64-linux-gnu/libstdc++.so.6
2020-10-19 18:06:18 -  No symbol table info available.
2020-10-19 18:06:18 -  #6  0x00007ffff614a6ba in start_thread (arg=0x7ffff35ba700) at pthread_create.c:333
2020-10-19 18:06:18 -          __res = <optimized out>
2020-10-19 18:06:18 -          pd = 0x7ffff35ba700
2020-10-19 18:06:18 -          now = <optimized out>
2020-10-19 18:06:18 -          unwind_buf = {cancel_jmp_buf = {{jmp_buf = {140737276258048, -6451674378604835165, 0, 140737488346847, 140737276258752, 9437376, 6451664726727659171, 6451653291607527075}, mask_was_saved = 0}}, priv = {pad = {0x0, 0x0, 0x0, 0x0}, data = {prev = 0x0, cleanup = 0x0, canceltype = 0}}}
2020-10-19 18:06:18 -          not_first_call = <optimized out>
2020-10-19 18:06:18 -          pagesize_m1 = <optimized out>
2020-10-19 18:06:18 -          sp = <optimized out>
2020-10-19 18:06:18 -          freesize = <optimized out>
2020-10-19 18:06:18 -          __PRETTY_FUNCTION__ = "start_thread"
2020-10-19 18:06:18 -  #7  0x00007ffff7b144dd in clone () at ../sysdeps/unix/sysv/linux/x86_64/clone.S:109
2020-10-19 18:06:18 -  No locals.
2020-10-19 18:06:18 -  
2020-10-19 18:06:18 -  Thread 2 (Thread 0x7ffff3dbb700 (LWP 24602)):
2020-10-19 18:06:18 -  #0  pthread_cond_wait@@GLIBC_2.3.2 () at ../sysdeps/unix/sysv/linux/x86_64/pthread_cond_wait.S:185
2020-10-19 18:06:18 -  No locals.
2020-10-19 18:06:18 -  #1  0x00007ffff5e7491c in std::condition_variable::wait(std::unique_lock<std::mutex>&) () from /usr/lib/x86_64-linux-gnu/libstdc++.so.6
2020-10-19 18:06:18 -  No symbol table info available.
2020-10-19 18:06:18 -  #2  0x000000000055af7b in Dispatcher::threadMain() (this=0x8e6ec0 <g_dispatcher>) at /home/otg/src/tasks.cpp:50
2020-10-19 18:06:18 -          taskLockUnique = {_M_device = 0x8e6ed8 <g_dispatcher+24>, _M_owns = true}
2020-10-19 18:06:18 -  #3  0x00007ffff5e79c80 in ?? () from /usr/lib/x86_64-linux-gnu/libstdc++.so.6
2020-10-19 18:06:18 -  No symbol table info available.
2020-10-19 18:06:18 -  #4  0x00007ffff614a6ba in start_thread (arg=0x7ffff3dbb700) at pthread_create.c:333
2020-10-19 18:06:18 -          __res = <optimized out>
2020-10-19 18:06:18 -          pd = 0x7ffff3dbb700
2020-10-19 18:06:18 -          now = <optimized out>
2020-10-19 18:06:18 -          unwind_buf = {cancel_jmp_buf = {{jmp_buf = {140737284650752, -6451674378604835165, 0, 140737488346847, 140737284651456, 9437376, 6451665824628674211, 6451653291607527075}, mask_was_saved = 0}}, priv = {pad = {0x0, 0x0, 0x0, 0x0}, data = {prev = 0x0, cleanup = 0x0, canceltype = 0}}}
2020-10-19 18:06:18 -          not_first_call = <optimized out>
2020-10-19 18:06:18 -          pagesize_m1 = <optimized out>
2020-10-19 18:06:18 -          sp = <optimized out>
2020-10-19 18:06:18 -          freesize = <optimized out>
2020-10-19 18:06:18 -          __PRETTY_FUNCTION__ = "start_thread"
2020-10-19 18:06:18 -  #5  0x00007ffff7b144dd in clone () at ../sysdeps/unix/sysv/linux/x86_64/clone.S:109
2020-10-19 18:06:18 -  No locals.
2020-10-19 18:06:18 -  
2020-10-19 18:06:18 -  Thread 1 (Thread 0x7ffff7fe6740 (LWP 24598)):
2020-10-19 18:06:18 -  #0  0x00007ffff7b14ad3 in epoll_wait () at ../sysdeps/unix/syscall-template.S:84
2020-10-19 18:06:18 -  No locals.
2020-10-19 18:06:18 -  #1  0x00000000005b70e7 in boost::asio::detail::epoll_reactor::run(bool, boost::asio::detail::op_queue<boost::asio::detail::task_io_service_operation>&) [clone .constprop.204] (this=0x901570, block=<optimized out>, ops=...) at /usr/include/boost/asio/detail/impl/epoll_reactor.ipp:392
2020-10-19 18:06:18 -          timeout = <optimized out>
2020-10-19 18:06:18 -          events = {{events = 1, data = {ptr = 0x9015c8, fd = 9442760, u32 = 9442760, u64 = 9442760}}, {events = 4252816256, data = {ptr = 0xfd7cd38600007ffe, fd = 32766, u32 = 32766, u64 = 18265706761187000318}}, {events = 32766, data = {ptr = 0x7fffcc861420, fd = -863628256, u32 = 3431339040, u64 = 140736624727072}}, {events = 3431338920, data = {ptr = 0xcc8598c000007fff, fd = 32767, u32 = 32767, u64 = 14737353306040991743}}, {events = 32767, data = {ptr = 0x7ffefd7cd398, fd = -42151016, u32 = 4252816280, u64 = 140733151237016}}, {events = 4252816283, data = {ptr = 0xcc86138000007ffe, fd = 32766, u32 = 32766, u64 = 14737488271093301246}}, {events = 32767, data = {ptr = 0x7fffcc8613d0, fd = -863628336, u32 = 3431338960, u64 = 140736624726992}}, {events = 3431307456, data = {ptr = 0xfd7cd39e00007fff, fd = 32767, u32 = 32767, u64 = 18265706864266215423}}, {events = 32766, data = {ptr = 0x7ffefd7cd3a1, fd = -42151007, u32 = 4252816289, u64 = 140733151237025}}, {events = 3431338920, data = {ptr = 0xcc8613f800007fff, fd = 32767, u32 = 32767, u64 = 14737488786489376767}}, {events = 32767, data = {ptr = 0x7fffcc8598c0, fd = -863659840, u32 = 3431307456, u64 = 140736624695488}}, {events = 4252816292, data = {ptr = 0xfd7cd3a700007ffe, fd = 32766, u32 = 32766, u64 = 18265706902920921086}}, {events = 32766, data = {ptr = 0x7fffcc8613d0, fd = -863628336, u32 = 3431338960, u64 = 140736624726992}}, {events = 3431339040, data = {ptr = 0xcc8598c000007fff, fd = 32767, u32 = 32767, u64 = 14737353306040991743}}, {events = 32767, data = {ptr = 0x7ffefd7cd3ab, fd = -42150997, u32 = 4252816299, u64 = 140733151237035}}, {events = 4252816310, data = {ptr = 0xcc8613f800007ffe, fd = 32766, u32 = 32766, u64 = 14737488786489376766}}, {events = 32767, data = {ptr = 0x0, fd = 0, u32 = 0, u64 = 0}}, {events = 3431307457, data = {ptr = 0xfd7cd3c900007fff, fd = 32767, u32 = 32767, u64 = 18265707048949809151}}, {events = 32766, data = {ptr = 0x0, fd = 0, u32 = 0, u64 = 0}}, {events = 3911812904, data = {ptr = 0xcc86152800007fff, fd = 32767, u32 = 32767, u64 = 14737490092159434751}}, {events = 32767, data = {ptr = 0x7fffcc861158, fd = -863628968, u32 = 3431338328, u64 = 140736624726360}}, {events = 3431339832, data = {ptr = 0xcc86148800007fff, fd = 32767, u32 = 32767, u64 = 14737489404964667391}}, {events = 32767, data = {ptr = 0x7fffcc8598c0, fd = -863659840, u32 = 3431307456, u64 = 140736624695488}}, {events = 4252816335, data = {ptr = 0xfd7cd3d800007ffe, fd = 32766, u32 = 32766, u64 = 18265707113374318590}}, {events = 32766, data = {ptr = 0x7fffcc861500, fd = -863628032, u32 = 3431339264, u64 = 140736624727296}}, {events = 3431339184, data = {ptr = 0xcc8598c000007fff, fd = 32767, u32 = 32767, u64 = 14737353306040991743}}, {events = 32767, data = {ptr = 0x7ffefd7cd3df, fd = -42150945, u32 = 4252816351, u64 = 140733151237087}}, {events = 4252816360, data = {ptr = 0xcc86148800007ffe, fd = 32766, u32 = 32766, u64 = 14737489404964667390}}, {events = 32767, data = {ptr = 0x7fffcc8614d8, fd = -863628072, u32 = 3431339224, u64 = 140736624727256}}, {events = 3431307456, data = {ptr = 0xfd7cd3ef00007fff, fd = 32767, u32 = 32767, u64 = 18265707212158566399}}, {events = 32766, data = {ptr = 0x7ffefd7cd3f8, fd = -42150920, u32 = 4252816376, u64 = 140733151237112}}, {events = 3431339184, data = {ptr = 0xcc86150000007fff, fd = 32767, u32 = 32767, u64 = 14737489920360742911}}, {events = 32767, data = {ptr = 0x7fffcc8598c0, fd = -863659840, u32 = 3431307456, u64 = 140736624695488}}, {events = 4252816380, data = {ptr = 0xfd7cd40400007ffe, fd = 32766, u32 = 32766, u64 = 18265707302352879614}}, {events = 32766, data = {ptr = 0x7fffcc8614d8, fd = -863628072, u32 = 3431339224, u64 = 140736624727256}}, {events = 0, data = {ptr = 0xcc8598c100000000, fd = 0, u32 = 0, u64 = 14737353310335926272}}, {events = 32767, data = {ptr = 0x7ffefd7cd40b, fd = -42150901, u32 = 4252816395, u64 = 140733151237131}}, {events = 0, data = {ptr = 0xcc86144800000000, fd = 0, u32 = 0, u64 = 14737489130086727680}}, {events = 32767, data = {ptr = 0x0, fd = 0, u32 = 0, u64 = 0}}, {events = 3431339568, data = {ptr = 0xcc86163000007fff, fd = 32767, u32 = 32767, u64 = 14737491226030800895}}, {events = 32767, data = {ptr = 0x7fffcc861568, fd = -863627928, u32 = 3431339368, u64 = 140736624727400}}, {events = 3431307456, data = {ptr = 0xfd7cd41300007fff, fd = 32767, u32 = 32767, u64 = 18265707366777389055}}, {events = 32766, data = {ptr = 0x7ffefd7cd419, fd = -42150887, u32 = 4252816409, u64 = 140733151237145}}, {events = 3431339528, data = {ptr = 0xcc86159000007fff, fd = 32767, u32 = 32767, u64 = 14737490538836033535}}, {events = 32767, data = {ptr = 0x7fffcc8598c0, fd = -863659840, u32 = 3431307456, u64 = 140736624695488}}, {events = 4252816419, data = {ptr = 0xfd7cd42600007ffe, fd = 32766, u32 = 32766, u64 = 18265707448381767678}}, {events = 32766, data = {ptr = 0x7fffcc861568, fd = -863627928, u32 = 3431339368, u64 = 140736624727400}}, {events = 3431339448, data = {ptr = 0xcc8598c000007fff, fd = 32767, u32 = 32767, u64 = 14737353306040991743}}, {events = 32767, data = {ptr = 0x7ffefd7cd42a, fd = -42150870, u32 = 4252816426, u64 = 140733151237162}}, {events = 4252816429, data = {ptr = 0xcc86159000007ffe, fd = 32766, u32 = 32766, u64 = 14737490538836033534}}, {events = 32767, data = {ptr = 0x7fffcc8615e0, fd = -863627808, u32 = 3431339488, u64 = 140736624727520}}, {events = 3431307456, data = {ptr = 0xfd7cd43100007fff, fd = 32767, u32 = 32767, u64 = 18265707495626407935}}, {events = 11, data = {ptr = 0xa1fd7cd434, fd = -42150860, u32 = 4252816436, u64 = 695742551092}}, {events = 0, data = {ptr = 0xcc86160800007fff, fd = 32767, u32 = 32767, u64 = 14737491054232109055}}, {events = 32767, data = {ptr = 0x7fffcc8598c0, fd = -863659840, u32 = 3431307456, u64 = 140736624695488}}, {events = 4252816440, data = {ptr = 0xfd7cd44300007ffe, fd = 32766, u32 = 32766, u64 = 18265707572935819262}}, {events = 32766, data = {ptr = 0x7fffcc8615e0, fd = -863627808, u32 = 3431339488, u64 = 140736624727520}}, {events = 0, data = {ptr = 0xcc8598c100000000, fd = 0, u32 = 0, u64 = 14737353310335926272}}, {events = 4155593817, data = {ptr = 0x7fff, fd = 32767, u32 = 32767, u64 = 32767}}, {events = 0, data = {ptr = 0x5828f4 <boost::asio::detail::reactive_socket_recv_op_base<boost::asio::mutable_buffers_1>::do_perform(boost::asio::detail::reactor_op*)+228>, fd = 5777652, u32 = 5777652, u64 = 5777652}}, {events = 32767, data = {ptr = 0x1000000, fd = 16777216, u32 = 16777216, u64 = 16777216}}, {events = 13, data = {ptr = 0x922586, fd = 9577862, u32 = 9577862, u64 = 9577862}}, {events = 2, data = {ptr = 0x200000000, fd = 0, u32 = 0, u64 = 8589934592}}, {events = 0, data = {ptr = 0x5f8e0dd8, fd = 1603145176, u32 = 1603145176, u64 = 1603145176}}, {events = 0, data = {ptr = 0x0, fd = 0, u32 = 0, u64 = 0}}, {events = 0, data = {ptr = 0x7fffec000030, fd = -335544272, u32 = 3959423024, u64 = 140737152811056}}, {events = 4294958080, data = {ptr = 0xec00007000007fff, fd = 32767, u32 = 32767, u64 = 17005592673987362815}}, {events = 32767, data = {ptr = 0xffff800000002401, fd = 9217, u32 = 9217, u64 = 18446603336221205505}}, {events = 4294958079, data = {ptr = 0xf7a8d47e00007fff, fd = 32767, u32 = 32767, u64 = 17845747161086590975}}, {events = 32767, data = {ptr = 0x7fffc64080f0, fd = -968851216, u32 = 3326116080, u64 = 140736519504112}}, {events = 9444480, data = {ptr = 0x93266800000000, fd = 0, u32 = 0, u64 = 41419049694920704}}, {events = 0, data = {ptr = 0x912038, fd = 9510968, u32 = 9510968, u64 = 9510968}}, {events = 13, data = {ptr = 0x5200000000, fd = 0, u32 = 0, u64 = 352187318272}}, {events = 0, data = {ptr = 0x901570, fd = 9442672, u32 = 9442672, u64 = 9442672}}, {events = 6449413, data = {ptr = 0x7ffe00000000, fd = 0, u32 = 0, u64 = 140728898420736}}, {events = 3431339712, data = {ptr = 0x7fffa5603ea0, fd = -1520419168, u32 = 2774548128, u64 = 140735967936160}}, {events = 3959423008, data = {ptr = 0x1007000007fff, fd = 32767, u32 = 32767, u64 = 281956013080575}}, {events = 0, data = {ptr = 0x7fffa5613ec0, fd = -1520353600, u32 = 2774613696, u64 = 140735968001728}}, {events = 4294958712, data = {ptr = 0x5000007fff, fd = 32767, u32 = 32767, u64 = 343597416447}}, {events = 0, data = {ptr = 0x7ffff7a8d688 <_int_free+2344>, fd = -139929976, u32 = 4155037320, u64 = 140737348425352}}, {events = 9444480, data = {ptr = 0x2000000000000, fd = 0, u32 = 0, u64 = 562949953421312}}, {events = 0, data = {ptr = 0x932668, fd = 9643624, u32 = 9643624, u64 = 9643624}}, {events = 9577862, data = {ptr = 0x200000000, fd = 0, u32 = 0, u64 = 8589934592}}, {events = 0, data = {ptr = 0x7fff00000001, fd = 1, u32 = 1, u64 = 140733193388033}}, {events = 0, data = {ptr = 0x100000000, fd = 0, u32 = 0, u64 = 4294967296}}, {events = 0, data = {ptr = 0x0, fd = 0, u32 = 0, u64 = 0}}, {events = 0, data = {ptr = 0x0, fd = 0, u32 = 0, u64 = 0}}, {events = 0, data = {ptr = 0x932588, fd = 9643400, u32 = 9643400, u64 = 9643400}}, {events = 5809952, data = {ptr = 0x92257000000000, fd = 0, u32 = 0, u64 = 41136509566320640}}, {events = 0, data = {ptr = 0x7fffa5603eb0, fd = -1520419152, u32 = 2774548144, u64 = 140735967936176}}, {events = 4005304096, data = {ptr = 0x93260800007fff, fd = 32767, u32 = 32767, u64 = 41418637378093055}}, {events = 0, data = {ptr = 0x7fffffffde78, fd = -8584, u32 = 4294958712, u64 = 140737488346744}}, {events = 0, data = {ptr = 0xf7a9158c00000000, fd = 0, u32 = 0, u64 = 17845818689471905792}}, {events = 32767, data = {ptr = 0x900090, fd = 9437328, u32 = 9437328, u64 = 9437328}}, {events = 4294958640, data = {ptr = 0x90009000007fff, fd = 32767, u32 = 32767, u64 = 40533015121657855}}, {events = 0, data = {ptr = 0x922570, fd = 9577840, u32 = 9577840, u64 = 9577840}}, {events = 22, data = {ptr = 0x92257000000000, fd = 0, u32 = 0, u64 = 41136509566320640}}, {events = 0, data = {ptr = 0x7fffa5603eb0, fd = -1520419152, u32 = 2774548144, u64 = 140735967936176}}, {events = 4005304096, data = {ptr = 0x93260800007fff, fd = 32767, u32 = 32767, u64 = 41418637378093055}}, {events = 0, data = {ptr = 0x58a8b4 <Connection::onWriteOperation(boost::system::error_code const&)+260>, fd = 5810356, u32 = 5810356, u64 = 5810356}}, {events = 0, data = {ptr = 0xf71e50e000000000, fd = 0, u32 = 0, u64 = 17806758899672416256}}, {events = 32767, data = {ptr = 0xffffde30, fd = -8656, u32 = 4294958640, u64 = 4294958640}}, {events = 22, data = {ptr = 0x0, fd = 0, u32 = 0, u64 = 0}}, {events = 0, data = {ptr = 0x0, fd = 0, u32 = 0, u64 = 0}}, {events = 4294958640, data = {ptr = 0x58574500007fff, fd = 32767, u32 = 32767, u64 = 24865751814930431}}, {events = 0, data = {ptr = 0xf, fd = 15, u32 = 15, u64 = 15}}, {events = 4155593817, data = {ptr = 0xffffde3000007fff, fd = 32767, u32 = 32767, u64 = 18446706896472670207}}, {events = 32767, data = {ptr = 0x0, fd = 0, u32 = 0, u64 = 0}}, {events = 0, data = {ptr = 0x0, fd = 0, u32 = 0, u64 = 0}}, {events = 13, data = {ptr = 0x932668, fd = 9643624, u32 = 9643624, u64 = 9643624}}, {events = 4294958720, data = {ptr = 0x90009000007fff, fd = 32767, u32 = 32767, u64 = 40533015121657855}}, {events = 0, data = {ptr = 0x0, fd = 0, u32 = 0, u64 = 0}}, {events = 0, data = {ptr = 0x9000c000000000, fd = 0, u32 = 0, u64 = 40533221280055296}}, {events = 0, data = {ptr = 0x0, fd = 0, u32 = 0, u64 = 0}}, {events = 4155053452, data = {ptr = 0x92256000007fff, fd = 32767, u32 = 32767, u64 = 41136440846876671}}, {events = 0, data = {ptr = 0x0, fd = 0, u32 = 0, u64 = 0}}, {events = 4145959136, data = {ptr = 0x58a73100007fff, fd = 32767, u32 = 32767, u64 = 24953626845806591}}, {events = 0, data = {ptr = 0x7fffc622fea0, fd = -970785120, u32 = 3324182176, u64 = 140736517570208}}, {events = 4294958720, data = {ptr = 0x90009000007fff, fd = 32767, u32 = 32767, u64 = 40533015121657855}}, {events = 0, data = {ptr = 0x7fffffffde80, fd = -8576, u32 = 4294958720, u64 = 140737488346752}}, {events = 9437328, data = {ptr = 0x58646e00000000, fd = 0, u32 = 0, u64 = 24880221559717888}}, {events = 0, data = {ptr = 0x922570, fd = 9577840, u32 = 9577840, u64 = 9577840}}, {events = 9577824, data = {ptr = 0xffffde8000000000, fd = 0, u32 = 0, u64 = 18446707240070021120}}, {events = 32767, data = {ptr = 0x0, fd = 0, u32 = 0, u64 = 0}}, {events = 0, data = {ptr = 0x0, fd = 0, u32 = 0, u64 = 0}}, {events = 0, data = {ptr = 0x58a720 <Connection::handleTimeout(std::weak_ptr<Connection>, boost::system::error_code const&)>, fd = 5809952, u32 = 5809952, u64 = 5809952}}, {events = 9577840, data = {ptr = 0x92256000000000, fd = 0, u32 = 0, u64 = 41136440846843904}}, {events = 0, data = {ptr = 0x207374720000007d, fd = 125, u32 = 125, u64 = 2338340664510513277}}}
2020-10-19 18:06:18 -          num_events = <optimized out>
2020-10-19 18:06:18 -          check_timers = <optimized out>
2020-10-19 18:06:18 -  #2  0x000000000055dcd3 in do_run_one (ec=..., this_thread=..., lock=<synthetic pointer>, this=0x900090) at /usr/include/boost/asio/detail/impl/task_io_service.ipp:356
2020-10-19 18:06:18 -          more_handlers = <optimized out>
2020-10-19 18:06:18 -  #3  run (ec=..., this=0x900090) at /usr/include/boost/asio/detail/impl/task_io_service.ipp:149
2020-10-19 18:06:18 -          this_thread = {private_op_queue = {front_ = 0x0, back_ = 0x0}, private_outstanding_work = 0}
2020-10-19 18:06:18 -          ctx = {key_ = 0x900090, value_ = 0x7fffffffdf40, next_ = 0x0}
2020-10-19 18:06:18 -          lock = {mutex_ = @0x9000c0, locked_ = <optimized out>}
2020-10-19 18:06:18 -          n = 16999
2020-10-19 18:06:18 -  #4  _ZN5boost4asio10io_service3runEv.isra.226 () at /usr/include/boost/asio/impl/io_service.ipp:59
2020-10-19 18:06:18 -          ec = {m_val = 0, m_cat = 0x7ffff71e50e0}
2020-10-19 18:06:18 -  #5  ServiceManager::run() (this=this@entry=0x7fffffffdff0) at /home/otg/src/server.cpp:47
2020-10-19 18:06:18 -  No locals.
2020-10-19 18:06:18 -  #6  0x0000000000474c46 in main (argc=1, argv=0x7fffffffe1b8) at /home/otg/src/otserv.cpp:96
2020-10-19 18:06:18 -          serviceManager = {acceptors = {_M_h = {_M_buckets = 0x7fffc6282d40, _M_bucket_count = 5, _M_before_begin = {_M_nxt = 0x7fffc6282d10}, _M_element_count = 2, _M_rehash_policy = {_M_max_load_factor = 1, _M_next_resize = 5}, _M_single_bucket = 0x0}}, io_service = {service_registry_ = 0x900040, impl_ = @0x900090}, signals = {set = {<No data fields>}}, death_timer = {<No data fields>}, running = true}
2020-10-19 18:06:18 -  [Castle War votacao aberta]
2020-10-19 18:06:18 -  > Broadcasted message: "[Castle War]: Foi iniciada a votação para decidir o objetivo do castelo que abre em alguns minutos. Use !castle1 para votar no objetivo (Dominar o castelo por mais tempo). Use !castle2 para votar no objetivo (Ultimo que dominar o castelo). Caso não haja votações, o objetivo será aleatorio.".
2020-10-19 18:06:18 -  > Broadcasted message: "[CastleWar] Atencao, O CASTELO esta aberto para batalha, junte-se com sua guild e  conquiste-o. O castelo encerra em 1 hora. Resultado das votacoes: First: 0 Second: 1 Resultado: (Ultimo a Dominar o castelo) foi escolhido".
2020-10-19 18:06:18 -  castleWar Encerrado
2020-10-19 18:06:18 -  eu sou o checkWarmode... 18:00
2020-10-19 18:06:18 -  Saving server...
2020-10-19 18:06:19 -  > Saved house items in: 0.355 s
2020-10-19 18:06:19 -  A debugging session is active.
2020-10-19 18:06:19 -  
2020-10-19 18:06:19 -  	Inferior 1 [process 24598] will be killed.
2020-10-19 18:06:19 -  
2020-10-19 18:06:19 -  Quit anyway? (y or n) [answered Y; input not from terminal]
