2020-10-05 13:28:16 -  [Thread debugging using libthread_db enabled]
2020-10-05 13:28:16 -  Using host libthread_db library "/lib/x86_64-linux-gnu/libthread_db.so.1".
2020-10-05 13:28:16 -  [New Thread 0x7ffff3dbb700 (LWP 4884)]
2020-10-05 13:28:16 -  [New Thread 0x7ffff35ba700 (LWP 4885)]
2020-10-05 13:28:16 -  The OTG-Premium-Version - Version: (1.3)
2020-10-05 13:28:16 -  Compiled with: GNU C++ version 5.4.0 20160609
2020-10-05 13:28:16 -  Compiled on Sep 17 2020 19:49:36 for platform x64
2020-10-05 13:28:16 -  
2020-10-05 13:28:16 -  Special Credits for: OTG Team, Johncore, Vankk, Erick Nunes, Leonardo Pereira, Leandro Baldissera, Talis, Marcomoa, Marson Schneider, Douglas, Mark Samman, OTXServer (Mattyx Gomez) and The Forgotten Server Developers.
2020-10-05 13:28:16 -  Link of repository: https://github.com/Johncorex/OTG-Premium-Version
2020-10-05 13:28:16 -  
2020-10-05 13:28:16 -  >> Loading config: config.lua
2020-10-05 13:28:16 -  >> Establishing database connection... MySQL 5.7.31
2020-10-05 13:28:16 -  >> Running database manager
2020-10-05 13:28:16 -  [New Thread 0x7ffff2ba7700 (LWP 4886)]
2020-10-05 13:28:16 -  > Optimizing table players_online... [success]
2020-10-05 13:28:16 -  > Optimizing table tile_store... [success]
2020-10-05 13:28:16 -  >> Loading vocations
2020-10-05 13:28:16 -  >> Loading items
2020-10-05 13:28:16 -  >> Loading script systems
2020-10-05 13:28:16 -  >> Loading lua libs
2020-10-05 13:28:16 -  [Warning - Event::checkScript] Can not load script: scripts/expboostaction.lua
2020-10-05 13:28:16 -  cannot open data/actions/scripts/expboostaction.lua: No such file or directory
2020-10-05 13:28:17 -  >> Loading lua scripts
2020-10-05 13:28:17 -  >> Loading monsters
2020-10-05 13:28:17 -  >> Loading lua monsters
2020-10-05 13:28:17 -  >> Loading outfits
2020-10-05 13:28:17 -  >> Loading prey data
2020-10-05 13:28:18 -  >> Checking world type... PVP
2020-10-05 13:28:18 -  >> Loading map
2020-10-05 13:28:19 -  > Map size: 34143x33812.
2020-10-05 13:28:26 -  > Map loading time: 7.97 seconds.
2020-10-05 13:29:01 -  > Loaded house items in: 0.035 s
2020-10-05 13:29:01 -  >> Initializing gamestate
2020-10-05 13:29:04 -  >> Loaded 43 npcs and spawned 72496 monsters.
2020-10-05 13:29:04 -  >> Loaded 27 towns with 1074 houses in total.
2020-10-05 13:29:04 -  [Castle War]
2020-10-05 13:29:04 -  [POWERGAMERS]
2020-10-05 13:29:04 -  [SISTEMA DE LOTERIA] OPERANTE
2020-10-05 13:29:04 -  Advanced NPC spawn system | All NPCs will be loaded trough lib.
2020-10-05 13:29:04 -  [REGEN BOOST] CARREGADO
2020-10-05 13:29:04 -  [SPOOF COUNTER]
2020-10-05 13:29:04 -  [STAMINA]
2020-10-05 13:29:04 -  >> Loaded all modules, server starting up...
2020-10-05 13:29:04 -  > Warning: OTG-Premium-Version has been executed as root user, please consider running it as a normal user.
2020-10-05 13:29:04 -  >> Honera Global Server Online!
2020-10-05 13:29:04 -  
2020-10-05 13:29:05 -  Midas has logged in.
2020-10-05 13:29:05 -  Top Spin has logged in.
2020-10-05 13:29:05 -  Scooby Doo has logged in.
2020-10-05 13:29:05 -  Robalo has logged in.
2020-10-05 13:29:05 -  Arrow has logged in.
2020-10-05 13:29:05 -  Jackie Chan has logged in.
2020-10-05 13:29:07 -  SABADOU!! NPC HONERA CRIADO
2020-10-05 13:29:07 -  Dev Marson has logged in.
2020-10-05 13:29:07 -  Nobre Cavalheiro has logged in.
2020-10-05 13:29:07 -  Yostknot has logged in.
2020-10-05 13:29:15 -  Flash has logged in.
2020-10-05 13:31:02 -  MAILSYSTEM Dev Marson
2020-10-05 13:31:02 -  Dev Marson has logged out.
2020-10-05 13:31:03 -  Dev Marson has logged in.
2020-10-05 13:46:50 -  
2020-10-05 13:46:50 -  Thread 2 "tfs" received signal SIGSEGV, Segmentation fault.
2020-10-05 13:46:50 -  [Switching to Thread 0x7ffff3dbb700 (LWP 4884)]
2020-10-05 13:46:50 -  0x00000000005e7ce5 in Item::getHoldingPlayer() const (this=this@entry=0x7fffee05cab0) at /home/otg/src/item.cpp:379
2020-10-05 13:46:50 -  379			if (p->getCreature()) {
2020-10-05 13:46:50 -  
2020-10-05 13:46:50 -  Thread 4 (Thread 0x7ffff2ba7700 (LWP 4886)):
2020-10-05 13:46:50 -  #0  pthread_cond_wait@@GLIBC_2.3.2 () at ../sysdeps/unix/sysv/linux/x86_64/pthread_cond_wait.S:185
2020-10-05 13:46:50 -  No locals.
2020-10-05 13:46:50 -  #1  0x00007ffff5e7491c in std::condition_variable::wait(std::unique_lock<std::mutex>&) () from /usr/lib/x86_64-linux-gnu/libstdc++.so.6
2020-10-05 13:46:50 -  No symbol table info available.
2020-10-05 13:46:50 -  #2  0x00000000006228bf in DatabaseTasks::threadMain() (this=0x8e39a0 <g_databaseTasks>) at /home/otg/src/databasetasks.cpp:42
2020-10-05 13:46:50 -          taskLockUnique = {_M_device = 0x8e3a08 <g_databaseTasks+104>, _M_owns = true}
2020-10-05 13:46:50 -  #3  0x00007ffff5e79c80 in ?? () from /usr/lib/x86_64-linux-gnu/libstdc++.so.6
2020-10-05 13:46:50 -  No symbol table info available.
2020-10-05 13:46:50 -  #4  0x00007ffff614a6ba in start_thread (arg=0x7ffff2ba7700) at pthread_create.c:333
2020-10-05 13:46:50 -          __res = <optimized out>
2020-10-05 13:46:50 -          pd = 0x7ffff2ba7700
2020-10-05 13:46:50 -          now = <optimized out>
2020-10-05 13:46:50 -          unwind_buf = {cancel_jmp_buf = {{jmp_buf = {140737265694464, 485337058736189264, 0, 140737284647471, 140737265695168, 9334528, -485361751067611312, -485351565776408752}, mask_was_saved = 0}}, priv = {pad = {0x0, 0x0, 0x0, 0x0}, data = {prev = 0x0, cleanup = 0x0, canceltype = 0}}}
2020-10-05 13:46:50 -          not_first_call = <optimized out>
2020-10-05 13:46:50 -          pagesize_m1 = <optimized out>
2020-10-05 13:46:50 -          sp = <optimized out>
2020-10-05 13:46:50 -          freesize = <optimized out>
2020-10-05 13:46:50 -          __PRETTY_FUNCTION__ = "start_thread"
2020-10-05 13:46:50 -  #5  0x00007ffff7b144dd in clone () at ../sysdeps/unix/sysv/linux/x86_64/clone.S:109
2020-10-05 13:46:50 -  No locals.
2020-10-05 13:46:50 -  
2020-10-05 13:46:50 -  Thread 3 (Thread 0x7ffff35ba700 (LWP 4885)):
2020-10-05 13:46:50 -  #0  pthread_cond_timedwait@@GLIBC_2.3.2 () at ../sysdeps/unix/sysv/linux/x86_64/pthread_cond_timedwait.S:225
2020-10-05 13:46:50 -  No locals.
2020-10-05 13:46:50 -  #1  0x0000000000506210 in __gthread_cond_timedwait () at /usr/include/x86_64-linux-gnu/c++/5/bits/gthr-default.h:871
2020-10-05 13:46:50 -  No locals.
2020-10-05 13:46:50 -  #2  std::condition_variable::__wait_until_impl (__atime=..., __lock=..., this=0x8e6fa0 <g_scheduler+64>) at /usr/include/c++/5/condition_variable:165
2020-10-05 13:46:50 -          __ts = {tv_sec = 1601920010, tv_nsec = 632717375}
2020-10-05 13:46:50 -  #3  std::condition_variable::wait_until<std::chrono::duration<long, std::ratio<1l, 1000000000l> > > () at /usr/include/c++/5/condition_variable:105
2020-10-05 13:46:50 -          __lock = @0x7ffff35b9e90: {_M_device = 0x8e6f78 <g_scheduler+24>, _M_owns = true}
2020-10-05 13:46:50 -          this = 0x8e6fa0 <g_scheduler+64>
2020-10-05 13:46:50 -  #4  Scheduler::threadMain (this=0x8e6f60 <g_scheduler>) at /home/otg/src/scheduler.cpp:36
2020-10-05 13:46:50 -          ret = std::cv_status::no_timeout
2020-10-05 13:46:50 -          eventLockUnique = {_M_device = 0x8e6f78 <g_scheduler+24>, _M_owns = true}
2020-10-05 13:46:50 -  #5  0x00007ffff5e79c80 in ?? () from /usr/lib/x86_64-linux-gnu/libstdc++.so.6
2020-10-05 13:46:50 -  No symbol table info available.
2020-10-05 13:46:50 -  #6  0x00007ffff614a6ba in start_thread (arg=0x7ffff35ba700) at pthread_create.c:333
2020-10-05 13:46:50 -          __res = <optimized out>
2020-10-05 13:46:50 -          pd = 0x7ffff35ba700
2020-10-05 13:46:50 -          now = <optimized out>
2020-10-05 13:46:50 -          unwind_buf = {cancel_jmp_buf = {{jmp_buf = {140737276258048, 485337058736189264, 0, 140737488346847, 140737276258752, 9437376, -485362035072323760, -485351565776408752}, mask_was_saved = 0}}, priv = {pad = {0x0, 0x0, 0x0, 0x0}, data = {prev = 0x0, cleanup = 0x0, canceltype = 0}}}
2020-10-05 13:46:50 -          not_first_call = <optimized out>
2020-10-05 13:46:50 -          pagesize_m1 = <optimized out>
2020-10-05 13:46:50 -          sp = <optimized out>
2020-10-05 13:46:50 -          freesize = <optimized out>
2020-10-05 13:46:50 -          __PRETTY_FUNCTION__ = "start_thread"
2020-10-05 13:46:50 -  #7  0x00007ffff7b144dd in clone () at ../sysdeps/unix/sysv/linux/x86_64/clone.S:109
2020-10-05 13:46:50 -  No locals.
2020-10-05 13:46:50 -  
2020-10-05 13:46:50 -  Thread 2 (Thread 0x7ffff3dbb700 (LWP 4884)):
2020-10-05 13:46:50 -  #0  0x00000000005e7ce5 in Item::getHoldingPlayer() const (this=this@entry=0x7fffee05cab0) at /home/otg/src/item.cpp:379
2020-10-05 13:46:51 -          p = 0x7fffee487188
2020-10-05 13:46:51 -  #1  0x00000000005b1060 in Game::internalDecayItem(Item*) (this=0x8e7760 <g_game>, item=0x7fffee05cab0) at /home/otg/src/game.cpp:4882
2020-10-05 13:46:51 -          player = <optimized out>
2020-10-05 13:46:51 -          newItem = <optimized out>
2020-10-05 13:46:51 -          it = @0x7ffff10c4d30: {group = ITEM_GROUP_NONE, type = ITEM_TYPE_NONE, id = 2814, clientId = 3995, stackable = false, isAnimation = false, name = <incomplete type>, article = <incomplete type>, pluralName = <incomplete type>, description = <incomplete type>, runeSpellName = <incomplete type>, vocationString = <incomplete type>, abilities = {_M_t = {<No data fields>}}, conditionDamage = {_M_t = {<No data fields>}}, weight = 4400, levelDoor = 0, decayTime = 300, wieldInfo = 0, minReqLevel = 0, minReqMagicLevel = 0, charges = 0, maxHitChance = -1, decayTo = 2815, attack = 0, defense = 0, extraDefense = 0, armor = 0, imbuingSlots = 0, rotateTo = 0, runeMagLevel = 0, runeLevel = 0, wrapableTo = 0, unmoveabledItem = 0, combatType = COMBAT_NONE, transformToOnUse = {0, 0}, transformToFree = 0, destroyTo = 0, maxTextLen = 0, writeOnceItemId = 0, transformEquipTo = 0, transformDeEquipTo = 0, maxItems = 10, slotPosition = 48, speed = 0, wareId = 0, magicEffect = CONST_ME_NONE, bedPartnerDir = DIRECTION_NONE, quickLootCategory = LOOT_NONE, weaponType = WEAPON_NONE, ammoType = AMMO_NONE, shootType = CONST_ANI_NONE, corpseType = RACE_BLOOD, fluidSource = FLUID_NONE, floorChange = 0 '\000', alwaysOnTopOrder = 0 '\000', lightLevel = 0 '\000', lightColor = 0 '\000', shootRange = 1 '\001', hitChance = 0 '\000', forceUse = false, hasHeight = false, walkStack = true, blockSolid = false, blockPickupable = false, blockProjectile = false, blockPathFind = false, allowPickupable = false, showDuration = false, showCharges = false, showAttributes = false, replaceable = true, pickupable = true, rotatable = false, wrapable = false, wrapContainer = false, useable = false, moveable = true, alwaysOnTop = false, canReadText = false, canWriteText = false, isVertical = false, isHorizontal = false, isHangable = false, allowDistRead = false, lookThrough = false, stopTime = false, showCount = true}
2020-10-05 13:46:51 -  #2  0x00000000005b140b in Game::checkDecay() (this=0x8e7760 <g_game>) at /home/otg/src/game.cpp:4953
2020-10-05 13:46:51 -          item = 0x7fffee05cab0
2020-10-05 13:46:51 -          duration = <optimized out>
2020-10-05 13:46:51 -          bucket = 0
2020-10-05 13:46:51 -          it = {_M_node = 0x7fff683d43a0}
2020-10-05 13:46:51 -          end = {_M_node = 0x8e7be0 <g_game+1152>}
2020-10-05 13:46:51 -  #3  0x000000000055af2d in std::function<void ()>::operator()() const () at /usr/include/c++/5/functional:2267
2020-10-05 13:46:51 -          this = 0x7fffe9abaa70
2020-10-05 13:46:51 -  #4  Task::operator()() () at /home/otg/src/tasks.h:42
2020-10-05 13:46:51 -          this = 0x7fffe9abaa60
2020-10-05 13:46:51 -  #5  Dispatcher::threadMain() (this=0x8e6ec0 <g_dispatcher>) at /home/otg/src/tasks.cpp:62
2020-10-05 13:46:51 -          task = 0x7fffe9abaa60
2020-10-05 13:46:51 -          taskLockUnique = {_M_device = 0x8e6ed8 <g_dispatcher+24>, _M_owns = false}
2020-10-05 13:46:51 -  #6  0x00007ffff5e79c80 in ?? () from /usr/lib/x86_64-linux-gnu/libstdc++.so.6
2020-10-05 13:46:51 -  No symbol table info available.
2020-10-05 13:46:51 -  #7  0x00007ffff614a6ba in start_thread (arg=0x7ffff3dbb700) at pthread_create.c:333
2020-10-05 13:46:51 -          __res = <optimized out>
2020-10-05 13:46:51 -          pd = 0x7ffff3dbb700
2020-10-05 13:46:51 -          now = <optimized out>
2020-10-05 13:46:51 -          unwind_buf = {cancel_jmp_buf = {{jmp_buf = {140737284650752, 485337058736189264, 0, 140737488346847, 140737284651456, 9437376, -485363136194564272, -485351565776408752}, mask_was_saved = 0}}, priv = {pad = {0x0, 0x0, 0x0, 0x0}, data = {prev = 0x0, cleanup = 0x0, canceltype = 0}}}
2020-10-05 13:46:51 -          not_first_call = <optimized out>
2020-10-05 13:46:51 -          pagesize_m1 = <optimized out>
2020-10-05 13:46:51 -          sp = <optimized out>
2020-10-05 13:46:51 -          freesize = <optimized out>
2020-10-05 13:46:51 -          __PRETTY_FUNCTION__ = "start_thread"
2020-10-05 13:46:51 -  #8  0x00007ffff7b144dd in clone () at ../sysdeps/unix/sysv/linux/x86_64/clone.S:109
2020-10-05 13:46:51 -  No locals.
2020-10-05 13:46:51 -  
2020-10-05 13:46:51 -  Thread 1 (Thread 0x7ffff7fe6740 (LWP 4880)):
2020-10-05 13:46:51 -  #0  0x00007ffff7b14ad3 in epoll_wait () at ../sysdeps/unix/syscall-template.S:84
2020-10-05 13:46:51 -  No locals.
2020-10-05 13:46:51 -  #1  0x00000000005b70e7 in boost::asio::detail::epoll_reactor::run(bool, boost::asio::detail::op_queue<boost::asio::detail::task_io_service_operation>&) [clone .constprop.204] (this=0x901570, block=<optimized out>, ops=...) at /usr/include/boost/asio/detail/impl/epoll_reactor.ipp:392
2020-10-05 13:46:51 -          timeout = <optimized out>
2020-10-05 13:46:51 -          events = {{events = 0, data = {ptr = 0x0, fd = 0, u32 = 0, u64 = 0}} <repeats 52 times>, {events = 11, data = {ptr = 0xa100000000, fd = 0, u32 = 0, u64 = 691489734656}}, {events = 0, data = {ptr = 0x933500, fd = 9647360, u32 = 9647360, u64 = 9647360}}, {events = 0, data = {ptr = 0x0, fd = 0, u32 = 0, u64 = 0}}, {events = 0, data = {ptr = 0xc597a01000000000, fd = 0, u32 = 0, u64 = 14238024737535033344}}, {events = 9329, data = {ptr = 0xffffdb8fffff8000, fd = -32768, u32 = 4294934528, u64 = 18446704010254581760}}, {events = 32767, data = {ptr = 0x2, fd = 2, u32 = 2, u64 = 2}}, {events = 4155593817, data = {ptr = 0x7fff, fd = 32767, u32 = 32767, u64 = 32767}}, {events = 0, data = {ptr = 0x5828f4 <boost::asio::detail::reactive_socket_recv_op_base<boost::asio::mutable_buffers_1>::do_perform(boost::asio::detail::reactor_op*)+228>, fd = 5777652, u32 = 5777652, u64 = 5777652}}, {events = 91, data = {ptr = 0x100006e, fd = 16777326, u32 = 16777326, u64 = 16777326}}, {events = 18, data = {ptr = 0x9b7ad6, fd = 10189526, u32 = 10189526, u64 = 10189526}}, {events = 2, data = {ptr = 0x200000000, fd = 0, u32 = 0, u64 = 8589934592}}, {events = 0, data = {ptr = 0x5f7b5c0a, fd = 1601920010, u32 = 1601920010, u64 = 1601920010}}, {events = 0, data = {ptr = 0x0, fd = 0, u32 = 0, u64 = 0}}, {events = 0, data = {ptr = 0x7fffffffdb80, fd = -9344, u32 = 4294957952, u64 = 140737488345984}}, {events = 1, data = {ptr = 0x0, fd = 0, u32 = 0, u64 = 0}}, {events = 0, data = {ptr = 0x0, fd = 0, u32 = 0, u64 = 0}}, {events = 0, data = {ptr = 0x9b7ab000000000, fd = 0, u32 = 0, u64 = 43763517722984448}}, {events = 0, data = {ptr = 0x7fffd6202f90, fd = -702533744, u32 = 3592433552, u64 = 140736785821584}}, {events = 9647152, data = {ptr = 0x9c7bb800000000, fd = 0, u32 = 0, u64 = 44046126571061248}}, {events = 0, data = {ptr = 0x932b78, fd = 9644920, u32 = 9644920, u64 = 9644920}}, {events = 18, data = {ptr = 0x5200000000, fd = 0, u32 = 0, u64 = 352187318272}}, {events = 0, data = {ptr = 0x901570, fd = 9442672, u32 = 9442672, u64 = 9442672}}, {events = 6449413, data = {ptr = 0x0, fd = 0, u32 = 0, u64 = 0}}, {events = 0, data = {ptr = 0x12, fd = 18, u32 = 18, u64 = 18}}, {events = 0, data = {ptr = 0x56f20000000000, fd = 0, u32 = 0, u64 = 24472929811038208}}, {events = 0, data = {ptr = 0x0, fd = 0, u32 = 0, u64 = 0}}, {events = 0, data = {ptr = 0xffffdc7000000000, fd = 0, u32 = 0, u64 = 18446704972327288832}}, {events = 32767, data = {ptr = 0x933430, fd = 9647152, u32 = 9647152, u64 = 9647152}}, {events = 9647152, data = {ptr = 0x3ca8b55000000000, fd = 0, u32 = 0, u64 = 4370942793565077504}}, {events = 32767, data = {ptr = 0x9c7bb8, fd = 10255288, u32 = 10255288, u64 = 10255288}}, {events = 10189526, data = {ptr = 0x200000000, fd = 0, u32 = 0, u64 = 8589934592}}, {events = 0, data = {ptr = 0x7fff00000001, fd = 1, u32 = 1, u64 = 140733193388033}}, {events = 0, data = {ptr = 0x56f20000000000, fd = 0, u32 = 0, u64 = 24472929811038208}}, {events = 0, data = {ptr = 0x0, fd = 0, u32 = 0, u64 = 0}}, {events = 0, data = {ptr = 0x0, fd = 0, u32 = 0, u64 = 0}}, {events = 0, data = {ptr = 0x9c7ad8, fd = 10255064, u32 = 10255064, u64 = 10255064}}, {events = 5809952, data = {ptr = 0x9b7ac000000000, fd = 0, u32 = 0, u64 = 43763586442461184}}, {events = 0, data = {ptr = 0x9c7b58, fd = 10255192, u32 = 10255192, u64 = 10255192}}, {events = 10189488, data = {ptr = 0x46e96000000000, fd = 0, u32 = 0, u64 = 19959846895878144}}, {events = 0, data = {ptr = 0x7fffffffdd20, fd = -8928, u32 = 4294958368, u64 = 140737488346400}}, {events = 0, data = {ptr = 0x56e94e00000000, fd = 0, u32 = 0, u64 = 24463369213837312}}, {events = 0, data = {ptr = 0x900090, fd = 9437328, u32 = 9437328, u64 = 9437328}}, {events = 0, data = {ptr = 0x9b7ad600000000, fd = 0, u32 = 0, u64 = 43763680931741696}}, {events = 0, data = {ptr = 0x2, fd = 2, u32 = 2, u64 = 2}}, {events = 5698048, data = {ptr = 0x0, fd = 0, u32 = 0, u64 = 0}}, {events = 0, data = {ptr = 0x0, fd = 0, u32 = 0, u64 = 0}}, {events = 0, data = {ptr = 0x0, fd = 0, u32 = 0, u64 = 0}}, {events = 0, data = {ptr = 0x7fffffffde30, fd = -8656, u32 = 4294958640, u64 = 140737488346672}}, {events = 9437328, data = {ptr = 0xc00000000, fd = 0, u32 = 0, u64 = 51539607552}}, {events = 0, data = {ptr = 0x0, fd = 0, u32 = 0, u64 = 0}}, {events = 9437376, data = {ptr = 0xffffde3000000000, fd = 0, u32 = 0, u64 = 18446706896472637440}}, {events = 32767, data = {ptr = 0x585e35 <boost::asio::detail::reactive_socket_recv_op<boost::asio::mutable_buffers_1, boost::asio::detail::read_op<boost::asio::basic_stream_socket<boost::asio::ip::tcp, boost::asio::stream_socket_service<boost::asio::ip::tcp> >, boost::asio::mutable_buffers_1, boost::asio::detail::transfer_all_t, std::_Bind<std::_Mem_fn<void (Connection::*)(boost::system::error_code const&)> (std::shared_ptr<Connection>, std::_Placeholder<1>)> > >::do_complete(boost::asio::detail::task_io_service*, boost::asio::detail::task_io_service_operation*, boost::system::error_code const&, unsigned long)+373>, fd = 5791285, u32 = 5791285, u64 = 5791285}}, {events = 4294958640, data = {ptr = 0x58574500007fff, fd = 32767, u32 = 32767, u64 = 24865751814930431}}, {events = 0, data = {ptr = 0x46e960 <__pthread_key_create@plt>, fd = 4647264, u32 = 4647264, u64 = 4647264}}, {events = 4155593817, data = {ptr = 0xffffde3000007fff, fd = 32767, u32 = 32767, u64 = 18446706896472670207}}, {events = 32767, data = {ptr = 0x0, fd = 0, u32 = 0, u64 = 0}}, {events = 0, data = {ptr = 0x0, fd = 0, u32 = 0, u64 = 0}}, {events = 18, data = {ptr = 0x9c7bb8, fd = 10255288, u32 = 10255288, u64 = 10255288}}, {events = 10189526, data = {ptr = 0x200000000, fd = 0, u32 = 0, u64 = 8589934592}}, {events = 0, data = {ptr = 0x0, fd = 0, u32 = 0, u64 = 0}}, {events = 2, data = {ptr = 0x56f20000000000, fd = 0, u32 = 0, u64 = 24472929811038208}}, {events = 0, data = {ptr = 0x0, fd = 0, u32 = 0, u64 = 0}}, {events = 10189504, data = {ptr = 0x9b7ab000000000, fd = 0, u32 = 0, u64 = 43763517722984448}}, {events = 0, data = {ptr = 0x0, fd = 0, u32 = 0, u64 = 0}}, {events = 4145959136, data = {ptr = 0x58a73100007fff, fd = 32767, u32 = 32767, u64 = 24953626845806591}}, {events = 0, data = {ptr = 0x7fffccefd780, fd = -856696960, u32 = 3438270336, u64 = 140736631658368}}, {events = 0, data = {ptr = 0x9c7bb800000000, fd = 0, u32 = 0, u64 = 44046126571061248}}, {events = 0, data = {ptr = 0x7fffffffde80, fd = -8576, u32 = 4294958720, u64 = 140737488346752}}, {events = 9437328, data = {ptr = 0x58646e00000000, fd = 0, u32 = 0, u64 = 24880221559717888}}, {events = 0, data = {ptr = 0x9b7ac0, fd = 10189504, u32 = 10189504, u64 = 10189504}}, {events = 10189488, data = {ptr = 0xffffde8000000000, fd = 0, u32 = 0, u64 = 18446707240070021120}}, {events = 32767, data = {ptr = 0x0, fd = 0, u32 = 0, u64 = 0}}, {events = 0, data = {ptr = 0x0, fd = 0, u32 = 0, u64 = 0}}, {events = 0, data = {ptr = 0x58a720 <Connection::handleTimeout(std::weak_ptr<Connection>, boost::system::error_code const&)>, fd = 5809952, u32 = 5809952, u64 = 5809952}}, {events = 10189504, data = {ptr = 0x9b7ab000000000, fd = 0, u32 = 0, u64 = 43763517722984448}}, {events = 0, data = {ptr = 0x7d, fd = 125, u32 = 125, u64 = 125}}}
2020-10-05 13:46:51 -          num_events = <optimized out>
2020-10-05 13:46:51 -          check_timers = <optimized out>
2020-10-05 13:46:51 -  #2  0x000000000055dcd3 in do_run_one (ec=..., this_thread=..., lock=<synthetic pointer>, this=0x900090) at /usr/include/boost/asio/detail/impl/task_io_service.ipp:356
2020-10-05 13:46:51 -          more_handlers = <optimized out>
2020-10-05 13:46:51 -  #3  run (ec=..., this=0x900090) at /usr/include/boost/asio/detail/impl/task_io_service.ipp:149
2020-10-05 13:46:51 -          this_thread = {private_op_queue = {front_ = 0x0, back_ = 0x0}, private_outstanding_work = 0}
2020-10-05 13:46:51 -          ctx = {key_ = 0x900090, value_ = 0x7fffffffdf40, next_ = 0x0}
2020-10-05 13:46:51 -          lock = {mutex_ = @0x9000c0, locked_ = <optimized out>}
2020-10-05 13:46:51 -          n = 129862
2020-10-05 13:46:51 -  #4  _ZN5boost4asio10io_service3runEv.isra.226 () at /usr/include/boost/asio/impl/io_service.ipp:59
2020-10-05 13:46:51 -          ec = {m_val = 0, m_cat = 0x7ffff71e50e0}
2020-10-05 13:46:51 -  #5  ServiceManager::run() (this=this@entry=0x7fffffffdff0) at /home/otg/src/server.cpp:47
2020-10-05 13:46:51 -  No locals.
2020-10-05 13:46:51 -  #6  0x0000000000474c46 in main (argc=1, argv=0x7fffffffe1b8) at /home/otg/src/otserv.cpp:96
2020-10-05 13:46:51 -          serviceManager = {acceptors = {_M_h = {_M_buckets = 0x7fffcee07680, _M_bucket_count = 5, _M_before_begin = {_M_nxt = 0x7fffcf516670}, _M_element_count = 2, _M_rehash_policy = {_M_max_load_factor = 1, _M_next_resize = 5}, _M_single_bucket = 0x0}}, io_service = {service_registry_ = 0x900040, impl_ = @0x900090}, signals = {set = {<No data fields>}}, death_timer = {<No data fields>}, running = true}
2020-10-05 13:46:51 -  MAILSYSTEM Dev Marson
2020-10-05 13:46:51 -  Saving server...
2020-10-05 13:46:52 -  > Saved house items in: 0.447 s
2020-10-05 13:46:52 -  A debugging session is active.
2020-10-05 13:46:52 -  
2020-10-05 13:46:52 -  	Inferior 1 [process 4880] will be killed.
2020-10-05 13:46:52 -  
2020-10-05 13:46:52 -  Quit anyway? (y or n) [answered Y; input not from terminal]
