2020-10-14 12:41:51 -  [Thread debugging using libthread_db enabled]
2020-10-14 12:41:51 -  Using host libthread_db library "/lib/x86_64-linux-gnu/libthread_db.so.1".
2020-10-14 12:41:51 -  [New Thread 0x7ffff3dbb700 (LWP 7997)]
2020-10-14 12:41:51 -  [New Thread 0x7ffff35ba700 (LWP 7998)]
2020-10-14 12:41:51 -  The OTG-Premium-Version - Version: (1.3)
2020-10-14 12:41:51 -  Compiled with: GNU C++ version 5.4.0 20160609
2020-10-14 12:41:51 -  Compiled on Sep 17 2020 19:49:36 for platform x64
2020-10-14 12:41:51 -  
2020-10-14 12:41:51 -  Special Credits for: OTG Team, Johncore, Vankk, Erick Nunes, Leonardo Pereira, Leandro Baldissera, Talis, Marcomoa, Marson Schneider, Douglas, Mark Samman, OTXServer (Mattyx Gomez) and The Forgotten Server Developers.
2020-10-14 12:41:51 -  Link of repository: https://github.com/Johncorex/OTG-Premium-Version
2020-10-14 12:41:51 -  
2020-10-14 12:41:51 -  >> Loading config: config.lua
2020-10-14 12:41:51 -  >> Establishing database connection... MySQL 5.7.31
2020-10-14 12:41:51 -  >> Running database manager
2020-10-14 12:41:51 -  [New Thread 0x7ffff2ba7700 (LWP 7999)]
2020-10-14 12:41:51 -  > Optimizing table players_online... [success]
2020-10-14 12:41:52 -  > Optimizing table tile_store... [success]
2020-10-14 12:41:52 -  >> Loading vocations
2020-10-14 12:41:52 -  >> Loading items
2020-10-14 12:41:52 -  >> Loading script systems
2020-10-14 12:41:52 -  >> Loading lua libs
2020-10-14 12:41:52 -  [Warning - Event::checkScript] Can not load script: scripts/expboostaction.lua
2020-10-14 12:41:52 -  cannot open data/actions/scripts/expboostaction.lua: No such file or directory
2020-10-14 12:41:53 -  [Warning - Event::checkScript] Can not load script: scripts/warmode.lua
2020-10-14 12:41:53 -  data/creaturescripts/scripts/warmode.lua:47: '=' expected near '=='
2020-10-14 12:41:53 -  >> Loading lua scripts
2020-10-14 12:41:53 -  >> Loading monsters
2020-10-14 12:41:53 -  >> Loading lua monsters
2020-10-14 12:41:53 -  >> Loading outfits
2020-10-14 12:41:53 -  >> Loading prey data
2020-10-14 12:41:53 -  >> Checking world type... PVP
2020-10-14 12:41:53 -  >> Loading map
2020-10-14 12:41:55 -  > Map size: 34143x33812.
2020-10-14 12:42:01 -  > Map loading time: 7.717 seconds.
2020-10-14 12:42:33 -  > Loaded house items in: 0.081 s
2020-10-14 12:42:33 -  >> Initializing gamestate
2020-10-14 12:42:37 -  >> Loaded 43 npcs and spawned 72708 monsters.
2020-10-14 12:42:37 -  >> Loaded 27 towns with 1074 houses in total.
2020-10-14 12:42:37 -  [Castle War]
2020-10-14 12:42:37 -  [POWERGAMERS]
2020-10-14 12:42:37 -  [SISTEMA DE LOTERIA] OPERANTE
2020-10-14 12:42:37 -  Advanced NPC spawn system | All NPCs will be loaded trough lib.
2020-10-14 12:42:37 -  [REGEN BOOST] CARREGADO
2020-10-14 12:42:37 -  [SPOOF COUNTER]
2020-10-14 12:42:37 -  [STAMINA]
2020-10-14 12:42:37 -  >> Loaded all modules, server starting up...
2020-10-14 12:42:37 -  > Warning: OTG-Premium-Version has been executed as root user, please consider running it as a normal user.
2020-10-14 12:42:37 -  >> Honera Global Server Online!
2020-10-14 12:42:37 -  
2020-10-14 12:42:38 -  Dev Marson has logged in.
2020-10-14 12:43:49 -  SABADOU!! NPC HONERA CRIADO
2020-10-14 12:43:49 -  
2020-10-14 12:43:49 -  Lua Script Error: [CreatureScript Interface] 
2020-10-14 12:43:49 -  data/creaturescripts/scripts/warmode.lua:onModalWindow
2020-10-14 12:43:49 -  data/creaturescripts/scripts/warmode.lua:68: attempt to index a nil value
2020-10-14 12:43:49 -  stack traceback:
2020-10-14 12:43:49 -  	[C]: in function '__index'
2020-10-14 12:43:49 -  	data/creaturescripts/scripts/warmode.lua:68: in function <data/creaturescripts/scripts/warmode.lua:1>
2020-10-14 12:44:03 -  
2020-10-14 12:44:03 -  Lua Script Error: [CreatureScript Interface] 
2020-10-14 12:44:03 -  data/creaturescripts/scripts/warmode.lua:onModalWindow
2020-10-14 12:44:03 -  data/creaturescripts/scripts/warmode.lua:68: attempt to index a nil value
2020-10-14 12:44:03 -  stack traceback:
2020-10-14 12:44:03 -  	[C]: in function '__index'
2020-10-14 12:44:03 -  	data/creaturescripts/scripts/warmode.lua:68: in function <data/creaturescripts/scripts/warmode.lua:1>
2020-10-14 12:44:45 -  
2020-10-14 12:44:45 -  Lua Script Error: [CreatureScript Interface] 
2020-10-14 12:44:45 -  data/creaturescripts/scripts/warmode.lua:onModalWindow
2020-10-14 12:44:45 -  data/creaturescripts/scripts/warmode.lua:68: attempt to index a nil value
2020-10-14 12:44:45 -  stack traceback:
2020-10-14 12:44:45 -  	[C]: in function '__index'
2020-10-14 12:44:45 -  	data/creaturescripts/scripts/warmode.lua:68: in function <data/creaturescripts/scripts/warmode.lua:1>
2020-10-14 12:45:22 -  
2020-10-14 12:45:22 -  Thread 1 "tfs" received signal SIGINT, Interrupt.
2020-10-14 12:45:22 -  0x00007ffff7b14ad3 in epoll_wait () at ../sysdeps/unix/syscall-template.S:84
2020-10-14 12:45:22 -  84	../sysdeps/unix/syscall-template.S: No such file or directory.
2020-10-14 12:45:22 -  
2020-10-14 12:45:22 -  Thread 4 (Thread 0x7ffff2ba7700 (LWP 7999)):
2020-10-14 12:45:22 -  #0  pthread_cond_wait@@GLIBC_2.3.2 () at ../sysdeps/unix/sysv/linux/x86_64/pthread_cond_wait.S:185
2020-10-14 12:45:22 -  No locals.
2020-10-14 12:45:22 -  #1  0x00007ffff5e7491c in std::condition_variable::wait(std::unique_lock<std::mutex>&) () from /usr/lib/x86_64-linux-gnu/libstdc++.so.6
2020-10-14 12:45:23 -  No symbol table info available.
2020-10-14 12:45:23 -  #2  0x00000000006228bf in DatabaseTasks::threadMain() (this=0x8e39a0 <g_databaseTasks>) at /home/otg/src/databasetasks.cpp:42
2020-10-14 12:45:23 -          taskLockUnique = {_M_device = 0x8e3a08 <g_databaseTasks+104>, _M_owns = true}
2020-10-14 12:45:23 -  #3  0x00007ffff5e79c80 in ?? () from /usr/lib/x86_64-linux-gnu/libstdc++.so.6
2020-10-14 12:45:23 -  No symbol table info available.
2020-10-14 12:45:23 -  #4  0x00007ffff614a6ba in start_thread (arg=0x7ffff2ba7700) at pthread_create.c:333
2020-10-14 12:45:23 -          __res = <optimized out>
2020-10-14 12:45:23 -          pd = 0x7ffff2ba7700
2020-10-14 12:45:23 -          now = <optimized out>
2020-10-14 12:45:23 -          unwind_buf = {cancel_jmp_buf = {{jmp_buf = {140737265694464, 8208295374878242745, 0, 140737284647471, 140737265695168, 9334528, -8208271756308678727, -8208279751616137287}, mask_was_saved = 0}}, priv = {pad = {0x0, 0x0, 0x0, 0x0}, data = {prev = 0x0, cleanup = 0x0, canceltype = 0}}}
2020-10-14 12:45:23 -          not_first_call = <optimized out>
2020-10-14 12:45:23 -          pagesize_m1 = <optimized out>
2020-10-14 12:45:23 -          sp = <optimized out>
2020-10-14 12:45:23 -          freesize = <optimized out>
2020-10-14 12:45:23 -          __PRETTY_FUNCTION__ = "start_thread"
2020-10-14 12:45:23 -  #5  0x00007ffff7b144dd in clone () at ../sysdeps/unix/sysv/linux/x86_64/clone.S:109
2020-10-14 12:45:23 -  No locals.
2020-10-14 12:45:23 -  
2020-10-14 12:45:23 -  Thread 3 (Thread 0x7ffff35ba700 (LWP 7998)):
2020-10-14 12:45:23 -  #0  pthread_cond_timedwait@@GLIBC_2.3.2 () at ../sysdeps/unix/sysv/linux/x86_64/pthread_cond_timedwait.S:225
2020-10-14 12:45:23 -  No locals.
2020-10-14 12:45:23 -  #1  0x0000000000506210 in __gthread_cond_timedwait () at /usr/include/x86_64-linux-gnu/c++/5/bits/gthr-default.h:871
2020-10-14 12:45:23 -  No locals.
2020-10-14 12:45:23 -  #2  std::condition_variable::__wait_until_impl (__atime=..., __lock=..., this=0x8e6fa0 <g_scheduler+64>) at /usr/include/c++/5/condition_variable:165
2020-10-14 12:45:23 -          __ts = {tv_sec = 1602693922, tv_nsec = 817852133}
2020-10-14 12:45:23 -  #3  std::condition_variable::wait_until<std::chrono::duration<long, std::ratio<1l, 1000000000l> > > () at /usr/include/c++/5/condition_variable:105
2020-10-14 12:45:23 -          __lock = @0x7ffff35b9e90: {_M_device = 0x8e6f78 <g_scheduler+24>, _M_owns = true}
2020-10-14 12:45:23 -          this = 0x8e6fa0 <g_scheduler+64>
2020-10-14 12:45:23 -  #4  Scheduler::threadMain (this=0x8e6f60 <g_scheduler>) at /home/otg/src/scheduler.cpp:36
2020-10-14 12:45:23 -          ret = std::cv_status::no_timeout
2020-10-14 12:45:23 -          eventLockUnique = {_M_device = 0x8e6f78 <g_scheduler+24>, _M_owns = true}
2020-10-14 12:45:23 -  #5  0x00007ffff5e79c80 in ?? () from /usr/lib/x86_64-linux-gnu/libstdc++.so.6
2020-10-14 12:45:23 -  No symbol table info available.
2020-10-14 12:45:23 -  #6  0x00007ffff614a6ba in start_thread (arg=0x7ffff35ba700) at pthread_create.c:333
2020-10-14 12:45:23 -          __res = <optimized out>
2020-10-14 12:45:23 -          pd = 0x7ffff35ba700
2020-10-14 12:45:23 -          now = <optimized out>
2020-10-14 12:45:23 -          unwind_buf = {cancel_jmp_buf = {{jmp_buf = {140737276258048, 8208295374878242745, 0, 140737488346847, 140737276258752, 9437376, -8208268197391403079, -8208279751616137287}, mask_was_saved = 0}}, priv = {pad = {0x0, 0x0, 0x0, 0x0}, data = {prev = 0x0, cleanup = 0x0, canceltype = 0}}}
2020-10-14 12:45:23 -          not_first_call = <optimized out>
2020-10-14 12:45:23 -          pagesize_m1 = <optimized out>
2020-10-14 12:45:23 -          sp = <optimized out>
2020-10-14 12:45:23 -          freesize = <optimized out>
2020-10-14 12:45:23 -          __PRETTY_FUNCTION__ = "start_thread"
2020-10-14 12:45:23 -  #7  0x00007ffff7b144dd in clone () at ../sysdeps/unix/sysv/linux/x86_64/clone.S:109
2020-10-14 12:45:23 -  No locals.
2020-10-14 12:45:23 -  
2020-10-14 12:45:23 -  Thread 2 (Thread 0x7ffff3dbb700 (LWP 7997)):
2020-10-14 12:45:23 -  #0  pthread_cond_wait@@GLIBC_2.3.2 () at ../sysdeps/unix/sysv/linux/x86_64/pthread_cond_wait.S:185
2020-10-14 12:45:23 -  No locals.
2020-10-14 12:45:23 -  #1  0x00007ffff5e7491c in std::condition_variable::wait(std::unique_lock<std::mutex>&) () from /usr/lib/x86_64-linux-gnu/libstdc++.so.6
2020-10-14 12:45:23 -  No symbol table info available.
2020-10-14 12:45:23 -  #2  0x000000000055af7b in Dispatcher::threadMain() (this=0x8e6ec0 <g_dispatcher>) at /home/otg/src/tasks.cpp:50
2020-10-14 12:45:23 -          taskLockUnique = {_M_device = 0x8e6ed8 <g_dispatcher+24>, _M_owns = true}
2020-10-14 12:45:23 -  #3  0x00007ffff5e79c80 in ?? () from /usr/lib/x86_64-linux-gnu/libstdc++.so.6
2020-10-14 12:45:23 -  No symbol table info available.
2020-10-14 12:45:23 -  #4  0x00007ffff614a6ba in start_thread (arg=0x7ffff3dbb700) at pthread_create.c:333
2020-10-14 12:45:23 -          __res = <optimized out>
2020-10-14 12:45:23 -          pd = 0x7ffff3dbb700
2020-10-14 12:45:23 -          now = <optimized out>
2020-10-14 12:45:23 -          unwind_buf = {cancel_jmp_buf = {{jmp_buf = {140737284650752, 8208295374878242745, 0, 140737488346847, 140737284651456, 9437376, -8208269297439901767, -8208279751616137287}, mask_was_saved = 0}}, priv = {pad = {0x0, 0x0, 0x0, 0x0}, data = {prev = 0x0, cleanup = 0x0, canceltype = 0}}}
2020-10-14 12:45:23 -          not_first_call = <optimized out>
2020-10-14 12:45:23 -          pagesize_m1 = <optimized out>
2020-10-14 12:45:23 -          sp = <optimized out>
2020-10-14 12:45:23 -          freesize = <optimized out>
2020-10-14 12:45:23 -          __PRETTY_FUNCTION__ = "start_thread"
2020-10-14 12:45:23 -  #5  0x00007ffff7b144dd in clone () at ../sysdeps/unix/sysv/linux/x86_64/clone.S:109
2020-10-14 12:45:23 -  No locals.
2020-10-14 12:45:23 -  
2020-10-14 12:45:23 -  Thread 1 (Thread 0x7ffff7fe6740 (LWP 7993)):
2020-10-14 12:45:23 -  #0  0x00007ffff7b14ad3 in epoll_wait () at ../sysdeps/unix/syscall-template.S:84
2020-10-14 12:45:23 -  No locals.
2020-10-14 12:45:23 -  #1  0x00000000005b70e7 in boost::asio::detail::epoll_reactor::run(bool, boost::asio::detail::op_queue<boost::asio::detail::task_io_service_operation>&) [clone .constprop.204] (this=0x901570, block=<optimized out>, ops=...) at /usr/include/boost/asio/detail/impl/epoll_reactor.ipp:392
2020-10-14 12:45:23 -          timeout = <optimized out>
2020-10-14 12:45:24 -          events = {{events = 1, data = {ptr = 0x9015c8, fd = 9442760, u32 = 9442760, u64 = 9442760}}, {events = 2147470470, data = {ptr = 0x0, fd = 0, u32 = 0, u64 = 0}}, {events = 2562785280, data = {ptr = 0xd3c900007fffcc85, fd = 2147470469, u32 = 2147470469, u64 = 15260728814469106821}}, {events = 2147417468, data = {ptr = 0x0, fd = 0, u32 = 0, u64 = 0}}, {events = 2267545600, data = {ptr = 0x152800007fffe929, fd = 2147477801, u32 = 2147477801, u64 = 1524468476012390697}}, {events = 2147470470, data = {ptr = 0x7fffcc8611580000, fd = 290979840, u32 = 290979840, u64 = 9223315438066728960}}, {events = 389545984, data = {ptr = 0x148800007fffcc86, fd = 2147470470, u32 = 2147470470, u64 = 1479432479738678406}}, {events = 2147470470, data = {ptr = 0x7fffcc8598c00000, fd = -1732247552, u32 = 2562719744, u64 = 9223315436043501568}}, {events = 3553558528, data = {ptr = 0xd3d800007ffefd7c, fd = 2147417468, u32 = 2147417468, u64 = 15264950939119713660}}, {events = 2147417468, data = {ptr = 0x7fffcc8615000000, fd = 352321536, u32 = 352321536, u64 = 9223315438128070656}}, {events = 347078656, data = {ptr = 0x98c000007fffcc86, fd = 2147470470, u32 = 2147470470, u64 = 11006797491440962694}}, {events = 2147470469, data = {ptr = 0x7ffefd7cd3df0000, fd = -740360192, u32 = 3554607104, u64 = 9223087799473733632}}, {events = 3555196928, data = {ptr = 0x148800007ffefd7c, fd = 2147417468, u32 = 2147417468, u64 = 1479432479738625404}}, {events = 2147470470, data = {ptr = 0x7fffcc8614d80000, fd = 349700096, u32 = 349700096, u64 = 9223315438125449216}}, {events = 2562719744, data = {ptr = 0xd3ef00007fffcc85, fd = 2147470469, u32 = 2147470469, u64 = 15271424863584111749}}, {events = 2147417468, data = {ptr = 0x7ffefd7cd3f80000, fd = -738721792, u32 = 3556245504, u64 = 9223087799475372032}}, {events = 347078656, data = {ptr = 0x150000007fffcc86, fd = 2147470470, u32 = 2147470470, u64 = 1513209476943957126}}, {events = 2147470470, data = {ptr = 0x7fffcc8598c00000, fd = -1732247552, u32 = 2562719744, u64 = 9223315436043501568}}, {events = 3556507648, data = {ptr = 0xd40400007ffefd7c, fd = 2147417468, u32 = 2147417468, u64 = 15277335838094982524}}, {events = 2147417468, data = {ptr = 0x7fffcc8614d80000, fd = 349700096, u32 = 349700096, u64 = 9223315438125449216}}, {events = 0, data = {ptr = 0x98c1000000000000, fd = 0, u32 = 0, u64 = 11007078964270202880}}, {events = 2147470469, data = {ptr = 0x7ffefd7cd40b0000, fd = -737476608, u32 = 3557490688, u64 = 9223087799476617216}}, {events = 0, data = {ptr = 0x1448000000000000, fd = 0, u32 = 0, u64 = 1461418079081725952}}, {events = 2147470470, data = {ptr = 0x0, fd = 0, u32 = 0, u64 = 0}}, {events = 372244480, data = {ptr = 0x163000007fffcc86, fd = 2147470470, u32 = 2147470470, u64 = 1598777869863996550}}, {events = 2147470470, data = {ptr = 0x7fffcc8615680000, fd = 359137280, u32 = 359137280, u64 = 9223315438134886400}}, {events = 2562719744, data = {ptr = 0xd41300007fffcc85, fd = 2147470469, u32 = 2147470469, u64 = 15281557962745695365}}, {events = 2147417468, data = {ptr = 0x7ffefd7cd4190000, fd = -736559104, u32 = 3558408192, u64 = 9223087799477534720}}, {events = 369623040, data = {ptr = 0x159000007fffcc86, fd = 2147470470, u32 = 2147470470, u64 = 1553741873590291590}}, {events = 2147470470, data = {ptr = 0x7fffcc8598c00000, fd = -1732247552, u32 = 2562719744, u64 = 9223315436043501568}}, {events = 3559063552, data = {ptr = 0xd42600007ffefd7c, fd = 2147417468, u32 = 2147417468, u64 = 15286905987303144828}}, {events = 2147417468, data = {ptr = 0x7fffcc8615680000, fd = 359137280, u32 = 359137280, u64 = 9223315438134886400}}, {events = 364380160, data = {ptr = 0x98c000007fffcc86, fd = 2147470470, u32 = 2147470470, u64 = 11006797491440962694}}, {events = 2147470469, data = {ptr = 0x7ffefd7cd42a0000, fd = -735444992, u32 = 3559522304, u64 = 9223087799478648832}}, {events = 3559718912, data = {ptr = 0x159000007ffefd7c, fd = 2147417468, u32 = 2147417468, u64 = 1553741873590238588}}, {events = 2147470470, data = {ptr = 0x7fffcc8615e00000, fd = 367001600, u32 = 367001600, u64 = 9223315438142750720}}, {events = 2562719744, data = {ptr = 0xd43100007fffcc85, fd = 2147470469, u32 = 2147470469, u64 = 15290002212047015045}}, {events = 2147417468, data = {ptr = 0x7ffefd7cd4340000, fd = -734789632, u32 = 3560177664, u64 = 9223087799479304192}}, {events = 364380160, data = {ptr = 0x160800007fffcc86, fd = 2147470470, u32 = 2147470470, u64 = 1587518870795570310}}, {events = 2147470470, data = {ptr = 0x7fffcc8598c00000, fd = -1732247552, u32 = 2562719744, u64 = 9223315436043501568}}, {events = 3560439808, data = {ptr = 0xd44300007ffefd7c, fd = 2147417468, u32 = 2147417468, u64 = 15295068761627753852}}, {events = 2147417468, data = {ptr = 0x7fffcc8615e00000, fd = 367001600, u32 = 367001600, u64 = 9223315438142750720}}, {events = 0, data = {ptr = 0x98c1000000000000, fd = 0, u32 = 0, u64 = 11007078964270202880}}, {events = 2147470469, data = {ptr = 0x7ffefd7cd44d0000, fd = -733151232, u32 = 3561816064, u64 = 9223087799480942592}}, {events = 0, data = {ptr = 0x5f872b1f00000000, fd = 0, u32 = 0, u64 = 6883517967603073024}}, {events = 0, data = {ptr = 0x0, fd = 0, u32 = 0, u64 = 0}}, {events = 4294957968, data = {ptr = 0x11e1a30000007fff, fd = 32767, u32 = 32767, u64 = 1288490188800032767}}, {events = 0, data = {ptr = 0x7fffffffdb90, fd = -9328, u32 = 4294957968, u64 = 140737488346000}}, {events = 300000000, data = {ptr = 0xffffdb4800000000, fd = 0, u32 = 0, u64 = 18446703701016969216}}, {events = 32767, data = {ptr = 0x9015a0, fd = 9442720, u32 = 9442720, u64 = 9442720}}, {events = 4155289179, data = {ptr = 0x1698000000007fff, fd = 32767, u32 = 32767, u64 = 1628051265294467071}}, {events = 0, data = {ptr = 0x0, fd = 0, u32 = 0, u64 = 0}}, {events = 11, data = {ptr = 0xa100000000, fd = 0, u32 = 0, u64 = 691489734656}}, {events = 0, data = {ptr = 0x952330, fd = 9773872, u32 = 9773872, u64 = 9773872}}, {events = 3291587968, data = {ptr = 0x9015a000007fff, fd = 32767, u32 = 32767, u64 = 40556173585317887}}, {events = 0, data = {ptr = 0x628b45 <boost::date_time::microsec_clock<boost::posix_time::ptime>::create_time(tm* (*)(long const*, tm*)) [clone .constprop.1003]+53>, fd = 6458181, u32 = 6458181, u64 = 6458181}}, {events = 9329, data = {ptr = 0xffffdb8fffff8000, fd = -32768, u32 = 4294934528, u64 = 18446704010254581760}}, {events = 32767, data = {ptr = 0x2, fd = 2, u32 = 2, u64 = 2}}, {events = 4155593817, data = {ptr = 0x7fff, fd = 32767, u32 = 32767, u64 = 32767}}, {events = 0, data = {ptr = 0x5828f4 <boost::asio::detail::reactive_socket_recv_op_base<boost::asio::mutable_buffers_1>::do_perform(boost::asio::detail::reactor_op*)+228>, fd = 5777652, u32 = 5777652, u64 = 5777652}}, {events = 91, data = {ptr = 0x100006e, fd = 16777326, u32 = 16777326, u64 = 16777326}}, {events = 13, data = {ptr = 0x7fffcc851836, fd = -863692746, u32 = 3431274550, u64 = 140736624662582}}, {events = 2, data = {ptr = 0x200000000, fd = 0, u32 = 0, u64 = 8589934592}}, {events = 0, data = {ptr = 0xe00000010, fd = 16, u32 = 16, u64 = 60129542160}}, {events = 0, data = {ptr = 0x0, fd = 0, u32 = 0, u64 = 0}}, {events = 0, data = {ptr = 0x7fffffffdb80, fd = -9344, u32 = 4294957952, u64 = 140737488345984}}, {events = 1, data = {ptr = 0x0, fd = 0, u32 = 0, u64 = 0}}, {events = 0, data = {ptr = 0x0, fd = 0, u32 = 0, u64 = 0}}, {events = 0, data = {ptr = 0xcc85181000000000, fd = 0, u32 = 0, u64 = 14737211812638359552}}, {events = 32767, data = {ptr = 0x7fffc431a540, fd = -1003379392, u32 = 3291587904, u64 = 140736484975936}}, {events = 9642928, data = {ptr = 0xcc86191800000000, fd = 0, u32 = 0, u64 = 14737494421486436352}}, {events = 32767, data = {ptr = 0x901c08, fd = 9444360, u32 = 9444360, u64 = 9444360}}, {events = 13, data = {ptr = 0x5200000000, fd = 0, u32 = 0, u64 = 352187318272}}, {events = 0, data = {ptr = 0x901570, fd = 9442672, u32 = 9442672, u64 = 9442672}}, {events = 6449413, data = {ptr = 0x0, fd = 0, u32 = 0, u64 = 0}}, {events = 0, data = {ptr = 0x7fff0000000d, fd = 13, u32 = 13, u64 = 140733193388045}}, {events = 0, data = {ptr = 0x56f20000000000, fd = 0, u32 = 0, u64 = 24472929811038208}}, {events = 0, data = {ptr = 0x0, fd = 0, u32 = 0, u64 = 0}}, {events = 0, data = {ptr = 0xffffdc7000000000, fd = 0, u32 = 0, u64 = 18446704972327288832}}, {events = 32767, data = {ptr = 0x9323b0, fd = 9642928, u32 = 9642928, u64 = 9642928}}, {events = 9642928, data = {ptr = 0xc431a58000000000, fd = 0, u32 = 0, u64 = 14137262674467094528}}, {events = 32767, data = {ptr = 0x7fffcc861918, fd = -863626984, u32 = 3431340312, u64 = 140736624728344}}, {events = 3431274550, data = {ptr = 0x200007fff, fd = 32767, u32 = 32767, u64 = 8589967359}}, {events = 0, data = {ptr = 0x7fff00000001, fd = 1, u32 = 1, u64 = 140733193388033}}, {events = 0, data = {ptr = 0x56f20000000000, fd = 0, u32 = 0, u64 = 24472929811038208}}, {events = 0, data = {ptr = 0x0, fd = 0, u32 = 0, u64 = 0}}, {events = 0, data = {ptr = 0xcc8618b800000000, fd = 0, u32 = 0, u64 = 14737494009169575936}}, {events = 32767, data = {ptr = 0x0, fd = 0, u32 = 0, u64 = 0}}, {events = 4128564479, data = {ptr = 0xcc85182000007fff, fd = 32767, u32 = 32767, u64 = 14737211881357869055}}, {events = 32767, data = {ptr = 0x7fffebfa1be0, fd = -335930400, u32 = 3959036896, u64 = 140737152424928}}, {events = 4016247840, data = {ptr = 0xcc8618b800007fff, fd = 32767, u32 = 32767, u64 = 14737494009169608703}}, {events = 32767, data = {ptr = 0x7fffffffde78, fd = -8584, u32 = 4294958712, u64 = 140737488346744}}, {events = 0, data = {ptr = 0xf7a9158c00000000, fd = 0, u32 = 0, u64 = 17845818689471905792}}, {events = 32767, data = {ptr = 0x900090, fd = 9437328, u32 = 9437328, u64 = 9437328}}, {events = 4294958640, data = {ptr = 0x90009000007fff, fd = 32767, u32 = 32767, u64 = 40533015121657855}}, {events = 0, data = {ptr = 0x7fffcc851820, fd = -863692768, u32 = 3431274528, u64 = 140736624662560}}, {events = 22, data = {ptr = 0xcc85182000000000, fd = 0, u32 = 0, u64 = 14737211881357836288}}, {events = 32767, data = {ptr = 0x7fffebfa1be0, fd = -335930400, u32 = 3959036896, u64 = 140737152424928}}, {events = 4016247840, data = {ptr = 0xcc8618b800007fff, fd = 32767, u32 = 32767, u64 = 14737494009169608703}}, {events = 32767, data = {ptr = 0x58a8b4 <Connection::onWriteOperation(boost::system::error_code const&)+260>, fd = 5810356, u32 = 5810356, u64 = 5810356}}, {events = 0, data = {ptr = 0xf71e50e000000000, fd = 0, u32 = 0, u64 = 17806758899672416256}}, {events = 32767, data = {ptr = 0xffffde30, fd = -8656, u32 = 4294958640, u64 = 4294958640}}, {events = 22, data = {ptr = 0x0, fd = 0, u32 = 0, u64 = 0}}, {events = 0, data = {ptr = 0x0, fd = 0, u32 = 0, u64 = 0}}, {events = 4294958640, data = {ptr = 0x58574500007fff, fd = 32767, u32 = 32767, u64 = 24865751814930431}}, {events = 0, data = {ptr = 0xf, fd = 15, u32 = 15, u64 = 15}}, {events = 4155593817, data = {ptr = 0xffffde3000007fff, fd = 32767, u32 = 32767, u64 = 18446706896472670207}}, {events = 32767, data = {ptr = 0x0, fd = 0, u32 = 0, u64 = 0}}, {events = 0, data = {ptr = 0x0, fd = 0, u32 = 0, u64 = 0}}, {events = 13, data = {ptr = 0x7fffcc861918, fd = -863626984, u32 = 3431340312, u64 = 140736624728344}}, {events = 4294958720, data = {ptr = 0x90009000007fff, fd = 32767, u32 = 32767, u64 = 40533015121657855}}, {events = 0, data = {ptr = 0x0, fd = 0, u32 = 0, u64 = 0}}, {events = 0, data = {ptr = 0x9000c000000000, fd = 0, u32 = 0, u64 = 40533221280055296}}, {events = 0, data = {ptr = 0x0, fd = 0, u32 = 0, u64 = 0}}, {events = 4155053452, data = {ptr = 0xcc85181000007fff, fd = 32767, u32 = 32767, u64 = 14737211812638392319}}, {events = 32767, data = {ptr = 0x0, fd = 0, u32 = 0, u64 = 0}}, {events = 4145959136, data = {ptr = 0x58a73100007fff, fd = 32767, u32 = 32767, u64 = 24953626845806591}}, {events = 0, data = {ptr = 0x7fffd7a3ebb0, fd = -677123152, u32 = 3617844144, u64 = 140736811232176}}, {events = 4294958720, data = {ptr = 0x90009000007fff, fd = 32767, u32 = 32767, u64 = 40533015121657855}}, {events = 0, data = {ptr = 0x7fffffffde80, fd = -8576, u32 = 4294958720, u64 = 140737488346752}}, {events = 9437328, data = {ptr = 0x58646e00000000, fd = 0, u32 = 0, u64 = 24880221559717888}}, {events = 0, data = {ptr = 0x7fffcc851820, fd = -863692768, u32 = 3431274528, u64 = 140736624662560}}, {events = 3431274512, data = {ptr = 0xffffde8000007fff, fd = 32767, u32 = 32767, u64 = 18446707240070053887}}, {events = 32767, data = {ptr = 0x0, fd = 0, u32 = 0, u64 = 0}}, {events = 0, data = {ptr = 0x0, fd = 0, u32 = 0, u64 = 0}}, {events = 0, data = {ptr = 0x58a720 <Connection::handleTimeout(std::weak_ptr<Connection>, boost::system::error_code const&)>, fd = 5809952, u32 = 5809952, u64 = 5809952}}, {events = 3431274528, data = {ptr = 0xcc85181000007fff, fd = 32767, u32 = 32767, u64 = 14737211812638392319}}, {events = 32767, data = {ptr = 0x7d, fd = 125, u32 = 125, u64 = 125}}}
2020-10-14 12:45:24 -          num_events = <optimized out>
2020-10-14 12:45:24 -          check_timers = <optimized out>
2020-10-14 12:45:24 -  #2  0x000000000055dcd3 in do_run_one (ec=..., this_thread=..., lock=<synthetic pointer>, this=0x900090) at /usr/include/boost/asio/detail/impl/task_io_service.ipp:356
2020-10-14 12:45:24 -          more_handlers = <optimized out>
2020-10-14 12:45:24 -  #3  run (ec=..., this=0x900090) at /usr/include/boost/asio/detail/impl/task_io_service.ipp:149
2020-10-14 12:45:24 -          this_thread = {private_op_queue = {front_ = 0x0, back_ = 0x0}, private_outstanding_work = 0}
2020-10-14 12:45:24 -          ctx = {key_ = 0x900090, value_ = 0x7fffffffdf40, next_ = 0x0}
2020-10-14 12:45:24 -          lock = {mutex_ = @0x9000c0, locked_ = <optimized out>}
2020-10-14 12:45:24 -          n = 515
2020-10-14 12:45:24 -  #4  _ZN5boost4asio10io_service3runEv.isra.226 () at /usr/include/boost/asio/impl/io_service.ipp:59
2020-10-14 12:45:24 -          ec = {m_val = 0, m_cat = 0x7ffff71e50e0}
2020-10-14 12:45:24 -  #5  ServiceManager::run() (this=this@entry=0x7fffffffdff0) at /home/otg/src/server.cpp:47
2020-10-14 12:45:24 -  No locals.
2020-10-14 12:45:24 -  #6  0x0000000000474c46 in main (argc=1, argv=0x7fffffffe1b8) at /home/otg/src/otserv.cpp:96
2020-10-14 12:45:24 -          serviceManager = {acceptors = {_M_h = {_M_buckets = 0x7fffd78ff890, _M_bucket_count = 5, _M_before_begin = {_M_nxt = 0x7fffd7a3ec80}, _M_element_count = 2, _M_rehash_policy = {_M_max_load_factor = 1, _M_next_resize = 5}, _M_single_bucket = 0x0}}, io_service = {service_registry_ = 0x900040, impl_ = @0x900090}, signals = {set = {<No data fields>}}, death_timer = {<No data fields>}, running = true}
2020-10-14 12:45:24 -  Saving server...
2020-10-14 12:45:25 -  > Saved house items in: 0.515 s
2020-10-14 12:45:25 -  A debugging session is active.
2020-10-14 12:45:25 -  
2020-10-14 12:45:25 -  	Inferior 1 [process 7993] will be killed.
2020-10-14 12:45:25 -  
2020-10-14 12:45:25 -  Quit anyway? (y or n) [answered Y; input not from terminal]
