2020-10-21 17:17:45 -  [Thread debugging using libthread_db enabled]
2020-10-21 17:17:45 -  Using host libthread_db library "/lib/x86_64-linux-gnu/libthread_db.so.1".
2020-10-21 17:17:45 -  [New Thread 0x7ffff3dbb700 (LWP 7184)]
2020-10-21 17:17:45 -  [New Thread 0x7ffff35ba700 (LWP 7185)]
2020-10-21 17:17:45 -  The OTG-Premium-Version - Version: (1.3)
2020-10-21 17:17:45 -  Compiled with: GNU C++ version 5.4.0 20160609
2020-10-21 17:17:45 -  Compiled on Sep 17 2020 19:49:36 for platform x64
2020-10-21 17:17:45 -  
2020-10-21 17:17:45 -  Special Credits for: OTG Team, Johncore, Vankk, Erick Nunes, Leonardo Pereira, Leandro Baldissera, Talis, Marcomoa, Marson Schneider, Douglas, Mark Samman, OTXServer (Mattyx Gomez) and The Forgotten Server Developers.
2020-10-21 17:17:45 -  Link of repository: https://github.com/Johncorex/OTG-Premium-Version
2020-10-21 17:17:45 -  
2020-10-21 17:17:45 -  >> Loading config: config.lua
2020-10-21 17:17:45 -  >> Establishing database connection... MySQL 5.7.31
2020-10-21 17:17:45 -  >> Running database manager
2020-10-21 17:17:45 -  [New Thread 0x7ffff2ba7700 (LWP 7186)]
2020-10-21 17:17:46 -  > Optimizing table tile_store... [success]
2020-10-21 17:17:46 -  >> Loading vocations
2020-10-21 17:17:46 -  >> Loading items
2020-10-21 17:17:46 -  >> Loading script systems
2020-10-21 17:17:46 -  >> Loading lua libs
2020-10-21 17:17:46 -  [Warning - Event::checkScript] Can not load script: scripts/expboostaction.lua
2020-10-21 17:17:46 -  cannot open data/actions/scripts/expboostaction.lua: No such file or directory
2020-10-21 17:17:47 -  >> Loading lua scripts
2020-10-21 17:17:47 -  >> Loading monsters
2020-10-21 17:17:47 -  >> Loading lua monsters
2020-10-21 17:17:47 -  >> Loading outfits
2020-10-21 17:17:47 -  >> Loading prey data
2020-10-21 17:17:48 -  >> Checking world type... PVP
2020-10-21 17:17:48 -  >> Loading map
2020-10-21 17:17:49 -  > Map size: 34143x33812.
2020-10-21 17:17:55 -  > Map loading time: 7.188 seconds.
2020-10-21 17:17:56 -  > Loaded house items in: 0.01 s
2020-10-21 17:17:56 -  >> Initializing gamestate
2020-10-21 17:17:58 -  >> Loaded 43 npcs and spawned 72708 monsters.
2020-10-21 17:17:58 -  >> Loaded 27 towns with 1074 houses in total.
2020-10-21 17:17:58 -  [Castle War]
2020-10-21 17:17:58 -  [POWERGAMERS]
2020-10-21 17:17:58 -  [SISTEMA DE LOTERIA] OPERANTE
2020-10-21 17:17:58 -  Advanced NPC spawn system | All NPCs will be loaded trough lib.
2020-10-21 17:17:58 -  [REGEN BOOST] CARREGADO
2020-10-21 17:17:58 -  [SPOOF COUNTER]
2020-10-21 17:17:58 -  [STAMINA]
2020-10-21 17:17:58 -  warvariables
2020-10-21 17:17:58 -  Agenda:	16
2020-10-21 17:17:58 -  eu sou o checkWarmode... 17:17!
2020-10-21 17:17:58 -  Buscando valores guilds where id = 3
2020-10-21 17:17:58 -  > Broadcasted message: "[Warmode] Atencao Honerianos! A Guild TesteWarmode desafiou a Guild Vai tomando para uma batalha que vai iniciar agora!".
2020-10-21 17:17:58 -  17	17	43
2020-10-21 17:17:58 -  >> Loaded all modules, server starting up...
2020-10-21 17:17:58 -  > Warning: OTG-Premium-Version has been executed as root user, please consider running it as a normal user.
2020-10-21 17:17:58 -  >> Honera Global Server Online!
2020-10-21 17:17:58 -  
2020-10-21 17:17:58 -  Demonzin has logged in.
2020-10-21 17:17:58 -  funcao onLogin
2020-10-21 17:17:58 -  Robalo has logged in.
2020-10-21 17:17:58 -  funcao onLogin
2020-10-21 17:17:58 -  Dev Marson has logged in.
2020-10-21 17:19:48 -  funcao onLogin
2020-10-21 17:19:48 -  SABADOU!! NPC HONERA CRIADO
2020-10-21 17:19:48 -  funcaoKill!!
2020-10-21 17:19:48 -  um player que estava dentro da war, foi morto
2020-10-21 17:19:48 -  endWarmode
2020-10-21 17:19:48 -  Demonzin has logged out.
2020-10-21 17:19:54 -  Demonzin has logged in.
2020-10-21 20:17:47 -  funcao onLogin
2020-10-21 20:17:47 -  endWarmode
2020-10-21 20:17:47 -  > Broadcasted message: "[Warmode] A War acabou por tempo! Parabens a Guild Vencedora Vai tomando!".
2020-10-21 20:17:47 -  removendo players da tabela porque a war acabou
2020-10-21 20:17:47 -  aqui eu checkei o choiceID para atualizar o warmode temp3
2020-10-21 20:17:47 -  aqui eu checkei o choiceID para atualizar o warmode temp1
2020-10-21 20:17:47 -  aqui eu checkei o choiceID para atualizar o warmode temp2
2020-10-21 20:17:47 -  aqui eu checkei o choiceID para atualizar o warmode temp255
2020-10-21 20:17:47 -  [Castle War votacao aberta]
2020-10-21 20:17:47 -  > Broadcasted message: "[Castle War]: Foi iniciada a votação para decidir o objetivo do castelo que abre em alguns minutos. Use !castle1 para votar no objetivo (Dominar o castelo por mais tempo). Use !castle2 para votar no objetivo (Ultimo que dominar o castelo). Caso não haja votações, o objetivo será aleatorio.".
2020-10-21 20:17:47 -  > Broadcasted message: "[CastleWar] Atencao, O CASTELO esta aberto para batalha, junte-se com sua guild e  conquiste-o. O castelo encerra em 1 hora. Resultado das votacoes: First: 1 Second: 0 Resultado: (Dominar o castelo por mais tempo) foi escolhido".
2020-10-21 20:17:47 -  castleWar Encerrado
2020-10-21 20:17:47 -  eu sou o checkWarmode... 18:0!
2020-10-21 20:17:47 -  eu sou o checkWarmode... 19:0!
2020-10-21 20:17:47 -  ip inválido
2020-10-21 20:17:47 -  ip inválido
2020-10-21 20:17:47 -  ip inválido
2020-10-21 20:17:47 -  ip inválido
2020-10-21 20:17:47 -  ip inválido
2020-10-21 20:17:47 -  ip inválido
2020-10-21 20:17:47 -  ip inválido
2020-10-21 20:17:47 -  ip inválido
2020-10-21 20:17:47 -  ip inválido
2020-10-21 20:17:47 -  ip inválido
2020-10-21 20:17:47 -  ip inválido
2020-10-21 20:17:47 -  ip inválido
2020-10-21 20:17:47 -  ip inválido
2020-10-21 20:17:47 -  ip inválido
2020-10-21 20:17:47 -  ip inválido
2020-10-21 20:17:47 -  ip inválido
2020-10-21 20:17:47 -  ip inválido
2020-10-21 20:17:47 -  ip inválido
2020-10-21 20:17:47 -  ip inválido
2020-10-21 20:17:47 -  ip inválido
2020-10-21 20:17:47 -  ip inválido
2020-10-21 20:17:47 -  ip inválido
2020-10-21 20:17:47 -  ip inválido
2020-10-21 20:17:47 -  ip inválido
2020-10-21 20:17:47 -  ip inválido
2020-10-21 20:17:47 -  ip inválido
2020-10-21 20:17:47 -  ip inválido
2020-10-21 20:17:47 -  ip inválido
2020-10-21 20:17:47 -  ip inválido
2020-10-21 20:17:47 -  ip inválido
2020-10-21 20:17:47 -  ip inválido
2020-10-21 20:17:47 -  ip inválido
2020-10-21 20:17:47 -  ip inválido
2020-10-21 20:17:47 -  ip inválido
2020-10-21 20:17:47 -  ip inválido
2020-10-21 20:17:47 -  ip inválido
2020-10-21 20:17:47 -  ip inválido
2020-10-21 20:17:47 -  ip inválido
2020-10-21 20:17:47 -  ip inválido
2020-10-21 20:17:47 -  ip inválido
2020-10-21 20:17:47 -  ip inválido
2020-10-21 20:17:47 -  ip inválido
2020-10-21 20:17:47 -  ip inválido
2020-10-21 20:17:47 -  ip inválido
2020-10-21 20:17:47 -  ip inválido
2020-10-21 20:17:47 -  ip inválido
2020-10-21 20:17:47 -  ip inválido
2020-10-21 20:17:47 -  ip inválido
2020-10-21 20:17:47 -  ip inválido
2020-10-21 20:17:47 -  eu sou o checkWarmode... 20:0!
2020-10-21 20:17:47 -  ip inválido
2020-10-21 20:17:47 -  ip inválido
2020-10-21 20:17:47 -  ip inválido
2020-10-21 20:17:47 -  ip inválido
2020-10-21 20:17:47 -  ip inválido
2020-10-21 20:17:47 -  ip inválido
2020-10-21 20:17:47 -  ip inválido
2020-10-21 20:17:47 -  ip inválido
2020-10-21 20:17:47 -  ip inválido
2020-10-21 20:17:47 -  ip inválido
2020-10-21 20:17:47 -  ip inválido
2020-10-21 20:17:47 -  ip inválido
2020-10-21 20:17:47 -  ip inválido
2020-10-21 20:17:47 -  ip inválido
2020-10-21 20:17:47 -  ip inválido
2020-10-21 20:17:47 -  ip inválido
2020-10-21 20:17:47 -  ip inválido
2020-10-21 20:17:47 -  
2020-10-21 20:17:47 -  Lua Script Error: [GlobalEvent Interface] 
2020-10-21 20:17:47 -  data/globalevents/scripts/bosses/Abyssador.lua:onThink
2020-10-21 20:17:47 -  data/lib/rewardboss.lua:8: Rewards can only be enabled to rewards bosses.
2020-10-21 20:17:47 -  stack traceback:
2020-10-21 20:17:47 -  	[C]: at 0x00602980
2020-10-21 20:17:47 -  	[C]: in function 'error'
2020-10-21 20:17:47 -  	data/lib/rewardboss.lua:8: in function 'setReward'
2020-10-21 20:17:47 -  	data/globalevents/scripts/bosses/Abyssador.lua:28: in function <data/globalevents/scripts/bosses/Abyssador.lua:21>
2020-10-21 20:17:47 -  [Error - GlobalEvents::think] Failed to execute event: Abyssador
2020-10-21 20:17:47 -  
2020-10-21 20:17:47 -  Lua Script Error: [GlobalEvent Interface] 
2020-10-21 20:17:47 -  data/globalevents/scripts/bosses/Deathstrike.lua:onThink
2020-10-21 20:17:47 -  data/lib/rewardboss.lua:8: Rewards can only be enabled to rewards bosses.
2020-10-21 20:17:47 -  stack traceback:
2020-10-21 20:17:47 -  	[C]: at 0x00602980
2020-10-21 20:17:47 -  	[C]: in function 'error'
2020-10-21 20:17:47 -  	data/lib/rewardboss.lua:8: in function 'setReward'
2020-10-21 20:17:47 -  	data/globalevents/scripts/bosses/Deathstrike.lua:28: in function <data/globalevents/scripts/bosses/Deathstrike.lua:21>
2020-10-21 20:17:47 -  [Error - GlobalEvents::think] Failed to execute event: Deathstrike
2020-10-21 20:17:47 -  
2020-10-21 20:17:47 -  Lua Script Error: [GlobalEvent Interface] 
2020-10-21 20:17:47 -  data/globalevents/scripts/bosses/Gnomevil.lua:onThink
2020-10-21 20:17:47 -  data/lib/rewardboss.lua:8: Rewards can only be enabled to rewards bosses.
2020-10-21 20:17:47 -  stack traceback:
2020-10-21 20:17:47 -  	[C]: at 0x00602980
2020-10-21 20:17:47 -  	[C]: in function 'error'
2020-10-21 20:17:47 -  	data/lib/rewardboss.lua:8: in function 'setReward'
2020-10-21 20:17:47 -  	data/globalevents/scripts/bosses/Gnomevil.lua:28: in function <data/globalevents/scripts/bosses/Gnomevil.lua:21>
2020-10-21 20:17:47 -  [Error - GlobalEvents::think] Failed to execute event: Gnomevil
2020-10-21 20:37:42 -  ip inválido
2020-10-21 20:37:42 -  ip inválido
2020-10-21 20:37:42 -  ip inválido
2020-10-21 20:37:42 -  ip inválido
2020-10-21 20:37:42 -  ip inválido
2020-10-21 20:37:42 -  ip inválido
2020-10-21 20:37:42 -  ip inválido
2020-10-21 20:37:42 -  ip inválido
2020-10-21 20:37:42 -  ip inválido
2020-10-21 20:37:42 -  ip inválido
2020-10-21 20:37:42 -  ip inválido
2020-10-21 20:37:42 -  ip inválido
2020-10-21 20:37:42 -  ip inválido
2020-10-21 20:37:42 -  ip inválido
2020-10-21 20:37:42 -  ip inválido
2020-10-21 20:37:42 -  ip inválido
2020-10-21 20:37:42 -  ip inválido
2020-10-21 20:37:42 -  ip inválido
2020-10-21 20:37:42 -  ip inválido
2020-10-21 20:37:42 -  Demonzin has logged out.
2020-10-21 20:37:44 -  Demonzin has logged in.
2020-10-21 20:37:55 -  funcao onLogin
2020-10-21 20:37:55 -  ip inválido
2020-10-21 20:37:55 -  Demonzin has logged out.
2020-10-21 20:37:56 -  Demonzin has logged in.
2020-10-21 20:43:59 -  funcao onLogin
2020-10-21 20:43:59 -  ip inválido
2020-10-21 20:43:59 -  ip inválido
2020-10-21 20:43:59 -  ip inválido
2020-10-21 20:43:59 -  ip inválido
2020-10-21 20:43:59 -  ip inválido
2020-10-21 20:43:59 -  ip inválido
2020-10-21 20:43:59 -  > Broadcasted message: "The dragons of the Dragonblaze Mountains have descended to Zao to protect the lizardkin!".
2020-10-21 21:13:16 -  ip inválido
2020-10-21 21:13:16 -  ip inválido
2020-10-21 21:13:16 -  ip inválido
2020-10-21 21:13:16 -  ip inválido
2020-10-21 21:13:16 -  ip inválido
2020-10-21 21:13:16 -  ip inválido
2020-10-21 21:13:16 -  ip inválido
2020-10-21 21:13:16 -  ip inválido
2020-10-21 21:13:16 -  ip inválido
2020-10-21 21:13:16 -  ip inválido
2020-10-21 21:13:16 -  ip inválido
2020-10-21 21:13:16 -  ip inválido
2020-10-21 21:13:16 -  ip inválido
2020-10-21 21:13:16 -  ip inválido
2020-10-21 21:13:16 -  ip inválido
2020-10-21 21:13:16 -  ip inválido
2020-10-21 21:13:16 -  ip inválido
2020-10-21 21:13:16 -  eu sou o checkWarmode... 21:0!
2020-10-21 21:13:16 -  ip inválido
2020-10-21 21:13:16 -  ip inválido
2020-10-21 21:13:16 -  ip inválido
2020-10-21 21:13:16 -  ip inválido
2020-10-21 21:13:16 -  ip inválido
2020-10-21 21:13:16 -  ip inválido
2020-10-21 21:13:16 -  ip inválido
2020-10-21 21:13:16 -  ip inválido
2020-10-21 21:13:16 -  ip inválido
2020-10-21 21:13:16 -  ip inválido
2020-10-21 21:13:16 -  ip inválido
2020-10-21 21:13:16 -  ip inválido
2020-10-21 21:13:16 -  ip inválido
2020-10-21 21:13:16 -  Dev Marson has logged out.
2020-10-21 22:13:38 -  
2020-10-21 22:13:38 -  Thread 1 "tfs" received signal SIGINT, Interrupt.
2020-10-21 22:13:38 -  0x00007ffff7b14ad3 in epoll_wait () at ../sysdeps/unix/syscall-template.S:84
2020-10-21 22:13:38 -  84	../sysdeps/unix/syscall-template.S: No such file or directory.
2020-10-21 22:13:38 -  
2020-10-21 22:13:38 -  Thread 4 (Thread 0x7ffff2ba7700 (LWP 7186)):
2020-10-21 22:13:38 -  #0  pthread_cond_wait@@GLIBC_2.3.2 () at ../sysdeps/unix/sysv/linux/x86_64/pthread_cond_wait.S:185
2020-10-21 22:13:38 -  No locals.
2020-10-21 22:13:38 -  #1  0x00007ffff5e7491c in std::condition_variable::wait(std::unique_lock<std::mutex>&) () from /usr/lib/x86_64-linux-gnu/libstdc++.so.6
2020-10-21 22:13:39 -  No symbol table info available.
2020-10-21 22:13:39 -  #2  0x00000000006228bf in DatabaseTasks::threadMain() (this=0x8e39a0 <g_databaseTasks>) at /home/otg/src/databasetasks.cpp:42
2020-10-21 22:13:39 -          taskLockUnique = {_M_device = 0x8e3a08 <g_databaseTasks+104>, _M_owns = true}
2020-10-21 22:13:39 -  #3  0x00007ffff5e79c80 in ?? () from /usr/lib/x86_64-linux-gnu/libstdc++.so.6
2020-10-21 22:13:39 -  No symbol table info available.
2020-10-21 22:13:39 -  #4  0x00007ffff614a6ba in start_thread (arg=0x7ffff2ba7700) at pthread_create.c:333
2020-10-21 22:13:39 -          __res = <optimized out>
2020-10-21 22:13:39 -          pd = 0x7ffff2ba7700
2020-10-21 22:13:39 -          now = <optimized out>
2020-10-21 22:13:39 -          unwind_buf = {cancel_jmp_buf = {{jmp_buf = {140737265694464, 5694385994361739686, 0, 140737284647471, 140737265695168, 9334528, -5694414079664055898, -5694403924457547354}, mask_was_saved = 0}}, priv = {pad = {0x0, 0x0, 0x0, 0x0}, data = {prev = 0x0, cleanup = 0x0, canceltype = 0}}}
2020-10-21 22:13:39 -          not_first_call = <optimized out>
2020-10-21 22:13:39 -          pagesize_m1 = <optimized out>
2020-10-21 22:13:39 -          sp = <optimized out>
2020-10-21 22:13:39 -          freesize = <optimized out>
2020-10-21 22:13:39 -          __PRETTY_FUNCTION__ = "start_thread"
2020-10-21 22:13:39 -  #5  0x00007ffff7b144dd in clone () at ../sysdeps/unix/sysv/linux/x86_64/clone.S:109
2020-10-21 22:13:39 -  No locals.
2020-10-21 22:13:39 -  
2020-10-21 22:13:39 -  Thread 3 (Thread 0x7ffff35ba700 (LWP 7185)):
2020-10-21 22:13:39 -  #0  pthread_cond_timedwait@@GLIBC_2.3.2 () at ../sysdeps/unix/sysv/linux/x86_64/pthread_cond_timedwait.S:225
2020-10-21 22:13:39 -  No locals.
2020-10-21 22:13:39 -  #1  0x0000000000506210 in __gthread_cond_timedwait () at /usr/include/x86_64-linux-gnu/c++/5/bits/gthr-default.h:871
2020-10-21 22:13:39 -  No locals.
2020-10-21 22:13:39 -  #2  std::condition_variable::__wait_until_impl (__atime=..., __lock=..., this=0x8e6fa0 <g_scheduler+64>) at /usr/include/c++/5/condition_variable:165
2020-10-21 22:13:39 -          __ts = {tv_sec = 1603332818, tv_nsec = 467150865}
2020-10-21 22:13:39 -  #3  std::condition_variable::wait_until<std::chrono::duration<long, std::ratio<1l, 1000000000l> > > () at /usr/include/c++/5/condition_variable:105
2020-10-21 22:13:39 -          __lock = @0x7ffff35b9e90: {_M_device = 0x8e6f78 <g_scheduler+24>, _M_owns = true}
2020-10-21 22:13:39 -          this = 0x8e6fa0 <g_scheduler+64>
2020-10-21 22:13:39 -  #4  Scheduler::threadMain (this=0x8e6f60 <g_scheduler>) at /home/otg/src/scheduler.cpp:36
2020-10-21 22:13:39 -          ret = std::cv_status::no_timeout
2020-10-21 22:13:39 -          eventLockUnique = {_M_device = 0x8e6f78 <g_scheduler+24>, _M_owns = true}
2020-10-21 22:13:39 -  #5  0x00007ffff5e79c80 in ?? () from /usr/lib/x86_64-linux-gnu/libstdc++.so.6
2020-10-21 22:13:39 -  No symbol table info available.
2020-10-21 22:13:39 -  #6  0x00007ffff614a6ba in start_thread (arg=0x7ffff35ba700) at pthread_create.c:333
2020-10-21 22:13:39 -          __res = <optimized out>
2020-10-21 22:13:39 -          pd = 0x7ffff35ba700
2020-10-21 22:13:39 -          now = <optimized out>
2020-10-21 22:13:39 -          unwind_buf = {cancel_jmp_buf = {{jmp_buf = {140737276258048, 5694385994361739686, 0, 140737488346847, 140737276258752, 9437376, -5694411043659048538, -5694403924457547354}, mask_was_saved = 0}}, priv = {pad = {0x0, 0x0, 0x0, 0x0}, data = {prev = 0x0, cleanup = 0x0, canceltype = 0}}}
2020-10-21 22:13:39 -          not_first_call = <optimized out>
2020-10-21 22:13:39 -          pagesize_m1 = <optimized out>
2020-10-21 22:13:39 -          sp = <optimized out>
2020-10-21 22:13:39 -          freesize = <optimized out>
2020-10-21 22:13:39 -          __PRETTY_FUNCTION__ = "start_thread"
2020-10-21 22:13:39 -  #7  0x00007ffff7b144dd in clone () at ../sysdeps/unix/sysv/linux/x86_64/clone.S:109
2020-10-21 22:13:39 -  No locals.
2020-10-21 22:13:39 -  
2020-10-21 22:13:39 -  Thread 2 (Thread 0x7ffff3dbb700 (LWP 7184)):
2020-10-21 22:13:39 -  #0  pthread_cond_wait@@GLIBC_2.3.2 () at ../sysdeps/unix/sysv/linux/x86_64/pthread_cond_wait.S:185
2020-10-21 22:13:39 -  No locals.
2020-10-21 22:13:39 -  #1  0x00007ffff5e7491c in std::condition_variable::wait(std::unique_lock<std::mutex>&) () from /usr/lib/x86_64-linux-gnu/libstdc++.so.6
2020-10-21 22:13:39 -  No symbol table info available.
2020-10-21 22:13:39 -  #2  0x000000000055af7b in Dispatcher::threadMain() (this=0x8e6ec0 <g_dispatcher>) at /home/otg/src/tasks.cpp:50
2020-10-21 22:13:39 -          taskLockUnique = {_M_device = 0x8e6ed8 <g_dispatcher+24>, _M_owns = true}
2020-10-21 22:13:39 -  #3  0x00007ffff5e79c80 in ?? () from /usr/lib/x86_64-linux-gnu/libstdc++.so.6
2020-10-21 22:13:39 -  No symbol table info available.
2020-10-21 22:13:39 -  #4  0x00007ffff614a6ba in start_thread (arg=0x7ffff3dbb700) at pthread_create.c:333
2020-10-21 22:13:39 -          __res = <optimized out>
2020-10-21 22:13:39 -          pd = 0x7ffff3dbb700
2020-10-21 22:13:39 -          now = <optimized out>
2020-10-21 22:13:39 -          unwind_buf = {cancel_jmp_buf = {{jmp_buf = {140737284650752, 5694385994361739686, 0, 140737488346847, 140737284651456, 9437376, -5694412144781289050, -5694403924457547354}, mask_was_saved = 0}}, priv = {pad = {0x0, 0x0, 0x0, 0x0}, data = {prev = 0x0, cleanup = 0x0, canceltype = 0}}}
2020-10-21 22:13:39 -          not_first_call = <optimized out>
2020-10-21 22:13:39 -          pagesize_m1 = <optimized out>
2020-10-21 22:13:39 -          sp = <optimized out>
2020-10-21 22:13:39 -          freesize = <optimized out>
2020-10-21 22:13:39 -          __PRETTY_FUNCTION__ = "start_thread"
2020-10-21 22:13:39 -  #5  0x00007ffff7b144dd in clone () at ../sysdeps/unix/sysv/linux/x86_64/clone.S:109
2020-10-21 22:13:39 -  No locals.
2020-10-21 22:13:39 -  
2020-10-21 22:13:39 -  Thread 1 (Thread 0x7ffff7fe6740 (LWP 7180)):
2020-10-21 22:13:39 -  #0  0x00007ffff7b14ad3 in epoll_wait () at ../sysdeps/unix/syscall-template.S:84
2020-10-21 22:13:39 -  No locals.
2020-10-21 22:13:39 -  #1  0x00000000005b70e7 in boost::asio::detail::epoll_reactor::run(bool, boost::asio::detail::op_queue<boost::asio::detail::task_io_service_operation>&) [clone .constprop.204] (this=0x901570, block=<optimized out>, ops=...) at /usr/include/boost/asio/detail/impl/epoll_reactor.ipp:392
2020-10-21 22:13:39 -          timeout = <optimized out>
2020-10-21 22:13:39 -          events = {{events = 1, data = {ptr = 0x9015c8, fd = 9442760, u32 = 9442760, u64 = 9442760}}, {events = 0, data = {ptr = 0x0, fd = 0, u32 = 0, u64 = 0}} <repeats 43 times>, {events = 0, data = {ptr = 0x5f90ead100000000, fd = 0, u32 = 0, u64 = 6886262013618552832}}, {events = 0, data = {ptr = 0x0, fd = 0, u32 = 0, u64 = 0}}, {events = 4294957968, data = {ptr = 0x11e1a30000007fff, fd = 32767, u32 = 32767, u64 = 1288490188800032767}}, {events = 0, data = {ptr = 0x7fffffffdb90, fd = -9328, u32 = 4294957968, u64 = 140737488346000}}, {events = 300000000, data = {ptr = 0xffffdb4800000000, fd = 0, u32 = 0, u64 = 18446703701016969216}}, {events = 32767, data = {ptr = 0x9015a0, fd = 9442720, u32 = 9442720, u64 = 9442720}}, {events = 4155289179, data = {ptr = 0x7fff, fd = 32767, u32 = 32767, u64 = 32767}}, {events = 0, data = {ptr = 0x0, fd = 0, u32 = 0, u64 = 0}}, {events = 11, data = {ptr = 0xa100000000, fd = 0, u32 = 0, u64 = 691489734656}}, {events = 0, data = {ptr = 0x901808, fd = 9443336, u32 = 9443336, u64 = 9443336}}, {events = 1896506880, data = {ptr = 0x9015a000007fff, fd = 32767, u32 = 32767, u64 = 40556173585317887}}, {events = 0, data = {ptr = 0x628b45 <boost::date_time::microsec_clock<boost::posix_time::ptime>::create_time(tm* (*)(long const*, tm*)) [clone .constprop.1003]+53>, fd = 6458181, u32 = 6458181, u64 = 6458181}}, {events = 0, data = {ptr = 0x5f90ead100000000, fd = 0, u32 = 0, u64 = 6886262013618552832}}, {events = 0, data = {ptr = 0x5f90ead1, fd = 1603332817, u32 = 1603332817, u64 = 1603332817}}, {events = 4155593817, data = {ptr = 0x7fff, fd = 32767, u32 = 32767, u64 = 32767}}, {events = 0, data = {ptr = 0x5828f4 <boost::asio::detail::reactive_socket_recv_op_base<boost::asio::mutable_buffers_1>::do_perform(boost::asio::detail::reactor_op*)+228>, fd = 5777652, u32 = 5777652, u64 = 5777652}}, {events = 0, data = {ptr = 0x1000000, fd = 16777216, u32 = 16777216, u64 = 16777216}}, {events = 13, data = {ptr = 0x901db6, fd = 9444790, u32 = 9444790, u64 = 9444790}}, {events = 2, data = {ptr = 0x200000000, fd = 0, u32 = 0, u64 = 8589934592}}, {events = 0, data = {ptr = 0x1600000002, fd = 2, u32 = 2, u64 = 94489280514}}, {events = 0, data = {ptr = 0x0, fd = 0, u32 = 0, u64 = 0}}, {events = 0, data = {ptr = 0x7fffffffdb80, fd = -9344, u32 = 4294957952, u64 = 140737488345984}}, {events = 1, data = {ptr = 0x0, fd = 0, u32 = 0, u64 = 0}}, {events = 0, data = {ptr = 0x0, fd = 0, u32 = 0, u64 = 0}}, {events = 0, data = {ptr = 0x901d9000000000, fd = 0, u32 = 0, u64 = 40564900958830592}}, {events = 0, data = {ptr = 0x7fff927fdcc0, fd = -1837114176, u32 = 2457853120, u64 = 140735651241152}}, {events = 9510672, data = {ptr = 0x911e9800000000, fd = 0, u32 = 0, u64 = 40847509806907392}}, {events = 0, data = {ptr = 0x901c08, fd = 9444360, u32 = 9444360, u64 = 9444360}}, {events = 13, data = {ptr = 0x5200000000, fd = 0, u32 = 0, u64 = 352187318272}}, {events = 0, data = {ptr = 0x901570, fd = 9442672, u32 = 9442672, u64 = 9442672}}, {events = 6449413, data = {ptr = 0x0, fd = 0, u32 = 0, u64 = 0}}, {events = 0, data = {ptr = 0xd, fd = 13, u32 = 13, u64 = 13}}, {events = 0, data = {ptr = 0x56f20000000000, fd = 0, u32 = 0, u64 = 24472929811038208}}, {events = 0, data = {ptr = 0x0, fd = 0, u32 = 0, u64 = 0}}, {events = 0, data = {ptr = 0xffffdc7000000000, fd = 0, u32 = 0, u64 = 18446704972327288832}}, {events = 32767, data = {ptr = 0x911f10, fd = 9510672, u32 = 9510672, u64 = 9510672}}, {events = 9510672, data = {ptr = 0x710a660000000000, fd = 0, u32 = 0, u64 = 8145435026238996480}}, {events = 32767, data = {ptr = 0x911e98, fd = 9510552, u32 = 9510552, u64 = 9510552}}, {events = 9444790, data = {ptr = 0x200000000, fd = 0, u32 = 0, u64 = 8589934592}}, {events = 0, data = {ptr = 0x7fff00000001, fd = 1, u32 = 1, u64 = 140733193388033}}, {events = 0, data = {ptr = 0x56f20000000000, fd = 0, u32 = 0, u64 = 24472929811038208}}, {events = 0, data = {ptr = 0x0, fd = 0, u32 = 0, u64 = 0}}, {events = 0, data = {ptr = 0x911e3800000000, fd = 0, u32 = 0, u64 = 40847097490046976}}, {events = 0, data = {ptr = 0x0, fd = 0, u32 = 0, u64 = 0}}, {events = 4128564479, data = {ptr = 0x901da000007fff, fd = 32767, u32 = 32767, u64 = 40564969678340095}}, {events = 0, data = {ptr = 0x7fffd47a1bb0, fd = -730195024, u32 = 3564772272, u64 = 140736758160304}}, {events = 2926692816, data = {ptr = 0x911e3800007fff, fd = 32767, u32 = 32767, u64 = 40847097490079743}}, {events = 0, data = {ptr = 0x7fffffffde78, fd = -8584, u32 = 4294958712, u64 = 140737488346744}}, {events = 0, data = {ptr = 0xf7a9158c00000000, fd = 0, u32 = 0, u64 = 17845818689471905792}}, {events = 32767, data = {ptr = 0x900090, fd = 9437328, u32 = 9437328, u64 = 9437328}}, {events = 4294958640, data = {ptr = 0x90009000007fff, fd = 32767, u32 = 32767, u64 = 40533015121657855}}, {events = 0, data = {ptr = 0x901da0, fd = 9444768, u32 = 9444768, u64 = 9444768}}, {events = 22, data = {ptr = 0x901da000000000, fd = 0, u32 = 0, u64 = 40564969678307328}}, {events = 0, data = {ptr = 0x7fffd47a1bb0, fd = -730195024, u32 = 3564772272, u64 = 140736758160304}}, {events = 2926692816, data = {ptr = 0x911e3800007fff, fd = 32767, u32 = 32767, u64 = 40847097490079743}}, {events = 0, data = {ptr = 0x58a8b4 <Connection::onWriteOperation(boost::system::error_code const&)+260>, fd = 5810356, u32 = 5810356, u64 = 5810356}}, {events = 0, data = {ptr = 0xf71e50e000000000, fd = 0, u32 = 0, u64 = 17806758899672416256}}, {events = 32767, data = {ptr = 0xffffde30, fd = -8656, u32 = 4294958640, u64 = 4294958640}}, {events = 22, data = {ptr = 0x0, fd = 0, u32 = 0, u64 = 0}}, {events = 0, data = {ptr = 0x0, fd = 0, u32 = 0, u64 = 0}}, {events = 4294958640, data = {ptr = 0x58574500007fff, fd = 32767, u32 = 32767, u64 = 24865751814930431}}, {events = 0, data = {ptr = 0x11, fd = 17, u32 = 17, u64 = 17}}, {events = 4155593817, data = {ptr = 0xffffde3000007fff, fd = 32767, u32 = 32767, u64 = 18446706896472670207}}, {events = 32767, data = {ptr = 0x0, fd = 0, u32 = 0, u64 = 0}}, {events = 0, data = {ptr = 0x0, fd = 0, u32 = 0, u64 = 0}}, {events = 13, data = {ptr = 0x911e98, fd = 9510552, u32 = 9510552, u64 = 9510552}}, {events = 4294958720, data = {ptr = 0x90009000007fff, fd = 32767, u32 = 32767, u64 = 40533015121657855}}, {events = 0, data = {ptr = 0x0, fd = 0, u32 = 0, u64 = 0}}, {events = 0, data = {ptr = 0x9000c000000000, fd = 0, u32 = 0, u64 = 40533221280055296}}, {events = 0, data = {ptr = 0x0, fd = 0, u32 = 0, u64 = 0}}, {events = 4155053452, data = {ptr = 0x901d9000007fff, fd = 32767, u32 = 32767, u64 = 40564900958863359}}, {events = 0, data = {ptr = 0x0, fd = 0, u32 = 0, u64 = 0}}, {events = 4145959136, data = {ptr = 0x58a73100007fff, fd = 32767, u32 = 32767, u64 = 24953626845806591}}, {events = 0, data = {ptr = 0x7fff929b8a10, fd = -1835300336, u32 = 2459666960, u64 = 140735653054992}}, {events = 4294958720, data = {ptr = 0x90009000007fff, fd = 32767, u32 = 32767, u64 = 40533015121657855}}, {events = 0, data = {ptr = 0x7fffffffde80, fd = -8576, u32 = 4294958720, u64 = 140737488346752}}, {events = 9437328, data = {ptr = 0x58646e00000000, fd = 0, u32 = 0, u64 = 24880221559717888}}, {events = 0, data = {ptr = 0x901da0, fd = 9444768, u32 = 9444768, u64 = 9444768}}, {events = 9444752, data = {ptr = 0xffffde8000000000, fd = 0, u32 = 0, u64 = 18446707240070021120}}, {events = 32767, data = {ptr = 0x0, fd = 0, u32 = 0, u64 = 0}}, {events = 0, data = {ptr = 0x0, fd = 0, u32 = 0, u64 = 0}}, {events = 32767, data = {ptr = 0x58a720 <Connection::handleTimeout(std::weak_ptr<Connection>, boost::system::error_code const&)>, fd = 5809952, u32 = 5809952, u64 = 5809952}}, {events = 9444768, data = {ptr = 0x901d9000000000, fd = 0, u32 = 0, u64 = 40564900958830592}}, {events = 0, data = {ptr = 0x6e6972750000007d, fd = 125, u32 = 125, u64 = 7956016063563432061}}}
2020-10-21 22:13:39 -          num_events = <optimized out>
2020-10-21 22:13:39 -          check_timers = <optimized out>
2020-10-21 22:13:39 -  #2  0x000000000055dcd3 in do_run_one (ec=..., this_thread=..., lock=<synthetic pointer>, this=0x900090) at /usr/include/boost/asio/detail/impl/task_io_service.ipp:356
2020-10-21 22:13:39 -          more_handlers = <optimized out>
2020-10-21 22:13:39 -  #3  run (ec=..., this=0x900090) at /usr/include/boost/asio/detail/impl/task_io_service.ipp:149
2020-10-21 22:13:39 -          this_thread = {private_op_queue = {front_ = 0x0, back_ = 0x0}, private_outstanding_work = 0}
2020-10-21 22:13:39 -          ctx = {key_ = 0x900090, value_ = 0x7fffffffdf40, next_ = 0x0}
2020-10-21 22:13:39 -          lock = {mutex_ = @0x9000c0, locked_ = <optimized out>}
2020-10-21 22:13:39 -          n = 137816
2020-10-21 22:13:39 -  #4  _ZN5boost4asio10io_service3runEv.isra.226 () at /usr/include/boost/asio/impl/io_service.ipp:59
2020-10-21 22:13:39 -          ec = {m_val = 0, m_cat = 0x7ffff71e50e0}
2020-10-21 22:13:39 -  #5  ServiceManager::run() (this=this@entry=0x7fffffffdff0) at /home/otg/src/server.cpp:47
2020-10-21 22:13:39 -  No locals.
2020-10-21 22:13:39 -  #6  0x0000000000474c46 in main (argc=1, argv=0x7fffffffe1b8) at /home/otg/src/otserv.cpp:96
2020-10-21 22:13:39 -          serviceManager = {acceptors = {_M_h = {_M_buckets = 0x7fff9fce5420, _M_bucket_count = 5, _M_before_begin = {_M_nxt = 0x7fff929b8ae0}, _M_element_count = 2, _M_rehash_policy = {_M_max_load_factor = 1, _M_next_resize = 5}, _M_single_bucket = 0x0}}, io_service = {service_registry_ = 0x900040, impl_ = @0x900090}, signals = {set = {<No data fields>}}, death_timer = {<No data fields>}, running = true}
2020-10-21 22:13:39 -  ip inválido
2020-10-21 22:13:39 -  ip inválido
2020-10-21 22:13:39 -  ip inválido
2020-10-21 22:13:39 -  ip inválido
2020-10-21 22:13:39 -  ip inválido
2020-10-21 22:13:39 -  ip inválido
2020-10-21 22:13:39 -  ip inválido
2020-10-21 22:13:39 -  ip inválido
2020-10-21 22:13:39 -  ip inválido
2020-10-21 22:13:39 -  ip inválido
2020-10-21 22:13:39 -  ip inválido
2020-10-21 22:13:39 -  ip inválido
2020-10-21 22:13:39 -  ip inválido
2020-10-21 22:13:39 -  ip inválido
2020-10-21 22:13:39 -  ip inválido
2020-10-21 22:13:39 -  ip inválido
2020-10-21 22:13:39 -  ip inválido
2020-10-21 22:13:39 -  ip inválido
2020-10-21 22:13:39 -  ip inválido
2020-10-21 22:13:39 -  ip inválido
2020-10-21 22:13:39 -  ip inválido
2020-10-21 22:13:39 -  ip inválido
2020-10-21 22:13:39 -  ip inválido
2020-10-21 22:13:39 -  ip inválido
2020-10-21 22:13:39 -  ip inválido
2020-10-21 22:13:39 -  ip inválido
2020-10-21 22:13:39 -  ip inválido
2020-10-21 22:13:39 -  ip inválido
2020-10-21 22:13:39 -  ip inválido
2020-10-21 22:13:39 -  ip inválido
2020-10-21 22:13:39 -  ip inválido
2020-10-21 22:13:39 -  ip inválido
2020-10-21 22:13:39 -  ip inválido
2020-10-21 22:13:39 -  ip inválido
2020-10-21 22:13:39 -  ip inválido
2020-10-21 22:13:39 -  ip inválido
2020-10-21 22:13:39 -  ip inválido
2020-10-21 22:13:39 -  ip inválido
2020-10-21 22:13:39 -  ip inválido
2020-10-21 22:13:39 -  ip inválido
2020-10-21 22:13:39 -  ip inválido
2020-10-21 22:13:39 -  ip inválido
2020-10-21 22:13:39 -  ip inválido
2020-10-21 22:13:39 -  ip inválido
2020-10-21 22:13:39 -  ip inválido
2020-10-21 22:13:39 -  ip inválido
2020-10-21 22:13:39 -  ip inválido
2020-10-21 22:13:39 -  ip inválido
2020-10-21 22:13:39 -  eu sou o checkWarmode... 22:0!
2020-10-21 22:13:39 -  ip inválido
2020-10-21 22:13:39 -  ip inválido
2020-10-21 22:13:39 -  ip inválido
2020-10-21 22:13:39 -  ip inválido
2020-10-21 22:13:39 -  ip inválido
2020-10-21 22:13:39 -  ip inválido
2020-10-21 22:13:39 -  ip inválido
2020-10-21 22:13:39 -  ip inválido
2020-10-21 22:13:39 -  ip inválido
2020-10-21 22:13:39 -  ip inválido
2020-10-21 22:13:39 -  ip inválido
2020-10-21 22:13:39 -  ip inválido
2020-10-21 22:13:39 -  Saving server...
2020-10-21 22:13:40 -  > Saved house items in: 0.543 s
2020-10-21 22:13:40 -  A debugging session is active.
2020-10-21 22:13:40 -  
2020-10-21 22:13:40 -  	Inferior 1 [process 7180] will be killed.
2020-10-21 22:13:40 -  
2020-10-21 22:13:40 -  Quit anyway? (y or n) [answered Y; input not from terminal]
