2020-10-24 00:57:09 -  [Thread debugging using libthread_db enabled]
2020-10-24 00:57:09 -  Using host libthread_db library "/lib/x86_64-linux-gnu/libthread_db.so.1".
2020-10-24 00:57:09 -  [New Thread 0x7ffff3dbb700 (LWP 24844)]
2020-10-24 00:57:09 -  [New Thread 0x7ffff35ba700 (LWP 24845)]
2020-10-24 00:57:09 -  The OTG-Premium-Version - Version: (1.3)
2020-10-24 00:57:09 -  Compiled with: GNU C++ version 5.4.0 20160609
2020-10-24 00:57:09 -  Compiled on Sep 17 2020 19:49:36 for platform x64
2020-10-24 00:57:09 -  
2020-10-24 00:57:09 -  Special Credits for: OTG Team, Johncore, Vankk, Erick Nunes, Leonardo Pereira, Leandro Baldissera, Talis, Marcomoa, Marson Schneider, Douglas, Mark Samman, OTXServer (Mattyx Gomez) and The Forgotten Server Developers.
2020-10-24 00:57:09 -  Link of repository: https://github.com/Johncorex/OTG-Premium-Version
2020-10-24 00:57:09 -  
2020-10-24 00:57:09 -  >> Loading config: config.lua
2020-10-24 00:57:09 -  >> Establishing database connection... MySQL 5.7.31
2020-10-24 00:57:09 -  >> Running database manager
2020-10-24 00:57:09 -  [New Thread 0x7ffff2ba7700 (LWP 24846)]
2020-10-24 00:57:09 -  > Optimizing table tile_store... [success]
2020-10-24 00:57:09 -  >> Loading vocations
2020-10-24 00:57:09 -  >> Loading items
2020-10-24 00:57:09 -  >> Loading script systems
2020-10-24 00:57:09 -  >> Loading lua libs
2020-10-24 00:57:10 -  [Warning - Event::checkScript] Can not load script: scripts/expboostaction.lua
2020-10-24 00:57:10 -  cannot open data/actions/scripts/expboostaction.lua: No such file or directory
2020-10-24 00:57:11 -  >> Loading lua scripts
2020-10-24 00:57:11 -  >> Loading monsters
2020-10-24 00:57:11 -  >> Loading lua monsters
2020-10-24 00:57:11 -  >> Loading outfits
2020-10-24 00:57:11 -  >> Loading prey data
2020-10-24 00:57:11 -  >> Checking world type... PVP
2020-10-24 00:57:11 -  >> Loading map
2020-10-24 00:57:13 -  > Map size: 34143x33812.
2020-10-24 00:57:18 -  > Map loading time: 7.227 seconds.
2020-10-24 00:57:19 -  > Loaded house items in: 0.012 s
2020-10-24 00:57:19 -  >> Initializing gamestate
2020-10-24 00:57:21 -  >> Loaded 43 npcs and spawned 72708 monsters.
2020-10-24 00:57:21 -  >> Loaded 27 towns with 1074 houses in total.
2020-10-24 00:57:21 -  [Castle War]
2020-10-24 00:57:21 -  [POWERGAMERS]
2020-10-24 00:57:21 -  [SISTEMA DE LOTERIA] OPERANTE
2020-10-24 00:57:21 -  Advanced NPC spawn system | All NPCs will be loaded trough lib.
2020-10-24 00:57:21 -  [REGEN BOOST] CARREGADO
2020-10-24 00:57:21 -  [SPOOF COUNTER]
2020-10-24 00:57:21 -  [STAMINA]
2020-10-24 00:57:21 -  warvariables
2020-10-24 00:57:21 -  eu sou o checkWarmode... 0:57!
2020-10-24 00:57:21 -  > Broadcasted message: "[Warmode] Atencao! A Guild Vai tomando desafiou a Guild TesteWarmode para uma batalha que vai iniciar agora! Use o comando !war, para juntar-se a sua guild.".
2020-10-24 00:57:21 -  >> Loaded all modules, server starting up...
2020-10-24 00:57:21 -  > Warning: OTG-Premium-Version has been executed as root user, please consider running it as a normal user.
2020-10-24 00:57:21 -  >> Honera Global Server Online!
2020-10-24 00:57:21 -  
2020-10-24 00:57:22 -  Dev Marson has logged in.
2020-10-24 00:57:24 -  funcao onLogin
2020-10-24 00:57:24 -  SABADOU!! NPC HONERA CRIADO
2020-10-24 00:57:24 -  Demonzin has logged in.
2020-10-24 00:57:24 -  funcao onLogin
2020-10-24 00:57:24 -  Robalo has logged in.
2020-10-24 02:07:22 -  funcao onLogin
2020-10-24 02:07:22 -  endWarmode
2020-10-24 02:07:22 -  > Broadcasted message: "[Warmode] A War acabou por tempo! Parabens para ambas as guilds por este emocionante empate! 0".
2020-10-24 02:07:22 -  eu sou o checkWarmode... 1:7!
2020-10-24 02:07:22 -  ip inválido
2020-10-24 02:07:22 -  eu sou o checkWarmode... 2:0!
2020-10-24 02:07:22 -  > Broadcasted message: "The dragons of the Dragonblaze Mountains have descended to Zao to protect the lizardkin!".
2020-10-24 03:14:22 -  eu sou o checkWarmode... 3:0!
2020-10-24 03:14:22 -  > Broadcasted message: "Let da mashing begin! Cyclops riot east of Thais.".
2020-10-24 03:57:11 -  
2020-10-24 03:57:11 -  Lua Script Error: [GlobalEvent Interface] 
2020-10-24 03:57:11 -  data/globalevents/scripts/bosses/Abyssador.lua:onThink
2020-10-24 03:57:11 -  data/lib/rewardboss.lua:8: Rewards can only be enabled to rewards bosses.
2020-10-24 03:57:11 -  stack traceback:
2020-10-24 03:57:11 -  	[C]: at 0x00602980
2020-10-24 03:57:11 -  	[C]: in function 'error'
2020-10-24 03:57:11 -  	data/lib/rewardboss.lua:8: in function 'setReward'
2020-10-24 03:57:11 -  	data/globalevents/scripts/bosses/Abyssador.lua:28: in function <data/globalevents/scripts/bosses/Abyssador.lua:21>
2020-10-24 03:57:11 -  [Error - GlobalEvents::think] Failed to execute event: Abyssador
2020-10-24 03:57:11 -  
2020-10-24 03:57:11 -  Lua Script Error: [GlobalEvent Interface] 
2020-10-24 03:57:11 -  data/globalevents/scripts/bosses/Deathstrike.lua:onThink
2020-10-24 03:57:11 -  data/lib/rewardboss.lua:8: Rewards can only be enabled to rewards bosses.
2020-10-24 03:57:11 -  stack traceback:
2020-10-24 03:57:11 -  	[C]: at 0x00602980
2020-10-24 03:57:11 -  	[C]: in function 'error'
2020-10-24 03:57:11 -  	data/lib/rewardboss.lua:8: in function 'setReward'
2020-10-24 03:57:11 -  	data/globalevents/scripts/bosses/Deathstrike.lua:28: in function <data/globalevents/scripts/bosses/Deathstrike.lua:21>
2020-10-24 03:57:11 -  [Error - GlobalEvents::think] Failed to execute event: Deathstrike
2020-10-24 03:57:11 -  
2020-10-24 03:57:11 -  Lua Script Error: [GlobalEvent Interface] 
2020-10-24 03:57:11 -  data/globalevents/scripts/bosses/Gnomevil.lua:onThink
2020-10-24 03:57:11 -  data/lib/rewardboss.lua:8: Rewards can only be enabled to rewards bosses.
2020-10-24 03:57:11 -  stack traceback:
2020-10-24 03:57:11 -  	[C]: at 0x00602980
2020-10-24 03:57:11 -  	[C]: in function 'error'
2020-10-24 03:57:11 -  	data/lib/rewardboss.lua:8: in function 'setReward'
2020-10-24 03:57:11 -  	data/globalevents/scripts/bosses/Gnomevil.lua:28: in function <data/globalevents/scripts/bosses/Gnomevil.lua:21>
2020-10-24 03:57:11 -  [Error - GlobalEvents::think] Failed to execute event: Gnomevil
2020-10-24 05:05:00 -  eu sou o checkWarmode... 4:0!
2020-10-24 05:05:00 -  eu sou o checkWarmode... 5:0!
2020-10-24 05:05:00 -  Saving server...
2020-10-24 05:05:02 -  > Saved house items in: 1.387 s
2020-10-24 05:05:02 -  Robalo has logged out.
2020-10-24 05:05:02 -  Demonzin has logged out.
2020-10-24 05:05:02 -  Dev Marson has logged out.
2020-10-24 05:05:02 -  Saving server...
2020-10-24 05:05:02 -  > Saved house items in: 0.286 s
2020-10-24 05:05:02 -  eu sou o checkname
2020-10-24 05:05:02 -  Shutting down...Saving server...
2020-10-24 05:05:03 -  > Saved house items in: 0.276 s
2020-10-24 05:05:03 -  [Thread 0x7ffff2ba7700 (LWP 24846) exited]
2020-10-24 05:05:03 -  [Thread 0x7ffff35ba700 (LWP 24845) exited]
2020-10-24 05:05:06 -   done!
2020-10-24 05:05:06 -  [Thread 0x7ffff3dbb700 (LWP 24844) exited]
2020-10-24 05:05:21 -  [Inferior 1 (process 24840) exited normally]
