2020-10-21 16:15:40 -  [Thread debugging using libthread_db enabled]
2020-10-21 16:15:40 -  Using host libthread_db library "/lib/x86_64-linux-gnu/libthread_db.so.1".
2020-10-21 16:15:40 -  [New Thread 0x7ffff3dbb700 (LWP 5681)]
2020-10-21 16:15:40 -  [New Thread 0x7ffff35ba700 (LWP 5682)]
2020-10-21 16:15:40 -  The OTG-Premium-Version - Version: (1.3)
2020-10-21 16:15:40 -  Compiled with: GNU C++ version 5.4.0 20160609
2020-10-21 16:15:40 -  Compiled on Sep 17 2020 19:49:36 for platform x64
2020-10-21 16:15:40 -  
2020-10-21 16:15:40 -  Special Credits for: OTG Team, Johncore, Vankk, Erick Nunes, Leonardo Pereira, Leandro Baldissera, Talis, Marcomoa, Marson Schneider, Douglas, Mark Samman, OTXServer (Mattyx Gomez) and The Forgotten Server Developers.
2020-10-21 16:15:40 -  Link of repository: https://github.com/Johncorex/OTG-Premium-Version
2020-10-21 16:15:40 -  
2020-10-21 16:15:40 -  >> Loading config: config.lua
2020-10-21 16:15:40 -  >> Establishing database connection... MySQL 5.7.31
2020-10-21 16:15:40 -  >> Running database manager
2020-10-21 16:15:40 -  [New Thread 0x7ffff2ba7700 (LWP 5683)]
2020-10-21 16:15:40 -  > Optimizing table tile_store... [success]
2020-10-21 16:15:40 -  >> Loading vocations
2020-10-21 16:15:40 -  >> Loading items
2020-10-21 16:15:40 -  >> Loading script systems
2020-10-21 16:15:40 -  >> Loading lua libs
2020-10-21 16:15:41 -  [Warning - Event::checkScript] Can not load script: scripts/expboostaction.lua
2020-10-21 16:15:41 -  cannot open data/actions/scripts/expboostaction.lua: No such file or directory
2020-10-21 16:15:42 -  >> Loading lua scripts
2020-10-21 16:15:42 -  >> Loading monsters
2020-10-21 16:15:42 -  >> Loading lua monsters
2020-10-21 16:15:42 -  >> Loading outfits
2020-10-21 16:15:42 -  >> Loading prey data
2020-10-21 16:15:42 -  >> Checking world type... PVP
2020-10-21 16:15:42 -  >> Loading map
2020-10-21 16:15:44 -  > Map size: 34143x33812.
2020-10-21 16:15:50 -  > Map loading time: 7.493 seconds.
2020-10-21 16:15:51 -  > Loaded house items in: 0.011 s
2020-10-21 16:15:51 -  >> Initializing gamestate
2020-10-21 16:15:53 -  >> Loaded 43 npcs and spawned 72708 monsters.
2020-10-21 16:15:53 -  >> Loaded 27 towns with 1074 houses in total.
2020-10-21 16:15:53 -  [Castle War]
2020-10-21 16:15:53 -  [POWERGAMERS]
2020-10-21 16:15:53 -  [SISTEMA DE LOTERIA] OPERANTE
2020-10-21 16:15:53 -  Advanced NPC spawn system | All NPCs will be loaded trough lib.
2020-10-21 16:15:53 -  [REGEN BOOST] CARREGADO
2020-10-21 16:15:53 -  [SPOOF COUNTER]
2020-10-21 16:15:53 -  [STAMINA]
2020-10-21 16:15:53 -  warvariables
2020-10-21 16:15:53 -  Agenda:	10
2020-10-21 16:15:53 -  eu sou o checkWarmode... 16:15!
2020-10-21 16:15:53 -  Buscando valores guilds where id = 3
2020-10-21 16:15:53 -  > Broadcasted message: "[Warmode] Atencao Honerianos! A Guild TesteWarmode desafiou a Guild Vai tomando para uma batalha que vai iniciar agora!".
2020-10-21 16:15:53 -  16	15	45
2020-10-21 16:15:53 -  >> Loaded all modules, server starting up...
2020-10-21 16:15:53 -  > Warning: OTG-Premium-Version has been executed as root user, please consider running it as a normal user.
2020-10-21 16:15:53 -  >> Honera Global Server Online!
2020-10-21 16:15:53 -  
2020-10-21 16:15:53 -  Robalo has logged in.
2020-10-21 16:15:54 -  funcao onLogin
2020-10-21 16:15:54 -  Demonzin has logged in.
2020-10-21 16:15:55 -  funcao onLogin
2020-10-21 16:15:55 -  SABADOU!! NPC HONERA CRIADO
2020-10-21 16:15:55 -  Dev Marson has logged in.
2020-10-21 16:17:33 -  funcao onLogin
2020-10-21 16:17:33 -  funcaoKill!!
2020-10-21 16:17:33 -  um player que estava dentro da war, foi morto
2020-10-21 16:17:33 -  endWarmode
2020-10-21 16:17:33 -  Demonzin has logged out.
2020-10-21 16:17:39 -  Demonzin has logged in.
2020-10-21 16:17:53 -  funcao onLogin
2020-10-21 16:17:53 -  endWarmode
2020-10-21 16:17:53 -  [Error - mysql_real_query] Query: UPDATE `guild_warmode` SET `winner` = 5 `WHERE `challenger` = 3 AND `challenged` = 5 AND `winner` = 0
2020-10-21 16:17:53 -  Message: You have an error in your SQL syntax; check the manual that corresponds to your MariaDB server version for the right syntax to use near '`WHERE `challenger` = 3 AND `challenged` = 5 AND `winner` = 0' at line 1
2020-10-21 16:23:28 -  
2020-10-21 16:23:28 -  Thread 1 "tfs" received signal SIGINT, Interrupt.
2020-10-21 16:23:28 -  0x00007ffff7b14ad3 in epoll_wait () at ../sysdeps/unix/syscall-template.S:84
2020-10-21 16:23:28 -  84	../sysdeps/unix/syscall-template.S: No such file or directory.
2020-10-21 16:23:28 -  
2020-10-21 16:23:28 -  Thread 4 (Thread 0x7ffff2ba7700 (LWP 5683)):
2020-10-21 16:23:28 -  #0  pthread_cond_wait@@GLIBC_2.3.2 () at ../sysdeps/unix/sysv/linux/x86_64/pthread_cond_wait.S:185
2020-10-21 16:23:28 -  No locals.
2020-10-21 16:23:28 -  #1  0x00007ffff5e7491c in std::condition_variable::wait(std::unique_lock<std::mutex>&) () from /usr/lib/x86_64-linux-gnu/libstdc++.so.6
2020-10-21 16:23:29 -  No symbol table info available.
2020-10-21 16:23:29 -  #2  0x00000000006228bf in DatabaseTasks::threadMain() (this=0x8e39a0 <g_databaseTasks>) at /home/otg/src/databasetasks.cpp:42
2020-10-21 16:23:29 -          taskLockUnique = {_M_device = 0x8e3a08 <g_databaseTasks+104>, _M_owns = true}
2020-10-21 16:23:29 -  #3  0x00007ffff5e79c80 in ?? () from /usr/lib/x86_64-linux-gnu/libstdc++.so.6
2020-10-21 16:23:29 -  No symbol table info available.
2020-10-21 16:23:29 -  #4  0x00007ffff614a6ba in start_thread (arg=0x7ffff2ba7700) at pthread_create.c:333
2020-10-21 16:23:29 -          __res = <optimized out>
2020-10-21 16:23:29 -          pd = 0x7ffff2ba7700
2020-10-21 16:23:29 -          now = <optimized out>
2020-10-21 16:23:29 -          unwind_buf = {cancel_jmp_buf = {{jmp_buf = {140737265694464, -3908764644366830466, 0, 140737284647471, 140737265695168, 9334528, 3908739884443546750, 3908750001464063102}, mask_was_saved = 0}}, priv = {pad = {0x0, 0x0, 0x0, 0x0}, data = {prev = 0x0, cleanup = 0x0, canceltype = 0}}}
2020-10-21 16:23:29 -          not_first_call = <optimized out>
2020-10-21 16:23:29 -          pagesize_m1 = <optimized out>
2020-10-21 16:23:29 -          sp = <optimized out>
2020-10-21 16:23:29 -          freesize = <optimized out>
2020-10-21 16:23:29 -          __PRETTY_FUNCTION__ = "start_thread"
2020-10-21 16:23:29 -  #5  0x00007ffff7b144dd in clone () at ../sysdeps/unix/sysv/linux/x86_64/clone.S:109
2020-10-21 16:23:29 -  No locals.
2020-10-21 16:23:29 -  
2020-10-21 16:23:29 -  Thread 3 (Thread 0x7ffff35ba700 (LWP 5682)):
2020-10-21 16:23:29 -  #0  pthread_cond_timedwait@@GLIBC_2.3.2 () at ../sysdeps/unix/sysv/linux/x86_64/pthread_cond_timedwait.S:225
2020-10-21 16:23:29 -  No locals.
2020-10-21 16:23:29 -  #1  0x0000000000506210 in __gthread_cond_timedwait () at /usr/include/x86_64-linux-gnu/c++/5/bits/gthr-default.h:871
2020-10-21 16:23:29 -  No locals.
2020-10-21 16:23:29 -  #2  std::condition_variable::__wait_until_impl (__atime=..., __lock=..., this=0x8e6fa0 <g_scheduler+64>) at /usr/include/c++/5/condition_variable:165
2020-10-21 16:23:29 -          __ts = {tv_sec = 1603311808, tv_nsec = 851088273}
2020-10-21 16:23:29 -  #3  std::condition_variable::wait_until<std::chrono::duration<long, std::ratio<1l, 1000000000l> > > () at /usr/include/c++/5/condition_variable:105
2020-10-21 16:23:29 -          __lock = @0x7ffff35b9e90: {_M_device = 0x8e6f78 <g_scheduler+24>, _M_owns = true}
2020-10-21 16:23:29 -          this = 0x8e6fa0 <g_scheduler+64>
2020-10-21 16:23:29 -  #4  Scheduler::threadMain (this=0x8e6f60 <g_scheduler>) at /home/otg/src/scheduler.cpp:36
2020-10-21 16:23:29 -          ret = std::cv_status::no_timeout
2020-10-21 16:23:29 -          eventLockUnique = {_M_device = 0x8e6f78 <g_scheduler+24>, _M_owns = true}
2020-10-21 16:23:29 -  #5  0x00007ffff5e79c80 in ?? () from /usr/lib/x86_64-linux-gnu/libstdc++.so.6
2020-10-21 16:23:29 -  No symbol table info available.
2020-10-21 16:23:29 -  #6  0x00007ffff614a6ba in start_thread (arg=0x7ffff35ba700) at pthread_create.c:333
2020-10-21 16:23:29 -          __res = <optimized out>
2020-10-21 16:23:29 -          pd = 0x7ffff35ba700
2020-10-21 16:23:29 -          now = <optimized out>
2020-10-21 16:23:29 -          unwind_buf = {cancel_jmp_buf = {{jmp_buf = {140737276258048, -3908764644366830466, 0, 140737488346847, 140737276258752, 9437376, 3908739599365092478, 3908750001464063102}, mask_was_saved = 0}}, priv = {pad = {0x0, 0x0, 0x0, 0x0}, data = {prev = 0x0, cleanup = 0x0, canceltype = 0}}}
2020-10-21 16:23:29 -          not_first_call = <optimized out>
2020-10-21 16:23:29 -          pagesize_m1 = <optimized out>
2020-10-21 16:23:29 -          sp = <optimized out>
2020-10-21 16:23:29 -          freesize = <optimized out>
2020-10-21 16:23:29 -          __PRETTY_FUNCTION__ = "start_thread"
2020-10-21 16:23:29 -  #7  0x00007ffff7b144dd in clone () at ../sysdeps/unix/sysv/linux/x86_64/clone.S:109
2020-10-21 16:23:29 -  No locals.
2020-10-21 16:23:29 -  
2020-10-21 16:23:29 -  Thread 2 (Thread 0x7ffff3dbb700 (LWP 5681)):
2020-10-21 16:23:29 -  #0  pthread_cond_wait@@GLIBC_2.3.2 () at ../sysdeps/unix/sysv/linux/x86_64/pthread_cond_wait.S:185
2020-10-21 16:23:29 -  No locals.
2020-10-21 16:23:29 -  #1  0x00007ffff5e7491c in std::condition_variable::wait(std::unique_lock<std::mutex>&) () from /usr/lib/x86_64-linux-gnu/libstdc++.so.6
2020-10-21 16:23:29 -  No symbol table info available.
2020-10-21 16:23:29 -  #2  0x000000000055af7b in Dispatcher::threadMain() (this=0x8e6ec0 <g_dispatcher>) at /home/otg/src/tasks.cpp:50
2020-10-21 16:23:29 -          taskLockUnique = {_M_device = 0x8e6ed8 <g_dispatcher+24>, _M_owns = true}
2020-10-21 16:23:29 -  #3  0x00007ffff5e79c80 in ?? () from /usr/lib/x86_64-linux-gnu/libstdc++.so.6
2020-10-21 16:23:29 -  No symbol table info available.
2020-10-21 16:23:29 -  #4  0x00007ffff614a6ba in start_thread (arg=0x7ffff3dbb700) at pthread_create.c:333
2020-10-21 16:23:29 -          __res = <optimized out>
2020-10-21 16:23:29 -          pd = 0x7ffff3dbb700
2020-10-21 16:23:29 -          now = <optimized out>
2020-10-21 16:23:29 -          unwind_buf = {cancel_jmp_buf = {{jmp_buf = {140737284650752, -3908764644366830466, 0, 140737488346847, 140737284651456, 9437376, 3908738499316593790, 3908750001464063102}, mask_was_saved = 0}}, priv = {pad = {0x0, 0x0, 0x0, 0x0}, data = {prev = 0x0, cleanup = 0x0, canceltype = 0}}}
2020-10-21 16:23:29 -          not_first_call = <optimized out>
2020-10-21 16:23:29 -          pagesize_m1 = <optimized out>
2020-10-21 16:23:29 -          sp = <optimized out>
2020-10-21 16:23:29 -          freesize = <optimized out>
2020-10-21 16:23:29 -          __PRETTY_FUNCTION__ = "start_thread"
2020-10-21 16:23:29 -  #5  0x00007ffff7b144dd in clone () at ../sysdeps/unix/sysv/linux/x86_64/clone.S:109
2020-10-21 16:23:29 -  No locals.
2020-10-21 16:23:29 -  
2020-10-21 16:23:29 -  Thread 1 (Thread 0x7ffff7fe6740 (LWP 5677)):
2020-10-21 16:23:29 -  #0  0x00007ffff7b14ad3 in epoll_wait () at ../sysdeps/unix/syscall-template.S:84
2020-10-21 16:23:29 -  No locals.
2020-10-21 16:23:29 -  #1  0x00000000005b70e7 in boost::asio::detail::epoll_reactor::run(bool, boost::asio::detail::op_queue<boost::asio::detail::task_io_service_operation>&) [clone .constprop.204] (this=0x901570, block=<optimized out>, ops=...) at /usr/include/boost/asio/detail/impl/epoll_reactor.ipp:392
2020-10-21 16:23:29 -          timeout = <optimized out>
2020-10-21 16:23:30 -          events = {{events = 1, data = {ptr = 0x9015c8, fd = 9442760, u32 = 9442760, u64 = 9442760}}, {events = 0, data = {ptr = 0x0, fd = 0, u32 = 0, u64 = 0}} <repeats 51 times>, {events = 11, data = {ptr = 0xa100000000, fd = 0, u32 = 0, u64 = 691489734656}}, {events = 0, data = {ptr = 0x0, fd = 0, u32 = 0, u64 = 0}}, {events = 0, data = {ptr = 0x0, fd = 0, u32 = 0, u64 = 0}}, {events = 0, data = {ptr = 0x0, fd = 0, u32 = 0, u64 = 0}}, {events = 0, data = {ptr = 0x0, fd = 0, u32 = 0, u64 = 0}}, {events = 0, data = {ptr = 0x0, fd = 0, u32 = 0, u64 = 0}}, {events = 4155593817, data = {ptr = 0x7fff, fd = 32767, u32 = 32767, u64 = 32767}}, {events = 0, data = {ptr = 0x5828f4 <boost::asio::detail::reactive_socket_recv_op_base<boost::asio::mutable_buffers_1>::do_perform(boost::asio::detail::reactor_op*)+228>, fd = 5777652, u32 = 5777652, u64 = 5777652}}, {events = 0, data = {ptr = 0x1000000, fd = 16777216, u32 = 16777216, u64 = 16777216}}, {events = 15, data = {ptr = 0x9c2876, fd = 10233974, u32 = 10233974, u64 = 10233974}}, {events = 2, data = {ptr = 0x200000000, fd = 0, u32 = 0, u64 = 8589934592}}, {events = 0, data = {ptr = 0x5f9098bf, fd = 1603311807, u32 = 1603311807, u64 = 1603311807}}, {events = 0, data = {ptr = 0x0, fd = 0, u32 = 0, u64 = 0}}, {events = 0, data = {ptr = 0x7fffffffdb80, fd = -9344, u32 = 4294957952, u64 = 140737488345984}}, {events = 1, data = {ptr = 0x0, fd = 0, u32 = 0, u64 = 0}}, {events = 0, data = {ptr = 0x0, fd = 0, u32 = 0, u64 = 0}}, {events = 0, data = {ptr = 0x9c285000000000, fd = 0, u32 = 0, u64 = 43954420429357056}}, {events = 0, data = {ptr = 0x7fff910ed400, fd = -1861299200, u32 = 2433668096, u64 = 140735627056128}}, {events = 9643168, data = {ptr = 0x9d295800000000, fd = 0, u32 = 0, u64 = 44237029277433856}}, {events = 0, data = {ptr = 0x902b88, fd = 9448328, u32 = 9448328, u64 = 9448328}}, {events = 15, data = {ptr = 0x5200000000, fd = 0, u32 = 0, u64 = 352187318272}}, {events = 0, data = {ptr = 0x901570, fd = 9442672, u32 = 9442672, u64 = 9442672}}, {events = 6449413, data = {ptr = 0x0, fd = 0, u32 = 0, u64 = 0}}, {events = 0, data = {ptr = 0xf, fd = 15, u32 = 15, u64 = 15}}, {events = 0, data = {ptr = 0x56f20000000000, fd = 0, u32 = 0, u64 = 24472929811038208}}, {events = 0, data = {ptr = 0x0, fd = 0, u32 = 0, u64 = 0}}, {events = 0, data = {ptr = 0xffffdc7000000000, fd = 0, u32 = 0, u64 = 18446704972327288832}}, {events = 32767, data = {ptr = 0x9324a0, fd = 9643168, u32 = 9643168, u64 = 9643168}}, {events = 9643168, data = {ptr = 0x90220000000000, fd = 0, u32 = 0, u64 = 40569780041678848}}, {events = 0, data = {ptr = 0x9d2958, fd = 10299736, u32 = 10299736, u64 = 10299736}}, {events = 10233974, data = {ptr = 0x200000000, fd = 0, u32 = 0, u64 = 8589934592}}, {events = 0, data = {ptr = 0x7fff00000001, fd = 1, u32 = 1, u64 = 140733193388033}}, {events = 0, data = {ptr = 0x56f20000000000, fd = 0, u32 = 0, u64 = 24472929811038208}}, {events = 0, data = {ptr = 0x0, fd = 0, u32 = 0, u64 = 0}}, {events = 0, data = {ptr = 0x9d28f800000000, fd = 0, u32 = 0, u64 = 44236616960573440}}, {events = 0, data = {ptr = 0x0, fd = 0, u32 = 0, u64 = 0}}, {events = 4128564479, data = {ptr = 0x9c286000007fff, fd = 32767, u32 = 32767, u64 = 43954489148866559}}, {events = 0, data = {ptr = 0x7fffd47a1bb0, fd = -730195024, u32 = 3564772272, u64 = 140736758160304}}, {events = 3589071328, data = {ptr = 0x9d28f800007fff, fd = 32767, u32 = 32767, u64 = 44236616960606207}}, {events = 0, data = {ptr = 0x7fffffffde78, fd = -8584, u32 = 4294958712, u64 = 140737488346744}}, {events = 0, data = {ptr = 0xf7a9158c00000000, fd = 0, u32 = 0, u64 = 17845818689471905792}}, {events = 32767, data = {ptr = 0x900090, fd = 9437328, u32 = 9437328, u64 = 9437328}}, {events = 4294958640, data = {ptr = 0x90009000007fff, fd = 32767, u32 = 32767, u64 = 40533015121657855}}, {events = 0, data = {ptr = 0x9c2860, fd = 10233952, u32 = 10233952, u64 = 10233952}}, {events = 22, data = {ptr = 0x9c286000000000, fd = 0, u32 = 0, u64 = 43954489148833792}}, {events = 0, data = {ptr = 0x7fffd47a1bb0, fd = -730195024, u32 = 3564772272, u64 = 140736758160304}}, {events = 3589071328, data = {ptr = 0x9d28f800007fff, fd = 32767, u32 = 32767, u64 = 44236616960606207}}, {events = 0, data = {ptr = 0x58a8b4 <Connection::onWriteOperation(boost::system::error_code const&)+260>, fd = 5810356, u32 = 5810356, u64 = 5810356}}, {events = 0, data = {ptr = 0xf71e50e000000000, fd = 0, u32 = 0, u64 = 17806758899672416256}}, {events = 32767, data = {ptr = 0xffffde30, fd = -8656, u32 = 4294958640, u64 = 4294958640}}, {events = 22, data = {ptr = 0x0, fd = 0, u32 = 0, u64 = 0}}, {events = 0, data = {ptr = 0x0, fd = 0, u32 = 0, u64 = 0}}, {events = 4294958640, data = {ptr = 0x58574500007fff, fd = 32767, u32 = 32767, u64 = 24865751814930431}}, {events = 0, data = {ptr = 0x11, fd = 17, u32 = 17, u64 = 17}}, {events = 4155593817, data = {ptr = 0xffffde3000007fff, fd = 32767, u32 = 32767, u64 = 18446706896472670207}}, {events = 32767, data = {ptr = 0x0, fd = 0, u32 = 0, u64 = 0}}, {events = 0, data = {ptr = 0x0, fd = 0, u32 = 0, u64 = 0}}, {events = 15, data = {ptr = 0x9d2958, fd = 10299736, u32 = 10299736, u64 = 10299736}}, {events = 4294958720, data = {ptr = 0x90009000007fff, fd = 32767, u32 = 32767, u64 = 40533015121657855}}, {events = 0, data = {ptr = 0x0, fd = 0, u32 = 0, u64 = 0}}, {events = 0, data = {ptr = 0x9000c000000000, fd = 0, u32 = 0, u64 = 40533221280055296}}, {events = 0, data = {ptr = 0x0, fd = 0, u32 = 0, u64 = 0}}, {events = 4155053452, data = {ptr = 0x9c285000007fff, fd = 32767, u32 = 32767, u64 = 43954420429389823}}, {events = 0, data = {ptr = 0x0, fd = 0, u32 = 0, u64 = 0}}, {events = 4145959136, data = {ptr = 0x58a73100007fff, fd = 32767, u32 = 32767, u64 = 24953626845806591}}, {events = 0, data = {ptr = 0x7fff912200d0, fd = -1860042544, u32 = 2434924752, u64 = 140735628312784}}, {events = 4294958720, data = {ptr = 0x90009000007fff, fd = 32767, u32 = 32767, u64 = 40533015121657855}}, {events = 0, data = {ptr = 0x7fffffffde80, fd = -8576, u32 = 4294958720, u64 = 140737488346752}}, {events = 9437328, data = {ptr = 0x58646e00000000, fd = 0, u32 = 0, u64 = 24880221559717888}}, {events = 0, data = {ptr = 0x9c2860, fd = 10233952, u32 = 10233952, u64 = 10233952}}, {events = 10233936, data = {ptr = 0xffffde8000000000, fd = 0, u32 = 0, u64 = 18446707240070021120}}, {events = 32767, data = {ptr = 0x0, fd = 0, u32 = 0, u64 = 0}}, {events = 0, data = {ptr = 0x0, fd = 0, u32 = 0, u64 = 0}}, {events = 0, data = {ptr = 0x58a720 <Connection::handleTimeout(std::weak_ptr<Connection>, boost::system::error_code const&)>, fd = 5809952, u32 = 5809952, u64 = 5809952}}, {events = 10233952, data = {ptr = 0x9c285000000000, fd = 0, u32 = 0, u64 = 43954420429357056}}, {events = 0, data = {ptr = 0x7fff0000007d, fd = 125, u32 = 125, u64 = 140733193388157}}}
2020-10-21 16:23:30 -          num_events = <optimized out>
2020-10-21 16:23:30 -          check_timers = <optimized out>
2020-10-21 16:23:30 -  #2  0x000000000055dcd3 in do_run_one (ec=..., this_thread=..., lock=<synthetic pointer>, this=0x900090) at /usr/include/boost/asio/detail/impl/task_io_service.ipp:356
2020-10-21 16:23:30 -          more_handlers = <optimized out>
2020-10-21 16:23:30 -  #3  run (ec=..., this=0x900090) at /usr/include/boost/asio/detail/impl/task_io_service.ipp:149
2020-10-21 16:23:30 -          this_thread = {private_op_queue = {front_ = 0x0, back_ = 0x0}, private_outstanding_work = 0}
2020-10-21 16:23:30 -          ctx = {key_ = 0x900090, value_ = 0x7fffffffdf40, next_ = 0x0}
2020-10-21 16:23:30 -          lock = {mutex_ = @0x9000c0, locked_ = <optimized out>}
2020-10-21 16:23:30 -          n = 5712
2020-10-21 16:23:30 -  #4  _ZN5boost4asio10io_service3runEv.isra.226 () at /usr/include/boost/asio/impl/io_service.ipp:59
2020-10-21 16:23:30 -          ec = {m_val = 0, m_cat = 0x7ffff71e50e0}
2020-10-21 16:23:30 -  #5  ServiceManager::run() (this=this@entry=0x7fffffffdff0) at /home/otg/src/server.cpp:47
2020-10-21 16:23:30 -  No locals.
2020-10-21 16:23:30 -  #6  0x0000000000474c46 in main (argc=1, argv=0x7fffffffe1b8) at /home/otg/src/otserv.cpp:96
2020-10-21 16:23:30 -          serviceManager = {acceptors = {_M_h = {_M_buckets = 0x7fff9f41e4b0, _M_bucket_count = 5, _M_before_begin = {_M_nxt = 0x7fff912201a0}, _M_element_count = 2, _M_rehash_policy = {_M_max_load_factor = 1, _M_next_resize = 5}, _M_single_bucket = 0x0}}, io_service = {service_registry_ = 0x900040, impl_ = @0x900090}, signals = {set = {<No data fields>}}, death_timer = {<No data fields>}, running = true}
2020-10-21 16:23:30 -  > Broadcasted message: "[Warmode] A War acabou por tempo! Parabens a Guild Vencedora Vai tomando!".
2020-10-21 16:23:30 -  removendo players da tabela porque a war acabou
2020-10-21 16:23:30 -  Saving server...
2020-10-21 16:23:30 -  > Saved house items in: 0.408 s
2020-10-21 16:23:30 -  A debugging session is active.
2020-10-21 16:23:30 -  
2020-10-21 16:23:30 -  	Inferior 1 [process 5677] will be killed.
2020-10-21 16:23:30 -  
2020-10-21 16:23:30 -  Quit anyway? (y or n) [answered Y; input not from terminal]
