2020-10-20 19:17:02 -  [Thread debugging using libthread_db enabled]
2020-10-20 19:17:02 -  Using host libthread_db library "/lib/x86_64-linux-gnu/libthread_db.so.1".
2020-10-20 19:17:02 -  [New Thread 0x7ffff3dbb700 (LWP 9696)]
2020-10-20 19:17:02 -  [New Thread 0x7ffff35ba700 (LWP 9697)]
2020-10-20 19:17:02 -  The OTG-Premium-Version - Version: (1.3)
2020-10-20 19:17:02 -  Compiled with: GNU C++ version 5.4.0 20160609
2020-10-20 19:17:02 -  Compiled on Sep 17 2020 19:49:36 for platform x64
2020-10-20 19:17:02 -  
2020-10-20 19:17:02 -  Special Credits for: OTG Team, Johncore, Vankk, Erick Nunes, Leonardo Pereira, Leandro Baldissera, Talis, Marcomoa, Marson Schneider, Douglas, Mark Samman, OTXServer (Mattyx Gomez) and The Forgotten Server Developers.
2020-10-20 19:17:02 -  Link of repository: https://github.com/Johncorex/OTG-Premium-Version
2020-10-20 19:17:02 -  
2020-10-20 19:17:02 -  >> Loading config: config.lua
2020-10-20 19:17:02 -  >> Establishing database connection... MySQL 5.7.31
2020-10-20 19:17:02 -  >> Running database manager
2020-10-20 19:17:02 -  [New Thread 0x7ffff2ba7700 (LWP 9698)]
2020-10-20 19:17:02 -  > Optimizing table tile_store... [success]
2020-10-20 19:17:02 -  >> Loading vocations
2020-10-20 19:17:02 -  >> Loading items
2020-10-20 19:17:03 -  >> Loading script systems
2020-10-20 19:17:03 -  >> Loading lua libs
2020-10-20 19:17:03 -  [Warning - Event::checkScript] Can not load script: scripts/expboostaction.lua
2020-10-20 19:17:03 -  cannot open data/actions/scripts/expboostaction.lua: No such file or directory
2020-10-20 19:17:04 -  >> Loading lua scripts
2020-10-20 19:17:04 -  >> Loading monsters
2020-10-20 19:17:04 -  >> Loading lua monsters
2020-10-20 19:17:04 -  >> Loading outfits
2020-10-20 19:17:04 -  >> Loading prey data
2020-10-20 19:17:04 -  >> Checking world type... PVP
2020-10-20 19:17:04 -  >> Loading map
2020-10-20 19:17:06 -  > Map size: 34143x33812.
2020-10-20 19:17:12 -  > Map loading time: 7.2 seconds.
2020-10-20 19:17:13 -  > Loaded house items in: 0.013 s
2020-10-20 19:17:13 -  >> Initializing gamestate
2020-10-20 19:17:15 -  >> Loaded 43 npcs and spawned 72708 monsters.
2020-10-20 19:17:15 -  >> Loaded 27 towns with 1074 houses in total.
2020-10-20 19:17:15 -  [Castle War]
2020-10-20 19:17:15 -  [POWERGAMERS]
2020-10-20 19:17:15 -  [SISTEMA DE LOTERIA] OPERANTE
2020-10-20 19:17:15 -  Advanced NPC spawn system | All NPCs will be loaded trough lib.
2020-10-20 19:17:15 -  [REGEN BOOST] CARREGADO
2020-10-20 19:17:15 -  [SPOOF COUNTER]
2020-10-20 19:17:15 -  [STAMINA]
2020-10-20 19:17:15 -  warvariables
2020-10-20 19:17:15 -  Agenda:	20
2020-10-20 19:17:15 -  eu sou o checkWarmode... 19:17!
2020-10-20 19:17:15 -  Buscando valores guilds where id = 3
2020-10-20 19:17:15 -  > Broadcasted message: "[Warmode] Atencao Honerianos! A Guild TesteWarmode desafiou a Guild Vai tomando para uma batalha que vai iniciar agora!".
2020-10-20 19:17:15 -  19	17	43
2020-10-20 19:17:15 -  >> Loaded all modules, server starting up...
2020-10-20 19:17:15 -  > Warning: OTG-Premium-Version has been executed as root user, please consider running it as a normal user.
2020-10-20 19:17:15 -  >> Honera Global Server Online!
2020-10-20 19:17:15 -  
2020-10-20 19:17:15 -  Robalo has logged in.
2020-10-20 19:17:16 -  Dev Marson has logged in.
2020-10-20 20:29:05 -  
2020-10-20 20:29:05 -  Thread 1 "tfs" received signal SIGINT, Interrupt.
2020-10-20 20:29:05 -  0x00007ffff7b14ad3 in epoll_wait () at ../sysdeps/unix/syscall-template.S:84
2020-10-20 20:29:05 -  84	../sysdeps/unix/syscall-template.S: No such file or directory.
2020-10-20 20:29:05 -  
2020-10-20 20:29:05 -  Thread 4 (Thread 0x7ffff2ba7700 (LWP 9698)):
2020-10-20 20:29:05 -  #0  pthread_cond_wait@@GLIBC_2.3.2 () at ../sysdeps/unix/sysv/linux/x86_64/pthread_cond_wait.S:185
2020-10-20 20:29:05 -  No locals.
2020-10-20 20:29:05 -  #1  0x00007ffff5e7491c in std::condition_variable::wait(std::unique_lock<std::mutex>&) () from /usr/lib/x86_64-linux-gnu/libstdc++.so.6
2020-10-20 20:29:05 -  No symbol table info available.
2020-10-20 20:29:05 -  #2  0x00000000006228bf in DatabaseTasks::threadMain() (this=0x8e39a0 <g_databaseTasks>) at /home/otg/src/databasetasks.cpp:42
2020-10-20 20:29:05 -          taskLockUnique = {_M_device = 0x8e3a08 <g_databaseTasks+104>, _M_owns = true}
2020-10-20 20:29:05 -  #3  0x00007ffff5e79c80 in ?? () from /usr/lib/x86_64-linux-gnu/libstdc++.so.6
2020-10-20 20:29:05 -  No symbol table info available.
2020-10-20 20:29:05 -  #4  0x00007ffff614a6ba in start_thread (arg=0x7ffff2ba7700) at pthread_create.c:333
2020-10-20 20:29:05 -          __res = <optimized out>
2020-10-20 20:29:05 -          pd = 0x7ffff2ba7700
2020-10-20 20:29:05 -          now = <optimized out>
2020-10-20 20:29:05 -          unwind_buf = {cancel_jmp_buf = {{jmp_buf = {140737265694464, 8571973475700255052, 0, 140737284647471, 140737265695168, 9334528, -8572002650865850036, -8571994560986273460}, mask_was_saved = 0}}, priv = {pad = {0x0, 0x0, 0x0, 0x0}, data = {prev = 0x0, cleanup = 0x0, canceltype = 0}}}
2020-10-20 20:29:05 -          not_first_call = <optimized out>
2020-10-20 20:29:05 -          pagesize_m1 = <optimized out>
2020-10-20 20:29:05 -          sp = <optimized out>
2020-10-20 20:29:05 -          freesize = <optimized out>
2020-10-20 20:29:05 -          __PRETTY_FUNCTION__ = "start_thread"
2020-10-20 20:29:05 -  #5  0x00007ffff7b144dd in clone () at ../sysdeps/unix/sysv/linux/x86_64/clone.S:109
2020-10-20 20:29:06 -  No locals.
2020-10-20 20:29:06 -  
2020-10-20 20:29:06 -  Thread 3 (Thread 0x7ffff35ba700 (LWP 9697)):
2020-10-20 20:29:06 -  #0  pthread_cond_timedwait@@GLIBC_2.3.2 () at ../sysdeps/unix/sysv/linux/x86_64/pthread_cond_timedwait.S:225
2020-10-20 20:29:06 -  No locals.
2020-10-20 20:29:06 -  #1  0x0000000000506210 in __gthread_cond_timedwait () at /usr/include/x86_64-linux-gnu/c++/5/bits/gthr-default.h:871
2020-10-20 20:29:06 -  No locals.
2020-10-20 20:29:06 -  #2  std::condition_variable::__wait_until_impl (__atime=..., __lock=..., this=0x8e6fa0 <g_scheduler+64>) at /usr/include/c++/5/condition_variable:165
2020-10-20 20:29:06 -          __ts = {tv_sec = 1603240145, tv_nsec = 419599527}
2020-10-20 20:29:06 -  #3  std::condition_variable::wait_until<std::chrono::duration<long, std::ratio<1l, 1000000000l> > > () at /usr/include/c++/5/condition_variable:105
2020-10-20 20:29:06 -          __lock = @0x7ffff35b9e90: {_M_device = 0x8e6f78 <g_scheduler+24>, _M_owns = true}
2020-10-20 20:29:06 -          this = 0x8e6fa0 <g_scheduler+64>
2020-10-20 20:29:06 -  #4  Scheduler::threadMain (this=0x8e6f60 <g_scheduler>) at /home/otg/src/scheduler.cpp:36
2020-10-20 20:29:06 -          ret = std::cv_status::no_timeout
2020-10-20 20:29:06 -          eventLockUnique = {_M_device = 0x8e6f78 <g_scheduler+24>, _M_owns = true}
2020-10-20 20:29:06 -  #5  0x00007ffff5e79c80 in ?? () from /usr/lib/x86_64-linux-gnu/libstdc++.so.6
2020-10-20 20:29:06 -  No symbol table info available.
2020-10-20 20:29:06 -  #6  0x00007ffff614a6ba in start_thread (arg=0x7ffff35ba700) at pthread_create.c:333
2020-10-20 20:29:06 -          __res = <optimized out>
2020-10-20 20:29:06 -          pd = 0x7ffff35ba700
2020-10-20 20:29:06 -          now = <optimized out>
2020-10-20 20:29:06 -          unwind_buf = {cancel_jmp_buf = {{jmp_buf = {140737276258048, 8571973475700255052, 0, 140737488346847, 140737276258752, 9437376, -8572000721888663220, -8571994560986273460}, mask_was_saved = 0}}, priv = {pad = {0x0, 0x0, 0x0, 0x0}, data = {prev = 0x0, cleanup = 0x0, canceltype = 0}}}
2020-10-20 20:29:06 -          not_first_call = <optimized out>
2020-10-20 20:29:06 -          pagesize_m1 = <optimized out>
2020-10-20 20:29:06 -          sp = <optimized out>
2020-10-20 20:29:06 -          freesize = <optimized out>
2020-10-20 20:29:06 -          __PRETTY_FUNCTION__ = "start_thread"
2020-10-20 20:29:06 -  #7  0x00007ffff7b144dd in clone () at ../sysdeps/unix/sysv/linux/x86_64/clone.S:109
2020-10-20 20:29:06 -  No locals.
2020-10-20 20:29:06 -  
2020-10-20 20:29:06 -  Thread 2 (Thread 0x7ffff3dbb700 (LWP 9696)):
2020-10-20 20:29:06 -  #0  pthread_cond_wait@@GLIBC_2.3.2 () at ../sysdeps/unix/sysv/linux/x86_64/pthread_cond_wait.S:185
2020-10-20 20:29:06 -  No locals.
2020-10-20 20:29:06 -  #1  0x00007ffff5e7491c in std::condition_variable::wait(std::unique_lock<std::mutex>&) () from /usr/lib/x86_64-linux-gnu/libstdc++.so.6
2020-10-20 20:29:06 -  No symbol table info available.
2020-10-20 20:29:06 -  #2  0x000000000055af7b in Dispatcher::threadMain() (this=0x8e6ec0 <g_dispatcher>) at /home/otg/src/tasks.cpp:50
2020-10-20 20:29:06 -          taskLockUnique = {_M_device = 0x8e6ed8 <g_dispatcher+24>, _M_owns = true}
2020-10-20 20:29:06 -  #3  0x00007ffff5e79c80 in ?? () from /usr/lib/x86_64-linux-gnu/libstdc++.so.6
2020-10-20 20:29:06 -  No symbol table info available.
2020-10-20 20:29:06 -  #4  0x00007ffff614a6ba in start_thread (arg=0x7ffff3dbb700) at pthread_create.c:333
2020-10-20 20:29:06 -          __res = <optimized out>
2020-10-20 20:29:06 -          pd = 0x7ffff3dbb700
2020-10-20 20:29:06 -          now = <optimized out>
2020-10-20 20:29:06 -          unwind_buf = {cancel_jmp_buf = {{jmp_buf = {140737284650752, 8571973475700255052, 0, 140737488346847, 140737284651456, 9437376, -8571999620766422708, -8571994560986273460}, mask_was_saved = 0}}, priv = {pad = {0x0, 0x0, 0x0, 0x0}, data = {prev = 0x0, cleanup = 0x0, canceltype = 0}}}
2020-10-20 20:29:06 -          not_first_call = <optimized out>
2020-10-20 20:29:06 -          pagesize_m1 = <optimized out>
2020-10-20 20:29:06 -          sp = <optimized out>
2020-10-20 20:29:06 -          freesize = <optimized out>
2020-10-20 20:29:06 -          __PRETTY_FUNCTION__ = "start_thread"
2020-10-20 20:29:06 -  #5  0x00007ffff7b144dd in clone () at ../sysdeps/unix/sysv/linux/x86_64/clone.S:109
2020-10-20 20:29:06 -  No locals.
2020-10-20 20:29:06 -  
2020-10-20 20:29:06 -  Thread 1 (Thread 0x7ffff7fe6740 (LWP 9692)):
2020-10-20 20:29:06 -  #0  0x00007ffff7b14ad3 in epoll_wait () at ../sysdeps/unix/syscall-template.S:84
2020-10-20 20:29:06 -  No locals.
2020-10-20 20:29:06 -  #1  0x00000000005b70e7 in boost::asio::detail::epoll_reactor::run(bool, boost::asio::detail::op_queue<boost::asio::detail::task_io_service_operation>&) [clone .constprop.204] (this=0x901570, block=<optimized out>, ops=...) at /usr/include/boost/asio/detail/impl/epoll_reactor.ipp:392
2020-10-20 20:29:06 -          timeout = <optimized out>
2020-10-20 20:29:06 -          events = {{events = 1, data = {ptr = 0x9015c8, fd = 9442760, u32 = 9442760, u64 = 9442760}}, {events = 2147457674, data = {ptr = 0x7ffeff693e9e0000, fd = 1050542080, u32 = 1050542080, u64 = 9223089914388545536}}, {events = 1051066368, data = {ptr = 0x2e5000007ffeff69, fd = 2147417961, u32 = 2147417961, u64 = 3337167326028955497}}, {events = 2147457675, data = {ptr = 0x0, fd = 0, u32 = 0, u64 = 0}}, {events = 3003187200, data = {ptr = 0x3ead00007fff9a8a, fd = 2147457674, u32 = 2147457674, u64 = 4516266003469933194}}, {events = 2147417961, data = {ptr = 0x0, fd = 0, u32 = 0, u64 = 0}}, {events = 767557632, data = {ptr = 0x7fff9a8b, fd = 2147457675, u32 = 2147457675, u64 = 2147457675}}, {events = 0, data = {ptr = 0x7fff9a8b2ea00000, fd = 782237696, u32 = 782237696, u64 = 9223260484451434496}}, {events = 0, data = {ptr = 0x2ee0000000000000, fd = 0, u32 = 0, u64 = 3377699720527872000}}, {events = 2147457675, data = {ptr = 0x7fff9a8ab3000000, fd = -1291845632, u32 = 3003121664, u64 = 9223260482377351168}}, {events = 1052049408, data = {ptr = 0x3ebb00007ffeff69, fd = 2147417961, u32 = 2147417961, u64 = 4520206653143842665}}, {events = 2147417961, data = {ptr = 0x7fff9a8b2f800000, fd = 796917760, u32 = 796917760, u64 = 9223260484466114560}}, {events = 789053440, data = {ptr = 0xb30000007fff9a8b, fd = 2147457675, u32 = 2147457675, u64 = 12898309334936558219}}, {events = 2147457674, data = {ptr = 0x7ffeff693ecb0000, fd = 1053491200, u32 = 1053491200, u64 = 9223089914391494656}}, {events = 1053687808, data = {ptr = 0x2ee000007ffeff69, fd = 2147417961, u32 = 2147417961, u64 = 3377699722675289961}}, {events = 2147457675, data = {ptr = 0x7fff9a8b2f300000, fd = 791674880, u32 = 791674880, u64 = 9223260484460871680}}, {events = 3003121664, data = {ptr = 0x3ed100007fff9a8a, fd = 2147457674, u32 = 2147457674, u64 = 4526399102631516810}}, {events = 2147417961, data = {ptr = 0x7ffeff693ed40000, fd = 1054081024, u32 = 1054081024, u64 = 9223089914392084480}}, {events = 789053440, data = {ptr = 0x2f5800007fff9a8b, fd = 2147457675, u32 = 2147457675, u64 = 3411476719880608395}}, {events = 2147457675, data = {ptr = 0x7fff9a8ab3000000, fd = -1291845632, u32 = 3003121664, u64 = 9223260482377351168}}, {events = 1054343168, data = {ptr = 0x3edb00007ffeff69, fd = 2147417961, u32 = 2147417961, u64 = 4529213852398583657}}, {events = 2147417961, data = {ptr = 0x7fff9a8b2f300000, fd = 791674880, u32 = 791674880, u64 = 9223260484460871680}}, {events = 796917760, data = {ptr = 0xb30000007fff9a8b, fd = 2147457675, u32 = 2147457675, u64 = 12898309334936558219}}, {events = 2147457674, data = {ptr = 0x7ffeff693edf0000, fd = 1054801920, u32 = 1054801920, u64 = 9223089914392805376}}, {events = 1055522816, data = {ptr = 0x2f5800007ffeff69, fd = 2147417961, u32 = 2147417961, u64 = 3411476719880568681}}, {events = 2147457675, data = {ptr = 0x0, fd = 0, u32 = 0, u64 = 0}}, {events = 3003187200, data = {ptr = 0x3efd00007fff9a8a, fd = 2147457674, u32 = 2147457674, u64 = 4538784001606785674}}, {events = 2147417961, data = {ptr = 0x0, fd = 0, u32 = 0, u64 = 0}}, {events = 1218969600, data = {ptr = 0x308800007fffeddc, fd = 2147479004, u32 = 2147479004, u64 = 3497045112800669148}}, {events = 2147457675, data = {ptr = 0x7fff9a8b2dc00000, fd = 767557632, u32 = 767557632, u64 = 9223260484436754432}}, {events = 831520768, data = {ptr = 0x2fe800007fff9a8b, fd = 2147457675, u32 = 2147457675, u64 = 3452009116526942859}}, {events = 2147457675, data = {ptr = 0x7fff9a8ab3000000, fd = -1291845632, u32 = 3003121664, u64 = 9223260482377351168}}, {events = 1057161216, data = {ptr = 0x3f0c00007ffeff69, fd = 2147417961, u32 = 2147417961, u64 = 4543006126257405801}}, {events = 2147417961, data = {ptr = 0x7fff9a8b30600000, fd = 811597824, u32 = 811597824, u64 = 9223260484480794624}}, {events = 806354944, data = {ptr = 0xb30000007fff9a8b, fd = 2147457675, u32 = 2147457675, u64 = 12898309334936558219}}, {events = 2147457674, data = {ptr = 0x7ffeff693f130000, fd = 1058209792, u32 = 1058209792, u64 = 9223089914396213248}}, {events = 1058799616, data = {ptr = 0x2fe800007ffeff69, fd = 2147417961, u32 = 2147417961, u64 = 3452009116526903145}}, {events = 2147457675, data = {ptr = 0x7fff9a8b30380000, fd = 808976384, u32 = 808976384, u64 = 9223260484478173184}}, {events = 3003121664, data = {ptr = 0x3f2300007fff9a8a, fd = 2147457674, u32 = 2147457674, u64 = 4549480050721790602}}, {events = 2147417961, data = {ptr = 0x7ffeff693f2c0000, fd = 1059848192, u32 = 1059848192, u64 = 9223089914397851648}}, {events = 806354944, data = {ptr = 0x306000007fff9a8b, fd = 2147457675, u32 = 2147457675, u64 = 3485786113732221579}}, {events = 2147457675, data = {ptr = 0x7fff9a8ab3000000, fd = -1291845632, u32 = 3003121664, u64 = 9223260482377351168}}, {events = 1060110336, data = {ptr = 0x3f3800007ffeff69, fd = 2147417961, u32 = 2147417961, u64 = 4555391025232674665}}, {events = 2147417961, data = {ptr = 0x7fff9a8b30380000, fd = 808976384, u32 = 808976384, u64 = 9223260484478173184}}, {events = 0, data = {ptr = 0xb301000000000000, fd = 0, u32 = 0, u64 = 12898590807765811200}}, {events = 2147457674, data = {ptr = 0x7ffeff693f3f0000, fd = 1061093376, u32 = 1061093376, u64 = 9223089914399096832}}, {events = 0, data = {ptr = 0x2fa8000000000000, fd = 0, u32 = 0, u64 = 3433994715870003200}}, {events = 2147457675, data = {ptr = 0x0, fd = 0, u32 = 0, u64 = 0}}, {events = 814219264, data = {ptr = 0x7fff9a8b, fd = 2147457675, u32 = 2147457675, u64 = 2147457675}}, {events = 0, data = {ptr = 0x7fff9a8b30c80000, fd = 818413568, u32 = 818413568, u64 = 9223260484487610368}}, {events = 3003121664, data = {ptr = 0x3f4700007fff9a8a, fd = 2147457674, u32 = 2147457674, u64 = 4559613149883374218}}, {events = 2147417961, data = {ptr = 0x7ffeff693f4d0000, fd = 1062010880, u32 = 1062010880, u64 = 9223089914400014336}}, {events = 11, data = {ptr = 0xa17fff9a8b, fd = 2147457675, u32 = 2147457675, u64 = 693637192331}}, {events = 0, data = {ptr = 0x7fff9a8ab3000000, fd = -1291845632, u32 = 3003121664, u64 = 9223260482377351168}}, {events = 1063059456, data = {ptr = 0x3f6000007ffeff69, fd = 2147417961, u32 = 2147417961, u64 = 4566650024301100905}}, {events = 2147417961, data = {ptr = 0x7fff9a8b30c80000, fd = 818413568, u32 = 818413568, u64 = 9223260484487610368}}, {events = 823656448, data = {ptr = 0xb30000007fff9a8b, fd = 2147457675, u32 = 2147457675, u64 = 12898309334936558219}}, {events = 2147457674, data = {ptr = 0x7ffeff693f640000, fd = 1063518208, u32 = 1063518208, u64 = 9223089914401521664}}, {events = 4155593817, data = {ptr = 0x7fff, fd = 32767, u32 = 32767, u64 = 32767}}, {events = 0, data = {ptr = 0x5828f4 <boost::asio::detail::reactive_socket_recv_op_base<boost::asio::mutable_buffers_1>::do_perform(boost::asio::detail::reactor_op*)+228>, fd = 5777652, u32 = 5777652, u64 = 5777652}}, {events = 3003121664, data = {ptr = 0x1ff9a8a, fd = 33528458, u32 = 33528458, u64 = 33528458}}, {events = 13, data = {ptr = 0x7fff9a8a3276, fd = -1702219146, u32 = 2592748150, u64 = 140735786136182}}, {events = 2, data = {ptr = 0x200000000, fd = 0, u32 = 0, u64 = 8589934592}}, {events = 0, data = {ptr = 0x5f8f80cf, fd = 1603240143, u32 = 1603240143, u64 = 1603240143}}, {events = 0, data = {ptr = 0x0, fd = 0, u32 = 0, u64 = 0}}, {events = 0, data = {ptr = 0x7fffffffdb80, fd = -9344, u32 = 4294957952, u64 = 140737488345984}}, {events = 1, data = {ptr = 0x0, fd = 0, u32 = 0, u64 = 0}}, {events = 0, data = {ptr = 0x0, fd = 0, u32 = 0, u64 = 0}}, {events = 0, data = {ptr = 0x9a8a325000000000, fd = 0, u32 = 0, u64 = 11135768347805745152}}, {events = 32767, data = {ptr = 0x7fffe9690040, fd = -378994624, u32 = 3915972672, u64 = 140737109360704}}, {events = 9444752, data = {ptr = 0x9a8b335800000000, fd = 0, u32 = 0, u64 = 11136050956653821952}}, {events = 32767, data = {ptr = 0x901c08, fd = 9444360, u32 = 9444360, u64 = 9444360}}, {events = 13, data = {ptr = 0x5200000000, fd = 0, u32 = 0, u64 = 352187318272}}, {events = 0, data = {ptr = 0x901570, fd = 9442672, u32 = 9442672, u64 = 9442672}}, {events = 6449413, data = {ptr = 0x31f8000000000000, fd = 0, u32 = 0, u64 = 3600627902082711552}}, {events = 2147457675, data = {ptr = 0x7fff0000000d, fd = 13, u32 = 13, u64 = 140733193388045}}, {events = 0, data = {ptr = 0x56f20000000000, fd = 0, u32 = 0, u64 = 24472929811038208}}, {events = 0, data = {ptr = 0x7fff9a8b31d00000, fd = 835715072, u32 = 835715072, u64 = 9223260484504911872}}, {events = 840957952, data = {ptr = 0xffffdc707fff9a8b, fd = 2147457675, u32 = 2147457675, u64 = 18446704974474746507}}, {events = 32767, data = {ptr = 0x901d90, fd = 9444752, u32 = 9444752, u64 = 9444752}}, {events = 9444752, data = {ptr = 0x3895ab2000000000, fd = 0, u32 = 0, u64 = 4077353191581155328}}, {events = 32767, data = {ptr = 0x7fff9a8b3358, fd = -1702153384, u32 = 2592813912, u64 = 140735786201944}}, {events = 2592748150, data = {ptr = 0x200007fff, fd = 32767, u32 = 32767, u64 = 8589967359}}, {events = 0, data = {ptr = 0x7fff00000001, fd = 1, u32 = 1, u64 = 140733193388033}}, {events = 0, data = {ptr = 0x56f20000000000, fd = 0, u32 = 0, u64 = 24472929811038208}}, {events = 0, data = {ptr = 0x0, fd = 0, u32 = 0, u64 = 0}}, {events = 0, data = {ptr = 0x911ee800000000, fd = 0, u32 = 0, u64 = 40847853404291072}}, {events = 0, data = {ptr = 0x0, fd = 0, u32 = 0, u64 = 0}}, {events = 4128564479, data = {ptr = 0x901e5000007fff, fd = 32767, u32 = 32767, u64 = 40565725592584191}}, {events = 0, data = {ptr = 0x7fff9c2279b0, fd = -1675462224, u32 = 2619505072, u64 = 140735812893104}}, {events = 3168457584, data = {ptr = 0x911ee800007fff, fd = 32767, u32 = 32767, u64 = 40847853404323839}}, {events = 0, data = {ptr = 0x7fffffffde78, fd = -8584, u32 = 4294958712, u64 = 140737488346744}}, {events = 0, data = {ptr = 0xf7a9158c00000000, fd = 0, u32 = 0, u64 = 17845818689471905792}}, {events = 32767, data = {ptr = 0x900090, fd = 9437328, u32 = 9437328, u64 = 9437328}}, {events = 4294958640, data = {ptr = 0x90009000007fff, fd = 32767, u32 = 32767, u64 = 40533015121657855}}, {events = 0, data = {ptr = 0x901e50, fd = 9444944, u32 = 9444944, u64 = 9444944}}, {events = 14, data = {ptr = 0x901e5000000000, fd = 0, u32 = 0, u64 = 40565725592551424}}, {events = 0, data = {ptr = 0x7fff9c2279b0, fd = -1675462224, u32 = 2619505072, u64 = 140735812893104}}, {events = 3168457584, data = {ptr = 0x911ee800007fff, fd = 32767, u32 = 32767, u64 = 40847853404323839}}, {events = 0, data = {ptr = 0x58a8b4 <Connection::onWriteOperation(boost::system::error_code const&)+260>, fd = 5810356, u32 = 5810356, u64 = 5810356}}, {events = 0, data = {ptr = 0xf71e50e000000000, fd = 0, u32 = 0, u64 = 17806758899672416256}}, {events = 32767, data = {ptr = 0xffffde30, fd = -8656, u32 = 4294958640, u64 = 4294958640}}, {events = 14, data = {ptr = 0x0, fd = 0, u32 = 0, u64 = 0}}, {events = 0, data = {ptr = 0x0, fd = 0, u32 = 0, u64 = 0}}, {events = 4294958640, data = {ptr = 0x58574500007fff, fd = 32767, u32 = 32767, u64 = 24865751814930431}}, {events = 0, data = {ptr = 0x10, fd = 16, u32 = 16, u64 = 16}}, {events = 4155593817, data = {ptr = 0xffffde3000007fff, fd = 32767, u32 = 32767, u64 = 18446706896472670207}}, {events = 32767, data = {ptr = 0x0, fd = 0, u32 = 0, u64 = 0}}, {events = 0, data = {ptr = 0x0, fd = 0, u32 = 0, u64 = 0}}, {events = 13, data = {ptr = 0x7fff9a8b3358, fd = -1702153384, u32 = 2592813912, u64 = 140735786201944}}, {events = 4294958720, data = {ptr = 0x90009000007fff, fd = 32767, u32 = 32767, u64 = 40533015121657855}}, {events = 0, data = {ptr = 0x0, fd = 0, u32 = 0, u64 = 0}}, {events = 0, data = {ptr = 0x9000c000000000, fd = 0, u32 = 0, u64 = 40533221280055296}}, {events = 0, data = {ptr = 0x0, fd = 0, u32 = 0, u64 = 0}}, {events = 4155053452, data = {ptr = 0x9a8a325000007fff, fd = 32767, u32 = 32767, u64 = 11135768347805777919}}, {events = 32767, data = {ptr = 0x0, fd = 0, u32 = 0, u64 = 0}}, {events = 4145959136, data = {ptr = 0x58a73100007fff, fd = 32767, u32 = 32767, u64 = 24953626845806591}}, {events = 0, data = {ptr = 0x7fffe9690090, fd = -378994544, u32 = 3915972752, u64 = 140737109360784}}, {events = 4294958720, data = {ptr = 0x90009000007fff, fd = 32767, u32 = 32767, u64 = 40533015121657855}}, {events = 0, data = {ptr = 0x7fffffffde80, fd = -8576, u32 = 4294958720, u64 = 140737488346752}}, {events = 9437328, data = {ptr = 0x58646e00000000, fd = 0, u32 = 0, u64 = 24880221559717888}}, {events = 0, data = {ptr = 0x901e50, fd = 9444944, u32 = 9444944, u64 = 9444944}}, {events = 9444928, data = {ptr = 0xffffde8000000000, fd = 0, u32 = 0, u64 = 18446707240070021120}}, {events = 32767, data = {ptr = 0x0, fd = 0, u32 = 0, u64 = 0}}, {events = 0, data = {ptr = 0x0, fd = 0, u32 = 0, u64 = 0}}, {events = 0, data = {ptr = 0x58a720 <Connection::handleTimeout(std::weak_ptr<Connection>, boost::system::error_code const&)>, fd = 5809952, u32 = 5809952, u64 = 5809952}}, {events = 9444944, data = {ptr = 0x901e4000000000, fd = 0, u32 = 0, u64 = 40565656873074688}}, {events = 0, data = {ptr = 0x7d, fd = 125, u32 = 125, u64 = 125}}}
2020-10-20 20:29:06 -          num_events = <optimized out>
2020-10-20 20:29:06 -          check_timers = <optimized out>
2020-10-20 20:29:06 -  #2  0x000000000055dcd3 in do_run_one (ec=..., this_thread=..., lock=<synthetic pointer>, this=0x900090) at /usr/include/boost/asio/detail/impl/task_io_service.ipp:356
2020-10-20 20:29:06 -          more_handlers = <optimized out>
2020-10-20 20:29:06 -  #3  run (ec=..., this=0x900090) at /usr/include/boost/asio/detail/impl/task_io_service.ipp:149
2020-10-20 20:29:06 -          this_thread = {private_op_queue = {front_ = 0x0, back_ = 0x0}, private_outstanding_work = 0}
2020-10-20 20:29:06 -          ctx = {key_ = 0x900090, value_ = 0x7fffffffdf40, next_ = 0x0}
2020-10-20 20:29:06 -          lock = {mutex_ = @0x9000c0, locked_ = <optimized out>}
2020-10-20 20:29:06 -          n = 28934
2020-10-20 20:29:06 -  #4  _ZN5boost4asio10io_service3runEv.isra.226 () at /usr/include/boost/asio/impl/io_service.ipp:59
2020-10-20 20:29:06 -          ec = {m_val = 0, m_cat = 0x7ffff71e50e0}
2020-10-20 20:29:06 -  #5  ServiceManager::run() (this=this@entry=0x7fffffffdff0) at /home/otg/src/server.cpp:47
2020-10-20 20:29:06 -  No locals.
2020-10-20 20:29:06 -  #6  0x0000000000474c46 in main (argc=1, argv=0x7fffffffe1b8) at /home/otg/src/otserv.cpp:96
2020-10-20 20:29:06 -          serviceManager = {acceptors = {_M_h = {_M_buckets = 0x7fffe87d2860, _M_bucket_count = 5, _M_before_begin = {_M_nxt = 0x7fffe971d330}, _M_element_count = 2, _M_rehash_policy = {_M_max_load_factor = 1, _M_next_resize = 5}, _M_single_bucket = 0x0}}, io_service = {service_registry_ = 0x900040, impl_ = @0x900090}, signals = {set = {<No data fields>}}, death_timer = {<No data fields>}, running = true}
2020-10-20 20:29:06 -  SABADOU!! NPC HONERA CRIADO
2020-10-20 20:29:06 -  eu sou o checkWarmode... 20:0!
2020-10-20 20:29:06 -  Buscando valores guilds where id = 3
2020-10-20 20:29:06 -  > Broadcasted message: "[Warmode] Atencao Honerianos! A Guild TesteWarmode desafiou a Guild Vai tomando para uma batalha que vai iniciar agora!".
2020-10-20 20:29:06 -  Saving server...
2020-10-20 20:29:06 -  > Saved house items in: 0.341 s
2020-10-20 20:29:06 -  A debugging session is active.
2020-10-20 20:29:06 -  
2020-10-20 20:29:06 -  	Inferior 1 [process 9692] will be killed.
2020-10-20 20:29:06 -  
2020-10-20 20:29:06 -  Quit anyway? (y or n) [answered Y; input not from terminal]
