2020-10-16 05:06:32 -  [Thread debugging using libthread_db enabled]
2020-10-16 05:06:32 -  Using host libthread_db library "/lib/x86_64-linux-gnu/libthread_db.so.1".
2020-10-16 05:06:32 -  [New Thread 0x7ffff3dbb700 (LWP 14058)]
2020-10-16 05:06:32 -  [New Thread 0x7ffff35ba700 (LWP 14059)]
2020-10-16 05:06:32 -  The OTG-Premium-Version - Version: (1.3)
2020-10-16 05:06:32 -  Compiled with: GNU C++ version 5.4.0 20160609
2020-10-16 05:06:32 -  Compiled on Sep 17 2020 19:49:36 for platform x64
2020-10-16 05:06:32 -  
2020-10-16 05:06:32 -  Special Credits for: OTG Team, Johncore, Vankk, Erick Nunes, Leonardo Pereira, Leandro Baldissera, Talis, Marcomoa, Marson Schneider, Douglas, Mark Samman, OTXServer (Mattyx Gomez) and The Forgotten Server Developers.
2020-10-16 05:06:32 -  Link of repository: https://github.com/Johncorex/OTG-Premium-Version
2020-10-16 05:06:32 -  
2020-10-16 05:06:32 -  >> Loading config: config.lua
2020-10-16 05:06:32 -  >> Establishing database connection... MySQL 5.7.31
2020-10-16 05:06:32 -  >> Running database manager
2020-10-16 05:06:32 -  [New Thread 0x7ffff2ba7700 (LWP 14061)]
2020-10-16 05:06:32 -  > Optimizing table players_online... [success]
2020-10-16 05:06:32 -  > Optimizing table tile_store... [success]
2020-10-16 05:06:32 -  >> Loading vocations
2020-10-16 05:06:32 -  >> Loading items
2020-10-16 05:06:32 -  >> Loading script systems
2020-10-16 05:06:32 -  >> Loading lua libs
2020-10-16 05:06:33 -  [Warning - Event::checkScript] Can not load script: scripts/expboostaction.lua
2020-10-16 05:06:33 -  cannot open data/actions/scripts/expboostaction.lua: No such file or directory
2020-10-16 05:06:34 -  >> Loading lua scripts
2020-10-16 05:06:34 -  >> Loading monsters
2020-10-16 05:06:34 -  >> Loading lua monsters
2020-10-16 05:06:34 -  >> Loading outfits
2020-10-16 05:06:34 -  >> Loading prey data
2020-10-16 05:06:34 -  >> Checking world type... PVP
2020-10-16 05:06:34 -  >> Loading map
2020-10-16 05:06:36 -  > Map size: 34143x33812.
2020-10-16 05:06:42 -  > Map loading time: 7.548 seconds.
2020-10-16 05:07:13 -  > Loaded house items in: 0.092 s
2020-10-16 05:07:13 -  >> Initializing gamestate
2020-10-16 05:07:16 -  >> Loaded 43 npcs and spawned 72708 monsters.
2020-10-16 05:07:16 -  >> Loaded 27 towns with 1074 houses in total.
2020-10-16 05:07:16 -  [Castle War]
2020-10-16 05:07:16 -  [POWERGAMERS]
2020-10-16 05:07:16 -  [SISTEMA DE LOTERIA] OPERANTE
2020-10-16 05:07:16 -  Advanced NPC spawn system | All NPCs will be loaded trough lib.
2020-10-16 05:07:16 -  [REGEN BOOST] CARREGADO
2020-10-16 05:07:16 -  [SPOOF COUNTER]
2020-10-16 05:07:16 -  [STAMINA]
2020-10-16 05:07:16 -  warvariables
2020-10-16 05:07:16 -  >> Loaded all modules, server starting up...
2020-10-16 05:07:16 -  > Warning: OTG-Premium-Version has been executed as root user, please consider running it as a normal user.
2020-10-16 05:07:16 -  >> Honera Global Server Online!
2020-10-16 05:07:16 -  
2020-10-16 06:51:25 -  SABADOU!! NPC HONERA CRIADO
2020-10-16 06:51:25 -  Nosferatu has logged in.
2020-10-16 06:53:17 -  > Broadcasted message: "Barbarians are gathering at Bittermor. They seem to be up to something.".
2020-10-16 06:53:36 -  > Broadcasted message: "The barbarian pack is roaming around in Bittermor.".
2020-10-16 08:06:34 -  
2020-10-16 08:06:34 -  Lua Script Error: [GlobalEvent Interface] 
2020-10-16 08:06:34 -  data/globalevents/scripts/bosses/Gnomevil.lua:onThink
2020-10-16 08:06:34 -  data/lib/rewardboss.lua:8: Rewards can only be enabled to rewards bosses.
2020-10-16 08:06:34 -  stack traceback:
2020-10-16 08:06:34 -  	[C]: at 0x00602980
2020-10-16 08:06:34 -  	[C]: in function 'error'
2020-10-16 08:06:34 -  	data/lib/rewardboss.lua:8: in function 'setReward'
2020-10-16 08:06:34 -  	data/globalevents/scripts/bosses/Gnomevil.lua:28: in function <data/globalevents/scripts/bosses/Gnomevil.lua:21>
2020-10-16 08:06:34 -  [Error - GlobalEvents::think] Failed to execute event: Gnomevil
2020-10-16 08:06:34 -  
2020-10-16 08:06:34 -  Lua Script Error: [GlobalEvent Interface] 
2020-10-16 08:06:34 -  data/globalevents/scripts/bosses/Abyssador.lua:onThink
2020-10-16 08:06:34 -  data/lib/rewardboss.lua:8: Rewards can only be enabled to rewards bosses.
2020-10-16 08:06:34 -  stack traceback:
2020-10-16 08:06:34 -  	[C]: at 0x00602980
2020-10-16 08:06:34 -  	[C]: in function 'error'
2020-10-16 08:06:34 -  	data/lib/rewardboss.lua:8: in function 'setReward'
2020-10-16 08:06:34 -  	data/globalevents/scripts/bosses/Abyssador.lua:28: in function <data/globalevents/scripts/bosses/Abyssador.lua:21>
2020-10-16 08:06:34 -  [Error - GlobalEvents::think] Failed to execute event: Abyssador
2020-10-16 08:06:34 -  
2020-10-16 08:06:34 -  Lua Script Error: [GlobalEvent Interface] 
2020-10-16 08:06:34 -  data/globalevents/scripts/bosses/Deathstrike.lua:onThink
2020-10-16 08:06:34 -  data/lib/rewardboss.lua:8: Rewards can only be enabled to rewards bosses.
2020-10-16 08:06:34 -  stack traceback:
2020-10-16 08:06:34 -  	[C]: at 0x00602980
2020-10-16 08:06:34 -  	[C]: in function 'error'
2020-10-16 08:06:34 -  	data/lib/rewardboss.lua:8: in function 'setReward'
2020-10-16 08:06:34 -  	data/globalevents/scripts/bosses/Deathstrike.lua:28: in function <data/globalevents/scripts/bosses/Deathstrike.lua:21>
2020-10-16 08:06:34 -  [Error - GlobalEvents::think] Failed to execute event: Deathstrike
2020-10-16 08:09:17 -  > Broadcasted message: "Orc activity near Thais reported! Beware!".
2020-10-16 08:10:16 -  > Broadcasted message: "Thais is under attack!".
2020-10-16 10:20:27 -  Dev Marson has logged in.
2020-10-16 10:21:20 -  Flash has logged in.
2020-10-16 10:30:17 -  aqui eu checkei o choiceID para atualizar o warmode temp4
2020-10-16 10:30:17 -  debug mode: for i = 1, 2 pegar o id: 141, fazer um select no banco pra pegar o nome onde contem o id: Dev Marson, converter para o 
2020-10-16 10:30:17 -  141	141
2020-10-16 10:30:17 -  debug mode: for i = 1, 2 pegar o id: 231, fazer um select no banco pra pegar o nome onde contem o id: Demonzin, converter para o 
2020-10-16 10:30:17 -  231	231
2020-10-16 10:30:17 -  aqui eu checkei o choiceID para atualizar o warmode temp1
2020-10-16 10:30:17 -  > Broadcasted message: "Beware! Beware of the Dharalion!".
2020-10-16 10:34:27 -  Flash has logged out.
2020-10-16 10:42:40 -  Flash has logged in.
2020-10-16 10:47:04 -  aqui eu checkei o choiceID para atualizar o warmode temp3
2020-10-16 10:47:04 -  debug mode: for i = 1, 2 pegar o id: 257, fazer um select no banco pra pegar o nome onde contem o id: Arrow, converter para o 
2020-10-16 10:47:04 -  257	257
2020-10-16 10:47:04 -  debug mode: for i = 1, 2 pegar o id: 258, fazer um select no banco pra pegar o nome onde contem o id: Flash, converter para o 
2020-10-16 10:47:04 -  258	258
2020-10-16 10:47:04 -  aqui eu checkei o choiceID para atualizar o warmode temp1
2020-10-16 10:47:04 -  aqui eu checkei o choiceID para atualizar o warmode temp3
2020-10-16 10:47:04 -  debug mode: for i = 1, 2 pegar o id: 257, fazer um select no banco pra pegar o nome onde contem o id: Arrow, converter para o 
2020-10-16 10:47:04 -  257	257
2020-10-16 10:47:04 -  debug mode: for i = 1, 2 pegar o id: 258, fazer um select no banco pra pegar o nome onde contem o id: Flash, converter para o 
2020-10-16 10:47:04 -  258	258
2020-10-16 10:47:04 -  aqui eu checkei o choiceID para atualizar o warmode temp1
2020-10-16 10:47:04 -  aqui eu checkei o choiceID para atualizar o warmode temp3
2020-10-16 10:47:04 -  debug mode: for i = 1, 2 pegar o id: 257, fazer um select no banco pra pegar o nome onde contem o id: Arrow, converter para o 
2020-10-16 10:47:04 -  257	257
2020-10-16 10:47:04 -  debug mode: for i = 1, 2 pegar o id: 258, fazer um select no banco pra pegar o nome onde contem o id: Flash, converter para o 
2020-10-16 10:47:04 -  258	258
2020-10-16 10:47:04 -  aqui eu checkei o choiceID para atualizar o warmode temp1
2020-10-16 10:47:04 -  
2020-10-16 10:47:04 -  Lua Script Error: [TalkAction Interface] 
2020-10-16 10:47:04 -  data/talkactions/scripts/warmode.lua:onSay
2020-10-16 10:47:04 -  data/talkactions/scripts/warmode.lua:29: attempt to perform arithmetic on global 'i' (a nil value)
2020-10-16 10:47:04 -  stack traceback:
2020-10-16 10:47:04 -  	[C]: in function '__add'
2020-10-16 10:47:04 -  	data/talkactions/scripts/warmode.lua:29: in function <data/talkactions/scripts/warmode.lua:1>
2020-10-16 10:53:06 -  Flash has logged out.
2020-10-16 10:53:08 -  Robalo has logged in.
2020-10-16 10:57:40 -  aqui eu checkei o choiceID para atualizar o warmode temp3
2020-10-16 10:57:40 -  debug mode: for i = 1, 1 pegar o id: 255, fazer um select no banco pra pegar o nome onde contem o id: Robalo, converter para o 
2020-10-16 10:57:40 -  false	255
2020-10-16 10:57:40 -  aqui eu checkei o choiceID para atualizar o warmode temp1
2020-10-16 10:57:40 -  debug mode: for i = 1, 1 pegar o id: 255, fazer um select no banco pra pegar o nome onde contem o id: Robalo, converter para o 
2020-10-16 10:57:40 -  255	255
2020-10-16 10:57:40 -  aqui eu checkei o choiceID para atualizar o warmode temp1
2020-10-16 10:57:40 -  ip inválido
2020-10-16 10:57:40 -  Robalo has logged out.
2020-10-16 11:06:34 -  
2020-10-16 11:06:34 -  Lua Script Error: [GlobalEvent Interface] 
2020-10-16 11:06:34 -  data/globalevents/scripts/Ghulosh.lua:onThink
2020-10-16 11:06:34 -  data/globalevents/scripts/Ghulosh.lua:34: attempt to index local 'boss' (a nil value)
2020-10-16 11:06:34 -  stack traceback:
2020-10-16 11:06:34 -  	[C]: in function '__index'
2020-10-16 11:06:34 -  	data/globalevents/scripts/Ghulosh.lua:34: in function <data/globalevents/scripts/Ghulosh.lua:21>
2020-10-16 11:06:34 -  [Error - GlobalEvents::think] Failed to execute event: Ghulosh
2020-10-16 11:06:34 -  
2020-10-16 11:06:34 -  Lua Script Error: [GlobalEvent Interface] 
2020-10-16 11:06:34 -  data/globalevents/scripts/Gorzindel.lua:onThink
2020-10-16 11:06:34 -  data/globalevents/scripts/Gorzindel.lua:34: attempt to index local 'boss' (a nil value)
2020-10-16 11:06:34 -  stack traceback:
2020-10-16 11:06:34 -  	[C]: in function '__index'
2020-10-16 11:06:34 -  	data/globalevents/scripts/Gorzindel.lua:34: in function <data/globalevents/scripts/Gorzindel.lua:21>
2020-10-16 11:06:34 -  [Error - GlobalEvents::think] Failed to execute event: Gorzindel
2020-10-16 11:06:34 -  
2020-10-16 11:06:34 -  Lua Script Error: [GlobalEvent Interface] 
2020-10-16 11:06:34 -  data/globalevents/scripts/Lokathmor.lua:onThink
2020-10-16 11:06:34 -  data/globalevents/scripts/Lokathmor.lua:34: attempt to index local 'boss' (a nil value)
2020-10-16 11:06:34 -  stack traceback:
2020-10-16 11:06:34 -  	[C]: in function '__index'
2020-10-16 11:06:34 -  	data/globalevents/scripts/Lokathmor.lua:34: in function <data/globalevents/scripts/Lokathmor.lua:21>
2020-10-16 11:06:34 -  [Error - GlobalEvents::think] Failed to execute event: Lokathmor
2020-10-16 11:06:34 -  
2020-10-16 11:06:34 -  Lua Script Error: [GlobalEvent Interface] 
2020-10-16 11:06:34 -  data/globalevents/scripts/Mazzinor.lua:onThink
2020-10-16 11:06:34 -  data/globalevents/scripts/Mazzinor.lua:34: attempt to index local 'boss' (a nil value)
2020-10-16 11:06:34 -  stack traceback:
2020-10-16 11:06:34 -  	[C]: in function '__index'
2020-10-16 11:06:34 -  	data/globalevents/scripts/Mazzinor.lua:34: in function <data/globalevents/scripts/Mazzinor.lua:21>
2020-10-16 11:06:34 -  [Error - GlobalEvents::think] Failed to execute event: Mazzinor
2020-10-16 11:06:34 -  [Warning - Monsters::loadMonster] Non-unique loot item "Giant Sapphire". 
2020-10-16 11:06:34 -  [Warning - Monsters::loadMonster] Cant load loot. data/monster/Secret Library/the scourge of oblivion.xml
2020-10-16 11:06:34 -  [Warning - Monsters::loadMonster] Non-unique loot item "Collar of Blue Plasma". 
2020-10-16 11:06:34 -  [Warning - Monsters::loadMonster] Cant load loot. data/monster/Secret Library/the scourge of oblivion.xml
2020-10-16 11:06:34 -  [Warning - Monsters::loadMonster] Non-unique loot item "Giant Shimmering Pearl". 
2020-10-16 11:06:34 -  [Warning - Monsters::loadMonster] Cant load loot. data/monster/Secret Library/the scourge of oblivion.xml
2020-10-16 11:06:34 -  [Warning - Monsters::loadMonster] Unknown loot item "The Calamity". 
2020-10-16 11:06:34 -  [Warning - Monsters::loadMonster] Cant load loot. data/monster/Secret Library/the scourge of oblivion.xml
2020-10-16 11:06:34 -  
2020-10-16 11:06:34 -  Lua Script Error: [GlobalEvent Interface] 
2020-10-16 11:06:34 -  data/globalevents/scripts/The Scourge Of Oblivion.lua:onThink
2020-10-16 11:06:34 -  data/globalevents/scripts/The Scourge Of Oblivion.lua:34: attempt to index local 'boss' (a nil value)
2020-10-16 11:06:34 -  stack traceback:
2020-10-16 11:06:34 -  	[C]: in function '__index'
2020-10-16 11:06:34 -  	data/globalevents/scripts/The Scourge Of Oblivion.lua:34: in function <data/globalevents/scripts/The Scourge Of Oblivion.lua:21>
2020-10-16 11:06:34 -  [Error - GlobalEvents::think] Failed to execute event: The Scourge Of Oblivion
2020-10-16 11:08:31 -  [Warning - Event::checkScript] Can not load script: scripts/warmode.lua
2020-10-16 11:08:31 -  data/creaturescripts/scripts/warmode.lua:380: unexpected symbol near '...'
2020-10-16 11:23:17 -  aqui eu checkei o choiceID para atualizar o warmode temp1
2020-10-16 11:23:17 -  debug mode: for i = 1, 2 pegar o id: 141, fazer um select no banco pra pegar o nome onde contem o id: Dev Marson, converter para o 
2020-10-16 11:23:17 -  141	141
2020-10-16 11:23:17 -  debug mode: for i = 1, 2 pegar o id: 231, fazer um select no banco pra pegar o nome onde contem o id: Demonzin, converter para o 
2020-10-16 11:23:17 -  231	231
2020-10-16 11:23:17 -  Robalo has logged in.
2020-10-16 11:25:16 -  aqui eu checkei o choiceID para atualizar o warmode temp3
2020-10-16 11:25:16 -  debug mode: for i = 1, 1 pegar o id: 255, fazer um select no banco pra pegar o nome onde contem o id: Robalo, converter para o 
2020-10-16 11:25:16 -  255	255
2020-10-16 11:25:16 -  aqui eu checkei o choiceID para atualizar o warmode temp1
2020-10-16 11:25:16 -  debug mode: for i = 1, 1 pegar o id: 255, fazer um select no banco pra pegar o nome onde contem o id: Robalo, converter para o 
2020-10-16 11:25:16 -  255	255
2020-10-16 11:25:16 -  aqui eu checkei o choiceID para atualizar o warmode temp1
2020-10-16 11:25:16 -  
2020-10-16 11:25:16 -  Lua Script Error: [CreatureScript Interface] 
2020-10-16 11:25:16 -  data/creaturescripts/scripts/warmode.lua:onModalWindow
2020-10-16 11:25:16 -  data/creaturescripts/scripts/warmode.lua:356: attempt to concatenate a nil value
2020-10-16 11:25:16 -  stack traceback:
2020-10-16 11:25:16 -  	[C]: in function '__concat'
2020-10-16 11:25:16 -  	data/creaturescripts/scripts/warmode.lua:356: in function <data/creaturescripts/scripts/warmode.lua:1>
2020-10-16 11:53:24 -  Dev Marson has logged out.
2020-10-16 11:53:25 -  Robalo has logged out.
2020-10-16 12:04:17 -  > Broadcasted message: "Beware! Mawhawk!".
2020-10-16 12:28:32 -  Dev Marson has logged in.
2020-10-16 12:28:43 -  Flash has logged in.
2020-10-16 12:49:43 -  [Network error - Connection::parseHeader] Invalid Client Login
2020-10-16 13:34:17 -  > Broadcasted message: "There seems to be a big gnarlhoud gang in Zao Steppe.".
2020-10-16 13:34:36 -  > Broadcasted message: "The gnarlhounds seem to multiply by the minute.".
2020-10-16 13:36:16 -  > Broadcasted message: "The gnarlhounds roam free in the Zao Steppe. Watch out!".
2020-10-16 13:51:41 -  
2020-10-16 13:51:41 -  Lua Script Error: [CreatureScript Interface] 
2020-10-16 13:51:41 -  data/creaturescripts/scripts/warmode.lua:onModalWindow
2020-10-16 13:51:41 -  data/creaturescripts/scripts/warmode.lua:356: attempt to concatenate a nil value
2020-10-16 13:51:41 -  stack traceback:
2020-10-16 13:51:41 -  	[C]: in function '__concat'
2020-10-16 13:51:41 -  	data/creaturescripts/scripts/warmode.lua:356: in function <data/creaturescripts/scripts/warmode.lua:1>
2020-10-16 14:56:21 -  aqui eu checkei o choiceID para atualizar o warmode temp4
2020-10-16 14:56:21 -  debug mode: for i = 1, 2 pegar o id: 141, fazer um select no banco pra pegar o nome onde contem o id: Dev Marson, converter para o 
2020-10-16 14:56:21 -  141	141
2020-10-16 14:56:21 -  debug mode: for i = 1, 2 pegar o id: 231, fazer um select no banco pra pegar o nome onde contem o id: Demonzin, converter para o 
2020-10-16 14:56:21 -  231	231
2020-10-16 14:56:21 -  aqui eu checkei o choiceID para atualizar o warmode temp1
2020-10-16 14:56:21 -  
2020-10-16 14:56:21 -  Lua Script Error: [CreatureScript Interface] 
2020-10-16 14:56:21 -  data/creaturescripts/scripts/warmode.lua:onModalWindow
2020-10-16 14:56:21 -  data/creaturescripts/scripts/warmode.lua:409: attempt to concatenate local 'p7' (a boolean value)
2020-10-16 14:56:21 -  stack traceback:
2020-10-16 14:56:21 -  	[C]: in function '__concat'
2020-10-16 14:56:21 -  	data/creaturescripts/scripts/warmode.lua:409: in function <data/creaturescripts/scripts/warmode.lua:1>
2020-10-16 15:03:17 -  > Broadcasted message: "Unusual frequent scarab sightings at the gates of Ankrahmun".
2020-10-16 15:04:16 -  > Broadcasted message: "Ancient scarabs are leading an attack on Ankrahmun.".
2020-10-16 16:05:18 -  aqui eu checkei o choiceID para atualizar o warmode temp4
2020-10-16 16:05:18 -  debug mode: for i = 1, 2 pegar o id: 141, fazer um select no banco pra pegar o nome onde contem o id: Dev Marson, converter para o 
2020-10-16 16:05:18 -  141	141
2020-10-16 16:05:18 -  debug mode: for i = 1, 2 pegar o id: 231, fazer um select no banco pra pegar o nome onde contem o id: Demonzin, converter para o 
2020-10-16 16:05:18 -  231	231
2020-10-16 16:05:18 -  aqui eu checkei o choiceID para atualizar o warmode temp1
2020-10-16 16:05:18 -  aqui eu checkei o choiceID para atualizar o warmode temp4
2020-10-16 16:05:18 -  debug mode: for i = 1, 2 pegar o id: 141, fazer um select no banco pra pegar o nome onde contem o id: Dev Marson, converter para o 
2020-10-16 16:05:18 -  141	141
2020-10-16 16:05:18 -  debug mode: for i = 1, 2 pegar o id: 231, fazer um select no banco pra pegar o nome onde contem o id: Demonzin, converter para o 
2020-10-16 16:05:18 -  231	231
2020-10-16 16:05:18 -  aqui eu checkei o choiceID para atualizar o warmode temp1
2020-10-16 16:05:18 -  aqui eu checkei o choiceID para atualizar o warmode temp4
2020-10-16 16:05:18 -  debug mode: for i = 1, 2 pegar o id: 141, fazer um select no banco pra pegar o nome onde contem o id: Dev Marson, converter para o 
2020-10-16 16:05:18 -  141	141
2020-10-16 16:05:18 -  debug mode: for i = 1, 2 pegar o id: 231, fazer um select no banco pra pegar o nome onde contem o id: Demonzin, converter para o 
2020-10-16 16:05:18 -  231	231
2020-10-16 16:05:18 -  aqui eu checkei o choiceID para atualizar o warmode temp1
2020-10-16 16:05:18 -  aqui eu checkei o choiceID para atualizar o warmode temp3
2020-10-16 16:05:18 -  debug mode: for i = 1, 2 pegar o id: 257, fazer um select no banco pra pegar o nome onde contem o id: Arrow, converter para o 
2020-10-16 16:05:18 -  257	257
2020-10-16 16:05:18 -  debug mode: for i = 1, 2 pegar o id: 258, fazer um select no banco pra pegar o nome onde contem o id: Flash, converter para o 
2020-10-16 16:05:18 -  258	258
2020-10-16 16:05:18 -  aqui eu checkei o choiceID para atualizar o warmode temp1
2020-10-16 16:05:18 -  aqui eu checkei o choiceID para atualizar o warmode temp4
2020-10-16 16:05:18 -  debug mode: for i = 1, 2 pegar o id: 141, fazer um select no banco pra pegar o nome onde contem o id: Dev Marson, converter para o 
2020-10-16 16:05:18 -  141	141
2020-10-16 16:05:18 -  debug mode: for i = 1, 2 pegar o id: 231, fazer um select no banco pra pegar o nome onde contem o id: Demonzin, converter para o 
2020-10-16 16:05:18 -  231	231
2020-10-16 16:05:18 -  aqui eu checkei o choiceID para atualizar o warmode temp1
2020-10-16 16:05:18 -  aqui eu checkei o choiceID para atualizar o warmode temp4
2020-10-16 16:05:18 -  debug mode: for i = 1, 2 pegar o id: 141, fazer um select no banco pra pegar o nome onde contem o id: Dev Marson, converter para o 
2020-10-16 16:05:18 -  141	141
2020-10-16 16:05:18 -  debug mode: for i = 1, 2 pegar o id: 231, fazer um select no banco pra pegar o nome onde contem o id: Demonzin, converter para o 
2020-10-16 16:05:18 -  231	231
2020-10-16 16:05:18 -  aqui eu checkei o choiceID para atualizar o warmode temp1
2020-10-16 16:05:18 -  aqui eu checkei o choiceID para atualizar o warmode temp4
2020-10-16 16:05:18 -  debug mode: for i = 1, 2 pegar o id: 141, fazer um select no banco pra pegar o nome onde contem o id: Dev Marson, converter para o 
2020-10-16 16:05:18 -  141	141
2020-10-16 16:05:18 -  debug mode: for i = 1, 2 pegar o id: 231, fazer um select no banco pra pegar o nome onde contem o id: Demonzin, converter para o 
2020-10-16 16:05:18 -  231	231
2020-10-16 16:05:18 -  aqui eu checkei o choiceID para atualizar o warmode temp1
2020-10-16 16:05:18 -  aqui eu checkei o choiceID para atualizar o warmode temp4
2020-10-16 16:05:18 -  debug mode: for i = 1, 2 pegar o id: 141, fazer um select no banco pra pegar o nome onde contem o id: Dev Marson, converter para o 
2020-10-16 16:05:18 -  141	141
2020-10-16 16:05:18 -  debug mode: for i = 1, 2 pegar o id: 231, fazer um select no banco pra pegar o nome onde contem o id: Demonzin, converter para o 
2020-10-16 16:05:18 -  231	231
2020-10-16 16:05:18 -  aqui eu checkei o choiceID para atualizar o warmode temp1
2020-10-16 16:05:18 -  aqui eu checkei o choiceID para atualizar o warmode temp1
2020-10-16 16:05:18 -  debug mode: for i = 1, 2 pegar o id: 141, fazer um select no banco pra pegar o nome onde contem o id: Dev Marson, converter para o 
2020-10-16 16:05:18 -  141	141
2020-10-16 16:05:18 -  debug mode: for i = 1, 2 pegar o id: 231, fazer um select no banco pra pegar o nome onde contem o id: Demonzin, converter para o 
2020-10-16 16:05:18 -  231	231
2020-10-16 16:05:18 -  aqui eu checkei o choiceID para atualizar o warmode temp1
2020-10-16 16:05:18 -  aqui eu checkei o choiceID para atualizar o warmode temp1
2020-10-16 16:05:18 -  debug mode: for i = 1, 2 pegar o id: 257, fazer um select no banco pra pegar o nome onde contem o id: Arrow, converter para o 
2020-10-16 16:05:18 -  257	257
2020-10-16 16:05:18 -  debug mode: for i = 1, 2 pegar o id: 258, fazer um select no banco pra pegar o nome onde contem o id: Flash, converter para o 
2020-10-16 16:05:18 -  258	258
2020-10-16 16:05:18 -  aqui eu checkei o choiceID para atualizar o warmode temp1
2020-10-16 16:05:18 -  aqui eu checkei o choiceID para atualizar o warmode temp3
2020-10-16 16:16:17 -  debug mode: for i = 1, 2 pegar o id: 257, fazer um select no banco pra pegar o nome onde contem o id: Arrow, converter para o 
2020-10-16 16:16:17 -  257	257
2020-10-16 16:16:17 -  debug mode: for i = 1, 2 pegar o id: 258, fazer um select no banco pra pegar o nome onde contem o id: Flash, converter para o 
2020-10-16 16:16:17 -  258	258
2020-10-16 16:16:17 -  aqui eu checkei o choiceID para atualizar o warmode temp1
2020-10-16 16:16:17 -  > Broadcasted message: "The dragons of the Dragonblaze Mountains have descended to Zao to protect the lizardkin!".
2020-10-16 16:24:06 -  ip inválido
2020-10-16 16:24:06 -  Flash has logged out.
2020-10-16 16:40:21 -  ip inválido
2020-10-16 16:40:21 -  Dev Marson has logged out.
2020-10-16 17:06:34 -  
2020-10-16 17:06:34 -  Lua Script Error: [GlobalEvent Interface] 
2020-10-16 17:06:34 -  data/globalevents/scripts/Ghulosh.lua:onThink
2020-10-16 17:06:34 -  data/globalevents/scripts/Ghulosh.lua:34: attempt to index local 'boss' (a nil value)
2020-10-16 17:06:34 -  stack traceback:
2020-10-16 17:06:34 -  	[C]: in function '__index'
2020-10-16 17:06:34 -  	data/globalevents/scripts/Ghulosh.lua:34: in function <data/globalevents/scripts/Ghulosh.lua:21>
2020-10-16 17:06:34 -  [Error - GlobalEvents::think] Failed to execute event: Ghulosh
2020-10-16 17:06:34 -  
2020-10-16 17:06:34 -  Lua Script Error: [GlobalEvent Interface] 
2020-10-16 17:06:34 -  data/globalevents/scripts/Gorzindel.lua:onThink
2020-10-16 17:06:34 -  data/globalevents/scripts/Gorzindel.lua:34: attempt to index local 'boss' (a nil value)
2020-10-16 17:06:34 -  stack traceback:
2020-10-16 17:06:34 -  	[C]: in function '__index'
2020-10-16 17:06:34 -  	data/globalevents/scripts/Gorzindel.lua:34: in function <data/globalevents/scripts/Gorzindel.lua:21>
2020-10-16 17:06:34 -  [Error - GlobalEvents::think] Failed to execute event: Gorzindel
2020-10-16 17:06:34 -  
2020-10-16 17:06:34 -  Lua Script Error: [GlobalEvent Interface] 
2020-10-16 17:06:34 -  data/globalevents/scripts/Lokathmor.lua:onThink
2020-10-16 17:06:34 -  data/globalevents/scripts/Lokathmor.lua:34: attempt to index local 'boss' (a nil value)
2020-10-16 17:06:34 -  stack traceback:
2020-10-16 17:06:34 -  	[C]: in function '__index'
2020-10-16 17:06:34 -  	data/globalevents/scripts/Lokathmor.lua:34: in function <data/globalevents/scripts/Lokathmor.lua:21>
2020-10-16 17:06:34 -  [Error - GlobalEvents::think] Failed to execute event: Lokathmor
2020-10-16 17:06:34 -  
2020-10-16 17:06:34 -  Lua Script Error: [GlobalEvent Interface] 
2020-10-16 17:06:34 -  data/globalevents/scripts/Mazzinor.lua:onThink
2020-10-16 17:06:34 -  data/globalevents/scripts/Mazzinor.lua:34: attempt to index local 'boss' (a nil value)
2020-10-16 17:06:34 -  stack traceback:
2020-10-16 17:06:34 -  	[C]: in function '__index'
2020-10-16 17:06:34 -  	data/globalevents/scripts/Mazzinor.lua:34: in function <data/globalevents/scripts/Mazzinor.lua:21>
2020-10-16 17:06:34 -  [Error - GlobalEvents::think] Failed to execute event: Mazzinor
2020-10-16 17:06:34 -  
2020-10-16 17:06:34 -  Lua Script Error: [GlobalEvent Interface] 
2020-10-16 17:06:34 -  data/globalevents/scripts/The Scourge Of Oblivion.lua:onThink
2020-10-16 17:06:34 -  data/globalevents/scripts/The Scourge Of Oblivion.lua:34: attempt to index local 'boss' (a nil value)
2020-10-16 17:06:34 -  stack traceback:
2020-10-16 17:06:34 -  	[C]: in function '__index'
2020-10-16 17:06:34 -  	data/globalevents/scripts/The Scourge Of Oblivion.lua:34: in function <data/globalevents/scripts/The Scourge Of Oblivion.lua:21>
2020-10-16 17:06:34 -  [Error - GlobalEvents::think] Failed to execute event: The Scourge Of Oblivion
2020-10-16 17:14:17 -  > Broadcasted message: "Beware of Tyrn!".
2020-10-16 18:24:17 -  [Castle War votacao aberta]
2020-10-16 18:24:17 -  > Broadcasted message: "[Castle War]: Foi iniciada a votação para decidir o objetivo do castelo que abre em alguns minutos. Use !castle1 para votar no objetivo (Dominar o castelo por mais tempo). Use !castle2 para votar no objetivo (Ultimo que dominar o castelo). Caso não haja votações, o objetivo será aleatorio.".
2020-10-16 18:24:17 -  > Broadcasted message: "[CastleWar] Atencao, O CASTELO esta aberto para batalha, junte-se com sua guild e  conquiste-o. O castelo encerra em 1 hora. Resultado das votacoes: First: 1 Second: 0 Resultado: (Dominar o castelo por mais tempo) foi escolhido".
2020-10-16 18:24:17 -  castleWar Encerrado
2020-10-16 18:24:17 -  > Broadcasted message: "Something bad is happening deep, deep down under Banuta.".
2020-10-16 18:24:36 -  > Broadcasted message: "Something is sizzling deep under many sheets of soil in Banuta.".
2020-10-16 18:26:17 -  > Broadcasted message: "Hordes of slippery spawns slither in Deeper Banuta!".
2020-10-16 21:01:17 -  > Broadcasted message: "Something is moving in the depths of the sea around Liberty Bay".
2020-10-16 21:01:36 -  > Broadcasted message: "Numerous Quara fins have been sighted in the seas around Liberty Bay.".
2020-10-16 21:02:16 -  > Broadcasted message: "Quara emerged from the sea to attack Liberty Bay.".
2020-10-16 22:04:17 -  > Broadcasted message: "Let da mashing begin! Cyclops riot east of Thais.".
2020-10-16 23:06:34 -  
2020-10-16 23:06:34 -  Lua Script Error: [GlobalEvent Interface] 
2020-10-16 23:06:34 -  data/globalevents/scripts/Ghulosh.lua:onThink
2020-10-16 23:06:34 -  data/globalevents/scripts/Ghulosh.lua:34: attempt to index local 'boss' (a nil value)
2020-10-16 23:06:34 -  stack traceback:
2020-10-16 23:06:34 -  	[C]: in function '__index'
2020-10-16 23:06:34 -  	data/globalevents/scripts/Ghulosh.lua:34: in function <data/globalevents/scripts/Ghulosh.lua:21>
2020-10-16 23:06:34 -  [Error - GlobalEvents::think] Failed to execute event: Ghulosh
2020-10-16 23:06:34 -  
2020-10-16 23:06:34 -  Lua Script Error: [GlobalEvent Interface] 
2020-10-16 23:06:34 -  data/globalevents/scripts/Gorzindel.lua:onThink
2020-10-16 23:06:34 -  data/globalevents/scripts/Gorzindel.lua:34: attempt to index local 'boss' (a nil value)
2020-10-16 23:06:34 -  stack traceback:
2020-10-16 23:06:34 -  	[C]: in function '__index'
2020-10-16 23:06:34 -  	data/globalevents/scripts/Gorzindel.lua:34: in function <data/globalevents/scripts/Gorzindel.lua:21>
2020-10-16 23:06:34 -  [Error - GlobalEvents::think] Failed to execute event: Gorzindel
2020-10-16 23:06:34 -  
2020-10-16 23:06:34 -  Lua Script Error: [GlobalEvent Interface] 
2020-10-16 23:06:34 -  data/globalevents/scripts/Lokathmor.lua:onThink
2020-10-16 23:06:34 -  data/globalevents/scripts/Lokathmor.lua:34: attempt to index local 'boss' (a nil value)
2020-10-16 23:06:34 -  stack traceback:
2020-10-16 23:06:34 -  	[C]: in function '__index'
2020-10-16 23:06:34 -  	data/globalevents/scripts/Lokathmor.lua:34: in function <data/globalevents/scripts/Lokathmor.lua:21>
2020-10-16 23:06:34 -  [Error - GlobalEvents::think] Failed to execute event: Lokathmor
2020-10-16 23:06:34 -  
2020-10-16 23:06:34 -  Lua Script Error: [GlobalEvent Interface] 
2020-10-16 23:06:34 -  data/globalevents/scripts/Mazzinor.lua:onThink
2020-10-16 23:06:34 -  data/globalevents/scripts/Mazzinor.lua:34: attempt to index local 'boss' (a nil value)
2020-10-16 23:06:34 -  stack traceback:
2020-10-16 23:06:34 -  	[C]: in function '__index'
2020-10-16 23:06:34 -  	data/globalevents/scripts/Mazzinor.lua:34: in function <data/globalevents/scripts/Mazzinor.lua:21>
2020-10-16 23:06:34 -  [Error - GlobalEvents::think] Failed to execute event: Mazzinor
2020-10-16 23:06:34 -  
2020-10-16 23:06:34 -  Lua Script Error: [GlobalEvent Interface] 
2020-10-16 23:06:34 -  data/globalevents/scripts/The Scourge Of Oblivion.lua:onThink
2020-10-16 23:06:34 -  data/globalevents/scripts/The Scourge Of Oblivion.lua:34: attempt to index local 'boss' (a nil value)
2020-10-16 23:06:34 -  stack traceback:
2020-10-16 23:06:34 -  	[C]: in function '__index'
2020-10-16 23:06:34 -  	data/globalevents/scripts/The Scourge Of Oblivion.lua:34: in function <data/globalevents/scripts/The Scourge Of Oblivion.lua:21>
2020-10-16 23:06:34 -  [Error - GlobalEvents::think] Failed to execute event: The Scourge Of Oblivion
2020-10-17 01:47:03 -  Cheech has logged in.
2020-10-17 01:50:19 -  Chong has logged in.
2020-10-17 01:51:17 -  [Debug - Game::internalDecayItem] internalDecayItem failed, error code: 1, item id: 2021
2020-10-17 01:55:17 -  [Debug - Game::internalDecayItem] internalDecayItem failed, error code: 1, item id: 2021
2020-10-17 02:00:05 -  [Debug - Game::internalDecayItem] internalDecayItem failed, error code: 1, item id: 2018
2020-10-17 02:00:34 -  [Debug - Game::internalDecayItem] internalDecayItem failed, error code: 1, item id: 2018
2020-10-17 02:01:12 -  Cheech has logged out.
2020-10-17 02:01:21 -  Cheech has logged in.
2020-10-17 02:02:07 -  Chong has logged out.
2020-10-17 02:02:11 -  Chong has logged in.
2020-10-17 02:02:12 -  [Debug - Game::internalDecayItem] internalDecayItem failed, error code: 1, item id: 2018
2020-10-17 02:03:18 -  Cheech has logged out.
2020-10-17 02:03:23 -  Cheech has logged in.
2020-10-17 02:03:50 -  Cheech has logged out.
2020-10-17 02:03:55 -  Cheech has logged in.
2020-10-17 02:04:15 -  Chong has logged out.
2020-10-17 02:04:26 -  Chong has logged in.
2020-10-17 02:04:27 -  Cheech has logged out.
2020-10-17 02:04:40 -  Cheech has logged in.
2020-10-17 02:05:14 -  [Debug - Game::internalDecayItem] internalDecayItem failed, error code: 1, item id: 2021
2020-10-17 02:08:44 -  [Debug - Game::internalDecayItem] internalDecayItem failed, error code: 1, item id: 2018
2020-10-17 02:08:57 -  [Debug - Game::internalDecayItem] internalDecayItem failed, error code: 1, item id: 2018
2020-10-17 02:09:04 -  [Debug - Game::internalDecayItem] internalDecayItem failed, error code: 1, item id: 2018
2020-10-17 02:09:09 -  [Debug - Game::internalDecayItem] internalDecayItem failed, error code: 1, item id: 2018
2020-10-17 02:17:13 -  [Debug - Game::internalDecayItem] internalDecayItem failed, error code: 1, item id: 2018
2020-10-17 02:18:00 -  [Debug - Game::internalDecayItem] internalDecayItem failed, error code: 1, item id: 2018
2020-10-17 02:22:27 -  [Debug - Game::internalDecayItem] internalDecayItem failed, error code: 1, item id: 2018
2020-10-17 02:22:43 -  [Debug - Game::internalDecayItem] internalDecayItem failed, error code: 1, item id: 2018
2020-10-17 02:32:17 -  > Broadcasted message: "Many aggressive beasts are roaming south of Ab'Dendriel! Take care!".
2020-10-17 02:42:24 -  
2020-10-17 02:42:24 -  Lua Script Error: [Modules Interface] 
2020-10-17 02:42:24 -  data/modules/scripts/prey system/prey.lua:onRecvbyte
2020-10-17 02:42:24 -  data/modules/scripts/prey system/prey.lua:376: attempt to call method 'getPreyMonsterList' (a nil value)
2020-10-17 02:42:24 -  stack traceback:
2020-10-17 02:42:24 -  	[C]: in function 'getPreyMonsterList'
2020-10-17 02:42:24 -  	data/modules/scripts/prey system/prey.lua:376: in function 'sendPreyData'
2020-10-17 02:42:24 -  	data/modules/scripts/prey system/prey.lua:212: in function <data/modules/scripts/prey system/prey.lua:210>
2020-10-17 02:42:24 -  
2020-10-17 02:42:24 -  Lua Script Error: [Modules Interface] 
2020-10-17 02:42:24 -  data/modules/scripts/prey system/prey.lua:onRecvbyte
2020-10-17 02:42:24 -  data/modules/scripts/prey system/prey.lua:376: attempt to call method 'getPreyMonsterList' (a nil value)
2020-10-17 02:42:24 -  stack traceback:
2020-10-17 02:42:24 -  	[C]: in function 'getPreyMonsterList'
2020-10-17 02:42:24 -  	data/modules/scripts/prey system/prey.lua:376: in function 'sendPreyData'
2020-10-17 02:42:24 -  	data/modules/scripts/prey system/prey.lua:212: in function <data/modules/scripts/prey system/prey.lua:210>
2020-10-17 02:42:24 -  
2020-10-17 02:42:24 -  Lua Script Error: [Modules Interface] 
2020-10-17 02:42:24 -  data/modules/scripts/prey system/prey.lua:onRecvbyte
2020-10-17 02:42:24 -  data/modules/scripts/prey system/prey.lua:376: attempt to call method 'getPreyMonsterList' (a nil value)
2020-10-17 02:42:24 -  stack traceback:
2020-10-17 02:42:24 -  	[C]: in function 'getPreyMonsterList'
2020-10-17 02:42:24 -  	data/modules/scripts/prey system/prey.lua:376: in function 'sendPreyData'
2020-10-17 02:42:24 -  	data/modules/scripts/prey system/prey.lua:212: in function <data/modules/scripts/prey system/prey.lua:210>
2020-10-17 02:44:42 -  ip inválido
2020-10-17 02:44:42 -  ip inválido
2020-10-17 02:44:42 -  ip inválido
2020-10-17 02:44:42 -  Chong has logged out.
2020-10-17 02:47:54 -  Chong has logged in.
2020-10-17 02:48:55 -  
2020-10-17 02:48:55 -  Lua Script Error: [Modules Interface] 
2020-10-17 02:48:55 -  data/modules/scripts/prey system/prey.lua:onRecvbyte
2020-10-17 02:48:55 -  data/modules/scripts/prey system/prey.lua:376: attempt to call method 'getPreyMonsterList' (a nil value)
2020-10-17 02:48:55 -  stack traceback:
2020-10-17 02:48:55 -  	[C]: in function 'getPreyMonsterList'
2020-10-17 02:48:55 -  	data/modules/scripts/prey system/prey.lua:376: in function 'sendPreyData'
2020-10-17 02:48:55 -  	data/modules/scripts/prey system/prey.lua:212: in function <data/modules/scripts/prey system/prey.lua:210>
2020-10-17 02:48:55 -  
2020-10-17 02:48:55 -  Lua Script Error: [Modules Interface] 
2020-10-17 02:48:55 -  data/modules/scripts/prey system/prey.lua:onRecvbyte
2020-10-17 02:48:55 -  data/modules/scripts/prey system/prey.lua:376: attempt to call method 'getPreyMonsterList' (a nil value)
2020-10-17 02:48:55 -  stack traceback:
2020-10-17 02:48:55 -  	[C]: in function 'getPreyMonsterList'
2020-10-17 02:48:55 -  	data/modules/scripts/prey system/prey.lua:376: in function 'sendPreyData'
2020-10-17 02:48:55 -  	data/modules/scripts/prey system/prey.lua:212: in function <data/modules/scripts/prey system/prey.lua:210>
2020-10-17 02:48:55 -  
2020-10-17 02:48:55 -  Lua Script Error: [Modules Interface] 
2020-10-17 02:48:55 -  data/modules/scripts/prey system/prey.lua:onRecvbyte
2020-10-17 02:48:55 -  data/modules/scripts/prey system/prey.lua:376: attempt to call method 'getPreyMonsterList' (a nil value)
2020-10-17 02:48:55 -  stack traceback:
2020-10-17 02:48:55 -  	[C]: in function 'getPreyMonsterList'
2020-10-17 02:48:55 -  	data/modules/scripts/prey system/prey.lua:376: in function 'sendPreyData'
2020-10-17 02:48:55 -  	data/modules/scripts/prey system/prey.lua:212: in function <data/modules/scripts/prey system/prey.lua:210>
2020-10-17 02:50:13 -  [Debug - Game::internalDecayItem] internalDecayItem failed, error code: 1, item id: 2021
2020-10-17 02:53:09 -  
2020-10-17 02:53:09 -  Lua Script Error: [Modules Interface] 
2020-10-17 02:53:09 -  data/modules/scripts/prey system/prey.lua:onRecvbyte
2020-10-17 02:53:09 -  data/modules/scripts/prey system/prey.lua:376: attempt to call method 'getPreyMonsterList' (a nil value)
2020-10-17 02:53:09 -  stack traceback:
2020-10-17 02:53:09 -  	[C]: in function 'getPreyMonsterList'
2020-10-17 02:53:09 -  	data/modules/scripts/prey system/prey.lua:376: in function 'sendPreyData'
2020-10-17 02:53:09 -  	data/modules/scripts/prey system/prey.lua:212: in function <data/modules/scripts/prey system/prey.lua:210>
2020-10-17 02:53:09 -  
2020-10-17 02:53:09 -  Lua Script Error: [Modules Interface] 
2020-10-17 02:53:09 -  data/modules/scripts/prey system/prey.lua:onRecvbyte
2020-10-17 02:53:09 -  data/modules/scripts/prey system/prey.lua:376: attempt to call method 'getPreyMonsterList' (a nil value)
2020-10-17 02:53:09 -  stack traceback:
2020-10-17 02:53:09 -  	[C]: in function 'getPreyMonsterList'
2020-10-17 02:53:09 -  	data/modules/scripts/prey system/prey.lua:376: in function 'sendPreyData'
2020-10-17 02:53:09 -  	data/modules/scripts/prey system/prey.lua:212: in function <data/modules/scripts/prey system/prey.lua:210>
2020-10-17 02:53:09 -  
2020-10-17 02:53:09 -  Lua Script Error: [Modules Interface] 
2020-10-17 02:53:09 -  data/modules/scripts/prey system/prey.lua:onRecvbyte
2020-10-17 02:53:09 -  data/modules/scripts/prey system/prey.lua:376: attempt to call method 'getPreyMonsterList' (a nil value)
2020-10-17 02:53:09 -  stack traceback:
2020-10-17 02:53:09 -  	[C]: in function 'getPreyMonsterList'
2020-10-17 02:53:09 -  	data/modules/scripts/prey system/prey.lua:376: in function 'sendPreyData'
2020-10-17 02:53:09 -  	data/modules/scripts/prey system/prey.lua:212: in function <data/modules/scripts/prey system/prey.lua:210>
2020-10-17 02:53:41 -  [Debug - Game::internalDecayItem] internalDecayItem failed, error code: 1, item id: 2018
2020-10-17 02:54:11 -  [Debug - Game::internalDecayItem] internalDecayItem failed, error code: 1, item id: 2021
2020-10-17 02:54:16 -  [Debug - Game::internalDecayItem] internalDecayItem failed, error code: 1, item id: 2021
2020-10-17 02:54:17 -  [Debug - Game::internalDecayItem] internalDecayItem failed, error code: 1, item id: 2021
2020-10-17 02:55:06 -  [Debug - Game::internalDecayItem] internalDecayItem failed, error code: 1, item id: 2018
2020-10-17 02:55:13 -  [Debug - Game::internalDecayItem] internalDecayItem failed, error code: 1, item id: 2018
2020-10-17 02:57:00 -  [Debug - Game::internalDecayItem] internalDecayItem failed, error code: 1, item id: 2018
2020-10-17 02:58:44 -  [Debug - Game::internalDecayItem] internalDecayItem failed, error code: 1, item id: 2018
2020-10-17 02:58:47 -  [Debug - Game::internalDecayItem] internalDecayItem failed, error code: 1, item id: 2018
2020-10-17 02:59:01 -  [Debug - Game::internalDecayItem] internalDecayItem failed, error code: 1, item id: 2018
2020-10-17 03:11:34 -  [Debug - Game::internalDecayItem] internalDecayItem failed, error code: 1, item id: 2018
2020-10-17 03:18:42 -  [Debug - Game::internalDecayItem] internalDecayItem failed, error code: 1, item id: 2018
2020-10-17 03:19:31 -  
2020-10-17 03:19:31 -  Lua Script Error: [Main Interface] 
2020-10-17 03:19:31 -  in a timer event called from: 
2020-10-17 03:19:31 -  (Unknown scriptfile)
2020-10-17 03:19:31 -  data/npc/lib/npcsystem/npchandler.lua:320: attempt to get length of local 'ret' (a nil value)
2020-10-17 03:19:31 -  stack traceback:
2020-10-17 03:19:31 -  	[C]: in function '__len'
2020-10-17 03:19:31 -  	data/npc/lib/npcsystem/npchandler.lua:320: in function 'parseMessage'
2020-10-17 03:19:31 -  	data/npc/lib/npcsystem/npchandler.lua:657: in function <data/npc/lib/npcsystem/npchandler.lua:648>
2020-10-17 03:19:33 -  
2020-10-17 03:19:33 -  Lua Script Error: [Main Interface] 
2020-10-17 03:19:33 -  in a timer event called from: 
2020-10-17 03:19:33 -  (Unknown scriptfile)
2020-10-17 03:19:33 -  data/npc/lib/npcsystem/npchandler.lua:320: attempt to get length of local 'ret' (a nil value)
2020-10-17 03:19:33 -  stack traceback:
2020-10-17 03:19:33 -  	[C]: in function '__len'
2020-10-17 03:19:33 -  	data/npc/lib/npcsystem/npchandler.lua:320: in function 'parseMessage'
2020-10-17 03:19:33 -  	data/npc/lib/npcsystem/npchandler.lua:657: in function <data/npc/lib/npcsystem/npchandler.lua:648>
2020-10-17 03:37:17 -  [Debug - Game::internalDecayItem] internalDecayItem failed, error code: 1, item id: 2018
2020-10-17 03:37:31 -  [Debug - Game::internalDecayItem] internalDecayItem failed, error code: 1, item id: 2018
2020-10-17 03:37:42 -  [Debug - Game::internalDecayItem] internalDecayItem failed, error code: 1, item id: 2018
2020-10-17 03:38:52 -  [Debug - Game::internalDecayItem] internalDecayItem failed, error code: 1, item id: 2018
2020-10-17 03:41:26 -  [Debug - Game::internalDecayItem] internalDecayItem failed, error code: 1, item id: 2021
2020-10-17 03:48:06 -  [Debug - Game::internalDecayItem] internalDecayItem failed, error code: 1, item id: 2018
2020-10-17 03:50:21 -  [Debug - Game::internalDecayItem] internalDecayItem failed, error code: 1, item id: 2018
2020-10-17 03:50:27 -  [Debug - Game::internalDecayItem] internalDecayItem failed, error code: 1, item id: 2018
2020-10-17 04:22:48 -  [Debug - Game::internalDecayItem] internalDecayItem failed, error code: 1, item id: 2021
2020-10-17 04:22:49 -  [Debug - Game::internalDecayItem] internalDecayItem failed, error code: 1, item id: 2021
2020-10-17 04:24:47 -  [Debug - Game::internalDecayItem] internalDecayItem failed, error code: 1, item id: 2021
2020-10-17 04:26:05 -  [Debug - Game::internalDecayItem] internalDecayItem failed, error code: 1, item id: 2021
2020-10-17 04:33:41 -  
2020-10-17 04:33:41 -  Lua Script Error: [Modules Interface] 
2020-10-17 04:33:41 -  data/modules/scripts/prey system/prey.lua:onRecvbyte
2020-10-17 04:33:41 -  data/modules/scripts/prey system/prey.lua:376: attempt to call method 'getPreyMonsterList' (a nil value)
2020-10-17 04:33:41 -  stack traceback:
2020-10-17 04:33:41 -  	[C]: in function 'getPreyMonsterList'
2020-10-17 04:33:41 -  	data/modules/scripts/prey system/prey.lua:376: in function 'sendPreyData'
2020-10-17 04:33:41 -  	data/modules/scripts/prey system/prey.lua:212: in function <data/modules/scripts/prey system/prey.lua:210>
2020-10-17 04:33:41 -  
2020-10-17 04:33:41 -  Lua Script Error: [Modules Interface] 
2020-10-17 04:33:41 -  data/modules/scripts/prey system/prey.lua:onRecvbyte
2020-10-17 04:33:41 -  data/modules/scripts/prey system/prey.lua:376: attempt to call method 'getPreyMonsterList' (a nil value)
2020-10-17 04:33:41 -  stack traceback:
2020-10-17 04:33:41 -  	[C]: in function 'getPreyMonsterList'
2020-10-17 04:33:41 -  	data/modules/scripts/prey system/prey.lua:376: in function 'sendPreyData'
2020-10-17 04:33:41 -  	data/modules/scripts/prey system/prey.lua:212: in function <data/modules/scripts/prey system/prey.lua:210>
2020-10-17 04:33:41 -  
2020-10-17 04:33:41 -  Lua Script Error: [Modules Interface] 
2020-10-17 04:33:41 -  data/modules/scripts/prey system/prey.lua:onRecvbyte
2020-10-17 04:33:41 -  data/modules/scripts/prey system/prey.lua:376: attempt to call method 'getPreyMonsterList' (a nil value)
2020-10-17 04:33:41 -  stack traceback:
2020-10-17 04:33:41 -  	[C]: in function 'getPreyMonsterList'
2020-10-17 04:33:41 -  	data/modules/scripts/prey system/prey.lua:376: in function 'sendPreyData'
2020-10-17 04:33:41 -  	data/modules/scripts/prey system/prey.lua:212: in function <data/modules/scripts/prey system/prey.lua:210>
2020-10-17 04:35:05 -  [Debug - Game::internalDecayItem] internalDecayItem failed, error code: 1, item id: 2018
2020-10-17 04:43:03 -  Cheech has logged out.
2020-10-17 04:43:08 -  Cheech has logged in.
2020-10-17 04:43:26 -  Chong has logged out.
2020-10-17 04:43:27 -  Cheech has logged out.
2020-10-17 04:54:17 -  > Broadcasted message: "Something is moving in the east grounds of the Rookgaard.".
2020-10-17 05:05:00 -  Saving server...
2020-10-17 05:05:02 -  > Saved house items in: 1.051 s
2020-10-17 05:05:02 -  Nosferatu has logged out.
2020-10-17 05:05:02 -  Saving server...
2020-10-17 05:05:02 -  > Saved house items in: 0.242 s
2020-10-17 05:05:02 -  eu sou o checkname
2020-10-17 05:05:02 -  Shutting down...Saving server...
2020-10-17 05:05:03 -  > Saved house items in: 0.265 s
2020-10-17 05:05:03 -  [Thread 0x7ffff2ba7700 (LWP 14061) exited]
2020-10-17 05:05:03 -  [Thread 0x7ffff35ba700 (LWP 14059) exited]
2020-10-17 05:05:03 -   done!
2020-10-17 05:05:03 -  [Thread 0x7ffff3dbb700 (LWP 14058) exited]
2020-10-17 05:05:56 -  [Inferior 1 (process 14054) exited normally]
