2020-10-22 12:22:29 -  [Thread debugging using libthread_db enabled]
2020-10-22 12:22:29 -  Using host libthread_db library "/lib/x86_64-linux-gnu/libthread_db.so.1".
2020-10-22 12:22:29 -  [New Thread 0x7ffff3dbb700 (LWP 1423)]
2020-10-22 12:22:29 -  [New Thread 0x7ffff35ba700 (LWP 1424)]
2020-10-22 12:22:29 -  The OTG-Premium-Version - Version: (1.3)
2020-10-22 12:22:29 -  Compiled with: GNU C++ version 5.4.0 20160609
2020-10-22 12:22:29 -  Compiled on Sep 17 2020 19:49:36 for platform x64
2020-10-22 12:22:29 -  
2020-10-22 12:22:29 -  Special Credits for: OTG Team, Johncore, Vankk, Erick Nunes, Leonardo Pereira, Leandro Baldissera, Talis, Marcomoa, Marson Schneider, Douglas, Mark Samman, OTXServer (Mattyx Gomez) and The Forgotten Server Developers.
2020-10-22 12:22:29 -  Link of repository: https://github.com/Johncorex/OTG-Premium-Version
2020-10-22 12:22:29 -  
2020-10-22 12:22:29 -  >> Loading config: config.lua
2020-10-22 12:22:29 -  >> Establishing database connection... MySQL 5.7.31
2020-10-22 12:22:29 -  >> Running database manager
2020-10-22 12:22:29 -  [New Thread 0x7ffff2ba7700 (LWP 1425)]
2020-10-22 12:22:29 -  > Optimizing table tile_store... [success]
2020-10-22 12:22:29 -  >> Loading vocations
2020-10-22 12:22:29 -  >> Loading items
2020-10-22 12:22:29 -  >> Loading script systems
2020-10-22 12:22:29 -  >> Loading lua libs
2020-10-22 12:22:29 -  [Warning - Event::checkScript] Can not load script: scripts/expboostaction.lua
2020-10-22 12:22:29 -  cannot open data/actions/scripts/expboostaction.lua: No such file or directory
2020-10-22 12:22:30 -  >> Loading lua scripts
2020-10-22 12:22:30 -  >> Loading monsters
2020-10-22 12:22:30 -  >> Loading lua monsters
2020-10-22 12:22:30 -  >> Loading outfits
2020-10-22 12:22:30 -  >> Loading prey data
2020-10-22 12:22:31 -  >> Checking world type... PVP
2020-10-22 12:22:31 -  >> Loading map
2020-10-22 12:22:32 -  > Map size: 34143x33812.
2020-10-22 12:22:38 -  > Map loading time: 7.123 seconds.
2020-10-22 12:22:39 -  > Loaded house items in: 0.01 s
2020-10-22 12:22:39 -  >> Initializing gamestate
2020-10-22 12:22:41 -  >> Loaded 43 npcs and spawned 72708 monsters.
2020-10-22 12:22:41 -  >> Loaded 27 towns with 1074 houses in total.
2020-10-22 12:22:41 -  [Castle War]
2020-10-22 12:22:41 -  [POWERGAMERS]
2020-10-22 12:22:41 -  [SISTEMA DE LOTERIA] OPERANTE
2020-10-22 12:22:41 -  Advanced NPC spawn system | All NPCs will be loaded trough lib.
2020-10-22 12:22:41 -  [REGEN BOOST] CARREGADO
2020-10-22 12:22:41 -  [SPOOF COUNTER]
2020-10-22 12:22:41 -  [STAMINA]
2020-10-22 12:22:41 -  warvariables
2020-10-22 12:22:41 -  Agenda:	10
2020-10-22 12:22:41 -  eu sou o checkWarmode... 12:22!
2020-10-22 12:22:41 -  Buscando valores guilds where id = 5
2020-10-22 12:22:41 -  > Broadcasted message: "[Warmode] Atencao Honerianos! A Guild Vai tomando desafiou a Guild TesteWarmode para uma batalha que vai iniciar agora!".
2020-10-22 12:22:41 -  12	22	38
2020-10-22 12:22:41 -  >> Loaded all modules, server starting up...
2020-10-22 12:22:41 -  > Warning: OTG-Premium-Version has been executed as root user, please consider running it as a normal user.
2020-10-22 12:22:41 -  >> Honera Global Server Online!
2020-10-22 12:22:41 -  
2020-10-22 12:22:41 -  Robalo has logged in.
2020-10-22 12:22:43 -  funcao onLogin
2020-10-22 12:22:43 -  SABADOU!! NPC HONERA CRIADO
2020-10-22 12:22:43 -  Hromeu Pinto has logged in.
2020-10-22 12:22:50 -  funcao onLogin
2020-10-22 12:22:50 -  Robalo has logged out.
2020-10-22 12:22:50 -  Demonzin has logged in.
2020-10-22 12:22:50 -  funcao onLogin
2020-10-22 12:22:50 -  King Romanov has logged in.
2020-10-22 12:22:52 -  funcao onLogin
2020-10-22 12:22:52 -  Robalo has logged in.
2020-10-22 12:22:56 -  funcao onLogin
2020-10-22 12:22:56 -  Demonzin has logged out.
2020-10-22 12:22:57 -  Demonzin has logged in.
2020-10-22 12:22:58 -  funcao onLogin
2020-10-22 12:22:58 -  Demonzin has logged out.
2020-10-22 12:22:59 -  Demonzin has logged in.
2020-10-22 12:23:01 -  funcao onLogin
2020-10-22 12:23:01 -  Robalo has logged out.
2020-10-22 12:23:02 -  Robalo has logged in.
2020-10-22 12:23:13 -  funcao onLogin
2020-10-22 12:23:13 -  Demonzin has logged out.
2020-10-22 12:23:15 -  Demonzin has logged in.
2020-10-22 12:26:41 -  funcao onLogin
2020-10-22 12:26:41 -  um player que estava dentro da war, logou
2020-10-22 12:26:41 -  endWarmode
2020-10-22 12:26:41 -  > Broadcasted message: "[Warmode] A War acabou por tempo! Parabens para ambas as guilds por este emocionante empate!".
2020-10-22 12:26:41 -  removendo players da tabela porque a war acabou
2020-10-22 12:26:41 -  Robalo has logged out.
2020-10-22 12:26:46 -  Robalo has logged in.
2020-10-22 12:26:46 -  funcao onLogin
2020-10-22 12:26:46 -  Robalo has logged out.
2020-10-22 12:26:49 -  Robalo has logged in.
2020-10-22 12:27:09 -  funcao onLogin
2020-10-22 12:27:09 -  Demonzin has logged out.
2020-10-22 12:27:12 -  Demonzin has logged in.
2020-10-22 12:27:12 -  funcao onLogin
2020-10-22 12:27:12 -  Demonzin has logged out.
2020-10-22 12:27:14 -  Demonzin has logged in.
2020-10-22 12:29:05 -  funcao onLogin
2020-10-22 12:29:05 -  
2020-10-22 12:29:05 -  Lua Script Error: [Npc interface] 
2020-10-22 12:29:05 -  data/npc/scripts/Testserver Assistant.lua:onCreatureSay
2020-10-22 12:29:05 -  data/npc/scripts/Testserver Assistant.lua:174: attempt to index a nil value
2020-10-22 12:29:05 -  stack traceback:
2020-10-22 12:29:05 -  	[C]: in function '__index'
2020-10-22 12:29:05 -  	data/npc/scripts/Testserver Assistant.lua:174: in function 'callback'
2020-10-22 12:29:05 -  	data/npc/lib/npcsystem/npchandler.lua:431: in function 'onCreatureSay'
2020-10-22 12:29:05 -  	data/npc/scripts/Testserver Assistant.lua:7: in function <data/npc/scripts/Testserver Assistant.lua:7>
2020-10-22 12:29:11 -  
2020-10-22 12:29:11 -  Lua Script Error: [Npc interface] 
2020-10-22 12:29:11 -  data/npc/scripts/Testserver Assistant.lua:onCreatureSay
2020-10-22 12:29:11 -  data/npc/scripts/Testserver Assistant.lua:174: attempt to index a nil value
2020-10-22 12:29:11 -  stack traceback:
2020-10-22 12:29:11 -  	[C]: in function '__index'
2020-10-22 12:29:11 -  	data/npc/scripts/Testserver Assistant.lua:174: in function 'callback'
2020-10-22 12:29:11 -  	data/npc/lib/npcsystem/npchandler.lua:431: in function 'onCreatureSay'
2020-10-22 12:29:11 -  	data/npc/scripts/Testserver Assistant.lua:7: in function <data/npc/scripts/Testserver Assistant.lua:7>
2020-10-22 12:29:15 -  
2020-10-22 12:29:15 -  Lua Script Error: [Npc interface] 
2020-10-22 12:29:15 -  data/npc/scripts/Testserver Assistant.lua:onCreatureSay
2020-10-22 12:29:15 -  data/npc/scripts/Testserver Assistant.lua:174: attempt to index a nil value
2020-10-22 12:29:15 -  stack traceback:
2020-10-22 12:29:15 -  	[C]: in function '__index'
2020-10-22 12:29:15 -  	data/npc/scripts/Testserver Assistant.lua:174: in function 'callback'
2020-10-22 12:29:15 -  	data/npc/lib/npcsystem/npchandler.lua:431: in function 'onCreatureSay'
2020-10-22 12:29:15 -  	data/npc/scripts/Testserver Assistant.lua:7: in function <data/npc/scripts/Testserver Assistant.lua:7>
2020-10-22 12:29:15 -  
2020-10-22 12:29:15 -  Lua Script Error: [Npc interface] 
2020-10-22 12:29:15 -  data/npc/scripts/Testserver Assistant.lua:onCreatureSay
2020-10-22 12:29:15 -  data/npc/scripts/Testserver Assistant.lua:174: attempt to index a nil value
2020-10-22 12:29:15 -  stack traceback:
2020-10-22 12:29:15 -  	[C]: in function '__index'
2020-10-22 12:29:15 -  	data/npc/scripts/Testserver Assistant.lua:174: in function 'callback'
2020-10-22 12:29:15 -  	data/npc/lib/npcsystem/npchandler.lua:431: in function 'onCreatureSay'
2020-10-22 12:29:15 -  	data/npc/scripts/Testserver Assistant.lua:7: in function <data/npc/scripts/Testserver Assistant.lua:7>
2020-10-22 12:30:02 -  
2020-10-22 12:30:02 -  Lua Script Error: [Modules Interface] 
2020-10-22 12:30:02 -  data/modules/scripts/prey system/prey.lua:onRecvbyte
2020-10-22 12:30:02 -  data/modules/scripts/prey system/prey.lua:376: attempt to call method 'getPreyMonsterList' (a nil value)
2020-10-22 12:30:02 -  stack traceback:
2020-10-22 12:30:02 -  	[C]: in function 'getPreyMonsterList'
2020-10-22 12:30:02 -  	data/modules/scripts/prey system/prey.lua:376: in function 'sendPreyData'
2020-10-22 12:30:02 -  	data/modules/scripts/prey system/prey.lua:212: in function <data/modules/scripts/prey system/prey.lua:210>
2020-10-22 12:31:00 -  
2020-10-22 12:31:00 -  Lua Script Error: [Npc interface] 
2020-10-22 12:31:00 -  data/npc/scripts/Testserver Assistant.lua:onCreatureSay
2020-10-22 12:31:00 -  data/npc/scripts/Testserver Assistant.lua:174: attempt to index a nil value
2020-10-22 12:31:00 -  stack traceback:
2020-10-22 12:31:00 -  	[C]: in function '__index'
2020-10-22 12:31:00 -  	data/npc/scripts/Testserver Assistant.lua:174: in function 'callback'
2020-10-22 12:31:00 -  	data/npc/lib/npcsystem/npchandler.lua:431: in function 'onCreatureSay'
2020-10-22 12:31:00 -  	data/npc/scripts/Testserver Assistant.lua:7: in function <data/npc/scripts/Testserver Assistant.lua:7>
2020-10-22 12:31:01 -  
2020-10-22 12:31:01 -  Lua Script Error: [Npc interface] 
2020-10-22 12:31:01 -  data/npc/scripts/Testserver Assistant.lua:onCreatureSay
2020-10-22 12:31:01 -  data/npc/scripts/Testserver Assistant.lua:174: attempt to index a nil value
2020-10-22 12:31:01 -  stack traceback:
2020-10-22 12:31:01 -  	[C]: in function '__index'
2020-10-22 12:31:01 -  	data/npc/scripts/Testserver Assistant.lua:174: in function 'callback'
2020-10-22 12:31:01 -  	data/npc/lib/npcsystem/npchandler.lua:431: in function 'onCreatureSay'
2020-10-22 12:31:01 -  	data/npc/scripts/Testserver Assistant.lua:7: in function <data/npc/scripts/Testserver Assistant.lua:7>
2020-10-22 12:31:04 -  
2020-10-22 12:31:04 -  Lua Script Error: [Npc interface] 
2020-10-22 12:31:04 -  data/npc/scripts/Testserver Assistant.lua:onCreatureSay
2020-10-22 12:31:04 -  data/npc/scripts/Testserver Assistant.lua:174: attempt to index a nil value
2020-10-22 12:31:04 -  stack traceback:
2020-10-22 12:31:04 -  	[C]: in function '__index'
2020-10-22 12:31:04 -  	data/npc/scripts/Testserver Assistant.lua:174: in function 'callback'
2020-10-22 12:31:04 -  	data/npc/lib/npcsystem/npchandler.lua:431: in function 'onCreatureSay'
2020-10-22 12:31:04 -  	data/npc/scripts/Testserver Assistant.lua:7: in function <data/npc/scripts/Testserver Assistant.lua:7>
2020-10-22 12:31:12 -  
2020-10-22 12:31:12 -  Lua Script Error: [Npc interface] 
2020-10-22 12:31:12 -  data/npc/scripts/Testserver Assistant.lua:onCreatureSay
2020-10-22 12:31:12 -  data/npc/scripts/Testserver Assistant.lua:174: attempt to index a nil value
2020-10-22 12:31:12 -  stack traceback:
2020-10-22 12:31:12 -  	[C]: in function '__index'
2020-10-22 12:31:12 -  	data/npc/scripts/Testserver Assistant.lua:174: in function 'callback'
2020-10-22 12:31:12 -  	data/npc/lib/npcsystem/npchandler.lua:431: in function 'onCreatureSay'
2020-10-22 12:31:12 -  	data/npc/scripts/Testserver Assistant.lua:7: in function <data/npc/scripts/Testserver Assistant.lua:7>
2020-10-22 12:31:13 -  
2020-10-22 12:31:13 -  Lua Script Error: [Npc interface] 
2020-10-22 12:31:13 -  data/npc/scripts/Testserver Assistant.lua:onCreatureSay
2020-10-22 12:31:13 -  data/npc/scripts/Testserver Assistant.lua:174: attempt to index a nil value
2020-10-22 12:31:13 -  stack traceback:
2020-10-22 12:31:13 -  	[C]: in function '__index'
2020-10-22 12:31:13 -  	data/npc/scripts/Testserver Assistant.lua:174: in function 'callback'
2020-10-22 12:31:13 -  	data/npc/lib/npcsystem/npchandler.lua:431: in function 'onCreatureSay'
2020-10-22 12:31:13 -  	data/npc/scripts/Testserver Assistant.lua:7: in function <data/npc/scripts/Testserver Assistant.lua:7>
2020-10-22 12:31:13 -  
2020-10-22 12:31:13 -  Lua Script Error: [Npc interface] 
2020-10-22 12:31:13 -  data/npc/scripts/Testserver Assistant.lua:onCreatureSay
2020-10-22 12:31:13 -  data/npc/scripts/Testserver Assistant.lua:174: attempt to index a nil value
2020-10-22 12:31:13 -  stack traceback:
2020-10-22 12:31:13 -  	[C]: in function '__index'
2020-10-22 12:31:13 -  	data/npc/scripts/Testserver Assistant.lua:174: in function 'callback'
2020-10-22 12:31:13 -  	data/npc/lib/npcsystem/npchandler.lua:431: in function 'onCreatureSay'
2020-10-22 12:31:13 -  	data/npc/scripts/Testserver Assistant.lua:7: in function <data/npc/scripts/Testserver Assistant.lua:7>
2020-10-22 12:31:15 -  
2020-10-22 12:31:15 -  Lua Script Error: [Npc interface] 
2020-10-22 12:31:15 -  data/npc/scripts/Testserver Assistant.lua:onCreatureSay
2020-10-22 12:31:15 -  data/npc/scripts/Testserver Assistant.lua:174: attempt to index a nil value
2020-10-22 12:31:15 -  stack traceback:
2020-10-22 12:31:15 -  	[C]: in function '__index'
2020-10-22 12:31:15 -  	data/npc/scripts/Testserver Assistant.lua:174: in function 'callback'
2020-10-22 12:31:15 -  	data/npc/lib/npcsystem/npchandler.lua:431: in function 'onCreatureSay'
2020-10-22 12:31:15 -  	data/npc/scripts/Testserver Assistant.lua:7: in function <data/npc/scripts/Testserver Assistant.lua:7>
2020-10-22 12:31:16 -  
2020-10-22 12:31:16 -  Lua Script Error: [Npc interface] 
2020-10-22 12:31:16 -  data/npc/scripts/Testserver Assistant.lua:onCreatureSay
2020-10-22 12:31:16 -  data/npc/scripts/Testserver Assistant.lua:174: attempt to index a nil value
2020-10-22 12:31:16 -  stack traceback:
2020-10-22 12:31:16 -  	[C]: in function '__index'
2020-10-22 12:31:16 -  	data/npc/scripts/Testserver Assistant.lua:174: in function 'callback'
2020-10-22 12:31:16 -  	data/npc/lib/npcsystem/npchandler.lua:431: in function 'onCreatureSay'
2020-10-22 12:31:16 -  	data/npc/scripts/Testserver Assistant.lua:7: in function <data/npc/scripts/Testserver Assistant.lua:7>
2020-10-22 12:31:26 -  Hromeu Pinto has logged out.
2020-10-22 12:31:27 -  Hromeu Pinto has logged in.
2020-10-22 12:31:31 -  funcao onLogin
2020-10-22 12:31:31 -  
2020-10-22 12:31:31 -  Lua Script Error: [Npc interface] 
2020-10-22 12:31:31 -  data/npc/scripts/Testserver Assistant.lua:onCreatureSay
2020-10-22 12:31:31 -  data/npc/scripts/Testserver Assistant.lua:174: attempt to index a nil value
2020-10-22 12:31:31 -  stack traceback:
2020-10-22 12:31:31 -  	[C]: in function '__index'
2020-10-22 12:31:31 -  	data/npc/scripts/Testserver Assistant.lua:174: in function 'callback'
2020-10-22 12:31:31 -  	data/npc/lib/npcsystem/npchandler.lua:431: in function 'onCreatureSay'
2020-10-22 12:31:31 -  	data/npc/scripts/Testserver Assistant.lua:7: in function <data/npc/scripts/Testserver Assistant.lua:7>
2020-10-22 12:31:35 -  
2020-10-22 12:31:35 -  Lua Script Error: [Npc interface] 
2020-10-22 12:31:35 -  data/npc/scripts/Testserver Assistant.lua:onCreatureSay
2020-10-22 12:31:35 -  data/npc/scripts/Testserver Assistant.lua:174: attempt to index a nil value
2020-10-22 12:31:35 -  stack traceback:
2020-10-22 12:31:35 -  	[C]: in function '__index'
2020-10-22 12:31:35 -  	data/npc/scripts/Testserver Assistant.lua:174: in function 'callback'
2020-10-22 12:31:35 -  	data/npc/lib/npcsystem/npchandler.lua:431: in function 'onCreatureSay'
2020-10-22 12:31:35 -  	data/npc/scripts/Testserver Assistant.lua:7: in function <data/npc/scripts/Testserver Assistant.lua:7>
2020-10-22 12:31:36 -  
2020-10-22 12:31:36 -  Lua Script Error: [Npc interface] 
2020-10-22 12:31:36 -  data/npc/scripts/Testserver Assistant.lua:onCreatureSay
2020-10-22 12:31:36 -  data/npc/scripts/Testserver Assistant.lua:174: attempt to index a nil value
2020-10-22 12:31:36 -  stack traceback:
2020-10-22 12:31:36 -  	[C]: in function '__index'
2020-10-22 12:31:36 -  	data/npc/scripts/Testserver Assistant.lua:174: in function 'callback'
2020-10-22 12:31:36 -  	data/npc/lib/npcsystem/npchandler.lua:431: in function 'onCreatureSay'
2020-10-22 12:31:36 -  	data/npc/scripts/Testserver Assistant.lua:7: in function <data/npc/scripts/Testserver Assistant.lua:7>
2020-10-22 12:32:04 -  
2020-10-22 12:32:04 -  Lua Script Error: [Npc interface] 
2020-10-22 12:32:04 -  data/npc/scripts/Testserver Assistant.lua:onCreatureSay
2020-10-22 12:32:04 -  data/npc/scripts/Testserver Assistant.lua:174: attempt to index a nil value
2020-10-22 12:32:04 -  stack traceback:
2020-10-22 12:32:04 -  	[C]: in function '__index'
2020-10-22 12:32:04 -  	data/npc/scripts/Testserver Assistant.lua:174: in function 'callback'
2020-10-22 12:32:04 -  	data/npc/lib/npcsystem/npchandler.lua:431: in function 'onCreatureSay'
2020-10-22 12:32:04 -  	data/npc/scripts/Testserver Assistant.lua:7: in function <data/npc/scripts/Testserver Assistant.lua:7>
2020-10-22 12:32:07 -  
2020-10-22 12:32:07 -  Lua Script Error: [Npc interface] 
2020-10-22 12:32:07 -  data/npc/scripts/Testserver Assistant.lua:onCreatureSay
2020-10-22 12:32:07 -  data/npc/scripts/Testserver Assistant.lua:174: attempt to index a nil value
2020-10-22 12:32:07 -  stack traceback:
2020-10-22 12:32:07 -  	[C]: in function '__index'
2020-10-22 12:32:07 -  	data/npc/scripts/Testserver Assistant.lua:174: in function 'callback'
2020-10-22 12:32:07 -  	data/npc/lib/npcsystem/npchandler.lua:431: in function 'onCreatureSay'
2020-10-22 12:32:07 -  	data/npc/scripts/Testserver Assistant.lua:7: in function <data/npc/scripts/Testserver Assistant.lua:7>
2020-10-22 12:32:09 -  
2020-10-22 12:32:09 -  Lua Script Error: [Npc interface] 
2020-10-22 12:32:09 -  data/npc/scripts/Testserver Assistant.lua:onCreatureSay
2020-10-22 12:32:09 -  data/npc/scripts/Testserver Assistant.lua:174: attempt to index a nil value
2020-10-22 12:32:09 -  stack traceback:
2020-10-22 12:32:09 -  	[C]: in function '__index'
2020-10-22 12:32:09 -  	data/npc/scripts/Testserver Assistant.lua:174: in function 'callback'
2020-10-22 12:32:09 -  	data/npc/lib/npcsystem/npchandler.lua:431: in function 'onCreatureSay'
2020-10-22 12:32:09 -  	data/npc/scripts/Testserver Assistant.lua:7: in function <data/npc/scripts/Testserver Assistant.lua:7>
2020-10-22 12:32:19 -  
2020-10-22 12:32:19 -  Lua Script Error: [Npc interface] 
2020-10-22 12:32:19 -  data/npc/scripts/Testserver Assistant.lua:onCreatureSay
2020-10-22 12:32:19 -  data/npc/scripts/Testserver Assistant.lua:174: attempt to index a nil value
2020-10-22 12:32:19 -  stack traceback:
2020-10-22 12:32:19 -  	[C]: in function '__index'
2020-10-22 12:32:19 -  	data/npc/scripts/Testserver Assistant.lua:174: in function 'callback'
2020-10-22 12:32:19 -  	data/npc/lib/npcsystem/npchandler.lua:431: in function 'onCreatureSay'
2020-10-22 12:32:19 -  	data/npc/scripts/Testserver Assistant.lua:7: in function <data/npc/scripts/Testserver Assistant.lua:7>
2020-10-22 12:32:56 -  
2020-10-22 12:32:56 -  Lua Script Error: [Npc interface] 
2020-10-22 12:32:56 -  data/npc/scripts/Testserver Assistant.lua:onCreatureSay
2020-10-22 12:32:56 -  data/npc/scripts/Testserver Assistant.lua:174: attempt to index a nil value
2020-10-22 12:32:56 -  stack traceback:
2020-10-22 12:32:56 -  	[C]: in function '__index'
2020-10-22 12:32:56 -  	data/npc/scripts/Testserver Assistant.lua:174: in function 'callback'
2020-10-22 12:32:56 -  	data/npc/lib/npcsystem/npchandler.lua:431: in function 'onCreatureSay'
2020-10-22 12:32:56 -  	data/npc/scripts/Testserver Assistant.lua:7: in function <data/npc/scripts/Testserver Assistant.lua:7>
2020-10-22 12:32:58 -  
2020-10-22 12:32:58 -  Lua Script Error: [Npc interface] 
2020-10-22 12:32:58 -  data/npc/scripts/Testserver Assistant.lua:onCreatureSay
2020-10-22 12:32:58 -  data/npc/scripts/Testserver Assistant.lua:174: attempt to index a nil value
2020-10-22 12:32:58 -  stack traceback:
2020-10-22 12:32:58 -  	[C]: in function '__index'
2020-10-22 12:32:58 -  	data/npc/scripts/Testserver Assistant.lua:174: in function 'callback'
2020-10-22 12:32:58 -  	data/npc/lib/npcsystem/npchandler.lua:431: in function 'onCreatureSay'
2020-10-22 12:32:58 -  	data/npc/scripts/Testserver Assistant.lua:7: in function <data/npc/scripts/Testserver Assistant.lua:7>
2020-10-22 12:33:00 -  
2020-10-22 12:33:00 -  Lua Script Error: [Npc interface] 
2020-10-22 12:33:00 -  data/npc/scripts/Testserver Assistant.lua:onCreatureSay
2020-10-22 12:33:00 -  data/npc/scripts/Testserver Assistant.lua:174: attempt to index a nil value
2020-10-22 12:33:00 -  stack traceback:
2020-10-22 12:33:00 -  	[C]: in function '__index'
2020-10-22 12:33:00 -  	data/npc/scripts/Testserver Assistant.lua:174: in function 'callback'
2020-10-22 12:33:00 -  	data/npc/lib/npcsystem/npchandler.lua:431: in function 'onCreatureSay'
2020-10-22 12:33:00 -  	data/npc/scripts/Testserver Assistant.lua:7: in function <data/npc/scripts/Testserver Assistant.lua:7>
2020-10-22 12:33:08 -  Hromeu Pinto has logged out.
2020-10-22 12:33:09 -  Hromeu Pinto has logged in.
2020-10-22 12:33:15 -  funcao onLogin
2020-10-22 12:33:15 -  
2020-10-22 12:33:15 -  Lua Script Error: [Npc interface] 
2020-10-22 12:33:15 -  data/npc/scripts/Testserver Assistant.lua:onCreatureSay
2020-10-22 12:33:15 -  data/npc/scripts/Testserver Assistant.lua:174: attempt to index a nil value
2020-10-22 12:33:15 -  stack traceback:
2020-10-22 12:33:15 -  	[C]: in function '__index'
2020-10-22 12:33:15 -  	data/npc/scripts/Testserver Assistant.lua:174: in function 'callback'
2020-10-22 12:33:15 -  	data/npc/lib/npcsystem/npchandler.lua:431: in function 'onCreatureSay'
2020-10-22 12:33:15 -  	data/npc/scripts/Testserver Assistant.lua:7: in function <data/npc/scripts/Testserver Assistant.lua:7>
2020-10-22 12:33:18 -  
2020-10-22 12:33:18 -  Lua Script Error: [Npc interface] 
2020-10-22 12:33:18 -  data/npc/scripts/Testserver Assistant.lua:onCreatureSay
2020-10-22 12:33:18 -  data/npc/scripts/Testserver Assistant.lua:174: attempt to index a nil value
2020-10-22 12:33:18 -  stack traceback:
2020-10-22 12:33:18 -  	[C]: in function '__index'
2020-10-22 12:33:18 -  	data/npc/scripts/Testserver Assistant.lua:174: in function 'callback'
2020-10-22 12:33:18 -  	data/npc/lib/npcsystem/npchandler.lua:431: in function 'onCreatureSay'
2020-10-22 12:33:18 -  	data/npc/scripts/Testserver Assistant.lua:7: in function <data/npc/scripts/Testserver Assistant.lua:7>
2020-10-22 12:33:21 -  
2020-10-22 12:33:21 -  Lua Script Error: [Npc interface] 
2020-10-22 12:33:21 -  data/npc/scripts/Testserver Assistant.lua:onCreatureSay
2020-10-22 12:33:21 -  data/npc/scripts/Testserver Assistant.lua:174: attempt to index a nil value
2020-10-22 12:33:21 -  stack traceback:
2020-10-22 12:33:21 -  	[C]: in function '__index'
2020-10-22 12:33:21 -  	data/npc/scripts/Testserver Assistant.lua:174: in function 'callback'
2020-10-22 12:33:21 -  	data/npc/lib/npcsystem/npchandler.lua:431: in function 'onCreatureSay'
2020-10-22 12:33:21 -  	data/npc/scripts/Testserver Assistant.lua:7: in function <data/npc/scripts/Testserver Assistant.lua:7>
2020-10-22 12:33:24 -  
2020-10-22 12:33:24 -  Lua Script Error: [Npc interface] 
2020-10-22 12:33:24 -  data/npc/scripts/Testserver Assistant.lua:onCreatureSay
2020-10-22 12:33:24 -  data/npc/scripts/Testserver Assistant.lua:174: attempt to index a nil value
2020-10-22 12:33:24 -  stack traceback:
2020-10-22 12:33:24 -  	[C]: in function '__index'
2020-10-22 12:33:24 -  	data/npc/scripts/Testserver Assistant.lua:174: in function 'callback'
2020-10-22 12:33:24 -  	data/npc/lib/npcsystem/npchandler.lua:431: in function 'onCreatureSay'
2020-10-22 12:33:24 -  	data/npc/scripts/Testserver Assistant.lua:7: in function <data/npc/scripts/Testserver Assistant.lua:7>
2020-10-22 12:33:54 -  
2020-10-22 12:33:54 -  Lua Script Error: [Npc interface] 
2020-10-22 12:33:54 -  data/npc/scripts/Testserver Assistant.lua:onCreatureSay
2020-10-22 12:33:54 -  data/npc/scripts/Testserver Assistant.lua:174: attempt to index a nil value
2020-10-22 12:33:54 -  stack traceback:
2020-10-22 12:33:54 -  	[C]: in function '__index'
2020-10-22 12:33:54 -  	data/npc/scripts/Testserver Assistant.lua:174: in function 'callback'
2020-10-22 12:33:54 -  	data/npc/lib/npcsystem/npchandler.lua:431: in function 'onCreatureSay'
2020-10-22 12:33:54 -  	data/npc/scripts/Testserver Assistant.lua:7: in function <data/npc/scripts/Testserver Assistant.lua:7>
2020-10-22 12:33:55 -  
2020-10-22 12:33:55 -  Lua Script Error: [Npc interface] 
2020-10-22 12:33:55 -  data/npc/scripts/Testserver Assistant.lua:onCreatureSay
2020-10-22 12:33:55 -  data/npc/scripts/Testserver Assistant.lua:174: attempt to index a nil value
2020-10-22 12:33:55 -  stack traceback:
2020-10-22 12:33:55 -  	[C]: in function '__index'
2020-10-22 12:33:55 -  	data/npc/scripts/Testserver Assistant.lua:174: in function 'callback'
2020-10-22 12:33:55 -  	data/npc/lib/npcsystem/npchandler.lua:431: in function 'onCreatureSay'
2020-10-22 12:33:55 -  	data/npc/scripts/Testserver Assistant.lua:7: in function <data/npc/scripts/Testserver Assistant.lua:7>
2020-10-22 12:35:02 -  
2020-10-22 12:35:02 -  Lua Script Error: [Modules Interface] 
2020-10-22 12:35:02 -  data/modules/scripts/prey system/prey.lua:onRecvbyte
2020-10-22 12:35:02 -  data/modules/scripts/prey system/prey.lua:376: attempt to call method 'getPreyMonsterList' (a nil value)
2020-10-22 12:35:02 -  stack traceback:
2020-10-22 12:35:02 -  	[C]: in function 'getPreyMonsterList'
2020-10-22 12:35:02 -  	data/modules/scripts/prey system/prey.lua:376: in function 'sendPreyData'
2020-10-22 12:35:02 -  	data/modules/scripts/prey system/prey.lua:212: in function <data/modules/scripts/prey system/prey.lua:210>
2020-10-22 12:35:12 -  
2020-10-22 12:35:12 -  Thread 1 "tfs" received signal SIGINT, Interrupt.
2020-10-22 12:35:12 -  0x00007ffff7b14ad3 in epoll_wait () at ../sysdeps/unix/syscall-template.S:84
2020-10-22 12:35:12 -  84	../sysdeps/unix/syscall-template.S: No such file or directory.
2020-10-22 12:35:12 -  
2020-10-22 12:35:12 -  Thread 4 (Thread 0x7ffff2ba7700 (LWP 1425)):
2020-10-22 12:35:12 -  #0  pthread_cond_wait@@GLIBC_2.3.2 () at ../sysdeps/unix/sysv/linux/x86_64/pthread_cond_wait.S:185
2020-10-22 12:35:12 -  No locals.
2020-10-22 12:35:12 -  #1  0x00007ffff5e7491c in std::condition_variable::wait(std::unique_lock<std::mutex>&) () from /usr/lib/x86_64-linux-gnu/libstdc++.so.6
2020-10-22 12:35:13 -  No symbol table info available.
2020-10-22 12:35:13 -  #2  0x00000000006228bf in DatabaseTasks::threadMain() (this=0x8e39a0 <g_databaseTasks>) at /home/otg/src/databasetasks.cpp:42
2020-10-22 12:35:13 -          taskLockUnique = {_M_device = 0x8e3a08 <g_databaseTasks+104>, _M_owns = true}
2020-10-22 12:35:13 -  #3  0x00007ffff5e79c80 in ?? () from /usr/lib/x86_64-linux-gnu/libstdc++.so.6
2020-10-22 12:35:13 -  No symbol table info available.
2020-10-22 12:35:13 -  #4  0x00007ffff614a6ba in start_thread (arg=0x7ffff2ba7700) at pthread_create.c:333
2020-10-22 12:35:13 -          __res = <optimized out>
2020-10-22 12:35:13 -          pd = 0x7ffff2ba7700
2020-10-22 12:35:13 -          now = <optimized out>
2020-10-22 12:35:13 -          unwind_buf = {cancel_jmp_buf = {{jmp_buf = {140737265694464, 4026588988395724290, 0, 140737284647471, 140737265695168, 9334528, -4026582910456586750, -4026572725250580990}, mask_was_saved = 0}}, priv = {pad = {0x0, 0x0, 0x0, 0x0}, data = {prev = 0x0, cleanup = 0x0, canceltype = 0}}}
2020-10-22 12:35:13 -          not_first_call = <optimized out>
2020-10-22 12:35:13 -          pagesize_m1 = <optimized out>
2020-10-22 12:35:13 -          sp = <optimized out>
2020-10-22 12:35:13 -          freesize = <optimized out>
2020-10-22 12:35:13 -          __PRETTY_FUNCTION__ = "start_thread"
2020-10-22 12:35:13 -  #5  0x00007ffff7b144dd in clone () at ../sysdeps/unix/sysv/linux/x86_64/clone.S:109
2020-10-22 12:35:13 -  No locals.
2020-10-22 12:35:13 -  
2020-10-22 12:35:13 -  Thread 3 (Thread 0x7ffff35ba700 (LWP 1424)):
2020-10-22 12:35:13 -  #0  pthread_cond_timedwait@@GLIBC_2.3.2 () at ../sysdeps/unix/sysv/linux/x86_64/pthread_cond_timedwait.S:225
2020-10-22 12:35:13 -  No locals.
2020-10-22 12:35:13 -  #1  0x0000000000506210 in __gthread_cond_timedwait () at /usr/include/x86_64-linux-gnu/c++/5/bits/gthr-default.h:871
2020-10-22 12:35:13 -  No locals.
2020-10-22 12:35:13 -  #2  std::condition_variable::__wait_until_impl (__atime=..., __lock=..., this=0x8e6fa0 <g_scheduler+64>) at /usr/include/c++/5/condition_variable:165
2020-10-22 12:35:13 -          __ts = {tv_sec = 1603384512, tv_nsec = 806065172}
2020-10-22 12:35:13 -  #3  std::condition_variable::wait_until<std::chrono::duration<long, std::ratio<1l, 1000000000l> > > () at /usr/include/c++/5/condition_variable:105
2020-10-22 12:35:13 -          __lock = @0x7ffff35b9e90: {_M_device = 0x8e6f78 <g_scheduler+24>, _M_owns = true}
2020-10-22 12:35:13 -          this = 0x8e6fa0 <g_scheduler+64>
2020-10-22 12:35:13 -  #4  Scheduler::threadMain (this=0x8e6f60 <g_scheduler>) at /home/otg/src/scheduler.cpp:36
2020-10-22 12:35:13 -          ret = std::cv_status::no_timeout
2020-10-22 12:35:13 -          eventLockUnique = {_M_device = 0x8e6f78 <g_scheduler+24>, _M_owns = true}
2020-10-22 12:35:13 -  #5  0x00007ffff5e79c80 in ?? () from /usr/lib/x86_64-linux-gnu/libstdc++.so.6
2020-10-22 12:35:13 -  No symbol table info available.
2020-10-22 12:35:13 -  #6  0x00007ffff614a6ba in start_thread (arg=0x7ffff35ba700) at pthread_create.c:333
2020-10-22 12:35:13 -          __res = <optimized out>
2020-10-22 12:35:13 -          pd = 0x7ffff35ba700
2020-10-22 12:35:13 -          now = <optimized out>
2020-10-22 12:35:13 -          unwind_buf = {cancel_jmp_buf = {{jmp_buf = {140737276258048, 4026588988395724290, 0, 140737488346847, 140737276258752, 9437376, -4026578780308660734, -4026572725250580990}, mask_was_saved = 0}}, priv = {pad = {0x0, 0x0, 0x0, 0x0}, data = {prev = 0x0, cleanup = 0x0, canceltype = 0}}}
2020-10-22 12:35:13 -          not_first_call = <optimized out>
2020-10-22 12:35:13 -          pagesize_m1 = <optimized out>
2020-10-22 12:35:13 -          sp = <optimized out>
2020-10-22 12:35:13 -          freesize = <optimized out>
2020-10-22 12:35:13 -          __PRETTY_FUNCTION__ = "start_thread"
2020-10-22 12:35:13 -  #7  0x00007ffff7b144dd in clone () at ../sysdeps/unix/sysv/linux/x86_64/clone.S:109
2020-10-22 12:35:13 -  No locals.
2020-10-22 12:35:13 -  
2020-10-22 12:35:13 -  Thread 2 (Thread 0x7ffff3dbb700 (LWP 1423)):
2020-10-22 12:35:13 -  #0  pthread_cond_wait@@GLIBC_2.3.2 () at ../sysdeps/unix/sysv/linux/x86_64/pthread_cond_wait.S:185
2020-10-22 12:35:13 -  No locals.
2020-10-22 12:35:13 -  #1  0x00007ffff5e7491c in std::condition_variable::wait(std::unique_lock<std::mutex>&) () from /usr/lib/x86_64-linux-gnu/libstdc++.so.6
2020-10-22 12:35:13 -  No symbol table info available.
2020-10-22 12:35:13 -  #2  0x000000000055af7b in Dispatcher::threadMain() (this=0x8e6ec0 <g_dispatcher>) at /home/otg/src/tasks.cpp:50
2020-10-22 12:35:13 -          taskLockUnique = {_M_device = 0x8e6ed8 <g_dispatcher+24>, _M_owns = true}
2020-10-22 12:35:13 -  #3  0x00007ffff5e79c80 in ?? () from /usr/lib/x86_64-linux-gnu/libstdc++.so.6
2020-10-22 12:35:13 -  No symbol table info available.
2020-10-22 12:35:13 -  #4  0x00007ffff614a6ba in start_thread (arg=0x7ffff3dbb700) at pthread_create.c:333
2020-10-22 12:35:13 -          __res = <optimized out>
2020-10-22 12:35:13 -          pd = 0x7ffff3dbb700
2020-10-22 12:35:13 -          now = <optimized out>
2020-10-22 12:35:13 -          unwind_buf = {cancel_jmp_buf = {{jmp_buf = {140737284650752, 4026588988395724290, 0, 140737488346847, 140737284651456, 9437376, -4026579880357159422, -4026572725250580990}, mask_was_saved = 0}}, priv = {pad = {0x0, 0x0, 0x0, 0x0}, data = {prev = 0x0, cleanup = 0x0, canceltype = 0}}}
2020-10-22 12:35:13 -          not_first_call = <optimized out>
2020-10-22 12:35:13 -          pagesize_m1 = <optimized out>
2020-10-22 12:35:13 -          sp = <optimized out>
2020-10-22 12:35:13 -          freesize = <optimized out>
2020-10-22 12:35:13 -          __PRETTY_FUNCTION__ = "start_thread"
2020-10-22 12:35:13 -  #5  0x00007ffff7b144dd in clone () at ../sysdeps/unix/sysv/linux/x86_64/clone.S:109
2020-10-22 12:35:13 -  No locals.
2020-10-22 12:35:13 -  
2020-10-22 12:35:13 -  Thread 1 (Thread 0x7ffff7fe6740 (LWP 1419)):
2020-10-22 12:35:13 -  #0  0x00007ffff7b14ad3 in epoll_wait () at ../sysdeps/unix/syscall-template.S:84
2020-10-22 12:35:13 -  No locals.
2020-10-22 12:35:13 -  #1  0x00000000005b70e7 in boost::asio::detail::epoll_reactor::run(bool, boost::asio::detail::op_queue<boost::asio::detail::task_io_service_operation>&) [clone .constprop.204] (this=0x901570, block=<optimized out>, ops=...) at /usr/include/boost/asio/detail/impl/epoll_reactor.ipp:392
2020-10-22 12:35:13 -          timeout = <optimized out>
2020-10-22 12:35:13 -          events = {{events = 1, data = {ptr = 0x9015c8, fd = 9442760, u32 = 9442760, u64 = 9442760}}, {events = 0, data = {ptr = 0x0, fd = 0, u32 = 0, u64 = 0}} <repeats 51 times>, {events = 11, data = {ptr = 0xa100000000, fd = 0, u32 = 0, u64 = 691489734656}}, {events = 0, data = {ptr = 0x0, fd = 0, u32 = 0, u64 = 0}}, {events = 0, data = {ptr = 0x0, fd = 0, u32 = 0, u64 = 0}}, {events = 0, data = {ptr = 0x0, fd = 0, u32 = 0, u64 = 0}}, {events = 0, data = {ptr = 0x0, fd = 0, u32 = 0, u64 = 0}}, {events = 0, data = {ptr = 0x0, fd = 0, u32 = 0, u64 = 0}}, {events = 4155593817, data = {ptr = 0x7fff, fd = 32767, u32 = 32767, u64 = 32767}}, {events = 0, data = {ptr = 0x5828f4 <boost::asio::detail::reactive_socket_recv_op_base<boost::asio::mutable_buffers_1>::do_perform(boost::asio::detail::reactor_op*)+228>, fd = 5777652, u32 = 5777652, u64 = 5777652}}, {events = 0, data = {ptr = 0x1000000, fd = 16777216, u32 = 16777216, u64 = 16777216}}, {events = 16, data = {ptr = 0x901e66, fd = 9444966, u32 = 9444966, u64 = 9444966}}, {events = 2, data = {ptr = 0x200000000, fd = 0, u32 = 0, u64 = 8589934592}}, {events = 0, data = {ptr = 0x5f91b4c0, fd = 1603384512, u32 = 1603384512, u64 = 1603384512}}, {events = 0, data = {ptr = 0x0, fd = 0, u32 = 0, u64 = 0}}, {events = 0, data = {ptr = 0x7fffffffdb80, fd = -9344, u32 = 4294957952, u64 = 140737488345984}}, {events = 1, data = {ptr = 0x0, fd = 0, u32 = 0, u64 = 0}}, {events = 0, data = {ptr = 0x0, fd = 0, u32 = 0, u64 = 0}}, {events = 0, data = {ptr = 0x901e4000000000, fd = 0, u32 = 0, u64 = 40565656873074688}}, {events = 0, data = {ptr = 0x7fffefaf8ae0, fd = -273708320, u32 = 4021258976, u64 = 140737214647008}}, {events = 9512784, data = {ptr = 0x911f4800000000, fd = 0, u32 = 0, u64 = 40848265721151488}}, {events = 0, data = {ptr = 0x914598, fd = 9520536, u32 = 9520536, u64 = 9520536}}, {events = 16, data = {ptr = 0x5200000000, fd = 0, u32 = 0, u64 = 352187318272}}, {events = 0, data = {ptr = 0x901570, fd = 9442672, u32 = 9442672, u64 = 9442672}}, {events = 6449413, data = {ptr = 0x0, fd = 0, u32 = 0, u64 = 0}}, {events = 0, data = {ptr = 0x10, fd = 16, u32 = 16, u64 = 16}}, {events = 0, data = {ptr = 0x56f20000000000, fd = 0, u32 = 0, u64 = 24472929811038208}}, {events = 0, data = {ptr = 0x0, fd = 0, u32 = 0, u64 = 0}}, {events = 0, data = {ptr = 0xffffdc7000000000, fd = 0, u32 = 0, u64 = 18446704972327288832}}, {events = 32767, data = {ptr = 0x912750, fd = 9512784, u32 = 9512784, u64 = 9512784}}, {events = 9512784, data = {ptr = 0x912b8000000000, fd = 0, u32 = 0, u64 = 40861700378853376}}, {events = 0, data = {ptr = 0x911f48, fd = 9510728, u32 = 9510728, u64 = 9510728}}, {events = 9444966, data = {ptr = 0x200000000, fd = 0, u32 = 0, u64 = 8589934592}}, {events = 0, data = {ptr = 0x7fff00000001, fd = 1, u32 = 1, u64 = 140733193388033}}, {events = 0, data = {ptr = 0x56f20000000000, fd = 0, u32 = 0, u64 = 24472929811038208}}, {events = 0, data = {ptr = 0x0, fd = 0, u32 = 0, u64 = 0}}, {events = 0, data = {ptr = 0x911ee800000000, fd = 0, u32 = 0, u64 = 40847853404291072}}, {events = 0, data = {ptr = 0x0, fd = 0, u32 = 0, u64 = 0}}, {events = 4128564479, data = {ptr = 0x901e5000007fff, fd = 32767, u32 = 32767, u64 = 40565725592584191}}, {events = 0, data = {ptr = 0x7fffce66ee20, fd = -832115168, u32 = 3462852128, u64 = 140736656240160}}, {events = 2916851904, data = {ptr = 0x911ee800007fff, fd = 32767, u32 = 32767, u64 = 40847853404323839}}, {events = 0, data = {ptr = 0x7fffffffde78, fd = -8584, u32 = 4294958712, u64 = 140737488346744}}, {events = 0, data = {ptr = 0xf7a9158c00000000, fd = 0, u32 = 0, u64 = 17845818689471905792}}, {events = 32767, data = {ptr = 0x900090, fd = 9437328, u32 = 9437328, u64 = 9437328}}, {events = 4294958640, data = {ptr = 0x90009000007fff, fd = 32767, u32 = 32767, u64 = 40533015121657855}}, {events = 0, data = {ptr = 0x901e50, fd = 9444944, u32 = 9444944, u64 = 9444944}}, {events = 46, data = {ptr = 0x901e5000000000, fd = 0, u32 = 0, u64 = 40565725592551424}}, {events = 0, data = {ptr = 0x7fffce66ee20, fd = -832115168, u32 = 3462852128, u64 = 140736656240160}}, {events = 2916851904, data = {ptr = 0x911ee800007fff, fd = 32767, u32 = 32767, u64 = 40847853404323839}}, {events = 0, data = {ptr = 0x58a8b4 <Connection::onWriteOperation(boost::system::error_code const&)+260>, fd = 5810356, u32 = 5810356, u64 = 5810356}}, {events = 0, data = {ptr = 0xf71e50e000000000, fd = 0, u32 = 0, u64 = 17806758899672416256}}, {events = 32767, data = {ptr = 0xffffde30, fd = -8656, u32 = 4294958640, u64 = 4294958640}}, {events = 46, data = {ptr = 0x0, fd = 0, u32 = 0, u64 = 0}}, {events = 0, data = {ptr = 0x0, fd = 0, u32 = 0, u64 = 0}}, {events = 4294958640, data = {ptr = 0x58574500007fff, fd = 32767, u32 = 32767, u64 = 24865751814930431}}, {events = 0, data = {ptr = 0x13, fd = 19, u32 = 19, u64 = 19}}, {events = 4155593817, data = {ptr = 0xffffde3000007fff, fd = 32767, u32 = 32767, u64 = 18446706896472670207}}, {events = 32767, data = {ptr = 0x0, fd = 0, u32 = 0, u64 = 0}}, {events = 0, data = {ptr = 0x0, fd = 0, u32 = 0, u64 = 0}}, {events = 16, data = {ptr = 0x911f48, fd = 9510728, u32 = 9510728, u64 = 9510728}}, {events = 4294958720, data = {ptr = 0x90009000007fff, fd = 32767, u32 = 32767, u64 = 40533015121657855}}, {events = 0, data = {ptr = 0x0, fd = 0, u32 = 0, u64 = 0}}, {events = 0, data = {ptr = 0x9000c000000000, fd = 0, u32 = 0, u64 = 40533221280055296}}, {events = 0, data = {ptr = 0x0, fd = 0, u32 = 0, u64 = 0}}, {events = 4155053452, data = {ptr = 0x901e4000007fff, fd = 32767, u32 = 32767, u64 = 40565656873107455}}, {events = 0, data = {ptr = 0x0, fd = 0, u32 = 0, u64 = 0}}, {events = 4145959136, data = {ptr = 0x58a73100007fff, fd = 32767, u32 = 32767, u64 = 24953626845806591}}, {events = 0, data = {ptr = 0x7fffefb67e70, fd = -273252752, u32 = 4021714544, u64 = 140737215102576}}, {events = 4294958720, data = {ptr = 0x90009000007fff, fd = 32767, u32 = 32767, u64 = 40533015121657855}}, {events = 0, data = {ptr = 0x7fffffffde80, fd = -8576, u32 = 4294958720, u64 = 140737488346752}}, {events = 9437328, data = {ptr = 0x58646e00000000, fd = 0, u32 = 0, u64 = 24880221559717888}}, {events = 0, data = {ptr = 0x901e50, fd = 9444944, u32 = 9444944, u64 = 9444944}}, {events = 9444928, data = {ptr = 0xffffde8000000000, fd = 0, u32 = 0, u64 = 18446707240070021120}}, {events = 32767, data = {ptr = 0x0, fd = 0, u32 = 0, u64 = 0}}, {events = 0, data = {ptr = 0x0, fd = 0, u32 = 0, u64 = 0}}, {events = 0, data = {ptr = 0x58a720 <Connection::handleTimeout(std::weak_ptr<Connection>, boost::system::error_code const&)>, fd = 5809952, u32 = 5809952, u64 = 5809952}}, {events = 9444944, data = {ptr = 0x901e4000000000, fd = 0, u32 = 0, u64 = 40565656873074688}}, {events = 0, data = {ptr = 0x7d, fd = 125, u32 = 125, u64 = 125}}}
2020-10-22 12:35:13 -          num_events = <optimized out>
2020-10-22 12:35:13 -          check_timers = <optimized out>
2020-10-22 12:35:13 -  #2  0x000000000055dcd3 in do_run_one (ec=..., this_thread=..., lock=<synthetic pointer>, this=0x900090) at /usr/include/boost/asio/detail/impl/task_io_service.ipp:356
2020-10-22 12:35:13 -          more_handlers = <optimized out>
2020-10-22 12:35:13 -  #3  run (ec=..., this=0x900090) at /usr/include/boost/asio/detail/impl/task_io_service.ipp:149
2020-10-22 12:35:13 -          this_thread = {private_op_queue = {front_ = 0x0, back_ = 0x0}, private_outstanding_work = 0}
2020-10-22 12:35:13 -          ctx = {key_ = 0x900090, value_ = 0x7fffffffdf40, next_ = 0x0}
2020-10-22 12:35:13 -          lock = {mutex_ = @0x9000c0, locked_ = <optimized out>}
2020-10-22 12:35:13 -          n = 19227
2020-10-22 12:35:13 -  #4  _ZN5boost4asio10io_service3runEv.isra.226 () at /usr/include/boost/asio/impl/io_service.ipp:59
2020-10-22 12:35:14 -          ec = {m_val = 0, m_cat = 0x7ffff71e50e0}
2020-10-22 12:35:14 -  #5  ServiceManager::run() (this=this@entry=0x7fffffffdff0) at /home/otg/src/server.cpp:47
2020-10-22 12:35:14 -  No locals.
2020-10-22 12:35:14 -  #6  0x0000000000474c46 in main (argc=1, argv=0x7fffffffe1b8) at /home/otg/src/otserv.cpp:96
2020-10-22 12:35:14 -          serviceManager = {acceptors = {_M_h = {_M_buckets = 0x7fffe85655b0, _M_bucket_count = 5, _M_before_begin = {_M_nxt = 0x7fffefb67f40}, _M_element_count = 2, _M_rehash_policy = {_M_max_load_factor = 1, _M_next_resize = 5}, _M_single_bucket = 0x0}}, io_service = {service_registry_ = 0x900040, impl_ = @0x900090}, signals = {set = {<No data fields>}}, death_timer = {<No data fields>}, running = true}
2020-10-22 12:35:14 -  Saving server...
2020-10-22 12:35:14 -  > Saved house items in: 0.338 s
2020-10-22 12:35:14 -  A debugging session is active.
2020-10-22 12:35:14 -  
2020-10-22 12:35:14 -  	Inferior 1 [process 1419] will be killed.
2020-10-22 12:35:14 -  
2020-10-22 12:35:14 -  Quit anyway? (y or n) [answered Y; input not from terminal]
