2020-10-03 00:56:45 -  [Thread debugging using libthread_db enabled]
2020-10-03 00:56:45 -  Using host libthread_db library "/lib/x86_64-linux-gnu/libthread_db.so.1".
2020-10-03 00:56:45 -  [New Thread 0x7ffff3dbb700 (LWP 23075)]
2020-10-03 00:56:45 -  [New Thread 0x7ffff35ba700 (LWP 23076)]
2020-10-03 00:56:45 -  The OTG-Premium-Version - Version: (1.3)
2020-10-03 00:56:45 -  Compiled with: GNU C++ version 5.4.0 20160609
2020-10-03 00:56:45 -  Compiled on Sep 17 2020 19:49:36 for platform x64
2020-10-03 00:56:45 -  
2020-10-03 00:56:45 -  Special Credits for: OTG Team, Johncore, Vankk, Erick Nunes, Leonardo Pereira, Leandro Baldissera, Talis, Marcomoa, Marson Schneider, Douglas, Mark Samman, OTXServer (Mattyx Gomez) and The Forgotten Server Developers.
2020-10-03 00:56:45 -  Link of repository: https://github.com/Johncorex/OTG-Premium-Version
2020-10-03 00:56:45 -  
2020-10-03 00:56:45 -  >> Loading config: config.lua
2020-10-03 00:56:45 -  >> Establishing database connection... MySQL 5.7.31
2020-10-03 00:56:45 -  >> Running database manager
2020-10-03 00:56:45 -  [New Thread 0x7ffff2ba7700 (LWP 23077)]
2020-10-03 00:56:45 -  > Optimizing table players_online... [success]
2020-10-03 00:56:45 -  > Optimizing table tile_store... [success]
2020-10-03 00:56:45 -  >> Loading vocations
2020-10-03 00:56:45 -  >> Loading items
2020-10-03 00:56:45 -  >> Loading script systems
2020-10-03 00:56:46 -  >> Loading lua libs
2020-10-03 00:56:46 -  [Warning - Event::checkScript] Can not load script: scripts/expboostaction.lua
2020-10-03 00:56:46 -  cannot open data/actions/scripts/expboostaction.lua: No such file or directory
2020-10-03 00:56:47 -  >> Loading lua scripts
2020-10-03 00:56:47 -  >> Loading monsters
2020-10-03 00:56:47 -  >> Loading lua monsters
2020-10-03 00:56:47 -  >> Loading outfits
2020-10-03 00:56:47 -  >> Loading prey data
2020-10-03 00:56:47 -  >> Checking world type... PVP
2020-10-03 00:56:47 -  >> Loading map
2020-10-03 00:56:49 -  > Map size: 34143x33812.
2020-10-03 00:56:55 -  > Map loading time: 7.344 seconds.
2020-10-03 00:57:32 -  > Loaded house items in: 0.055 s
2020-10-03 00:57:32 -  >> Initializing gamestate
2020-10-03 00:57:35 -  >> Loaded 43 npcs and spawned 72496 monsters.
2020-10-03 00:57:35 -  >> Loaded 27 towns with 1074 houses in total.
2020-10-03 00:57:35 -  [Castle War]
2020-10-03 00:57:35 -  [POWERGAMERS]
2020-10-03 00:57:35 -  [SISTEMA DE LOTERIA] OPERANTE
2020-10-03 00:57:35 -  Advanced NPC spawn system | All NPCs will be loaded trough lib.
2020-10-03 00:57:35 -  [REGEN BOOST] CARREGADO
2020-10-03 00:57:35 -  [SPOOF COUNTER]
2020-10-03 00:57:35 -  [STAMINA]
2020-10-03 00:57:35 -  >> Loaded all modules, server starting up...
2020-10-03 00:57:35 -  > Warning: OTG-Premium-Version has been executed as root user, please consider running it as a normal user.
2020-10-03 00:57:35 -  >> Honera Global Server Online!
2020-10-03 00:57:35 -  
2020-10-03 00:57:36 -  Dev Marson has logged in.
2020-10-03 00:57:38 -  SABADOU!! NPC HONERA CRIADO
2020-10-03 00:57:38 -  Top Spin has logged in.
2020-10-03 00:57:46 -  Nobre Cavalheiro has logged in.
2020-10-03 01:08:05 -  Dev Marson moveu corpo dentro de corpo
2020-10-03 01:08:05 -  Dev Marson moveu corpo dentro de corpo
2020-10-03 01:08:05 -  Dev Marson moveu corpo dentro de corpo
2020-10-03 01:08:05 -  ip inválido
2020-10-03 01:08:05 -  Dev Marson has logged out.
2020-10-03 01:08:21 -  
2020-10-03 01:08:21 -  Thread 2 "tfs" received signal SIGSEGV, Segmentation fault.
2020-10-03 01:08:21 -  [Switching to Thread 0x7ffff3dbb700 (LWP 23075)]
2020-10-03 01:08:21 -  0x00000000005e7ce8 in Item::getHoldingPlayer() const (this=this@entry=0x7fffb4c298f0) at /home/otg/src/item.cpp:379
2020-10-03 01:08:21 -  379			if (p->getCreature()) {
2020-10-03 01:08:21 -  
2020-10-03 01:08:21 -  Thread 4 (Thread 0x7ffff2ba7700 (LWP 23077)):
2020-10-03 01:08:21 -  #0  pthread_cond_wait@@GLIBC_2.3.2 () at ../sysdeps/unix/sysv/linux/x86_64/pthread_cond_wait.S:185
2020-10-03 01:08:21 -  No locals.
2020-10-03 01:08:21 -  #1  0x00007ffff5e7491c in std::condition_variable::wait(std::unique_lock<std::mutex>&) () from /usr/lib/x86_64-linux-gnu/libstdc++.so.6
2020-10-03 01:08:21 -  No symbol table info available.
2020-10-03 01:08:21 -  #2  0x00000000006228bf in DatabaseTasks::threadMain() (this=0x8e39a0 <g_databaseTasks>) at /home/otg/src/databasetasks.cpp:42
2020-10-03 01:08:21 -          taskLockUnique = {_M_device = 0x8e3a08 <g_databaseTasks+104>, _M_owns = true}
2020-10-03 01:08:21 -  #3  0x00007ffff5e79c80 in ?? () from /usr/lib/x86_64-linux-gnu/libstdc++.so.6
2020-10-03 01:08:21 -  No symbol table info available.
2020-10-03 01:08:21 -  #4  0x00007ffff614a6ba in start_thread (arg=0x7ffff2ba7700) at pthread_create.c:333
2020-10-03 01:08:21 -          __res = <optimized out>
2020-10-03 01:08:21 -          pd = 0x7ffff2ba7700
2020-10-03 01:08:21 -          now = <optimized out>
2020-10-03 01:08:21 -          unwind_buf = {cancel_jmp_buf = {{jmp_buf = {140737265694464, -6480863845682502114, 0, 140737284647471, 140737265695168, 9334528, 6480888632452064798, 6480878334972929566}, mask_was_saved = 0}}, priv = {pad = {0x0, 0x0, 0x0, 0x0}, data = {prev = 0x0, cleanup = 0x0, canceltype = 0}}}
2020-10-03 01:08:21 -          not_first_call = <optimized out>
2020-10-03 01:08:21 -          pagesize_m1 = <optimized out>
2020-10-03 01:08:21 -          sp = <optimized out>
2020-10-03 01:08:21 -          freesize = <optimized out>
2020-10-03 01:08:21 -          __PRETTY_FUNCTION__ = "start_thread"
2020-10-03 01:08:21 -  #5  0x00007ffff7b144dd in clone () at ../sysdeps/unix/sysv/linux/x86_64/clone.S:109
2020-10-03 01:08:21 -  No locals.
2020-10-03 01:08:21 -  
2020-10-03 01:08:21 -  Thread 3 (Thread 0x7ffff35ba700 (LWP 23076)):
2020-10-03 01:08:21 -  #0  pthread_cond_timedwait@@GLIBC_2.3.2 () at ../sysdeps/unix/sysv/linux/x86_64/pthread_cond_timedwait.S:225
2020-10-03 01:08:21 -  No locals.
2020-10-03 01:08:21 -  #1  0x0000000000506210 in __gthread_cond_timedwait () at /usr/include/x86_64-linux-gnu/c++/5/bits/gthr-default.h:871
2020-10-03 01:08:21 -  No locals.
2020-10-03 01:08:21 -  #2  std::condition_variable::__wait_until_impl (__atime=..., __lock=..., this=0x8e6fa0 <g_scheduler+64>) at /usr/include/c++/5/condition_variable:165
2020-10-03 01:08:21 -          __ts = {tv_sec = 1601701700, tv_nsec = 921087524}
2020-10-03 01:08:21 -  #3  std::condition_variable::wait_until<std::chrono::duration<long, std::ratio<1l, 1000000000l> > > () at /usr/include/c++/5/condition_variable:105
2020-10-03 01:08:21 -          __lock = @0x7ffff35b9e90: {_M_device = 0x8e6f78 <g_scheduler+24>, _M_owns = true}
2020-10-03 01:08:21 -          this = 0x8e6fa0 <g_scheduler+64>
2020-10-03 01:08:21 -  #4  Scheduler::threadMain (this=0x8e6f60 <g_scheduler>) at /home/otg/src/scheduler.cpp:36
2020-10-03 01:08:21 -          ret = std::cv_status::no_timeout
2020-10-03 01:08:21 -          eventLockUnique = {_M_device = 0x8e6f78 <g_scheduler+24>, _M_owns = true}
2020-10-03 01:08:21 -  #5  0x00007ffff5e79c80 in ?? () from /usr/lib/x86_64-linux-gnu/libstdc++.so.6
2020-10-03 01:08:21 -  No symbol table info available.
2020-10-03 01:08:21 -  #6  0x00007ffff614a6ba in start_thread (arg=0x7ffff35ba700) at pthread_create.c:333
2020-10-03 01:08:21 -          __res = <optimized out>
2020-10-03 01:08:21 -          pd = 0x7ffff35ba700
2020-10-03 01:08:21 -          now = <optimized out>
2020-10-03 01:08:21 -          unwind_buf = {cancel_jmp_buf = {{jmp_buf = {140737276258048, -6480863845682502114, 0, 140737488346847, 140737276258752, 9437376, 6480888892834457118, 6480878334972929566}, mask_was_saved = 0}}, priv = {pad = {0x0, 0x0, 0x0, 0x0}, data = {prev = 0x0, cleanup = 0x0, canceltype = 0}}}
2020-10-03 01:08:21 -          not_first_call = <optimized out>
2020-10-03 01:08:21 -          pagesize_m1 = <optimized out>
2020-10-03 01:08:21 -          sp = <optimized out>
2020-10-03 01:08:21 -          freesize = <optimized out>
2020-10-03 01:08:21 -          __PRETTY_FUNCTION__ = "start_thread"
2020-10-03 01:08:21 -  #7  0x00007ffff7b144dd in clone () at ../sysdeps/unix/sysv/linux/x86_64/clone.S:109
2020-10-03 01:08:21 -  No locals.
2020-10-03 01:08:21 -  
2020-10-03 01:08:21 -  Thread 2 (Thread 0x7ffff3dbb700 (LWP 23075)):
2020-10-03 01:08:21 -  #0  0x00000000005e7ce8 in Item::getHoldingPlayer() const (this=this@entry=0x7fffb4c298f0) at /home/otg/src/item.cpp:379
2020-10-03 01:08:21 -          p = 0x7fffa3edb3d8
2020-10-03 01:08:21 -  #1  0x00000000005b1060 in Game::internalDecayItem(Item*) (this=0x8e7760 <g_game>, item=0x7fffb4c298f0) at /home/otg/src/game.cpp:4882
2020-10-03 01:08:21 -          player = <optimized out>
2020-10-03 01:08:21 -          newItem = <optimized out>
2020-10-03 01:08:21 -          it = @0x7ffff10c4d30: {group = ITEM_GROUP_NONE, type = ITEM_TYPE_NONE, id = 2814, clientId = 3995, stackable = false, isAnimation = false, name = <incomplete type>, article = <incomplete type>, pluralName = <incomplete type>, description = <incomplete type>, runeSpellName = <incomplete type>, vocationString = <incomplete type>, abilities = {_M_t = {<No data fields>}}, conditionDamage = {_M_t = {<No data fields>}}, weight = 4400, levelDoor = 0, decayTime = 300, wieldInfo = 0, minReqLevel = 0, minReqMagicLevel = 0, charges = 0, maxHitChance = -1, decayTo = 2815, attack = 0, defense = 0, extraDefense = 0, armor = 0, imbuingSlots = 0, rotateTo = 0, runeMagLevel = 0, runeLevel = 0, wrapableTo = 0, unmoveabledItem = 0, combatType = COMBAT_NONE, transformToOnUse = {0, 0}, transformToFree = 0, destroyTo = 0, maxTextLen = 0, writeOnceItemId = 0, transformEquipTo = 0, transformDeEquipTo = 0, maxItems = 10, slotPosition = 48, speed = 0, wareId = 0, magicEffect = CONST_ME_NONE, bedPartnerDir = DIRECTION_NONE, quickLootCategory = LOOT_NONE, weaponType = WEAPON_NONE, ammoType = AMMO_NONE, shootType = CONST_ANI_NONE, corpseType = RACE_BLOOD, fluidSource = FLUID_NONE, floorChange = 0 '\000', alwaysOnTopOrder = 0 '\000', lightLevel = 0 '\000', lightColor = 0 '\000', shootRange = 1 '\001', hitChance = 0 '\000', forceUse = false, hasHeight = false, walkStack = true, blockSolid = false, blockPickupable = false, blockProjectile = false, blockPathFind = false, allowPickupable = false, showDuration = false, showCharges = false, showAttributes = false, replaceable = true, pickupable = true, rotatable = false, wrapable = false, wrapContainer = false, useable = false, moveable = true, alwaysOnTop = false, canReadText = false, canWriteText = false, isVertical = false, isHorizontal = false, isHangable = false, allowDistRead = false, lookThrough = false, stopTime = false, showCount = true}
2020-10-03 01:08:21 -  #2  0x00000000005b140b in Game::checkDecay() (this=0x8e7760 <g_game>) at /home/otg/src/game.cpp:4953
2020-10-03 01:08:21 -          item = 0x7fffb4c298f0
2020-10-03 01:08:21 -          duration = <optimized out>
2020-10-03 01:08:21 -          bucket = 1
2020-10-03 01:08:21 -          it = {_M_node = 0x7fff8317bb60}
2020-10-03 01:08:21 -          end = {_M_node = 0x8e7bf8 <g_game+1176>}
2020-10-03 01:08:21 -  #3  0x000000000055af2d in std::function<void ()>::operator()() const () at /usr/include/c++/5/functional:2267
2020-10-03 01:08:21 -          this = 0x7fff3c8b11f0
2020-10-03 01:08:21 -  #4  Task::operator()() () at /home/otg/src/tasks.h:42
2020-10-03 01:08:21 -          this = 0x7fff3c8b11e0
2020-10-03 01:08:21 -  #5  Dispatcher::threadMain() (this=0x8e6ec0 <g_dispatcher>) at /home/otg/src/tasks.cpp:62
2020-10-03 01:08:21 -          task = 0x7fff3c8b11e0
2020-10-03 01:08:21 -          taskLockUnique = {_M_device = 0x8e6ed8 <g_dispatcher+24>, _M_owns = false}
2020-10-03 01:08:21 -  #6  0x00007ffff5e79c80 in ?? () from /usr/lib/x86_64-linux-gnu/libstdc++.so.6
2020-10-03 01:08:21 -  No symbol table info available.
2020-10-03 01:08:21 -  #7  0x00007ffff614a6ba in start_thread (arg=0x7ffff3dbb700) at pthread_create.c:333
2020-10-03 01:08:21 -          __res = <optimized out>
2020-10-03 01:08:21 -          pd = 0x7ffff3dbb700
2020-10-03 01:08:21 -          now = <optimized out>
2020-10-03 01:08:21 -          unwind_buf = {cancel_jmp_buf = {{jmp_buf = {140737284650752, -6480863845682502114, 0, 140737488346847, 140737284651456, 9437376, 6480889991809213982, 6480878334972929566}, mask_was_saved = 0}}, priv = {pad = {0x0, 0x0, 0x0, 0x0}, data = {prev = 0x0, cleanup = 0x0, canceltype = 0}}}
2020-10-03 01:08:21 -          not_first_call = <optimized out>
2020-10-03 01:08:21 -          pagesize_m1 = <optimized out>
2020-10-03 01:08:21 -          sp = <optimized out>
2020-10-03 01:08:21 -          freesize = <optimized out>
2020-10-03 01:08:21 -          __PRETTY_FUNCTION__ = "start_thread"
2020-10-03 01:08:21 -  #8  0x00007ffff7b144dd in clone () at ../sysdeps/unix/sysv/linux/x86_64/clone.S:109
2020-10-03 01:08:22 -  No locals.
2020-10-03 01:08:22 -  
2020-10-03 01:08:22 -  Thread 1 (Thread 0x7ffff7fe6740 (LWP 23071)):
2020-10-03 01:08:22 -  #0  0x00007ffff7b14ad3 in epoll_wait () at ../sysdeps/unix/syscall-template.S:84
2020-10-03 01:08:22 -  No locals.
2020-10-03 01:08:22 -  #1  0x00000000005b70e7 in boost::asio::detail::epoll_reactor::run(bool, boost::asio::detail::op_queue<boost::asio::detail::task_io_service_operation>&) [clone .constprop.204] (this=0x901570, block=<optimized out>, ops=...) at /usr/include/boost/asio/detail/impl/epoll_reactor.ipp:392
2020-10-03 01:08:22 -          timeout = <optimized out>
2020-10-03 01:08:22 -          events = {{events = 1, data = {ptr = 0x9015c8, fd = 9442760, u32 = 9442760, u64 = 9442760}}, {events = 0, data = {ptr = 0x0, fd = 0, u32 = 0, u64 = 0}} <repeats 51 times>, {events = 11, data = {ptr = 0xa100000000, fd = 0, u32 = 0, u64 = 691489734656}}, {events = 0, data = {ptr = 0x0, fd = 0, u32 = 0, u64 = 0}}, {events = 0, data = {ptr = 0x0, fd = 0, u32 = 0, u64 = 0}}, {events = 0, data = {ptr = 0x0, fd = 0, u32 = 0, u64 = 0}}, {events = 0, data = {ptr = 0x0, fd = 0, u32 = 0, u64 = 0}}, {events = 0, data = {ptr = 0x0, fd = 0, u32 = 0, u64 = 0}}, {events = 4155593817, data = {ptr = 0x7fff, fd = 32767, u32 = 32767, u64 = 32767}}, {events = 0, data = {ptr = 0x5828f4 <boost::asio::detail::reactive_socket_recv_op_base<boost::asio::mutable_buffers_1>::do_perform(boost::asio::detail::reactor_op*)+228>, fd = 5777652, u32 = 5777652, u64 = 5777652}}, {events = 0, data = {ptr = 0x1000000, fd = 16777216, u32 = 16777216, u64 = 16777216}}, {events = 17, data = {ptr = 0x9a2b26, fd = 10103590, u32 = 10103590, u64 = 10103590}}, {events = 2, data = {ptr = 0x200000000, fd = 0, u32 = 0, u64 = 8589934592}}, {events = 0, data = {ptr = 0x5f780743, fd = 1601701699, u32 = 1601701699, u64 = 1601701699}}, {events = 0, data = {ptr = 0x0, fd = 0, u32 = 0, u64 = 0}}, {events = 0, data = {ptr = 0x7fffffffdb80, fd = -9344, u32 = 4294957952, u64 = 140737488345984}}, {events = 1, data = {ptr = 0x0, fd = 0, u32 = 0, u64 = 0}}, {events = 0, data = {ptr = 0x0, fd = 0, u32 = 0, u64 = 0}}, {events = 0, data = {ptr = 0x9a2b0000000000, fd = 0, u32 = 0, u64 = 43394425413435392}}, {events = 0, data = {ptr = 0x7fffd0647820, fd = -798722016, u32 = 3496245280, u64 = 140736689633312}}, {events = 9774624, data = {ptr = 0x9b2c0800000000, fd = 0, u32 = 0, u64 = 43677034261512192}}, {events = 0, data = {ptr = 0x952988, fd = 9775496, u32 = 9775496, u64 = 9775496}}, {events = 17, data = {ptr = 0x5200000000, fd = 0, u32 = 0, u64 = 352187318272}}, {events = 0, data = {ptr = 0x901570, fd = 9442672, u32 = 9442672, u64 = 9442672}}, {events = 6449413, data = {ptr = 0x0, fd = 0, u32 = 0, u64 = 0}}, {events = 0, data = {ptr = 0x11, fd = 17, u32 = 17, u64 = 17}}, {events = 0, data = {ptr = 0x56f20000000000, fd = 0, u32 = 0, u64 = 24472929811038208}}, {events = 0, data = {ptr = 0x0, fd = 0, u32 = 0, u64 = 0}}, {events = 0, data = {ptr = 0xffffdc7000000000, fd = 0, u32 = 0, u64 = 18446704972327288832}}, {events = 32767, data = {ptr = 0x952620, fd = 9774624, u32 = 9774624, u64 = 9774624}}, {events = 9774624, data = {ptr = 0x9524f000000000, fd = 0, u32 = 0, u64 = 41980384740638720}}, {events = 0, data = {ptr = 0x9b2c08, fd = 10169352, u32 = 10169352, u64 = 10169352}}, {events = 10103590, data = {ptr = 0x200000000, fd = 0, u32 = 0, u64 = 8589934592}}, {events = 0, data = {ptr = 0x7fff00000001, fd = 1, u32 = 1, u64 = 140733193388033}}, {events = 0, data = {ptr = 0x56f20000000000, fd = 0, u32 = 0, u64 = 24472929811038208}}, {events = 0, data = {ptr = 0x0, fd = 0, u32 = 0, u64 = 0}}, {events = 0, data = {ptr = 0x92206800000000, fd = 0, u32 = 0, u64 = 41130977648443392}}, {events = 0, data = {ptr = 0x0, fd = 0, u32 = 0, u64 = 0}}, {events = 4128564479, data = {ptr = 0x911fd000007fff, fd = 32767, u32 = 32767, u64 = 40848849836736511}}, {events = 0, data = {ptr = 0x7fff9a08b250, fd = -1710706096, u32 = 2584261200, u64 = 140735777649232}}, {events = 2624582528, data = {ptr = 0x92206800007fff, fd = 32767, u32 = 32767, u64 = 41130977648476159}}, {events = 0, data = {ptr = 0x7fffffffde78, fd = -8584, u32 = 4294958712, u64 = 140737488346744}}, {events = 0, data = {ptr = 0xf7a9158c00000000, fd = 0, u32 = 0, u64 = 17845818689471905792}}, {events = 32767, data = {ptr = 0x900090, fd = 9437328, u32 = 9437328, u64 = 9437328}}, {events = 4294958640, data = {ptr = 0x90009000007fff, fd = 32767, u32 = 32767, u64 = 40533015121657855}}, {events = 0, data = {ptr = 0x911fd0, fd = 9510864, u32 = 9510864, u64 = 9510864}}, {events = 334, data = {ptr = 0x911fd000000000, fd = 0, u32 = 0, u64 = 40848849836703744}}, {events = 0, data = {ptr = 0x7fff9a08b250, fd = -1710706096, u32 = 2584261200, u64 = 140735777649232}}, {events = 2624582528, data = {ptr = 0x92206800007fff, fd = 32767, u32 = 32767, u64 = 41130977648476159}}, {events = 0, data = {ptr = 0x58a8b4 <Connection::onWriteOperation(boost::system::error_code const&)+260>, fd = 5810356, u32 = 5810356, u64 = 5810356}}, {events = 0, data = {ptr = 0xf71e50e000000000, fd = 0, u32 = 0, u64 = 17806758899672416256}}, {events = 32767, data = {ptr = 0xffffde30, fd = -8656, u32 = 4294958640, u64 = 4294958640}}, {events = 334, data = {ptr = 0x0, fd = 0, u32 = 0, u64 = 0}}, {events = 0, data = {ptr = 0x0, fd = 0, u32 = 0, u64 = 0}}, {events = 4294958640, data = {ptr = 0x58574500007fff, fd = 32767, u32 = 32767, u64 = 24865751814930431}}, {events = 0, data = {ptr = 0x12, fd = 18, u32 = 18, u64 = 18}}, {events = 4155593817, data = {ptr = 0xffffde3000007fff, fd = 32767, u32 = 32767, u64 = 18446706896472670207}}, {events = 32767, data = {ptr = 0x0, fd = 0, u32 = 0, u64 = 0}}, {events = 0, data = {ptr = 0x0, fd = 0, u32 = 0, u64 = 0}}, {events = 17, data = {ptr = 0x9b2c08, fd = 10169352, u32 = 10169352, u64 = 10169352}}, {events = 4294958720, data = {ptr = 0x90009000007fff, fd = 32767, u32 = 32767, u64 = 40533015121657855}}, {events = 0, data = {ptr = 0x0, fd = 0, u32 = 0, u64 = 0}}, {events = 0, data = {ptr = 0x9000c000000000, fd = 0, u32 = 0, u64 = 40533221280055296}}, {events = 0, data = {ptr = 0x0, fd = 0, u32 = 0, u64 = 0}}, {events = 4155053452, data = {ptr = 0x9a2b0000007fff, fd = 32767, u32 = 32767, u64 = 43394425413468159}}, {events = 0, data = {ptr = 0x0, fd = 0, u32 = 0, u64 = 0}}, {events = 4145959136, data = {ptr = 0x58a73100007fff, fd = 32767, u32 = 32767, u64 = 24953626845806591}}, {events = 0, data = {ptr = 0x7fffd1025000, fd = -788377600, u32 = 3506589696, u64 = 140736699977728}}, {events = 4294958720, data = {ptr = 0x90009000007fff, fd = 32767, u32 = 32767, u64 = 40533015121657855}}, {events = 0, data = {ptr = 0x7fffffffde80, fd = -8576, u32 = 4294958720, u64 = 140737488346752}}, {events = 9437328, data = {ptr = 0x58646e00000000, fd = 0, u32 = 0, u64 = 24880221559717888}}, {events = 0, data = {ptr = 0x911fd0, fd = 9510864, u32 = 9510864, u64 = 9510864}}, {events = 9510848, data = {ptr = 0xffffde8000000000, fd = 0, u32 = 0, u64 = 18446707240070021120}}, {events = 32767, data = {ptr = 0x0, fd = 0, u32 = 0, u64 = 0}}, {events = 0, data = {ptr = 0x0, fd = 0, u32 = 0, u64 = 0}}, {events = 32767, data = {ptr = 0x58a720 <Connection::handleTimeout(std::weak_ptr<Connection>, boost::system::error_code const&)>, fd = 5809952, u32 = 5809952, u64 = 5809952}}, {events = 9510864, data = {ptr = 0x911fc000000000, fd = 0, u32 = 0, u64 = 40848781117227008}}, {events = 0, data = {ptr = 0x696f70740000007d, fd = 125, u32 = 125, u64 = 7597414739915833469}}}
2020-10-03 01:08:22 -          num_events = <optimized out>
2020-10-03 01:08:22 -          check_timers = <optimized out>
2020-10-03 01:08:22 -  #2  0x000000000055dcd3 in do_run_one (ec=..., this_thread=..., lock=<synthetic pointer>, this=0x900090) at /usr/include/boost/asio/detail/impl/task_io_service.ipp:356
2020-10-03 01:08:22 -          more_handlers = <optimized out>
2020-10-03 01:08:22 -  #3  run (ec=..., this=0x900090) at /usr/include/boost/asio/detail/impl/task_io_service.ipp:149
2020-10-03 01:08:22 -          this_thread = {private_op_queue = {front_ = 0x0, back_ = 0x0}, private_outstanding_work = 0}
2020-10-03 01:08:22 -          ctx = {key_ = 0x900090, value_ = 0x7fffffffdf40, next_ = 0x0}
2020-10-03 01:08:22 -          lock = {mutex_ = @0x9000c0, locked_ = <optimized out>}
2020-10-03 01:08:22 -          n = 17252
2020-10-03 01:08:22 -  #4  _ZN5boost4asio10io_service3runEv.isra.226 () at /usr/include/boost/asio/impl/io_service.ipp:59
2020-10-03 01:08:22 -          ec = {m_val = 0, m_cat = 0x7ffff71e50e0}
2020-10-03 01:08:22 -  #5  ServiceManager::run() (this=this@entry=0x7fffffffdff0) at /home/otg/src/server.cpp:47
2020-10-03 01:08:22 -  No locals.
2020-10-03 01:08:22 -  #6  0x0000000000474c46 in main (argc=1, argv=0x7fffffffe1b8) at /home/otg/src/otserv.cpp:96
2020-10-03 01:08:22 -          serviceManager = {acceptors = {_M_h = {_M_buckets = 0x7fffc63f8160, _M_bucket_count = 5, _M_before_begin = {_M_nxt = 0x7fffc63f8130}, _M_element_count = 2, _M_rehash_policy = {_M_max_load_factor = 1, _M_next_resize = 5}, _M_single_bucket = 0x0}}, io_service = {service_registry_ = 0x900040, impl_ = @0x900090}, signals = {set = {<No data fields>}}, death_timer = {<No data fields>}, running = true}
2020-10-03 01:08:22 -  Saving server...
2020-10-03 01:08:22 -  > Saved house items in: 0.49 s
2020-10-03 01:08:22 -  A debugging session is active.
2020-10-03 01:08:22 -  
2020-10-03 01:08:22 -  	Inferior 1 [process 23071] will be killed.
2020-10-03 01:08:22 -  
2020-10-03 01:08:22 -  Quit anyway? (y or n) [answered Y; input not from terminal]
