2020-10-23 17:56:45 -  [Thread debugging using libthread_db enabled]
2020-10-23 17:56:45 -  Using host libthread_db library "/lib/x86_64-linux-gnu/libthread_db.so.1".
2020-10-23 17:56:45 -  [New Thread 0x7ffff3dbb700 (LWP 11930)]
2020-10-23 17:56:45 -  [New Thread 0x7ffff35ba700 (LWP 11931)]
2020-10-23 17:56:45 -  The OTG-Premium-Version - Version: (1.3)
2020-10-23 17:56:45 -  Compiled with: GNU C++ version 5.4.0 20160609
2020-10-23 17:56:45 -  Compiled on Sep 17 2020 19:49:36 for platform x64
2020-10-23 17:56:45 -  
2020-10-23 17:56:45 -  Special Credits for: OTG Team, Johncore, Vankk, Erick Nunes, Leonardo Pereira, Leandro Baldissera, Talis, Marcomoa, Marson Schneider, Douglas, Mark Samman, OTXServer (Mattyx Gomez) and The Forgotten Server Developers.
2020-10-23 17:56:45 -  Link of repository: https://github.com/Johncorex/OTG-Premium-Version
2020-10-23 17:56:45 -  
2020-10-23 17:56:45 -  >> Loading config: config.lua
2020-10-23 17:56:45 -  >> Establishing database connection... MySQL 5.7.31
2020-10-23 17:56:45 -  >> Running database manager
2020-10-23 17:56:45 -  [New Thread 0x7ffff2ba7700 (LWP 11932)]
2020-10-23 17:56:46 -  > Optimizing table tile_store... [success]
2020-10-23 17:56:46 -  >> Loading vocations
2020-10-23 17:56:46 -  >> Loading items
2020-10-23 17:56:46 -  >> Loading script systems
2020-10-23 17:56:46 -  >> Loading lua libs
2020-10-23 17:56:46 -  [Warning - Event::checkScript] Can not load script: scripts/expboostaction.lua
2020-10-23 17:56:46 -  cannot open data/actions/scripts/expboostaction.lua: No such file or directory
2020-10-23 17:56:47 -  >> Loading lua scripts
2020-10-23 17:56:47 -  >> Loading monsters
2020-10-23 17:56:47 -  >> Loading lua monsters
2020-10-23 17:56:47 -  >> Loading outfits
2020-10-23 17:56:47 -  >> Loading prey data
2020-10-23 17:56:48 -  >> Checking world type... PVP
2020-10-23 17:56:48 -  >> Loading map
2020-10-23 17:56:49 -  > Map size: 34143x33812.
2020-10-23 17:56:55 -  > Map loading time: 7.196 seconds.
2020-10-23 17:56:56 -  > Loaded house items in: 0.012 s
2020-10-23 17:56:56 -  >> Initializing gamestate
2020-10-23 17:56:58 -  >> Loaded 43 npcs and spawned 72708 monsters.
2020-10-23 17:56:58 -  >> Loaded 27 towns with 1074 houses in total.
2020-10-23 17:56:58 -  [Castle War]
2020-10-23 17:56:58 -  [POWERGAMERS]
2020-10-23 17:56:58 -  [SISTEMA DE LOTERIA] OPERANTE
2020-10-23 17:56:58 -  Advanced NPC spawn system | All NPCs will be loaded trough lib.
2020-10-23 17:56:58 -  [REGEN BOOST] CARREGADO
2020-10-23 17:56:58 -  [SPOOF COUNTER]
2020-10-23 17:56:58 -  [STAMINA]
2020-10-23 17:56:58 -  warvariables
2020-10-23 17:56:58 -  Agenda:	2
2020-10-23 17:56:58 -  eu sou o checkWarmode... 17:56!
2020-10-23 17:56:58 -  Buscando valores guilds where id = 3
2020-10-23 17:56:58 -  > Broadcasted message: "[Warmode] Atencao Honerianos! A Guild TesteWarmode desafiou a Guild Vai tomando para uma batalha que vai iniciar agora!".
2020-10-23 17:56:58 -  17	56	4
2020-10-23 17:56:58 -  >> Loaded all modules, server starting up...
2020-10-23 17:56:58 -  > Warning: OTG-Premium-Version has been executed as root user, please consider running it as a normal user.
2020-10-23 17:56:58 -  >> Honera Global Server Online!
2020-10-23 17:56:58 -  
2020-10-23 17:56:58 -  Dev Marson has logged in.
2020-10-23 17:56:58 -  funcao onLogin
2020-10-23 17:56:58 -  Demonzin has logged in.
2020-10-23 17:56:58 -  funcao onLogin
2020-10-23 17:56:58 -  Robalo has logged in.
2020-10-23 17:56:58 -  funcao onLogin
2020-10-23 17:56:58 -  Robalo has logged out.
2020-10-23 17:57:08 -  SABADOU!! NPC HONERA CRIADO
2020-10-23 17:57:08 -  Robalo has logged in.
2020-10-23 17:57:25 -  
2020-10-23 17:57:25 -  Thread 1 "tfs" received signal SIGINT, Interrupt.
2020-10-23 17:57:25 -  0x00007ffff7b14ad3 in epoll_wait () at ../sysdeps/unix/syscall-template.S:84
2020-10-23 17:57:25 -  84	../sysdeps/unix/syscall-template.S: No such file or directory.
2020-10-23 17:57:25 -  
2020-10-23 17:57:25 -  Thread 4 (Thread 0x7ffff2ba7700 (LWP 11932)):
2020-10-23 17:57:25 -  #0  pthread_cond_wait@@GLIBC_2.3.2 () at ../sysdeps/unix/sysv/linux/x86_64/pthread_cond_wait.S:185
2020-10-23 17:57:25 -  No locals.
2020-10-23 17:57:25 -  #1  0x00007ffff5e7491c in std::condition_variable::wait(std::unique_lock<std::mutex>&) () from /usr/lib/x86_64-linux-gnu/libstdc++.so.6
2020-10-23 17:57:25 -  No symbol table info available.
2020-10-23 17:57:25 -  #2  0x00000000006228bf in DatabaseTasks::threadMain() (this=0x8e39a0 <g_databaseTasks>) at /home/otg/src/databasetasks.cpp:42
2020-10-23 17:57:25 -          taskLockUnique = {_M_device = 0x8e3a08 <g_databaseTasks+104>, _M_owns = true}
2020-10-23 17:57:25 -  #3  0x00007ffff5e79c80 in ?? () from /usr/lib/x86_64-linux-gnu/libstdc++.so.6
2020-10-23 17:57:25 -  No symbol table info available.
2020-10-23 17:57:25 -  #4  0x00007ffff614a6ba in start_thread (arg=0x7ffff2ba7700) at pthread_create.c:333
2020-10-23 17:57:25 -          __res = <optimized out>
2020-10-23 17:57:25 -          pd = 0x7ffff2ba7700
2020-10-23 17:57:25 -          now = <optimized out>
2020-10-23 17:57:26 -          unwind_buf = {cancel_jmp_buf = {{jmp_buf = {140737265694464, 3093871271129521585, 0, 140737284647471, 140737265695168, 9334528, -3093894931589751375, -3093885334244811343}, mask_was_saved = 0}}, priv = {pad = {0x0, 0x0, 0x0, 0x0}, data = {prev = 0x0, cleanup = 0x0, canceltype = 0}}}
2020-10-23 17:57:26 -          not_first_call = <optimized out>
2020-10-23 17:57:26 -          pagesize_m1 = <optimized out>
2020-10-23 17:57:26 -          sp = <optimized out>
2020-10-23 17:57:26 -          freesize = <optimized out>
2020-10-23 17:57:26 -          __PRETTY_FUNCTION__ = "start_thread"
2020-10-23 17:57:26 -  #5  0x00007ffff7b144dd in clone () at ../sysdeps/unix/sysv/linux/x86_64/clone.S:109
2020-10-23 17:57:26 -  No locals.
2020-10-23 17:57:26 -  
2020-10-23 17:57:26 -  Thread 3 (Thread 0x7ffff35ba700 (LWP 11931)):
2020-10-23 17:57:26 -  #0  pthread_cond_timedwait@@GLIBC_2.3.2 () at ../sysdeps/unix/sysv/linux/x86_64/pthread_cond_timedwait.S:225
2020-10-23 17:57:26 -  No locals.
2020-10-23 17:57:26 -  #1  0x0000000000506210 in __gthread_cond_timedwait () at /usr/include/x86_64-linux-gnu/c++/5/bits/gthr-default.h:871
2020-10-23 17:57:26 -  No locals.
2020-10-23 17:57:26 -  #2  std::condition_variable::__wait_until_impl (__atime=..., __lock=..., this=0x8e6fa0 <g_scheduler+64>) at /usr/include/c++/5/condition_variable:165
2020-10-23 17:57:26 -          __ts = {tv_sec = 1603490245, tv_nsec = 716979462}
2020-10-23 17:57:26 -  #3  std::condition_variable::wait_until<std::chrono::duration<long, std::ratio<1l, 1000000000l> > > () at /usr/include/c++/5/condition_variable:105
2020-10-23 17:57:26 -          __lock = @0x7ffff35b9e90: {_M_device = 0x8e6f78 <g_scheduler+24>, _M_owns = true}
2020-10-23 17:57:26 -          this = 0x8e6fa0 <g_scheduler+64>
2020-10-23 17:57:26 -  #4  Scheduler::threadMain (this=0x8e6f60 <g_scheduler>) at /home/otg/src/scheduler.cpp:36
2020-10-23 17:57:26 -          ret = std::cv_status::no_timeout
2020-10-23 17:57:26 -          eventLockUnique = {_M_device = 0x8e6f78 <g_scheduler+24>, _M_owns = true}
2020-10-23 17:57:26 -  #5  0x00007ffff5e79c80 in ?? () from /usr/lib/x86_64-linux-gnu/libstdc++.so.6
2020-10-23 17:57:26 -  No symbol table info available.
2020-10-23 17:57:26 -  #6  0x00007ffff614a6ba in start_thread (arg=0x7ffff35ba700) at pthread_create.c:333
2020-10-23 17:57:26 -          __res = <optimized out>
2020-10-23 17:57:26 -          pd = 0x7ffff35ba700
2020-10-23 17:57:26 -          now = <optimized out>
2020-10-23 17:57:26 -          unwind_buf = {cancel_jmp_buf = {{jmp_buf = {140737276258048, 3093871271129521585, 0, 140737488346847, 140737276258752, 9437376, -3093896870230614607, -3093885334244811343}, mask_was_saved = 0}}, priv = {pad = {0x0, 0x0, 0x0, 0x0}, data = {prev = 0x0, cleanup = 0x0, canceltype = 0}}}
2020-10-23 17:57:26 -          not_first_call = <optimized out>
2020-10-23 17:57:26 -          pagesize_m1 = <optimized out>
2020-10-23 17:57:26 -          sp = <optimized out>
2020-10-23 17:57:26 -          freesize = <optimized out>
2020-10-23 17:57:26 -          __PRETTY_FUNCTION__ = "start_thread"
2020-10-23 17:57:26 -  #7  0x00007ffff7b144dd in clone () at ../sysdeps/unix/sysv/linux/x86_64/clone.S:109
2020-10-23 17:57:26 -  No locals.
2020-10-23 17:57:26 -  
2020-10-23 17:57:26 -  Thread 2 (Thread 0x7ffff3dbb700 (LWP 11930)):
2020-10-23 17:57:26 -  #0  pthread_cond_wait@@GLIBC_2.3.2 () at ../sysdeps/unix/sysv/linux/x86_64/pthread_cond_wait.S:185
2020-10-23 17:57:26 -  No locals.
2020-10-23 17:57:26 -  #1  0x00007ffff5e7491c in std::condition_variable::wait(std::unique_lock<std::mutex>&) () from /usr/lib/x86_64-linux-gnu/libstdc++.so.6
2020-10-23 17:57:26 -  No symbol table info available.
2020-10-23 17:57:26 -  #2  0x000000000055af7b in Dispatcher::threadMain() (this=0x8e6ec0 <g_dispatcher>) at /home/otg/src/tasks.cpp:50
2020-10-23 17:57:26 -          taskLockUnique = {_M_device = 0x8e6ed8 <g_dispatcher+24>, _M_owns = true}
2020-10-23 17:57:26 -  #3  0x00007ffff5e79c80 in ?? () from /usr/lib/x86_64-linux-gnu/libstdc++.so.6
2020-10-23 17:57:26 -  No symbol table info available.
2020-10-23 17:57:26 -  #4  0x00007ffff614a6ba in start_thread (arg=0x7ffff3dbb700) at pthread_create.c:333
2020-10-23 17:57:26 -          __res = <optimized out>
2020-10-23 17:57:26 -          pd = 0x7ffff3dbb700
2020-10-23 17:57:26 -          now = <optimized out>
2020-10-23 17:57:26 -          unwind_buf = {cancel_jmp_buf = {{jmp_buf = {140737284650752, 3093871271129521585, 0, 140737488346847, 140737284651456, 9437376, -3093897970279113295, -3093885334244811343}, mask_was_saved = 0}}, priv = {pad = {0x0, 0x0, 0x0, 0x0}, data = {prev = 0x0, cleanup = 0x0, canceltype = 0}}}
2020-10-23 17:57:26 -          not_first_call = <optimized out>
2020-10-23 17:57:26 -          pagesize_m1 = <optimized out>
2020-10-23 17:57:26 -          sp = <optimized out>
2020-10-23 17:57:26 -          freesize = <optimized out>
2020-10-23 17:57:26 -          __PRETTY_FUNCTION__ = "start_thread"
2020-10-23 17:57:26 -  #5  0x00007ffff7b144dd in clone () at ../sysdeps/unix/sysv/linux/x86_64/clone.S:109
2020-10-23 17:57:26 -  No locals.
2020-10-23 17:57:26 -  
2020-10-23 17:57:26 -  Thread 1 (Thread 0x7ffff7fe6740 (LWP 11926)):
2020-10-23 17:57:26 -  #0  0x00007ffff7b14ad3 in epoll_wait () at ../sysdeps/unix/syscall-template.S:84
2020-10-23 17:57:26 -  No locals.
2020-10-23 17:57:26 -  #1  0x00000000005b70e7 in boost::asio::detail::epoll_reactor::run(bool, boost::asio::detail::op_queue<boost::asio::detail::task_io_service_operation>&) [clone .constprop.204] (this=0x901570, block=<optimized out>, ops=...) at /usr/include/boost/asio/detail/impl/epoll_reactor.ipp:392
2020-10-23 17:57:26 -          timeout = <optimized out>
2020-10-23 17:57:26 -          events = {{events = 1, data = {ptr = 0x9015c8, fd = 9442760, u32 = 9442760, u64 = 9442760}}, {events = 0, data = {ptr = 0x0, fd = 0, u32 = 0, u64 = 0}} <repeats 51 times>, {events = 11, data = {ptr = 0xa100000000, fd = 0, u32 = 0, u64 = 691489734656}}, {events = 0, data = {ptr = 0x982af0, fd = 9972464, u32 = 9972464, u64 = 9972464}}, {events = 0, data = {ptr = 0x0, fd = 0, u32 = 0, u64 = 0}}, {events = 0, data = {ptr = 0x0, fd = 0, u32 = 0, u64 = 0}}, {events = 9329, data = {ptr = 0xffffdb8fffff8000, fd = -32768, u32 = 4294934528, u64 = 18446704010254581760}}, {events = 32767, data = {ptr = 0x2, fd = 2, u32 = 2, u64 = 2}}, {events = 4155593817, data = {ptr = 0x7fff, fd = 32767, u32 = 32767, u64 = 32767}}, {events = 0, data = {ptr = 0x5828f4 <boost::asio::detail::reactive_socket_recv_op_base<boost::asio::mutable_buffers_1>::do_perform(boost::asio::detail::reactor_op*)+228>, fd = 5777652, u32 = 5777652, u64 = 5777652}}, {events = 91, data = {ptr = 0x100006e, fd = 16777326, u32 = 16777326, u64 = 16777326}}, {events = 15, data = {ptr = 0x9227b6, fd = 9578422, u32 = 9578422, u64 = 9578422}}, {events = 2, data = {ptr = 0x200000000, fd = 0, u32 = 0, u64 = 8589934592}}, {events = 0, data = {ptr = 0x5f9351c5, fd = 1603490245, u32 = 1603490245, u64 = 1603490245}}, {events = 0, data = {ptr = 0x0, fd = 0, u32 = 0, u64 = 0}}, {events = 0, data = {ptr = 0x7fffffffdb80, fd = -9344, u32 = 4294957952, u64 = 140737488345984}}, {events = 1, data = {ptr = 0x0, fd = 0, u32 = 0, u64 = 0}}, {events = 0, data = {ptr = 0x0, fd = 0, u32 = 0, u64 = 0}}, {events = 0, data = {ptr = 0x92279000000000, fd = 0, u32 = 0, u64 = 41138846028529664}}, {events = 0, data = {ptr = 0x7fffe926b550, fd = -383339184, u32 = 3911628112, u64 = 140737105016144}}, {events = 9913328, data = {ptr = 0x93289800000000, fd = 0, u32 = 0, u64 = 41421454876606464}}, {events = 0, data = {ptr = 0x9224e8, fd = 9577704, u32 = 9577704, u64 = 9577704}}, {events = 15, data = {ptr = 0x5200000000, fd = 0, u32 = 0, u64 = 352187318272}}, {events = 0, data = {ptr = 0x901570, fd = 9442672, u32 = 9442672, u64 = 9442672}}, {events = 6449413, data = {ptr = 0x0, fd = 0, u32 = 0, u64 = 0}}, {events = 0, data = {ptr = 0xf, fd = 15, u32 = 15, u64 = 15}}, {events = 0, data = {ptr = 0x56f20000000000, fd = 0, u32 = 0, u64 = 24472929811038208}}, {events = 0, data = {ptr = 0x0, fd = 0, u32 = 0, u64 = 0}}, {events = 0, data = {ptr = 0xffffdc7000000000, fd = 0, u32 = 0, u64 = 18446704972327288832}}, {events = 32767, data = {ptr = 0x9743f0, fd = 9913328, u32 = 9913328, u64 = 9913328}}, {events = 9913328, data = {ptr = 0xaaa4774000000000, fd = 0, u32 = 0, u64 = 12296083999389908992}}, {events = 32767, data = {ptr = 0x932898, fd = 9644184, u32 = 9644184, u64 = 9644184}}, {events = 9578422, data = {ptr = 0x200000000, fd = 0, u32 = 0, u64 = 8589934592}}, {events = 0, data = {ptr = 0x7fff00000001, fd = 1, u32 = 1, u64 = 140733193388033}}, {events = 0, data = {ptr = 0x56f20000000000, fd = 0, u32 = 0, u64 = 24472929811038208}}, {events = 0, data = {ptr = 0x0, fd = 0, u32 = 0, u64 = 0}}, {events = 0, data = {ptr = 0x93283800000000, fd = 0, u32 = 0, u64 = 41421042559746048}}, {events = 0, data = {ptr = 0x0, fd = 0, u32 = 0, u64 = 0}}, {events = 4128564479, data = {ptr = 0x9227a000007fff, fd = 32767, u32 = 32767, u64 = 41138914748039167}}, {events = 0, data = {ptr = 0x7fff9c2279b0, fd = -1675462224, u32 = 2619505072, u64 = 140735812893104}}, {events = 3234033024, data = {ptr = 0x93283800007fff, fd = 32767, u32 = 32767, u64 = 41421042559778815}}, {events = 0, data = {ptr = 0x7fffffffde78, fd = -8584, u32 = 4294958712, u64 = 140737488346744}}, {events = 0, data = {ptr = 0xf7a9158c00000000, fd = 0, u32 = 0, u64 = 17845818689471905792}}, {events = 32767, data = {ptr = 0x900090, fd = 9437328, u32 = 9437328, u64 = 9437328}}, {events = 4294958640, data = {ptr = 0x90009000007fff, fd = 32767, u32 = 32767, u64 = 40533015121657855}}, {events = 0, data = {ptr = 0x9227a0, fd = 9578400, u32 = 9578400, u64 = 9578400}}, {events = 14, data = {ptr = 0x9227a000000000, fd = 0, u32 = 0, u64 = 41138914748006400}}, {events = 0, data = {ptr = 0x7fff9c2279b0, fd = -1675462224, u32 = 2619505072, u64 = 140735812893104}}, {events = 3234033024, data = {ptr = 0x93283800007fff, fd = 32767, u32 = 32767, u64 = 41421042559778815}}, {events = 0, data = {ptr = 0x58a8b4 <Connection::onWriteOperation(boost::system::error_code const&)+260>, fd = 5810356, u32 = 5810356, u64 = 5810356}}, {events = 0, data = {ptr = 0xf71e50e000000000, fd = 0, u32 = 0, u64 = 17806758899672416256}}, {events = 32767, data = {ptr = 0xffffde30, fd = -8656, u32 = 4294958640, u64 = 4294958640}}, {events = 14, data = {ptr = 0x0, fd = 0, u32 = 0, u64 = 0}}, {events = 0, data = {ptr = 0x0, fd = 0, u32 = 0, u64 = 0}}, {events = 4294958640, data = {ptr = 0x58574500007fff, fd = 32767, u32 = 32767, u64 = 24865751814930431}}, {events = 0, data = {ptr = 0xf, fd = 15, u32 = 15, u64 = 15}}, {events = 4155593817, data = {ptr = 0xffffde3000007fff, fd = 32767, u32 = 32767, u64 = 18446706896472670207}}, {events = 32767, data = {ptr = 0x0, fd = 0, u32 = 0, u64 = 0}}, {events = 0, data = {ptr = 0x0, fd = 0, u32 = 0, u64 = 0}}, {events = 15, data = {ptr = 0x932898, fd = 9644184, u32 = 9644184, u64 = 9644184}}, {events = 4294958720, data = {ptr = 0x90009000007fff, fd = 32767, u32 = 32767, u64 = 40533015121657855}}, {events = 0, data = {ptr = 0x0, fd = 0, u32 = 0, u64 = 0}}, {events = 0, data = {ptr = 0x9000c000000000, fd = 0, u32 = 0, u64 = 40533221280055296}}, {events = 0, data = {ptr = 0x0, fd = 0, u32 = 0, u64 = 0}}, {events = 4155053452, data = {ptr = 0x92279000007fff, fd = 32767, u32 = 32767, u64 = 41138846028562431}}, {events = 0, data = {ptr = 0x0, fd = 0, u32 = 0, u64 = 0}}, {events = 4145959136, data = {ptr = 0x58a73100007fff, fd = 32767, u32 = 32767, u64 = 24953626845806591}}, {events = 0, data = {ptr = 0x7fffcf4db130, fd = -816991952, u32 = 3477975344, u64 = 140736671363376}}, {events = 4294958720, data = {ptr = 0x90009000007fff, fd = 32767, u32 = 32767, u64 = 40533015121657855}}, {events = 0, data = {ptr = 0x7fffffffde80, fd = -8576, u32 = 4294958720, u64 = 140737488346752}}, {events = 9437328, data = {ptr = 0x58646e00000000, fd = 0, u32 = 0, u64 = 24880221559717888}}, {events = 0, data = {ptr = 0x9227a0, fd = 9578400, u32 = 9578400, u64 = 9578400}}, {events = 9578384, data = {ptr = 0xffffde8000000000, fd = 0, u32 = 0, u64 = 18446707240070021120}}, {events = 32767, data = {ptr = 0x0, fd = 0, u32 = 0, u64 = 0}}, {events = 0, data = {ptr = 0x0, fd = 0, u32 = 0, u64 = 0}}, {events = 32767, data = {ptr = 0x58a720 <Connection::handleTimeout(std::weak_ptr<Connection>, boost::system::error_code const&)>, fd = 5809952, u32 = 5809952, u64 = 5809952}}, {events = 9578400, data = {ptr = 0x92279000000000, fd = 0, u32 = 0, u64 = 41138846028529664}}, {events = 0, data = {ptr = 0x7fff0000007d, fd = 125, u32 = 125, u64 = 140733193388157}}}
2020-10-23 17:57:26 -          num_events = <optimized out>
2020-10-23 17:57:26 -          check_timers = <optimized out>
2020-10-23 17:57:26 -  #2  0x000000000055dcd3 in do_run_one (ec=..., this_thread=..., lock=<synthetic pointer>, this=0x900090) at /usr/include/boost/asio/detail/impl/task_io_service.ipp:356
2020-10-23 17:57:26 -          more_handlers = <optimized out>
2020-10-23 17:57:26 -  #3  run (ec=..., this=0x900090) at /usr/include/boost/asio/detail/impl/task_io_service.ipp:149
2020-10-23 17:57:26 -          this_thread = {private_op_queue = {front_ = 0x0, back_ = 0x0}, private_outstanding_work = 0}
2020-10-23 17:57:26 -          ctx = {key_ = 0x900090, value_ = 0x7fffffffdf40, next_ = 0x0}
2020-10-23 17:57:26 -          lock = {mutex_ = @0x9000c0, locked_ = <optimized out>}
2020-10-23 17:57:26 -          n = 514
2020-10-23 17:57:26 -  #4  _ZN5boost4asio10io_service3runEv.isra.226 () at /usr/include/boost/asio/impl/io_service.ipp:59
2020-10-23 17:57:26 -          ec = {m_val = 0, m_cat = 0x7ffff71e50e0}
2020-10-23 17:57:26 -  #5  ServiceManager::run() (this=this@entry=0x7fffffffdff0) at /home/otg/src/server.cpp:47
2020-10-23 17:57:26 -  No locals.
2020-10-23 17:57:26 -  #6  0x0000000000474c46 in main (argc=1, argv=0x7fffffffe1b8) at /home/otg/src/otserv.cpp:96
2020-10-23 17:57:26 -          serviceManager = {acceptors = {_M_h = {_M_buckets = 0x7fffee1a10a0, _M_bucket_count = 5, _M_before_begin = {_M_nxt = 0x7fffee1a1070}, _M_element_count = 2, _M_rehash_policy = {_M_max_load_factor = 1, _M_next_resize = 5}, _M_single_bucket = 0x0}}, io_service = {service_registry_ = 0x900040, impl_ = @0x900090}, signals = {set = {<No data fields>}}, death_timer = {<No data fields>}, running = true}
2020-10-23 17:57:26 -  funcao onLogin
2020-10-23 17:57:26 -  Saving server...
2020-10-23 17:57:27 -  > Saved house items in: 0.333 s
2020-10-23 17:57:27 -  A debugging session is active.
2020-10-23 17:57:27 -  
2020-10-23 17:57:27 -  	Inferior 1 [process 11926] will be killed.
2020-10-23 17:57:27 -  
2020-10-23 17:57:27 -  Quit anyway? (y or n) [answered Y; input not from terminal]
