2020-10-18 17:14:07 -  [Thread debugging using libthread_db enabled]
2020-10-18 17:14:07 -  Using host libthread_db library "/lib/x86_64-linux-gnu/libthread_db.so.1".
2020-10-18 17:14:07 -  [New Thread 0x7ffff3dbb700 (LWP 26587)]
2020-10-18 17:14:07 -  [New Thread 0x7ffff35ba700 (LWP 26588)]
2020-10-18 17:14:07 -  The OTG-Premium-Version - Version: (1.3)
2020-10-18 17:14:07 -  Compiled with: GNU C++ version 5.4.0 20160609
2020-10-18 17:14:07 -  Compiled on Sep 17 2020 19:49:36 for platform x64
2020-10-18 17:14:07 -  
2020-10-18 17:14:07 -  Special Credits for: OTG Team, Johncore, Vankk, Erick Nunes, Leonardo Pereira, Leandro Baldissera, Talis, Marcomoa, Marson Schneider, Douglas, Mark Samman, OTXServer (Mattyx Gomez) and The Forgotten Server Developers.
2020-10-18 17:14:07 -  Link of repository: https://github.com/Johncorex/OTG-Premium-Version
2020-10-18 17:14:07 -  
2020-10-18 17:14:07 -  >> Loading config: config.lua
2020-10-18 17:14:07 -  >> Establishing database connection... MySQL 5.7.31
2020-10-18 17:14:07 -  >> Running database manager
2020-10-18 17:14:07 -  [New Thread 0x7ffff2ba7700 (LWP 26589)]
2020-10-18 17:14:07 -  > Optimizing table players_online... [success]
2020-10-18 17:14:07 -  > Optimizing table tile_store... [success]
2020-10-18 17:14:07 -  >> Loading vocations
2020-10-18 17:14:07 -  >> Loading items
2020-10-18 17:14:07 -  >> Loading script systems
2020-10-18 17:14:07 -  >> Loading lua libs
2020-10-18 17:14:08 -  [Warning - Event::checkScript] Can not load script: scripts/expboostaction.lua
2020-10-18 17:14:08 -  cannot open data/actions/scripts/expboostaction.lua: No such file or directory
2020-10-18 17:14:09 -  >> Loading lua scripts
2020-10-18 17:14:09 -  >> Loading monsters
2020-10-18 17:14:09 -  >> Loading lua monsters
2020-10-18 17:14:09 -  >> Loading outfits
2020-10-18 17:14:09 -  >> Loading prey data
2020-10-18 17:14:09 -  >> Checking world type... PVP
2020-10-18 17:14:09 -  >> Loading map
2020-10-18 17:14:11 -  > Map size: 34143x33812.
2020-10-18 17:14:17 -  > Map loading time: 7.82 seconds.
2020-10-18 17:14:50 -  > Loaded house items in: 0.076 s
2020-10-18 17:14:50 -  >> Initializing gamestate
2020-10-18 17:14:54 -  >> Loaded 43 npcs and spawned 72708 monsters.
2020-10-18 17:14:54 -  >> Loaded 27 towns with 1074 houses in total.
2020-10-18 17:14:54 -  [Castle War]
2020-10-18 17:14:54 -  [POWERGAMERS]
2020-10-18 17:14:54 -  [SISTEMA DE LOTERIA] OPERANTE
2020-10-18 17:14:54 -  Advanced NPC spawn system | All NPCs will be loaded trough lib.
2020-10-18 17:14:54 -  [REGEN BOOST] CARREGADO
2020-10-18 17:14:54 -  [SPOOF COUNTER]
2020-10-18 17:14:54 -  [STAMINA]
2020-10-18 17:14:54 -  warvariables
2020-10-18 17:14:54 -  17	14	46
2020-10-18 17:14:54 -  >> Loaded all modules, server starting up...
2020-10-18 17:14:54 -  > Warning: OTG-Premium-Version has been executed as root user, please consider running it as a normal user.
2020-10-18 17:14:54 -  >> Honera Global Server Online!
2020-10-18 17:14:54 -  
2020-10-18 17:20:54 -  SABADOU!! NPC HONERA CRIADO
2020-10-18 17:20:54 -  Cassiano has logged in.
2020-10-18 17:21:03 -  Dev Marson has logged in.
2020-10-18 17:30:32 -  aqui eu checkei o choiceID para atualizar o warmode temp1
2020-10-18 17:30:32 -  debug mode: for i = 1, 2 pegar o id: 141, fazer um select no banco pra pegar o nome onde contem o id: Dev Marson, converter para o 
2020-10-18 17:30:32 -  141	141
2020-10-18 17:30:32 -  debug mode: for i = 1, 2 pegar o id: 231, fazer um select no banco pra pegar o nome onde contem o id: Demonzin, converter para o 
2020-10-18 17:30:32 -  231	231
2020-10-18 17:30:32 -  aqui eu checkei o choiceID para atualizar o warmode temp1
2020-10-18 17:30:32 -  debug mode: for i = 1, 2 pegar o id: 141, fazer um select no banco pra pegar o nome onde contem o id: Dev Marson, converter para o 
2020-10-18 17:30:32 -  141	141
2020-10-18 17:30:32 -  debug mode: for i = 1, 2 pegar o id: 231, fazer um select no banco pra pegar o nome onde contem o id: Demonzin, converter para o 
2020-10-18 17:30:32 -  231	231
2020-10-18 17:30:32 -  aqui eu checkei o choiceID para atualizar o warmode temp1
2020-10-18 17:30:32 -  Cassiano has logged out.
2020-10-18 17:30:33 -  Cassiano has logged in.
2020-10-18 17:32:42 -  Master has logged in.
2020-10-18 17:34:12 -  Master has logged out.
2020-10-18 17:34:13 -  Master has logged in.
2020-10-18 17:34:39 -  Master has logged out.
2020-10-18 17:34:40 -  Master has logged in.
2020-10-18 17:35:49 -  aqui eu checkei o choiceID para atualizar o warmode temp5
2020-10-18 17:35:49 -  debug mode: for i = 1, 3 pegar o id: 93, fazer um select no banco pra pegar o nome onde contem o id: Cassiano, converter para o 
2020-10-18 17:35:49 -  false	93
2020-10-18 17:35:49 -  debug mode: for i = 1, 3 pegar o id: 141, fazer um select no banco pra pegar o nome onde contem o id: Dev Marson, converter para o 
2020-10-18 17:35:49 -  141	141
2020-10-18 17:35:49 -  debug mode: for i = 1, 3 pegar o id: 231, fazer um select no banco pra pegar o nome onde contem o id: Demonzin, converter para o 
2020-10-18 17:35:49 -  231	231
2020-10-18 17:35:49 -  aqui eu checkei o choiceID para atualizar o warmode temp1
2020-10-18 17:35:49 -  debug mode: for i = 1, 3 pegar o id: 93, fazer um select no banco pra pegar o nome onde contem o id: Cassiano, converter para o 
2020-10-18 17:35:49 -  93	93
2020-10-18 17:35:49 -  debug mode: for i = 1, 3 pegar o id: 141, fazer um select no banco pra pegar o nome onde contem o id: Dev Marson, converter para o 
2020-10-18 17:35:49 -  141	141
2020-10-18 17:35:49 -  debug mode: for i = 1, 3 pegar o id: 231, fazer um select no banco pra pegar o nome onde contem o id: Demonzin, converter para o 
2020-10-18 17:35:49 -  231	231
2020-10-18 17:35:49 -  aqui eu checkei o choiceID para atualizar o warmode temp2
2020-10-18 17:35:49 -  debug mode: for i = 1, 3 pegar o id: 93, fazer um select no banco pra pegar o nome onde contem o id: Cassiano, converter para o 
2020-10-18 17:35:49 -  93	93
2020-10-18 17:35:49 -  debug mode: for i = 1, 3 pegar o id: 141, fazer um select no banco pra pegar o nome onde contem o id: Dev Marson, converter para o 
2020-10-18 17:35:49 -  141	141
2020-10-18 17:35:49 -  debug mode: for i = 1, 3 pegar o id: 231, fazer um select no banco pra pegar o nome onde contem o id: Demonzin, converter para o 
2020-10-18 17:35:49 -  231	231
2020-10-18 17:35:49 -  aqui eu checkei o choiceID para atualizar o warmode temp1
2020-10-18 17:35:49 -  debug mode: for i = 1, 3 pegar o id: 93, fazer um select no banco pra pegar o nome onde contem o id: Cassiano, converter para o 
2020-10-18 17:35:49 -  93	93
2020-10-18 17:35:49 -  debug mode: for i = 1, 3 pegar o id: 141, fazer um select no banco pra pegar o nome onde contem o id: Dev Marson, converter para o 
2020-10-18 17:35:49 -  141	141
2020-10-18 17:35:49 -  debug mode: for i = 1, 3 pegar o id: 231, fazer um select no banco pra pegar o nome onde contem o id: Demonzin, converter para o 
2020-10-18 17:35:49 -  231	231
2020-10-18 17:35:49 -  aqui eu checkei o choiceID para atualizar o warmode temp3
2020-10-18 17:35:49 -  debug mode: for i = 1, 3 pegar o id: 93, fazer um select no banco pra pegar o nome onde contem o id: Cassiano, converter para o 
2020-10-18 17:35:49 -  93	93
2020-10-18 17:35:49 -  debug mode: for i = 1, 3 pegar o id: 141, fazer um select no banco pra pegar o nome onde contem o id: Dev Marson, converter para o 
2020-10-18 17:35:49 -  141	141
2020-10-18 17:35:49 -  debug mode: for i = 1, 3 pegar o id: 231, fazer um select no banco pra pegar o nome onde contem o id: Demonzin, converter para o 
2020-10-18 17:35:49 -  231	231
2020-10-18 17:35:49 -  aqui eu checkei o choiceID para atualizar o warmode temp2
2020-10-18 17:35:49 -  debug mode: for i = 1, 3 pegar o id: 93, fazer um select no banco pra pegar o nome onde contem o id: Cassiano, converter para o 
2020-10-18 17:35:49 -  93	93
2020-10-18 17:35:49 -  debug mode: for i = 1, 3 pegar o id: 141, fazer um select no banco pra pegar o nome onde contem o id: Dev Marson, converter para o 
2020-10-18 17:35:49 -  141	141
2020-10-18 17:35:49 -  debug mode: for i = 1, 3 pegar o id: 231, fazer um select no banco pra pegar o nome onde contem o id: Demonzin, converter para o 
2020-10-18 17:35:49 -  231	231
2020-10-18 17:35:49 -  aqui eu checkei o choiceID para atualizar o warmode temp1
2020-10-18 17:35:49 -  aqui eu checkei o choiceID para atualizar o warmode temp5
2020-10-18 17:35:49 -  debug mode: for i = 1, 3 pegar o id: 93, fazer um select no banco pra pegar o nome onde contem o id: Cassiano, converter para o 
2020-10-18 17:35:49 -  93	93
2020-10-18 17:35:49 -  debug mode: for i = 1, 3 pegar o id: 141, fazer um select no banco pra pegar o nome onde contem o id: Dev Marson, converter para o 
2020-10-18 17:35:49 -  141	141
2020-10-18 17:35:49 -  debug mode: for i = 1, 3 pegar o id: 231, fazer um select no banco pra pegar o nome onde contem o id: Demonzin, converter para o 
2020-10-18 17:35:49 -  231	231
2020-10-18 17:35:49 -  aqui eu checkei o choiceID para atualizar o warmode temp1
2020-10-18 17:35:49 -  debug mode: for i = 1, 3 pegar o id: 93, fazer um select no banco pra pegar o nome onde contem o id: Cassiano, converter para o 
2020-10-18 17:35:49 -  false	93
2020-10-18 17:35:49 -  debug mode: for i = 1, 3 pegar o id: 141, fazer um select no banco pra pegar o nome onde contem o id: Dev Marson, converter para o 
2020-10-18 17:35:49 -  141	141
2020-10-18 17:35:49 -  debug mode: for i = 1, 3 pegar o id: 231, fazer um select no banco pra pegar o nome onde contem o id: Demonzin, converter para o 
2020-10-18 17:35:49 -  231	231
2020-10-18 17:35:49 -  aqui eu checkei o choiceID para atualizar o warmode temp1
2020-10-18 17:35:49 -  debug mode: for i = 1, 3 pegar o id: 93, fazer um select no banco pra pegar o nome onde contem o id: Cassiano, converter para o 
2020-10-18 17:35:49 -  93	93
2020-10-18 17:35:51 -  debug mode: for i = 1, 3 pegar o id: 141, fazer um select no banco pra pegar o nome onde contem o id: Dev Marson, converter para o 
2020-10-18 17:35:51 -  141	141
2020-10-18 17:35:51 -  debug mode: for i = 1, 3 pegar o id: 231, fazer um select no banco pra pegar o nome onde contem o id: Demonzin, converter para o 
2020-10-18 17:35:51 -  231	231
2020-10-18 17:35:51 -  
2020-10-18 17:35:51 -  Lua Script Error: [CreatureScript Interface] 
2020-10-18 17:35:51 -  data/creaturescripts/scripts/warmode.lua:onModalWindow
2020-10-18 17:35:51 -  data/creaturescripts/scripts/warmode.lua:307: attempt to index local 'temp' (a nil value)
2020-10-18 17:35:51 -  stack traceback:
2020-10-18 17:35:51 -  	[C]: in function '__index'
2020-10-18 17:35:51 -  	data/creaturescripts/scripts/warmode.lua:307: in function <data/creaturescripts/scripts/warmode.lua:1>
2020-10-18 17:49:57 -  aqui eu checkei o choiceID para atualizar o warmode temp5
2020-10-18 17:49:57 -  debug mode: for i = 1, 3 pegar o id: 93, fazer um select no banco pra pegar o nome onde contem o id: Cassiano, converter para o 
2020-10-18 17:49:57 -  93	93
2020-10-18 17:49:57 -  debug mode: for i = 1, 3 pegar o id: 141, fazer um select no banco pra pegar o nome onde contem o id: Dev Marson, converter para o 
2020-10-18 17:49:57 -  141	141
2020-10-18 17:49:57 -  debug mode: for i = 1, 3 pegar o id: 231, fazer um select no banco pra pegar o nome onde contem o id: Demonzin, converter para o 
2020-10-18 17:49:57 -  231	231
2020-10-18 17:49:57 -  aqui eu checkei o choiceID para atualizar o warmode temp1
2020-10-18 17:49:57 -  debug mode: for i = 1, 3 pegar o id: 93, fazer um select no banco pra pegar o nome onde contem o id: Cassiano, converter para o 
2020-10-18 17:49:57 -  93	93
2020-10-18 17:49:57 -  debug mode: for i = 1, 3 pegar o id: 141, fazer um select no banco pra pegar o nome onde contem o id: Dev Marson, converter para o 
2020-10-18 17:49:57 -  141	141
2020-10-18 17:49:57 -  debug mode: for i = 1, 3 pegar o id: 231, fazer um select no banco pra pegar o nome onde contem o id: Demonzin, converter para o 
2020-10-18 17:49:57 -  231	231
2020-10-18 17:49:57 -  aqui eu checkei o choiceID para atualizar o warmode temp3
2020-10-18 17:49:57 -  debug mode: for i = 1, 3 pegar o id: 93, fazer um select no banco pra pegar o nome onde contem o id: Cassiano, converter para o 
2020-10-18 17:49:57 -  93	93
2020-10-18 17:49:57 -  debug mode: for i = 1, 3 pegar o id: 141, fazer um select no banco pra pegar o nome onde contem o id: Dev Marson, converter para o 
2020-10-18 17:49:57 -  141	141
2020-10-18 17:49:57 -  debug mode: for i = 1, 3 pegar o id: 231, fazer um select no banco pra pegar o nome onde contem o id: Demonzin, converter para o 
2020-10-18 17:49:57 -  231	231
2020-10-18 17:49:57 -  aqui eu checkei o choiceID para atualizar o warmode temp2
2020-10-18 17:49:57 -  debug mode: for i = 1, 3 pegar o id: 93, fazer um select no banco pra pegar o nome onde contem o id: Cassiano, converter para o 
2020-10-18 17:49:57 -  93	93
2020-10-18 17:49:57 -  debug mode: for i = 1, 3 pegar o id: 141, fazer um select no banco pra pegar o nome onde contem o id: Dev Marson, converter para o 
2020-10-18 17:49:57 -  141	141
2020-10-18 17:49:57 -  debug mode: for i = 1, 3 pegar o id: 231, fazer um select no banco pra pegar o nome onde contem o id: Demonzin, converter para o 
2020-10-18 17:49:57 -  231	231
2020-10-18 17:49:57 -  aqui eu checkei o choiceID para atualizar o warmode temp1
2020-10-18 17:49:57 -  [Castle War votacao aberta]
2020-10-18 17:49:57 -  > Broadcasted message: "[Castle War]: Foi iniciada a votação para decidir o objetivo do castelo que abre em alguns minutos. Use !castle1 para votar no objetivo (Dominar o castelo por mais tempo). Use !castle2 para votar no objetivo (Ultimo que dominar o castelo). Caso não haja votações, o objetivo será aleatorio.".
2020-10-18 17:49:57 -  > Broadcasted message: "[CastleWar] Atencao, O CASTELO esta aberto para batalha, junte-se com sua guild e  conquiste-o. O castelo encerra em 1 hora. Resultado das votacoes: First: 1 Second: 0 Resultado: (Dominar o castelo por mais tempo) foi escolhido".
2020-10-18 17:49:57 -  castleWar Encerrado
2020-10-18 17:49:57 -  aqui eu checkei o choiceID para atualizar o warmode temp1
2020-10-18 17:49:57 -  debug mode: for i = 1, 3 pegar o id: 93, fazer um select no banco pra pegar o nome onde contem o id: Cassiano, converter para o 
2020-10-18 17:49:57 -  93	93
2020-10-18 17:49:57 -  debug mode: for i = 1, 3 pegar o id: 141, fazer um select no banco pra pegar o nome onde contem o id: Dev Marson, converter para o 
2020-10-18 17:49:57 -  141	141
2020-10-18 17:49:57 -  debug mode: for i = 1, 3 pegar o id: 231, fazer um select no banco pra pegar o nome onde contem o id: Demonzin, converter para o 
2020-10-18 17:49:57 -  231	231
2020-10-18 17:49:57 -  aqui eu checkei o choiceID para atualizar o warmode temp1
2020-10-18 17:49:57 -  aqui eu checkei o choiceID para atualizar o warmode temp5
2020-10-18 17:49:57 -  debug mode: for i = 1, 3 pegar o id: 93, fazer um select no banco pra pegar o nome onde contem o id: Cassiano, converter para o 
2020-10-18 17:49:57 -  93	93
2020-10-18 17:49:57 -  debug mode: for i = 1, 3 pegar o id: 141, fazer um select no banco pra pegar o nome onde contem o id: Dev Marson, converter para o 
2020-10-18 17:49:57 -  141	141
2020-10-18 17:49:57 -  debug mode: for i = 1, 3 pegar o id: 231, fazer um select no banco pra pegar o nome onde contem o id: Demonzin, converter para o 
2020-10-18 17:49:57 -  231	231
2020-10-18 17:49:57 -  aqui eu checkei o choiceID para atualizar o warmode temp1
2020-10-18 17:49:57 -  debug mode: for i = 1, 3 pegar o id: 93, fazer um select no banco pra pegar o nome onde contem o id: Cassiano, converter para o 
2020-10-18 17:49:57 -  93	93
2020-10-18 17:49:57 -  debug mode: for i = 1, 3 pegar o id: 141, fazer um select no banco pra pegar o nome onde contem o id: Dev Marson, converter para o 
2020-10-18 17:49:57 -  141	141
2020-10-18 17:49:57 -  debug mode: for i = 1, 3 pegar o id: 231, fazer um select no banco pra pegar o nome onde contem o id: Demonzin, converter para o 
2020-10-18 17:49:57 -  231	231
2020-10-18 17:49:57 -  aqui eu checkei o choiceID para atualizar o warmode temp1
2020-10-18 17:49:57 -  Cassiano has logged out.
2020-10-18 17:49:59 -  Master has logged out.
2020-10-18 17:50:13 -  Master has logged in.
2020-10-18 17:50:14 -  Cassiano has logged in.
2020-10-18 17:55:09 -  Master has logged out.
2020-10-18 17:57:55 -  aqui eu checkei o choiceID para atualizar o warmode temp5
2020-10-18 17:57:55 -  debug mode: for i = 1, 3 pegar o id: 93, fazer um select no banco pra pegar o nome onde contem o id: Cassiano, converter para o 
2020-10-18 17:57:55 -  93	93
2020-10-18 17:57:55 -  debug mode: for i = 1, 3 pegar o id: 141, fazer um select no banco pra pegar o nome onde contem o id: Dev Marson, converter para o 
2020-10-18 17:57:55 -  141	141
2020-10-18 17:57:55 -  debug mode: for i = 1, 3 pegar o id: 231, fazer um select no banco pra pegar o nome onde contem o id: Demonzin, converter para o 
2020-10-18 17:57:55 -  231	231
2020-10-18 17:57:55 -  aqui eu checkei o choiceID para atualizar o warmode temp1
2020-10-18 17:57:55 -  debug mode: for i = 1, 3 pegar o id: 93, fazer um select no banco pra pegar o nome onde contem o id: Cassiano, converter para o 
2020-10-18 17:57:55 -  93	93
2020-10-18 17:57:55 -  debug mode: for i = 1, 3 pegar o id: 141, fazer um select no banco pra pegar o nome onde contem o id: Dev Marson, converter para o 
2020-10-18 17:57:55 -  141	141
2020-10-18 17:57:55 -  debug mode: for i = 1, 3 pegar o id: 231, fazer um select no banco pra pegar o nome onde contem o id: Demonzin, converter para o 
2020-10-18 17:57:55 -  231	231
2020-10-18 17:57:55 -  aqui eu checkei o choiceID para atualizar o warmode temp1
2020-10-18 17:57:55 -  > Broadcasted message: "The dragons of the Dragonblaze Mountains have descended to Zao to protect the lizardkin!".
2020-10-18 17:58:48 -  Cassiano has logged out.
2020-10-18 18:36:55 -  eu sou o checkWarmode... 18:00
2020-10-18 18:36:55 -  > Broadcasted message: "There seems to be a big gnarlhoud gang in Zao Steppe.".
2020-10-18 18:37:14 -  > Broadcasted message: "The gnarlhounds seem to multiply by the minute.".
2020-10-18 18:38:54 -  > Broadcasted message: "The gnarlhounds roam free in the Zao Steppe. Watch out!".
2020-10-18 18:50:23 -  Lady Tech has logged in.
2020-10-18 18:50:27 -  Lady Tech has logged out.
2020-10-18 18:50:30 -  Lady Tech has logged in.
2020-10-18 18:50:32 -  Lady Tech has logged out.
2020-10-18 18:50:35 -  Lord Tech has logged in.
2020-10-18 19:13:44 -  ip inválido
2020-10-18 19:13:44 -  ip inválido
2020-10-18 19:13:44 -  ip inválido
2020-10-18 19:13:44 -  ip inválido
2020-10-18 19:13:44 -  ip inválido
2020-10-18 19:13:44 -  ip inválido
2020-10-18 19:13:44 -  eu sou o checkWarmode... 19:00
2020-10-18 19:13:44 -  ip inválido
2020-10-18 19:13:44 -  ip inválido
2020-10-18 19:13:44 -  ip inválido
2020-10-18 19:13:44 -  ip inválido
2020-10-18 19:13:44 -  ip inválido
2020-10-18 19:13:44 -  ip inválido
2020-10-18 19:13:44 -  ip inválido
2020-10-18 19:13:44 -  ip inválido
2020-10-18 19:13:44 -  Dev Marson has logged out.
2020-10-18 20:13:55 -  ip inválido
2020-10-18 20:13:55 -  ip inválido
2020-10-18 20:13:55 -  ip inválido
2020-10-18 20:13:55 -  ip inválido
2020-10-18 20:13:55 -  ip inválido
2020-10-18 20:13:55 -  ip inválido
2020-10-18 20:13:55 -  ip inválido
2020-10-18 20:13:55 -  ip inválido
2020-10-18 20:13:55 -  ip inválido
2020-10-18 20:13:55 -  ip inválido
2020-10-18 20:13:55 -  ip inválido
2020-10-18 20:13:55 -  ip inválido
2020-10-18 20:13:55 -  ip inválido
2020-10-18 20:13:55 -  ip inválido
2020-10-18 20:13:55 -  ip inválido
2020-10-18 20:13:55 -  ip inválido
2020-10-18 20:13:55 -  ip inválido
2020-10-18 20:13:55 -  ip inválido
2020-10-18 20:13:55 -  ip inválido
2020-10-18 20:13:55 -  ip inválido
2020-10-18 20:13:55 -  ip inválido
2020-10-18 20:13:55 -  ip inválido
2020-10-18 20:13:55 -  ip inválido
2020-10-18 20:13:55 -  ip inválido
2020-10-18 20:13:55 -  ip inválido
2020-10-18 20:13:55 -  ip inválido
2020-10-18 20:13:55 -  ip inválido
2020-10-18 20:13:55 -  ip inválido
2020-10-18 20:13:55 -  ip inválido
2020-10-18 20:13:55 -  ip inválido
2020-10-18 20:13:55 -  ip inválido
2020-10-18 20:13:55 -  ip inválido
2020-10-18 20:13:55 -  ip inválido
2020-10-18 20:13:55 -  ip inválido
2020-10-18 20:13:55 -  ip inválido
2020-10-18 20:13:55 -  ip inválido
2020-10-18 20:13:55 -  ip inválido
2020-10-18 20:13:55 -  ip inválido
2020-10-18 20:13:55 -  ip inválido
2020-10-18 20:13:55 -  ip inválido
2020-10-18 20:13:55 -  ip inválido
2020-10-18 20:13:55 -  ip inválido
2020-10-18 20:13:55 -  ip inválido
2020-10-18 20:13:55 -  ip inválido
2020-10-18 20:13:55 -  eu sou o checkWarmode... 20:00
2020-10-18 20:13:55 -  ip inválido
2020-10-18 20:13:55 -  ip inválido
2020-10-18 20:13:55 -  ip inválido
2020-10-18 20:13:55 -  ip inválido
2020-10-18 20:13:55 -  ip inválido
2020-10-18 20:13:55 -  ip inválido
2020-10-18 20:13:55 -  ip inválido
2020-10-18 20:13:55 -  ip inválido
2020-10-18 20:13:55 -  ip inválido
2020-10-18 20:13:55 -  ip inválido
2020-10-18 20:13:55 -  ip inválido
2020-10-18 20:13:55 -  ip inválido
2020-10-18 20:13:55 -  > Broadcasted message: "Let da mashing begin! Cyclops riot east of Thais.".
2020-10-18 20:14:09 -  ip inválido
2020-10-18 20:14:09 -  
2020-10-18 20:14:09 -  Lua Script Error: [GlobalEvent Interface] 
2020-10-18 20:14:09 -  data/globalevents/scripts/bosses/Abyssador.lua:onThink
2020-10-18 20:14:09 -  data/lib/rewardboss.lua:8: Rewards can only be enabled to rewards bosses.
2020-10-18 20:14:09 -  stack traceback:
2020-10-18 20:14:09 -  	[C]: at 0x00602980
2020-10-18 20:14:09 -  	[C]: in function 'error'
2020-10-18 20:14:09 -  	data/lib/rewardboss.lua:8: in function 'setReward'
2020-10-18 20:14:09 -  	data/globalevents/scripts/bosses/Abyssador.lua:28: in function <data/globalevents/scripts/bosses/Abyssador.lua:21>
2020-10-18 20:14:09 -  [Error - GlobalEvents::think] Failed to execute event: Abyssador
2020-10-18 20:14:09 -  
2020-10-18 20:14:09 -  Lua Script Error: [GlobalEvent Interface] 
2020-10-18 20:14:09 -  data/globalevents/scripts/bosses/Deathstrike.lua:onThink
2020-10-18 20:14:09 -  data/lib/rewardboss.lua:8: Rewards can only be enabled to rewards bosses.
2020-10-18 20:14:09 -  stack traceback:
2020-10-18 20:14:09 -  	[C]: at 0x00602980
2020-10-18 20:14:09 -  	[C]: in function 'error'
2020-10-18 20:14:09 -  	data/lib/rewardboss.lua:8: in function 'setReward'
2020-10-18 20:14:09 -  	data/globalevents/scripts/bosses/Deathstrike.lua:28: in function <data/globalevents/scripts/bosses/Deathstrike.lua:21>
2020-10-18 20:14:09 -  [Error - GlobalEvents::think] Failed to execute event: Deathstrike
2020-10-18 20:14:09 -  
2020-10-18 20:14:09 -  Lua Script Error: [GlobalEvent Interface] 
2020-10-18 20:14:09 -  data/globalevents/scripts/bosses/Gnomevil.lua:onThink
2020-10-18 20:14:09 -  data/lib/rewardboss.lua:8: Rewards can only be enabled to rewards bosses.
2020-10-18 20:14:09 -  stack traceback:
2020-10-18 20:14:09 -  	[C]: at 0x00602980
2020-10-18 20:14:09 -  	[C]: in function 'error'
2020-10-18 20:14:09 -  	data/lib/rewardboss.lua:8: in function 'setReward'
2020-10-18 20:14:09 -  	data/globalevents/scripts/bosses/Gnomevil.lua:28: in function <data/globalevents/scripts/bosses/Gnomevil.lua:21>
2020-10-18 20:14:09 -  [Error - GlobalEvents::think] Failed to execute event: Gnomevil
2020-10-18 23:14:09 -  ip inválido
2020-10-18 23:14:09 -  ip inválido
2020-10-18 23:14:09 -  ip inválido
2020-10-18 23:14:09 -  ip inválido
2020-10-18 23:14:09 -  ip inválido
2020-10-18 23:14:09 -  ip inválido
2020-10-18 23:14:09 -  ip inválido
2020-10-18 23:14:09 -  ip inválido
2020-10-18 23:14:09 -  ip inválido
2020-10-18 23:14:09 -  ip inválido
2020-10-18 23:14:09 -  ip inválido
2020-10-18 23:14:09 -  ip inválido
2020-10-18 23:14:09 -  ip inválido
2020-10-18 23:14:09 -  ip inválido
2020-10-18 23:14:09 -  ip inválido
2020-10-18 23:14:09 -  ip inválido
2020-10-18 23:14:09 -  ip inválido
2020-10-18 23:14:09 -  ip inválido
2020-10-18 23:14:09 -  ip inválido
2020-10-18 23:14:09 -  ip inválido
2020-10-18 23:14:09 -  ip inválido
2020-10-18 23:14:09 -  ip inválido
2020-10-18 23:14:09 -  ip inválido
2020-10-18 23:14:09 -  ip inválido
2020-10-18 23:14:09 -  ip inválido
2020-10-18 23:14:09 -  ip inválido
2020-10-18 23:14:09 -  ip inválido
2020-10-18 23:14:09 -  ip inválido
2020-10-18 23:14:09 -  ip inválido
2020-10-18 23:14:09 -  ip inválido
2020-10-18 23:14:09 -  ip inválido
2020-10-18 23:14:09 -  ip inválido
2020-10-18 23:14:09 -  ip inválido
2020-10-18 23:14:09 -  ip inválido
2020-10-18 23:14:09 -  ip inválido
2020-10-18 23:14:09 -  ip inválido
2020-10-18 23:14:09 -  ip inválido
2020-10-18 23:14:09 -  ip inválido
2020-10-18 23:14:09 -  eu sou o checkWarmode... 21:00
2020-10-18 23:14:09 -  ip inválido
2020-10-18 23:14:09 -  ip inválido
2020-10-18 23:14:09 -  ip inválido
2020-10-18 23:14:09 -  ip inválido
2020-10-18 23:14:09 -  ip inválido
2020-10-18 23:14:09 -  ip inválido
2020-10-18 23:14:09 -  ip inválido
2020-10-18 23:14:09 -  ip inválido
2020-10-18 23:14:09 -  ip inválido
2020-10-18 23:14:09 -  ip inválido
2020-10-18 23:14:09 -  ip inválido
2020-10-18 23:14:09 -  ip inválido
2020-10-18 23:14:09 -  ip inválido
2020-10-18 23:14:09 -  ip inválido
2020-10-18 23:14:09 -  ip inválido
2020-10-18 23:14:09 -  ip inválido
2020-10-18 23:14:09 -  ip inválido
2020-10-18 23:14:09 -  ip inválido
2020-10-18 23:14:09 -  ip inválido
2020-10-18 23:14:09 -  ip inválido
2020-10-18 23:14:09 -  ip inválido
2020-10-18 23:14:09 -  ip inválido
2020-10-18 23:14:09 -  ip inválido
2020-10-18 23:14:09 -  ip inválido
2020-10-18 23:14:09 -  ip inválido
2020-10-18 23:14:09 -  ip inválido
2020-10-18 23:14:09 -  ip inválido
2020-10-18 23:14:09 -  ip inválido
2020-10-18 23:14:09 -  ip inválido
2020-10-18 23:14:09 -  ip inválido
2020-10-18 23:14:09 -  ip inválido
2020-10-18 23:14:09 -  ip inválido
2020-10-18 23:14:09 -  ip inválido
2020-10-18 23:14:09 -  ip inválido
2020-10-18 23:14:09 -  ip inválido
2020-10-18 23:14:09 -  ip inválido
2020-10-18 23:14:09 -  ip inválido
2020-10-18 23:14:09 -  ip inválido
2020-10-18 23:14:09 -  ip inválido
2020-10-18 23:14:09 -  ip inválido
2020-10-18 23:14:09 -  ip inválido
2020-10-18 23:14:09 -  ip inválido
2020-10-18 23:14:09 -  ip inválido
2020-10-18 23:14:09 -  ip inválido
2020-10-18 23:14:09 -  ip inválido
2020-10-18 23:14:09 -  ip inválido
2020-10-18 23:14:09 -  ip inválido
2020-10-18 23:14:09 -  ip inválido
2020-10-18 23:14:09 -  ip inválido
2020-10-18 23:14:09 -  ip inválido
2020-10-18 23:14:09 -  ip inválido
2020-10-18 23:14:09 -  ip inválido
2020-10-18 23:14:09 -  ip inválido
2020-10-18 23:14:09 -  ip inválido
2020-10-18 23:14:09 -  ip inválido
2020-10-18 23:14:09 -  ip inválido
2020-10-18 23:14:09 -  ip inválido
2020-10-18 23:14:09 -  ip inválido
2020-10-18 23:14:09 -  ip inválido
2020-10-18 23:14:09 -  ip inválido
2020-10-18 23:14:09 -  eu sou o checkWarmode... 22:00
2020-10-18 23:14:09 -  ip inválido
2020-10-18 23:14:09 -  ip inválido
2020-10-18 23:14:09 -  ip inválido
2020-10-18 23:14:09 -  ip inválido
2020-10-18 23:14:09 -  ip inválido
2020-10-18 23:14:09 -  ip inválido
2020-10-18 23:14:09 -  ip inválido
2020-10-18 23:14:09 -  ip inválido
2020-10-18 23:14:09 -  ip inválido
2020-10-18 23:14:09 -  ip inválido
2020-10-18 23:14:09 -  ip inválido
2020-10-18 23:14:09 -  ip inválido
2020-10-18 23:14:09 -  ip inválido
2020-10-18 23:14:09 -  ip inválido
2020-10-18 23:14:09 -  ip inválido
2020-10-18 23:14:09 -  ip inválido
2020-10-18 23:14:09 -  ip inválido
2020-10-18 23:14:09 -  ip inválido
2020-10-18 23:14:09 -  ip inválido
2020-10-18 23:14:09 -  ip inválido
2020-10-18 23:14:09 -  ip inválido
2020-10-18 23:14:09 -  ip inválido
2020-10-18 23:14:09 -  ip inválido
2020-10-18 23:14:09 -  ip inválido
2020-10-18 23:14:09 -  ip inválido
2020-10-18 23:14:09 -  ip inválido
2020-10-18 23:14:09 -  ip inválido
2020-10-18 23:14:09 -  ip inválido
2020-10-18 23:14:09 -  ip inválido
2020-10-18 23:14:09 -  ip inválido
2020-10-18 23:14:09 -  ip inválido
2020-10-18 23:14:09 -  ip inválido
2020-10-18 23:14:09 -  ip inválido
2020-10-18 23:14:09 -  ip inválido
2020-10-18 23:14:09 -  ip inválido
2020-10-18 23:14:09 -  ip inválido
2020-10-18 23:14:09 -  ip inválido
2020-10-18 23:14:09 -  ip inválido
2020-10-18 23:14:09 -  ip inválido
2020-10-18 23:14:09 -  ip inválido
2020-10-18 23:14:09 -  ip inválido
2020-10-18 23:14:09 -  ip inválido
2020-10-18 23:14:09 -  ip inválido
2020-10-18 23:14:09 -  ip inválido
2020-10-18 23:14:09 -  ip inválido
2020-10-18 23:14:09 -  ip inválido
2020-10-18 23:14:09 -  ip inválido
2020-10-18 23:14:09 -  ip inválido
2020-10-18 23:14:09 -  ip inválido
2020-10-18 23:14:09 -  ip inválido
2020-10-18 23:14:09 -  ip inválido
2020-10-18 23:14:09 -  ip inválido
2020-10-18 23:14:09 -  ip inválido
2020-10-18 23:14:09 -  ip inválido
2020-10-18 23:14:09 -  ip inválido
2020-10-18 23:14:09 -  ip inválido
2020-10-18 23:14:09 -  ip inválido
2020-10-18 23:14:09 -  ip inválido
2020-10-18 23:14:09 -  ip inválido
2020-10-18 23:14:09 -  ip inválido
2020-10-18 23:14:09 -  eu sou o checkWarmode... 23:00
2020-10-18 23:14:09 -  ip inválido
2020-10-18 23:14:09 -  ip inválido
2020-10-18 23:14:09 -  ip inválido
2020-10-18 23:14:09 -  ip inválido
2020-10-18 23:14:09 -  ip inválido
2020-10-18 23:14:09 -  ip inválido
2020-10-18 23:14:09 -  ip inválido
2020-10-18 23:14:09 -  ip inválido
2020-10-18 23:14:09 -  ip inválido
2020-10-18 23:14:09 -  ip inválido
2020-10-18 23:14:09 -  ip inválido
2020-10-18 23:14:09 -  ip inválido
2020-10-18 23:14:09 -  ip inválido
2020-10-18 23:14:09 -  ip inválido
2020-10-18 23:14:09 -  
2020-10-18 23:14:09 -  Lua Script Error: [GlobalEvent Interface] 
2020-10-18 23:14:09 -  data/globalevents/scripts/Ghulosh.lua:onThink
2020-10-18 23:14:09 -  data/globalevents/scripts/Ghulosh.lua:34: attempt to index local 'boss' (a nil value)
2020-10-18 23:14:09 -  stack traceback:
2020-10-18 23:14:09 -  	[C]: in function '__index'
2020-10-18 23:14:09 -  	data/globalevents/scripts/Ghulosh.lua:34: in function <data/globalevents/scripts/Ghulosh.lua:21>
2020-10-18 23:14:09 -  [Error - GlobalEvents::think] Failed to execute event: Ghulosh
2020-10-18 23:14:09 -  
2020-10-18 23:14:09 -  Lua Script Error: [GlobalEvent Interface] 
2020-10-18 23:14:09 -  data/globalevents/scripts/Gorzindel.lua:onThink
2020-10-18 23:14:09 -  data/globalevents/scripts/Gorzindel.lua:34: attempt to index local 'boss' (a nil value)
2020-10-18 23:14:09 -  stack traceback:
2020-10-18 23:14:09 -  	[C]: in function '__index'
2020-10-18 23:14:09 -  	data/globalevents/scripts/Gorzindel.lua:34: in function <data/globalevents/scripts/Gorzindel.lua:21>
2020-10-18 23:14:09 -  [Error - GlobalEvents::think] Failed to execute event: Gorzindel
2020-10-18 23:14:09 -  
2020-10-18 23:14:09 -  Lua Script Error: [GlobalEvent Interface] 
2020-10-18 23:14:09 -  data/globalevents/scripts/Lokathmor.lua:onThink
2020-10-18 23:14:09 -  data/globalevents/scripts/Lokathmor.lua:34: attempt to index local 'boss' (a nil value)
2020-10-18 23:14:09 -  stack traceback:
2020-10-18 23:14:09 -  	[C]: in function '__index'
2020-10-18 23:14:09 -  	data/globalevents/scripts/Lokathmor.lua:34: in function <data/globalevents/scripts/Lokathmor.lua:21>
2020-10-18 23:14:09 -  [Error - GlobalEvents::think] Failed to execute event: Lokathmor
2020-10-18 23:14:09 -  
2020-10-18 23:14:09 -  Lua Script Error: [GlobalEvent Interface] 
2020-10-18 23:14:09 -  data/globalevents/scripts/Mazzinor.lua:onThink
2020-10-18 23:14:09 -  data/globalevents/scripts/Mazzinor.lua:34: attempt to index local 'boss' (a nil value)
2020-10-18 23:14:09 -  stack traceback:
2020-10-18 23:14:09 -  	[C]: in function '__index'
2020-10-18 23:14:09 -  	data/globalevents/scripts/Mazzinor.lua:34: in function <data/globalevents/scripts/Mazzinor.lua:21>
2020-10-18 23:14:09 -  [Error - GlobalEvents::think] Failed to execute event: Mazzinor
2020-10-18 23:14:09 -  [Warning - Monsters::loadMonster] Non-unique loot item "Giant Sapphire". 
2020-10-18 23:14:09 -  [Warning - Monsters::loadMonster] Cant load loot. data/monster/Secret Library/the scourge of oblivion.xml
2020-10-18 23:14:09 -  [Warning - Monsters::loadMonster] Non-unique loot item "Collar of Blue Plasma". 
2020-10-18 23:14:09 -  [Warning - Monsters::loadMonster] Cant load loot. data/monster/Secret Library/the scourge of oblivion.xml
2020-10-18 23:14:09 -  [Warning - Monsters::loadMonster] Non-unique loot item "Giant Shimmering Pearl". 
2020-10-18 23:14:09 -  [Warning - Monsters::loadMonster] Cant load loot. data/monster/Secret Library/the scourge of oblivion.xml
2020-10-18 23:14:09 -  [Warning - Monsters::loadMonster] Unknown loot item "The Calamity". 
2020-10-18 23:14:09 -  [Warning - Monsters::loadMonster] Cant load loot. data/monster/Secret Library/the scourge of oblivion.xml
2020-10-18 23:14:09 -  
2020-10-18 23:14:09 -  Lua Script Error: [GlobalEvent Interface] 
2020-10-18 23:14:09 -  data/globalevents/scripts/The Scourge Of Oblivion.lua:onThink
2020-10-18 23:14:09 -  data/globalevents/scripts/The Scourge Of Oblivion.lua:34: attempt to index local 'boss' (a nil value)
2020-10-18 23:14:09 -  stack traceback:
2020-10-18 23:14:09 -  	[C]: in function '__index'
2020-10-18 23:14:09 -  	data/globalevents/scripts/The Scourge Of Oblivion.lua:34: in function <data/globalevents/scripts/The Scourge Of Oblivion.lua:21>
2020-10-18 23:14:09 -  [Error - GlobalEvents::think] Failed to execute event: The Scourge Of Oblivion
2020-10-18 23:58:55 -  ip inválido
2020-10-18 23:58:55 -  ip inválido
2020-10-18 23:58:55 -  ip inválido
2020-10-18 23:58:55 -  ip inválido
2020-10-18 23:58:55 -  ip inválido
2020-10-18 23:58:55 -  ip inválido
2020-10-18 23:58:55 -  ip inválido
2020-10-18 23:58:55 -  ip inválido
2020-10-18 23:58:55 -  ip inválido
2020-10-18 23:58:55 -  ip inválido
2020-10-18 23:58:55 -  ip inválido
2020-10-18 23:58:55 -  ip inválido
2020-10-18 23:58:55 -  ip inválido
2020-10-18 23:58:55 -  ip inválido
2020-10-18 23:58:55 -  ip inválido
2020-10-18 23:58:55 -  ip inválido
2020-10-18 23:58:55 -  ip inválido
2020-10-18 23:58:55 -  ip inválido
2020-10-18 23:58:55 -  ip inválido
2020-10-18 23:58:55 -  ip inválido
2020-10-18 23:58:55 -  ip inválido
2020-10-18 23:58:55 -  ip inválido
2020-10-18 23:58:55 -  ip inválido
2020-10-18 23:58:55 -  ip inválido
2020-10-18 23:58:55 -  ip inválido
2020-10-18 23:58:55 -  ip inválido
2020-10-18 23:58:55 -  ip inválido
2020-10-18 23:58:55 -  ip inválido
2020-10-18 23:58:55 -  ip inválido
2020-10-18 23:58:55 -  ip inválido
2020-10-18 23:58:55 -  ip inválido
2020-10-18 23:58:55 -  ip inválido
2020-10-18 23:58:55 -  ip inválido
2020-10-18 23:58:55 -  ip inválido
2020-10-18 23:58:55 -  ip inválido
2020-10-18 23:58:55 -  ip inválido
2020-10-18 23:58:55 -  ip inválido
2020-10-18 23:58:55 -  ip inválido
2020-10-18 23:58:55 -  ip inválido
2020-10-18 23:58:55 -  ip inválido
2020-10-18 23:58:55 -  ip inválido
2020-10-18 23:58:55 -  ip inválido
2020-10-18 23:58:55 -  ip inválido
2020-10-18 23:58:55 -  ip inválido
2020-10-18 23:58:55 -  > Broadcasted message: "Bonebeasts are rattling down in the Ankrahmun Dipthrah tombs.".
2020-10-18 23:59:14 -  ip inválido
2020-10-18 23:59:14 -  > Broadcasted message: "Bonebeasts roaming around in the Ankrahmun Dipthrah tombs.".
2020-10-19 03:51:55 -  ip inválido
2020-10-19 03:51:55 -  eu sou o checkWarmode... 00:00
2020-10-19 03:51:55 -  ip inválido
2020-10-19 03:51:55 -  ip inválido
2020-10-19 03:51:55 -  ip inválido
2020-10-19 03:51:55 -  ip inválido
2020-10-19 03:51:55 -  ip inválido
2020-10-19 03:51:55 -  ip inválido
2020-10-19 03:51:55 -  ip inválido
2020-10-19 03:51:55 -  ip inválido
2020-10-19 03:51:55 -  ip inválido
2020-10-19 03:51:55 -  ip inválido
2020-10-19 03:51:55 -  ip inválido
2020-10-19 03:51:55 -  ip inválido
2020-10-19 03:51:55 -  ip inválido
2020-10-19 03:51:55 -  ip inválido
2020-10-19 03:51:55 -  ip inválido
2020-10-19 03:51:55 -  ip inválido
2020-10-19 03:51:55 -  ip inválido
2020-10-19 03:51:55 -  ip inválido
2020-10-19 03:51:55 -  ip inválido
2020-10-19 03:51:55 -  ip inválido
2020-10-19 03:51:55 -  ip inválido
2020-10-19 03:51:55 -  ip inválido
2020-10-19 03:51:55 -  ip inválido
2020-10-19 03:51:55 -  ip inválido
2020-10-19 03:51:55 -  ip inválido
2020-10-19 03:51:55 -  ip inválido
2020-10-19 03:51:55 -  ip inválido
2020-10-19 03:51:55 -  ip inválido
2020-10-19 03:51:55 -  ip inválido
2020-10-19 03:51:55 -  ip inválido
2020-10-19 03:51:55 -  ip inválido
2020-10-19 03:51:55 -  ip inválido
2020-10-19 03:51:55 -  ip inválido
2020-10-19 03:51:55 -  ip inválido
2020-10-19 03:51:55 -  ip inválido
2020-10-19 03:51:55 -  ip inválido
2020-10-19 03:51:55 -  ip inválido
2020-10-19 03:51:55 -  ip inválido
2020-10-19 03:51:55 -  ip inválido
2020-10-19 03:51:55 -  ip inválido
2020-10-19 03:51:55 -  ip inválido
2020-10-19 03:51:55 -  ip inválido
2020-10-19 03:51:55 -  ip inválido
2020-10-19 03:51:55 -  ip inválido
2020-10-19 03:51:55 -  ip inválido
2020-10-19 03:51:55 -  ip inválido
2020-10-19 03:51:55 -  ip inválido
2020-10-19 03:51:55 -  ip inválido
2020-10-19 03:51:55 -  ip inválido
2020-10-19 03:51:55 -  ip inválido
2020-10-19 03:51:55 -  ip inválido
2020-10-19 03:51:55 -  ip inválido
2020-10-19 03:51:55 -  ip inválido
2020-10-19 03:51:55 -  ip inválido
2020-10-19 03:51:55 -  ip inválido
2020-10-19 03:51:55 -  ip inválido
2020-10-19 03:51:55 -  ip inválido
2020-10-19 03:51:55 -  ip inválido
2020-10-19 03:51:55 -  ip inválido
2020-10-19 03:51:55 -  ip inválido
2020-10-19 03:51:55 -  eu sou o checkWarmode... 01:00
2020-10-19 03:51:55 -  ip inválido
2020-10-19 03:51:55 -  ip inválido
2020-10-19 03:51:55 -  ip inválido
2020-10-19 03:51:55 -  ip inválido
2020-10-19 03:51:55 -  ip inválido
2020-10-19 03:51:55 -  ip inválido
2020-10-19 03:51:55 -  ip inválido
2020-10-19 03:51:55 -  ip inválido
2020-10-19 03:51:55 -  ip inválido
2020-10-19 03:51:55 -  ip inválido
2020-10-19 03:51:55 -  ip inválido
2020-10-19 03:51:55 -  ip inválido
2020-10-19 03:51:55 -  ip inválido
2020-10-19 03:51:55 -  ip inválido
2020-10-19 03:51:55 -  ip inválido
2020-10-19 03:51:55 -  ip inválido
2020-10-19 03:51:55 -  ip inválido
2020-10-19 03:51:55 -  ip inválido
2020-10-19 03:51:55 -  ip inválido
2020-10-19 03:51:55 -  ip inválido
2020-10-19 03:51:55 -  ip inválido
2020-10-19 03:51:55 -  ip inválido
2020-10-19 03:51:55 -  ip inválido
2020-10-19 03:51:55 -  ip inválido
2020-10-19 03:51:55 -  ip inválido
2020-10-19 03:51:55 -  ip inválido
2020-10-19 03:51:55 -  ip inválido
2020-10-19 03:51:55 -  ip inválido
2020-10-19 03:51:55 -  ip inválido
2020-10-19 03:51:55 -  ip inválido
2020-10-19 03:51:55 -  ip inválido
2020-10-19 03:51:55 -  ip inválido
2020-10-19 03:51:55 -  ip inválido
2020-10-19 03:51:55 -  ip inválido
2020-10-19 03:51:55 -  ip inválido
2020-10-19 03:51:55 -  ip inválido
2020-10-19 03:51:55 -  ip inválido
2020-10-19 03:51:55 -  ip inválido
2020-10-19 03:51:55 -  ip inválido
2020-10-19 03:51:55 -  ip inválido
2020-10-19 03:51:55 -  ip inválido
2020-10-19 03:51:55 -  ip inválido
2020-10-19 03:51:55 -  ip inválido
2020-10-19 03:51:55 -  ip inválido
2020-10-19 03:51:55 -  ip inválido
2020-10-19 03:51:55 -  ip inválido
2020-10-19 03:51:55 -  ip inválido
2020-10-19 03:51:55 -  ip inválido
2020-10-19 03:51:55 -  ip inválido
2020-10-19 03:51:55 -  ip inválido
2020-10-19 03:51:55 -  ip inválido
2020-10-19 03:51:55 -  ip inválido
2020-10-19 03:51:55 -  ip inválido
2020-10-19 03:51:55 -  ip inválido
2020-10-19 03:51:55 -  ip inválido
2020-10-19 03:51:55 -  ip inválido
2020-10-19 03:51:55 -  ip inválido
2020-10-19 03:51:55 -  ip inválido
2020-10-19 03:51:55 -  ip inválido
2020-10-19 03:51:55 -  ip inválido
2020-10-19 03:51:55 -  eu sou o checkWarmode... 02:00
2020-10-19 03:51:55 -  ip inválido
2020-10-19 03:51:55 -  ip inválido
2020-10-19 03:51:55 -  ip inválido
2020-10-19 03:51:55 -  ip inválido
2020-10-19 03:51:55 -  ip inválido
2020-10-19 03:51:55 -  ip inválido
2020-10-19 03:51:55 -  ip inválido
2020-10-19 03:51:55 -  ip inválido
2020-10-19 03:51:55 -  ip inválido
2020-10-19 03:51:55 -  ip inválido
2020-10-19 03:51:55 -  ip inválido
2020-10-19 03:51:55 -  ip inválido
2020-10-19 03:51:55 -  ip inválido
2020-10-19 03:51:55 -  ip inválido
2020-10-19 03:51:55 -  ip inválido
2020-10-19 03:51:55 -  ip inválido
2020-10-19 03:51:55 -  ip inválido
2020-10-19 03:51:55 -  ip inválido
2020-10-19 03:51:55 -  ip inválido
2020-10-19 03:51:55 -  ip inválido
2020-10-19 03:51:55 -  ip inválido
2020-10-19 03:51:55 -  ip inválido
2020-10-19 03:51:55 -  ip inválido
2020-10-19 03:51:55 -  ip inválido
2020-10-19 03:51:55 -  ip inválido
2020-10-19 03:51:55 -  ip inválido
2020-10-19 03:51:55 -  ip inválido
2020-10-19 03:51:55 -  ip inválido
2020-10-19 03:51:55 -  ip inválido
2020-10-19 03:51:55 -  ip inválido
2020-10-19 03:51:55 -  ip inválido
2020-10-19 03:51:55 -  ip inválido
2020-10-19 03:51:55 -  ip inválido
2020-10-19 03:51:55 -  ip inválido
2020-10-19 03:51:55 -  ip inválido
2020-10-19 03:51:55 -  ip inválido
2020-10-19 03:51:55 -  ip inválido
2020-10-19 03:51:55 -  ip inválido
2020-10-19 03:51:55 -  ip inválido
2020-10-19 03:51:55 -  ip inválido
2020-10-19 03:51:55 -  ip inválido
2020-10-19 03:51:55 -  ip inválido
2020-10-19 03:51:55 -  ip inválido
2020-10-19 03:51:55 -  ip inválido
2020-10-19 03:51:55 -  ip inválido
2020-10-19 03:51:55 -  ip inválido
2020-10-19 03:51:55 -  ip inválido
2020-10-19 03:51:55 -  ip inválido
2020-10-19 03:51:55 -  ip inválido
2020-10-19 03:51:55 -  ip inválido
2020-10-19 03:51:55 -  ip inválido
2020-10-19 03:51:55 -  ip inválido
2020-10-19 03:51:55 -  ip inválido
2020-10-19 03:51:55 -  ip inválido
2020-10-19 03:51:55 -  ip inválido
2020-10-19 03:51:55 -  ip inválido
2020-10-19 03:51:55 -  ip inválido
2020-10-19 03:51:55 -  ip inválido
2020-10-19 03:51:55 -  ip inválido
2020-10-19 03:51:55 -  ip inválido
2020-10-19 03:51:55 -  eu sou o checkWarmode... 03:00
2020-10-19 03:51:55 -  ip inválido
2020-10-19 03:51:55 -  ip inválido
2020-10-19 03:51:55 -  ip inválido
2020-10-19 03:51:55 -  ip inválido
2020-10-19 03:51:55 -  ip inválido
2020-10-19 03:51:55 -  ip inválido
2020-10-19 03:51:55 -  ip inválido
2020-10-19 03:51:55 -  ip inválido
2020-10-19 03:51:55 -  ip inválido
2020-10-19 03:51:55 -  ip inválido
2020-10-19 03:51:55 -  ip inválido
2020-10-19 03:51:55 -  ip inválido
2020-10-19 03:51:55 -  ip inválido
2020-10-19 03:51:55 -  ip inválido
2020-10-19 03:51:55 -  ip inválido
2020-10-19 03:51:55 -  ip inválido
2020-10-19 03:51:55 -  ip inválido
2020-10-19 03:51:55 -  ip inválido
2020-10-19 03:51:55 -  ip inválido
2020-10-19 03:51:55 -  ip inválido
2020-10-19 03:51:55 -  ip inválido
2020-10-19 03:51:55 -  ip inválido
2020-10-19 03:51:55 -  ip inválido
2020-10-19 03:51:55 -  ip inválido
2020-10-19 03:51:55 -  ip inválido
2020-10-19 03:51:55 -  ip inválido
2020-10-19 03:51:55 -  ip inválido
2020-10-19 03:51:55 -  ip inválido
2020-10-19 03:51:55 -  ip inválido
2020-10-19 03:51:55 -  ip inválido
2020-10-19 03:51:55 -  ip inválido
2020-10-19 03:51:55 -  ip inválido
2020-10-19 03:51:55 -  ip inválido
2020-10-19 03:51:55 -  ip inválido
2020-10-19 03:51:55 -  ip inválido
2020-10-19 03:51:55 -  ip inválido
2020-10-19 03:51:55 -  ip inválido
2020-10-19 03:51:55 -  ip inválido
2020-10-19 03:51:55 -  ip inválido
2020-10-19 03:51:55 -  ip inválido
2020-10-19 03:51:55 -  ip inválido
2020-10-19 03:51:55 -  ip inválido
2020-10-19 03:51:55 -  ip inválido
2020-10-19 03:51:55 -  ip inválido
2020-10-19 03:51:55 -  ip inválido
2020-10-19 03:51:55 -  ip inválido
2020-10-19 03:51:55 -  ip inválido
2020-10-19 03:51:55 -  ip inválido
2020-10-19 03:51:55 -  ip inválido
2020-10-19 03:51:55 -  ip inválido
2020-10-19 03:51:55 -  ip inválido
2020-10-19 03:51:55 -  > Broadcasted message: "Beware! Mawhawk!".
2020-10-19 05:05:00 -  ip inválido
2020-10-19 05:05:00 -  ip inválido
2020-10-19 05:05:00 -  ip inválido
2020-10-19 05:05:00 -  ip inválido
2020-10-19 05:05:00 -  ip inválido
2020-10-19 05:05:00 -  ip inválido
2020-10-19 05:05:00 -  ip inválido
2020-10-19 05:05:00 -  ip inválido
2020-10-19 05:05:00 -  ip inválido
2020-10-19 05:05:00 -  eu sou o checkWarmode... 04:00
2020-10-19 05:05:00 -  ip inválido
2020-10-19 05:05:00 -  ip inválido
2020-10-19 05:05:00 -  ip inválido
2020-10-19 05:05:00 -  ip inválido
2020-10-19 05:05:00 -  ip inválido
2020-10-19 05:05:00 -  ip inválido
2020-10-19 05:05:00 -  ip inválido
2020-10-19 05:05:00 -  ip inválido
2020-10-19 05:05:00 -  ip inválido
2020-10-19 05:05:00 -  ip inválido
2020-10-19 05:05:00 -  ip inválido
2020-10-19 05:05:00 -  ip inválido
2020-10-19 05:05:00 -  ip inválido
2020-10-19 05:05:00 -  ip inválido
2020-10-19 05:05:00 -  ip inválido
2020-10-19 05:05:00 -  ip inválido
2020-10-19 05:05:00 -  ip inválido
2020-10-19 05:05:00 -  ip inválido
2020-10-19 05:05:00 -  ip inválido
2020-10-19 05:05:00 -  ip inválido
2020-10-19 05:05:00 -  ip inválido
2020-10-19 05:05:00 -  ip inválido
2020-10-19 05:05:00 -  ip inválido
2020-10-19 05:05:00 -  ip inválido
2020-10-19 05:05:00 -  ip inválido
2020-10-19 05:05:00 -  ip inválido
2020-10-19 05:05:00 -  ip inválido
2020-10-19 05:05:00 -  ip inválido
2020-10-19 05:05:00 -  ip inválido
2020-10-19 05:05:00 -  ip inválido
2020-10-19 05:05:00 -  ip inválido
2020-10-19 05:05:00 -  ip inválido
2020-10-19 05:05:00 -  ip inválido
2020-10-19 05:05:00 -  ip inválido
2020-10-19 05:05:00 -  ip inválido
2020-10-19 05:05:00 -  ip inválido
2020-10-19 05:05:00 -  ip inválido
2020-10-19 05:05:00 -  ip inválido
2020-10-19 05:05:00 -  ip inválido
2020-10-19 05:05:00 -  ip inválido
2020-10-19 05:05:00 -  ip inválido
2020-10-19 05:05:00 -  ip inválido
2020-10-19 05:05:00 -  ip inválido
2020-10-19 05:05:00 -  ip inválido
2020-10-19 05:05:00 -  ip inválido
2020-10-19 05:05:00 -  ip inválido
2020-10-19 05:05:00 -  ip inválido
2020-10-19 05:05:00 -  ip inválido
2020-10-19 05:05:00 -  ip inválido
2020-10-19 05:05:00 -  ip inválido
2020-10-19 05:05:00 -  ip inválido
2020-10-19 05:05:00 -  ip inválido
2020-10-19 05:05:00 -  ip inválido
2020-10-19 05:05:00 -  ip inválido
2020-10-19 05:05:00 -  ip inválido
2020-10-19 05:05:00 -  ip inválido
2020-10-19 05:05:00 -  ip inválido
2020-10-19 05:05:00 -  ip inválido
2020-10-19 05:05:00 -  ip inválido
2020-10-19 05:05:00 -  ip inválido
2020-10-19 05:05:00 -  eu sou o checkWarmode... 05:00
2020-10-19 05:05:00 -  ip inválido
2020-10-19 05:05:00 -  ip inválido
2020-10-19 05:05:00 -  ip inválido
2020-10-19 05:05:00 -  ip inválido
2020-10-19 05:05:00 -  Saving server...
2020-10-19 05:05:01 -  > Saved house items in: 0.704 s
2020-10-19 05:05:01 -  Lord Tech has logged out.
2020-10-19 05:05:01 -  Saving server...
2020-10-19 05:05:01 -  > Saved house items in: 0.221 s
2020-10-19 05:05:01 -  eu sou o checkname
2020-10-19 05:05:01 -  Shutting down...Saving server...
2020-10-19 05:05:02 -  > Saved house items in: 0.262 s
2020-10-19 05:05:02 -  [Thread 0x7ffff2ba7700 (LWP 26589) exited]
2020-10-19 05:05:02 -  [Thread 0x7ffff35ba700 (LWP 26588) exited]
2020-10-19 05:05:02 -   done!
2020-10-19 05:05:02 -  [Thread 0x7ffff3dbb700 (LWP 26587) exited]
2020-10-19 05:06:18 -  [Inferior 1 (process 26583) exited normally]
