2020-10-15 21:32:26 -  [Thread debugging using libthread_db enabled]
2020-10-15 21:32:26 -  Using host libthread_db library "/lib/x86_64-linux-gnu/libthread_db.so.1".
2020-10-15 21:32:26 -  [New Thread 0x7ffff3dbb700 (LWP 6098)]
2020-10-15 21:32:26 -  [New Thread 0x7ffff35ba700 (LWP 6099)]
2020-10-15 21:32:26 -  The OTG-Premium-Version - Version: (1.3)
2020-10-15 21:32:26 -  Compiled with: GNU C++ version 5.4.0 20160609
2020-10-15 21:32:26 -  Compiled on Sep 17 2020 19:49:36 for platform x64
2020-10-15 21:32:26 -  
2020-10-15 21:32:26 -  Special Credits for: OTG Team, Johncore, Vankk, Erick Nunes, Leonardo Pereira, Leandro Baldissera, Talis, Marcomoa, Marson Schneider, Douglas, Mark Samman, OTXServer (Mattyx Gomez) and The Forgotten Server Developers.
2020-10-15 21:32:26 -  Link of repository: https://github.com/Johncorex/OTG-Premium-Version
2020-10-15 21:32:26 -  
2020-10-15 21:32:26 -  >> Loading config: config.lua
2020-10-15 21:32:26 -  >> Establishing database connection... MySQL 5.7.31
2020-10-15 21:32:26 -  >> Running database manager
2020-10-15 21:32:26 -  [New Thread 0x7ffff2ba7700 (LWP 6100)]
2020-10-15 21:32:26 -  > Optimizing table tile_store... [success]
2020-10-15 21:32:26 -  >> Loading vocations
2020-10-15 21:32:26 -  >> Loading items
2020-10-15 21:32:26 -  >> Loading script systems
2020-10-15 21:32:26 -  >> Loading lua libs
2020-10-15 21:32:27 -  [Warning - Event::checkScript] Can not load script: scripts/expboostaction.lua
2020-10-15 21:32:27 -  cannot open data/actions/scripts/expboostaction.lua: No such file or directory
2020-10-15 21:32:28 -  >> Loading lua scripts
2020-10-15 21:32:28 -  >> Loading monsters
2020-10-15 21:32:28 -  >> Loading lua monsters
2020-10-15 21:32:28 -  >> Loading outfits
2020-10-15 21:32:28 -  >> Loading prey data
2020-10-15 21:32:28 -  >> Checking world type... PVP
2020-10-15 21:32:28 -  >> Loading map
2020-10-15 21:32:30 -  > Map size: 34143x33812.
2020-10-15 21:32:36 -  > Map loading time: 7.576 seconds.
2020-10-15 21:33:05 -  > Loaded house items in: 0.117 s
2020-10-15 21:33:05 -  >> Initializing gamestate
2020-10-15 21:33:09 -  >> Loaded 43 npcs and spawned 72708 monsters.
2020-10-15 21:33:09 -  >> Loaded 27 towns with 1074 houses in total.
2020-10-15 21:33:09 -  [Castle War]
2020-10-15 21:33:09 -  [POWERGAMERS]
2020-10-15 21:33:09 -  [SISTEMA DE LOTERIA] OPERANTE
2020-10-15 21:33:09 -  Advanced NPC spawn system | All NPCs will be loaded trough lib.
2020-10-15 21:33:09 -  [REGEN BOOST] CARREGADO
2020-10-15 21:33:09 -  [SPOOF COUNTER]
2020-10-15 21:33:09 -  [STAMINA]
2020-10-15 21:33:09 -  warvariables
2020-10-15 21:33:09 -  >> Loaded all modules, server starting up...
2020-10-15 21:33:09 -  > Warning: OTG-Premium-Version has been executed as root user, please consider running it as a normal user.
2020-10-15 21:33:09 -  >> Honera Global Server Online!
2020-10-15 21:33:09 -  
2020-10-15 21:33:10 -  Flash has logged in.
2020-10-15 21:33:20 -  SABADOU!! NPC HONERA CRIADO
2020-10-15 21:33:20 -  Dev Marson has logged in.
2020-10-15 21:36:49 -  false	257
2020-10-15 21:36:49 -  false	258
2020-10-15 21:36:49 -  false	257
2020-10-15 21:36:49 -  false	258
2020-10-15 21:36:49 -  false	257
2020-10-15 21:36:49 -  false	258
2020-10-15 21:36:49 -  false	257
2020-10-15 21:36:49 -  false	258
2020-10-15 21:36:49 -  false	257
2020-10-15 21:36:49 -  false	258
2020-10-15 21:36:49 -  141	141
2020-10-15 21:36:49 -  231	231
2020-10-15 21:36:49 -  141	141
2020-10-15 21:36:49 -  231	231
2020-10-15 21:36:49 -  141	141
2020-10-15 21:36:49 -  231	231
2020-10-15 21:36:49 -  false	141
2020-10-15 21:36:49 -  231	231
2020-10-15 21:36:49 -  false	141
2020-10-15 21:36:49 -  false	231
2020-10-15 21:36:49 -  141	141
2020-10-15 21:36:49 -  false	231
2020-10-15 21:36:49 -  141	141
2020-10-15 21:36:49 -  231	231
2020-10-15 21:36:49 -  false	257
2020-10-15 21:36:49 -  false	258
2020-10-15 21:36:49 -  false	257
2020-10-15 21:36:49 -  false	258
2020-10-15 21:36:49 -  false	257
2020-10-15 21:36:49 -  false	258
2020-10-15 21:36:49 -  false	257
2020-10-15 21:36:49 -  false	258
2020-10-15 21:36:49 -  false	257
2020-10-15 21:36:49 -  false	258
2020-10-15 21:36:49 -  false	257
2020-10-15 21:36:49 -  false	258
2020-10-15 21:36:49 -  false	257
2020-10-15 21:36:49 -  false	258
2020-10-15 21:36:49 -  Flash has logged out.
2020-10-15 21:36:51 -  Flash has logged in.
2020-10-15 21:47:49 -  false	141
2020-10-15 21:47:49 -  false	231
2020-10-15 21:47:49 -  false	141
2020-10-15 21:47:49 -  false	231
2020-10-15 21:47:49 -  false	141
2020-10-15 21:47:49 -  false	231
2020-10-15 21:47:49 -  false	257
2020-10-15 21:47:49 -  false	258
2020-10-15 21:47:49 -  false	257
2020-10-15 21:47:49 -  false	258
2020-10-15 21:47:49 -  false	257
2020-10-15 21:47:49 -  false	258
2020-10-15 21:47:49 -  false	257
2020-10-15 21:47:49 -  false	258
2020-10-15 21:47:49 -  false	257
2020-10-15 21:47:49 -  false	258
2020-10-15 21:47:49 -  false	257
2020-10-15 21:47:49 -  false	258
2020-10-15 21:47:49 -  false	257
2020-10-15 21:47:49 -  false	258
2020-10-15 21:47:49 -  false	257
2020-10-15 21:47:49 -  false	258
2020-10-15 21:47:49 -  false	257
2020-10-15 21:47:49 -  false	258
2020-10-15 21:47:49 -  false	257
2020-10-15 21:47:49 -  false	258
2020-10-15 21:47:49 -  Dev Marson has logged out.
2020-10-15 21:47:50 -  Dev Marson has logged in.
2020-10-15 21:52:44 -  false	257
2020-10-15 21:52:44 -  false	258
2020-10-15 21:52:44 -  false	257
2020-10-15 21:52:44 -  false	258
2020-10-15 21:52:44 -  debug mode: for i = 1, 2 pegar o id: 257, fazer um select no banco pra pegar o nome onde contem o id: Arrow
2020-10-15 21:52:44 -  false	257
2020-10-15 21:52:44 -  debug mode: for i = 1, 2 pegar o id: 258, fazer um select no banco pra pegar o nome onde contem o id: Flash
2020-10-15 21:52:44 -  false	258
2020-10-15 21:52:44 -  debug mode: for i = 1, 2 pegar o id: 257, fazer um select no banco pra pegar o nome onde contem o id: Arrow
2020-10-15 21:52:44 -  false	257
2020-10-15 21:52:44 -  debug mode: for i = 1, 2 pegar o id: 258, fazer um select no banco pra pegar o nome onde contem o id: Flash
2020-10-15 21:52:44 -  false	258
2020-10-15 21:52:44 -  Dev Marson has logged out.
2020-10-15 21:52:44 -  Dev Marson has logged in.
2020-10-15 22:02:37 -  debug mode: for i = 1, 2 pegar o id: 257, fazer um select no banco pra pegar o nome onde contem o id: Arrow, converter para o 
2020-10-15 22:02:37 -  false	257
2020-10-15 22:02:37 -  debug mode: for i = 1, 2 pegar o id: 258, fazer um select no banco pra pegar o nome onde contem o id: Flash, converter para o 
2020-10-15 22:02:37 -  false	258
2020-10-15 22:02:37 -  debug mode: for i = 1, 2 pegar o id: 257, fazer um select no banco pra pegar o nome onde contem o id: Arrow, converter para o 
2020-10-15 22:02:37 -  false	257
2020-10-15 22:02:37 -  debug mode: for i = 1, 2 pegar o id: 258, fazer um select no banco pra pegar o nome onde contem o id: Flash, converter para o 
2020-10-15 22:02:37 -  false	258
2020-10-15 22:02:37 -  debug mode: for i = 1, 2 pegar o id: 257, fazer um select no banco pra pegar o nome onde contem o id: Arrow, converter para o 
2020-10-15 22:02:37 -  false	257
2020-10-15 22:02:37 -  debug mode: for i = 1, 2 pegar o id: 258, fazer um select no banco pra pegar o nome onde contem o id: Flash, converter para o 
2020-10-15 22:02:37 -  false	258
2020-10-15 22:02:37 -  debug mode: for i = 1, 2 pegar o id: 141, fazer um select no banco pra pegar o nome onde contem o id: Dev Marson, converter para o 
2020-10-15 22:02:37 -  false	141
2020-10-15 22:02:37 -  debug mode: for i = 1, 2 pegar o id: 231, fazer um select no banco pra pegar o nome onde contem o id: Demonzin, converter para o 
2020-10-15 22:02:37 -  false	231
2020-10-15 22:02:37 -  debug mode: for i = 1, 2 pegar o id: 257, fazer um select no banco pra pegar o nome onde contem o id: Arrow, converter para o 
2020-10-15 22:02:37 -  false	257
2020-10-15 22:02:37 -  debug mode: for i = 1, 2 pegar o id: 258, fazer um select no banco pra pegar o nome onde contem o id: Flash, converter para o 
2020-10-15 22:02:37 -  false	258
2020-10-15 22:02:37 -  debug mode: for i = 1, 2 pegar o id: 141, fazer um select no banco pra pegar o nome onde contem o id: Dev Marson, converter para o 
2020-10-15 22:02:37 -  141	141
2020-10-15 22:02:37 -  debug mode: for i = 1, 2 pegar o id: 231, fazer um select no banco pra pegar o nome onde contem o id: Demonzin, converter para o 
2020-10-15 22:02:37 -  false	231
2020-10-15 22:02:37 -  [Warning - Event::checkScript] Can not load script: scripts/warmode.lua
2020-10-15 22:02:37 -  data/creaturescripts/scripts/warmode.lua:172: unexpected symbol near '..'
2020-10-15 22:06:38 -  debug mode: for i = 1, 4 pegar o id: 257, fazer um select no banco pra pegar o nome onde contem o id: Arrow, converter para o 
2020-10-15 22:06:38 -  257	257
2020-10-15 22:06:38 -  debug mode: for i = 1, 4 pegar o id: 258, fazer um select no banco pra pegar o nome onde contem o id: Flash, converter para o 
2020-10-15 22:06:38 -  false	258
2020-10-15 22:06:38 -  debug mode: for i = 1, 4 pegar o id: 257, fazer um select no banco pra pegar o nome onde contem o id: Arrow, converter para o 
2020-10-15 22:06:38 -  257	257
2020-10-15 22:06:38 -  debug mode: for i = 1, 4 pegar o id: 258, fazer um select no banco pra pegar o nome onde contem o id: Flash, converter para o 
2020-10-15 22:06:38 -  false	258
2020-10-15 22:06:38 -  debug mode: for i = 1, 2 pegar o id: 257, fazer um select no banco pra pegar o nome onde contem o id: Arrow, converter para o 
2020-10-15 22:06:38 -  257	257
2020-10-15 22:06:38 -  debug mode: for i = 1, 2 pegar o id: 258, fazer um select no banco pra pegar o nome onde contem o id: Flash, converter para o 
2020-10-15 22:06:38 -  false	258
2020-10-15 22:06:38 -  debug mode: for i = 1, 2 pegar o id: 257, fazer um select no banco pra pegar o nome onde contem o id: Arrow, converter para o 
2020-10-15 22:06:38 -  257	257
2020-10-15 22:06:38 -  debug mode: for i = 1, 2 pegar o id: 258, fazer um select no banco pra pegar o nome onde contem o id: Flash, converter para o 
2020-10-15 22:06:38 -  false	258
2020-10-15 22:06:38 -  debug mode: for i = 1, 2 pegar o id: 257, fazer um select no banco pra pegar o nome onde contem o id: Arrow, converter para o 
2020-10-15 22:06:38 -  257	257
2020-10-15 22:06:38 -  debug mode: for i = 1, 2 pegar o id: 258, fazer um select no banco pra pegar o nome onde contem o id: Flash, converter para o 
2020-10-15 22:06:38 -  false	258
2020-10-15 22:06:38 -  debug mode: for i = 1, 2 pegar o id: 257, fazer um select no banco pra pegar o nome onde contem o id: Arrow, converter para o 
2020-10-15 22:06:38 -  257	257
2020-10-15 22:06:38 -  debug mode: for i = 1, 2 pegar o id: 258, fazer um select no banco pra pegar o nome onde contem o id: Flash, converter para o 
2020-10-15 22:06:38 -  false	258
2020-10-15 22:06:38 -  debug mode: for i = 1, 2 pegar o id: 257, fazer um select no banco pra pegar o nome onde contem o id: Arrow, converter para o 
2020-10-15 22:06:38 -  257	257
2020-10-15 22:06:38 -  debug mode: for i = 1, 2 pegar o id: 258, fazer um select no banco pra pegar o nome onde contem o id: Flash, converter para o 
2020-10-15 22:06:38 -  false	258
2020-10-15 22:06:38 -  debug mode: for i = 1, 2 pegar o id: 257, fazer um select no banco pra pegar o nome onde contem o id: Arrow, converter para o 
2020-10-15 22:06:38 -  257	257
2020-10-15 22:06:38 -  debug mode: for i = 1, 2 pegar o id: 258, fazer um select no banco pra pegar o nome onde contem o id: Flash, converter para o 
2020-10-15 22:06:38 -  false	258
2020-10-15 22:06:38 -  debug mode: for i = 1, 4 pegar o id: 257, fazer um select no banco pra pegar o nome onde contem o id: Arrow, converter para o 
2020-10-15 22:06:38 -  257	257
2020-10-15 22:06:38 -  debug mode: for i = 1, 4 pegar o id: 258, fazer um select no banco pra pegar o nome onde contem o id: Flash, converter para o 
2020-10-15 22:06:38 -  258	258
2020-10-15 22:06:38 -  debug mode: for i = 1, 4 pegar o id: 257, fazer um select no banco pra pegar o nome onde contem o id: Arrow, converter para o 
2020-10-15 22:06:38 -  257	257
2020-10-15 22:06:38 -  debug mode: for i = 1, 4 pegar o id: 258, fazer um select no banco pra pegar o nome onde contem o id: Flash, converter para o 
2020-10-15 22:06:38 -  258	258
2020-10-15 22:06:38 -  debug mode: for i = 1, 2 pegar o id: 257, fazer um select no banco pra pegar o nome onde contem o id: Arrow, converter para o 
2020-10-15 22:06:38 -  257	257
2020-10-15 22:06:38 -  debug mode: for i = 1, 2 pegar o id: 258, fazer um select no banco pra pegar o nome onde contem o id: Flash, converter para o 
2020-10-15 22:06:38 -  258	258
2020-10-15 22:06:38 -  debug mode: for i = 1, 2 pegar o id: 257, fazer um select no banco pra pegar o nome onde contem o id: Arrow, converter para o 
2020-10-15 22:06:38 -  257	257
2020-10-15 22:06:38 -  debug mode: for i = 1, 2 pegar o id: 258, fazer um select no banco pra pegar o nome onde contem o id: Flash, converter para o 
2020-10-15 22:06:38 -  258	258
2020-10-15 22:06:38 -  debug mode: for i = 1, 2 pegar o id: 257, fazer um select no banco pra pegar o nome onde contem o id: Arrow, converter para o 
2020-10-15 22:06:38 -  257	257
2020-10-15 22:06:38 -  debug mode: for i = 1, 2 pegar o id: 258, fazer um select no banco pra pegar o nome onde contem o id: Flash, converter para o 
2020-10-15 22:06:38 -  258	258
2020-10-15 22:06:38 -  debug mode: for i = 1, 2 pegar o id: 141, fazer um select no banco pra pegar o nome onde contem o id: Dev Marson, converter para o 
2020-10-15 22:06:38 -  141	141
2020-10-15 22:06:38 -  debug mode: for i = 1, 2 pegar o id: 231, fazer um select no banco pra pegar o nome onde contem o id: Demonzin, converter para o 
2020-10-15 22:06:38 -  false	231
2020-10-15 22:06:38 -  debug mode: for i = 1, 4 pegar o id: 141, fazer um select no banco pra pegar o nome onde contem o id: Dev Marson, converter para o 
2020-10-15 22:06:38 -  141	141
2020-10-15 22:06:38 -  debug mode: for i = 1, 4 pegar o id: 231, fazer um select no banco pra pegar o nome onde contem o id: Demonzin, converter para o 
2020-10-15 22:06:38 -  false	231
2020-10-15 22:06:43 -  debug mode: for i = 1, 4 pegar o id: 141, fazer um select no banco pra pegar o nome onde contem o id: Dev Marson, converter para o 
2020-10-15 22:06:43 -  141	141
2020-10-15 22:06:43 -  debug mode: for i = 1, 4 pegar o id: 231, fazer um select no banco pra pegar o nome onde contem o id: Demonzin, converter para o 
2020-10-15 22:06:43 -  false	231
2020-10-15 22:06:43 -  debug mode: for i = 1, 4 pegar o id: 141, fazer um select no banco pra pegar o nome onde contem o id: Dev Marson, converter para o 
2020-10-15 22:06:43 -  false	141
2020-10-15 22:06:43 -  debug mode: for i = 1, 4 pegar o id: 231, fazer um select no banco pra pegar o nome onde contem o id: Demonzin, converter para o 
2020-10-15 22:06:43 -  false	231
2020-10-15 22:06:43 -  debug mode: for i = 1, 4 pegar o id: 141, fazer um select no banco pra pegar o nome onde contem o id: Dev Marson, converter para o 
2020-10-15 22:06:43 -  false	141
2020-10-15 22:06:43 -  debug mode: for i = 1, 4 pegar o id: 231, fazer um select no banco pra pegar o nome onde contem o id: Demonzin, converter para o 
2020-10-15 22:06:43 -  false	231
2020-10-15 22:06:43 -  debug mode: for i = 1, 4 pegar o id: 141, fazer um select no banco pra pegar o nome onde contem o id: Dev Marson, converter para o 
2020-10-15 22:06:43 -  141	141
2020-10-15 22:06:43 -  debug mode: for i = 1, 4 pegar o id: 231, fazer um select no banco pra pegar o nome onde contem o id: Demonzin, converter para o 
2020-10-15 22:06:43 -  false	231
2020-10-15 22:06:43 -  debug mode: for i = 1, 4 pegar o id: 141, fazer um select no banco pra pegar o nome onde contem o id: Dev Marson, converter para o 
2020-10-15 22:06:43 -  141	141
2020-10-15 22:06:43 -  debug mode: for i = 1, 4 pegar o id: 231, fazer um select no banco pra pegar o nome onde contem o id: Demonzin, converter para o 
2020-10-15 22:06:43 -  false	231
2020-10-15 22:06:43 -  
2020-10-15 22:06:43 -  Lua Script Error: [CreatureScript Interface] 
2020-10-15 22:06:43 -  data/creaturescripts/scripts/warmode.lua:onModalWindow
2020-10-15 22:06:43 -  data/creaturescripts/scripts/warmode.lua:185: attempt to concatenate a nil value
2020-10-15 22:06:43 -  stack traceback:
2020-10-15 22:06:43 -  	[C]: in function '__concat'
2020-10-15 22:06:43 -  	data/creaturescripts/scripts/warmode.lua:185: in function <data/creaturescripts/scripts/warmode.lua:1>
2020-10-15 22:07:08 -  debug mode: for i = 1, 4 pegar o id: 257, fazer um select no banco pra pegar o nome onde contem o id: Arrow, converter para o 
2020-10-15 22:07:08 -  false	257
2020-10-15 22:07:08 -  debug mode: for i = 1, 4 pegar o id: 258, fazer um select no banco pra pegar o nome onde contem o id: Flash, converter para o 
2020-10-15 22:07:08 -  258	258
2020-10-15 22:07:08 -  debug mode: for i = 1, 4 pegar o id: 257, fazer um select no banco pra pegar o nome onde contem o id: Arrow, converter para o 
2020-10-15 22:07:08 -  false	257
2020-10-15 22:07:08 -  debug mode: for i = 1, 4 pegar o id: 258, fazer um select no banco pra pegar o nome onde contem o id: Flash, converter para o 
2020-10-15 22:07:08 -  258	258
2020-10-15 22:07:08 -  debug mode: for i = 1, 4 pegar o id: 257, fazer um select no banco pra pegar o nome onde contem o id: Arrow, converter para o 
2020-10-15 22:07:08 -  false	257
2020-10-15 22:07:08 -  debug mode: for i = 1, 4 pegar o id: 258, fazer um select no banco pra pegar o nome onde contem o id: Flash, converter para o 
2020-10-15 22:07:08 -  false	258
2020-10-15 22:07:08 -  debug mode: for i = 1, 4 pegar o id: 257, fazer um select no banco pra pegar o nome onde contem o id: Arrow, converter para o 
2020-10-15 22:07:08 -  false	257
2020-10-15 22:07:08 -  debug mode: for i = 1, 4 pegar o id: 258, fazer um select no banco pra pegar o nome onde contem o id: Flash, converter para o 
2020-10-15 22:07:08 -  false	258
2020-10-15 22:07:08 -  debug mode: for i = 1, 4 pegar o id: 257, fazer um select no banco pra pegar o nome onde contem o id: Arrow, converter para o 
2020-10-15 22:07:08 -  257	257
2020-10-15 22:07:08 -  debug mode: for i = 1, 4 pegar o id: 258, fazer um select no banco pra pegar o nome onde contem o id: Flash, converter para o 
2020-10-15 22:07:08 -  false	258
2020-10-15 22:07:08 -  debug mode: for i = 1, 4 pegar o id: 257, fazer um select no banco pra pegar o nome onde contem o id: Arrow, converter para o 
2020-10-15 22:07:08 -  257	257
2020-10-15 22:07:08 -  debug mode: for i = 1, 4 pegar o id: 258, fazer um select no banco pra pegar o nome onde contem o id: Flash, converter para o 
2020-10-15 22:07:08 -  false	258
2020-10-15 22:07:08 -  debug mode: for i = 1, 4 pegar o id: 257, fazer um select no banco pra pegar o nome onde contem o id: Arrow, converter para o 
2020-10-15 22:07:08 -  257	257
2020-10-15 22:07:08 -  debug mode: for i = 1, 4 pegar o id: 258, fazer um select no banco pra pegar o nome onde contem o id: Flash, converter para o 
2020-10-15 22:07:08 -  258	258
2020-10-15 22:07:08 -  debug mode: for i = 1, 4 pegar o id: 257, fazer um select no banco pra pegar o nome onde contem o id: Arrow, converter para o 
2020-10-15 22:07:08 -  257	257
2020-10-15 22:07:08 -  debug mode: for i = 1, 4 pegar o id: 258, fazer um select no banco pra pegar o nome onde contem o id: Flash, converter para o 
2020-10-15 22:07:08 -  258	258
2020-10-15 22:07:08 -  debug mode: for i = 1, 4 pegar o id: 257, fazer um select no banco pra pegar o nome onde contem o id: Arrow, converter para o 
2020-10-15 22:07:08 -  false	257
2020-10-15 22:07:08 -  debug mode: for i = 1, 4 pegar o id: 258, fazer um select no banco pra pegar o nome onde contem o id: Flash, converter para o 
2020-10-15 22:07:08 -  258	258
2020-10-15 22:07:08 -  debug mode: for i = 1, 4 pegar o id: 257, fazer um select no banco pra pegar o nome onde contem o id: Arrow, converter para o 
2020-10-15 22:07:08 -  false	257
2020-10-15 22:07:08 -  debug mode: for i = 1, 4 pegar o id: 258, fazer um select no banco pra pegar o nome onde contem o id: Flash, converter para o 
2020-10-15 22:07:08 -  258	258
2020-10-15 22:07:08 -  debug mode: for i = 1, 4 pegar o id: 257, fazer um select no banco pra pegar o nome onde contem o id: Arrow, converter para o 
2020-10-15 22:07:08 -  false	257
2020-10-15 22:07:08 -  debug mode: for i = 1, 4 pegar o id: 258, fazer um select no banco pra pegar o nome onde contem o id: Flash, converter para o 
2020-10-15 22:07:08 -  false	258
2020-10-15 22:07:08 -  debug mode: for i = 1, 4 pegar o id: 257, fazer um select no banco pra pegar o nome onde contem o id: Arrow, converter para o 
2020-10-15 22:07:08 -  false	257
2020-10-15 22:07:08 -  debug mode: for i = 1, 4 pegar o id: 258, fazer um select no banco pra pegar o nome onde contem o id: Flash, converter para o 
2020-10-15 22:07:08 -  false	258
2020-10-15 22:07:08 -  debug mode: for i = 1, 2 pegar o id: 141, fazer um select no banco pra pegar o nome onde contem o id: Dev Marson, converter para o 
2020-10-15 22:07:08 -  141	141
2020-10-15 22:07:08 -  debug mode: for i = 1, 2 pegar o id: 231, fazer um select no banco pra pegar o nome onde contem o id: Demonzin, converter para o 
2020-10-15 22:07:08 -  false	231
2020-10-15 22:07:08 -  debug mode: for i = 1, 4 pegar o id: 141, fazer um select no banco pra pegar o nome onde contem o id: Dev Marson, converter para o 
2020-10-15 22:07:08 -  141	141
2020-10-15 22:07:08 -  debug mode: for i = 1, 4 pegar o id: 231, fazer um select no banco pra pegar o nome onde contem o id: Demonzin, converter para o 
2020-10-15 22:07:08 -  false	231
2020-10-15 22:07:08 -  debug mode: for i = 1, 4 pegar o id: 141, fazer um select no banco pra pegar o nome onde contem o id: Dev Marson, converter para o 
2020-10-15 22:07:08 -  141	141
2020-10-15 22:07:21 -  debug mode: for i = 1, 4 pegar o id: 231, fazer um select no banco pra pegar o nome onde contem o id: Demonzin, converter para o 
2020-10-15 22:07:21 -  false	231
2020-10-15 22:07:21 -  debug mode: for i = 1, 4 pegar o id: 141, fazer um select no banco pra pegar o nome onde contem o id: Dev Marson, converter para o 
2020-10-15 22:07:21 -  false	141
2020-10-15 22:07:21 -  debug mode: for i = 1, 4 pegar o id: 231, fazer um select no banco pra pegar o nome onde contem o id: Demonzin, converter para o 
2020-10-15 22:07:21 -  false	231
2020-10-15 22:07:21 -  debug mode: for i = 1, 4 pegar o id: 141, fazer um select no banco pra pegar o nome onde contem o id: Dev Marson, converter para o 
2020-10-15 22:07:21 -  false	141
2020-10-15 22:07:21 -  debug mode: for i = 1, 4 pegar o id: 231, fazer um select no banco pra pegar o nome onde contem o id: Demonzin, converter para o 
2020-10-15 22:07:21 -  false	231
2020-10-15 22:07:21 -  debug mode: for i = 1, 4 pegar o id: 141, fazer um select no banco pra pegar o nome onde contem o id: Dev Marson, converter para o 
2020-10-15 22:07:21 -  false	141
2020-10-15 22:07:21 -  debug mode: for i = 1, 4 pegar o id: 231, fazer um select no banco pra pegar o nome onde contem o id: Demonzin, converter para o 
2020-10-15 22:07:21 -  false	231
2020-10-15 22:07:21 -  debug mode: for i = 1, 4 pegar o id: 141, fazer um select no banco pra pegar o nome onde contem o id: Dev Marson, converter para o 
2020-10-15 22:07:21 -  false	141
2020-10-15 22:07:21 -  debug mode: for i = 1, 4 pegar o id: 231, fazer um select no banco pra pegar o nome onde contem o id: Demonzin, converter para o 
2020-10-15 22:07:21 -  false	231
2020-10-15 22:07:21 -  debug mode: for i = 1, 4 pegar o id: 141, fazer um select no banco pra pegar o nome onde contem o id: Dev Marson, converter para o 
2020-10-15 22:07:21 -  141	141
2020-10-15 22:07:21 -  debug mode: for i = 1, 4 pegar o id: 231, fazer um select no banco pra pegar o nome onde contem o id: Demonzin, converter para o 
2020-10-15 22:07:21 -  false	231
2020-10-15 22:07:21 -  debug mode: for i = 1, 4 pegar o id: 141, fazer um select no banco pra pegar o nome onde contem o id: Dev Marson, converter para o 
2020-10-15 22:07:21 -  141	141
2020-10-15 22:07:21 -  debug mode: for i = 1, 4 pegar o id: 231, fazer um select no banco pra pegar o nome onde contem o id: Demonzin, converter para o 
2020-10-15 22:07:21 -  false	231
2020-10-15 22:07:21 -  debug mode: for i = 1, 4 pegar o id: 141, fazer um select no banco pra pegar o nome onde contem o id: Dev Marson, converter para o 
2020-10-15 22:07:21 -  false	141
2020-10-15 22:07:21 -  debug mode: for i = 1, 4 pegar o id: 231, fazer um select no banco pra pegar o nome onde contem o id: Demonzin, converter para o 
2020-10-15 22:07:21 -  false	231
2020-10-15 22:07:21 -  debug mode: for i = 1, 4 pegar o id: 141, fazer um select no banco pra pegar o nome onde contem o id: Dev Marson, converter para o 
2020-10-15 22:07:21 -  false	141
2020-10-15 22:07:21 -  debug mode: for i = 1, 4 pegar o id: 231, fazer um select no banco pra pegar o nome onde contem o id: Demonzin, converter para o 
2020-10-15 22:07:21 -  false	231
2020-10-15 22:07:21 -  debug mode: for i = 1, 4 pegar o id: 141, fazer um select no banco pra pegar o nome onde contem o id: Dev Marson, converter para o 
2020-10-15 22:07:21 -  false	141
2020-10-15 22:07:21 -  debug mode: for i = 1, 4 pegar o id: 231, fazer um select no banco pra pegar o nome onde contem o id: Demonzin, converter para o 
2020-10-15 22:07:21 -  231	231
2020-10-15 22:07:21 -  debug mode: for i = 1, 4 pegar o id: 141, fazer um select no banco pra pegar o nome onde contem o id: Dev Marson, converter para o 
2020-10-15 22:07:21 -  false	141
2020-10-15 22:07:21 -  debug mode: for i = 1, 4 pegar o id: 231, fazer um select no banco pra pegar o nome onde contem o id: Demonzin, converter para o 
2020-10-15 22:07:21 -  231	231
2020-10-15 22:07:21 -  debug mode: for i = 1, 4 pegar o id: 141, fazer um select no banco pra pegar o nome onde contem o id: Dev Marson, converter para o 
2020-10-15 22:07:21 -  false	141
2020-10-15 22:07:21 -  debug mode: for i = 1, 4 pegar o id: 231, fazer um select no banco pra pegar o nome onde contem o id: Demonzin, converter para o 
2020-10-15 22:07:21 -  false	231
2020-10-15 22:07:21 -  debug mode: for i = 1, 4 pegar o id: 141, fazer um select no banco pra pegar o nome onde contem o id: Dev Marson, converter para o 
2020-10-15 22:07:21 -  false	141
2020-10-15 22:07:21 -  debug mode: for i = 1, 4 pegar o id: 231, fazer um select no banco pra pegar o nome onde contem o id: Demonzin, converter para o 
2020-10-15 22:07:21 -  false	231
2020-10-15 22:07:21 -  debug mode: for i = 1, 4 pegar o id: 141, fazer um select no banco pra pegar o nome onde contem o id: Dev Marson, converter para o 
2020-10-15 22:07:21 -  141	141
2020-10-15 22:07:21 -  debug mode: for i = 1, 4 pegar o id: 231, fazer um select no banco pra pegar o nome onde contem o id: Demonzin, converter para o 
2020-10-15 22:07:21 -  false	231
2020-10-15 22:07:21 -  debug mode: for i = 1, 4 pegar o id: 141, fazer um select no banco pra pegar o nome onde contem o id: Dev Marson, converter para o 
2020-10-15 22:07:21 -  141	141
2020-10-15 22:07:21 -  debug mode: for i = 1, 4 pegar o id: 231, fazer um select no banco pra pegar o nome onde contem o id: Demonzin, converter para o 
2020-10-15 22:07:21 -  false	231
2020-10-15 22:07:21 -  debug mode: for i = 1, 4 pegar o id: 141, fazer um select no banco pra pegar o nome onde contem o id: Dev Marson, converter para o 
2020-10-15 22:07:21 -  false	141
2020-10-15 22:11:41 -  debug mode: for i = 1, 4 pegar o id: 231, fazer um select no banco pra pegar o nome onde contem o id: Demonzin, converter para o 
2020-10-15 22:11:41 -  false	231
2020-10-15 22:11:41 -  debug mode: for i = 1, 4 pegar o id: 141, fazer um select no banco pra pegar o nome onde contem o id: Dev Marson, converter para o 
2020-10-15 22:11:41 -  false	141
2020-10-15 22:11:41 -  debug mode: for i = 1, 4 pegar o id: 231, fazer um select no banco pra pegar o nome onde contem o id: Demonzin, converter para o 
2020-10-15 22:11:41 -  false	231
2020-10-15 22:11:41 -  debug mode: for i = 1, 4 pegar o id: 257, fazer um select no banco pra pegar o nome onde contem o id: Arrow, converter para o 
2020-10-15 22:11:41 -  257	257
2020-10-15 22:11:41 -  debug mode: for i = 1, 4 pegar o id: 258, fazer um select no banco pra pegar o nome onde contem o id: Flash, converter para o 
2020-10-15 22:11:41 -  false	258
2020-10-15 22:11:41 -  debug mode: for i = 1, 4 pegar o id: 257, fazer um select no banco pra pegar o nome onde contem o id: Arrow, converter para o 
2020-10-15 22:11:41 -  257	257
2020-10-15 22:11:41 -  debug mode: for i = 1, 4 pegar o id: 258, fazer um select no banco pra pegar o nome onde contem o id: Flash, converter para o 
2020-10-15 22:11:41 -  false	258
2020-10-15 22:11:41 -  debug mode: for i = 1, 2 pegar o id: 141, fazer um select no banco pra pegar o nome onde contem o id: Dev Marson, converter para o 
2020-10-15 22:11:41 -  false	141
2020-10-15 22:11:41 -  debug mode: for i = 1, 2 pegar o id: 231, fazer um select no banco pra pegar o nome onde contem o id: Demonzin, converter para o 
2020-10-15 22:11:41 -  false	231
2020-10-15 22:11:41 -  debug mode: for i = 1, 2 pegar o id: 141, fazer um select no banco pra pegar o nome onde contem o id: Dev Marson, converter para o 
2020-10-15 22:11:41 -  141	141
2020-10-15 22:11:41 -  debug mode: for i = 1, 2 pegar o id: 231, fazer um select no banco pra pegar o nome onde contem o id: Demonzin, converter para o 
2020-10-15 22:11:41 -  false	231
2020-10-15 22:11:41 -  debug mode: for i = 1, 2 pegar o id: 141, fazer um select no banco pra pegar o nome onde contem o id: Dev Marson, converter para o 
2020-10-15 22:11:41 -  141	141
2020-10-15 22:11:41 -  debug mode: for i = 1, 2 pegar o id: 231, fazer um select no banco pra pegar o nome onde contem o id: Demonzin, converter para o 
2020-10-15 22:11:41 -  false	231
2020-10-15 22:11:41 -  debug mode: for i = 1, 2 pegar o id: 141, fazer um select no banco pra pegar o nome onde contem o id: Dev Marson, converter para o 
2020-10-15 22:11:41 -  false	141
2020-10-15 22:11:41 -  debug mode: for i = 1, 2 pegar o id: 231, fazer um select no banco pra pegar o nome onde contem o id: Demonzin, converter para o 
2020-10-15 22:11:41 -  false	231
2020-10-15 22:11:41 -  debug mode: for i = 1, 2 pegar o id: 257, fazer um select no banco pra pegar o nome onde contem o id: Arrow, converter para o 
2020-10-15 22:11:41 -  false	257
2020-10-15 22:11:41 -  debug mode: for i = 1, 2 pegar o id: 258, fazer um select no banco pra pegar o nome onde contem o id: Flash, converter para o 
2020-10-15 22:11:41 -  false	258
2020-10-15 22:11:41 -  debug mode: for i = 1, 2 pegar o id: 257, fazer um select no banco pra pegar o nome onde contem o id: Arrow, converter para o 
2020-10-15 22:11:41 -  257	257
2020-10-15 22:11:41 -  debug mode: for i = 1, 2 pegar o id: 258, fazer um select no banco pra pegar o nome onde contem o id: Flash, converter para o 
2020-10-15 22:11:41 -  false	258
2020-10-15 22:11:41 -  debug mode: for i = 1, 2 pegar o id: 257, fazer um select no banco pra pegar o nome onde contem o id: Arrow, converter para o 
2020-10-15 22:11:41 -  257	257
2020-10-15 22:11:41 -  debug mode: for i = 1, 2 pegar o id: 258, fazer um select no banco pra pegar o nome onde contem o id: Flash, converter para o 
2020-10-15 22:11:41 -  258	258
2020-10-15 22:11:41 -  debug mode: for i = 1, 2 pegar o id: 257, fazer um select no banco pra pegar o nome onde contem o id: Arrow, converter para o 
2020-10-15 22:11:41 -  false	257
2020-10-15 22:11:41 -  debug mode: for i = 1, 2 pegar o id: 258, fazer um select no banco pra pegar o nome onde contem o id: Flash, converter para o 
2020-10-15 22:11:41 -  258	258
2020-10-15 22:11:41 -  debug mode: for i = 1, 2 pegar o id: 257, fazer um select no banco pra pegar o nome onde contem o id: Arrow, converter para o 
2020-10-15 22:11:41 -  false	257
2020-10-15 22:11:41 -  debug mode: for i = 1, 2 pegar o id: 258, fazer um select no banco pra pegar o nome onde contem o id: Flash, converter para o 
2020-10-15 22:11:41 -  false	258
2020-10-15 22:11:41 -  
2020-10-15 22:11:41 -  Lua Script Error: [CreatureScript Interface] 
2020-10-15 22:11:41 -  data/creaturescripts/scripts/warmode.lua:onModalWindow
2020-10-15 22:11:41 -  data/creaturescripts/scripts/warmode.lua:194: attempt to concatenate local 'nomeid' (a boolean value)
2020-10-15 22:11:41 -  stack traceback:
2020-10-15 22:11:41 -  	[C]: in function '__concat'
2020-10-15 22:11:41 -  	data/creaturescripts/scripts/warmode.lua:194: in function <data/creaturescripts/scripts/warmode.lua:1>
2020-10-15 22:11:42 -  
2020-10-15 22:11:42 -  Lua Script Error: [CreatureScript Interface] 
2020-10-15 22:11:42 -  data/creaturescripts/scripts/warmode.lua:onModalWindow
2020-10-15 22:11:42 -  data/creaturescripts/scripts/warmode.lua:194: attempt to concatenate local 'nomeid' (a boolean value)
2020-10-15 22:11:42 -  stack traceback:
2020-10-15 22:11:42 -  	[C]: in function '__concat'
2020-10-15 22:11:42 -  	data/creaturescripts/scripts/warmode.lua:194: in function <data/creaturescripts/scripts/warmode.lua:1>
2020-10-15 22:28:47 -  debug mode: for i = 1, 2 pegar o id: 141, fazer um select no banco pra pegar o nome onde contem o id: Dev Marson, converter para o 
2020-10-15 22:28:47 -  false	141
2020-10-15 22:28:47 -  debug mode: for i = 1, 2 pegar o id: 231, fazer um select no banco pra pegar o nome onde contem o id: Demonzin, converter para o 
2020-10-15 22:28:47 -  false	231
2020-10-15 22:28:47 -  debug mode: for i = 1, 2 pegar o id: 141, fazer um select no banco pra pegar o nome onde contem o id: Dev Marson, converter para o 
2020-10-15 22:28:47 -  141	141
2020-10-15 22:28:47 -  debug mode: for i = 1, 2 pegar o id: 231, fazer um select no banco pra pegar o nome onde contem o id: Demonzin, converter para o 
2020-10-15 22:28:47 -  false	231
2020-10-15 22:28:47 -  debug mode: for i = 1, 2 pegar o id: 141, fazer um select no banco pra pegar o nome onde contem o id: Dev Marson, converter para o 
2020-10-15 22:28:47 -  141	141
2020-10-15 22:28:47 -  debug mode: for i = 1, 2 pegar o id: 231, fazer um select no banco pra pegar o nome onde contem o id: Demonzin, converter para o 
2020-10-15 22:28:47 -  231	231
2020-10-15 22:28:47 -  debug mode: for i = 1, 2 pegar o id: 141, fazer um select no banco pra pegar o nome onde contem o id: Dev Marson, converter para o 
2020-10-15 22:28:47 -  141	141
2020-10-15 22:28:47 -  debug mode: for i = 1, 2 pegar o id: 231, fazer um select no banco pra pegar o nome onde contem o id: Demonzin, converter para o 
2020-10-15 22:28:47 -  231	231
2020-10-15 22:28:47 -  debug mode: for i = 1, 2 pegar o id: 257, fazer um select no banco pra pegar o nome onde contem o id: Arrow, converter para o 
2020-10-15 22:28:47 -  false	257
2020-10-15 22:28:47 -  debug mode: for i = 1, 2 pegar o id: 258, fazer um select no banco pra pegar o nome onde contem o id: Flash, converter para o 
2020-10-15 22:28:47 -  false	258
2020-10-15 22:28:47 -  debug mode: for i = 1, 2 pegar o id: 257, fazer um select no banco pra pegar o nome onde contem o id: Arrow, converter para o 
2020-10-15 22:28:47 -  257	257
2020-10-15 22:28:47 -  debug mode: for i = 1, 2 pegar o id: 258, fazer um select no banco pra pegar o nome onde contem o id: Flash, converter para o 
2020-10-15 22:28:47 -  false	258
2020-10-15 22:28:47 -  debug mode: for i = 1, 2 pegar o id: 257, fazer um select no banco pra pegar o nome onde contem o id: Arrow, converter para o 
2020-10-15 22:28:47 -  257	257
2020-10-15 22:28:47 -  debug mode: for i = 1, 2 pegar o id: 258, fazer um select no banco pra pegar o nome onde contem o id: Flash, converter para o 
2020-10-15 22:28:47 -  258	258
2020-10-15 22:28:47 -  debug mode: for i = 1, 2 pegar o id: 141, fazer um select no banco pra pegar o nome onde contem o id: Dev Marson, converter para o 
2020-10-15 22:28:47 -  141	141
2020-10-15 22:28:47 -  debug mode: for i = 1, 2 pegar o id: 231, fazer um select no banco pra pegar o nome onde contem o id: Demonzin, converter para o 
2020-10-15 22:28:47 -  231	231
2020-10-15 22:28:47 -  debug mode: for i = 1, 2 pegar o id: 141, fazer um select no banco pra pegar o nome onde contem o id: Dev Marson, converter para o 
2020-10-15 22:28:47 -  141	141
2020-10-15 22:28:47 -  debug mode: for i = 1, 2 pegar o id: 231, fazer um select no banco pra pegar o nome onde contem o id: Demonzin, converter para o 
2020-10-15 22:28:47 -  231	231
2020-10-15 22:28:47 -  debug mode: for i = 1, 2 pegar o id: 141, fazer um select no banco pra pegar o nome onde contem o id: Dev Marson, converter para o 
2020-10-15 22:28:47 -  141	141
2020-10-15 22:28:47 -  debug mode: for i = 1, 2 pegar o id: 231, fazer um select no banco pra pegar o nome onde contem o id: Demonzin, converter para o 
2020-10-15 22:28:47 -  231	231
2020-10-15 22:28:47 -  debug mode: for i = 1, 2 pegar o id: 141, fazer um select no banco pra pegar o nome onde contem o id: Dev Marson, converter para o 
2020-10-15 22:28:47 -  141	141
2020-10-15 22:28:47 -  debug mode: for i = 1, 2 pegar o id: 231, fazer um select no banco pra pegar o nome onde contem o id: Demonzin, converter para o 
2020-10-15 22:28:47 -  231	231
2020-10-15 22:28:47 -  debug mode: for i = 1, 2 pegar o id: 257, fazer um select no banco pra pegar o nome onde contem o id: Arrow, converter para o 
2020-10-15 22:28:47 -  257	257
2020-10-15 22:28:47 -  debug mode: for i = 1, 2 pegar o id: 258, fazer um select no banco pra pegar o nome onde contem o id: Flash, converter para o 
2020-10-15 22:28:47 -  258	258
2020-10-15 22:28:47 -  debug mode: for i = 1, 2 pegar o id: 257, fazer um select no banco pra pegar o nome onde contem o id: Arrow, converter para o 
2020-10-15 22:28:47 -  257	257
2020-10-15 22:28:47 -  debug mode: for i = 1, 2 pegar o id: 258, fazer um select no banco pra pegar o nome onde contem o id: Flash, converter para o 
2020-10-15 22:28:47 -  258	258
2020-10-15 22:28:47 -  debug mode: for i = 1, 2 pegar o id: 257, fazer um select no banco pra pegar o nome onde contem o id: Arrow, converter para o 
2020-10-15 22:28:47 -  257	257
2020-10-15 22:28:47 -  debug mode: for i = 1, 2 pegar o id: 258, fazer um select no banco pra pegar o nome onde contem o id: Flash, converter para o 
2020-10-15 22:28:47 -  258	258
2020-10-15 22:28:47 -  debug mode: for i = 1, 2 pegar o id: 141, fazer um select no banco pra pegar o nome onde contem o id: Dev Marson, converter para o 
2020-10-15 22:28:47 -  141	141
2020-10-15 22:29:26 -  debug mode: for i = 1, 2 pegar o id: 231, fazer um select no banco pra pegar o nome onde contem o id: Demonzin, converter para o 
2020-10-15 22:29:26 -  231	231
2020-10-15 22:29:26 -  Flash has logged out.
2020-10-15 22:29:28 -  Flash has logged in.
2020-10-15 22:35:45 -  aqui eu checkei o choiceID para atualizar o warmode temp4
2020-10-15 22:35:45 -  debug mode: for i = 1, 2 pegar o id: 141, fazer um select no banco pra pegar o nome onde contem o id: Dev Marson, converter para o 
2020-10-15 22:35:45 -  141	141
2020-10-15 22:35:45 -  debug mode: for i = 1, 2 pegar o id: 231, fazer um select no banco pra pegar o nome onde contem o id: Demonzin, converter para o 
2020-10-15 22:35:45 -  231	231
2020-10-15 22:35:45 -  aqui eu checkei o choiceID para atualizar o warmode temp1
2020-10-15 22:35:45 -  Dev Marson has logged out.
2020-10-15 22:35:46 -  Dev Marson has logged in.
2020-10-15 23:32:09 -  aqui eu checkei o choiceID para atualizar o warmode temp2
2020-10-15 23:32:09 -  debug mode: for i = 1, 2 pegar o id: 141, fazer um select no banco pra pegar o nome onde contem o id: Dev Marson, converter para o 
2020-10-15 23:32:09 -  141	141
2020-10-15 23:32:09 -  debug mode: for i = 1, 2 pegar o id: 231, fazer um select no banco pra pegar o nome onde contem o id: Demonzin, converter para o 
2020-10-15 23:32:09 -  231	231
2020-10-15 23:32:09 -  aqui eu checkei o choiceID para atualizar o warmode temp1
2020-10-15 23:32:09 -  aqui eu checkei o choiceID para atualizar o warmode temp2
2020-10-15 23:32:09 -  debug mode: for i = 1, 2 pegar o id: 141, fazer um select no banco pra pegar o nome onde contem o id: Dev Marson, converter para o 
2020-10-15 23:32:09 -  141	141
2020-10-15 23:32:09 -  debug mode: for i = 1, 2 pegar o id: 231, fazer um select no banco pra pegar o nome onde contem o id: Demonzin, converter para o 
2020-10-15 23:32:09 -  231	231
2020-10-15 23:32:09 -  aqui eu checkei o choiceID para atualizar o warmode temp1
2020-10-15 23:32:09 -  aqui eu checkei o choiceID para atualizar o warmode temp1
2020-10-15 23:32:09 -  debug mode: for i = 1, 2 pegar o id: 141, fazer um select no banco pra pegar o nome onde contem o id: Dev Marson, converter para o 
2020-10-15 23:32:09 -  141	141
2020-10-15 23:32:09 -  debug mode: for i = 1, 2 pegar o id: 231, fazer um select no banco pra pegar o nome onde contem o id: Demonzin, converter para o 
2020-10-15 23:32:09 -  231	231
2020-10-15 23:32:09 -  aqui eu checkei o choiceID para atualizar o warmode temp1
2020-10-15 23:32:09 -  aqui eu checkei o choiceID para atualizar o warmode temp2
2020-10-15 23:32:09 -  debug mode: for i = 1, 2 pegar o id: 141, fazer um select no banco pra pegar o nome onde contem o id: Dev Marson, converter para o 
2020-10-15 23:32:09 -  141	141
2020-10-15 23:32:09 -  debug mode: for i = 1, 2 pegar o id: 231, fazer um select no banco pra pegar o nome onde contem o id: Demonzin, converter para o 
2020-10-15 23:32:09 -  231	231
2020-10-15 23:32:09 -  aqui eu checkei o choiceID para atualizar o warmode temp1
2020-10-15 23:32:09 -  aqui eu checkei o choiceID para atualizar o warmode temp4
2020-10-15 23:32:09 -  debug mode: for i = 1, 2 pegar o id: 141, fazer um select no banco pra pegar o nome onde contem o id: Dev Marson, converter para o 
2020-10-15 23:32:09 -  141	141
2020-10-15 23:32:09 -  debug mode: for i = 1, 2 pegar o id: 231, fazer um select no banco pra pegar o nome onde contem o id: Demonzin, converter para o 
2020-10-15 23:32:09 -  231	231
2020-10-15 23:32:09 -  aqui eu checkei o choiceID para atualizar o warmode temp1
2020-10-15 23:32:09 -  aqui eu checkei o choiceID para atualizar o warmode temp3
2020-10-15 23:32:09 -  debug mode: for i = 1, 2 pegar o id: 257, fazer um select no banco pra pegar o nome onde contem o id: Arrow, converter para o 
2020-10-15 23:32:09 -  257	257
2020-10-15 23:32:09 -  debug mode: for i = 1, 2 pegar o id: 258, fazer um select no banco pra pegar o nome onde contem o id: Flash, converter para o 
2020-10-15 23:32:09 -  258	258
2020-10-15 23:32:09 -  aqui eu checkei o choiceID para atualizar o warmode temp1
2020-10-15 23:32:09 -  aqui eu checkei o choiceID para atualizar o warmode temp3
2020-10-15 23:32:09 -  debug mode: for i = 1, 2 pegar o id: 257, fazer um select no banco pra pegar o nome onde contem o id: Arrow, converter para o 
2020-10-15 23:32:09 -  257	257
2020-10-15 23:32:09 -  debug mode: for i = 1, 2 pegar o id: 258, fazer um select no banco pra pegar o nome onde contem o id: Flash, converter para o 
2020-10-15 23:32:09 -  258	258
2020-10-15 23:32:09 -  aqui eu checkei o choiceID para atualizar o warmode temp1
2020-10-15 23:32:09 -  aqui eu checkei o choiceID para atualizar o warmode temp1
2020-10-15 23:32:09 -  debug mode: for i = 1, 2 pegar o id: 257, fazer um select no banco pra pegar o nome onde contem o id: Arrow, converter para o 
2020-10-15 23:32:09 -  257	257
2020-10-15 23:32:09 -  debug mode: for i = 1, 2 pegar o id: 258, fazer um select no banco pra pegar o nome onde contem o id: Flash, converter para o 
2020-10-15 23:32:09 -  258	258
2020-10-15 23:32:09 -  aqui eu checkei o choiceID para atualizar o warmode temp1
2020-10-15 23:32:09 -  debug mode: for i = 1, 2 pegar o id: 257, fazer um select no banco pra pegar o nome onde contem o id: Arrow, converter para o 
2020-10-15 23:32:09 -  257	257
2020-10-15 23:32:09 -  debug mode: for i = 1, 2 pegar o id: 258, fazer um select no banco pra pegar o nome onde contem o id: Flash, converter para o 
2020-10-15 23:32:09 -  258	258
2020-10-15 23:32:09 -  aqui eu checkei o choiceID para atualizar o warmode temp3
2020-10-15 23:32:09 -  debug mode: for i = 1, 2 pegar o id: 257, fazer um select no banco pra pegar o nome onde contem o id: Arrow, converter para o 
2020-10-15 23:32:09 -  257	257
2020-10-15 23:32:09 -  debug mode: for i = 1, 2 pegar o id: 258, fazer um select no banco pra pegar o nome onde contem o id: Flash, converter para o 
2020-10-15 23:32:09 -  258	258
2020-10-15 23:32:09 -  aqui eu checkei o choiceID para atualizar o warmode temp1
2020-10-15 23:32:09 -  > Broadcasted message: "There seems to be a big gnarlhoud gang in Zao Steppe.".
2020-10-15 23:32:28 -  > Broadcasted message: "The gnarlhounds seem to multiply by the minute.".
2020-10-15 23:34:08 -  > Broadcasted message: "The gnarlhounds roam free in the Zao Steppe. Watch out!".
2020-10-15 23:46:49 -  ip inválido
2020-10-15 23:46:49 -  ip inválido
2020-10-15 23:46:49 -  Flash has logged out.
2020-10-15 23:46:53 -  Dev Marson has logged out.
2020-10-16 00:32:28 -  
2020-10-16 00:32:28 -  Lua Script Error: [GlobalEvent Interface] 
2020-10-16 00:32:28 -  data/globalevents/scripts/bosses/Abyssador.lua:onThink
2020-10-16 00:32:28 -  data/lib/rewardboss.lua:8: Rewards can only be enabled to rewards bosses.
2020-10-16 00:32:28 -  stack traceback:
2020-10-16 00:32:28 -  	[C]: at 0x00602980
2020-10-16 00:32:28 -  	[C]: in function 'error'
2020-10-16 00:32:28 -  	data/lib/rewardboss.lua:8: in function 'setReward'
2020-10-16 00:32:28 -  	data/globalevents/scripts/bosses/Abyssador.lua:28: in function <data/globalevents/scripts/bosses/Abyssador.lua:21>
2020-10-16 00:32:28 -  [Error - GlobalEvents::think] Failed to execute event: Abyssador
2020-10-16 00:32:28 -  
2020-10-16 00:32:28 -  Lua Script Error: [GlobalEvent Interface] 
2020-10-16 00:32:28 -  data/globalevents/scripts/bosses/Deathstrike.lua:onThink
2020-10-16 00:32:28 -  data/lib/rewardboss.lua:8: Rewards can only be enabled to rewards bosses.
2020-10-16 00:32:28 -  stack traceback:
2020-10-16 00:32:28 -  	[C]: at 0x00602980
2020-10-16 00:32:28 -  	[C]: in function 'error'
2020-10-16 00:32:28 -  	data/lib/rewardboss.lua:8: in function 'setReward'
2020-10-16 00:32:28 -  	data/globalevents/scripts/bosses/Deathstrike.lua:28: in function <data/globalevents/scripts/bosses/Deathstrike.lua:21>
2020-10-16 00:32:28 -  [Error - GlobalEvents::think] Failed to execute event: Deathstrike
2020-10-16 00:32:28 -  
2020-10-16 00:32:28 -  Lua Script Error: [GlobalEvent Interface] 
2020-10-16 00:32:28 -  data/globalevents/scripts/bosses/Gnomevil.lua:onThink
2020-10-16 00:32:28 -  data/lib/rewardboss.lua:8: Rewards can only be enabled to rewards bosses.
2020-10-16 00:32:28 -  stack traceback:
2020-10-16 00:32:28 -  	[C]: at 0x00602980
2020-10-16 00:32:28 -  	[C]: in function 'error'
2020-10-16 00:32:28 -  	data/lib/rewardboss.lua:8: in function 'setReward'
2020-10-16 00:32:28 -  	data/globalevents/scripts/bosses/Gnomevil.lua:28: in function <data/globalevents/scripts/bosses/Gnomevil.lua:21>
2020-10-16 00:32:28 -  [Error - GlobalEvents::think] Failed to execute event: Gnomevil
2020-10-16 00:42:09 -  > Broadcasted message: "The dragons of the Dragonblaze Mountains have descended to Zao to protect the lizardkin!".
2020-10-16 01:20:09 -  > Broadcasted message: "Many aggressive beasts are roaming south of Ab'Dendriel! Take care!".
2020-10-16 03:32:28 -  
2020-10-16 03:32:28 -  Lua Script Error: [GlobalEvent Interface] 
2020-10-16 03:32:28 -  data/globalevents/scripts/Ghulosh.lua:onThink
2020-10-16 03:32:28 -  data/globalevents/scripts/Ghulosh.lua:34: attempt to index local 'boss' (a nil value)
2020-10-16 03:32:28 -  stack traceback:
2020-10-16 03:32:28 -  	[C]: in function '__index'
2020-10-16 03:32:28 -  	data/globalevents/scripts/Ghulosh.lua:34: in function <data/globalevents/scripts/Ghulosh.lua:21>
2020-10-16 03:32:28 -  [Error - GlobalEvents::think] Failed to execute event: Ghulosh
2020-10-16 03:32:28 -  
2020-10-16 03:32:28 -  Lua Script Error: [GlobalEvent Interface] 
2020-10-16 03:32:28 -  data/globalevents/scripts/Gorzindel.lua:onThink
2020-10-16 03:32:28 -  data/globalevents/scripts/Gorzindel.lua:34: attempt to index local 'boss' (a nil value)
2020-10-16 03:32:28 -  stack traceback:
2020-10-16 03:32:28 -  	[C]: in function '__index'
2020-10-16 03:32:28 -  	data/globalevents/scripts/Gorzindel.lua:34: in function <data/globalevents/scripts/Gorzindel.lua:21>
2020-10-16 03:32:28 -  [Error - GlobalEvents::think] Failed to execute event: Gorzindel
2020-10-16 03:32:28 -  
2020-10-16 03:32:28 -  Lua Script Error: [GlobalEvent Interface] 
2020-10-16 03:32:28 -  data/globalevents/scripts/Lokathmor.lua:onThink
2020-10-16 03:32:28 -  data/globalevents/scripts/Lokathmor.lua:34: attempt to index local 'boss' (a nil value)
2020-10-16 03:32:28 -  stack traceback:
2020-10-16 03:32:28 -  	[C]: in function '__index'
2020-10-16 03:32:28 -  	data/globalevents/scripts/Lokathmor.lua:34: in function <data/globalevents/scripts/Lokathmor.lua:21>
2020-10-16 03:32:28 -  [Error - GlobalEvents::think] Failed to execute event: Lokathmor
2020-10-16 03:32:28 -  
2020-10-16 03:32:28 -  Lua Script Error: [GlobalEvent Interface] 
2020-10-16 03:32:28 -  data/globalevents/scripts/Mazzinor.lua:onThink
2020-10-16 03:32:28 -  data/globalevents/scripts/Mazzinor.lua:34: attempt to index local 'boss' (a nil value)
2020-10-16 03:32:28 -  stack traceback:
2020-10-16 03:32:28 -  	[C]: in function '__index'
2020-10-16 03:32:28 -  	data/globalevents/scripts/Mazzinor.lua:34: in function <data/globalevents/scripts/Mazzinor.lua:21>
2020-10-16 03:32:28 -  [Error - GlobalEvents::think] Failed to execute event: Mazzinor
2020-10-16 03:32:28 -  [Warning - Monsters::loadMonster] Non-unique loot item "Giant Sapphire". 
2020-10-16 03:32:28 -  [Warning - Monsters::loadMonster] Cant load loot. data/monster/Secret Library/the scourge of oblivion.xml
2020-10-16 03:32:28 -  [Warning - Monsters::loadMonster] Non-unique loot item "Collar of Blue Plasma". 
2020-10-16 03:32:28 -  [Warning - Monsters::loadMonster] Cant load loot. data/monster/Secret Library/the scourge of oblivion.xml
2020-10-16 03:32:28 -  [Warning - Monsters::loadMonster] Non-unique loot item "Giant Shimmering Pearl". 
2020-10-16 03:32:28 -  [Warning - Monsters::loadMonster] Cant load loot. data/monster/Secret Library/the scourge of oblivion.xml
2020-10-16 03:32:28 -  [Warning - Monsters::loadMonster] Unknown loot item "The Calamity". 
2020-10-16 03:32:28 -  [Warning - Monsters::loadMonster] Cant load loot. data/monster/Secret Library/the scourge of oblivion.xml
2020-10-16 03:32:28 -  
2020-10-16 03:32:28 -  Lua Script Error: [GlobalEvent Interface] 
2020-10-16 03:32:28 -  data/globalevents/scripts/The Scourge Of Oblivion.lua:onThink
2020-10-16 03:32:28 -  data/globalevents/scripts/The Scourge Of Oblivion.lua:34: attempt to index local 'boss' (a nil value)
2020-10-16 03:32:28 -  stack traceback:
2020-10-16 03:32:28 -  	[C]: in function '__index'
2020-10-16 03:32:28 -  	data/globalevents/scripts/The Scourge Of Oblivion.lua:34: in function <data/globalevents/scripts/The Scourge Of Oblivion.lua:21>
2020-10-16 03:32:28 -  [Error - GlobalEvents::think] Failed to execute event: The Scourge Of Oblivion
2020-10-16 05:05:00 -  Saving server...
2020-10-16 05:05:01 -  > Saved house items in: 0.685 s
2020-10-16 05:05:01 -  Saving server...
2020-10-16 05:05:02 -  > Saved house items in: 0.254 s
2020-10-16 05:05:02 -  eu sou o checkname
2020-10-16 05:05:02 -  Shutting down...Saving server...
2020-10-16 05:05:02 -  > Saved house items in: 0.221 s
2020-10-16 05:05:02 -  [Thread 0x7ffff2ba7700 (LWP 6100) exited]
2020-10-16 05:05:02 -  [Thread 0x7ffff35ba700 (LWP 6099) exited]
2020-10-16 05:05:02 -   done!
2020-10-16 05:05:02 -  [Thread 0x7ffff3dbb700 (LWP 6098) exited]
2020-10-16 05:06:25 -  [Inferior 1 (process 6093) exited normally]
