2020-10-15 05:06:00 -  [Thread debugging using libthread_db enabled]
2020-10-15 05:06:00 -  Using host libthread_db library "/lib/x86_64-linux-gnu/libthread_db.so.1".
2020-10-15 05:06:01 -  [New Thread 0x7ffff3dbb700 (LWP 23511)]
2020-10-15 05:06:01 -  [New Thread 0x7ffff35ba700 (LWP 23512)]
2020-10-15 05:06:01 -  The OTG-Premium-Version - Version: (1.3)
2020-10-15 05:06:01 -  Compiled with: GNU C++ version 5.4.0 20160609
2020-10-15 05:06:01 -  Compiled on Sep 17 2020 19:49:36 for platform x64
2020-10-15 05:06:01 -  
2020-10-15 05:06:01 -  Special Credits for: OTG Team, Johncore, Vankk, Erick Nunes, Leonardo Pereira, Leandro Baldissera, Talis, Marcomoa, Marson Schneider, Douglas, Mark Samman, OTXServer (Mattyx Gomez) and The Forgotten Server Developers.
2020-10-15 05:06:01 -  Link of repository: https://github.com/Johncorex/OTG-Premium-Version
2020-10-15 05:06:01 -  
2020-10-15 05:06:01 -  >> Loading config: config.lua
2020-10-15 05:06:01 -  >> Establishing database connection... MySQL 5.7.31
2020-10-15 05:06:01 -  >> Running database manager
2020-10-15 05:06:01 -  [New Thread 0x7ffff2ba7700 (LWP 23513)]
2020-10-15 05:06:01 -  > Optimizing table players_online... [success]
2020-10-15 05:06:01 -  > Optimizing table tile_store... [success]
2020-10-15 05:06:01 -  >> Loading vocations
2020-10-15 05:06:01 -  >> Loading items
2020-10-15 05:06:01 -  >> Loading script systems
2020-10-15 05:06:01 -  >> Loading lua libs
2020-10-15 05:06:01 -  [Warning - Event::checkScript] Can not load script: scripts/expboostaction.lua
2020-10-15 05:06:01 -  cannot open data/actions/scripts/expboostaction.lua: No such file or directory
2020-10-15 05:06:02 -  >> Loading lua scripts
2020-10-15 05:06:02 -  >> Loading monsters
2020-10-15 05:06:02 -  >> Loading lua monsters
2020-10-15 05:06:02 -  >> Loading outfits
2020-10-15 05:06:02 -  >> Loading prey data
2020-10-15 05:06:02 -  >> Checking world type... PVP
2020-10-15 05:06:02 -  >> Loading map
2020-10-15 05:06:04 -  > Map size: 34143x33812.
2020-10-15 05:06:10 -  > Map loading time: 7.435 seconds.
2020-10-15 05:06:39 -  > Loaded house items in: 0.038 s
2020-10-15 05:06:39 -  >> Initializing gamestate
2020-10-15 05:06:41 -  >> Loaded 43 npcs and spawned 72708 monsters.
2020-10-15 05:06:41 -  >> Loaded 27 towns with 1074 houses in total.
2020-10-15 05:06:41 -  [Castle War]
2020-10-15 05:06:41 -  [POWERGAMERS]
2020-10-15 05:06:41 -  [SISTEMA DE LOTERIA] OPERANTE
2020-10-15 05:06:41 -  Advanced NPC spawn system | All NPCs will be loaded trough lib.
2020-10-15 05:06:41 -  [REGEN BOOST] CARREGADO
2020-10-15 05:06:41 -  [SPOOF COUNTER]
2020-10-15 05:06:41 -  [STAMINA]
2020-10-15 05:06:41 -  warvariables
2020-10-15 05:06:41 -  >> Loaded all modules, server starting up...
2020-10-15 05:06:41 -  > Warning: OTG-Premium-Version has been executed as root user, please consider running it as a normal user.
2020-10-15 05:06:41 -  >> Honera Global Server Online!
2020-10-15 05:06:41 -  
2020-10-15 07:16:42 -  SABADOU!! NPC HONERA CRIADO
2020-10-15 07:16:42 -  > Broadcasted message: "The dragons of the Dragonblaze Mountains have descended to Zao to protect the lizardkin!".
2020-10-15 07:29:59 -  Nosferatu has logged in.
2020-10-15 08:06:02 -  
2020-10-15 08:06:02 -  Lua Script Error: [GlobalEvent Interface] 
2020-10-15 08:06:02 -  data/globalevents/scripts/bosses/Abyssador.lua:onThink
2020-10-15 08:06:02 -  data/lib/rewardboss.lua:8: Rewards can only be enabled to rewards bosses.
2020-10-15 08:06:02 -  stack traceback:
2020-10-15 08:06:02 -  	[C]: at 0x00602980
2020-10-15 08:06:02 -  	[C]: in function 'error'
2020-10-15 08:06:02 -  	data/lib/rewardboss.lua:8: in function 'setReward'
2020-10-15 08:06:02 -  	data/globalevents/scripts/bosses/Abyssador.lua:28: in function <data/globalevents/scripts/bosses/Abyssador.lua:21>
2020-10-15 08:06:02 -  [Error - GlobalEvents::think] Failed to execute event: Abyssador
2020-10-15 08:06:02 -  
2020-10-15 08:06:02 -  Lua Script Error: [GlobalEvent Interface] 
2020-10-15 08:06:02 -  data/globalevents/scripts/bosses/Deathstrike.lua:onThink
2020-10-15 08:06:02 -  data/lib/rewardboss.lua:8: Rewards can only be enabled to rewards bosses.
2020-10-15 08:06:02 -  stack traceback:
2020-10-15 08:06:02 -  	[C]: at 0x00602980
2020-10-15 08:06:02 -  	[C]: in function 'error'
2020-10-15 08:06:02 -  	data/lib/rewardboss.lua:8: in function 'setReward'
2020-10-15 08:06:02 -  	data/globalevents/scripts/bosses/Deathstrike.lua:28: in function <data/globalevents/scripts/bosses/Deathstrike.lua:21>
2020-10-15 08:06:02 -  [Error - GlobalEvents::think] Failed to execute event: Deathstrike
2020-10-15 08:06:02 -  
2020-10-15 08:06:02 -  Lua Script Error: [GlobalEvent Interface] 
2020-10-15 08:06:02 -  data/globalevents/scripts/bosses/Gnomevil.lua:onThink
2020-10-15 08:06:02 -  data/lib/rewardboss.lua:8: Rewards can only be enabled to rewards bosses.
2020-10-15 08:06:02 -  stack traceback:
2020-10-15 08:06:02 -  	[C]: at 0x00602980
2020-10-15 08:06:02 -  	[C]: in function 'error'
2020-10-15 08:06:02 -  	data/lib/rewardboss.lua:8: in function 'setReward'
2020-10-15 08:06:02 -  	data/globalevents/scripts/bosses/Gnomevil.lua:28: in function <data/globalevents/scripts/bosses/Gnomevil.lua:21>
2020-10-15 08:06:02 -  [Error - GlobalEvents::think] Failed to execute event: Gnomevil
2020-10-15 09:13:42 -  > Broadcasted message: "Something bad is happening deep, deep down under Banuta.".
2020-10-15 09:14:01 -  > Broadcasted message: "Something is sizzling deep under many sheets of soil in Banuta.".
2020-10-15 09:15:42 -  > Broadcasted message: "Hordes of slippery spawns slither in Deeper Banuta!".
2020-10-15 10:44:23 -  Dev Marson has logged in.
2020-10-15 11:03:10 -  141	141
2020-10-15 11:03:10 -  231	231
2020-10-15 11:03:10 -  141	141
2020-10-15 11:03:10 -  231	231
2020-10-15 11:03:10 -  141	141
2020-10-15 11:03:10 -  231	231
2020-10-15 11:03:10 -  141	141
2020-10-15 11:03:10 -  231	231
2020-10-15 11:03:10 -  Dev Marson has logged out.
2020-10-15 11:03:12 -  Dev Marson has logged in.
2020-10-15 11:06:02 -  141	141
2020-10-15 11:06:02 -  231	231
2020-10-15 11:06:02 -  
2020-10-15 11:06:02 -  Lua Script Error: [GlobalEvent Interface] 
2020-10-15 11:06:02 -  data/globalevents/scripts/Ghulosh.lua:onThink
2020-10-15 11:06:02 -  data/globalevents/scripts/Ghulosh.lua:34: attempt to index local 'boss' (a nil value)
2020-10-15 11:06:02 -  stack traceback:
2020-10-15 11:06:02 -  	[C]: in function '__index'
2020-10-15 11:06:02 -  	data/globalevents/scripts/Ghulosh.lua:34: in function <data/globalevents/scripts/Ghulosh.lua:21>
2020-10-15 11:06:02 -  [Error - GlobalEvents::think] Failed to execute event: Ghulosh
2020-10-15 11:06:02 -  
2020-10-15 11:06:02 -  Lua Script Error: [GlobalEvent Interface] 
2020-10-15 11:06:02 -  data/globalevents/scripts/Gorzindel.lua:onThink
2020-10-15 11:06:02 -  data/globalevents/scripts/Gorzindel.lua:34: attempt to index local 'boss' (a nil value)
2020-10-15 11:06:02 -  stack traceback:
2020-10-15 11:06:02 -  	[C]: in function '__index'
2020-10-15 11:06:02 -  	data/globalevents/scripts/Gorzindel.lua:34: in function <data/globalevents/scripts/Gorzindel.lua:21>
2020-10-15 11:06:02 -  [Error - GlobalEvents::think] Failed to execute event: Gorzindel
2020-10-15 11:06:02 -  
2020-10-15 11:06:02 -  Lua Script Error: [GlobalEvent Interface] 
2020-10-15 11:06:02 -  data/globalevents/scripts/Lokathmor.lua:onThink
2020-10-15 11:06:02 -  data/globalevents/scripts/Lokathmor.lua:34: attempt to index local 'boss' (a nil value)
2020-10-15 11:06:02 -  stack traceback:
2020-10-15 11:06:02 -  	[C]: in function '__index'
2020-10-15 11:06:02 -  	data/globalevents/scripts/Lokathmor.lua:34: in function <data/globalevents/scripts/Lokathmor.lua:21>
2020-10-15 11:06:02 -  [Error - GlobalEvents::think] Failed to execute event: Lokathmor
2020-10-15 11:06:02 -  
2020-10-15 11:06:02 -  Lua Script Error: [GlobalEvent Interface] 
2020-10-15 11:06:02 -  data/globalevents/scripts/Mazzinor.lua:onThink
2020-10-15 11:06:02 -  data/globalevents/scripts/Mazzinor.lua:34: attempt to index local 'boss' (a nil value)
2020-10-15 11:06:02 -  stack traceback:
2020-10-15 11:06:02 -  	[C]: in function '__index'
2020-10-15 11:06:02 -  	data/globalevents/scripts/Mazzinor.lua:34: in function <data/globalevents/scripts/Mazzinor.lua:21>
2020-10-15 11:06:02 -  [Error - GlobalEvents::think] Failed to execute event: Mazzinor
2020-10-15 11:06:02 -  [Warning - Monsters::loadMonster] Non-unique loot item "Giant Sapphire". 
2020-10-15 11:06:02 -  [Warning - Monsters::loadMonster] Cant load loot. data/monster/Secret Library/the scourge of oblivion.xml
2020-10-15 11:06:02 -  [Warning - Monsters::loadMonster] Non-unique loot item "Collar of Blue Plasma". 
2020-10-15 11:06:02 -  [Warning - Monsters::loadMonster] Cant load loot. data/monster/Secret Library/the scourge of oblivion.xml
2020-10-15 11:06:02 -  [Warning - Monsters::loadMonster] Non-unique loot item "Giant Shimmering Pearl". 
2020-10-15 11:06:02 -  [Warning - Monsters::loadMonster] Cant load loot. data/monster/Secret Library/the scourge of oblivion.xml
2020-10-15 11:06:02 -  [Warning - Monsters::loadMonster] Unknown loot item "The Calamity". 
2020-10-15 11:06:02 -  [Warning - Monsters::loadMonster] Cant load loot. data/monster/Secret Library/the scourge of oblivion.xml
2020-10-15 11:06:02 -  
2020-10-15 11:06:02 -  Lua Script Error: [GlobalEvent Interface] 
2020-10-15 11:06:02 -  data/globalevents/scripts/The Scourge Of Oblivion.lua:onThink
2020-10-15 11:06:02 -  data/globalevents/scripts/The Scourge Of Oblivion.lua:34: attempt to index local 'boss' (a nil value)
2020-10-15 11:06:02 -  stack traceback:
2020-10-15 11:06:02 -  	[C]: in function '__index'
2020-10-15 11:06:02 -  	data/globalevents/scripts/The Scourge Of Oblivion.lua:34: in function <data/globalevents/scripts/The Scourge Of Oblivion.lua:21>
2020-10-15 11:06:02 -  [Error - GlobalEvents::think] Failed to execute event: The Scourge Of Oblivion
2020-10-15 11:26:42 -  141	141
2020-10-15 11:26:42 -  231	231
2020-10-15 11:26:42 -  141	141
2020-10-15 11:26:42 -  231	231
2020-10-15 11:26:42 -  141	141
2020-10-15 11:26:42 -  231	231
2020-10-15 11:26:42 -  141	141
2020-10-15 11:26:42 -  231	231
2020-10-15 11:26:42 -  > Broadcasted message: "Forrest animals spread out close to Ab'Dendriel!".
2020-10-15 11:46:51 -  ip inválido
2020-10-15 11:46:51 -  Dev Marson has logged out.
2020-10-15 12:50:21 -  [Network error - Connection::parseHeader] Invalid Client Login
2020-10-15 13:57:42 -  > Broadcasted message: "Beware! Mawhawk!".
2020-10-15 15:12:01 -  Dev Marson has logged in.
2020-10-15 16:02:56 -  141	141
2020-10-15 16:02:56 -  231	231
2020-10-15 16:02:56 -  141	141
2020-10-15 16:02:56 -  231	231
2020-10-15 16:02:56 -  141	141
2020-10-15 16:02:56 -  231	231
2020-10-15 16:02:56 -  141	141
2020-10-15 16:02:56 -  231	231
2020-10-15 16:02:56 -  141	141
2020-10-15 16:02:56 -  231	231
2020-10-15 16:02:56 -  141	141
2020-10-15 16:02:56 -  231	231
2020-10-15 16:02:56 -  141	141
2020-10-15 16:02:56 -  231	231
2020-10-15 16:02:56 -  
2020-10-15 16:02:56 -  Lua Script Error: [CreatureScript Interface] 
2020-10-15 16:02:56 -  data/creaturescripts/scripts/warmode.lua:onModalWindow
2020-10-15 16:02:56 -  data/creaturescripts/scripts/warmode.lua:198: attempt to perform arithmetic on a nil value
2020-10-15 16:02:56 -  stack traceback:
2020-10-15 16:02:56 -  	[C]: in function '__add'
2020-10-15 16:02:56 -  	data/creaturescripts/scripts/warmode.lua:198: in function <data/creaturescripts/scripts/warmode.lua:1>
2020-10-15 16:03:31 -  141	141
2020-10-15 16:03:31 -  231	231
2020-10-15 16:03:31 -  
2020-10-15 16:03:31 -  Lua Script Error: [CreatureScript Interface] 
2020-10-15 16:03:31 -  data/creaturescripts/scripts/warmode.lua:onModalWindow
2020-10-15 16:03:31 -  data/creaturescripts/scripts/warmode.lua:199: attempt to perform arithmetic on a nil value
2020-10-15 16:03:31 -  stack traceback:
2020-10-15 16:03:31 -  	[C]: in function '__add'
2020-10-15 16:03:31 -  	data/creaturescripts/scripts/warmode.lua:199: in function <data/creaturescripts/scripts/warmode.lua:1>
2020-10-15 16:03:59 -  Saving server...
2020-10-15 16:04:02 -  > Saved house items in: 2.176 s
2020-10-15 16:04:38 -  141	141
2020-10-15 16:04:38 -  231	231
2020-10-15 16:04:38 -  
2020-10-15 16:04:38 -  Lua Script Error: [CreatureScript Interface] 
2020-10-15 16:04:38 -  data/creaturescripts/scripts/warmode.lua:onModalWindow
2020-10-15 16:04:38 -  data/creaturescripts/scripts/warmode.lua:199: attempt to perform arithmetic on a nil value
2020-10-15 16:04:38 -  stack traceback:
2020-10-15 16:04:38 -  	[C]: in function '__add'
2020-10-15 16:04:38 -  	data/creaturescripts/scripts/warmode.lua:199: in function <data/creaturescripts/scripts/warmode.lua:1>
2020-10-15 16:05:21 -  141	141
2020-10-15 16:05:21 -  231	231
2020-10-15 16:05:21 -  
2020-10-15 16:05:21 -  Lua Script Error: [CreatureScript Interface] 
2020-10-15 16:05:21 -  data/creaturescripts/scripts/warmode.lua:onModalWindow
2020-10-15 16:05:21 -  data/creaturescripts/scripts/warmode.lua:201: attempt to concatenate a nil value
2020-10-15 16:05:21 -  stack traceback:
2020-10-15 16:05:21 -  	[C]: in function '__concat'
2020-10-15 16:05:21 -  	data/creaturescripts/scripts/warmode.lua:201: in function <data/creaturescripts/scripts/warmode.lua:1>
2020-10-15 16:10:35 -  141	141
2020-10-15 16:10:35 -  231	231
2020-10-15 16:10:35 -  141	141
2020-10-15 16:10:35 -  231	231
2020-10-15 16:10:35 -  141	141
2020-10-15 16:10:35 -  231	231
2020-10-15 16:10:35 -  
2020-10-15 16:10:35 -  Lua Script Error: [CreatureScript Interface] 
2020-10-15 16:10:35 -  data/creaturescripts/scripts/warmode.lua:onModalWindow
2020-10-15 16:10:35 -  data/creaturescripts/scripts/warmode.lua:157: attempt to get length of global 'guildPlayers' (a nil value)
2020-10-15 16:10:35 -  stack traceback:
2020-10-15 16:10:35 -  	[C]: in function '__len'
2020-10-15 16:10:35 -  	data/creaturescripts/scripts/warmode.lua:157: in function <data/creaturescripts/scripts/warmode.lua:1>
2020-10-15 16:49:11 -  ip inválido
2020-10-15 16:49:11 -  Dev Marson has logged out.
2020-10-15 17:06:02 -  
2020-10-15 17:06:02 -  Lua Script Error: [GlobalEvent Interface] 
2020-10-15 17:06:02 -  data/globalevents/scripts/Ghulosh.lua:onThink
2020-10-15 17:06:02 -  data/globalevents/scripts/Ghulosh.lua:34: attempt to index local 'boss' (a nil value)
2020-10-15 17:06:02 -  stack traceback:
2020-10-15 17:06:02 -  	[C]: in function '__index'
2020-10-15 17:06:02 -  	data/globalevents/scripts/Ghulosh.lua:34: in function <data/globalevents/scripts/Ghulosh.lua:21>
2020-10-15 17:06:02 -  [Error - GlobalEvents::think] Failed to execute event: Ghulosh
2020-10-15 17:06:02 -  
2020-10-15 17:06:02 -  Lua Script Error: [GlobalEvent Interface] 
2020-10-15 17:06:02 -  data/globalevents/scripts/Gorzindel.lua:onThink
2020-10-15 17:06:02 -  data/globalevents/scripts/Gorzindel.lua:34: attempt to index local 'boss' (a nil value)
2020-10-15 17:06:02 -  stack traceback:
2020-10-15 17:06:02 -  	[C]: in function '__index'
2020-10-15 17:06:02 -  	data/globalevents/scripts/Gorzindel.lua:34: in function <data/globalevents/scripts/Gorzindel.lua:21>
2020-10-15 17:06:02 -  [Error - GlobalEvents::think] Failed to execute event: Gorzindel
2020-10-15 17:06:02 -  
2020-10-15 17:06:02 -  Lua Script Error: [GlobalEvent Interface] 
2020-10-15 17:06:02 -  data/globalevents/scripts/Lokathmor.lua:onThink
2020-10-15 17:06:02 -  data/globalevents/scripts/Lokathmor.lua:34: attempt to index local 'boss' (a nil value)
2020-10-15 17:06:02 -  stack traceback:
2020-10-15 17:06:02 -  	[C]: in function '__index'
2020-10-15 17:06:02 -  	data/globalevents/scripts/Lokathmor.lua:34: in function <data/globalevents/scripts/Lokathmor.lua:21>
2020-10-15 17:06:02 -  [Error - GlobalEvents::think] Failed to execute event: Lokathmor
2020-10-15 17:06:02 -  
2020-10-15 17:06:02 -  Lua Script Error: [GlobalEvent Interface] 
2020-10-15 17:06:02 -  data/globalevents/scripts/Mazzinor.lua:onThink
2020-10-15 17:06:02 -  data/globalevents/scripts/Mazzinor.lua:34: attempt to index local 'boss' (a nil value)
2020-10-15 17:06:02 -  stack traceback:
2020-10-15 17:06:02 -  	[C]: in function '__index'
2020-10-15 17:06:02 -  	data/globalevents/scripts/Mazzinor.lua:34: in function <data/globalevents/scripts/Mazzinor.lua:21>
2020-10-15 17:06:02 -  [Error - GlobalEvents::think] Failed to execute event: Mazzinor
2020-10-15 17:06:02 -  
2020-10-15 17:06:02 -  Lua Script Error: [GlobalEvent Interface] 
2020-10-15 17:06:02 -  data/globalevents/scripts/The Scourge Of Oblivion.lua:onThink
2020-10-15 17:06:02 -  data/globalevents/scripts/The Scourge Of Oblivion.lua:34: attempt to index local 'boss' (a nil value)
2020-10-15 17:06:02 -  stack traceback:
2020-10-15 17:06:02 -  	[C]: in function '__index'
2020-10-15 17:06:02 -  	data/globalevents/scripts/The Scourge Of Oblivion.lua:34: in function <data/globalevents/scripts/The Scourge Of Oblivion.lua:21>
2020-10-15 17:06:02 -  [Error - GlobalEvents::think] Failed to execute event: The Scourge Of Oblivion
2020-10-15 17:44:38 -  [Castle War votacao aberta]
2020-10-15 17:44:38 -  > Broadcasted message: "[Castle War]: Foi iniciada a votação para decidir o objetivo do castelo que abre em alguns minutos. Use !castle1 para votar no objetivo (Dominar o castelo por mais tempo). Use !castle2 para votar no objetivo (Ultimo que dominar o castelo). Caso não haja votações, o objetivo será aleatorio.".
2020-10-15 17:44:38 -  > Broadcasted message: "[CastleWar] Atencao, O CASTELO esta aberto para batalha, junte-se com sua guild e  conquiste-o. O castelo encerra em 1 hora. Resultado das votacoes: First: 1 Second: 0 Resultado: (Dominar o castelo por mais tempo) foi escolhido".
2020-10-15 17:44:38 -  castleWar Encerrado
2020-10-15 17:44:38 -  Dev Marson has logged in.
2020-10-15 17:47:14 -  141	141
2020-10-15 17:47:14 -  231	231
2020-10-15 17:47:14 -  141	141
2020-10-15 17:47:14 -  231	231
2020-10-15 17:47:14 -  141	141
2020-10-15 17:47:14 -  231	231
2020-10-15 17:47:14 -  141	141
2020-10-15 17:47:14 -  231	231
2020-10-15 17:47:14 -  
2020-10-15 17:47:14 -  Lua Script Error: [CreatureScript Interface] 
2020-10-15 17:47:14 -  data/creaturescripts/scripts/warmode.lua:onModalWindow
2020-10-15 17:47:14 -  data/creaturescripts/scripts/warmode.lua:157: attempt to get length of global 'guildPlayers' (a nil value)
2020-10-15 17:47:14 -  stack traceback:
2020-10-15 17:47:14 -  	[C]: in function '__len'
2020-10-15 17:47:14 -  	data/creaturescripts/scripts/warmode.lua:157: in function <data/creaturescripts/scripts/warmode.lua:1>
2020-10-15 17:53:44 -  141	141
2020-10-15 17:53:44 -  231	231
2020-10-15 17:53:44 -  [Warning - Event::checkScript] Can not load script: scripts/warmode.lua
2020-10-15 17:53:44 -  data/creaturescripts/scripts/warmode.lua:227: 'end' expected (to close 'if' at line 21) near 'player'
2020-10-15 17:55:20 -  141	141
2020-10-15 17:55:20 -  231	231
2020-10-15 17:55:20 -  141	141
2020-10-15 17:55:20 -  231	231
2020-10-15 17:55:20 -  Dev Marson has logged out.
2020-10-15 17:55:21 -  Dev Marson has logged in.
2020-10-15 17:58:55 -  141	141
2020-10-15 17:58:55 -  231	231
2020-10-15 17:58:55 -  141	141
2020-10-15 17:58:55 -  231	231
2020-10-15 17:58:55 -  141	141
2020-10-15 17:58:55 -  231	231
2020-10-15 17:58:55 -  141	141
2020-10-15 17:58:55 -  231	231
2020-10-15 17:58:55 -  141	141
2020-10-15 17:58:55 -  231	231
2020-10-15 17:58:55 -  false	141
2020-10-15 17:58:55 -  231	231
2020-10-15 17:58:55 -  Dev Marson has logged out.
2020-10-15 17:58:56 -  Dev Marson has logged in.
2020-10-15 18:06:48 -  false	141
2020-10-15 18:06:48 -  231	231
2020-10-15 18:06:48 -  false	141
2020-10-15 18:06:48 -  231	231
2020-10-15 18:06:48 -  141	141
2020-10-15 18:06:48 -  231	231
2020-10-15 18:06:48 -  141	141
2020-10-15 18:06:48 -  231	231
2020-10-15 18:06:48 -  141	141
2020-10-15 18:06:48 -  231	231
2020-10-15 18:06:48 -  [Warning - Event::checkScript] Can not load script: scripts/warmode.lua
2020-10-15 18:06:48 -  data/creaturescripts/scripts/warmode.lua:217: 'end' expected (to close 'if' at line 172) near 'elseif'
2020-10-15 18:38:03 -  
2020-10-15 18:38:03 -  Thread 1 "tfs" received signal SIGINT, Interrupt.
2020-10-15 18:38:03 -  0x00007ffff7b14ad3 in epoll_wait () at ../sysdeps/unix/syscall-template.S:84
2020-10-15 18:38:03 -  84	../sysdeps/unix/syscall-template.S: No such file or directory.
2020-10-15 18:38:03 -  
2020-10-15 18:38:03 -  Thread 4 (Thread 0x7ffff2ba7700 (LWP 23513)):
2020-10-15 18:38:03 -  #0  pthread_cond_wait@@GLIBC_2.3.2 () at ../sysdeps/unix/sysv/linux/x86_64/pthread_cond_wait.S:185
2020-10-15 18:38:03 -  No locals.
2020-10-15 18:38:03 -  #1  0x00007ffff5e7491c in std::condition_variable::wait(std::unique_lock<std::mutex>&) () from /usr/lib/x86_64-linux-gnu/libstdc++.so.6
2020-10-15 18:38:04 -  No symbol table info available.
2020-10-15 18:38:04 -  #2  0x00000000006228bf in DatabaseTasks::threadMain() (this=0x8e39a0 <g_databaseTasks>) at /home/otg/src/databasetasks.cpp:42
2020-10-15 18:38:04 -          taskLockUnique = {_M_device = 0x8e3a08 <g_databaseTasks+104>, _M_owns = true}
2020-10-15 18:38:04 -  #3  0x00007ffff5e79c80 in ?? () from /usr/lib/x86_64-linux-gnu/libstdc++.so.6
2020-10-15 18:38:04 -  No symbol table info available.
2020-10-15 18:38:04 -  #4  0x00007ffff614a6ba in start_thread (arg=0x7ffff2ba7700) at pthread_create.c:333
2020-10-15 18:38:04 -          __res = <optimized out>
2020-10-15 18:38:04 -          pd = 0x7ffff2ba7700
2020-10-15 18:38:04 -          now = <optimized out>
2020-10-15 18:38:04 -          unwind_buf = {cancel_jmp_buf = {{jmp_buf = {140737265694464, 5750877719924945175, 0, 140737284647471, 140737265695168, 9334528, -5750853020114636521, -5750862561089179369}, mask_was_saved = 0}}, priv = {pad = {0x0, 0x0, 0x0, 0x0}, data = {prev = 0x0, cleanup = 0x0, canceltype = 0}}}
2020-10-15 18:38:04 -          not_first_call = <optimized out>
2020-10-15 18:38:04 -          pagesize_m1 = <optimized out>
2020-10-15 18:38:04 -          sp = <optimized out>
2020-10-15 18:38:04 -          freesize = <optimized out>
2020-10-15 18:38:04 -          __PRETTY_FUNCTION__ = "start_thread"
2020-10-15 18:38:04 -  #5  0x00007ffff7b144dd in clone () at ../sysdeps/unix/sysv/linux/x86_64/clone.S:109
2020-10-15 18:38:04 -  No locals.
2020-10-15 18:38:04 -  
2020-10-15 18:38:04 -  Thread 3 (Thread 0x7ffff35ba700 (LWP 23512)):
2020-10-15 18:38:04 -  #0  pthread_cond_timedwait@@GLIBC_2.3.2 () at ../sysdeps/unix/sysv/linux/x86_64/pthread_cond_timedwait.S:225
2020-10-15 18:38:04 -  No locals.
2020-10-15 18:38:04 -  #1  0x0000000000506210 in __gthread_cond_timedwait () at /usr/include/x86_64-linux-gnu/c++/5/bits/gthr-default.h:871
2020-10-15 18:38:04 -  No locals.
2020-10-15 18:38:04 -  #2  std::condition_variable::__wait_until_impl (__atime=..., __lock=..., this=0x8e6fa0 <g_scheduler+64>) at /usr/include/c++/5/condition_variable:165
2020-10-15 18:38:04 -          __ts = {tv_sec = 1602801483, tv_nsec = 455242111}
2020-10-15 18:38:04 -  #3  std::condition_variable::wait_until<std::chrono::duration<long, std::ratio<1l, 1000000000l> > > () at /usr/include/c++/5/condition_variable:105
2020-10-15 18:38:04 -          __lock = @0x7ffff35b9e90: {_M_device = 0x8e6f78 <g_scheduler+24>, _M_owns = true}
2020-10-15 18:38:04 -          this = 0x8e6fa0 <g_scheduler+64>
2020-10-15 18:38:04 -  #4  Scheduler::threadMain (this=0x8e6f60 <g_scheduler>) at /home/otg/src/scheduler.cpp:36
2020-10-15 18:38:04 -          ret = std::cv_status::no_timeout
2020-10-15 18:38:04 -          eventLockUnique = {_M_device = 0x8e6f78 <g_scheduler+24>, _M_owns = true}
2020-10-15 18:38:04 -  #5  0x00007ffff5e79c80 in ?? () from /usr/lib/x86_64-linux-gnu/libstdc++.so.6
2020-10-15 18:38:04 -  No symbol table info available.
2020-10-15 18:38:04 -  #6  0x00007ffff614a6ba in start_thread (arg=0x7ffff35ba700) at pthread_create.c:333
2020-10-15 18:38:04 -          __res = <optimized out>
2020-10-15 18:38:04 -          pd = 0x7ffff35ba700
2020-10-15 18:38:04 -          now = <optimized out>
2020-10-15 18:38:04 -          unwind_buf = {cancel_jmp_buf = {{jmp_buf = {140737276258048, 5750877719924945175, 0, 140737488346847, 140737276258752, 9437376, -5750852193870302953, -5750862561089179369}, mask_was_saved = 0}}, priv = {pad = {0x0, 0x0, 0x0, 0x0}, data = {prev = 0x0, cleanup = 0x0, canceltype = 0}}}
2020-10-15 18:38:04 -          not_first_call = <optimized out>
2020-10-15 18:38:04 -          pagesize_m1 = <optimized out>
2020-10-15 18:38:04 -          sp = <optimized out>
2020-10-15 18:38:04 -          freesize = <optimized out>
2020-10-15 18:38:04 -          __PRETTY_FUNCTION__ = "start_thread"
2020-10-15 18:38:04 -  #7  0x00007ffff7b144dd in clone () at ../sysdeps/unix/sysv/linux/x86_64/clone.S:109
2020-10-15 18:38:04 -  No locals.
2020-10-15 18:38:04 -  
2020-10-15 18:38:04 -  Thread 2 (Thread 0x7ffff3dbb700 (LWP 23511)):
2020-10-15 18:38:04 -  #0  pthread_cond_wait@@GLIBC_2.3.2 () at ../sysdeps/unix/sysv/linux/x86_64/pthread_cond_wait.S:185
2020-10-15 18:38:04 -  No locals.
2020-10-15 18:38:04 -  #1  0x00007ffff5e7491c in std::condition_variable::wait(std::unique_lock<std::mutex>&) () from /usr/lib/x86_64-linux-gnu/libstdc++.so.6
2020-10-15 18:38:04 -  No symbol table info available.
2020-10-15 18:38:04 -  #2  0x000000000055af7b in Dispatcher::threadMain() (this=0x8e6ec0 <g_dispatcher>) at /home/otg/src/tasks.cpp:50
2020-10-15 18:38:04 -          taskLockUnique = {_M_device = 0x8e6ed8 <g_dispatcher+24>, _M_owns = true}
2020-10-15 18:38:04 -  #3  0x00007ffff5e79c80 in ?? () from /usr/lib/x86_64-linux-gnu/libstdc++.so.6
2020-10-15 18:38:04 -  No symbol table info available.
2020-10-15 18:38:04 -  #4  0x00007ffff614a6ba in start_thread (arg=0x7ffff3dbb700) at pthread_create.c:333
2020-10-15 18:38:04 -          __res = <optimized out>
2020-10-15 18:38:04 -          pd = 0x7ffff3dbb700
2020-10-15 18:38:04 -          now = <optimized out>
2020-10-15 18:38:04 -          unwind_buf = {cancel_jmp_buf = {{jmp_buf = {140737284650752, 5750877719924945175, 0, 140737488346847, 140737284651456, 9437376, -5750851093821804265, -5750862561089179369}, mask_was_saved = 0}}, priv = {pad = {0x0, 0x0, 0x0, 0x0}, data = {prev = 0x0, cleanup = 0x0, canceltype = 0}}}
2020-10-15 18:38:04 -          not_first_call = <optimized out>
2020-10-15 18:38:04 -          pagesize_m1 = <optimized out>
2020-10-15 18:38:04 -          sp = <optimized out>
2020-10-15 18:38:04 -          freesize = <optimized out>
2020-10-15 18:38:04 -          __PRETTY_FUNCTION__ = "start_thread"
2020-10-15 18:38:04 -  #5  0x00007ffff7b144dd in clone () at ../sysdeps/unix/sysv/linux/x86_64/clone.S:109
2020-10-15 18:38:04 -  No locals.
2020-10-15 18:38:04 -  
2020-10-15 18:38:04 -  Thread 1 (Thread 0x7ffff7fe6740 (LWP 23507)):
2020-10-15 18:38:04 -  #0  0x00007ffff7b14ad3 in epoll_wait () at ../sysdeps/unix/syscall-template.S:84
2020-10-15 18:38:04 -  No locals.
2020-10-15 18:38:04 -  #1  0x00000000005b70e7 in boost::asio::detail::epoll_reactor::run(bool, boost::asio::detail::op_queue<boost::asio::detail::task_io_service_operation>&) [clone .constprop.204] (this=0x901570, block=<optimized out>, ops=...) at /usr/include/boost/asio/detail/impl/epoll_reactor.ipp:392
2020-10-15 18:38:04 -          timeout = <optimized out>
2020-10-15 18:38:04 -          events = {{events = 1, data = {ptr = 0x9015c8, fd = 9442760, u32 = 9442760, u64 = 9442760}}, {events = 2147470470, data = {ptr = 0x0, fd = 0, u32 = 0, u64 = 0}}, {events = 2562785280, data = {ptr = 0xd8d900007fffcc85, fd = 2147470469, u32 = 2147470469, u64 = 15625520384286116997}}, {events = 2147417468, data = {ptr = 0x0, fd = 0, u32 = 0, u64 = 0}}, {events = 2267545600, data = {ptr = 0x152800007fffe929, fd = 2147477801, u32 = 2147477801, u64 = 1524468476012390697}}, {events = 2147470470, data = {ptr = 0x7fffcc8611580000, fd = 290979840, u32 = 290979840, u64 = 9223315438066728960}}, {events = 389545984, data = {ptr = 0x148800007fffcc86, fd = 2147470470, u32 = 2147470470, u64 = 1479432479738678406}}, {events = 2147470470, data = {ptr = 0x7fffcc8598c00000, fd = -1732247552, u32 = 2562719744, u64 = 9223315436043501568}}, {events = 3638493184, data = {ptr = 0xd8e800007ffefd7c, fd = 2147417468, u32 = 2147417468, u64 = 15629742508936723836}}, {events = 2147417468, data = {ptr = 0x7fffcc8615000000, fd = 352321536, u32 = 352321536, u64 = 9223315438128070656}}, {events = 347078656, data = {ptr = 0x98c000007fffcc86, fd = 2147470470, u32 = 2147470470, u64 = 11006797491440962694}}, {events = 2147470469, data = {ptr = 0x7ffefd7cd8ef0000, fd = -655425536, u32 = 3639541760, u64 = 9223087799558668288}}, {events = 3640131584, data = {ptr = 0x148800007ffefd7c, fd = 2147417468, u32 = 2147417468, u64 = 1479432479738625404}}, {events = 2147470470, data = {ptr = 0x7fffcc8614d80000, fd = 349700096, u32 = 349700096, u64 = 9223315438125449216}}, {events = 2562719744, data = {ptr = 0xd8ff00007fffcc85, fd = 2147470469, u32 = 2147470469, u64 = 15636216433401121925}}, {events = 2147417468, data = {ptr = 0x7ffefd7cd9080000, fd = -653787136, u32 = 3641180160, u64 = 9223087799560306688}}, {events = 347078656, data = {ptr = 0x150000007fffcc86, fd = 2147470470, u32 = 2147470470, u64 = 1513209476943957126}}, {events = 2147470470, data = {ptr = 0x7fffcc8598c00000, fd = -1732247552, u32 = 2562719744, u64 = 9223315436043501568}}, {events = 3641442304, data = {ptr = 0xd91400007ffefd7c, fd = 2147417468, u32 = 2147417468, u64 = 15642127407911992700}}, {events = 2147417468, data = {ptr = 0x7fffcc8614d80000, fd = 349700096, u32 = 349700096, u64 = 9223315438125449216}}, {events = 0, data = {ptr = 0x98c1000000000000, fd = 0, u32 = 0, u64 = 11007078964270202880}}, {events = 2147470469, data = {ptr = 0x7ffefd7cd91b0000, fd = -652541952, u32 = 3642425344, u64 = 9223087799561551872}}, {events = 0, data = {ptr = 0x1448000000000000, fd = 0, u32 = 0, u64 = 1461418079081725952}}, {events = 2147470470, data = {ptr = 0x0, fd = 0, u32 = 0, u64 = 0}}, {events = 372244480, data = {ptr = 0x163000007fffcc86, fd = 2147470470, u32 = 2147470470, u64 = 1598777869863996550}}, {events = 2147470470, data = {ptr = 0x7fffcc8615680000, fd = 359137280, u32 = 359137280, u64 = 9223315438134886400}}, {events = 2562719744, data = {ptr = 0xd92300007fffcc85, fd = 2147470469, u32 = 2147470469, u64 = 15646349532562705541}}, {events = 2147417468, data = {ptr = 0x7ffefd7cd9290000, fd = -651624448, u32 = 3643342848, u64 = 9223087799562469376}}, {events = 369623040, data = {ptr = 0x159000007fffcc86, fd = 2147470470, u32 = 2147470470, u64 = 1553741873590291590}}, {events = 2147470470, data = {ptr = 0x7fffcc8598c00000, fd = -1732247552, u32 = 2562719744, u64 = 9223315436043501568}}, {events = 3643998208, data = {ptr = 0xd93600007ffefd7c, fd = 2147417468, u32 = 2147417468, u64 = 15651697557120155004}}, {events = 2147417468, data = {ptr = 0x7fffcc8615680000, fd = 359137280, u32 = 359137280, u64 = 9223315438134886400}}, {events = 364380160, data = {ptr = 0x98c000007fffcc86, fd = 2147470470, u32 = 2147470470, u64 = 11006797491440962694}}, {events = 2147470469, data = {ptr = 0x7ffefd7cd93a0000, fd = -650510336, u32 = 3644456960, u64 = 9223087799563583488}}, {events = 3644653568, data = {ptr = 0x159000007ffefd7c, fd = 2147417468, u32 = 2147417468, u64 = 1553741873590238588}}, {events = 2147470470, data = {ptr = 0x7fffcc8615e00000, fd = 367001600, u32 = 367001600, u64 = 9223315438142750720}}, {events = 2562719744, data = {ptr = 0xd94100007fffcc85, fd = 2147470469, u32 = 2147470469, u64 = 15654793781864025221}}, {events = 2147417468, data = {ptr = 0x7ffefd7cd9440000, fd = -649854976, u32 = 3645112320, u64 = 9223087799564238848}}, {events = 364380160, data = {ptr = 0x160800007fffcc86, fd = 2147470470, u32 = 2147470470, u64 = 1587518870795570310}}, {events = 2147470470, data = {ptr = 0x7fffcc8598c00000, fd = -1732247552, u32 = 2562719744, u64 = 9223315436043501568}}, {events = 3645374464, data = {ptr = 0xd95300007ffefd7c, fd = 2147417468, u32 = 2147417468, u64 = 15659860331444764028}}, {events = 2147417468, data = {ptr = 0x7fffcc8615e00000, fd = 367001600, u32 = 367001600, u64 = 9223315438142750720}}, {events = 0, data = {ptr = 0x98c1000000000000, fd = 0, u32 = 0, u64 = 11007078964270202880}}, {events = 2147470469, data = {ptr = 0x7ffefd7cd95d0000, fd = -648216576, u32 = 3646750720, u64 = 9223087799565877248}}, {events = 0, data = {ptr = 0x1448000000000000, fd = 0, u32 = 0, u64 = 1461418079081725952}}, {events = 2147470470, data = {ptr = 0x0, fd = 0, u32 = 0, u64 = 0}}, {events = 354942976, data = {ptr = 0x7fffcc86, fd = 2147470470, u32 = 2147470470, u64 = 2147470470}}, {events = 0, data = {ptr = 0x7fffcc8616700000, fd = 376438784, u32 = 376438784, u64 = 9223315438152187904}}, {events = 2562719744, data = {ptr = 0xd96500007fffcc85, fd = 2147470469, u32 = 2147470469, u64 = 15664926881025608837}}, {events = 2147417468, data = {ptr = 0x7ffefd7cd96b0000, fd = -647299072, u32 = 3647668224, u64 = 9223087799566794752}}, {events = 386924544, data = {ptr = 0x169800007fffcc86, fd = 2147470470, u32 = 2147470470, u64 = 1628051267441904774}}, {events = 2147470470, data = {ptr = 0x7fffcc8598c00000, fd = -1732247552, u32 = 2562719744, u64 = 9223315436043501568}}, {events = 11, data = {ptr = 0xa17ffefd7c, fd = 2147417468, u32 = 2147417468, u64 = 693637152124}}, {events = 0, data = {ptr = 0x7fffcc8616700000, fd = 376438784, u32 = 376438784, u64 = 9223315438152187904}}, {events = 381681664, data = {ptr = 0x98c000007fffcc86, fd = 2147470470, u32 = 2147470470, u64 = 11006797491440962694}}, {events = 2147470469, data = {ptr = 0x7ffefd7cd97b0000, fd = -646250496, u32 = 3648716800, u64 = 9223087799567843328}}, {events = 3648913408, data = {ptr = 0x169800007ffefd7c, fd = 2147417468, u32 = 2147417468, u64 = 1628051267441851772}}, {events = 2147470470, data = {ptr = 0x7fffcc8616e80000, fd = 384303104, u32 = 384303104, u64 = 9223315438160052224}}, {events = 4155593817, data = {ptr = 0x7fff, fd = 32767, u32 = 32767, u64 = 32767}}, {events = 0, data = {ptr = 0x5828f4 <boost::asio::detail::reactive_socket_recv_op_base<boost::asio::mutable_buffers_1>::do_perform(boost::asio::detail::reactor_op*)+228>, fd = 5777652, u32 = 5777652, u64 = 5777652}}, {events = 381681664, data = {ptr = 0x1ffcc86, fd = 33541254, u32 = 33541254, u64 = 33541254}}, {events = 13, data = {ptr = 0x7fffcc851836, fd = -863692746, u32 = 3431274550, u64 = 140736624662582}}, {events = 2, data = {ptr = 0x200000000, fd = 0, u32 = 0, u64 = 8589934592}}, {events = 0, data = {ptr = 0x5f88cf48, fd = 1602801480, u32 = 1602801480, u64 = 1602801480}}, {events = 0, data = {ptr = 0x0, fd = 0, u32 = 0, u64 = 0}}, {events = 0, data = {ptr = 0x7fffec000038, fd = -335544264, u32 = 3959423032, u64 = 140737152811064}}, {events = 4294958080, data = {ptr = 0xec00007000007fff, fd = 32767, u32 = 32767, u64 = 17005592673987362815}}, {events = 32767, data = {ptr = 0xffff800000002401, fd = 9217, u32 = 9217, u64 = 18446603336221205505}}, {events = 4294958079, data = {ptr = 0xcc85181000007fff, fd = 32767, u32 = 32767, u64 = 14737211812638392319}}, {events = 32767, data = {ptr = 0x7fffbe5ff140, fd = -1101008576, u32 = 3193958720, u64 = 140736387346752}}, {events = 9512736, data = {ptr = 0xcc86191800000000, fd = 0, u32 = 0, u64 = 14737494421486436352}}, {events = 32767, data = {ptr = 0x901c08, fd = 9444360, u32 = 9444360, u64 = 9444360}}, {events = 13, data = {ptr = 0x5200000000, fd = 0, u32 = 0, u64 = 352187318272}}, {events = 0, data = {ptr = 0x901570, fd = 9442672, u32 = 9442672, u64 = 9442672}}, {events = 6449413, data = {ptr = 0xd9c5000000000000, fd = 0, u32 = 0, u64 = 15691948476642361344}}, {events = 2147417468, data = {ptr = 0x7fffa5603ea0, fd = -1520419168, u32 = 2774548128, u64 = 140735967936160}}, {events = 3959423008, data = {ptr = 0x1007000007fff, fd = 32767, u32 = 32767, u64 = 281956013080575}}, {events = 0, data = {ptr = 0x7fffa5613ec0, fd = -1520353600, u32 = 2774613696, u64 = 140735968001728}}, {events = 4294958712, data = {ptr = 0x5000007fff, fd = 32767, u32 = 32767, u64 = 343597416447}}, {events = 0, data = {ptr = 0x7ffff7a8d688 <_int_free+2344>, fd = -139929976, u32 = 4155037320, u64 = 140737348425352}}, {events = 9512736, data = {ptr = 0x2000000000000, fd = 0, u32 = 0, u64 = 562949953421312}}, {events = 0, data = {ptr = 0x7fffcc861918, fd = -863626984, u32 = 3431340312, u64 = 140736624728344}}, {events = 3431274550, data = {ptr = 0x200007fff, fd = 32767, u32 = 32767, u64 = 8589967359}}, {events = 0, data = {ptr = 0x7fff00000001, fd = 1, u32 = 1, u64 = 140733193388033}}, {events = 0, data = {ptr = 0x100000000, fd = 0, u32 = 0, u64 = 4294967296}}, {events = 0, data = {ptr = 0x0, fd = 0, u32 = 0, u64 = 0}}, {events = 0, data = {ptr = 0x94242800000000, fd = 0, u32 = 0, u64 = 41698050770468864}}, {events = 0, data = {ptr = 0x0, fd = 0, u32 = 0, u64 = 0}}, {events = 4128564479, data = {ptr = 0xcc85182000007fff, fd = 32767, u32 = 32767, u64 = 14737211881357869055}}, {events = 32767, data = {ptr = 0x7fffa5603eb0, fd = -1520419152, u32 = 2774548144, u64 = 140735967936176}}, {events = 2722106592, data = {ptr = 0xcc8618b800007fff, fd = 32767, u32 = 32767, u64 = 14737494009169608703}}, {events = 32767, data = {ptr = 0x7fffffffde78, fd = -8584, u32 = 4294958712, u64 = 140737488346744}}, {events = 0, data = {ptr = 0xf7a9158c00000000, fd = 0, u32 = 0, u64 = 17845818689471905792}}, {events = 32767, data = {ptr = 0x900090, fd = 9437328, u32 = 9437328, u64 = 9437328}}, {events = 4294958640, data = {ptr = 0x90009000007fff, fd = 32767, u32 = 32767, u64 = 40533015121657855}}, {events = 0, data = {ptr = 0x7fffcc851820, fd = -863692768, u32 = 3431274528, u64 = 140736624662560}}, {events = 118, data = {ptr = 0xcc85182000000000, fd = 0, u32 = 0, u64 = 14737211881357836288}}, {events = 32767, data = {ptr = 0x7fffa5603eb0, fd = -1520419152, u32 = 2774548144, u64 = 140735967936176}}, {events = 2722106592, data = {ptr = 0xcc8618b800007fff, fd = 32767, u32 = 32767, u64 = 14737494009169608703}}, {events = 32767, data = {ptr = 0x58a8b4 <Connection::onWriteOperation(boost::system::error_code const&)+260>, fd = 5810356, u32 = 5810356, u64 = 5810356}}, {events = 0, data = {ptr = 0xf71e50e000000000, fd = 0, u32 = 0, u64 = 17806758899672416256}}, {events = 32767, data = {ptr = 0xffffde30, fd = -8656, u32 = 4294958640, u64 = 4294958640}}, {events = 118, data = {ptr = 0x0, fd = 0, u32 = 0, u64 = 0}}, {events = 0, data = {ptr = 0x0, fd = 0, u32 = 0, u64 = 0}}, {events = 4294958640, data = {ptr = 0x58574500007fff, fd = 32767, u32 = 32767, u64 = 24865751814930431}}, {events = 0, data = {ptr = 0x10, fd = 16, u32 = 16, u64 = 16}}, {events = 4155593817, data = {ptr = 0xffffde3000007fff, fd = 32767, u32 = 32767, u64 = 18446706896472670207}}, {events = 32767, data = {ptr = 0x0, fd = 0, u32 = 0, u64 = 0}}, {events = 0, data = {ptr = 0x0, fd = 0, u32 = 0, u64 = 0}}, {events = 13, data = {ptr = 0x7fffcc861918, fd = -863626984, u32 = 3431340312, u64 = 140736624728344}}, {events = 4294958720, data = {ptr = 0x90009000007fff, fd = 32767, u32 = 32767, u64 = 40533015121657855}}, {events = 0, data = {ptr = 0x0, fd = 0, u32 = 0, u64 = 0}}, {events = 0, data = {ptr = 0x9000c000000000, fd = 0, u32 = 0, u64 = 40533221280055296}}, {events = 0, data = {ptr = 0x0, fd = 0, u32 = 0, u64 = 0}}, {events = 4155053452, data = {ptr = 0xcc85181000007fff, fd = 32767, u32 = 32767, u64 = 14737211812638392319}}, {events = 32767, data = {ptr = 0x0, fd = 0, u32 = 0, u64 = 0}}, {events = 4145959136, data = {ptr = 0x58a73100007fff, fd = 32767, u32 = 32767, u64 = 24953626845806591}}, {events = 0, data = {ptr = 0x7fffbe5c7bf0, fd = -1101235216, u32 = 3193732080, u64 = 140736387120112}}, {events = 4294958720, data = {ptr = 0x90009000007fff, fd = 32767, u32 = 32767, u64 = 40533015121657855}}, {events = 0, data = {ptr = 0x7fffffffde80, fd = -8576, u32 = 4294958720, u64 = 140737488346752}}, {events = 9437328, data = {ptr = 0x58646e00000000, fd = 0, u32 = 0, u64 = 24880221559717888}}, {events = 0, data = {ptr = 0x7fffcc851820, fd = -863692768, u32 = 3431274528, u64 = 140736624662560}}, {events = 3431274512, data = {ptr = 0xffffde8000007fff, fd = 32767, u32 = 32767, u64 = 18446707240070053887}}, {events = 32767, data = {ptr = 0x0, fd = 0, u32 = 0, u64 = 0}}, {events = 0, data = {ptr = 0x0, fd = 0, u32 = 0, u64 = 0}}, {events = 0, data = {ptr = 0x58a720 <Connection::handleTimeout(std::weak_ptr<Connection>, boost::system::error_code const&)>, fd = 5809952, u32 = 5809952, u64 = 5809952}}, {events = 3431274528, data = {ptr = 0xcc85181000007fff, fd = 32767, u32 = 32767, u64 = 14737211812638392319}}, {events = 32767, data = {ptr = 0x7d, fd = 125, u32 = 125, u64 = 125}}}
2020-10-15 18:38:04 -          num_events = <optimized out>
2020-10-15 18:38:04 -          check_timers = <optimized out>
2020-10-15 18:38:04 -  #2  0x000000000055dcd3 in do_run_one (ec=..., this_thread=..., lock=<synthetic pointer>, this=0x900090) at /usr/include/boost/asio/detail/impl/task_io_service.ipp:356
2020-10-15 18:38:04 -          more_handlers = <optimized out>
2020-10-15 18:38:04 -  #3  run (ec=..., this=0x900090) at /usr/include/boost/asio/detail/impl/task_io_service.ipp:149
2020-10-15 18:38:04 -          this_thread = {private_op_queue = {front_ = 0x0, back_ = 0x0}, private_outstanding_work = 0}
2020-10-15 18:38:04 -          ctx = {key_ = 0x900090, value_ = 0x7fffffffdf40, next_ = 0x0}
2020-10-15 18:38:04 -          lock = {mutex_ = @0x9000c0, locked_ = <optimized out>}
2020-10-15 18:38:04 -          n = 2183684
2020-10-15 18:38:04 -  #4  _ZN5boost4asio10io_service3runEv.isra.226 () at /usr/include/boost/asio/impl/io_service.ipp:59
2020-10-15 18:38:04 -          ec = {m_val = 0, m_cat = 0x7ffff71e50e0}
2020-10-15 18:38:04 -  #5  ServiceManager::run() (this=this@entry=0x7fffffffdff0) at /home/otg/src/server.cpp:47
2020-10-15 18:38:04 -  No locals.
2020-10-15 18:38:04 -  #6  0x0000000000474c46 in main (argc=1, argv=0x7fffffffe1b8) at /home/otg/src/otserv.cpp:96
2020-10-15 18:38:04 -          serviceManager = {acceptors = {_M_h = {_M_buckets = 0x7fffbe5616f0, _M_bucket_count = 5, _M_before_begin = {_M_nxt = 0x7fffbe5c7cc0}, _M_element_count = 2, _M_rehash_policy = {_M_max_load_factor = 1, _M_next_resize = 5}, _M_single_bucket = 0x0}}, io_service = {service_registry_ = 0x900040, impl_ = @0x900090}, signals = {set = {<No data fields>}}, death_timer = {<No data fields>}, running = true}
2020-10-15 18:38:04 -  141	141
2020-10-15 18:38:04 -  231	231
2020-10-15 18:38:04 -  141	141
2020-10-15 18:38:04 -  231	231
2020-10-15 18:38:04 -  141	141
2020-10-15 18:38:04 -  231	231
2020-10-15 18:38:04 -  false	141
2020-10-15 18:38:04 -  231	231
2020-10-15 18:38:04 -  141	141
2020-10-15 18:38:04 -  231	231
2020-10-15 18:38:04 -  141	141
2020-10-15 18:38:04 -  231	231
2020-10-15 18:38:04 -  141	141
2020-10-15 18:38:04 -  231	231
2020-10-15 18:38:04 -  141	141
2020-10-15 18:38:04 -  231	231
2020-10-15 18:38:04 -  141	141
2020-10-15 18:38:04 -  231	231
2020-10-15 18:38:04 -  false	141
2020-10-15 18:38:04 -  231	231
2020-10-15 18:38:04 -  false	141
2020-10-15 18:38:04 -  231	231
2020-10-15 18:38:04 -  false	141
2020-10-15 18:38:04 -  231	231
2020-10-15 18:38:04 -  141	141
2020-10-15 18:38:04 -  231	231
2020-10-15 18:38:04 -  141	141
2020-10-15 18:38:04 -  231	231
2020-10-15 18:38:04 -  141	141
2020-10-15 18:38:04 -  231	231
2020-10-15 18:38:04 -  141	141
2020-10-15 18:38:04 -  false	231
2020-10-15 18:38:04 -  141	141
2020-10-15 18:38:04 -  231	231
2020-10-15 18:38:04 -  141	141
2020-10-15 18:38:04 -  231	231
2020-10-15 18:38:04 -  Saving server...
2020-10-15 18:38:04 -  > Saved house items in: 0.253 s
2020-10-15 18:38:04 -  A debugging session is active.
2020-10-15 18:38:04 -  
2020-10-15 18:38:04 -  	Inferior 1 [process 23507] will be killed.
2020-10-15 18:38:04 -  
2020-10-15 18:38:04 -  Quit anyway? (y or n) [answered Y; input not from terminal]
