2020-10-15 20:46:32 -  [Thread debugging using libthread_db enabled]
2020-10-15 20:46:32 -  Using host libthread_db library "/lib/x86_64-linux-gnu/libthread_db.so.1".
2020-10-15 20:46:33 -  [New Thread 0x7ffff3dbb700 (LWP 5200)]
2020-10-15 20:46:33 -  [New Thread 0x7ffff35ba700 (LWP 5201)]
2020-10-15 20:46:33 -  The OTG-Premium-Version - Version: (1.3)
2020-10-15 20:46:33 -  Compiled with: GNU C++ version 5.4.0 20160609
2020-10-15 20:46:33 -  Compiled on Sep 17 2020 19:49:36 for platform x64
2020-10-15 20:46:33 -  
2020-10-15 20:46:33 -  Special Credits for: OTG Team, Johncore, Vankk, Erick Nunes, Leonardo Pereira, Leandro Baldissera, Talis, Marcomoa, Marson Schneider, Douglas, Mark Samman, OTXServer (Mattyx Gomez) and The Forgotten Server Developers.
2020-10-15 20:46:33 -  Link of repository: https://github.com/Johncorex/OTG-Premium-Version
2020-10-15 20:46:33 -  
2020-10-15 20:46:33 -  >> Loading config: config.lua
2020-10-15 20:46:33 -  >> Establishing database connection... MySQL 5.7.31
2020-10-15 20:46:33 -  >> Running database manager
2020-10-15 20:46:33 -  [New Thread 0x7ffff2ba7700 (LWP 5202)]
2020-10-15 20:46:33 -  > Optimizing table players_online... [success]
2020-10-15 20:46:33 -  > Optimizing table tile_store... [success]
2020-10-15 20:46:33 -  >> Loading vocations
2020-10-15 20:46:33 -  >> Loading items
2020-10-15 20:46:33 -  >> Loading script systems
2020-10-15 20:46:33 -  >> Loading lua libs
2020-10-15 20:46:33 -  [Warning - Event::checkScript] Can not load script: scripts/expboostaction.lua
2020-10-15 20:46:33 -  cannot open data/actions/scripts/expboostaction.lua: No such file or directory
2020-10-15 20:46:34 -  >> Loading lua scripts
2020-10-15 20:46:34 -  >> Loading monsters
2020-10-15 20:46:34 -  >> Loading lua monsters
2020-10-15 20:46:34 -  >> Loading outfits
2020-10-15 20:46:34 -  >> Loading prey data
2020-10-15 20:46:35 -  >> Checking world type... PVP
2020-10-15 20:46:35 -  >> Loading map
2020-10-15 20:46:36 -  > Map size: 34143x33812.
2020-10-15 20:46:42 -  > Map loading time: 7.554 seconds.
2020-10-15 20:47:09 -  > Loaded house items in: 0.084 s
2020-10-15 20:47:09 -  >> Initializing gamestate
2020-10-15 20:47:13 -  >> Loaded 43 npcs and spawned 72708 monsters.
2020-10-15 20:47:13 -  >> Loaded 27 towns with 1074 houses in total.
2020-10-15 20:47:13 -  [Castle War]
2020-10-15 20:47:13 -  [POWERGAMERS]
2020-10-15 20:47:13 -  [SISTEMA DE LOTERIA] OPERANTE
2020-10-15 20:47:13 -  Advanced NPC spawn system | All NPCs will be loaded trough lib.
2020-10-15 20:47:13 -  [REGEN BOOST] CARREGADO
2020-10-15 20:47:13 -  [SPOOF COUNTER]
2020-10-15 20:47:13 -  [STAMINA]
2020-10-15 20:47:13 -  warvariables
2020-10-15 20:47:13 -  >> Loaded all modules, server starting up...
2020-10-15 20:47:13 -  > Warning: OTG-Premium-Version has been executed as root user, please consider running it as a normal user.
2020-10-15 20:47:13 -  >> Honera Global Server Online!
2020-10-15 20:47:13 -  
2020-10-15 20:47:13 -  Dev Marson has logged in.
2020-10-15 20:47:15 -  SABADOU!! NPC HONERA CRIADO
2020-10-15 20:47:15 -  Flash has logged in.
2020-10-15 21:32:16 -  
2020-10-15 21:32:16 -  Thread 1 "tfs" received signal SIGINT, Interrupt.
2020-10-15 21:32:16 -  0x00007ffff7b14ad3 in epoll_wait () at ../sysdeps/unix/syscall-template.S:84
2020-10-15 21:32:16 -  84	../sysdeps/unix/syscall-template.S: No such file or directory.
2020-10-15 21:32:16 -  
2020-10-15 21:32:16 -  Thread 4 (Thread 0x7ffff2ba7700 (LWP 5202)):
2020-10-15 21:32:16 -  #0  pthread_cond_wait@@GLIBC_2.3.2 () at ../sysdeps/unix/sysv/linux/x86_64/pthread_cond_wait.S:185
2020-10-15 21:32:16 -  No locals.
2020-10-15 21:32:16 -  #1  0x00007ffff5e7491c in std::condition_variable::wait(std::unique_lock<std::mutex>&) () from /usr/lib/x86_64-linux-gnu/libstdc++.so.6
2020-10-15 21:32:16 -  No symbol table info available.
2020-10-15 21:32:16 -  #2  0x00000000006228bf in DatabaseTasks::threadMain() (this=0x8e39a0 <g_databaseTasks>) at /home/otg/src/databasetasks.cpp:42
2020-10-15 21:32:16 -          taskLockUnique = {_M_device = 0x8e3a08 <g_databaseTasks+104>, _M_owns = true}
2020-10-15 21:32:16 -  #3  0x00007ffff5e79c80 in ?? () from /usr/lib/x86_64-linux-gnu/libstdc++.so.6
2020-10-15 21:32:16 -  No symbol table info available.
2020-10-15 21:32:16 -  #4  0x00007ffff614a6ba in start_thread (arg=0x7ffff2ba7700) at pthread_create.c:333
2020-10-15 21:32:16 -          __res = <optimized out>
2020-10-15 21:32:16 -          pd = 0x7ffff2ba7700
2020-10-15 21:32:16 -          now = <optimized out>
2020-10-15 21:32:16 -          unwind_buf = {cancel_jmp_buf = {{jmp_buf = {140737265694464, 4501946954993212605, 0, 140737284647471, 140737265695168, 9334528, -4501975013506310979, -4501967065355150147}, mask_was_saved = 0}}, priv = {pad = {0x0, 0x0, 0x0, 0x0}, data = {prev = 0x0, cleanup = 0x0, canceltype = 0}}}
2020-10-15 21:32:16 -          not_first_call = <optimized out>
2020-10-15 21:32:16 -          pagesize_m1 = <optimized out>
2020-10-15 21:32:16 -          sp = <optimized out>
2020-10-15 21:32:16 -          freesize = <optimized out>
2020-10-15 21:32:16 -          __PRETTY_FUNCTION__ = "start_thread"
2020-10-15 21:32:16 -  #5  0x00007ffff7b144dd in clone () at ../sysdeps/unix/sysv/linux/x86_64/clone.S:109
2020-10-15 21:32:16 -  No locals.
2020-10-15 21:32:16 -  
2020-10-15 21:32:16 -  Thread 3 (Thread 0x7ffff35ba700 (LWP 5201)):
2020-10-15 21:32:16 -  #0  pthread_cond_timedwait@@GLIBC_2.3.2 () at ../sysdeps/unix/sysv/linux/x86_64/pthread_cond_timedwait.S:225
2020-10-15 21:32:16 -  No locals.
2020-10-15 21:32:16 -  #1  0x0000000000506210 in __gthread_cond_timedwait () at /usr/include/x86_64-linux-gnu/c++/5/bits/gthr-default.h:871
2020-10-15 21:32:16 -  No locals.
2020-10-15 21:32:16 -  #2  std::condition_variable::__wait_until_impl (__atime=..., __lock=..., this=0x8e6fa0 <g_scheduler+64>) at /usr/include/c++/5/condition_variable:165
2020-10-15 21:32:16 -          __ts = {tv_sec = 1602811936, tv_nsec = 241694522}
2020-10-15 21:32:16 -  #3  std::condition_variable::wait_until<std::chrono::duration<long, std::ratio<1l, 1000000000l> > > () at /usr/include/c++/5/condition_variable:105
2020-10-15 21:32:16 -          __lock = @0x7ffff35b9e90: {_M_device = 0x8e6f78 <g_scheduler+24>, _M_owns = true}
2020-10-15 21:32:16 -          this = 0x8e6fa0 <g_scheduler+64>
2020-10-15 21:32:16 -  #4  Scheduler::threadMain (this=0x8e6f60 <g_scheduler>) at /home/otg/src/scheduler.cpp:36
2020-10-15 21:32:16 -          ret = std::cv_status::no_timeout
2020-10-15 21:32:16 -          eventLockUnique = {_M_device = 0x8e6f78 <g_scheduler+24>, _M_owns = true}
2020-10-15 21:32:16 -  #5  0x00007ffff5e79c80 in ?? () from /usr/lib/x86_64-linux-gnu/libstdc++.so.6
2020-10-15 21:32:16 -  No symbol table info available.
2020-10-15 21:32:16 -  #6  0x00007ffff614a6ba in start_thread (arg=0x7ffff35ba700) at pthread_create.c:333
2020-10-15 21:32:16 -          __res = <optimized out>
2020-10-15 21:32:16 -          pd = 0x7ffff35ba700
2020-10-15 21:32:16 -          now = <optimized out>
2020-10-15 21:32:16 -          unwind_buf = {cancel_jmp_buf = {{jmp_buf = {140737276258048, 4501946954993212605, 0, 140737488346847, 140737276258752, 9437376, -4501974205515588419, -4501967065355150147}, mask_was_saved = 0}}, priv = {pad = {0x0, 0x0, 0x0, 0x0}, data = {prev = 0x0, cleanup = 0x0, canceltype = 0}}}
2020-10-15 21:32:16 -          not_first_call = <optimized out>
2020-10-15 21:32:16 -          pagesize_m1 = <optimized out>
2020-10-15 21:32:16 -          sp = <optimized out>
2020-10-15 21:32:16 -          freesize = <optimized out>
2020-10-15 21:32:16 -          __PRETTY_FUNCTION__ = "start_thread"
2020-10-15 21:32:16 -  #7  0x00007ffff7b144dd in clone () at ../sysdeps/unix/sysv/linux/x86_64/clone.S:109
2020-10-15 21:32:16 -  No locals.
2020-10-15 21:32:16 -  
2020-10-15 21:32:16 -  Thread 2 (Thread 0x7ffff3dbb700 (LWP 5200)):
2020-10-15 21:32:16 -  #0  malloc_consolidate (av=av@entry=0x7fffec000020) at malloc.c:4171
2020-10-15 21:32:16 -          fb = 0x7fffec000028
2020-10-15 21:32:16 -          maxfb = 0x7fffec000070
2020-10-15 21:32:16 -          p = 0x7fff0c856400
2020-10-15 21:32:16 -          nextp = <optimized out>
2020-10-15 21:32:16 -          unsorted_bin = 0x7fffec000078
2020-10-15 21:32:16 -          first_unsorted = <optimized out>
2020-10-15 21:32:16 -          nextchunk = <optimized out>
2020-10-15 21:32:16 -          size = <optimized out>
2020-10-15 21:32:16 -          nextsize = <optimized out>
2020-10-15 21:32:16 -          prevsize = <optimized out>
2020-10-15 21:32:16 -          nextinuse = <optimized out>
2020-10-15 21:32:16 -          bck = <optimized out>
2020-10-15 21:32:16 -          fwd = <optimized out>
2020-10-15 21:32:16 -  #1  0x00007ffff7a8ed0c in _int_malloc (av=av@entry=0x7fffec000020, bytes=bytes@entry=65560) at malloc.c:3457
2020-10-15 21:32:16 -          nb = 65568
2020-10-15 21:32:16 -          idx = 121
2020-10-15 21:32:16 -          bin = <optimized out>
2020-10-15 21:32:16 -          victim = <optimized out>
2020-10-15 21:32:16 -          size = <optimized out>
2020-10-15 21:32:16 -          victim_index = <optimized out>
2020-10-15 21:32:16 -          remainder = <optimized out>
2020-10-15 21:32:16 -          remainder_size = <optimized out>
2020-10-15 21:32:16 -          block = <optimized out>
2020-10-15 21:32:16 -          bit = <optimized out>
2020-10-15 21:32:16 -          map = <optimized out>
2020-10-15 21:32:16 -          fwd = <optimized out>
2020-10-15 21:32:16 -          bck = <optimized out>
2020-10-15 21:32:16 -          errstr = 0x0
2020-10-15 21:32:16 -          __func__ = "_int_malloc"
2020-10-15 21:32:16 -  #2  0x00007ffff7a911d4 in __GI___libc_malloc (bytes=65560) at malloc.c:2920
2020-10-15 21:32:16 -          ar_ptr = 0x7fffec000020
2020-10-15 21:32:16 -          victim = <optimized out>
2020-10-15 21:32:16 -          hook = <optimized out>
2020-10-15 21:32:16 -  #3  0x00007ffff5e4ee78 in operator new(unsigned long) () from /usr/lib/x86_64-linux-gnu/libstdc++.so.6
2020-10-15 21:32:16 -  No symbol table info available.
2020-10-15 21:32:16 -  #4  0x000000000052d302 in __gnu_cxx::new_allocator<std::_Sp_counted_ptr_inplace<OutputMessage, LockfreePoolingAllocator<void, 2048ul>, (__gnu_cxx::_Lock_policy)2> >::allocate(unsigned long, void const*) () at /usr/include/c++/5/ext/new_allocator.h:104
2020-10-15 21:32:16 -  No locals.
2020-10-15 21:32:16 -  #5  std::allocator_traits<std::allocator<std::_Sp_counted_ptr_inplace<OutputMessage, LockfreePoolingAllocator<void, 2048ul>, (__gnu_cxx::_Lock_policy)2> > >::allocate(std::allocator<std::_Sp_counted_ptr_inplace<OutputMessage, LockfreePoolingAllocator<void, 2048ul>, (__gnu_cxx::_Lock_policy)2> >&, unsigned long) () at /usr/include/c++/5/bits/alloc_traits.h:491
2020-10-15 21:32:16 -  No locals.
2020-10-15 21:32:16 -  #6  std::__allocate_guarded<std::allocator<std::_Sp_counted_ptr_inplace<OutputMessage, LockfreePoolingAllocator<void, 2048ul>, (__gnu_cxx::_Lock_policy)2> > >(std::allocator<std::_Sp_counted_ptr_inplace<OutputMessage, LockfreePoolingAllocator<void, 2048ul>, (__gnu_cxx::_Lock_policy)2> >&) () at /usr/include/c++/5/bits/allocated_ptr.h:102
2020-10-15 21:32:16 -  No locals.
2020-10-15 21:32:16 -  #7  __base_ctor  (__a=..., this=0x7ffff3daac58) at /usr/include/c++/5/bits/shared_ptr_base.h:615
2020-10-15 21:32:16 -          __mem = <optimized out>
2020-10-15 21:32:16 -  #8  __base_ctor  (__a=..., __tag=..., this=0x7ffff3daac50, this@entry=0x7ffff3daac30) at /usr/include/c++/5/bits/shared_ptr_base.h:1097
2020-10-15 21:32:16 -  No locals.
2020-10-15 21:32:16 -  #9  std::shared_ptr<OutputMessage>::shared_ptr<LockfreePoolingAllocator<void, 2048ul>>(std::_Sp_make_shared_tag, LockfreePoolingAllocator<void, 2048ul> const&) () at /usr/include/c++/5/bits/shared_ptr.h:319
2020-10-15 21:32:16 -          this = 0x7ffff3daac50
2020-10-15 21:32:16 -  #10 std::allocate_shared<OutputMessage, LockfreePoolingAllocator<void, 2048ul>>(LockfreePoolingAllocator<void, 2048ul> const&) () at /usr/include/c++/5/bits/shared_ptr.h:620
2020-10-15 21:32:16 -  No locals.
2020-10-15 21:32:16 -  #11 OutputMessagePool::getOutputMessage() () at /home/otg/src/outputmessage.cpp:78
2020-10-15 21:32:17 -  No locals.
2020-10-15 21:32:17 -  #12 0x00000000004f8336 in Protocol::getOutputBuffer (this=this@entry=0x901ce0, size=<optimized out>) at /home/otg/src/protocol.cpp:63
2020-10-15 21:32:17 -  No locals.
2020-10-15 21:32:17 -  #13 0x00000000004f83e9 in ProtocolGame::writeToOutputBuffer (this=this@entry=0x901ce0, msg=...) at /home/otg/src/protocolgame.cpp:391
2020-10-15 21:32:17 -  Python Exception <class 'gdb.error'> There is no member or method named _M_refcount.: 
2020-10-15 21:32:17 -          out = 
2020-10-15 21:32:17 -  #14 0x000000000051a570 in ProtocolGame::sendMoveCreature(Creature const*, Position const&, int, Position const&, int, bool) (this=0x901ce0, creature=creature@entry=0x7fffce684300, newPos=..., newStackPos=1, oldPos=..., oldStackPos=oldStackPos@entry=1, teleport=false) at /home/otg/src/protocolgame.cpp:3501
2020-10-15 21:32:17 -          msg = <error reading variable msg (value requires 65542 bytes, which is more than max-value-size)>
2020-10-15 21:32:17 -  #15 0x00000000004edd4e in Player::sendCreatureMove(Creature const*, Position const&, int, Position const&, int, bool) () at /home/otg/src/player.h:814
2020-10-15 21:32:17 -          teleport = <optimized out>
2020-10-15 21:32:17 -          oldStackPos = 1
2020-10-15 21:32:17 -          oldPos = @0x7ffff3dbad60: {x = 32367, y = 32239, z = 7 '\a'}
2020-10-15 21:32:17 -          newStackPos = <optimized out>
2020-10-15 21:32:17 -          newPos = @0x7ffff3dbad50: {x = 32367, y = 32240, z = 7 '\a'}
2020-10-15 21:32:17 -          creature = 0x7fffce684300
2020-10-15 21:32:17 -          this = <optimized out>
2020-10-15 21:32:17 -  #16 Map::moveCreature(Creature&, Tile&, bool) (this=this@entry=0x8e77b0 <g_game+80>, creature=..., newTile=warning: RTTI symbol not found for class 'DynamicTile [clone .lto_priv.2670]'
2020-10-15 21:32:17 -  ..., forceTeleport=forceTeleport@entry=false) at /home/otg/src/map.cpp:291
2020-10-15 21:32:17 -          stackpos = 1
2020-10-15 21:32:17 -          tmpPlayer = <optimized out>
2020-10-15 21:32:17 -          spectator = <optimized out>
2020-10-15 21:32:17 -          __for_range = @0x7ffff3dbad90: {_M_h = {_M_buckets = 0x7fffbf9ed890, _M_bucket_count = 23, _M_before_begin = {_M_nxt = 0x7fff5403d460}, _M_element_count = 18, _M_rehash_policy = {_M_max_load_factor = 1, _M_next_resize = 23}, _M_single_bucket = 0x0}}
2020-10-15 21:32:17 -          oldPos = {x = 32367, y = 32239, z = 7 '\a'}
2020-10-15 21:32:17 -          newPos = {x = 32367, y = 32240, z = 7 '\a'}
2020-10-15 21:32:17 -          teleport = <optimized out>
2020-10-15 21:32:17 -          spectators = {_M_h = {_M_buckets = 0x7fffbf9ed890, _M_bucket_count = 23, _M_before_begin = {_M_nxt = 0x7fff5403d460}, _M_element_count = 18, _M_rehash_policy = {_M_max_load_factor = 1, _M_next_resize = 23}, _M_single_bucket = 0x0}}
2020-10-15 21:32:17 -          oldStackPosVector = {<No data fields>}
2020-10-15 21:32:17 -          leaf = <optimized out>
2020-10-15 21:32:17 -          new_leaf = <optimized out>
2020-10-15 21:32:17 -          i = 1
2020-10-15 21:32:17 -  #17 0x000000000059b954 in Game::internalMoveCreature(Creature&, Tile&, unsigned int) (this=0x8e7760 <g_game>, creature=..., toTile=warning: RTTI symbol not found for class 'DynamicTile [clone .lto_priv.2670]'
2020-10-15 21:32:17 -  ..., flags=32, flags@entry=5880148) at /home/otg/src/game.cpp:888
2020-10-15 21:32:17 -          ret = <optimized out>
2020-10-15 21:32:17 -          index = 32519
2020-10-15 21:32:17 -          toItem = 0x300000000574439
2020-10-15 21:32:17 -          subCylinder = <optimized out>
2020-10-15 21:32:17 -          toCylinder = <optimized out>
2020-10-15 21:32:17 -          fromCylinder = <optimized out>
2020-10-15 21:32:17 -          n = <optimized out>
2020-10-15 21:32:17 -  #18 0x000000000059bc88 in Game::internalMoveCreature(Creature*, Direction, unsigned int) (this=<optimized out>, creature=creature@entry=0x7fffce684300, direction=<optimized out>, flags=5880148) at /home/otg/src/game.cpp:877
2020-10-15 21:32:17 -          destPos = {x = <optimized out>, y = 32240, z = <optimized out>}
2020-10-15 21:32:17 -          player = <optimized out>
2020-10-15 21:32:17 -          diagonalMovement = <optimized out>
2020-10-15 21:32:17 -          toTile = <optimized out>
2020-10-15 21:32:17 -  #19 0x000000000058b966 in Creature::onCreatureWalk() (this=0x7fffce684300) at /home/otg/src/creature.cpp:197
2020-10-15 21:32:17 -          ret = <optimized out>
2020-10-15 21:32:17 -          dir = DIRECTION_SOUTH
2020-10-15 21:32:17 -          flags = 32
2020-10-15 21:32:17 -  #20 0x00000000005a95c4 in Game::checkCreatureWalk(unsigned int) (this=0x8e7760 <g_game>, creatureId=<optimized out>) at /home/otg/src/game.cpp:3943
2020-10-15 21:32:17 -          creature = <optimized out>
2020-10-15 21:32:17 -  #21 0x000000000055af2d in std::function<void ()>::operator()() const () at /usr/include/c++/5/functional:2267
2020-10-15 21:32:17 -          this = 0x7fff69fc48a0
2020-10-15 21:32:17 -  #22 Task::operator()() () at /home/otg/src/tasks.h:42
2020-10-15 21:32:17 -          this = 0x7fff69fc4890
2020-10-15 21:32:17 -  #23 Dispatcher::threadMain() (this=0x8e6ec0 <g_dispatcher>) at /home/otg/src/tasks.cpp:62
2020-10-15 21:32:17 -          task = 0x7fff69fc4890
2020-10-15 21:32:17 -          taskLockUnique = {_M_device = 0x8e6ed8 <g_dispatcher+24>, _M_owns = false}
2020-10-15 21:32:17 -  #24 0x00007ffff5e79c80 in ?? () from /usr/lib/x86_64-linux-gnu/libstdc++.so.6
2020-10-15 21:32:17 -  No symbol table info available.
2020-10-15 21:32:17 -  #25 0x00007ffff614a6ba in start_thread (arg=0x7ffff3dbb700) at pthread_create.c:333
2020-10-15 21:32:17 -          __res = <optimized out>
2020-10-15 21:32:17 -          pd = 0x7ffff3dbb700
2020-10-15 21:32:17 -          now = <optimized out>
2020-10-15 21:32:17 -          unwind_buf = {cancel_jmp_buf = {{jmp_buf = {140737284650752, 4501946954993212605, 0, 140737488346847, 140737284651456, 9437376, -4501973104393347907, -4501967065355150147}, mask_was_saved = 0}}, priv = {pad = {0x0, 0x0, 0x0, 0x0}, data = {prev = 0x0, cleanup = 0x0, canceltype = 0}}}
2020-10-15 21:32:17 -          not_first_call = <optimized out>
2020-10-15 21:32:17 -          pagesize_m1 = <optimized out>
2020-10-15 21:32:17 -          sp = <optimized out>
2020-10-15 21:32:17 -          freesize = <optimized out>
2020-10-15 21:32:17 -          __PRETTY_FUNCTION__ = "start_thread"
2020-10-15 21:32:17 -  #26 0x00007ffff7b144dd in clone () at ../sysdeps/unix/sysv/linux/x86_64/clone.S:109
2020-10-15 21:32:17 -  No locals.
2020-10-15 21:32:17 -  
2020-10-15 21:32:17 -  Thread 1 (Thread 0x7ffff7fe6740 (LWP 5196)):
2020-10-15 21:32:17 -  #0  0x00007ffff7b14ad3 in epoll_wait () at ../sysdeps/unix/syscall-template.S:84
2020-10-15 21:32:17 -  No locals.
2020-10-15 21:32:17 -  #1  0x00000000005b70e7 in boost::asio::detail::epoll_reactor::run(bool, boost::asio::detail::op_queue<boost::asio::detail::task_io_service_operation>&) [clone .constprop.204] (this=0x901570, block=<optimized out>, ops=...) at /usr/include/boost/asio/detail/impl/epoll_reactor.ipp:392
2020-10-15 21:32:17 -          timeout = <optimized out>
2020-10-15 21:32:17 -          events = {{events = 1, data = {ptr = 0x9015c8, fd = 9442760, u32 = 9442760, u64 = 9442760}}, {events = 0, data = {ptr = 0x0, fd = 0, u32 = 0, u64 = 0}} <repeats 51 times>, {events = 11, data = {ptr = 0xa100000000, fd = 0, u32 = 0, u64 = 691489734656}}, {events = 0, data = {ptr = 0x0, fd = 0, u32 = 0, u64 = 0}}, {events = 0, data = {ptr = 0x0, fd = 0, u32 = 0, u64 = 0}}, {events = 0, data = {ptr = 0x0, fd = 0, u32 = 0, u64 = 0}}, {events = 0, data = {ptr = 0x0, fd = 0, u32 = 0, u64 = 0}}, {events = 0, data = {ptr = 0x0, fd = 0, u32 = 0, u64 = 0}}, {events = 4155593817, data = {ptr = 0x7fff, fd = 32767, u32 = 32767, u64 = 32767}}, {events = 0, data = {ptr = 0x5828f4 <boost::asio::detail::reactive_socket_recv_op_base<boost::asio::mutable_buffers_1>::do_perform(boost::asio::detail::reactor_op*)+228>, fd = 5777652, u32 = 5777652, u64 = 5777652}}, {events = 0, data = {ptr = 0x1000000, fd = 16777216, u32 = 16777216, u64 = 16777216}}, {events = 15, data = {ptr = 0x901e66, fd = 9444966, u32 = 9444966, u64 = 9444966}}, {events = 2, data = {ptr = 0x200000000, fd = 0, u32 = 0, u64 = 8589934592}}, {events = 0, data = {ptr = 0x5f88f81d, fd = 1602811933, u32 = 1602811933, u64 = 1602811933}}, {events = 0, data = {ptr = 0x0, fd = 0, u32 = 0, u64 = 0}}, {events = 0, data = {ptr = 0x7fffffffdb80, fd = -9344, u32 = 4294957952, u64 = 140737488345984}}, {events = 1, data = {ptr = 0x0, fd = 0, u32 = 0, u64 = 0}}, {events = 0, data = {ptr = 0x0, fd = 0, u32 = 0, u64 = 0}}, {events = 0, data = {ptr = 0x901e4000000000, fd = 0, u32 = 0, u64 = 40565656873074688}}, {events = 0, data = {ptr = 0x7fffc4f56c00, fd = -990548992, u32 = 3304418304, u64 = 140736497806336}}, {events = 9774560, data = {ptr = 0x911f4800000000, fd = 0, u32 = 0, u64 = 40848265721151488}}, {events = 0, data = {ptr = 0x8ffb88, fd = 9436040, u32 = 9436040, u64 = 9436040}}, {events = 15, data = {ptr = 0x5200000000, fd = 0, u32 = 0, u64 = 352187318272}}, {events = 0, data = {ptr = 0x901570, fd = 9442672, u32 = 9442672, u64 = 9442672}}, {events = 6449413, data = {ptr = 0x0, fd = 0, u32 = 0, u64 = 0}}, {events = 0, data = {ptr = 0xf, fd = 15, u32 = 15, u64 = 15}}, {events = 0, data = {ptr = 0x56f20000000000, fd = 0, u32 = 0, u64 = 24472929811038208}}, {events = 0, data = {ptr = 0x0, fd = 0, u32 = 0, u64 = 0}}, {events = 0, data = {ptr = 0xffffdc7000000000, fd = 0, u32 = 0, u64 = 18446704972327288832}}, {events = 32767, data = {ptr = 0x9525e0, fd = 9774560, u32 = 9774560, u64 = 9774560}}, {events = 9774560, data = {ptr = 0xacd93ca000000000, fd = 0, u32 = 0, u64 = 12455052902362251264}}, {events = 32767, data = {ptr = 0x911f48, fd = 9510728, u32 = 9510728, u64 = 9510728}}, {events = 9444966, data = {ptr = 0x200000000, fd = 0, u32 = 0, u64 = 8589934592}}, {events = 0, data = {ptr = 0x7fff00000001, fd = 1, u32 = 1, u64 = 140733193388033}}, {events = 0, data = {ptr = 0x56f20000000000, fd = 0, u32 = 0, u64 = 24472929811038208}}, {events = 0, data = {ptr = 0x0, fd = 0, u32 = 0, u64 = 0}}, {events = 0, data = {ptr = 0x911ee800000000, fd = 0, u32 = 0, u64 = 40847853404291072}}, {events = 0, data = {ptr = 0x0, fd = 0, u32 = 0, u64 = 0}}, {events = 4128564479, data = {ptr = 0x901e5000007fff, fd = 32767, u32 = 32767, u64 = 40565725592584191}}, {events = 0, data = {ptr = 0x7fffebfa1be0, fd = -335930400, u32 = 3959036896, u64 = 140737152424928}}, {events = 2710897552, data = {ptr = 0x911ee800007fff, fd = 32767, u32 = 32767, u64 = 40847853404323839}}, {events = 0, data = {ptr = 0x7fffffffde78, fd = -8584, u32 = 4294958712, u64 = 140737488346744}}, {events = 0, data = {ptr = 0xf7a9158c00000000, fd = 0, u32 = 0, u64 = 17845818689471905792}}, {events = 32767, data = {ptr = 0x900090, fd = 9437328, u32 = 9437328, u64 = 9437328}}, {events = 4294958640, data = {ptr = 0x90009000007fff, fd = 32767, u32 = 32767, u64 = 40533015121657855}}, {events = 0, data = {ptr = 0x901e50, fd = 9444944, u32 = 9444944, u64 = 9444944}}, {events = 30, data = {ptr = 0x901e5000000000, fd = 0, u32 = 0, u64 = 40565725592551424}}, {events = 0, data = {ptr = 0x7fffebfa1be0, fd = -335930400, u32 = 3959036896, u64 = 140737152424928}}, {events = 2710897552, data = {ptr = 0x911ee800007fff, fd = 32767, u32 = 32767, u64 = 40847853404323839}}, {events = 0, data = {ptr = 0x58a8b4 <Connection::onWriteOperation(boost::system::error_code const&)+260>, fd = 5810356, u32 = 5810356, u64 = 5810356}}, {events = 0, data = {ptr = 0xf71e50e000000000, fd = 0, u32 = 0, u64 = 17806758899672416256}}, {events = 32767, data = {ptr = 0xffffde30, fd = -8656, u32 = 4294958640, u64 = 4294958640}}, {events = 30, data = {ptr = 0x0, fd = 0, u32 = 0, u64 = 0}}, {events = 0, data = {ptr = 0x0, fd = 0, u32 = 0, u64 = 0}}, {events = 4294958640, data = {ptr = 0x58574500007fff, fd = 32767, u32 = 32767, u64 = 24865751814930431}}, {events = 0, data = {ptr = 0x10, fd = 16, u32 = 16, u64 = 16}}, {events = 4155593817, data = {ptr = 0xffffde3000007fff, fd = 32767, u32 = 32767, u64 = 18446706896472670207}}, {events = 32767, data = {ptr = 0x0, fd = 0, u32 = 0, u64 = 0}}, {events = 0, data = {ptr = 0x0, fd = 0, u32 = 0, u64 = 0}}, {events = 15, data = {ptr = 0x911f48, fd = 9510728, u32 = 9510728, u64 = 9510728}}, {events = 4294958720, data = {ptr = 0x90009000007fff, fd = 32767, u32 = 32767, u64 = 40533015121657855}}, {events = 0, data = {ptr = 0x0, fd = 0, u32 = 0, u64 = 0}}, {events = 0, data = {ptr = 0x9000c000000000, fd = 0, u32 = 0, u64 = 40533221280055296}}, {events = 0, data = {ptr = 0x0, fd = 0, u32 = 0, u64 = 0}}, {events = 4155053452, data = {ptr = 0x901e4000007fff, fd = 32767, u32 = 32767, u64 = 40565656873107455}}, {events = 0, data = {ptr = 0x0, fd = 0, u32 = 0, u64 = 0}}, {events = 4145959136, data = {ptr = 0x58a73100007fff, fd = 32767, u32 = 32767, u64 = 24953626845806591}}, {events = 0, data = {ptr = 0x7fffc48cd6b0, fd = -997402960, u32 = 3297564336, u64 = 140736490952368}}, {events = 4294958720, data = {ptr = 0x90009000007fff, fd = 32767, u32 = 32767, u64 = 40533015121657855}}, {events = 0, data = {ptr = 0x7fffffffde80, fd = -8576, u32 = 4294958720, u64 = 140737488346752}}, {events = 9437328, data = {ptr = 0x58646e00000000, fd = 0, u32 = 0, u64 = 24880221559717888}}, {events = 0, data = {ptr = 0x901e50, fd = 9444944, u32 = 9444944, u64 = 9444944}}, {events = 9444928, data = {ptr = 0xffffde8000000000, fd = 0, u32 = 0, u64 = 18446707240070021120}}, {events = 32767, data = {ptr = 0x0, fd = 0, u32 = 0, u64 = 0}}, {events = 0, data = {ptr = 0x0, fd = 0, u32 = 0, u64 = 0}}, {events = 0, data = {ptr = 0x58a720 <Connection::handleTimeout(std::weak_ptr<Connection>, boost::system::error_code const&)>, fd = 5809952, u32 = 5809952, u64 = 5809952}}, {events = 9444944, data = {ptr = 0x901e4000000000, fd = 0, u32 = 0, u64 = 40565656873074688}}, {events = 0, data = {ptr = 0x7d, fd = 125, u32 = 125, u64 = 125}}}
2020-10-15 21:32:17 -          num_events = <optimized out>
2020-10-15 21:32:17 -          check_timers = <optimized out>
2020-10-15 21:32:17 -  #2  0x000000000055dcd3 in do_run_one (ec=..., this_thread=..., lock=<synthetic pointer>, this=0x900090) at /usr/include/boost/asio/detail/impl/task_io_service.ipp:356
2020-10-15 21:32:17 -          more_handlers = <optimized out>
2020-10-15 21:32:17 -  #3  run (ec=..., this=0x900090) at /usr/include/boost/asio/detail/impl/task_io_service.ipp:149
2020-10-15 21:32:17 -          this_thread = {private_op_queue = {front_ = 0x0, back_ = 0x0}, private_outstanding_work = 0}
2020-10-15 21:32:17 -          ctx = {key_ = 0x900090, value_ = 0x7fffffffdf40, next_ = 0x0}
2020-10-15 21:32:17 -          lock = {mutex_ = @0x9000c0, locked_ = <optimized out>}
2020-10-15 21:32:17 -          n = 12684
2020-10-15 21:32:17 -  #4  _ZN5boost4asio10io_service3runEv.isra.226 () at /usr/include/boost/asio/impl/io_service.ipp:59
2020-10-15 21:32:17 -          ec = {m_val = 0, m_cat = 0x7ffff71e50e0}
2020-10-15 21:32:17 -  #5  ServiceManager::run() (this=this@entry=0x7fffffffdff0) at /home/otg/src/server.cpp:47
2020-10-15 21:32:17 -  No locals.
2020-10-15 21:32:17 -  #6  0x0000000000474c46 in main (argc=1, argv=0x7fffffffe1b8) at /home/otg/src/otserv.cpp:96
2020-10-15 21:32:17 -          serviceManager = {acceptors = {_M_h = {_M_buckets = 0x7fffc4480da0, _M_bucket_count = 5, _M_before_begin = {_M_nxt = 0x7fffc48cd780}, _M_element_count = 2, _M_rehash_policy = {_M_max_load_factor = 1, _M_next_resize = 5}, _M_single_bucket = 0x0}}, io_service = {service_registry_ = 0x900040, impl_ = @0x900090}, signals = {set = {<No data fields>}}, death_timer = {<No data fields>}, running = true}
2020-10-15 21:32:17 -  false	257
2020-10-15 21:32:17 -  false	258
2020-10-15 21:32:17 -  false	257
2020-10-15 21:32:17 -  false	258
2020-10-15 21:32:17 -  false	257
2020-10-15 21:32:17 -  false	258
2020-10-15 21:32:17 -  false	141
2020-10-15 21:32:17 -  false	231
2020-10-15 21:32:17 -  141	141
2020-10-15 21:32:17 -  false	231
2020-10-15 21:32:17 -  141	141
2020-10-15 21:32:17 -  231	231
2020-10-15 21:32:17 -  141	141
2020-10-15 21:32:17 -  231	231
2020-10-15 21:32:17 -  141	141
2020-10-15 21:32:17 -  231	231
2020-10-15 21:32:17 -  Saving server...
2020-10-15 21:32:18 -  > Saved house items in: 0.949 s
2020-10-15 21:32:18 -  A debugging session is active.
2020-10-15 21:32:18 -  
2020-10-15 21:32:18 -  	Inferior 1 [process 5196] will be killed.
2020-10-15 21:32:18 -  
2020-10-15 21:32:18 -  Quit anyway? (y or n) [answered Y; input not from terminal]
