2020-10-24 11:52:33 -  [Thread debugging using libthread_db enabled]
2020-10-24 11:52:33 -  Using host libthread_db library "/lib/x86_64-linux-gnu/libthread_db.so.1".
2020-10-24 11:52:33 -  [New Thread 0x7ffff3dbb700 (LWP 6844)]
2020-10-24 11:52:33 -  [New Thread 0x7ffff35ba700 (LWP 6845)]
2020-10-24 11:52:33 -  The OTG-Premium-Version - Version: (1.3)
2020-10-24 11:52:33 -  Compiled with: GNU C++ version 5.4.0 20160609
2020-10-24 11:52:33 -  Compiled on Sep 17 2020 19:49:36 for platform x64
2020-10-24 11:52:33 -  
2020-10-24 11:52:33 -  Special Credits for: OTG Team, Johncore, Vankk, Erick Nunes, Leonardo Pereira, Leandro Baldissera, Talis, Marcomoa, Marson Schneider, Douglas, Mark Samman, OTXServer (Mattyx Gomez) and The Forgotten Server Developers.
2020-10-24 11:52:33 -  Link of repository: https://github.com/Johncorex/OTG-Premium-Version
2020-10-24 11:52:33 -  
2020-10-24 11:52:33 -  >> Loading config: config.lua
2020-10-24 11:52:33 -  >> Establishing database connection... MySQL 5.7.31
2020-10-24 11:52:33 -  >> Running database manager
2020-10-24 11:52:33 -  [New Thread 0x7ffff2ba7700 (LWP 6846)]
2020-10-24 11:52:33 -  > Optimizing table tile_store... [success]
2020-10-24 11:52:33 -  >> Loading vocations
2020-10-24 11:52:33 -  >> Loading items
2020-10-24 11:52:33 -  >> Loading script systems
2020-10-24 11:52:33 -  >> Loading lua libs
2020-10-24 11:52:34 -  [Warning - Event::checkScript] Can not load script: scripts/expboostaction.lua
2020-10-24 11:52:34 -  cannot open data/actions/scripts/expboostaction.lua: No such file or directory
2020-10-24 11:52:35 -  >> Loading lua scripts
2020-10-24 11:52:35 -  >> Loading monsters
2020-10-24 11:52:35 -  >> Loading lua monsters
2020-10-24 11:52:35 -  >> Loading outfits
2020-10-24 11:52:35 -  >> Loading prey data
2020-10-24 11:52:35 -  >> Checking world type... PVP
2020-10-24 11:52:35 -  >> Loading map
2020-10-24 11:52:37 -  > Map size: 34143x33812.
2020-10-24 11:52:42 -  > Map loading time: 7.183 seconds.
2020-10-24 11:52:43 -  > Loaded house items in: 0.013 s
2020-10-24 11:52:43 -  >> Initializing gamestate
2020-10-24 11:52:45 -  >> Loaded 43 npcs and spawned 72708 monsters.
2020-10-24 11:52:45 -  >> Loaded 27 towns with 1074 houses in total.
2020-10-24 11:52:45 -  [Castle War]
2020-10-24 11:52:45 -  [POWERGAMERS]
2020-10-24 11:52:45 -  [SISTEMA DE LOTERIA] OPERANTE
2020-10-24 11:52:45 -  Advanced NPC spawn system | All NPCs will be loaded trough lib.
2020-10-24 11:52:45 -  [REGEN BOOST] CARREGADO
2020-10-24 11:52:45 -  [SPOOF COUNTER]
2020-10-24 11:52:45 -  [STAMINA]
2020-10-24 11:52:45 -  warvariables
2020-10-24 11:52:45 -  eu sou o checkWarmode... 11:52!
2020-10-24 11:52:45 -  > Broadcasted message: "[Warmode] Atencao! A Guild TesteWarmode desafiou a Guild Vai tomando para uma batalha que vai iniciar agora! Use o comando !war, para juntar-se a sua guild.".
2020-10-24 11:52:45 -  >> Loaded all modules, server starting up...
2020-10-24 11:52:45 -  > Warning: OTG-Premium-Version has been executed as root user, please consider running it as a normal user.
2020-10-24 11:52:45 -  >> Honera Global Server Online!
2020-10-24 11:52:45 -  
2020-10-24 11:52:46 -  Robalo has logged in.
2020-10-24 11:52:46 -  funcao onLogin
2020-10-24 11:52:46 -  Demonzin has logged in.
2020-10-24 11:52:46 -  funcao onLogin
2020-10-24 11:52:46 -  Reyzor has logged in.
2020-10-24 11:53:09 -  funcao onLogin
2020-10-24 11:53:09 -  SABADOU!! NPC HONERA CRIADO
2020-10-24 11:53:09 -  Demonzin has logged out.
2020-10-24 11:53:11 -  Demonzin has logged in.
2020-10-24 11:55:11 -  funcao onLogin
2020-10-24 11:55:11 -  Robalo has logged out.
2020-10-24 11:55:14 -  Robalo has logged in.
2020-10-24 11:55:14 -  funcao onLogin
2020-10-24 11:55:14 -  um player que estava dentro da war, logou
2020-10-24 11:55:14 -  Robalo has logged out.
2020-10-24 11:55:58 -  Robalo has logged in.
2020-10-24 11:58:30 -  
2020-10-24 11:58:30 -  Thread 1 "tfs" received signal SIGINT, Interrupt.
2020-10-24 11:58:30 -  0x00007ffff7b14ad3 in epoll_wait () at ../sysdeps/unix/syscall-template.S:84
2020-10-24 11:58:30 -  84	../sysdeps/unix/syscall-template.S: No such file or directory.
2020-10-24 11:58:30 -  
2020-10-24 11:58:30 -  Thread 4 (Thread 0x7ffff2ba7700 (LWP 6846)):
2020-10-24 11:58:30 -  #0  pthread_cond_wait@@GLIBC_2.3.2 () at ../sysdeps/unix/sysv/linux/x86_64/pthread_cond_wait.S:185
2020-10-24 11:58:30 -  No locals.
2020-10-24 11:58:30 -  #1  0x00007ffff5e7491c in std::condition_variable::wait(std::unique_lock<std::mutex>&) () from /usr/lib/x86_64-linux-gnu/libstdc++.so.6
2020-10-24 11:58:31 -  No symbol table info available.
2020-10-24 11:58:31 -  #2  0x00000000006228bf in DatabaseTasks::threadMain() (this=0x8e39a0 <g_databaseTasks>) at /home/otg/src/databasetasks.cpp:42
2020-10-24 11:58:31 -          taskLockUnique = {_M_device = 0x8e3a08 <g_databaseTasks+104>, _M_owns = true}
2020-10-24 11:58:31 -  #3  0x00007ffff5e79c80 in ?? () from /usr/lib/x86_64-linux-gnu/libstdc++.so.6
2020-10-24 11:58:31 -  No symbol table info available.
2020-10-24 11:58:31 -  #4  0x00007ffff614a6ba in start_thread (arg=0x7ffff2ba7700) at pthread_create.c:333
2020-10-24 11:58:31 -          __res = <optimized out>
2020-10-24 11:58:31 -          pd = 0x7ffff2ba7700
2020-10-24 11:58:31 -          now = <optimized out>
2020-10-24 11:58:31 -          unwind_buf = {cancel_jmp_buf = {{jmp_buf = {140737265694464, 5427548831674262497, 0, 140737284647471, 140737265695168, 9334528, -5427572492106996767, -5427564539728239647}, mask_was_saved = 0}}, priv = {pad = {0x0, 0x0, 0x0, 0x0}, data = {prev = 0x0, cleanup = 0x0, canceltype = 0}}}
2020-10-24 11:58:31 -          not_first_call = <optimized out>
2020-10-24 11:58:31 -          pagesize_m1 = <optimized out>
2020-10-24 11:58:31 -          sp = <optimized out>
2020-10-24 11:58:31 -          freesize = <optimized out>
2020-10-24 11:58:31 -          __PRETTY_FUNCTION__ = "start_thread"
2020-10-24 11:58:31 -  #5  0x00007ffff7b144dd in clone () at ../sysdeps/unix/sysv/linux/x86_64/clone.S:109
2020-10-24 11:58:31 -  No locals.
2020-10-24 11:58:31 -  
2020-10-24 11:58:31 -  Thread 3 (Thread 0x7ffff35ba700 (LWP 6845)):
2020-10-24 11:58:31 -  #0  pthread_cond_timedwait@@GLIBC_2.3.2 () at ../sysdeps/unix/sysv/linux/x86_64/pthread_cond_timedwait.S:225
2020-10-24 11:58:31 -  No locals.
2020-10-24 11:58:31 -  #1  0x0000000000506210 in __gthread_cond_timedwait () at /usr/include/x86_64-linux-gnu/c++/5/bits/gthr-default.h:871
2020-10-24 11:58:31 -  No locals.
2020-10-24 11:58:31 -  #2  std::condition_variable::__wait_until_impl (__atime=..., __lock=..., this=0x8e6fa0 <g_scheduler+64>) at /usr/include/c++/5/condition_variable:165
2020-10-24 11:58:31 -          __ts = {tv_sec = 1603555110, tv_nsec = 644489924}
2020-10-24 11:58:31 -  #3  std::condition_variable::wait_until<std::chrono::duration<long, std::ratio<1l, 1000000000l> > > () at /usr/include/c++/5/condition_variable:105
2020-10-24 11:58:31 -          __lock = @0x7ffff35b9e90: {_M_device = 0x8e6f78 <g_scheduler+24>, _M_owns = true}
2020-10-24 11:58:31 -          this = 0x8e6fa0 <g_scheduler+64>
2020-10-24 11:58:31 -  #4  Scheduler::threadMain (this=0x8e6f60 <g_scheduler>) at /home/otg/src/scheduler.cpp:36
2020-10-24 11:58:31 -          ret = std::cv_status::no_timeout
2020-10-24 11:58:31 -          eventLockUnique = {_M_device = 0x8e6f78 <g_scheduler+24>, _M_owns = true}
2020-10-24 11:58:31 -  #5  0x00007ffff5e79c80 in ?? () from /usr/lib/x86_64-linux-gnu/libstdc++.so.6
2020-10-24 11:58:31 -  No symbol table info available.
2020-10-24 11:58:31 -  #6  0x00007ffff614a6ba in start_thread (arg=0x7ffff35ba700) at pthread_create.c:333
2020-10-24 11:58:31 -          __res = <optimized out>
2020-10-24 11:58:31 -          pd = 0x7ffff35ba700
2020-10-24 11:58:31 -          now = <optimized out>
2020-10-24 11:58:31 -          unwind_buf = {cancel_jmp_buf = {{jmp_buf = {140737276258048, 5427548831674262497, 0, 140737488346847, 140737276258752, 9437376, -5427576075720334367, -5427564539728239647}, mask_was_saved = 0}}, priv = {pad = {0x0, 0x0, 0x0, 0x0}, data = {prev = 0x0, cleanup = 0x0, canceltype = 0}}}
2020-10-24 11:58:31 -          not_first_call = <optimized out>
2020-10-24 11:58:31 -          pagesize_m1 = <optimized out>
2020-10-24 11:58:31 -          sp = <optimized out>
2020-10-24 11:58:31 -          freesize = <optimized out>
2020-10-24 11:58:31 -          __PRETTY_FUNCTION__ = "start_thread"
2020-10-24 11:58:31 -  #7  0x00007ffff7b144dd in clone () at ../sysdeps/unix/sysv/linux/x86_64/clone.S:109
2020-10-24 11:58:31 -  No locals.
2020-10-24 11:58:31 -  
2020-10-24 11:58:31 -  Thread 2 (Thread 0x7ffff3dbb700 (LWP 6844)):
2020-10-24 11:58:31 -  #0  pthread_cond_wait@@GLIBC_2.3.2 () at ../sysdeps/unix/sysv/linux/x86_64/pthread_cond_wait.S:185
2020-10-24 11:58:31 -  No locals.
2020-10-24 11:58:31 -  #1  0x00007ffff5e7491c in std::condition_variable::wait(std::unique_lock<std::mutex>&) () from /usr/lib/x86_64-linux-gnu/libstdc++.so.6
2020-10-24 11:58:31 -  No symbol table info available.
2020-10-24 11:58:31 -  #2  0x000000000055af7b in Dispatcher::threadMain() (this=0x8e6ec0 <g_dispatcher>) at /home/otg/src/tasks.cpp:50
2020-10-24 11:58:31 -          taskLockUnique = {_M_device = 0x8e6ed8 <g_dispatcher+24>, _M_owns = true}
2020-10-24 11:58:31 -  #3  0x00007ffff5e79c80 in ?? () from /usr/lib/x86_64-linux-gnu/libstdc++.so.6
2020-10-24 11:58:31 -  No symbol table info available.
2020-10-24 11:58:31 -  #4  0x00007ffff614a6ba in start_thread (arg=0x7ffff3dbb700) at pthread_create.c:333
2020-10-24 11:58:31 -          __res = <optimized out>
2020-10-24 11:58:31 -          pd = 0x7ffff3dbb700
2020-10-24 11:58:31 -          now = <optimized out>
2020-10-24 11:58:31 -          unwind_buf = {cancel_jmp_buf = {{jmp_buf = {140737284650752, 5427548831674262497, 0, 140737488346847, 140737284651456, 9437376, -5427574976745577503, -5427564539728239647}, mask_was_saved = 0}}, priv = {pad = {0x0, 0x0, 0x0, 0x0}, data = {prev = 0x0, cleanup = 0x0, canceltype = 0}}}
2020-10-24 11:58:31 -          not_first_call = <optimized out>
2020-10-24 11:58:31 -          pagesize_m1 = <optimized out>
2020-10-24 11:58:31 -          sp = <optimized out>
2020-10-24 11:58:31 -          freesize = <optimized out>
2020-10-24 11:58:31 -          __PRETTY_FUNCTION__ = "start_thread"
2020-10-24 11:58:31 -  #5  0x00007ffff7b144dd in clone () at ../sysdeps/unix/sysv/linux/x86_64/clone.S:109
2020-10-24 11:58:31 -  No locals.
2020-10-24 11:58:31 -  
2020-10-24 11:58:31 -  Thread 1 (Thread 0x7ffff7fe6740 (LWP 6840)):
2020-10-24 11:58:31 -  #0  0x00007ffff7b14ad3 in epoll_wait () at ../sysdeps/unix/syscall-template.S:84
2020-10-24 11:58:31 -  No locals.
2020-10-24 11:58:31 -  #1  0x00000000005b70e7 in boost::asio::detail::epoll_reactor::run(bool, boost::asio::detail::op_queue<boost::asio::detail::task_io_service_operation>&) [clone .constprop.204] (this=0x901570, block=<optimized out>, ops=...) at /usr/include/boost/asio/detail/impl/epoll_reactor.ipp:392
2020-10-24 11:58:31 -          timeout = <optimized out>
2020-10-24 11:58:31 -          events = {{events = 1, data = {ptr = 0x9015c8, fd = 9442760, u32 = 9442760, u64 = 9442760}}, {events = 2592812688, data = {ptr = 0x9a8ab30000007fff, fd = 32767, u32 = 32767, u64 = 11135909841208377343}}, {events = 32767, data = {ptr = 0x7ffeff6916b6, fd = -9890122, u32 = 4285077174, u64 = 140733183497910}}, {events = 4285077180, data = {ptr = 0x9a8b2f3000007ffe, fd = 32766, u32 = 32766, u64 = 11136046386808651774}}, {events = 32767, data = {ptr = 0x7fff9a8b2eb8, fd = -1702154568, u32 = 2592812728, u64 = 140735786200760}}, {events = 2592781056, data = {ptr = 0xff6916c400007fff, fd = 32767, u32 = 32767, u64 = 18404266383295676415}}, {events = 32766, data = {ptr = 0x7ffeff6916c7, fd = -9890105, u32 = 4285077191, u64 = 140733183497927}}, {events = 2592812688, data = {ptr = 0x9a8b2ee000007fff, fd = 32767, u32 = 32767, u64 = 11136046043211268095}}, {events = 32767, data = {ptr = 0x7fff9a8ab300, fd = -1702186240, u32 = 2592781056, u64 = 140735786169088}}, {events = 4285077194, data = {ptr = 0xff6916cd00007ffe, fd = 32766, u32 = 32766, u64 = 18404266421950382078}}, {events = 32766, data = {ptr = 0x7fff9a8b2eb8, fd = -1702154568, u32 = 2592812728, u64 = 140735786200760}}, {events = 2592812808, data = {ptr = 0x9a8ab30000007fff, fd = 32767, u32 = 32767, u64 = 11135909841208377343}}, {events = 32767, data = {ptr = 0x7ffeff6916d1, fd = -9890095, u32 = 4285077201, u64 = 140733183497937}}, {events = 4285077204, data = {ptr = 0x9a8b2ee000007ffe, fd = 32766, u32 = 32766, u64 = 11136046043211268094}}, {events = 32767, data = {ptr = 0x7fff9a8b2f30, fd = -1702154448, u32 = 2592812848, u64 = 140735786200880}}, {events = 2592781056, data = {ptr = 0xff6916d800007fff, fd = 32767, u32 = 32767, u64 = 18404266469195022335}}, {events = 32766, data = {ptr = 0x7ffeff6916e3, fd = -9890077, u32 = 4285077219, u64 = 140733183497955}}, {events = 2592812808, data = {ptr = 0x7fff, fd = 32767, u32 = 32767, u64 = 32767}}, {events = 0, data = {ptr = 0x7fff9a8ab301, fd = -1702186239, u32 = 2592781057, u64 = 140735786169089}}, {events = 4285077229, data = {ptr = 0x7ffe, fd = 32766, u32 = 32766, u64 = 32766}}, {events = 0, data = {ptr = 0x7fff9a8b2d70, fd = -1702154896, u32 = 2592812400, u64 = 140735786200432}}, {events = 0, data = {ptr = 0x9a8b2e5000000000, fd = 0, u32 = 0, u64 = 11136045424735944704}}, {events = 32767, data = {ptr = 0x0, fd = 0, u32 = 0, u64 = 0}}, {events = 2592812952, data = {ptr = 0x9a8ab30000007fff, fd = 32767, u32 = 32767, u64 = 11135909841208377343}}, {events = 32767, data = {ptr = 0x7ffeff6916f5, fd = -9890059, u32 = 4285077237, u64 = 140733183497973}}, {events = 4285077243, data = {ptr = 0x9a8b303800007ffe, fd = 32766, u32 = 32766, u64 = 11136047520680017918}}, {events = 32767, data = {ptr = 0x7fff9a8b2fc0, fd = -1702154304, u32 = 2592812992, u64 = 140735786201024}}, {events = 2592781056, data = {ptr = 0xff69170b00007fff, fd = 32767, u32 = 32767, u64 = 18404266688238354431}}, {events = 32766, data = {ptr = 0x7ffeff69170e, fd = -9890034, u32 = 4285077262, u64 = 140733183497998}}, {events = 2592812952, data = {ptr = 0x9a8b2fe800007fff, fd = 32767, u32 = 32767, u64 = 11136047177082634239}}, {events = 32767, data = {ptr = 0x7fff9a8ab300, fd = -1702186240, u32 = 2592781056, u64 = 140735786169088}}, {events = 4285077265, data = {ptr = 0xff69171400007ffe, fd = 32766, u32 = 32766, u64 = 18404266726893060094}}, {events = 32766, data = {ptr = 0x7fff9a8b2fc0, fd = -1702154304, u32 = 2592812992, u64 = 140735786201024}}, {events = 2592813072, data = {ptr = 0x9a8ab30000007fff, fd = 32767, u32 = 32767, u64 = 11135909841208377343}}, {events = 32767, data = {ptr = 0x7ffeff691717, fd = -9890025, u32 = 4285077271, u64 = 140733183498007}}, {events = 4285077274, data = {ptr = 0x9a8b2fe800007ffe, fd = 32766, u32 = 32766, u64 = 11136047177082634238}}, {events = 32767, data = {ptr = 0x7fff9a8b3038, fd = -1702154184, u32 = 2592813112, u64 = 140735786201144}}, {events = 2592781056, data = {ptr = 0xff69171e00007fff, fd = 32767, u32 = 32767, u64 = 18404266769842733055}}, {events = 32766, data = {ptr = 0x7ffeff691729, fd = -9890007, u32 = 4285077289, u64 = 140733183498025}}, {events = 2592813072, data = {ptr = 0x7fff, fd = 32767, u32 = 32767, u64 = 32767}}, {events = 0, data = {ptr = 0x7fff9a8ab301, fd = -1702186239, u32 = 2592781057, u64 = 140735786169089}}, {events = 4285077308, data = {ptr = 0x7ffe, fd = 32766, u32 = 32766, u64 = 32766}}, {events = 0, data = {ptr = 0x7fffeddc58a8, fd = -304326488, u32 = 3990640808, u64 = 140737184028840}}, {events = 2592813376, data = {ptr = 0x9a8b2d7000007fff, fd = 32767, u32 = 32767, u64 = 11136044462663303167}}, {events = 32767, data = {ptr = 0x7fff9a8b3248, fd = -1702153656, u32 = 2592813640, u64 = 140735786201672}}, {events = 2592813216, data = {ptr = 0x9a8ab30000007fff, fd = 32767, u32 = 32767, u64 = 11135909841208377343}}, {events = 32767, data = {ptr = 0x7ffeff691742, fd = -9889982, u32 = 4285077314, u64 = 140733183498050}}, {events = 4285077323, data = {ptr = 0x9a8b311800007ffe, fd = 32766, u32 = 32766, u64 = 11136048482752692222}}, {events = 32767, data = {ptr = 0x7fff9a8b30c8, fd = -1702154040, u32 = 2592813256, u64 = 140735786201288}}, {events = 2592781056, data = {ptr = 0xff69175200007fff, fd = 32767, u32 = 32767, u64 = 18404266993181032447}}, {events = 32766, data = {ptr = 0x7ffeff69175b, fd = -9889957, u32 = 4285077339, u64 = 140733183498075}}, {events = 2592813216, data = {ptr = 0x9a8b30f000007fff, fd = 32767, u32 = 32767, u64 = 11136048310954000383}}, {events = 11, data = {ptr = 0xa19a8ab300, fd = -1702186240, u32 = 2592781056, u64 = 694082515712}}, {events = 0, data = {ptr = 0xff69176b00007ffe, fd = 32766, u32 = 32766, u64 = 18404267100555214846}}, {events = 32766, data = {ptr = 0x7fff9a8b30c8, fd = -1702154040, u32 = 2592813256, u64 = 140735786201288}}, {events = 2592813336, data = {ptr = 0x9a8ab30000007fff, fd = 32767, u32 = 32767, u64 = 11135909841208377343}}, {events = 32767, data = {ptr = 0x7ffeff69176f, fd = -9889937, u32 = 4285077359, u64 = 140733183498095}}, {events = 4285077367, data = {ptr = 0x9a8b30f000007ffe, fd = 32766, u32 = 32766, u64 = 11136048310954000382}}, {events = 4155593817, data = {ptr = 0x7fff, fd = 32767, u32 = 32767, u64 = 32767}}, {events = 0, data = {ptr = 0x5828f4 <boost::asio::detail::reactive_socket_recv_op_base<boost::asio::mutable_buffers_1>::do_perform(boost::asio::detail::reactor_op*)+228>, fd = 5777652, u32 = 5777652, u64 = 5777652}}, {events = 32766, data = {ptr = 0x1000000, fd = 16777216, u32 = 16777216, u64 = 16777216}}, {events = 13, data = {ptr = 0x952cc6, fd = 9776326, u32 = 9776326, u64 = 9776326}}, {events = 2, data = {ptr = 0x200000000, fd = 0, u32 = 0, u64 = 8589934592}}, {events = 0, data = {ptr = 0x5f944f26, fd = 1603555110, u32 = 1603555110, u64 = 1603555110}}, {events = 0, data = {ptr = 0x0, fd = 0, u32 = 0, u64 = 0}}, {events = 0, data = {ptr = 0x7fffffffdb80, fd = -9344, u32 = 4294957952, u64 = 140737488345984}}, {events = 1, data = {ptr = 0x0, fd = 0, u32 = 0, u64 = 0}}, {events = 0, data = {ptr = 0x0, fd = 0, u32 = 0, u64 = 0}}, {events = 0, data = {ptr = 0x952ca000000000, fd = 0, u32 = 0, u64 = 41988837236277248}}, {events = 0, data = {ptr = 0x7fffe9759370, fd = -378170512, u32 = 3916796784, u64 = 140737110184816}}, {events = 9510672, data = {ptr = 0x962da800000000, fd = 0, u32 = 0, u64 = 42271446084354048}}, {events = 0, data = {ptr = 0x901c08, fd = 9444360, u32 = 9444360, u64 = 9444360}}, {events = 13, data = {ptr = 0x5200000000, fd = 0, u32 = 0, u64 = 352187318272}}, {events = 0, data = {ptr = 0x901570, fd = 9442672, u32 = 9442672, u64 = 9442672}}, {events = 6449413, data = {ptr = 0x7fff00000000, fd = 0, u32 = 0, u64 = 140733193388032}}, {events = 4285077415, data = {ptr = 0xd, fd = 13, u32 = 13, u64 = 13}}, {events = 0, data = {ptr = 0x56f20000000000, fd = 0, u32 = 0, u64 = 24472929811038208}}, {events = 0, data = {ptr = 0x9a8ab30000007fff, fd = 32767, u32 = 32767, u64 = 11135909841208377343}}, {events = 32767, data = {ptr = 0xffffdc70ff6917ae, fd = -9889874, u32 = 4285077422, u64 = 18446704976612366254}}, {events = 32767, data = {ptr = 0x911f10, fd = 9510672, u32 = 9510672, u64 = 9510672}}, {events = 9510672, data = {ptr = 0x942be000000000, fd = 0, u32 = 0, u64 = 41706537625845760}}, {events = 0, data = {ptr = 0x962da8, fd = 9842088, u32 = 9842088, u64 = 9842088}}, {events = 9776326, data = {ptr = 0x200000000, fd = 0, u32 = 0, u64 = 8589934592}}, {events = 0, data = {ptr = 0x7fff00000001, fd = 1, u32 = 1, u64 = 140733193388033}}, {events = 0, data = {ptr = 0x56f20000000000, fd = 0, u32 = 0, u64 = 24472929811038208}}, {events = 0, data = {ptr = 0x0, fd = 0, u32 = 0, u64 = 0}}, {events = 0, data = {ptr = 0x962d4800000000, fd = 0, u32 = 0, u64 = 42271033767493632}}, {events = 0, data = {ptr = 0x0, fd = 0, u32 = 0, u64 = 0}}, {events = 4128564479, data = {ptr = 0x952cb000007fff, fd = 32767, u32 = 32767, u64 = 41988905955786751}}, {events = 0, data = {ptr = 0x7fffd7bc2980, fd = -675534464, u32 = 3619432832, u64 = 140736812820864}}, {events = 3368808096, data = {ptr = 0x962d4800007fff, fd = 32767, u32 = 32767, u64 = 42271033767526399}}, {events = 0, data = {ptr = 0x7fffffffde78, fd = -8584, u32 = 4294958712, u64 = 140737488346744}}, {events = 0, data = {ptr = 0xf7a9158c00000000, fd = 0, u32 = 0, u64 = 17845818689471905792}}, {events = 32767, data = {ptr = 0x900090, fd = 9437328, u32 = 9437328, u64 = 9437328}}, {events = 4294958640, data = {ptr = 0x90009000007fff, fd = 32767, u32 = 32767, u64 = 40533015121657855}}, {events = 0, data = {ptr = 0x952cb0, fd = 9776304, u32 = 9776304, u64 = 9776304}}, {events = 14, data = {ptr = 0x952cb000000000, fd = 0, u32 = 0, u64 = 41988905955753984}}, {events = 0, data = {ptr = 0x7fffd7bc2980, fd = -675534464, u32 = 3619432832, u64 = 140736812820864}}, {events = 3368808096, data = {ptr = 0x962d4800007fff, fd = 32767, u32 = 32767, u64 = 42271033767526399}}, {events = 0, data = {ptr = 0x58a8b4 <Connection::onWriteOperation(boost::system::error_code const&)+260>, fd = 5810356, u32 = 5810356, u64 = 5810356}}, {events = 0, data = {ptr = 0xf71e50e000000000, fd = 0, u32 = 0, u64 = 17806758899672416256}}, {events = 32767, data = {ptr = 0xffffde30, fd = -8656, u32 = 4294958640, u64 = 4294958640}}, {events = 14, data = {ptr = 0x0, fd = 0, u32 = 0, u64 = 0}}, {events = 0, data = {ptr = 0x0, fd = 0, u32 = 0, u64 = 0}}, {events = 4294958640, data = {ptr = 0x58574500007fff, fd = 32767, u32 = 32767, u64 = 24865751814930431}}, {events = 0, data = {ptr = 0x11, fd = 17, u32 = 17, u64 = 17}}, {events = 4155593817, data = {ptr = 0xffffde3000007fff, fd = 32767, u32 = 32767, u64 = 18446706896472670207}}, {events = 32767, data = {ptr = 0x0, fd = 0, u32 = 0, u64 = 0}}, {events = 0, data = {ptr = 0x0, fd = 0, u32 = 0, u64 = 0}}, {events = 13, data = {ptr = 0x962da8, fd = 9842088, u32 = 9842088, u64 = 9842088}}, {events = 4294958720, data = {ptr = 0x90009000007fff, fd = 32767, u32 = 32767, u64 = 40533015121657855}}, {events = 0, data = {ptr = 0x0, fd = 0, u32 = 0, u64 = 0}}, {events = 0, data = {ptr = 0x9000c000000000, fd = 0, u32 = 0, u64 = 40533221280055296}}, {events = 0, data = {ptr = 0x0, fd = 0, u32 = 0, u64 = 0}}, {events = 4155053452, data = {ptr = 0x952ca000007fff, fd = 32767, u32 = 32767, u64 = 41988837236310015}}, {events = 0, data = {ptr = 0x0, fd = 0, u32 = 0, u64 = 0}}, {events = 4145959136, data = {ptr = 0x58a73100007fff, fd = 32767, u32 = 32767, u64 = 24953626845806591}}, {events = 0, data = {ptr = 0x7fffe9759410, fd = -378170352, u32 = 3916796944, u64 = 140737110184976}}, {events = 4294958720, data = {ptr = 0x90009000007fff, fd = 32767, u32 = 32767, u64 = 40533015121657855}}, {events = 0, data = {ptr = 0x7fffffffde80, fd = -8576, u32 = 4294958720, u64 = 140737488346752}}, {events = 9437328, data = {ptr = 0x58646e00000000, fd = 0, u32 = 0, u64 = 24880221559717888}}, {events = 0, data = {ptr = 0x952cb0, fd = 9776304, u32 = 9776304, u64 = 9776304}}, {events = 9776288, data = {ptr = 0xffffde8000000000, fd = 0, u32 = 0, u64 = 18446707240070021120}}, {events = 32767, data = {ptr = 0x0, fd = 0, u32 = 0, u64 = 0}}, {events = 0, data = {ptr = 0x0, fd = 0, u32 = 0, u64 = 0}}, {events = 32766, data = {ptr = 0x58a720 <Connection::handleTimeout(std::weak_ptr<Connection>, boost::system::error_code const&)>, fd = 5809952, u32 = 5809952, u64 = 5809952}}, {events = 9776304, data = {ptr = 0x952ca000000000, fd = 0, u32 = 0, u64 = 41988837236277248}}, {events = 0, data = {ptr = 0x7fff0000007d, fd = 125, u32 = 125, u64 = 140733193388157}}}
2020-10-24 11:58:31 -          num_events = <optimized out>
2020-10-24 11:58:31 -          check_timers = <optimized out>
2020-10-24 11:58:31 -  #2  0x000000000055dcd3 in do_run_one (ec=..., this_thread=..., lock=<synthetic pointer>, this=0x900090) at /usr/include/boost/asio/detail/impl/task_io_service.ipp:356
2020-10-24 11:58:31 -          more_handlers = <optimized out>
2020-10-24 11:58:31 -  #3  run (ec=..., this=0x900090) at /usr/include/boost/asio/detail/impl/task_io_service.ipp:149
2020-10-24 11:58:31 -          this_thread = {private_op_queue = {front_ = 0x0, back_ = 0x0}, private_outstanding_work = 0}
2020-10-24 11:58:31 -          ctx = {key_ = 0x900090, value_ = 0x7fffffffdf40, next_ = 0x0}
2020-10-24 11:58:31 -          lock = {mutex_ = @0x9000c0, locked_ = <optimized out>}
2020-10-24 11:58:31 -          n = 6360
2020-10-24 11:58:31 -  #4  _ZN5boost4asio10io_service3runEv.isra.226 () at /usr/include/boost/asio/impl/io_service.ipp:59
2020-10-24 11:58:31 -          ec = {m_val = 0, m_cat = 0x7ffff71e50e0}
2020-10-24 11:58:31 -  #5  ServiceManager::run() (this=this@entry=0x7fffffffdff0) at /home/otg/src/server.cpp:47
2020-10-24 11:58:31 -  No locals.
2020-10-24 11:58:31 -  #6  0x0000000000474c46 in main (argc=1, argv=0x7fffffffe1b8) at /home/otg/src/otserv.cpp:96
2020-10-24 11:58:31 -          serviceManager = {acceptors = {_M_h = {_M_buckets = 0x7fffcf468ce0, _M_bucket_count = 5, _M_before_begin = {_M_nxt = 0x7fffcf468cb0}, _M_element_count = 2, _M_rehash_policy = {_M_max_load_factor = 1, _M_next_resize = 5}, _M_single_bucket = 0x0}}, io_service = {service_registry_ = 0x900040, impl_ = @0x900090}, signals = {set = {<No data fields>}}, death_timer = {<No data fields>}, running = true}
2020-10-24 11:58:31 -  funcao onLogin
2020-10-24 11:58:31 -  Saving server...
2020-10-24 11:58:32 -  > Saved house items in: 0.414 s
2020-10-24 11:58:32 -  A debugging session is active.
2020-10-24 11:58:32 -  
2020-10-24 11:58:32 -  	Inferior 1 [process 6840] will be killed.
2020-10-24 11:58:32 -  
2020-10-24 11:58:32 -  Quit anyway? (y or n) [answered Y; input not from terminal]
