2020-10-21 22:36:50 -  [Thread debugging using libthread_db enabled]
2020-10-21 22:36:50 -  Using host libthread_db library "/lib/x86_64-linux-gnu/libthread_db.so.1".
2020-10-21 22:36:50 -  [New Thread 0x7ffff3dbb700 (LWP 15396)]
2020-10-21 22:36:50 -  The OTG-Premium-Version - Version: (1.3)
2020-10-21 22:36:50 -  Compiled with: GNU C++ version 5.4.0 20160609
2020-10-21 22:36:50 -  Compiled on Sep 17 2020 19:49:36 for platform x64
2020-10-21 22:36:50 -  
2020-10-21 22:36:50 -  Special Credits for: OTG Team, Johncore, Vankk, Erick Nunes, Leonardo Pereira, Leandro Baldissera, Talis, Marcomoa, Marson Schneider, Douglas, Mark Samman, OTXServer (Mattyx Gomez) and The Forgotten Server Developers.
2020-10-21 22:36:50 -  Link of repository: https://github.com/Johncorex/OTG-Premium-Version
2020-10-21 22:36:50 -  
2020-10-21 22:36:50 -  >> Loading config: config.lua
2020-10-21 22:36:50 -  [New Thread 0x7ffff35ba700 (LWP 15397)]
2020-10-21 22:36:50 -  >> Establishing database connection... MySQL 5.7.31
2020-10-21 22:36:50 -  >> Running database manager
2020-10-21 22:36:50 -  [New Thread 0x7ffff2ba7700 (LWP 15398)]
2020-10-21 22:36:50 -  > Optimizing table tile_store... [success]
2020-10-21 22:36:50 -  >> Loading vocations
2020-10-21 22:36:50 -  >> Loading items
2020-10-21 22:36:50 -  >> Loading script systems
2020-10-21 22:36:50 -  >> Loading lua libs
2020-10-21 22:36:51 -  [Warning - Event::checkScript] Can not load script: scripts/expboostaction.lua
2020-10-21 22:36:51 -  cannot open data/actions/scripts/expboostaction.lua: No such file or directory
2020-10-21 22:36:52 -  >> Loading lua scripts
2020-10-21 22:36:52 -  >> Loading monsters
2020-10-21 22:36:52 -  >> Loading lua monsters
2020-10-21 22:36:52 -  >> Loading outfits
2020-10-21 22:36:52 -  >> Loading prey data
2020-10-21 22:36:52 -  >> Checking world type... PVP
2020-10-21 22:36:52 -  >> Loading map
2020-10-21 22:36:54 -  > Map size: 34143x33812.
2020-10-21 22:36:59 -  > Map loading time: 7.168 seconds.
2020-10-21 22:37:00 -  > Loaded house items in: 0.012 s
2020-10-21 22:37:00 -  >> Initializing gamestate
2020-10-21 22:37:02 -  >> Loaded 43 npcs and spawned 72708 monsters.
2020-10-21 22:37:02 -  >> Loaded 27 towns with 1074 houses in total.
2020-10-21 22:37:02 -  [Castle War]
2020-10-21 22:37:02 -  [POWERGAMERS]
2020-10-21 22:37:02 -  [SISTEMA DE LOTERIA] OPERANTE
2020-10-21 22:37:02 -  Advanced NPC spawn system | All NPCs will be loaded trough lib.
2020-10-21 22:37:02 -  [REGEN BOOST] CARREGADO
2020-10-21 22:37:02 -  [SPOOF COUNTER]
2020-10-21 22:37:02 -  [STAMINA]
2020-10-21 22:37:02 -  warvariables
2020-10-21 22:37:02 -  Agenda:	20
2020-10-21 22:37:02 -  eu sou o checkWarmode... 22:37!
2020-10-21 22:37:02 -  Buscando valores guilds where id = 3
2020-10-21 22:37:02 -  > Broadcasted message: "[Warmode] Atencao Honerianos! A Guild TesteWarmode desafiou a Guild Vai tomando para uma batalha que vai iniciar agora!".
2020-10-21 22:37:02 -  22	37	23
2020-10-21 22:37:02 -  >> Loaded all modules, server starting up...
2020-10-21 22:37:02 -  > Warning: OTG-Premium-Version has been executed as root user, please consider running it as a normal user.
2020-10-21 22:37:02 -  >> Honera Global Server Online!
2020-10-21 22:37:02 -  
2020-10-21 22:37:03 -  Demonzin has logged in.
2020-10-21 22:37:03 -  funcao onLogin
2020-10-21 22:37:03 -  Robalo has logged in.
2020-10-21 22:37:05 -  funcao onLogin
2020-10-21 22:37:05 -  SABADOU!! NPC HONERA CRIADO
2020-10-21 22:37:05 -  Dev Marson has logged in.
2020-10-21 22:39:09 -  funcao onLogin
2020-10-21 22:39:09 -  Demonzin has logged out.
2020-10-21 22:39:11 -  Demonzin has logged in.
2020-10-21 22:39:11 -  funcao onLogin
2020-10-21 22:39:11 -  um player que estava dentro da war, logou
2020-10-21 22:39:11 -  Demonzin has logged out.
2020-10-21 22:39:11 -  
2020-10-21 22:39:11 -  Lua Script Error: [CreatureScript Interface] 
2020-10-21 22:39:11 -  data/creaturescripts/scripts/warmode.lua:onLogin
2020-10-21 22:39:11 -  data/creaturescripts/scripts/warmode.lua:642: attempt to concatenate a nil value
2020-10-21 22:39:11 -  stack traceback:
2020-10-21 22:39:11 -  	[C]: in function '__concat'
2020-10-21 22:39:11 -  	data/creaturescripts/scripts/warmode.lua:642: in function <data/creaturescripts/scripts/warmode.lua:595>
2020-10-21 22:39:14 -  Demonzin has logged in.
2020-10-21 22:39:14 -  funcao onLogin
2020-10-21 22:39:14 -  Demonzin has logged out.
2020-10-21 22:39:14 -  
2020-10-21 22:39:14 -  Lua Script Error: [CreatureScript Interface] 
2020-10-21 22:39:14 -  data/creaturescripts/scripts/warmode.lua:onLogin
2020-10-21 22:39:14 -  data/creaturescripts/scripts/warmode.lua:642: attempt to concatenate a nil value
2020-10-21 22:39:14 -  stack traceback:
2020-10-21 22:39:14 -  	[C]: in function '__concat'
2020-10-21 22:39:14 -  	data/creaturescripts/scripts/warmode.lua:642: in function <data/creaturescripts/scripts/warmode.lua:595>
2020-10-21 22:40:24 -  Demonzin has logged in.
2020-10-21 22:40:24 -  funcao onLogin
2020-10-21 22:40:24 -  Demonzin has logged out.
2020-10-21 22:40:24 -  
2020-10-21 22:40:24 -  Lua Script Error: [CreatureScript Interface] 
2020-10-21 22:40:24 -  data/creaturescripts/scripts/warmode.lua:onLogin
2020-10-21 22:40:24 -  data/creaturescripts/scripts/warmode.lua:643: attempt to concatenate global 'oldLevel' (a nil value)
2020-10-21 22:40:24 -  stack traceback:
2020-10-21 22:40:24 -  	[C]: in function '__concat'
2020-10-21 22:40:24 -  	data/creaturescripts/scripts/warmode.lua:643: in function <data/creaturescripts/scripts/warmode.lua:595>
2020-10-21 22:41:05 -  endWarmode
2020-10-21 22:41:05 -  > Broadcasted message: "[Warmode] A War acabou por tempo! Parabens para ambas as guilds por este emocionante empate!".
2020-10-21 22:41:05 -  removendo players da tabela porque a war acabou
2020-10-21 22:41:05 -  Demonzin has logged in.
2020-10-21 22:41:05 -  funcao onLogin
2020-10-21 22:41:05 -  Demonzin has logged out.
2020-10-21 22:41:05 -  
2020-10-21 22:41:05 -  Lua Script Error: [CreatureScript Interface] 
2020-10-21 22:41:05 -  data/creaturescripts/scripts/warmode.lua:onLogin
2020-10-21 22:41:05 -  data/creaturescripts/scripts/warmode.lua:643: attempt to concatenate global 'oldLevel' (a nil value)
2020-10-21 22:41:05 -  stack traceback:
2020-10-21 22:41:05 -  	[C]: in function '__concat'
2020-10-21 22:41:05 -  	data/creaturescripts/scripts/warmode.lua:643: in function <data/creaturescripts/scripts/warmode.lua:595>
2020-10-21 22:41:15 -  Demonzin has logged in.
2020-10-21 22:41:15 -  funcao onLogin
2020-10-21 22:41:15 -  Demonzin has logged out.
2020-10-21 22:41:15 -  [Error - mysql_real_query] Query: UPDATE `players` SET `level`= 73, `experience` = 5971200, `healthmax` = 1225, `health` = 1225, `mana` = 365, `manamax` = 365, `cap` = 222500 WHERE `player_guid` =231
2020-10-21 22:41:15 -  Message: Unknown column 'player_guid' in 'where clause'
2020-10-21 22:41:15 -  
2020-10-21 22:41:15 -  Lua Script Error: [CreatureScript Interface] 
2020-10-21 22:41:15 -  data/creaturescripts/scripts/warmode.lua:onLogin
2020-10-21 22:41:15 -  data/creaturescripts/scripts/warmode.lua:644: attempt to concatenate a nil value
2020-10-21 22:41:15 -  stack traceback:
2020-10-21 22:41:15 -  	[C]: in function '__concat'
2020-10-21 22:41:15 -  	data/creaturescripts/scripts/warmode.lua:644: in function <data/creaturescripts/scripts/warmode.lua:595>
2020-10-21 22:41:41 -  Demonzin has logged in.
2020-10-21 22:41:41 -  funcao onLogin
2020-10-21 22:41:41 -  Demonzin has logged out.
2020-10-21 22:41:41 -  [Error - mysql_real_query] Query: UPDATE `players` SET `level`= 73, `experience` = 5971200, `healthmax` = 1225, `health` = 1225, `mana` = 365, `manamax` = 365, `cap` = 222500 WHERE `player_guid` =231
2020-10-21 22:41:41 -  Message: Unknown column 'player_guid' in 'where clause'
2020-10-21 22:42:30 -  Demonzin has logged in.
2020-10-21 22:42:49 -  funcao onLogin
2020-10-21 22:42:49 -  Demonzin has logged out.
2020-10-21 22:42:50 -  Demonzin has logged in.
2020-10-21 22:43:14 -  funcao onLogin
2020-10-21 22:43:14 -  Demonzin has logged out.
2020-10-21 22:43:21 -  Robalo has logged out.
2020-10-21 22:43:25 -  Robalo has logged in.
2020-10-21 22:43:25 -  funcao onLogin
2020-10-21 22:43:25 -  Robalo has logged out.
2020-10-21 22:43:25 -  [Error - mysql_real_query] Query: UPDATE `players` SET `level`= 235, `experience` = 212972238, `healthmax` = 105, `health` = 105, `mana` = 0, `manamax` = 0, `cap` = 35000 WHERE `player_guid` =255
2020-10-21 22:43:25 -  Message: Unknown column 'player_guid' in 'where clause'
2020-10-21 22:43:25 -  [Error - mysql_real_query] Query: DELETE FROM `guild_warmode_level` WHERE `id` = 255
2020-10-21 22:43:25 -  Message: Unknown column 'id' in 'where clause'
2020-10-21 22:44:20 -  Robalo has logged in.
2020-10-21 22:44:20 -  funcao onLogin
2020-10-21 22:44:20 -  Robalo has logged out.
2020-10-21 22:44:20 -  [Error - mysql_real_query] Query: UPDATE `players` SET `level`= 235, `experience` = 212972238, `healthmax` = 105, `health` = 105, `mana` = 0, `manamax` = 0, `cap` = 35000 WHERE `player_guid` =255
2020-10-21 22:44:20 -  Message: Unknown column 'player_guid' in 'where clause'
2020-10-21 22:45:00 -  Robalo has logged in.
2020-10-21 22:45:03 -  funcao onLogin
2020-10-21 22:45:03 -  Robalo has logged out.
2020-10-21 22:45:05 -  Robalo has logged in.
2020-10-21 22:46:05 -  funcao onLogin
2020-10-21 22:46:05 -  Robalo has logged out.
2020-10-21 22:47:20 -  aqui eu checkei o choiceID para atualizar o warmode temp5
2020-10-21 22:47:20 -  aqui eu checkei o choiceID para atualizar o warmode temp1
2020-10-21 22:47:20 -  aqui eu checkei o choiceID para atualizar o warmode temp2
2020-10-21 22:47:20 -  Robalo has logged in.
2020-10-21 22:47:35 -  
2020-10-21 22:47:35 -  Thread 1 "tfs" received signal SIGINT, Interrupt.
2020-10-21 22:47:35 -  0x00007ffff7b14ad3 in epoll_wait () at ../sysdeps/unix/syscall-template.S:84
2020-10-21 22:47:35 -  84	../sysdeps/unix/syscall-template.S: No such file or directory.
2020-10-21 22:47:35 -  
2020-10-21 22:47:35 -  Thread 4 (Thread 0x7ffff2ba7700 (LWP 15398)):
2020-10-21 22:47:35 -  #0  pthread_cond_wait@@GLIBC_2.3.2 () at ../sysdeps/unix/sysv/linux/x86_64/pthread_cond_wait.S:185
2020-10-21 22:47:35 -  No locals.
2020-10-21 22:47:35 -  #1  0x00007ffff5e7491c in std::condition_variable::wait(std::unique_lock<std::mutex>&) () from /usr/lib/x86_64-linux-gnu/libstdc++.so.6
2020-10-21 22:47:36 -  No symbol table info available.
2020-10-21 22:47:36 -  #2  0x00000000006228bf in DatabaseTasks::threadMain() (this=0x8e39a0 <g_databaseTasks>) at /home/otg/src/databasetasks.cpp:42
2020-10-21 22:47:36 -          taskLockUnique = {_M_device = 0x8e3a08 <g_databaseTasks+104>, _M_owns = true}
2020-10-21 22:47:36 -  #3  0x00007ffff5e79c80 in ?? () from /usr/lib/x86_64-linux-gnu/libstdc++.so.6
2020-10-21 22:47:36 -  No symbol table info available.
2020-10-21 22:47:36 -  #4  0x00007ffff614a6ba in start_thread (arg=0x7ffff2ba7700) at pthread_create.c:333
2020-10-21 22:47:36 -          __res = <optimized out>
2020-10-21 22:47:36 -          pd = 0x7ffff2ba7700
2020-10-21 22:47:36 -          now = <optimized out>
2020-10-21 22:47:36 -          unwind_buf = {cancel_jmp_buf = {{jmp_buf = {140737265694464, -7976576575228183094, 0, 140737284647471, 140737265695168, 9334528, 7976548567232970186, 7976558787335585226}, mask_was_saved = 0}}, priv = {pad = {0x0, 0x0, 0x0, 0x0}, data = {prev = 0x0, cleanup = 0x0, canceltype = 0}}}
2020-10-21 22:47:36 -          not_first_call = <optimized out>
2020-10-21 22:47:36 -          pagesize_m1 = <optimized out>
2020-10-21 22:47:36 -          sp = <optimized out>
2020-10-21 22:47:36 -          freesize = <optimized out>
2020-10-21 22:47:36 -          __PRETTY_FUNCTION__ = "start_thread"
2020-10-21 22:47:36 -  #5  0x00007ffff7b144dd in clone () at ../sysdeps/unix/sysv/linux/x86_64/clone.S:109
2020-10-21 22:47:36 -  No locals.
2020-10-21 22:47:36 -  
2020-10-21 22:47:36 -  Thread 3 (Thread 0x7ffff35ba700 (LWP 15397)):
2020-10-21 22:47:36 -  #0  pthread_cond_timedwait@@GLIBC_2.3.2 () at ../sysdeps/unix/sysv/linux/x86_64/pthread_cond_timedwait.S:225
2020-10-21 22:47:36 -  No locals.
2020-10-21 22:47:36 -  #1  0x0000000000506210 in __gthread_cond_timedwait () at /usr/include/x86_64-linux-gnu/c++/5/bits/gthr-default.h:871
2020-10-21 22:47:36 -  No locals.
2020-10-21 22:47:36 -  #2  std::condition_variable::__wait_until_impl (__atime=..., __lock=..., this=0x8e6fa0 <g_scheduler+64>) at /usr/include/c++/5/condition_variable:165
2020-10-21 22:47:36 -          __ts = {tv_sec = 1603334855, tv_nsec = 544150932}
2020-10-21 22:47:36 -  #3  std::condition_variable::wait_until<std::chrono::duration<long, std::ratio<1l, 1000000000l> > > () at /usr/include/c++/5/condition_variable:105
2020-10-21 22:47:36 -          __lock = @0x7ffff35b9e90: {_M_device = 0x8e6f78 <g_scheduler+24>, _M_owns = true}
2020-10-21 22:47:36 -          this = 0x8e6fa0 <g_scheduler+64>
2020-10-21 22:47:36 -  #4  Scheduler::threadMain (this=0x8e6f60 <g_scheduler>) at /home/otg/src/scheduler.cpp:36
2020-10-21 22:47:36 -          ret = std::cv_status::no_timeout
2020-10-21 22:47:36 -          eventLockUnique = {_M_device = 0x8e6f78 <g_scheduler+24>, _M_owns = true}
2020-10-21 22:47:36 -  #5  0x00007ffff5e79c80 in ?? () from /usr/lib/x86_64-linux-gnu/libstdc++.so.6
2020-10-21 22:47:36 -  No symbol table info available.
2020-10-21 22:47:36 -  #6  0x00007ffff614a6ba in start_thread (arg=0x7ffff35ba700) at pthread_create.c:333
2020-10-21 22:47:36 -          __res = <optimized out>
2020-10-21 22:47:36 -          pd = 0x7ffff35ba700
2020-10-21 22:47:36 -          now = <optimized out>
2020-10-21 22:47:36 -          unwind_buf = {cancel_jmp_buf = {{jmp_buf = {140737276258048, -7976576575228183094, 0, 140737488346847, 140737276258752, 9437376, 7976551598943010250, 7976558787335585226}, mask_was_saved = 0}}, priv = {pad = {0x0, 0x0, 0x0, 0x0}, data = {prev = 0x0, cleanup = 0x0, canceltype = 0}}}
2020-10-21 22:47:36 -          not_first_call = <optimized out>
2020-10-21 22:47:36 -          pagesize_m1 = <optimized out>
2020-10-21 22:47:36 -          sp = <optimized out>
2020-10-21 22:47:36 -          freesize = <optimized out>
2020-10-21 22:47:36 -          __PRETTY_FUNCTION__ = "start_thread"
2020-10-21 22:47:36 -  #7  0x00007ffff7b144dd in clone () at ../sysdeps/unix/sysv/linux/x86_64/clone.S:109
2020-10-21 22:47:36 -  No locals.
2020-10-21 22:47:36 -  
2020-10-21 22:47:36 -  Thread 2 (Thread 0x7ffff3dbb700 (LWP 15396)):
2020-10-21 22:47:36 -  #0  pthread_cond_wait@@GLIBC_2.3.2 () at ../sysdeps/unix/sysv/linux/x86_64/pthread_cond_wait.S:185
2020-10-21 22:47:36 -  No locals.
2020-10-21 22:47:36 -  #1  0x00007ffff5e7491c in std::condition_variable::wait(std::unique_lock<std::mutex>&) () from /usr/lib/x86_64-linux-gnu/libstdc++.so.6
2020-10-21 22:47:36 -  No symbol table info available.
2020-10-21 22:47:36 -  #2  0x000000000055af7b in Dispatcher::threadMain() (this=0x8e6ec0 <g_dispatcher>) at /home/otg/src/tasks.cpp:50
2020-10-21 22:47:36 -          taskLockUnique = {_M_device = 0x8e6ed8 <g_dispatcher+24>, _M_owns = true}
2020-10-21 22:47:36 -  #3  0x00007ffff5e79c80 in ?? () from /usr/lib/x86_64-linux-gnu/libstdc++.so.6
2020-10-21 22:47:36 -  No symbol table info available.
2020-10-21 22:47:36 -  #4  0x00007ffff614a6ba in start_thread (arg=0x7ffff3dbb700) at pthread_create.c:333
2020-10-21 22:47:36 -          __res = <optimized out>
2020-10-21 22:47:36 -          pd = 0x7ffff3dbb700
2020-10-21 22:47:36 -          now = <optimized out>
2020-10-21 22:47:36 -          unwind_buf = {cancel_jmp_buf = {{jmp_buf = {140737284650752, -7976576575228183094, 0, 140737488346847, 140737284651456, 9437376, 7976550497820769738, 7976558787335585226}, mask_was_saved = 0}}, priv = {pad = {0x0, 0x0, 0x0, 0x0}, data = {prev = 0x0, cleanup = 0x0, canceltype = 0}}}
2020-10-21 22:47:36 -          not_first_call = <optimized out>
2020-10-21 22:47:36 -          pagesize_m1 = <optimized out>
2020-10-21 22:47:36 -          sp = <optimized out>
2020-10-21 22:47:36 -          freesize = <optimized out>
2020-10-21 22:47:36 -          __PRETTY_FUNCTION__ = "start_thread"
2020-10-21 22:47:36 -  #5  0x00007ffff7b144dd in clone () at ../sysdeps/unix/sysv/linux/x86_64/clone.S:109
2020-10-21 22:47:36 -  No locals.
2020-10-21 22:47:36 -  
2020-10-21 22:47:36 -  Thread 1 (Thread 0x7ffff7fe6740 (LWP 15392)):
2020-10-21 22:47:36 -  #0  0x00007ffff7b14ad3 in epoll_wait () at ../sysdeps/unix/syscall-template.S:84
2020-10-21 22:47:36 -  No locals.
2020-10-21 22:47:36 -  #1  0x00000000005b70e7 in boost::asio::detail::epoll_reactor::run(bool, boost::asio::detail::op_queue<boost::asio::detail::task_io_service_operation>&) [clone .constprop.204] (this=0x901570, block=<optimized out>, ops=...) at /usr/include/boost/asio/detail/impl/epoll_reactor.ipp:392
2020-10-21 22:47:36 -          timeout = <optimized out>
2020-10-21 22:47:36 -          events = {{events = 0, data = {ptr = 0x0, fd = 0, u32 = 0, u64 = 0}} <repeats 52 times>, {events = 11, data = {ptr = 0xa100000000, fd = 0, u32 = 0, u64 = 691489734656}}, {events = 0, data = {ptr = 0x0, fd = 0, u32 = 0, u64 = 0}}, {events = 0, data = {ptr = 0x0, fd = 0, u32 = 0, u64 = 0}}, {events = 0, data = {ptr = 0x0, fd = 0, u32 = 0, u64 = 0}}, {events = 0, data = {ptr = 0x0, fd = 0, u32 = 0, u64 = 0}}, {events = 0, data = {ptr = 0x0, fd = 0, u32 = 0, u64 = 0}}, {events = 4155593817, data = {ptr = 0x7fff, fd = 32767, u32 = 32767, u64 = 32767}}, {events = 0, data = {ptr = 0x5828f4 <boost::asio::detail::reactive_socket_recv_op_base<boost::asio::mutable_buffers_1>::do_perform(boost::asio::detail::reactor_op*)+228>, fd = 5777652, u32 = 5777652, u64 = 5777652}}, {events = 0, data = {ptr = 0x1000000, fd = 16777216, u32 = 16777216, u64 = 16777216}}, {events = 15, data = {ptr = 0x9329b6, fd = 9644470, u32 = 9644470, u64 = 9644470}}, {events = 2, data = {ptr = 0x200000000, fd = 0, u32 = 0, u64 = 8589934592}}, {events = 0, data = {ptr = 0x5f90f2c6, fd = 1603334854, u32 = 1603334854, u64 = 1603334854}}, {events = 0, data = {ptr = 0x0, fd = 0, u32 = 0, u64 = 0}}, {events = 0, data = {ptr = 0x7fffffffdb80, fd = -9344, u32 = 4294957952, u64 = 140737488345984}}, {events = 1, data = {ptr = 0x0, fd = 0, u32 = 0, u64 = 0}}, {events = 0, data = {ptr = 0x0, fd = 0, u32 = 0, u64 = 0}}, {events = 0, data = {ptr = 0x93299000000000, fd = 0, u32 = 0, u64 = 41422520028495872}}, {events = 0, data = {ptr = 0x7fff92626f80, fd = -1839042688, u32 = 2455924608, u64 = 140735649312640}}, {events = 9576752, data = {ptr = 0x942a9800000000, fd = 0, u32 = 0, u64 = 41705128876572672}}, {events = 0, data = {ptr = 0x912088, fd = 9511048, u32 = 9511048, u64 = 9511048}}, {events = 15, data = {ptr = 0x5200000000, fd = 0, u32 = 0, u64 = 352187318272}}, {events = 0, data = {ptr = 0x901570, fd = 9442672, u32 = 9442672, u64 = 9442672}}, {events = 6449413, data = {ptr = 0x0, fd = 0, u32 = 0, u64 = 0}}, {events = 0, data = {ptr = 0xf, fd = 15, u32 = 15, u64 = 15}}, {events = 0, data = {ptr = 0x56f20000000000, fd = 0, u32 = 0, u64 = 24472929811038208}}, {events = 0, data = {ptr = 0x0, fd = 0, u32 = 0, u64 = 0}}, {events = 0, data = {ptr = 0xffffdc7000000000, fd = 0, u32 = 0, u64 = 18446704972327288832}}, {events = 32767, data = {ptr = 0x922130, fd = 9576752, u32 = 9576752, u64 = 9576752}}, {events = 9576752, data = {ptr = 0x92228000000000, fd = 0, u32 = 0, u64 = 41133279750914048}}, {events = 0, data = {ptr = 0x942a98, fd = 9710232, u32 = 9710232, u64 = 9710232}}, {events = 9644470, data = {ptr = 0x200000000, fd = 0, u32 = 0, u64 = 8589934592}}, {events = 0, data = {ptr = 0x7fff00000001, fd = 1, u32 = 1, u64 = 140733193388033}}, {events = 0, data = {ptr = 0x56f20000000000, fd = 0, u32 = 0, u64 = 24472929811038208}}, {events = 0, data = {ptr = 0x0, fd = 0, u32 = 0, u64 = 0}}, {events = 0, data = {ptr = 0x0, fd = 0, u32 = 0, u64 = 0}}, {events = 0, data = {ptr = 0x9429b8, fd = 9710008, u32 = 9710008, u64 = 9710008}}, {events = 5809952, data = {ptr = 0x9329a000000000, fd = 0, u32 = 0, u64 = 41422588747972608}}, {events = 0, data = {ptr = 0x942a38, fd = 9710136, u32 = 9710136, u64 = 9710136}}, {events = 9644432, data = {ptr = 0x46e96000000000, fd = 0, u32 = 0, u64 = 19959846895878144}}, {events = 0, data = {ptr = 0x7fffffffdd20, fd = -8928, u32 = 4294958368, u64 = 140737488346400}}, {events = 0, data = {ptr = 0x56e94e00000000, fd = 0, u32 = 0, u64 = 24463369213837312}}, {events = 0, data = {ptr = 0x900090, fd = 9437328, u32 = 9437328, u64 = 9437328}}, {events = 0, data = {ptr = 0x9329b600000000, fd = 0, u32 = 0, u64 = 41422683237253120}}, {events = 0, data = {ptr = 0x2, fd = 2, u32 = 2, u64 = 2}}, {events = 5698048, data = {ptr = 0x0, fd = 0, u32 = 0, u64 = 0}}, {events = 0, data = {ptr = 0x0, fd = 0, u32 = 0, u64 = 0}}, {events = 0, data = {ptr = 0x0, fd = 0, u32 = 0, u64 = 0}}, {events = 0, data = {ptr = 0x7fffffffde30, fd = -8656, u32 = 4294958640, u64 = 140737488346672}}, {events = 9437328, data = {ptr = 0xc00000000, fd = 0, u32 = 0, u64 = 51539607552}}, {events = 0, data = {ptr = 0x0, fd = 0, u32 = 0, u64 = 0}}, {events = 9437376, data = {ptr = 0xffffde3000000000, fd = 0, u32 = 0, u64 = 18446706896472637440}}, {events = 32767, data = {ptr = 0x585e35 <boost::asio::detail::reactive_socket_recv_op<boost::asio::mutable_buffers_1, boost::asio::detail::read_op<boost::asio::basic_stream_socket<boost::asio::ip::tcp, boost::asio::stream_socket_service<boost::asio::ip::tcp> >, boost::asio::mutable_buffers_1, boost::asio::detail::transfer_all_t, std::_Bind<std::_Mem_fn<void (Connection::*)(boost::system::error_code const&)> (std::shared_ptr<Connection>, std::_Placeholder<1>)> > >::do_complete(boost::asio::detail::task_io_service*, boost::asio::detail::task_io_service_operation*, boost::system::error_code const&, unsigned long)+373>, fd = 5791285, u32 = 5791285, u64 = 5791285}}, {events = 4294958640, data = {ptr = 0x58574500007fff, fd = 32767, u32 = 32767, u64 = 24865751814930431}}, {events = 0, data = {ptr = 0x12, fd = 18, u32 = 18, u64 = 18}}, {events = 4155593817, data = {ptr = 0xffffde3000007fff, fd = 32767, u32 = 32767, u64 = 18446706896472670207}}, {events = 32767, data = {ptr = 0x0, fd = 0, u32 = 0, u64 = 0}}, {events = 0, data = {ptr = 0x0, fd = 0, u32 = 0, u64 = 0}}, {events = 15, data = {ptr = 0x942a98, fd = 9710232, u32 = 9710232, u64 = 9710232}}, {events = 9644470, data = {ptr = 0x200000000, fd = 0, u32 = 0, u64 = 8589934592}}, {events = 0, data = {ptr = 0x0, fd = 0, u32 = 0, u64 = 0}}, {events = 2, data = {ptr = 0x56f20000000000, fd = 0, u32 = 0, u64 = 24472929811038208}}, {events = 0, data = {ptr = 0x0, fd = 0, u32 = 0, u64 = 0}}, {events = 9644448, data = {ptr = 0x93299000000000, fd = 0, u32 = 0, u64 = 41422520028495872}}, {events = 0, data = {ptr = 0x0, fd = 0, u32 = 0, u64 = 0}}, {events = 4145959136, data = {ptr = 0x58a73100007fff, fd = 32767, u32 = 32767, u64 = 24953626845806591}}, {events = 0, data = {ptr = 0x7fff926e2550, fd = -1838275248, u32 = 2456692048, u64 = 140735650080080}}, {events = 0, data = {ptr = 0x942a9800000000, fd = 0, u32 = 0, u64 = 41705128876572672}}, {events = 0, data = {ptr = 0x7fffffffde80, fd = -8576, u32 = 4294958720, u64 = 140737488346752}}, {events = 9437328, data = {ptr = 0x58646e00000000, fd = 0, u32 = 0, u64 = 24880221559717888}}, {events = 0, data = {ptr = 0x9329a0, fd = 9644448, u32 = 9644448, u64 = 9644448}}, {events = 9644432, data = {ptr = 0xffffde8000000000, fd = 0, u32 = 0, u64 = 18446707240070021120}}, {events = 32767, data = {ptr = 0x0, fd = 0, u32 = 0, u64 = 0}}, {events = 0, data = {ptr = 0x0, fd = 0, u32 = 0, u64 = 0}}, {events = 0, data = {ptr = 0x58a720 <Connection::handleTimeout(std::weak_ptr<Connection>, boost::system::error_code const&)>, fd = 5809952, u32 = 5809952, u64 = 5809952}}, {events = 9644448, data = {ptr = 0x93299000000000, fd = 0, u32 = 0, u64 = 41422520028495872}}, {events = 0, data = {ptr = 0x7d, fd = 125, u32 = 125, u64 = 125}}}
2020-10-21 22:47:36 -          num_events = <optimized out>
2020-10-21 22:47:36 -          check_timers = <optimized out>
2020-10-21 22:47:36 -  #2  0x000000000055dcd3 in do_run_one (ec=..., this_thread=..., lock=<synthetic pointer>, this=0x900090) at /usr/include/boost/asio/detail/impl/task_io_service.ipp:356
2020-10-21 22:47:36 -          more_handlers = <optimized out>
2020-10-21 22:47:36 -  #3  run (ec=..., this=0x900090) at /usr/include/boost/asio/detail/impl/task_io_service.ipp:149
2020-10-21 22:47:36 -          this_thread = {private_op_queue = {front_ = 0x0, back_ = 0x0}, private_outstanding_work = 0}
2020-10-21 22:47:36 -          ctx = {key_ = 0x900090, value_ = 0x7fffffffdf40, next_ = 0x0}
2020-10-21 22:47:36 -          lock = {mutex_ = @0x9000c0, locked_ = <optimized out>}
2020-10-21 22:47:36 -          n = 6660
2020-10-21 22:47:36 -  #4  _ZN5boost4asio10io_service3runEv.isra.226 () at /usr/include/boost/asio/impl/io_service.ipp:59
2020-10-21 22:47:36 -          ec = {m_val = 0, m_cat = 0x7ffff71e50e0}
2020-10-21 22:47:36 -  #5  ServiceManager::run() (this=this@entry=0x7fffffffdff0) at /home/otg/src/server.cpp:47
2020-10-21 22:47:36 -  No locals.
2020-10-21 22:47:36 -  #6  0x0000000000474c46 in main (argc=1, argv=0x7fffffffe1b8) at /home/otg/src/otserv.cpp:96
2020-10-21 22:47:36 -          serviceManager = {acceptors = {_M_h = {_M_buckets = 0x7fff9f97a730, _M_bucket_count = 5, _M_before_begin = {_M_nxt = 0x7fff926e2620}, _M_element_count = 2, _M_rehash_policy = {_M_max_load_factor = 1, _M_next_resize = 5}, _M_single_bucket = 0x0}}, io_service = {service_registry_ = 0x900040, impl_ = @0x900090}, signals = {set = {<No data fields>}}, death_timer = {<No data fields>}, running = true}
2020-10-21 22:47:36 -  funcao onLogin
2020-10-21 22:47:36 -  Saving server...
2020-10-21 22:47:37 -  > Saved house items in: 0.398 s
2020-10-21 22:47:37 -  A debugging session is active.
2020-10-21 22:47:37 -  
2020-10-21 22:47:37 -  	Inferior 1 [process 15392] will be killed.
2020-10-21 22:47:37 -  
2020-10-21 22:47:37 -  Quit anyway? (y or n) [answered Y; input not from terminal]
