2020-10-04 05:05:48 -  [Thread debugging using libthread_db enabled]
2020-10-04 05:05:48 -  Using host libthread_db library "/lib/x86_64-linux-gnu/libthread_db.so.1".
2020-10-04 05:05:48 -  [New Thread 0x7ffff3dbb700 (LWP 9777)]
2020-10-04 05:05:48 -  [New Thread 0x7ffff35ba700 (LWP 9778)]
2020-10-04 05:05:48 -  The OTG-Premium-Version - Version: (1.3)
2020-10-04 05:05:48 -  Compiled with: GNU C++ version 5.4.0 20160609
2020-10-04 05:05:48 -  Compiled on Sep 17 2020 19:49:36 for platform x64
2020-10-04 05:05:48 -  
2020-10-04 05:05:48 -  Special Credits for: OTG Team, Johncore, Vankk, Erick Nunes, Leonardo Pereira, Leandro Baldissera, Talis, Marcomoa, Marson Schneider, Douglas, Mark Samman, OTXServer (Mattyx Gomez) and The Forgotten Server Developers.
2020-10-04 05:05:48 -  Link of repository: https://github.com/Johncorex/OTG-Premium-Version
2020-10-04 05:05:48 -  
2020-10-04 05:05:48 -  >> Loading config: config.lua
2020-10-04 05:05:48 -  >> Establishing database connection... MySQL 5.7.31
2020-10-04 05:05:48 -  >> Running database manager
2020-10-04 05:05:48 -  [New Thread 0x7ffff2ba7700 (LWP 9779)]
2020-10-04 05:05:48 -  > Optimizing table players_online... [success]
2020-10-04 05:05:48 -  > Optimizing table tile_store... [success]
2020-10-04 05:05:48 -  >> Loading vocations
2020-10-04 05:05:48 -  >> Loading items
2020-10-04 05:05:48 -  >> Loading script systems
2020-10-04 05:05:49 -  >> Loading lua libs
2020-10-04 05:05:49 -  [Warning - Event::checkScript] Can not load script: scripts/expboostaction.lua
2020-10-04 05:05:49 -  cannot open data/actions/scripts/expboostaction.lua: No such file or directory
2020-10-04 05:05:50 -  >> Loading lua scripts
2020-10-04 05:05:50 -  >> Loading monsters
2020-10-04 05:05:50 -  >> Loading lua monsters
2020-10-04 05:05:50 -  >> Loading outfits
2020-10-04 05:05:50 -  >> Loading prey data
2020-10-04 05:05:50 -  >> Checking world type... PVP
2020-10-04 05:05:50 -  >> Loading map
2020-10-04 05:05:52 -  > Map size: 34143x33812.
2020-10-04 05:05:58 -  > Map loading time: 7.339 seconds.
2020-10-04 05:06:31 -  > Loaded house items in: 0.032 s
2020-10-04 05:06:31 -  >> Initializing gamestate
2020-10-04 05:06:34 -  >> Loaded 43 npcs and spawned 72496 monsters.
2020-10-04 05:06:34 -  >> Loaded 27 towns with 1074 houses in total.
2020-10-04 05:06:34 -  [Castle War]
2020-10-04 05:06:34 -  [POWERGAMERS]
2020-10-04 05:06:34 -  [SISTEMA DE LOTERIA] OPERANTE
2020-10-04 05:06:34 -  Advanced NPC spawn system | All NPCs will be loaded trough lib.
2020-10-04 05:06:34 -  [REGEN BOOST] CARREGADO
2020-10-04 05:06:34 -  [SPOOF COUNTER]
2020-10-04 05:06:34 -  [STAMINA]
2020-10-04 05:06:34 -  >> Loaded all modules, server starting up...
2020-10-04 05:06:34 -  > Warning: OTG-Premium-Version has been executed as root user, please consider running it as a normal user.
2020-10-04 05:06:34 -  >> Honera Global Server Online!
2020-10-04 05:06:34 -  
2020-10-04 05:06:35 -  Nobre Cavalheiro has logged in.
2020-10-04 05:06:35 -  Top Spin has logged in.
2020-10-04 05:06:35 -  Dev Marson has logged in.
2020-10-04 07:56:19 -  SABADOU!! NPC HONERA CRIADO
2020-10-04 07:56:19 -  [Debug - Game::internalDecayItem] internalDecayItem failed, error code: 1, item id: 2021
2020-10-04 08:02:20 -  
2020-10-04 08:02:20 -  Lua Script Error: [Modules Interface] 
2020-10-04 08:02:20 -  data/modules/scripts/prey system/prey.lua:onRecvbyte
2020-10-04 08:02:20 -  data/modules/scripts/prey system/prey.lua:376: attempt to call method 'getPreyMonsterList' (a nil value)
2020-10-04 08:02:20 -  stack traceback:
2020-10-04 08:02:20 -  	[C]: in function 'getPreyMonsterList'
2020-10-04 08:02:20 -  	data/modules/scripts/prey system/prey.lua:376: in function 'sendPreyData'
2020-10-04 08:02:20 -  	data/modules/scripts/prey system/prey.lua:212: in function <data/modules/scripts/prey system/prey.lua:210>
2020-10-04 08:02:28 -  
2020-10-04 08:02:28 -  Lua Script Error: [Modules Interface] 
2020-10-04 08:02:28 -  data/modules/scripts/prey system/prey.lua:onRecvbyte
2020-10-04 08:02:28 -  data/modules/scripts/prey system/prey.lua:230: attempt to call method 'getPreyUnlocked' (a nil value)
2020-10-04 08:02:28 -  stack traceback:
2020-10-04 08:02:28 -  	[C]: in function 'getPreyUnlocked'
2020-10-04 08:02:28 -  	data/modules/scripts/prey system/prey.lua:230: in function 'preyAction'
2020-10-04 08:02:28 -  	data/modules/scripts/prey system/prey.lua:216: in function <data/modules/scripts/prey system/prey.lua:210>
2020-10-04 08:02:28 -  
2020-10-04 08:02:28 -  Lua Script Error: [Modules Interface] 
2020-10-04 08:02:28 -  data/modules/scripts/prey system/prey.lua:onRecvbyte
2020-10-04 08:02:28 -  data/modules/scripts/prey system/prey.lua:376: attempt to call method 'getPreyMonsterList' (a nil value)
2020-10-04 08:02:28 -  stack traceback:
2020-10-04 08:02:28 -  	[C]: in function 'getPreyMonsterList'
2020-10-04 08:02:28 -  	data/modules/scripts/prey system/prey.lua:376: in function 'sendPreyData'
2020-10-04 08:02:28 -  	data/modules/scripts/prey system/prey.lua:212: in function <data/modules/scripts/prey system/prey.lua:210>
2020-10-04 08:02:30 -  
2020-10-04 08:02:30 -  Lua Script Error: [Modules Interface] 
2020-10-04 08:02:30 -  data/modules/scripts/prey system/prey.lua:onRecvbyte
2020-10-04 08:02:30 -  data/modules/scripts/prey system/prey.lua:230: attempt to call method 'getPreyUnlocked' (a nil value)
2020-10-04 08:02:30 -  stack traceback:
2020-10-04 08:02:30 -  	[C]: in function 'getPreyUnlocked'
2020-10-04 08:02:30 -  	data/modules/scripts/prey system/prey.lua:230: in function 'preyAction'
2020-10-04 08:02:30 -  	data/modules/scripts/prey system/prey.lua:216: in function <data/modules/scripts/prey system/prey.lua:210>
2020-10-04 08:02:30 -  
2020-10-04 08:02:30 -  Lua Script Error: [Modules Interface] 
2020-10-04 08:02:30 -  data/modules/scripts/prey system/prey.lua:onRecvbyte
2020-10-04 08:02:30 -  data/modules/scripts/prey system/prey.lua:376: attempt to call method 'getPreyMonsterList' (a nil value)
2020-10-04 08:02:30 -  stack traceback:
2020-10-04 08:02:30 -  	[C]: in function 'getPreyMonsterList'
2020-10-04 08:02:30 -  	data/modules/scripts/prey system/prey.lua:376: in function 'sendPreyData'
2020-10-04 08:02:30 -  	data/modules/scripts/prey system/prey.lua:212: in function <data/modules/scripts/prey system/prey.lua:210>
2020-10-04 08:05:50 -  
2020-10-04 08:05:50 -  Lua Script Error: [GlobalEvent Interface] 
2020-10-04 08:05:50 -  data/globalevents/scripts/bosses/Abyssador.lua:onThink
2020-10-04 08:05:50 -  data/lib/rewardboss.lua:8: Rewards can only be enabled to rewards bosses.
2020-10-04 08:05:50 -  stack traceback:
2020-10-04 08:05:50 -  	[C]: at 0x00602980
2020-10-04 08:05:50 -  	[C]: in function 'error'
2020-10-04 08:05:50 -  	data/lib/rewardboss.lua:8: in function 'setReward'
2020-10-04 08:05:50 -  	data/globalevents/scripts/bosses/Abyssador.lua:28: in function <data/globalevents/scripts/bosses/Abyssador.lua:21>
2020-10-04 08:05:50 -  [Error - GlobalEvents::think] Failed to execute event: Abyssador
2020-10-04 08:05:50 -  
2020-10-04 08:05:50 -  Lua Script Error: [GlobalEvent Interface] 
2020-10-04 08:05:50 -  data/globalevents/scripts/bosses/Deathstrike.lua:onThink
2020-10-04 08:05:50 -  data/lib/rewardboss.lua:8: Rewards can only be enabled to rewards bosses.
2020-10-04 08:05:50 -  stack traceback:
2020-10-04 08:05:50 -  	[C]: at 0x00602980
2020-10-04 08:05:50 -  	[C]: in function 'error'
2020-10-04 08:05:50 -  	data/lib/rewardboss.lua:8: in function 'setReward'
2020-10-04 08:05:50 -  	data/globalevents/scripts/bosses/Deathstrike.lua:28: in function <data/globalevents/scripts/bosses/Deathstrike.lua:21>
2020-10-04 08:05:50 -  [Error - GlobalEvents::think] Failed to execute event: Deathstrike
2020-10-04 08:05:50 -  
2020-10-04 08:05:50 -  Lua Script Error: [GlobalEvent Interface] 
2020-10-04 08:05:50 -  data/globalevents/scripts/bosses/Gnomevil.lua:onThink
2020-10-04 08:05:50 -  data/lib/rewardboss.lua:8: Rewards can only be enabled to rewards bosses.
2020-10-04 08:05:50 -  stack traceback:
2020-10-04 08:05:50 -  	[C]: at 0x00602980
2020-10-04 08:05:50 -  	[C]: in function 'error'
2020-10-04 08:05:50 -  	data/lib/rewardboss.lua:8: in function 'setReward'
2020-10-04 08:05:50 -  	data/globalevents/scripts/bosses/Gnomevil.lua:28: in function <data/globalevents/scripts/bosses/Gnomevil.lua:21>
2020-10-04 08:05:50 -  [Error - GlobalEvents::think] Failed to execute event: Gnomevil
2020-10-04 08:11:14 -  Shaka has logged in.
2020-10-04 08:24:25 -  [Debug - Game::internalDecayItem] internalDecayItem failed, error code: 1, item id: 2018
2020-10-04 08:26:18 -  [Debug - Game::internalDecayItem] internalDecayItem failed, error code: 1, item id: 2018
2020-10-04 08:30:36 -  [Debug - Game::internalDecayItem] internalDecayItem failed, error code: 1, item id: 2018
2020-10-04 08:33:51 -  [Debug - Game::internalDecayItem] internalDecayItem failed, error code: 1, item id: 2018
2020-10-04 08:34:53 -  [Debug - Game::internalDecayItem] internalDecayItem failed, error code: 1, item id: 2018
2020-10-04 08:34:59 -  [Debug - Game::internalDecayItem] internalDecayItem failed, error code: 1, item id: 2018
2020-10-04 08:40:18 -  [Debug - Game::internalDecayItem] internalDecayItem failed, error code: 1, item id: 2018
2020-10-04 08:40:30 -  [Debug - Game::internalDecayItem] internalDecayItem failed, error code: 1, item id: 2018
2020-10-04 08:41:39 -  [Debug - Game::internalDecayItem] internalDecayItem failed, error code: 1, item id: 2018
2020-10-04 08:42:34 -  [Debug - Game::internalDecayItem] internalDecayItem failed, error code: 1, item id: 2018
2020-10-04 08:43:19 -  [Debug - Game::internalDecayItem] internalDecayItem failed, error code: 1, item id: 2018
2020-10-04 08:43:27 -  [Debug - Game::internalDecayItem] internalDecayItem failed, error code: 1, item id: 2018
2020-10-04 08:44:03 -  [Debug - Game::internalDecayItem] internalDecayItem failed, error code: 1, item id: 2018
2020-10-04 08:44:35 -  [Debug - Game::internalDecayItem] internalDecayItem failed, error code: 1, item id: 2018
2020-10-04 08:45:53 -  [Debug - Game::internalDecayItem] internalDecayItem failed, error code: 1, item id: 2018
2020-10-04 08:46:21 -  [Debug - Game::internalDecayItem] internalDecayItem failed, error code: 1, item id: 2018
2020-10-04 08:47:14 -  Shaka has logged out.
2020-10-04 08:47:16 -  Shaka has logged in.
2020-10-04 08:47:21 -  [Debug - Game::internalDecayItem] internalDecayItem failed, error code: 1, item id: 2018
2020-10-04 08:48:13 -  [Debug - Game::internalDecayItem] internalDecayItem failed, error code: 1, item id: 2018
2020-10-04 08:48:55 -  [Debug - Game::internalDecayItem] internalDecayItem failed, error code: 1, item id: 2018
2020-10-04 08:51:27 -  [Debug - Game::internalDecayItem] internalDecayItem failed, error code: 1, item id: 2018
2020-10-04 08:51:27 -  [Debug - Game::internalDecayItem] internalDecayItem failed, error code: 1, item id: 2018
2020-10-04 08:53:00 -  [Debug - Game::internalDecayItem] internalDecayItem failed, error code: 1, item id: 2018
2020-10-04 08:53:38 -  [Debug - Game::internalDecayItem] internalDecayItem failed, error code: 1, item id: 2018
2020-10-04 08:54:03 -  [Debug - Game::internalDecayItem] internalDecayItem failed, error code: 1, item id: 2018
2020-10-04 08:54:35 -  > Broadcasted message: "Unusual frequent scarab sightings at the gates of Ankrahmun".
2020-10-04 08:55:34 -  > Broadcasted message: "Ancient scarabs are leading an attack on Ankrahmun.".
2020-10-04 08:56:32 -  [Debug - Game::internalDecayItem] internalDecayItem failed, error code: 1, item id: 2018
2020-10-04 08:57:40 -  [Debug - Game::internalDecayItem] internalDecayItem failed, error code: 1, item id: 2018
2020-10-04 08:58:51 -  [Debug - Game::internalDecayItem] internalDecayItem failed, error code: 1, item id: 2018
2020-10-04 08:59:39 -  Yostknot has logged in.
2020-10-04 09:00:03 -  [Debug - Game::internalDecayItem] internalDecayItem failed, error code: 1, item id: 2018
2020-10-04 09:00:18 -  [Debug - Game::internalDecayItem] internalDecayItem failed, error code: 1, item id: 2018
2020-10-04 09:01:30 -  [Debug - Game::internalDecayItem] internalDecayItem failed, error code: 1, item id: 2018
2020-10-04 09:03:48 -  [Debug - Game::internalDecayItem] internalDecayItem failed, error code: 1, item id: 2018
2020-10-04 09:05:08 -  [Debug - Game::internalDecayItem] internalDecayItem failed, error code: 1, item id: 2018
2020-10-04 09:06:00 -  [Debug - Game::internalDecayItem] internalDecayItem failed, error code: 1, item id: 2018
2020-10-04 09:07:17 -  Nayzaga has logged in.
2020-10-04 09:07:19 -  Nayzaga has logged out.
2020-10-04 09:07:20 -  Shaka Knight has logged in.
2020-10-04 09:07:46 -  Shaka Elder has logged in.
2020-10-04 09:08:42 -  ip inválido
2020-10-04 09:08:42 -  [Debug - Game::internalDecayItem] internalDecayItem failed, error code: 1, item id: 2018
2020-10-04 09:08:45 -  Shaka Elder has logged out.
2020-10-04 09:09:45 -  ip inválido
2020-10-04 09:09:45 -  [Debug - Game::internalDecayItem] internalDecayItem failed, error code: 1, item id: 2018
2020-10-04 09:10:56 -  ip inválido
2020-10-04 09:10:56 -  ip inválido
2020-10-04 09:10:56 -  [Debug - Game::internalDecayItem] internalDecayItem failed, error code: 1, item id: 2018
2020-10-04 09:12:06 -  ip inválido
2020-10-04 09:12:06 -  [Debug - Game::internalDecayItem] internalDecayItem failed, error code: 1, item id: 2018
2020-10-04 09:12:49 -  [Debug - Game::internalDecayItem] internalDecayItem failed, error code: 1, item id: 2018
2020-10-04 09:13:34 -  ip inválido
2020-10-04 09:13:34 -  [Debug - Game::internalDecayItem] internalDecayItem failed, error code: 1, item id: 2018
2020-10-04 09:14:22 -  ip inválido
2020-10-04 09:14:22 -  [Debug - Game::internalDecayItem] internalDecayItem failed, error code: 1, item id: 2018
2020-10-04 09:15:46 -  ip inválido
2020-10-04 09:15:46 -  [Debug - Game::internalDecayItem] internalDecayItem failed, error code: 1, item id: 2018
2020-10-04 09:16:00 -  ip inválido
2020-10-04 09:16:00 -  [Debug - Game::internalDecayItem] internalDecayItem failed, error code: 1, item id: 2018
2020-10-04 09:16:55 -  ip inválido
2020-10-04 09:16:55 -  [Debug - Game::internalDecayItem] internalDecayItem failed, error code: 1, item id: 2018
2020-10-04 09:17:11 -  [Debug - Game::internalDecayItem] internalDecayItem failed, error code: 1, item id: 2018
2020-10-04 09:18:10 -  ip inválido
2020-10-04 09:18:10 -  [Debug - Game::internalDecayItem] internalDecayItem failed, error code: 1, item id: 2018
2020-10-04 09:19:18 -  ip inválido
2020-10-04 09:19:18 -  Yostknot has logged out.
2020-10-04 09:21:08 -  ip inválido
2020-10-04 09:21:08 -  ip inválido
2020-10-04 09:21:08 -  [Debug - Game::internalDecayItem] internalDecayItem failed, error code: 1, item id: 2018
2020-10-04 09:21:18 -  [Debug - Game::internalDecayItem] internalDecayItem failed, error code: 1, item id: 2018
2020-10-04 09:22:10 -  ip inválido
2020-10-04 09:22:10 -  [Debug - Game::internalDecayItem] internalDecayItem failed, error code: 1, item id: 2018
2020-10-04 09:22:45 -  [Debug - Game::internalDecayItem] internalDecayItem failed, error code: 1, item id: 2018
2020-10-04 09:23:46 -  ip inválido
2020-10-04 09:23:46 -  [Debug - Game::internalDecayItem] internalDecayItem failed, error code: 1, item id: 2018
2020-10-04 09:24:14 -  ip inválido
2020-10-04 09:24:14 -  [Debug - Game::internalDecayItem] internalDecayItem failed, error code: 1, item id: 2018
2020-10-04 09:24:55 -  ip inválido
2020-10-04 09:24:55 -  [Debug - Game::internalDecayItem] internalDecayItem failed, error code: 1, item id: 2018
2020-10-04 09:24:57 -  [Debug - Game::internalDecayItem] internalDecayItem failed, error code: 1, item id: 2018
2020-10-04 09:25:07 -  [Debug - Game::internalDecayItem] internalDecayItem failed, error code: 1, item id: 2018
2020-10-04 09:27:03 -  ip inválido
2020-10-04 09:27:03 -  ip inválido
2020-10-04 09:27:03 -  [Debug - Game::internalDecayItem] internalDecayItem failed, error code: 1, item id: 2018
2020-10-04 09:28:38 -  ip inválido
2020-10-04 09:28:38 -  [Debug - Game::internalDecayItem] internalDecayItem failed, error code: 1, item id: 2018
2020-10-04 09:31:25 -  ip inválido
2020-10-04 09:31:25 -  ip inválido
2020-10-04 09:31:25 -  ip inválido
2020-10-04 09:31:25 -  [Debug - Game::internalDecayItem] internalDecayItem failed, error code: 1, item id: 2018
2020-10-04 09:33:43 -  ip inválido
2020-10-04 09:33:43 -  ip inválido
2020-10-04 09:33:43 -  [Debug - Game::internalDecayItem] internalDecayItem failed, error code: 1, item id: 2018
2020-10-04 09:33:55 -  ip inválido
2020-10-04 09:33:55 -  Nobre Cavalheiro has logged out.
2020-10-04 09:33:56 -  Nobre Cavalheiro has logged in.
2020-10-04 09:34:25 -  [Debug - Game::internalDecayItem] internalDecayItem failed, error code: 1, item id: 2018
2020-10-04 09:34:38 -  [Debug - Game::internalDecayItem] internalDecayItem failed, error code: 1, item id: 2018
2020-10-04 09:35:41 -  ip inválido
2020-10-04 09:35:41 -  Nobre Cavalheiro has logged out.
2020-10-04 09:35:42 -  Nobre Cavalheiro has logged in.
2020-10-04 09:38:57 -  ip inválido
2020-10-04 09:38:57 -  ip inválido
2020-10-04 09:38:57 -  ip inválido
2020-10-04 09:38:57 -  ip inválido
2020-10-04 09:38:57 -  
2020-10-04 09:38:57 -  Lua Script Error: [Modules Interface] 
2020-10-04 09:38:57 -  data/modules/scripts/prey system/prey.lua:onRecvbyte
2020-10-04 09:38:57 -  data/modules/scripts/prey system/prey.lua:376: attempt to call method 'getPreyMonsterList' (a nil value)
2020-10-04 09:38:57 -  stack traceback:
2020-10-04 09:38:57 -  	[C]: in function 'getPreyMonsterList'
2020-10-04 09:38:57 -  	data/modules/scripts/prey system/prey.lua:376: in function 'sendPreyData'
2020-10-04 09:38:57 -  	data/modules/scripts/prey system/prey.lua:212: in function <data/modules/scripts/prey system/prey.lua:210>
2020-10-04 09:44:17 -  ip inválido
2020-10-04 09:44:17 -  ip inválido
2020-10-04 09:44:17 -  ip inválido
2020-10-04 09:44:17 -  ip inválido
2020-10-04 09:44:17 -  ip inválido
2020-10-04 09:44:17 -  [Debug - Game::internalDecayItem] internalDecayItem failed, error code: 1, item id: 2018
2020-10-04 09:44:17 -  [Debug - Game::internalDecayItem] internalDecayItem failed, error code: 1, item id: 2018
2020-10-04 09:45:35 -  ip inválido
2020-10-04 09:45:35 -  > Broadcasted message: "Many aggressive beasts are roaming south of Ab'Dendriel! Take care!".
2020-10-04 09:48:48 -  ip inválido
2020-10-04 09:48:48 -  ip inválido
2020-10-04 09:48:48 -  ip inválido
2020-10-04 09:48:48 -  [Debug - Game::internalDecayItem] internalDecayItem failed, error code: 1, item id: 2018
2020-10-04 09:50:16 -  ip inválido
2020-10-04 09:50:16 -  ip inválido
2020-10-04 09:50:16 -  
2020-10-04 09:50:16 -  Lua Script Error: [Modules Interface] 
2020-10-04 09:50:16 -  data/modules/scripts/prey system/prey.lua:onRecvbyte
2020-10-04 09:50:16 -  data/modules/scripts/prey system/prey.lua:405: attempt to call method 'getPreyCurrentMonster' (a nil value)
2020-10-04 09:50:16 -  stack traceback:
2020-10-04 09:50:16 -  	[C]: in function 'getPreyCurrentMonster'
2020-10-04 09:50:16 -  	data/modules/scripts/prey system/prey.lua:405: in function 'sendPreyData'
2020-10-04 09:50:16 -  	data/modules/scripts/prey system/prey.lua:212: in function <data/modules/scripts/prey system/prey.lua:210>
2020-10-04 09:51:43 -  ip inválido
2020-10-04 09:51:43 -  [Debug - Game::internalDecayItem] internalDecayItem failed, error code: 1, item id: 29057
2020-10-04 09:53:23 -  ip inválido
2020-10-04 09:53:23 -  ip inválido
2020-10-04 09:53:23 -  [Debug - Game::internalDecayItem] internalDecayItem failed, error code: 1, item id: 1489
2020-10-04 09:56:07 -  ip inválido
2020-10-04 09:56:07 -  ip inválido
2020-10-04 09:56:07 -  ip inválido
2020-10-04 09:56:07 -  
2020-10-04 09:56:07 -  Lua Script Error: [Modules Interface] 
2020-10-04 09:56:07 -  data/modules/scripts/prey system/prey.lua:onRecvbyte
2020-10-04 09:56:07 -  data/modules/scripts/prey system/prey.lua:376: attempt to call method 'getPreyMonsterList' (a nil value)
2020-10-04 09:56:07 -  stack traceback:
2020-10-04 09:56:07 -  	[C]: in function 'getPreyMonsterList'
2020-10-04 09:56:07 -  	data/modules/scripts/prey system/prey.lua:376: in function 'sendPreyData'
2020-10-04 09:56:07 -  	data/modules/scripts/prey system/prey.lua:212: in function <data/modules/scripts/prey system/prey.lua:210>
2020-10-04 09:58:54 -  ip inválido
2020-10-04 09:58:54 -  ip inválido
2020-10-04 09:58:54 -  ip inválido
2020-10-04 09:58:54 -  [Debug - Game::internalDecayItem] internalDecayItem failed, error code: 1, item id: 2018
2020-10-04 09:58:57 -  [Debug - Game::internalDecayItem] internalDecayItem failed, error code: 1, item id: 2018
2020-10-04 10:00:17 -  ip inválido
2020-10-04 10:00:17 -  [Debug - Game::internalDecayItem] internalDecayItem failed, error code: 1, item id: 2018
2020-10-04 10:00:19 -  [Debug - Game::internalDecayItem] internalDecayItem failed, error code: 1, item id: 2018
2020-10-04 10:01:54 -  ip inválido
2020-10-04 10:01:54 -  ip inválido
2020-10-04 10:01:54 -  [Debug - Game::internalDecayItem] internalDecayItem failed, error code: 1, item id: 2018
2020-10-04 10:02:31 -  [Debug - Game::internalDecayItem] internalDecayItem failed, error code: 1, item id: 2018
2020-10-04 10:02:33 -  [Debug - Game::internalDecayItem] internalDecayItem failed, error code: 1, item id: 2018
2020-10-04 10:02:34 -  [Debug - Game::internalDecayItem] internalDecayItem failed, error code: 1, item id: 2018
2020-10-04 10:02:34 -  [Debug - Game::internalDecayItem] internalDecayItem failed, error code: 1, item id: 2018
2020-10-04 10:05:33 -  ip inválido
2020-10-04 10:05:33 -  ip inválido
2020-10-04 10:05:33 -  ip inválido
2020-10-04 10:05:33 -  [Debug - Game::internalDecayItem] internalDecayItem failed, error code: 1, item id: 2018
2020-10-04 10:05:34 -  [Debug - Game::internalDecayItem] internalDecayItem failed, error code: 1, item id: 2018
2020-10-04 10:14:05 -  ip inválido
2020-10-04 10:14:05 -  ip inválido
2020-10-04 10:14:05 -  ip inválido
2020-10-04 10:14:05 -  ip inválido
2020-10-04 10:14:05 -  ip inválido
2020-10-04 10:14:05 -  ip inválido
2020-10-04 10:14:05 -  ip inválido
2020-10-04 10:14:05 -  ip inválido
2020-10-04 10:14:05 -  ip inválido
2020-10-04 10:14:05 -  
2020-10-04 10:14:05 -  Lua Script Error: [Modules Interface] 
2020-10-04 10:14:05 -  data/modules/scripts/prey system/prey.lua:onRecvbyte
2020-10-04 10:14:05 -  data/modules/scripts/prey system/prey.lua:405: attempt to call method 'getPreyCurrentMonster' (a nil value)
2020-10-04 10:14:05 -  stack traceback:
2020-10-04 10:14:05 -  	[C]: in function 'getPreyCurrentMonster'
2020-10-04 10:14:05 -  	data/modules/scripts/prey system/prey.lua:405: in function 'sendPreyData'
2020-10-04 10:14:05 -  	data/modules/scripts/prey system/prey.lua:212: in function <data/modules/scripts/prey system/prey.lua:210>
2020-10-04 10:14:32 -  
2020-10-04 10:14:32 -  Lua Script Error: [Modules Interface] 
2020-10-04 10:14:32 -  data/modules/scripts/prey system/prey.lua:onRecvbyte
2020-10-04 10:14:32 -  data/modules/scripts/prey system/prey.lua:405: attempt to call method 'getPreyCurrentMonster' (a nil value)
2020-10-04 10:14:32 -  stack traceback:
2020-10-04 10:14:32 -  	[C]: in function 'getPreyCurrentMonster'
2020-10-04 10:14:32 -  	data/modules/scripts/prey system/prey.lua:405: in function 'sendPreyData'
2020-10-04 10:14:32 -  	data/modules/scripts/prey system/prey.lua:212: in function <data/modules/scripts/prey system/prey.lua:210>
2020-10-04 10:14:38 -  
2020-10-04 10:14:38 -  Lua Script Error: [Modules Interface] 
2020-10-04 10:14:38 -  data/modules/scripts/prey system/prey.lua:onRecvbyte
2020-10-04 10:14:38 -  data/modules/scripts/prey system/prey.lua:230: attempt to call method 'getPreyUnlocked' (a nil value)
2020-10-04 10:14:38 -  stack traceback:
2020-10-04 10:14:38 -  	[C]: in function 'getPreyUnlocked'
2020-10-04 10:14:38 -  	data/modules/scripts/prey system/prey.lua:230: in function 'preyAction'
2020-10-04 10:14:38 -  	data/modules/scripts/prey system/prey.lua:216: in function <data/modules/scripts/prey system/prey.lua:210>
2020-10-04 10:14:39 -  
2020-10-04 10:14:39 -  Lua Script Error: [Modules Interface] 
2020-10-04 10:14:39 -  data/modules/scripts/prey system/prey.lua:onRecvbyte
2020-10-04 10:14:39 -  data/modules/scripts/prey system/prey.lua:405: attempt to call method 'getPreyCurrentMonster' (a nil value)
2020-10-04 10:14:39 -  stack traceback:
2020-10-04 10:14:39 -  	[C]: in function 'getPreyCurrentMonster'
2020-10-04 10:14:39 -  	data/modules/scripts/prey system/prey.lua:405: in function 'sendPreyData'
2020-10-04 10:14:39 -  	data/modules/scripts/prey system/prey.lua:212: in function <data/modules/scripts/prey system/prey.lua:210>
2020-10-04 10:15:03 -  ip inválido
2020-10-04 10:15:03 -  
2020-10-04 10:15:03 -  Lua Script Error: [Modules Interface] 
2020-10-04 10:15:03 -  data/modules/scripts/prey system/prey.lua:onRecvbyte
2020-10-04 10:15:03 -  data/modules/scripts/prey system/prey.lua:405: attempt to call method 'getPreyCurrentMonster' (a nil value)
2020-10-04 10:15:03 -  stack traceback:
2020-10-04 10:15:03 -  	[C]: in function 'getPreyCurrentMonster'
2020-10-04 10:15:03 -  	data/modules/scripts/prey system/prey.lua:405: in function 'sendPreyData'
2020-10-04 10:15:03 -  	data/modules/scripts/prey system/prey.lua:212: in function <data/modules/scripts/prey system/prey.lua:210>
2020-10-04 10:15:54 -  ip inválido
2020-10-04 10:15:54 -  Cassiano has logged in.
2020-10-04 10:16:41 -  Utamo Litez has logged in.
2020-10-04 10:22:04 -  ip inválido
2020-10-04 10:22:04 -  ip inválido
2020-10-04 10:22:04 -  ip inválido
2020-10-04 10:22:04 -  ip inválido
2020-10-04 10:22:04 -  ip inválido
2020-10-04 10:22:04 -  ip inválido
2020-10-04 10:22:04 -  Utamo Litez has logged out.
2020-10-04 10:22:06 -  Trimagasi has logged in.
2020-10-04 10:22:43 -  
2020-10-04 10:22:43 -  Lua Script Error: [Modules Interface] 
2020-10-04 10:22:43 -  data/modules/scripts/prey system/prey.lua:onRecvbyte
2020-10-04 10:22:43 -  data/modules/scripts/prey system/prey.lua:405: attempt to call method 'getPreyCurrentMonster' (a nil value)
2020-10-04 10:22:43 -  stack traceback:
2020-10-04 10:22:43 -  	[C]: in function 'getPreyCurrentMonster'
2020-10-04 10:22:43 -  	data/modules/scripts/prey system/prey.lua:405: in function 'sendPreyData'
2020-10-04 10:22:43 -  	data/modules/scripts/prey system/prey.lua:212: in function <data/modules/scripts/prey system/prey.lua:210>
2020-10-04 10:22:51 -  ip inválido
2020-10-04 10:22:51 -  Cassiano has logged out.
2020-10-04 10:25:05 -  ip inválido
2020-10-04 10:25:05 -  ip inválido
2020-10-04 10:25:05 -  Lady Tech has logged in.
2020-10-04 10:25:10 -  Lady Tech has logged out.
2020-10-04 10:25:13 -  Lord Tech has logged in.
2020-10-04 10:27:12 -  ip inválido
2020-10-04 10:27:12 -  ip inválido
2020-10-04 10:27:12 -  
2020-10-04 10:27:12 -  Lua Script Error: [Modules Interface] 
2020-10-04 10:27:12 -  data/modules/scripts/prey system/prey.lua:onRecvbyte
2020-10-04 10:27:12 -  data/modules/scripts/prey system/prey.lua:376: attempt to call method 'getPreyMonsterList' (a nil value)
2020-10-04 10:27:12 -  stack traceback:
2020-10-04 10:27:12 -  	[C]: in function 'getPreyMonsterList'
2020-10-04 10:27:12 -  	data/modules/scripts/prey system/prey.lua:376: in function 'sendPreyData'
2020-10-04 10:27:12 -  	data/modules/scripts/prey system/prey.lua:212: in function <data/modules/scripts/prey system/prey.lua:210>
2020-10-04 10:27:12 -  
2020-10-04 10:27:12 -  Lua Script Error: [Modules Interface] 
2020-10-04 10:27:12 -  data/modules/scripts/prey system/prey.lua:onRecvbyte
2020-10-04 10:27:12 -  data/modules/scripts/prey system/prey.lua:376: attempt to call method 'getPreyMonsterList' (a nil value)
2020-10-04 10:27:12 -  stack traceback:
2020-10-04 10:27:12 -  	[C]: in function 'getPreyMonsterList'
2020-10-04 10:27:12 -  	data/modules/scripts/prey system/prey.lua:376: in function 'sendPreyData'
2020-10-04 10:27:12 -  	data/modules/scripts/prey system/prey.lua:212: in function <data/modules/scripts/prey system/prey.lua:210>
2020-10-04 10:27:12 -  
2020-10-04 10:27:12 -  Lua Script Error: [Modules Interface] 
2020-10-04 10:27:12 -  data/modules/scripts/prey system/prey.lua:onRecvbyte
2020-10-04 10:27:12 -  data/modules/scripts/prey system/prey.lua:376: attempt to call method 'getPreyMonsterList' (a nil value)
2020-10-04 10:27:12 -  stack traceback:
2020-10-04 10:27:12 -  	[C]: in function 'getPreyMonsterList'
2020-10-04 10:27:12 -  	data/modules/scripts/prey system/prey.lua:376: in function 'sendPreyData'
2020-10-04 10:27:12 -  	data/modules/scripts/prey system/prey.lua:212: in function <data/modules/scripts/prey system/prey.lua:210>
2020-10-04 10:27:16 -  
2020-10-04 10:27:16 -  Lua Script Error: [Modules Interface] 
2020-10-04 10:27:16 -  data/modules/scripts/prey system/prey.lua:onRecvbyte
2020-10-04 10:27:16 -  data/modules/scripts/prey system/prey.lua:230: attempt to call method 'getPreyUnlocked' (a nil value)
2020-10-04 10:27:16 -  stack traceback:
2020-10-04 10:27:16 -  	[C]: in function 'getPreyUnlocked'
2020-10-04 10:27:16 -  	data/modules/scripts/prey system/prey.lua:230: in function 'preyAction'
2020-10-04 10:27:16 -  	data/modules/scripts/prey system/prey.lua:216: in function <data/modules/scripts/prey system/prey.lua:210>
2020-10-04 10:27:45 -  
2020-10-04 10:27:45 -  Lua Script Error: [Modules Interface] 
2020-10-04 10:27:45 -  data/modules/scripts/prey system/prey.lua:onRecvbyte
2020-10-04 10:27:45 -  data/modules/scripts/prey system/prey.lua:405: attempt to call method 'getPreyCurrentMonster' (a nil value)
2020-10-04 10:27:45 -  stack traceback:
2020-10-04 10:27:45 -  	[C]: in function 'getPreyCurrentMonster'
2020-10-04 10:27:45 -  	data/modules/scripts/prey system/prey.lua:405: in function 'sendPreyData'
2020-10-04 10:27:45 -  	data/modules/scripts/prey system/prey.lua:212: in function <data/modules/scripts/prey system/prey.lua:210>
2020-10-04 10:27:55 -  ip inválido
2020-10-04 10:27:55 -  [Debug - Game::internalDecayItem] internalDecayItem failed, error code: 1, item id: 29057
2020-10-04 10:27:56 -  [Debug - Game::internalDecayItem] internalDecayItem failed, error code: 1, item id: 29057
2020-10-04 10:27:56 -  [Debug - Game::internalDecayItem] internalDecayItem failed, error code: 1, item id: 29057
2020-10-04 10:29:35 -  ip inválido
2020-10-04 10:29:35 -  > Broadcasted message: "Feverish Citizens are invading the streets of Venore!".
2020-10-04 10:33:08 -  ip inválido
2020-10-04 10:33:08 -  ip inválido
2020-10-04 10:33:08 -  ip inválido
2020-10-04 10:33:08 -  ip inválido
2020-10-04 10:33:08 -  ip inválido
2020-10-04 10:33:08 -  ip inválido
2020-10-04 10:33:08 -  ip inválido
2020-10-04 10:33:08 -  Trimagasi has logged out.
2020-10-04 10:49:48 -  ip inválido
2020-10-04 10:49:48 -  ip inválido
2020-10-04 10:49:48 -  ip inválido
2020-10-04 10:49:48 -  ip inválido
2020-10-04 10:49:48 -  ip inválido
2020-10-04 10:49:48 -  ip inválido
2020-10-04 10:49:48 -  ip inválido
2020-10-04 10:49:48 -  ip inválido
2020-10-04 10:49:48 -  ip inválido
2020-10-04 10:49:48 -  ip inválido
2020-10-04 10:49:48 -  ip inválido
2020-10-04 10:49:48 -  ip inválido
2020-10-04 10:49:48 -  ip inválido
2020-10-04 10:49:48 -  ip inválido
2020-10-04 10:49:48 -  ip inválido
2020-10-04 10:49:48 -  ip inválido
2020-10-04 10:49:48 -  ip inválido
2020-10-04 10:49:48 -  ip inválido
2020-10-04 10:49:48 -  ip inválido
2020-10-04 10:49:48 -  ip inválido
2020-10-04 10:49:48 -  ip inválido
2020-10-04 10:49:48 -  ip inválido
2020-10-04 10:49:48 -  ip inválido
2020-10-04 10:49:48 -  ip inválido
2020-10-04 10:49:48 -  ip inválido
2020-10-04 10:49:48 -  ip inválido
2020-10-04 10:49:48 -  ip inválido
2020-10-04 10:49:48 -  ip inválido
2020-10-04 10:49:48 -  ip inválido
2020-10-04 10:49:48 -  ip inválido
2020-10-04 10:49:48 -  ip inválido
2020-10-04 10:49:48 -  ip inválido
2020-10-04 10:49:48 -  [Debug - Game::internalDecayItem] internalDecayItem failed, error code: 1, item id: 29057
2020-10-04 10:49:48 -  [Debug - Game::internalDecayItem] internalDecayItem failed, error code: 1, item id: 29057
2020-10-04 10:50:02 -  ip inválido
2020-10-04 10:50:02 -  ip inválido
2020-10-04 10:50:02 -  [Debug - Game::internalDecayItem] internalDecayItem failed, error code: 1, item id: 2018
2020-10-04 10:55:02 -  ip inválido
2020-10-04 10:55:02 -  ip inválido
2020-10-04 10:55:02 -  ip inválido
2020-10-04 10:55:02 -  ip inválido
2020-10-04 10:55:02 -  ip inválido
2020-10-04 10:55:02 -  ip inválido
2020-10-04 10:55:02 -  ip inválido
2020-10-04 10:55:02 -  ip inválido
2020-10-04 10:55:02 -  ip inválido
2020-10-04 10:55:02 -  ip inválido
2020-10-04 10:55:02 -  [Debug - Game::internalDecayItem] internalDecayItem failed, error code: 1, item id: 29057
2020-10-04 11:02:05 -  ip inválido
2020-10-04 11:02:05 -  ip inválido
2020-10-04 11:02:05 -  ip inválido
2020-10-04 11:02:05 -  ip inválido
2020-10-04 11:02:05 -  ip inválido
2020-10-04 11:02:05 -  ip inválido
2020-10-04 11:02:05 -  ip inválido
2020-10-04 11:02:05 -  ip inválido
2020-10-04 11:02:05 -  ip inválido
2020-10-04 11:02:05 -  ip inválido
2020-10-04 11:02:05 -  ip inválido
2020-10-04 11:02:05 -  ip inválido
2020-10-04 11:02:05 -  ip inválido
2020-10-04 11:02:05 -  ip inválido
2020-10-04 11:02:05 -  [Debug - Game::internalDecayItem] internalDecayItem failed, error code: 1, item id: 2018
2020-10-04 11:02:29 -  Demonzin has logged in.
2020-10-04 11:02:35 -  [Debug - Game::internalDecayItem] internalDecayItem failed, error code: 1, item id: 2018
2020-10-04 11:05:50 -  ip inválido
2020-10-04 11:05:50 -  ip inválido
2020-10-04 11:05:50 -  ip inválido
2020-10-04 11:05:50 -  ip inválido
2020-10-04 11:05:50 -  ip inválido
2020-10-04 11:05:50 -  ip inválido
2020-10-04 11:05:50 -  ip inválido
2020-10-04 11:05:50 -  ip inválido
2020-10-04 11:05:50 -  
2020-10-04 11:05:50 -  Lua Script Error: [GlobalEvent Interface] 
2020-10-04 11:05:50 -  data/globalevents/scripts/Ghulosh.lua:onThink
2020-10-04 11:05:50 -  data/globalevents/scripts/Ghulosh.lua:34: attempt to index local 'boss' (a nil value)
2020-10-04 11:05:50 -  stack traceback:
2020-10-04 11:05:50 -  	[C]: in function '__index'
2020-10-04 11:05:50 -  	data/globalevents/scripts/Ghulosh.lua:34: in function <data/globalevents/scripts/Ghulosh.lua:21>
2020-10-04 11:05:50 -  [Error - GlobalEvents::think] Failed to execute event: Ghulosh
2020-10-04 11:05:50 -  
2020-10-04 11:05:50 -  Lua Script Error: [GlobalEvent Interface] 
2020-10-04 11:05:50 -  data/globalevents/scripts/Gorzindel.lua:onThink
2020-10-04 11:05:50 -  data/globalevents/scripts/Gorzindel.lua:34: attempt to index local 'boss' (a nil value)
2020-10-04 11:05:50 -  stack traceback:
2020-10-04 11:05:50 -  	[C]: in function '__index'
2020-10-04 11:05:50 -  	data/globalevents/scripts/Gorzindel.lua:34: in function <data/globalevents/scripts/Gorzindel.lua:21>
2020-10-04 11:05:50 -  [Error - GlobalEvents::think] Failed to execute event: Gorzindel
2020-10-04 11:05:50 -  
2020-10-04 11:05:50 -  Lua Script Error: [GlobalEvent Interface] 
2020-10-04 11:05:50 -  data/globalevents/scripts/Lokathmor.lua:onThink
2020-10-04 11:05:50 -  data/globalevents/scripts/Lokathmor.lua:34: attempt to index local 'boss' (a nil value)
2020-10-04 11:05:50 -  stack traceback:
2020-10-04 11:05:50 -  	[C]: in function '__index'
2020-10-04 11:05:50 -  	data/globalevents/scripts/Lokathmor.lua:34: in function <data/globalevents/scripts/Lokathmor.lua:21>
2020-10-04 11:05:50 -  [Error - GlobalEvents::think] Failed to execute event: Lokathmor
2020-10-04 11:05:50 -  
2020-10-04 11:05:50 -  Lua Script Error: [GlobalEvent Interface] 
2020-10-04 11:05:50 -  data/globalevents/scripts/Mazzinor.lua:onThink
2020-10-04 11:05:50 -  data/globalevents/scripts/Mazzinor.lua:34: attempt to index local 'boss' (a nil value)
2020-10-04 11:05:50 -  stack traceback:
2020-10-04 11:05:50 -  	[C]: in function '__index'
2020-10-04 11:05:50 -  	data/globalevents/scripts/Mazzinor.lua:34: in function <data/globalevents/scripts/Mazzinor.lua:21>
2020-10-04 11:05:50 -  [Error - GlobalEvents::think] Failed to execute event: Mazzinor
2020-10-04 11:05:50 -  [Warning - Monsters::loadMonster] Non-unique loot item "Giant Sapphire". 
2020-10-04 11:05:50 -  [Warning - Monsters::loadMonster] Cant load loot. data/monster/Secret Library/the scourge of oblivion.xml
2020-10-04 11:05:50 -  [Warning - Monsters::loadMonster] Non-unique loot item "Collar of Blue Plasma". 
2020-10-04 11:05:50 -  [Warning - Monsters::loadMonster] Cant load loot. data/monster/Secret Library/the scourge of oblivion.xml
2020-10-04 11:05:50 -  [Warning - Monsters::loadMonster] Non-unique loot item "Giant Shimmering Pearl". 
2020-10-04 11:05:50 -  [Warning - Monsters::loadMonster] Cant load loot. data/monster/Secret Library/the scourge of oblivion.xml
2020-10-04 11:05:50 -  [Warning - Monsters::loadMonster] Unknown loot item "The Calamity". 
2020-10-04 11:05:50 -  [Warning - Monsters::loadMonster] Cant load loot. data/monster/Secret Library/the scourge of oblivion.xml
2020-10-04 11:05:50 -  
2020-10-04 11:05:50 -  Lua Script Error: [GlobalEvent Interface] 
2020-10-04 11:05:50 -  data/globalevents/scripts/The Scourge Of Oblivion.lua:onThink
2020-10-04 11:05:50 -  data/globalevents/scripts/The Scourge Of Oblivion.lua:34: attempt to index local 'boss' (a nil value)
2020-10-04 11:05:50 -  stack traceback:
2020-10-04 11:05:50 -  	[C]: in function '__index'
2020-10-04 11:05:50 -  	data/globalevents/scripts/The Scourge Of Oblivion.lua:34: in function <data/globalevents/scripts/The Scourge Of Oblivion.lua:21>
2020-10-04 11:05:50 -  [Error - GlobalEvents::think] Failed to execute event: The Scourge Of Oblivion
2020-10-04 11:08:07 -  ip inválido
2020-10-04 11:08:07 -  ip inválido
2020-10-04 11:08:07 -  ip inválido
2020-10-04 11:08:07 -  ip inválido
2020-10-04 11:08:07 -  [Debug - Game::internalDecayItem] internalDecayItem failed, error code: 1, item id: 29057
2020-10-04 11:11:19 -  ip inválido
2020-10-04 11:11:19 -  ip inválido
2020-10-04 11:11:19 -  ip inválido
2020-10-04 11:11:19 -  ip inválido
2020-10-04 11:11:19 -  ip inválido
2020-10-04 11:11:19 -  ip inválido
2020-10-04 11:11:19 -  [Debug - Game::internalDecayItem] internalDecayItem failed, error code: 1, item id: 2018
2020-10-04 11:28:30 -  ip inválido
2020-10-04 11:28:30 -  ip inválido
2020-10-04 11:28:30 -  ip inválido
2020-10-04 11:28:30 -  ip inválido
2020-10-04 11:28:30 -  ip inválido
2020-10-04 11:28:30 -  ip inválido
2020-10-04 11:28:30 -  ip inválido
2020-10-04 11:28:30 -  ip inválido
2020-10-04 11:28:30 -  ip inválido
2020-10-04 11:28:30 -  ip inválido
2020-10-04 11:28:30 -  ip inválido
2020-10-04 11:28:30 -  ip inválido
2020-10-04 11:28:30 -  ip inválido
2020-10-04 11:28:30 -  ip inválido
2020-10-04 11:28:30 -  ip inválido
2020-10-04 11:28:30 -  ip inválido
2020-10-04 11:28:30 -  ip inválido
2020-10-04 11:28:30 -  ip inválido
2020-10-04 11:28:30 -  ip inválido
2020-10-04 11:28:30 -  ip inválido
2020-10-04 11:28:30 -  ip inválido
2020-10-04 11:28:30 -  ip inválido
2020-10-04 11:28:30 -  ip inválido
2020-10-04 11:28:30 -  ip inválido
2020-10-04 11:28:30 -  ip inválido
2020-10-04 11:28:30 -  ip inválido
2020-10-04 11:28:30 -  ip inválido
2020-10-04 11:28:30 -  ip inválido
2020-10-04 11:28:30 -  ip inválido
2020-10-04 11:28:30 -  ip inválido
2020-10-04 11:28:30 -  ip inválido
2020-10-04 11:28:30 -  ip inválido
2020-10-04 11:28:30 -  ip inválido
2020-10-04 11:28:30 -  ip inválido
2020-10-04 11:28:30 -  [Debug - Game::internalDecayItem] internalDecayItem failed, error code: 1, item id: 2018
2020-10-04 11:35:16 -  ip inválido
2020-10-04 11:35:16 -  ip inválido
2020-10-04 11:35:16 -  ip inválido
2020-10-04 11:35:16 -  ip inválido
2020-10-04 11:35:16 -  ip inválido
2020-10-04 11:35:16 -  ip inválido
2020-10-04 11:35:16 -  ip inválido
2020-10-04 11:35:16 -  ip inválido
2020-10-04 11:35:16 -  ip inválido
2020-10-04 11:35:16 -  ip inválido
2020-10-04 11:35:16 -  ip inválido
2020-10-04 11:35:16 -  ip inválido
2020-10-04 11:35:16 -  ip inválido
2020-10-04 11:35:16 -  ip inválido
2020-10-04 11:35:16 -  [Debug - Game::internalDecayItem] internalDecayItem failed, error code: 1, item id: 29057
2020-10-04 11:35:16 -  [Debug - Game::internalDecayItem] internalDecayItem failed, error code: 1, item id: 29057
2020-10-04 11:45:00 -  ip inválido
2020-10-04 11:45:00 -  ip inválido
2020-10-04 11:45:00 -  ip inválido
2020-10-04 11:45:00 -  ip inválido
2020-10-04 11:45:00 -  ip inválido
2020-10-04 11:45:00 -  ip inválido
2020-10-04 11:45:00 -  ip inválido
2020-10-04 11:45:00 -  ip inválido
2020-10-04 11:45:00 -  ip inválido
2020-10-04 11:45:00 -  ip inválido
2020-10-04 11:45:00 -  ip inválido
2020-10-04 11:45:00 -  ip inválido
2020-10-04 11:45:00 -  ip inválido
2020-10-04 11:45:00 -  ip inválido
2020-10-04 11:45:00 -  ip inválido
2020-10-04 11:45:00 -  ip inválido
2020-10-04 11:45:00 -  ip inválido
2020-10-04 11:45:00 -  ip inválido
2020-10-04 11:45:00 -  ip inválido
2020-10-04 11:45:00 -  ip inválido
2020-10-04 11:45:00 -  [Debug - Game::internalDecayItem] internalDecayItem failed, error code: 1, item id: 2018
2020-10-04 11:45:19 -  [Debug - Game::internalDecayItem] internalDecayItem failed, error code: 1, item id: 2018
2020-10-04 11:46:49 -  ip inválido
2020-10-04 11:46:49 -  ip inválido
2020-10-04 11:46:49 -  [Debug - Game::internalDecayItem] internalDecayItem failed, error code: 1, item id: 2018
2020-10-04 11:47:50 -  ip inválido
2020-10-04 11:47:50 -  ip inválido
2020-10-04 11:47:50 -  ip inválido
2020-10-04 11:47:50 -  ip inválido
2020-10-04 11:47:50 -  [Debug - Game::internalDecayItem] internalDecayItem failed, error code: 1, item id: 2018
2020-10-04 11:48:05 -  [Debug - Game::internalDecayItem] internalDecayItem failed, error code: 1, item id: 2018
2020-10-04 11:48:38 -  [Debug - Game::internalDecayItem] internalDecayItem failed, error code: 1, item id: 2018
2020-10-04 11:48:41 -  [Debug - Game::internalDecayItem] internalDecayItem failed, error code: 1, item id: 2018
2020-10-04 11:50:15 -  ip inválido
2020-10-04 11:50:15 -  ip inválido
2020-10-04 11:50:15 -  ip inválido
2020-10-04 11:50:15 -  ip inválido
2020-10-04 11:50:15 -  [Debug - Game::internalDecayItem] internalDecayItem failed, error code: 1, item id: 2018
2020-10-04 11:50:53 -  ip inválido
2020-10-04 11:50:53 -  ip inválido
2020-10-04 11:50:53 -  [Debug - Game::internalDecayItem] internalDecayItem failed, error code: 1, item id: 2018
2020-10-04 11:53:01 -  ip inválido
2020-10-04 11:53:01 -  ip inválido
2020-10-04 11:53:01 -  ip inválido
2020-10-04 11:53:01 -  ip inválido
2020-10-04 11:53:01 -  [Debug - Game::internalDecayItem] internalDecayItem failed, error code: 1, item id: 2018
2020-10-04 11:53:28 -  [Debug - Game::internalDecayItem] internalDecayItem failed, error code: 1, item id: 2018
2020-10-04 11:55:44 -  ip inválido
2020-10-04 11:55:44 -  ip inválido
2020-10-04 11:55:44 -  ip inválido
2020-10-04 11:55:44 -  ip inválido
2020-10-04 11:55:44 -  [Debug - Game::internalDecayItem] internalDecayItem failed, error code: 1, item id: 2018
2020-10-04 11:56:23 -  ip inválido
2020-10-04 11:56:23 -  ip inválido
2020-10-04 11:56:23 -  [Debug - Game::internalDecayItem] internalDecayItem failed, error code: 1, item id: 2018
2020-10-04 11:58:05 -  ip inválido
2020-10-04 11:58:05 -  ip inválido
2020-10-04 11:58:05 -  ip inválido
2020-10-04 11:58:05 -  ip inválido
2020-10-04 11:58:05 -  [Debug - Game::internalDecayItem] internalDecayItem failed, error code: 1, item id: 2018
2020-10-04 11:59:53 -  ip inválido
2020-10-04 11:59:53 -  ip inválido
2020-10-04 11:59:53 -  ip inválido
2020-10-04 11:59:53 -  ip inválido
2020-10-04 11:59:53 -  [Debug - Game::internalDecayItem] internalDecayItem failed, error code: 1, item id: 29057
2020-10-04 12:05:44 -  ip inválido
2020-10-04 12:05:44 -  ip inválido
2020-10-04 12:05:44 -  ip inválido
2020-10-04 12:05:44 -  ip inválido
2020-10-04 12:05:44 -  ip inválido
2020-10-04 12:05:44 -  ip inválido
2020-10-04 12:05:44 -  ip inválido
2020-10-04 12:05:44 -  ip inválido
2020-10-04 12:05:44 -  ip inválido
2020-10-04 12:05:44 -  ip inválido
2020-10-04 12:05:44 -  [Debug - Game::internalDecayItem] internalDecayItem failed, error code: 1, item id: 2018
2020-10-04 12:07:00 -  ip inválido
2020-10-04 12:07:00 -  ip inválido
2020-10-04 12:07:00 -  ip inválido
2020-10-04 12:07:00 -  ip inválido
2020-10-04 12:07:00 -  [Debug - Game::internalDecayItem] internalDecayItem failed, error code: 1, item id: 29057
2020-10-04 12:16:08 -  ip inválido
2020-10-04 12:16:08 -  ip inválido
2020-10-04 12:16:08 -  ip inválido
2020-10-04 12:16:08 -  ip inválido
2020-10-04 12:16:08 -  ip inválido
2020-10-04 12:16:08 -  ip inválido
2020-10-04 12:16:08 -  ip inválido
2020-10-04 12:16:08 -  ip inválido
2020-10-04 12:16:08 -  ip inválido
2020-10-04 12:16:08 -  ip inválido
2020-10-04 12:16:08 -  ip inválido
2020-10-04 12:16:08 -  ip inválido
2020-10-04 12:16:08 -  ip inválido
2020-10-04 12:16:08 -  ip inválido
2020-10-04 12:16:08 -  ip inválido
2020-10-04 12:16:08 -  ip inválido
2020-10-04 12:16:08 -  ip inválido
2020-10-04 12:16:08 -  ip inválido
2020-10-04 12:16:08 -  [Debug - Game::internalDecayItem] internalDecayItem failed, error code: 1, item id: 29057
2020-10-04 12:27:14 -  ip inválido
2020-10-04 12:27:14 -  ip inválido
2020-10-04 12:27:14 -  ip inválido
2020-10-04 12:27:14 -  ip inválido
2020-10-04 12:27:14 -  ip inválido
2020-10-04 12:27:14 -  ip inválido
2020-10-04 12:27:14 -  ip inválido
2020-10-04 12:27:14 -  ip inválido
2020-10-04 12:27:14 -  ip inválido
2020-10-04 12:27:14 -  ip inválido
2020-10-04 12:27:14 -  ip inválido
2020-10-04 12:27:14 -  ip inválido
2020-10-04 12:27:14 -  ip inválido
2020-10-04 12:27:14 -  ip inválido
2020-10-04 12:27:14 -  ip inválido
2020-10-04 12:27:14 -  ip inválido
2020-10-04 12:27:14 -  ip inválido
2020-10-04 12:27:14 -  ip inválido
2020-10-04 12:27:14 -  ip inválido
2020-10-04 12:27:14 -  ip inválido
2020-10-04 12:27:14 -  ip inválido
2020-10-04 12:27:14 -  ip inválido
2020-10-04 12:27:14 -  [Debug - Game::internalDecayItem] internalDecayItem failed, error code: 1, item id: 29057
2020-10-04 12:28:31 -  ip inválido
2020-10-04 12:28:31 -  ip inválido
2020-10-04 12:28:31 -  [Debug - Game::internalDecayItem] internalDecayItem failed, error code: 1, item id: 2018
2020-10-04 12:28:33 -  [Debug - Game::internalDecayItem] internalDecayItem failed, error code: 1, item id: 2018
2020-10-04 12:35:33 -  ip inválido
2020-10-04 12:35:33 -  ip inválido
2020-10-04 12:35:33 -  ip inválido
2020-10-04 12:35:33 -  ip inválido
2020-10-04 12:35:33 -  ip inválido
2020-10-04 12:35:33 -  ip inválido
2020-10-04 12:35:33 -  ip inválido
2020-10-04 12:35:33 -  ip inválido
2020-10-04 12:35:33 -  ip inválido
2020-10-04 12:35:33 -  ip inválido
2020-10-04 12:35:33 -  ip inválido
2020-10-04 12:35:33 -  ip inválido
2020-10-04 12:35:33 -  ip inválido
2020-10-04 12:35:33 -  ip inválido
2020-10-04 12:35:33 -  [Debug - Game::internalDecayItem] internalDecayItem failed, error code: 1, item id: 29057
2020-10-04 12:35:33 -  [Debug - Game::internalDecayItem] internalDecayItem failed, error code: 1, item id: 29057
2020-10-04 12:40:57 -  ip inválido
2020-10-04 12:40:57 -  ip inválido
2020-10-04 12:40:57 -  ip inválido
2020-10-04 12:40:57 -  ip inválido
2020-10-04 12:40:57 -  ip inválido
2020-10-04 12:40:57 -  ip inválido
2020-10-04 12:40:57 -  ip inválido
2020-10-04 12:40:57 -  ip inválido
2020-10-04 12:40:57 -  ip inválido
2020-10-04 12:40:57 -  ip inválido
2020-10-04 12:40:57 -  ip inválido
2020-10-04 12:40:57 -  ip inválido
2020-10-04 12:40:57 -  [Debug - Game::internalDecayItem] internalDecayItem failed, error code: 1, item id: 2021
2020-10-04 12:40:57 -  [Debug - Game::internalDecayItem] internalDecayItem failed, error code: 1, item id: 2021
2020-10-04 12:40:58 -  [Debug - Game::internalDecayItem] internalDecayItem failed, error code: 1, item id: 2021
2020-10-04 12:40:59 -  [Debug - Game::internalDecayItem] internalDecayItem failed, error code: 1, item id: 2021
2020-10-04 12:41:01 -  [Debug - Game::internalDecayItem] internalDecayItem failed, error code: 1, item id: 2021
2020-10-04 12:41:01 -  [Debug - Game::internalDecayItem] internalDecayItem failed, error code: 1, item id: 2021
2020-10-04 12:41:01 -  [Debug - Game::internalDecayItem] internalDecayItem failed, error code: 1, item id: 2021
2020-10-04 12:41:03 -  [Debug - Game::internalDecayItem] internalDecayItem failed, error code: 1, item id: 2021
2020-10-04 12:41:57 -  ip inválido
2020-10-04 12:41:57 -  ip inválido
2020-10-04 12:41:57 -  [Debug - Game::internalDecayItem] internalDecayItem failed, error code: 1, item id: 29057
2020-10-04 12:41:58 -  [Debug - Game::internalDecayItem] internalDecayItem failed, error code: 1, item id: 29057
2020-10-04 12:46:40 -  ip inválido
2020-10-04 12:46:40 -  ip inválido
2020-10-04 12:46:40 -  ip inválido
2020-10-04 12:46:40 -  ip inválido
2020-10-04 12:46:40 -  ip inválido
2020-10-04 12:46:40 -  ip inválido
2020-10-04 12:46:40 -  ip inválido
2020-10-04 12:46:40 -  ip inválido
2020-10-04 12:46:40 -  Nosferatu has logged in.
2020-10-04 12:48:26 -  ip inválido
2020-10-04 12:48:26 -  ip inválido
2020-10-04 12:48:26 -  ip inválido
2020-10-04 12:48:26 -  ip inválido
2020-10-04 12:48:26 -  [Debug - Game::internalDecayItem] internalDecayItem failed, error code: 1, item id: 29057
2020-10-04 12:48:26 -  [Debug - Game::internalDecayItem] internalDecayItem failed, error code: 1, item id: 29057
2020-10-04 12:55:14 -  ip inválido
2020-10-04 12:55:14 -  ip inválido
2020-10-04 12:55:14 -  ip inválido
2020-10-04 12:55:14 -  ip inválido
2020-10-04 12:55:14 -  ip inválido
2020-10-04 12:55:14 -  ip inválido
2020-10-04 12:55:14 -  ip inválido
2020-10-04 12:55:14 -  ip inválido
2020-10-04 12:55:14 -  ip inválido
2020-10-04 12:55:14 -  ip inválido
2020-10-04 12:55:14 -  ip inválido
2020-10-04 12:55:14 -  ip inválido
2020-10-04 12:55:14 -  ip inválido
2020-10-04 12:55:14 -  ip inválido
2020-10-04 12:55:14 -  [Debug - Game::internalDecayItem] internalDecayItem failed, error code: 1, item id: 29057
2020-10-04 12:55:15 -  [Debug - Game::internalDecayItem] internalDecayItem failed, error code: 1, item id: 29057
2020-10-04 12:56:29 -  ip inválido
2020-10-04 12:56:29 -  ip inválido
2020-10-04 12:56:29 -  
2020-10-04 12:56:29 -  Lua Script Error: [Modules Interface] 
2020-10-04 12:56:29 -  data/modules/scripts/prey system/prey.lua:onRecvbyte
2020-10-04 12:56:29 -  data/modules/scripts/prey system/prey.lua:376: attempt to call method 'getPreyMonsterList' (a nil value)
2020-10-04 12:56:29 -  stack traceback:
2020-10-04 12:56:29 -  	[C]: in function 'getPreyMonsterList'
2020-10-04 12:56:29 -  	data/modules/scripts/prey system/prey.lua:376: in function 'sendPreyData'
2020-10-04 12:56:29 -  	data/modules/scripts/prey system/prey.lua:212: in function <data/modules/scripts/prey system/prey.lua:210>
2020-10-04 12:56:33 -  
2020-10-04 12:56:33 -  Lua Script Error: [Modules Interface] 
2020-10-04 12:56:33 -  data/modules/scripts/prey system/prey.lua:onRecvbyte
2020-10-04 12:56:33 -  data/modules/scripts/prey system/prey.lua:376: attempt to call method 'getPreyMonsterList' (a nil value)
2020-10-04 12:56:33 -  stack traceback:
2020-10-04 12:56:33 -  	[C]: in function 'getPreyMonsterList'
2020-10-04 12:56:33 -  	data/modules/scripts/prey system/prey.lua:376: in function 'sendPreyData'
2020-10-04 12:56:33 -  	data/modules/scripts/prey system/prey.lua:212: in function <data/modules/scripts/prey system/prey.lua:210>
2020-10-04 12:56:34 -  
2020-10-04 12:56:34 -  Lua Script Error: [Modules Interface] 
2020-10-04 12:56:34 -  data/modules/scripts/prey system/prey.lua:onRecvbyte
2020-10-04 12:56:34 -  data/modules/scripts/prey system/prey.lua:230: attempt to call method 'getPreyUnlocked' (a nil value)
2020-10-04 12:56:34 -  stack traceback:
2020-10-04 12:56:34 -  	[C]: in function 'getPreyUnlocked'
2020-10-04 12:56:34 -  	data/modules/scripts/prey system/prey.lua:230: in function 'preyAction'
2020-10-04 12:56:34 -  	data/modules/scripts/prey system/prey.lua:216: in function <data/modules/scripts/prey system/prey.lua:210>
2020-10-04 12:56:34 -  
2020-10-04 12:56:34 -  Lua Script Error: [Modules Interface] 
2020-10-04 12:56:34 -  data/modules/scripts/prey system/prey.lua:onRecvbyte
2020-10-04 12:56:34 -  data/modules/scripts/prey system/prey.lua:376: attempt to call method 'getPreyMonsterList' (a nil value)
2020-10-04 12:56:34 -  stack traceback:
2020-10-04 12:56:34 -  	[C]: in function 'getPreyMonsterList'
2020-10-04 12:56:34 -  	data/modules/scripts/prey system/prey.lua:376: in function 'sendPreyData'
2020-10-04 12:56:34 -  	data/modules/scripts/prey system/prey.lua:212: in function <data/modules/scripts/prey system/prey.lua:210>
2020-10-04 12:56:45 -  
2020-10-04 12:56:45 -  Lua Script Error: [Modules Interface] 
2020-10-04 12:56:45 -  data/modules/scripts/prey system/prey.lua:onRecvbyte
2020-10-04 12:56:45 -  data/modules/scripts/prey system/prey.lua:230: attempt to call method 'getPreyUnlocked' (a nil value)
2020-10-04 12:56:45 -  stack traceback:
2020-10-04 12:56:45 -  	[C]: in function 'getPreyUnlocked'
2020-10-04 12:56:45 -  	data/modules/scripts/prey system/prey.lua:230: in function 'preyAction'
2020-10-04 12:56:45 -  	data/modules/scripts/prey system/prey.lua:216: in function <data/modules/scripts/prey system/prey.lua:210>
2020-10-04 12:56:46 -  
2020-10-04 12:56:46 -  Lua Script Error: [Modules Interface] 
2020-10-04 12:56:46 -  data/modules/scripts/prey system/prey.lua:onRecvbyte
2020-10-04 12:56:46 -  data/modules/scripts/prey system/prey.lua:376: attempt to call method 'getPreyMonsterList' (a nil value)
2020-10-04 12:56:46 -  stack traceback:
2020-10-04 12:56:46 -  	[C]: in function 'getPreyMonsterList'
2020-10-04 12:56:46 -  	data/modules/scripts/prey system/prey.lua:376: in function 'sendPreyData'
2020-10-04 12:56:46 -  	data/modules/scripts/prey system/prey.lua:212: in function <data/modules/scripts/prey system/prey.lua:210>
2020-10-04 13:07:54 -  ip inválido
2020-10-04 13:07:54 -  ip inválido
2020-10-04 13:07:54 -  ip inválido
2020-10-04 13:07:54 -  ip inválido
2020-10-04 13:07:54 -  ip inválido
2020-10-04 13:07:54 -  ip inválido
2020-10-04 13:07:54 -  ip inválido
2020-10-04 13:07:54 -  ip inválido
2020-10-04 13:07:54 -  ip inválido
2020-10-04 13:07:54 -  ip inválido
2020-10-04 13:07:54 -  ip inválido
2020-10-04 13:07:54 -  ip inválido
2020-10-04 13:07:54 -  ip inválido
2020-10-04 13:07:54 -  ip inválido
2020-10-04 13:07:54 -  ip inválido
2020-10-04 13:07:54 -  ip inválido
2020-10-04 13:07:54 -  ip inválido
2020-10-04 13:07:54 -  ip inválido
2020-10-04 13:07:54 -  ip inválido
2020-10-04 13:07:54 -  ip inválido
2020-10-04 13:07:54 -  ip inválido
2020-10-04 13:07:54 -  ip inválido
2020-10-04 13:07:54 -  ip inválido
2020-10-04 13:07:54 -  ip inválido
2020-10-04 13:07:54 -  ip inválido
2020-10-04 13:07:54 -  Demonzin has logged out.
2020-10-04 13:19:03 -  ip inválido
2020-10-04 13:19:03 -  ip inválido
2020-10-04 13:19:03 -  ip inválido
2020-10-04 13:19:03 -  ip inválido
2020-10-04 13:19:03 -  ip inválido
2020-10-04 13:19:03 -  ip inválido
2020-10-04 13:19:03 -  ip inválido
2020-10-04 13:19:03 -  ip inválido
2020-10-04 13:19:03 -  ip inválido
2020-10-04 13:19:03 -  ip inválido
2020-10-04 13:19:03 -  ip inválido
2020-10-04 13:19:03 -  ip inválido
2020-10-04 13:19:03 -  ip inválido
2020-10-04 13:19:03 -  ip inválido
2020-10-04 13:19:03 -  ip inválido
2020-10-04 13:19:03 -  ip inválido
2020-10-04 13:19:03 -  ip inválido
2020-10-04 13:19:03 -  ip inválido
2020-10-04 13:19:03 -  ip inválido
2020-10-04 13:19:03 -  ip inválido
2020-10-04 13:19:03 -  ip inválido
2020-10-04 13:19:03 -  ip inválido
2020-10-04 13:19:03 -  Shaka has logged out.
2020-10-04 13:20:09 -  ip inválido
2020-10-04 13:20:09 -  ip inválido
2020-10-04 13:20:09 -  Shaka has logged in.
2020-10-04 13:28:15 -  ip inválido
2020-10-04 13:28:15 -  ip inválido
2020-10-04 13:28:15 -  ip inválido
2020-10-04 13:28:15 -  ip inválido
2020-10-04 13:28:15 -  ip inválido
2020-10-04 13:28:15 -  ip inválido
2020-10-04 13:28:15 -  ip inválido
2020-10-04 13:28:15 -  ip inválido
2020-10-04 13:28:15 -  ip inválido
2020-10-04 13:28:15 -  ip inválido
2020-10-04 13:28:15 -  [Debug - Game::internalDecayItem] internalDecayItem failed, error code: 1, item id: 2021
2020-10-04 13:29:09 -  ip inválido
2020-10-04 13:29:09 -  [Debug - Game::internalDecayItem] internalDecayItem failed, error code: 1, item id: 29057
2020-10-04 13:29:10 -  [Debug - Game::internalDecayItem] internalDecayItem failed, error code: 1, item id: 29057
2020-10-04 13:29:11 -  
2020-10-04 13:29:11 -  Thread 2 "tfs" received signal SIGSEGV, Segmentation fault.
2020-10-04 13:29:11 -  [Switching to Thread 0x7ffff3dbb700 (LWP 9777)]
2020-10-04 13:29:11 -  0x000000000059b718 in Game::internalRemoveItem(Item*, int, bool, unsigned int) (this=this@entry=0x8e7760 <g_game>, item=item@entry=0x7fff65c88f20, count=count@entry=-1, test=test@entry=false, flags=flags@entry=0) at /home/otg/src/game.cpp:1422
2020-10-04 13:29:11 -  1422		Tile* fromTile = cylinder->getTile();
2020-10-04 13:29:11 -  
2020-10-04 13:29:11 -  Thread 4 (Thread 0x7ffff2ba7700 (LWP 9779)):
2020-10-04 13:29:11 -  #0  pthread_cond_wait@@GLIBC_2.3.2 () at ../sysdeps/unix/sysv/linux/x86_64/pthread_cond_wait.S:185
2020-10-04 13:29:11 -  No locals.
2020-10-04 13:29:11 -  #1  0x00007ffff5e7491c in std::condition_variable::wait(std::unique_lock<std::mutex>&) () from /usr/lib/x86_64-linux-gnu/libstdc++.so.6
2020-10-04 13:29:11 -  No symbol table info available.
2020-10-04 13:29:11 -  #2  0x00000000006228bf in DatabaseTasks::threadMain() (this=0x8e39a0 <g_databaseTasks>) at /home/otg/src/databasetasks.cpp:42
2020-10-04 13:29:11 -          taskLockUnique = {_M_device = 0x8e3a08 <g_databaseTasks+104>, _M_owns = true}
2020-10-04 13:29:11 -  #3  0x00007ffff5e79c80 in ?? () from /usr/lib/x86_64-linux-gnu/libstdc++.so.6
2020-10-04 13:29:11 -  No symbol table info available.
2020-10-04 13:29:11 -  #4  0x00007ffff614a6ba in start_thread (arg=0x7ffff2ba7700) at pthread_create.c:333
2020-10-04 13:29:11 -          __res = <optimized out>
2020-10-04 13:29:11 -          pd = 0x7ffff2ba7700
2020-10-04 13:29:11 -          now = <optimized out>
2020-10-04 13:29:11 -          unwind_buf = {cancel_jmp_buf = {{jmp_buf = {140737265694464, 5012623039812352835, 0, 140737284647471, 140737265695168, 9334528, -5012630165705704637, -5012640312878810301}, mask_was_saved = 0}}, priv = {pad = {0x0, 0x0, 0x0, 0x0}, data = {prev = 0x0, cleanup = 0x0, canceltype = 0}}}
2020-10-04 13:29:11 -          not_first_call = <optimized out>
2020-10-04 13:29:11 -          pagesize_m1 = <optimized out>
2020-10-04 13:29:11 -          sp = <optimized out>
2020-10-04 13:29:11 -          freesize = <optimized out>
2020-10-04 13:29:11 -          __PRETTY_FUNCTION__ = "start_thread"
2020-10-04 13:29:11 -  #5  0x00007ffff7b144dd in clone () at ../sysdeps/unix/sysv/linux/x86_64/clone.S:109
2020-10-04 13:29:12 -  No locals.
2020-10-04 13:29:12 -  
2020-10-04 13:29:12 -  Thread 3 (Thread 0x7ffff35ba700 (LWP 9778)):
2020-10-04 13:29:12 -  #0  pthread_cond_timedwait@@GLIBC_2.3.2 () at ../sysdeps/unix/sysv/linux/x86_64/pthread_cond_timedwait.S:225
2020-10-04 13:29:12 -  No locals.
2020-10-04 13:29:12 -  #1  0x0000000000506210 in __gthread_cond_timedwait () at /usr/include/x86_64-linux-gnu/c++/5/bits/gthr-default.h:871
2020-10-04 13:29:12 -  No locals.
2020-10-04 13:29:12 -  #2  std::condition_variable::__wait_until_impl (__atime=..., __lock=..., this=0x8e6fa0 <g_scheduler+64>) at /usr/include/c++/5/condition_variable:165
2020-10-04 13:29:12 -          __ts = {tv_sec = 1601832551, tv_nsec = 545511162}
2020-10-04 13:29:12 -  #3  std::condition_variable::wait_until<std::chrono::duration<long, std::ratio<1l, 1000000000l> > > () at /usr/include/c++/5/condition_variable:105
2020-10-04 13:29:12 -          __lock = @0x7ffff35b9e90: {_M_device = 0x8e6f78 <g_scheduler+24>, _M_owns = true}
2020-10-04 13:29:12 -          this = 0x8e6fa0 <g_scheduler+64>
2020-10-04 13:29:12 -  #4  Scheduler::threadMain (this=0x8e6f60 <g_scheduler>) at /home/otg/src/scheduler.cpp:36
2020-10-04 13:29:12 -          ret = std::cv_status::no_timeout
2020-10-04 13:29:12 -          eventLockUnique = {_M_device = 0x8e6f78 <g_scheduler+24>, _M_owns = true}
2020-10-04 13:29:12 -  #5  0x00007ffff5e79c80 in ?? () from /usr/lib/x86_64-linux-gnu/libstdc++.so.6
2020-10-04 13:29:12 -  No symbol table info available.
2020-10-04 13:29:12 -  #6  0x00007ffff614a6ba in start_thread (arg=0x7ffff35ba700) at pthread_create.c:333
2020-10-04 13:29:12 -          __res = <optimized out>
2020-10-04 13:29:12 -          pd = 0x7ffff35ba700
2020-10-04 13:29:12 -          now = <optimized out>
2020-10-04 13:29:12 -          unwind_buf = {cancel_jmp_buf = {{jmp_buf = {140737276258048, 5012623039812352835, 0, 140737488346847, 140737276258752, 9437376, -5012633172719682749, -5012640312878810301}, mask_was_saved = 0}}, priv = {pad = {0x0, 0x0, 0x0, 0x0}, data = {prev = 0x0, cleanup = 0x0, canceltype = 0}}}
2020-10-04 13:29:12 -          not_first_call = <optimized out>
2020-10-04 13:29:12 -          pagesize_m1 = <optimized out>
2020-10-04 13:29:12 -          sp = <optimized out>
2020-10-04 13:29:12 -          freesize = <optimized out>
2020-10-04 13:29:12 -          __PRETTY_FUNCTION__ = "start_thread"
2020-10-04 13:29:12 -  #7  0x00007ffff7b144dd in clone () at ../sysdeps/unix/sysv/linux/x86_64/clone.S:109
2020-10-04 13:29:12 -  No locals.
2020-10-04 13:29:12 -  
2020-10-04 13:29:12 -  Thread 2 (Thread 0x7ffff3dbb700 (LWP 9777)):
2020-10-04 13:29:12 -  #0  0x000000000059b718 in Game::internalRemoveItem(Item*, int, bool, unsigned int) (this=this@entry=0x8e7760 <g_game>, item=item@entry=0x7fff65c88f20, count=count@entry=-1, test=test@entry=false, flags=flags@entry=0) at /home/otg/src/game.cpp:1422
2020-10-04 13:29:12 -          cylinder = 0x7fffb2cfa4d8
2020-10-04 13:29:12 -          fromTile = 0x8e6f78 <g_scheduler+24>
2020-10-04 13:29:12 -          ret = <optimized out>
2020-10-04 13:29:12 -  #1  0x00000000005b11c7 in Game::internalDecayItem(Item*) (this=0x8e7760 <g_game>, item=0x7fff65c88f20) at /home/otg/src/game.cpp:4920
2020-10-04 13:29:12 -          ret = <optimized out>
2020-10-04 13:29:12 -          it = <optimized out>
2020-10-04 13:29:12 -  #2  0x00000000005b140b in Game::checkDecay() (this=0x8e7760 <g_game>) at /home/otg/src/game.cpp:4953
2020-10-04 13:29:12 -          item = 0x7fff65c88f20
2020-10-04 13:29:12 -          duration = <optimized out>
2020-10-04 13:29:12 -          bucket = 2
2020-10-04 13:29:12 -          it = {_M_node = 0x7fff01397620}
2020-10-04 13:29:12 -          end = {_M_node = 0x8e7c10 <g_game+1200>}
2020-10-04 13:29:12 -  #3  0x000000000055af2d in std::function<void ()>::operator()() const () at /usr/include/c++/5/functional:2267
2020-10-04 13:29:12 -          this = 0x7fff3b2ee1a0
2020-10-04 13:29:12 -  #4  Task::operator()() () at /home/otg/src/tasks.h:42
2020-10-04 13:29:12 -          this = 0x7fff3b2ee190
2020-10-04 13:29:12 -  #5  Dispatcher::threadMain() (this=0x8e6ec0 <g_dispatcher>) at /home/otg/src/tasks.cpp:62
2020-10-04 13:29:12 -          task = 0x7fff3b2ee190
2020-10-04 13:29:12 -          taskLockUnique = {_M_device = 0x8e6ed8 <g_dispatcher+24>, _M_owns = false}
2020-10-04 13:29:12 -  #6  0x00007ffff5e79c80 in ?? () from /usr/lib/x86_64-linux-gnu/libstdc++.so.6
2020-10-04 13:29:12 -  No symbol table info available.
2020-10-04 13:29:12 -  #7  0x00007ffff614a6ba in start_thread (arg=0x7ffff3dbb700) at pthread_create.c:333
2020-10-04 13:29:12 -          __res = <optimized out>
2020-10-04 13:29:12 -          pd = 0x7ffff3dbb700
2020-10-04 13:29:12 -          now = <optimized out>
2020-10-04 13:29:12 -          unwind_buf = {cancel_jmp_buf = {{jmp_buf = {140737284650752, 5012623039812352835, 0, 140737488346847, 140737284651456, 9437376, -5012632074818667709, -5012640312878810301}, mask_was_saved = 0}}, priv = {pad = {0x0, 0x0, 0x0, 0x0}, data = {prev = 0x0, cleanup = 0x0, canceltype = 0}}}
2020-10-04 13:29:12 -          not_first_call = <optimized out>
2020-10-04 13:29:12 -          pagesize_m1 = <optimized out>
2020-10-04 13:29:12 -          sp = <optimized out>
2020-10-04 13:29:12 -          freesize = <optimized out>
2020-10-04 13:29:12 -          __PRETTY_FUNCTION__ = "start_thread"
2020-10-04 13:29:12 -  #8  0x00007ffff7b144dd in clone () at ../sysdeps/unix/sysv/linux/x86_64/clone.S:109
2020-10-04 13:29:12 -  No locals.
2020-10-04 13:29:12 -  
2020-10-04 13:29:12 -  Thread 1 (Thread 0x7ffff7fe6740 (LWP 9773)):
2020-10-04 13:29:12 -  #0  0x00007ffff7b14ad3 in epoll_wait () at ../sysdeps/unix/syscall-template.S:84
2020-10-04 13:29:12 -  No locals.
2020-10-04 13:29:12 -  #1  0x00000000005b70e7 in boost::asio::detail::epoll_reactor::run(bool, boost::asio::detail::op_queue<boost::asio::detail::task_io_service_operation>&) [clone .constprop.204] (this=0x901570, block=<optimized out>, ops=...) at /usr/include/boost/asio/detail/impl/epoll_reactor.ipp:392
2020-10-04 13:29:12 -          timeout = <optimized out>
2020-10-04 13:29:12 -          events = {{events = 0, data = {ptr = 0x0, fd = 0, u32 = 0, u64 = 0}} <repeats 52 times>, {events = 11, data = {ptr = 0xa100000000, fd = 0, u32 = 0, u64 = 691489734656}}, {events = 0, data = {ptr = 0x9329e0, fd = 9644512, u32 = 9644512, u64 = 9644512}}, {events = 0, data = {ptr = 0x0, fd = 0, u32 = 0, u64 = 0}}, {events = 0, data = {ptr = 0x0, fd = 0, u32 = 0, u64 = 0}}, {events = 9329, data = {ptr = 0xffffdb8fffff8000, fd = -32768, u32 = 4294934528, u64 = 18446704010254581760}}, {events = 32767, data = {ptr = 0x2, fd = 2, u32 = 2, u64 = 2}}, {events = 4155593817, data = {ptr = 0x7fff, fd = 32767, u32 = 32767, u64 = 32767}}, {events = 0, data = {ptr = 0x5828f4 <boost::asio::detail::reactive_socket_recv_op_base<boost::asio::mutable_buffers_1>::do_perform(boost::asio::detail::reactor_op*)+228>, fd = 5777652, u32 = 5777652, u64 = 5777652}}, {events = 91, data = {ptr = 0x100006e, fd = 16777326, u32 = 16777326, u64 = 16777326}}, {events = 15, data = {ptr = 0x901e66, fd = 9444966, u32 = 9444966, u64 = 9444966}}, {events = 2, data = {ptr = 0x200000000, fd = 0, u32 = 0, u64 = 8589934592}}, {events = 0, data = {ptr = 0x5f7a0667, fd = 1601832551, u32 = 1601832551, u64 = 1601832551}}, {events = 0, data = {ptr = 0x0, fd = 0, u32 = 0, u64 = 0}}, {events = 0, data = {ptr = 0x7fffffffdb80, fd = -9344, u32 = 4294957952, u64 = 140737488345984}}, {events = 1, data = {ptr = 0x0, fd = 0, u32 = 0, u64 = 0}}, {events = 0, data = {ptr = 0x0, fd = 0, u32 = 0, u64 = 0}}, {events = 0, data = {ptr = 0x901e4000000000, fd = 0, u32 = 0, u64 = 40565656873074688}}, {events = 0, data = {ptr = 0x7fffd21cee50, fd = -769855920, u32 = 3525111376, u64 = 140736718499408}}, {events = 9644288, data = {ptr = 0x911f4800000000, fd = 0, u32 = 0, u64 = 40848265721151488}}, {events = 0, data = {ptr = 0x912088, fd = 9511048, u32 = 9511048, u64 = 9511048}}, {events = 15, data = {ptr = 0x5200000000, fd = 0, u32 = 0, u64 = 352187318272}}, {events = 0, data = {ptr = 0x901570, fd = 9442672, u32 = 9442672, u64 = 9442672}}, {events = 6449413, data = {ptr = 0x0, fd = 0, u32 = 0, u64 = 0}}, {events = 0, data = {ptr = 0xf, fd = 15, u32 = 15, u64 = 15}}, {events = 0, data = {ptr = 0x56f20000000000, fd = 0, u32 = 0, u64 = 24472929811038208}}, {events = 0, data = {ptr = 0x0, fd = 0, u32 = 0, u64 = 0}}, {events = 0, data = {ptr = 0xffffdc7000000000, fd = 0, u32 = 0, u64 = 18446704972327288832}}, {events = 32767, data = {ptr = 0x932900, fd = 9644288, u32 = 9644288, u64 = 9644288}}, {events = 9644288, data = {ptr = 0xbd41313000000000, fd = 0, u32 = 0, u64 = 13637235228882763776}}, {events = 32767, data = {ptr = 0x911f48, fd = 9510728, u32 = 9510728, u64 = 9510728}}, {events = 9444966, data = {ptr = 0x200000000, fd = 0, u32 = 0, u64 = 8589934592}}, {events = 0, data = {ptr = 0x7fff00000001, fd = 1, u32 = 1, u64 = 140733193388033}}, {events = 0, data = {ptr = 0x56f20000000000, fd = 0, u32 = 0, u64 = 24472929811038208}}, {events = 0, data = {ptr = 0x0, fd = 0, u32 = 0, u64 = 0}}, {events = 0, data = {ptr = 0x0, fd = 0, u32 = 0, u64 = 0}}, {events = 0, data = {ptr = 0x911e68, fd = 9510504, u32 = 9510504, u64 = 9510504}}, {events = 5809952, data = {ptr = 0x901e5000000000, fd = 0, u32 = 0, u64 = 40565725592551424}}, {events = 0, data = {ptr = 0x911ee8, fd = 9510632, u32 = 9510632, u64 = 9510632}}, {events = 9444928, data = {ptr = 0x46e96000000000, fd = 0, u32 = 0, u64 = 19959846895878144}}, {events = 0, data = {ptr = 0x7fffffffdd20, fd = -8928, u32 = 4294958368, u64 = 140737488346400}}, {events = 0, data = {ptr = 0x56e94e00000000, fd = 0, u32 = 0, u64 = 24463369213837312}}, {events = 0, data = {ptr = 0x900090, fd = 9437328, u32 = 9437328, u64 = 9437328}}, {events = 0, data = {ptr = 0x901e6600000000, fd = 0, u32 = 0, u64 = 40565820081831936}}, {events = 0, data = {ptr = 0x2, fd = 2, u32 = 2, u64 = 2}}, {events = 5698048, data = {ptr = 0x0, fd = 0, u32 = 0, u64 = 0}}, {events = 0, data = {ptr = 0x0, fd = 0, u32 = 0, u64 = 0}}, {events = 0, data = {ptr = 0x0, fd = 0, u32 = 0, u64 = 0}}, {events = 0, data = {ptr = 0x7fffffffde30, fd = -8656, u32 = 4294958640, u64 = 140737488346672}}, {events = 9437328, data = {ptr = 0x1400000000, fd = 0, u32 = 0, u64 = 85899345920}}, {events = 0, data = {ptr = 0x0, fd = 0, u32 = 0, u64 = 0}}, {events = 9437376, data = {ptr = 0xffffde3000000000, fd = 0, u32 = 0, u64 = 18446706896472637440}}, {events = 32767, data = {ptr = 0x585e35 <boost::asio::detail::reactive_socket_recv_op<boost::asio::mutable_buffers_1, boost::asio::detail::read_op<boost::asio::basic_stream_socket<boost::asio::ip::tcp, boost::asio::stream_socket_service<boost::asio::ip::tcp> >, boost::asio::mutable_buffers_1, boost::asio::detail::transfer_all_t, std::_Bind<std::_Mem_fn<void (Connection::*)(boost::system::error_code const&)> (std::shared_ptr<Connection>, std::_Placeholder<1>)> > >::do_complete(boost::asio::detail::task_io_service*, boost::asio::detail::task_io_service_operation*, boost::system::error_code const&, unsigned long)+373>, fd = 5791285, u32 = 5791285, u64 = 5791285}}, {events = 4294958640, data = {ptr = 0x58574500007fff, fd = 32767, u32 = 32767, u64 = 24865751814930431}}, {events = 0, data = {ptr = 0x14, fd = 20, u32 = 20, u64 = 20}}, {events = 4155593817, data = {ptr = 0xffffde3000007fff, fd = 32767, u32 = 32767, u64 = 18446706896472670207}}, {events = 32767, data = {ptr = 0x0, fd = 0, u32 = 0, u64 = 0}}, {events = 0, data = {ptr = 0x0, fd = 0, u32 = 0, u64 = 0}}, {events = 15, data = {ptr = 0x911f48, fd = 9510728, u32 = 9510728, u64 = 9510728}}, {events = 9444966, data = {ptr = 0x200000000, fd = 0, u32 = 0, u64 = 8589934592}}, {events = 0, data = {ptr = 0x0, fd = 0, u32 = 0, u64 = 0}}, {events = 2, data = {ptr = 0x56f20000000000, fd = 0, u32 = 0, u64 = 24472929811038208}}, {events = 0, data = {ptr = 0x0, fd = 0, u32 = 0, u64 = 0}}, {events = 9444944, data = {ptr = 0x901e4000000000, fd = 0, u32 = 0, u64 = 40565656873074688}}, {events = 0, data = {ptr = 0x0, fd = 0, u32 = 0, u64 = 0}}, {events = 4145959136, data = {ptr = 0x58a73100007fff, fd = 32767, u32 = 32767, u64 = 24953626845806591}}, {events = 0, data = {ptr = 0x7fffcfbe8290, fd = -809598320, u32 = 3485368976, u64 = 140736678757008}}, {events = 0, data = {ptr = 0x911f4800000000, fd = 0, u32 = 0, u64 = 40848265721151488}}, {events = 0, data = {ptr = 0x7fffffffde80, fd = -8576, u32 = 4294958720, u64 = 140737488346752}}, {events = 9437328, data = {ptr = 0x58646e00000000, fd = 0, u32 = 0, u64 = 24880221559717888}}, {events = 0, data = {ptr = 0x901e50, fd = 9444944, u32 = 9444944, u64 = 9444944}}, {events = 9444928, data = {ptr = 0xffffde8000000000, fd = 0, u32 = 0, u64 = 18446707240070021120}}, {events = 32767, data = {ptr = 0x0, fd = 0, u32 = 0, u64 = 0}}, {events = 0, data = {ptr = 0x0, fd = 0, u32 = 0, u64 = 0}}, {events = 0, data = {ptr = 0x58a720 <Connection::handleTimeout(std::weak_ptr<Connection>, boost::system::error_code const&)>, fd = 5809952, u32 = 5809952, u64 = 5809952}}, {events = 9444944, data = {ptr = 0x901e4000000000, fd = 0, u32 = 0, u64 = 40565656873074688}}, {events = 0, data = {ptr = 0x7d, fd = 125, u32 = 125, u64 = 125}}}
2020-10-04 13:29:12 -          num_events = <optimized out>
2020-10-04 13:29:12 -          check_timers = <optimized out>
2020-10-04 13:29:12 -  #2  0x000000000055dcd3 in do_run_one (ec=..., this_thread=..., lock=<synthetic pointer>, this=0x900090) at /usr/include/boost/asio/detail/impl/task_io_service.ipp:356
2020-10-04 13:29:12 -          more_handlers = <optimized out>
2020-10-04 13:29:12 -  #3  run (ec=..., this=0x900090) at /usr/include/boost/asio/detail/impl/task_io_service.ipp:149
2020-10-04 13:29:12 -          this_thread = {private_op_queue = {front_ = 0x0, back_ = 0x0}, private_outstanding_work = 0}
2020-10-04 13:29:12 -          ctx = {key_ = 0x900090, value_ = 0x7fffffffdf40, next_ = 0x0}
2020-10-04 13:29:12 -          lock = {mutex_ = @0x9000c0, locked_ = <optimized out>}
2020-10-04 13:29:12 -          n = 1705799
2020-10-04 13:29:12 -  #4  _ZN5boost4asio10io_service3runEv.isra.226 () at /usr/include/boost/asio/impl/io_service.ipp:59
2020-10-04 13:29:12 -          ec = {m_val = 0, m_cat = 0x7ffff71e50e0}
2020-10-04 13:29:12 -  #5  ServiceManager::run() (this=this@entry=0x7fffffffdff0) at /home/otg/src/server.cpp:47
2020-10-04 13:29:12 -  No locals.
2020-10-04 13:29:12 -  #6  0x0000000000474c46 in main (argc=1, argv=0x7fffffffe1b8) at /home/otg/src/otserv.cpp:96
2020-10-04 13:29:12 -          serviceManager = {acceptors = {_M_h = {_M_buckets = 0x7fffd3c2dc30, _M_bucket_count = 5, _M_before_begin = {_M_nxt = 0x7fffd3c2dc00}, _M_element_count = 2, _M_rehash_policy = {_M_max_load_factor = 1, _M_next_resize = 5}, _M_single_bucket = 0x0}}, io_service = {service_registry_ = 0x900040, impl_ = @0x900090}, signals = {set = {<No data fields>}}, death_timer = {<No data fields>}, running = true}
2020-10-04 13:29:12 -  Saving server...
2020-10-04 13:29:13 -  > Saved house items in: 0.931 s
2020-10-04 13:29:13 -  A debugging session is active.
2020-10-04 13:29:13 -  
2020-10-04 13:29:13 -  	Inferior 1 [process 9773] will be killed.
2020-10-04 13:29:13 -  
2020-10-04 13:29:13 -  Quit anyway? (y or n) [answered Y; input not from terminal]
