2020-10-20 05:05:59 -  [Thread debugging using libthread_db enabled]
2020-10-20 05:05:59 -  Using host libthread_db library "/lib/x86_64-linux-gnu/libthread_db.so.1".
2020-10-20 05:05:59 -  [New Thread 0x7ffff3dbb700 (LWP 7735)]
2020-10-20 05:05:59 -  [New Thread 0x7ffff35ba700 (LWP 7736)]
2020-10-20 05:05:59 -  The OTG-Premium-Version - Version: (1.3)
2020-10-20 05:05:59 -  Compiled with: GNU C++ version 5.4.0 20160609
2020-10-20 05:05:59 -  Compiled on Sep 17 2020 19:49:36 for platform x64
2020-10-20 05:05:59 -  
2020-10-20 05:05:59 -  Special Credits for: OTG Team, Johncore, Vankk, Erick Nunes, Leonardo Pereira, Leandro Baldissera, Talis, Marcomoa, Marson Schneider, Douglas, Mark Samman, OTXServer (Mattyx Gomez) and The Forgotten Server Developers.
2020-10-20 05:05:59 -  Link of repository: https://github.com/Johncorex/OTG-Premium-Version
2020-10-20 05:05:59 -  
2020-10-20 05:05:59 -  >> Loading config: config.lua
2020-10-20 05:05:59 -  >> Establishing database connection... MySQL 5.7.31
2020-10-20 05:05:59 -  >> Running database manager
2020-10-20 05:05:59 -  [New Thread 0x7ffff2ba7700 (LWP 7737)]
2020-10-20 05:05:59 -  > Optimizing table players_online... [success]
2020-10-20 05:05:59 -  > Optimizing table tile_store... [success]
2020-10-20 05:05:59 -  >> Loading vocations
2020-10-20 05:05:59 -  >> Loading items
2020-10-20 05:05:59 -  >> Loading script systems
2020-10-20 05:05:59 -  >> Loading lua libs
2020-10-20 05:06:00 -  [Warning - Event::checkScript] Can not load script: scripts/expboostaction.lua
2020-10-20 05:06:00 -  cannot open data/actions/scripts/expboostaction.lua: No such file or directory
2020-10-20 05:06:01 -  >> Loading lua scripts
2020-10-20 05:06:01 -  >> Loading monsters
2020-10-20 05:06:01 -  >> Loading lua monsters
2020-10-20 05:06:01 -  >> Loading outfits
2020-10-20 05:06:01 -  >> Loading prey data
2020-10-20 05:06:01 -  >> Checking world type... PVP
2020-10-20 05:06:01 -  >> Loading map
2020-10-20 05:06:03 -  > Map size: 34143x33812.
2020-10-20 05:06:08 -  > Map loading time: 7.075 seconds.
2020-10-20 05:06:10 -  > Loaded house items in: 0.02 s
2020-10-20 05:06:10 -  >> Initializing gamestate
2020-10-20 05:06:12 -  >> Loaded 43 npcs and spawned 72708 monsters.
2020-10-20 05:06:12 -  >> Loaded 27 towns with 1074 houses in total.
2020-10-20 05:06:12 -  [Castle War]
2020-10-20 05:06:12 -  [POWERGAMERS]
2020-10-20 05:06:12 -  [SISTEMA DE LOTERIA] OPERANTE
2020-10-20 05:06:12 -  Advanced NPC spawn system | All NPCs will be loaded trough lib.
2020-10-20 05:06:12 -  [REGEN BOOST] CARREGADO
2020-10-20 05:06:12 -  [SPOOF COUNTER]
2020-10-20 05:06:12 -  [STAMINA]
2020-10-20 05:06:12 -  warvariables
2020-10-20 05:06:12 -  Agenda:	0
2020-10-20 05:06:12 -  Agenda:	2
2020-10-20 05:06:12 -  eu sou o checkWarmode... 05:06
2020-10-20 05:06:12 -  05	06	54
2020-10-20 05:06:12 -  >> Loaded all modules, server starting up...
2020-10-20 05:06:12 -  > Warning: OTG-Premium-Version has been executed as root user, please consider running it as a normal user.
2020-10-20 05:06:12 -  >> Honera Global Server Online!
2020-10-20 05:06:12 -  
2020-10-20 05:57:13 -  SABADOU!! NPC HONERA CRIADO
2020-10-20 05:57:13 -  > Broadcasted message: "Many aggressive beasts are roaming south of Ab'Dendriel! Take care!".
2020-10-20 06:15:13 -  eu sou o checkWarmode... 06:00
2020-10-20 06:15:13 -  > Broadcasted message: "The dragons of the Dragonblaze Mountains have descended to Zao to protect the lizardkin!".
2020-10-20 08:06:01 -  eu sou o checkWarmode... 07:00
2020-10-20 08:06:01 -  eu sou o checkWarmode... 08:00
2020-10-20 08:06:01 -  
2020-10-20 08:06:01 -  Lua Script Error: [GlobalEvent Interface] 
2020-10-20 08:06:01 -  data/globalevents/scripts/bosses/Abyssador.lua:onThink
2020-10-20 08:06:01 -  data/lib/rewardboss.lua:8: Rewards can only be enabled to rewards bosses.
2020-10-20 08:06:01 -  stack traceback:
2020-10-20 08:06:01 -  	[C]: at 0x00602980
2020-10-20 08:06:01 -  	[C]: in function 'error'
2020-10-20 08:06:01 -  	data/lib/rewardboss.lua:8: in function 'setReward'
2020-10-20 08:06:01 -  	data/globalevents/scripts/bosses/Abyssador.lua:28: in function <data/globalevents/scripts/bosses/Abyssador.lua:21>
2020-10-20 08:06:01 -  [Error - GlobalEvents::think] Failed to execute event: Abyssador
2020-10-20 08:06:01 -  
2020-10-20 08:06:01 -  Lua Script Error: [GlobalEvent Interface] 
2020-10-20 08:06:01 -  data/globalevents/scripts/bosses/Deathstrike.lua:onThink
2020-10-20 08:06:01 -  data/lib/rewardboss.lua:8: Rewards can only be enabled to rewards bosses.
2020-10-20 08:06:01 -  stack traceback:
2020-10-20 08:06:01 -  	[C]: at 0x00602980
2020-10-20 08:06:01 -  	[C]: in function 'error'
2020-10-20 08:06:01 -  	data/lib/rewardboss.lua:8: in function 'setReward'
2020-10-20 08:06:01 -  	data/globalevents/scripts/bosses/Deathstrike.lua:28: in function <data/globalevents/scripts/bosses/Deathstrike.lua:21>
2020-10-20 08:06:01 -  [Error - GlobalEvents::think] Failed to execute event: Deathstrike
2020-10-20 08:06:01 -  
2020-10-20 08:06:01 -  Lua Script Error: [GlobalEvent Interface] 
2020-10-20 08:06:01 -  data/globalevents/scripts/bosses/Gnomevil.lua:onThink
2020-10-20 08:06:01 -  data/lib/rewardboss.lua:8: Rewards can only be enabled to rewards bosses.
2020-10-20 08:06:01 -  stack traceback:
2020-10-20 08:06:01 -  	[C]: at 0x00602980
2020-10-20 08:06:01 -  	[C]: in function 'error'
2020-10-20 08:06:01 -  	data/lib/rewardboss.lua:8: in function 'setReward'
2020-10-20 08:06:01 -  	data/globalevents/scripts/bosses/Gnomevil.lua:28: in function <data/globalevents/scripts/bosses/Gnomevil.lua:21>
2020-10-20 08:06:01 -  [Error - GlobalEvents::think] Failed to execute event: Gnomevil
2020-10-20 09:49:40 -  eu sou o checkWarmode... 09:00
2020-10-20 09:49:40 -  Dev Marson has logged in.
2020-10-20 09:52:59 -  Agenda:	0
2020-10-20 09:52:59 -  aqui eu checkei o choiceID para atualizar o warmode temp5
2020-10-20 09:52:59 -  debug mode: for i = 1, 3 pegar o id: 93, fazer um select no banco pra pegar o nome onde contem o id: Cassiano, converter para o 
2020-10-20 09:52:59 -  false	93
2020-10-20 09:52:59 -  debug mode: for i = 1, 3 pegar o id: 141, fazer um select no banco pra pegar o nome onde contem o id: Dev Marson, converter para o 
2020-10-20 09:52:59 -  false	141
2020-10-20 09:52:59 -  debug mode: for i = 1, 3 pegar o id: 231, fazer um select no banco pra pegar o nome onde contem o id: Demonzin, converter para o 
2020-10-20 09:52:59 -  false	231
2020-10-20 09:52:59 -  aqui eu checkei o choiceID para atualizar o warmode temp1
2020-10-20 09:52:59 -  debug mode: for i = 1, 3 pegar o id: 93, fazer um select no banco pra pegar o nome onde contem o id: Cassiano, converter para o 
2020-10-20 09:52:59 -  93	93
2020-10-20 09:52:59 -  debug mode: for i = 1, 3 pegar o id: 141, fazer um select no banco pra pegar o nome onde contem o id: Dev Marson, converter para o 
2020-10-20 09:52:59 -  false	141
2020-10-20 09:52:59 -  debug mode: for i = 1, 3 pegar o id: 231, fazer um select no banco pra pegar o nome onde contem o id: Demonzin, converter para o 
2020-10-20 09:52:59 -  false	231
2020-10-20 09:52:59 -  aqui eu checkei o choiceID para atualizar o warmode temp2
2020-10-20 09:52:59 -  debug mode: for i = 1, 3 pegar o id: 93, fazer um select no banco pra pegar o nome onde contem o id: Cassiano, converter para o 
2020-10-20 09:52:59 -  93	93
2020-10-20 09:52:59 -  debug mode: for i = 1, 3 pegar o id: 141, fazer um select no banco pra pegar o nome onde contem o id: Dev Marson, converter para o 
2020-10-20 09:52:59 -  141	141
2020-10-20 09:52:59 -  debug mode: for i = 1, 3 pegar o id: 231, fazer um select no banco pra pegar o nome onde contem o id: Demonzin, converter para o 
2020-10-20 09:52:59 -  false	231
2020-10-20 09:52:59 -  aqui eu checkei o choiceID para atualizar o warmode temp3
2020-10-20 09:52:59 -  debug mode: for i = 1, 3 pegar o id: 93, fazer um select no banco pra pegar o nome onde contem o id: Cassiano, converter para o 
2020-10-20 09:52:59 -  93	93
2020-10-20 09:52:59 -  debug mode: for i = 1, 3 pegar o id: 141, fazer um select no banco pra pegar o nome onde contem o id: Dev Marson, converter para o 
2020-10-20 09:52:59 -  141	141
2020-10-20 09:52:59 -  debug mode: for i = 1, 3 pegar o id: 231, fazer um select no banco pra pegar o nome onde contem o id: Demonzin, converter para o 
2020-10-20 09:52:59 -  231	231
2020-10-20 09:52:59 -  aqui eu checkei o choiceID para atualizar o warmode temp255
2020-10-20 09:52:59 -  
2020-10-20 09:52:59 -  Lua Script Error: [CreatureScript Interface] 
2020-10-20 09:52:59 -  data/creaturescripts/scripts/warmode.lua:onModalWindow
2020-10-20 09:52:59 -  data/creaturescripts/scripts/warmode.lua:412: attempt to concatenate a nil value
2020-10-20 09:52:59 -  stack traceback:
2020-10-20 09:52:59 -  	[C]: in function '__concat'
2020-10-20 09:52:59 -  	data/creaturescripts/scripts/warmode.lua:412: in function <data/creaturescripts/scripts/warmode.lua:1>
2020-10-20 10:03:17 -  eu sou o checkWarmode... 10:00
2020-10-20 10:03:17 -  aqui eu checkei o choiceID para atualizar o warmode temp5
2020-10-20 10:03:17 -  debug mode: for i = 1, 3 pegar o id: 93, fazer um select no banco pra pegar o nome onde contem o id: Cassiano, converter para o 
2020-10-20 10:03:17 -  false	93
2020-10-20 10:03:17 -  debug mode: for i = 1, 3 pegar o id: 141, fazer um select no banco pra pegar o nome onde contem o id: Dev Marson, converter para o 
2020-10-20 10:03:17 -  false	141
2020-10-20 10:03:17 -  debug mode: for i = 1, 3 pegar o id: 231, fazer um select no banco pra pegar o nome onde contem o id: Demonzin, converter para o 
2020-10-20 10:03:17 -  false	231
2020-10-20 10:03:17 -  aqui eu checkei o choiceID para atualizar o warmode temp3
2020-10-20 10:03:17 -  debug mode: for i = 1, 3 pegar o id: 93, fazer um select no banco pra pegar o nome onde contem o id: Cassiano, converter para o 
2020-10-20 10:03:17 -  false	93
2020-10-20 10:03:17 -  debug mode: for i = 1, 3 pegar o id: 141, fazer um select no banco pra pegar o nome onde contem o id: Dev Marson, converter para o 
2020-10-20 10:03:17 -  false	141
2020-10-20 10:03:17 -  debug mode: for i = 1, 3 pegar o id: 231, fazer um select no banco pra pegar o nome onde contem o id: Demonzin, converter para o 
2020-10-20 10:03:17 -  231	231
2020-10-20 10:03:17 -  aqui eu checkei o choiceID para atualizar o warmode temp2
2020-10-20 10:03:17 -  debug mode: for i = 1, 3 pegar o id: 93, fazer um select no banco pra pegar o nome onde contem o id: Cassiano, converter para o 
2020-10-20 10:03:17 -  false	93
2020-10-20 10:03:17 -  debug mode: for i = 1, 3 pegar o id: 141, fazer um select no banco pra pegar o nome onde contem o id: Dev Marson, converter para o 
2020-10-20 10:03:17 -  141	141
2020-10-20 10:03:17 -  debug mode: for i = 1, 3 pegar o id: 231, fazer um select no banco pra pegar o nome onde contem o id: Demonzin, converter para o 
2020-10-20 10:03:17 -  231	231
2020-10-20 10:03:17 -  aqui eu checkei o choiceID para atualizar o warmode temp1
2020-10-20 10:03:17 -  
2020-10-20 10:03:17 -  Lua Script Error: [CreatureScript Interface] 
2020-10-20 10:03:17 -  data/creaturescripts/scripts/warmode.lua:onModalWindow
2020-10-20 10:03:17 -  data/creaturescripts/scripts/warmode.lua:412: attempt to concatenate a nil value
2020-10-20 10:03:17 -  stack traceback:
2020-10-20 10:03:17 -  	[C]: in function '__concat'
2020-10-20 10:03:17 -  	data/creaturescripts/scripts/warmode.lua:412: in function <data/creaturescripts/scripts/warmode.lua:1>
2020-10-20 10:03:35 -  aqui eu checkei o choiceID para atualizar o warmode temp5
2020-10-20 10:03:35 -  debug mode: for i = 1, 3 pegar o id: 93, fazer um select no banco pra pegar o nome onde contem o id: Cassiano, converter para o 
2020-10-20 10:03:35 -  false	93
2020-10-20 10:03:35 -  debug mode: for i = 1, 3 pegar o id: 141, fazer um select no banco pra pegar o nome onde contem o id: Dev Marson, converter para o 
2020-10-20 10:03:35 -  false	141
2020-10-20 10:03:35 -  debug mode: for i = 1, 3 pegar o id: 231, fazer um select no banco pra pegar o nome onde contem o id: Demonzin, converter para o 
2020-10-20 10:03:35 -  false	231
2020-10-20 10:03:35 -  aqui eu checkei o choiceID para atualizar o warmode temp3
2020-10-20 10:03:35 -  debug mode: for i = 1, 3 pegar o id: 93, fazer um select no banco pra pegar o nome onde contem o id: Cassiano, converter para o 
2020-10-20 10:03:35 -  false	93
2020-10-20 10:03:35 -  debug mode: for i = 1, 3 pegar o id: 141, fazer um select no banco pra pegar o nome onde contem o id: Dev Marson, converter para o 
2020-10-20 10:03:35 -  false	141
2020-10-20 10:03:35 -  debug mode: for i = 1, 3 pegar o id: 231, fazer um select no banco pra pegar o nome onde contem o id: Demonzin, converter para o 
2020-10-20 10:03:35 -  231	231
2020-10-20 10:03:35 -  aqui eu checkei o choiceID para atualizar o warmode temp2
2020-10-20 10:03:35 -  debug mode: for i = 1, 3 pegar o id: 93, fazer um select no banco pra pegar o nome onde contem o id: Cassiano, converter para o 
2020-10-20 10:03:35 -  false	93
2020-10-20 10:03:35 -  debug mode: for i = 1, 3 pegar o id: 141, fazer um select no banco pra pegar o nome onde contem o id: Dev Marson, converter para o 
2020-10-20 10:03:35 -  141	141
2020-10-20 10:03:35 -  debug mode: for i = 1, 3 pegar o id: 231, fazer um select no banco pra pegar o nome onde contem o id: Demonzin, converter para o 
2020-10-20 10:03:35 -  231	231
2020-10-20 10:03:35 -  aqui eu checkei o choiceID para atualizar o warmode temp1
2020-10-20 10:03:35 -  
2020-10-20 10:03:35 -  Lua Script Error: [CreatureScript Interface] 
2020-10-20 10:03:35 -  data/creaturescripts/scripts/warmode.lua:onModalWindow
2020-10-20 10:03:35 -  data/creaturescripts/scripts/warmode.lua:412: attempt to concatenate a nil value
2020-10-20 10:03:35 -  stack traceback:
2020-10-20 10:03:35 -  	[C]: in function '__concat'
2020-10-20 10:03:35 -  	data/creaturescripts/scripts/warmode.lua:412: in function <data/creaturescripts/scripts/warmode.lua:1>
2020-10-20 10:03:41 -  Dev Marson has logged out.
2020-10-20 10:03:42 -  Dev Marson has logged in.
2020-10-20 10:06:45 -  
2020-10-20 10:06:45 -  Lua Script Error: [TalkAction Interface] 
2020-10-20 10:06:45 -  data/talkactions/scripts/warmode.lua:onSay
2020-10-20 10:06:45 -  data/talkactions/scripts/warmode.lua:2: attempt to index global 'temp' (a nil value)
2020-10-20 10:06:45 -  stack traceback:
2020-10-20 10:06:45 -  	[C]: in function '__newindex'
2020-10-20 10:06:45 -  	data/talkactions/scripts/warmode.lua:2: in function <data/talkactions/scripts/warmode.lua:1>
2020-10-20 10:09:21 -  
2020-10-20 10:09:21 -  Lua Script Error: [TalkAction Interface] 
2020-10-20 10:09:21 -  data/talkactions/scripts/warmode.lua:onSay
2020-10-20 10:09:21 -  data/talkactions/scripts/warmode.lua:2: attempt to index global 'temp' (a nil value)
2020-10-20 10:09:21 -  stack traceback:
2020-10-20 10:09:21 -  	[C]: in function '__newindex'
2020-10-20 10:09:21 -  	data/talkactions/scripts/warmode.lua:2: in function <data/talkactions/scripts/warmode.lua:1>
2020-10-20 10:10:58 -  aqui eu checkei o choiceID para atualizar o warmode temp1
2020-10-20 10:10:58 -  debug mode: for i = 1, 3 pegar o id: 93, fazer um select no banco pra pegar o nome onde contem o id: Cassiano, converter para o 
2020-10-20 10:10:58 -  false	93
2020-10-20 10:10:58 -  debug mode: for i = 1, 3 pegar o id: 141, fazer um select no banco pra pegar o nome onde contem o id: Dev Marson, converter para o 
2020-10-20 10:10:58 -  false	141
2020-10-20 10:10:58 -  debug mode: for i = 1, 3 pegar o id: 231, fazer um select no banco pra pegar o nome onde contem o id: Demonzin, converter para o 
2020-10-20 10:10:58 -  false	231
2020-10-20 10:10:58 -  aqui eu checkei o choiceID para atualizar o warmode temp1
2020-10-20 10:10:58 -  debug mode: for i = 1, 3 pegar o id: 93, fazer um select no banco pra pegar o nome onde contem o id: Cassiano, converter para o 
2020-10-20 10:10:58 -  93	93
2020-10-20 10:10:58 -  debug mode: for i = 1, 3 pegar o id: 141, fazer um select no banco pra pegar o nome onde contem o id: Dev Marson, converter para o 
2020-10-20 10:10:58 -  false	141
2020-10-20 10:10:58 -  debug mode: for i = 1, 3 pegar o id: 231, fazer um select no banco pra pegar o nome onde contem o id: Demonzin, converter para o 
2020-10-20 10:10:58 -  false	231
2020-10-20 10:10:58 -  aqui eu checkei o choiceID para atualizar o warmode temp2
2020-10-20 10:10:58 -  aqui eu checkei o choiceID para atualizar o warmode temp5
2020-10-20 10:10:58 -  debug mode: for i = 1, 3 pegar o id: 93, fazer um select no banco pra pegar o nome onde contem o id: Cassiano, converter para o 
2020-10-20 10:10:58 -  false	93
2020-10-20 10:10:58 -  debug mode: for i = 1, 3 pegar o id: 141, fazer um select no banco pra pegar o nome onde contem o id: Dev Marson, converter para o 
2020-10-20 10:10:58 -  false	141
2020-10-20 10:10:58 -  debug mode: for i = 1, 3 pegar o id: 231, fazer um select no banco pra pegar o nome onde contem o id: Demonzin, converter para o 
2020-10-20 10:10:58 -  false	231
2020-10-20 10:10:58 -  aqui eu checkei o choiceID para atualizar o warmode temp1
2020-10-20 10:10:58 -  debug mode: for i = 1, 3 pegar o id: 93, fazer um select no banco pra pegar o nome onde contem o id: Cassiano, converter para o 
2020-10-20 10:10:58 -  93	93
2020-10-20 10:10:58 -  debug mode: for i = 1, 3 pegar o id: 141, fazer um select no banco pra pegar o nome onde contem o id: Dev Marson, converter para o 
2020-10-20 10:10:58 -  false	141
2020-10-20 10:10:58 -  debug mode: for i = 1, 3 pegar o id: 231, fazer um select no banco pra pegar o nome onde contem o id: Demonzin, converter para o 
2020-10-20 10:10:58 -  false	231
2020-10-20 10:10:58 -  aqui eu checkei o choiceID para atualizar o warmode temp2
2020-10-20 10:10:58 -  debug mode: for i = 1, 3 pegar o id: 93, fazer um select no banco pra pegar o nome onde contem o id: Cassiano, converter para o 
2020-10-20 10:10:58 -  93	93
2020-10-20 10:10:58 -  debug mode: for i = 1, 3 pegar o id: 141, fazer um select no banco pra pegar o nome onde contem o id: Dev Marson, converter para o 
2020-10-20 10:10:58 -  141	141
2020-10-20 10:10:58 -  debug mode: for i = 1, 3 pegar o id: 231, fazer um select no banco pra pegar o nome onde contem o id: Demonzin, converter para o 
2020-10-20 10:10:58 -  false	231
2020-10-20 10:10:58 -  aqui eu checkei o choiceID para atualizar o warmode temp3
2020-10-20 10:10:58 -  debug mode: for i = 1, 3 pegar o id: 93, fazer um select no banco pra pegar o nome onde contem o id: Cassiano, converter para o 
2020-10-20 10:10:58 -  93	93
2020-10-20 10:10:58 -  debug mode: for i = 1, 3 pegar o id: 141, fazer um select no banco pra pegar o nome onde contem o id: Dev Marson, converter para o 
2020-10-20 10:10:58 -  141	141
2020-10-20 10:10:58 -  debug mode: for i = 1, 3 pegar o id: 231, fazer um select no banco pra pegar o nome onde contem o id: Demonzin, converter para o 
2020-10-20 10:10:58 -  231	231
2020-10-20 10:10:58 -  aqui eu checkei o choiceID para atualizar o warmode temp255
2020-10-20 10:10:58 -  aqui eu checkei o choiceID para atualizar o warmode temp5
2020-10-20 10:10:58 -  debug mode: for i = 1, 3 pegar o id: 93, fazer um select no banco pra pegar o nome onde contem o id: Cassiano, converter para o 
2020-10-20 10:10:58 -  false	93
2020-10-20 10:10:58 -  debug mode: for i = 1, 3 pegar o id: 141, fazer um select no banco pra pegar o nome onde contem o id: Dev Marson, converter para o 
2020-10-20 10:10:58 -  false	141
2020-10-20 10:10:58 -  debug mode: for i = 1, 3 pegar o id: 231, fazer um select no banco pra pegar o nome onde contem o id: Demonzin, converter para o 
2020-10-20 10:10:58 -  false	231
2020-10-20 10:10:58 -  aqui eu checkei o choiceID para atualizar o warmode temp1
2020-10-20 10:10:58 -  debug mode: for i = 1, 3 pegar o id: 93, fazer um select no banco pra pegar o nome onde contem o id: Cassiano, converter para o 
2020-10-20 10:10:58 -  93	93
2020-10-20 10:10:58 -  debug mode: for i = 1, 3 pegar o id: 141, fazer um select no banco pra pegar o nome onde contem o id: Dev Marson, converter para o 
2020-10-20 10:10:58 -  false	141
2020-10-20 10:10:58 -  debug mode: for i = 1, 3 pegar o id: 231, fazer um select no banco pra pegar o nome onde contem o id: Demonzin, converter para o 
2020-10-20 10:10:58 -  false	231
2020-10-20 10:10:58 -  aqui eu checkei o choiceID para atualizar o warmode temp2
2020-10-20 10:15:38 -  debug mode: for i = 1, 3 pegar o id: 93, fazer um select no banco pra pegar o nome onde contem o id: Cassiano, converter para o 
2020-10-20 10:15:38 -  93	93
2020-10-20 10:15:38 -  debug mode: for i = 1, 3 pegar o id: 141, fazer um select no banco pra pegar o nome onde contem o id: Dev Marson, converter para o 
2020-10-20 10:15:38 -  141	141
2020-10-20 10:15:38 -  debug mode: for i = 1, 3 pegar o id: 231, fazer um select no banco pra pegar o nome onde contem o id: Demonzin, converter para o 
2020-10-20 10:15:38 -  false	231
2020-10-20 10:15:38 -  aqui eu checkei o choiceID para atualizar o warmode temp3
2020-10-20 10:15:38 -  debug mode: for i = 1, 3 pegar o id: 93, fazer um select no banco pra pegar o nome onde contem o id: Cassiano, converter para o 
2020-10-20 10:15:38 -  93	93
2020-10-20 10:15:38 -  debug mode: for i = 1, 3 pegar o id: 141, fazer um select no banco pra pegar o nome onde contem o id: Dev Marson, converter para o 
2020-10-20 10:15:38 -  141	141
2020-10-20 10:15:38 -  debug mode: for i = 1, 3 pegar o id: 231, fazer um select no banco pra pegar o nome onde contem o id: Demonzin, converter para o 
2020-10-20 10:15:38 -  231	231
2020-10-20 10:15:38 -  aqui eu checkei o choiceID para atualizar o warmode temp255
2020-10-20 10:15:38 -  aqui eu checkei o choiceID para atualizar o warmode temp5
2020-10-20 10:15:38 -  debug mode: for i = 1, 3 pegar o id: 93, fazer um select no banco pra pegar o nome onde contem o id: Cassiano, converter para o 
2020-10-20 10:15:38 -  false	93
2020-10-20 10:15:38 -  debug mode: for i = 1, 3 pegar o id: 141, fazer um select no banco pra pegar o nome onde contem o id: Dev Marson, converter para o 
2020-10-20 10:15:38 -  false	141
2020-10-20 10:15:38 -  debug mode: for i = 1, 3 pegar o id: 231, fazer um select no banco pra pegar o nome onde contem o id: Demonzin, converter para o 
2020-10-20 10:15:38 -  false	231
2020-10-20 10:15:38 -  aqui eu checkei o choiceID para atualizar o warmode temp1
2020-10-20 10:15:38 -  debug mode: for i = 1, 3 pegar o id: 93, fazer um select no banco pra pegar o nome onde contem o id: Cassiano, converter para o 
2020-10-20 10:15:38 -  93	93
2020-10-20 10:15:38 -  debug mode: for i = 1, 3 pegar o id: 141, fazer um select no banco pra pegar o nome onde contem o id: Dev Marson, converter para o 
2020-10-20 10:15:38 -  false	141
2020-10-20 10:15:38 -  debug mode: for i = 1, 3 pegar o id: 231, fazer um select no banco pra pegar o nome onde contem o id: Demonzin, converter para o 
2020-10-20 10:15:38 -  false	231
2020-10-20 10:15:38 -  aqui eu checkei o choiceID para atualizar o warmode temp2
2020-10-20 10:15:38 -  debug mode: for i = 1, 3 pegar o id: 93, fazer um select no banco pra pegar o nome onde contem o id: Cassiano, converter para o 
2020-10-20 10:15:38 -  93	93
2020-10-20 10:15:38 -  debug mode: for i = 1, 3 pegar o id: 141, fazer um select no banco pra pegar o nome onde contem o id: Dev Marson, converter para o 
2020-10-20 10:15:38 -  141	141
2020-10-20 10:15:38 -  debug mode: for i = 1, 3 pegar o id: 231, fazer um select no banco pra pegar o nome onde contem o id: Demonzin, converter para o 
2020-10-20 10:15:38 -  false	231
2020-10-20 10:15:38 -  aqui eu checkei o choiceID para atualizar o warmode temp3
2020-10-20 10:15:38 -  debug mode: for i = 1, 3 pegar o id: 93, fazer um select no banco pra pegar o nome onde contem o id: Cassiano, converter para o 
2020-10-20 10:15:38 -  93	93
2020-10-20 10:15:38 -  debug mode: for i = 1, 3 pegar o id: 141, fazer um select no banco pra pegar o nome onde contem o id: Dev Marson, converter para o 
2020-10-20 10:15:38 -  141	141
2020-10-20 10:15:38 -  debug mode: for i = 1, 3 pegar o id: 231, fazer um select no banco pra pegar o nome onde contem o id: Demonzin, converter para o 
2020-10-20 10:15:38 -  231	231
2020-10-20 10:15:38 -  aqui eu checkei o choiceID para atualizar o warmode temp255
2020-10-20 10:15:38 -  Robalo has logged in.
2020-10-20 10:24:28 -  aqui eu checkei o choiceID para atualizar o warmode temp5
2020-10-20 10:24:28 -  debug mode: for i = 1, 3 pegar o id: 93, fazer um select no banco pra pegar o nome onde contem o id: Cassiano, converter para o 
2020-10-20 10:24:28 -  false	93
2020-10-20 10:24:28 -  debug mode: for i = 1, 3 pegar o id: 141, fazer um select no banco pra pegar o nome onde contem o id: Dev Marson, converter para o 
2020-10-20 10:24:28 -  false	141
2020-10-20 10:24:28 -  debug mode: for i = 1, 3 pegar o id: 231, fazer um select no banco pra pegar o nome onde contem o id: Demonzin, converter para o 
2020-10-20 10:24:28 -  false	231
2020-10-20 10:24:28 -  aqui eu checkei o choiceID para atualizar o warmode temp1
2020-10-20 10:24:28 -  debug mode: for i = 1, 3 pegar o id: 93, fazer um select no banco pra pegar o nome onde contem o id: Cassiano, converter para o 
2020-10-20 10:24:28 -  93	93
2020-10-20 10:24:28 -  debug mode: for i = 1, 3 pegar o id: 141, fazer um select no banco pra pegar o nome onde contem o id: Dev Marson, converter para o 
2020-10-20 10:24:28 -  false	141
2020-10-20 10:24:28 -  debug mode: for i = 1, 3 pegar o id: 231, fazer um select no banco pra pegar o nome onde contem o id: Demonzin, converter para o 
2020-10-20 10:24:28 -  false	231
2020-10-20 10:24:28 -  aqui eu checkei o choiceID para atualizar o warmode temp2
2020-10-20 10:24:28 -  debug mode: for i = 1, 3 pegar o id: 93, fazer um select no banco pra pegar o nome onde contem o id: Cassiano, converter para o 
2020-10-20 10:24:28 -  93	93
2020-10-20 10:24:28 -  debug mode: for i = 1, 3 pegar o id: 141, fazer um select no banco pra pegar o nome onde contem o id: Dev Marson, converter para o 
2020-10-20 10:24:28 -  141	141
2020-10-20 10:24:28 -  debug mode: for i = 1, 3 pegar o id: 231, fazer um select no banco pra pegar o nome onde contem o id: Demonzin, converter para o 
2020-10-20 10:24:28 -  false	231
2020-10-20 10:24:28 -  aqui eu checkei o choiceID para atualizar o warmode temp3
2020-10-20 10:24:28 -  debug mode: for i = 1, 3 pegar o id: 93, fazer um select no banco pra pegar o nome onde contem o id: Cassiano, converter para o 
2020-10-20 10:24:28 -  93	93
2020-10-20 10:24:28 -  debug mode: for i = 1, 3 pegar o id: 141, fazer um select no banco pra pegar o nome onde contem o id: Dev Marson, converter para o 
2020-10-20 10:24:28 -  141	141
2020-10-20 10:24:28 -  debug mode: for i = 1, 3 pegar o id: 231, fazer um select no banco pra pegar o nome onde contem o id: Demonzin, converter para o 
2020-10-20 10:24:28 -  231	231
2020-10-20 10:24:28 -  aqui eu checkei o choiceID para atualizar o warmode temp255
2020-10-20 10:24:28 -  aqui eu checkei o choiceID para atualizar o warmode temp5
2020-10-20 10:24:28 -  debug mode: for i = 1, 3 pegar o id: 93, fazer um select no banco pra pegar o nome onde contem o id: Cassiano, converter para o 
2020-10-20 10:24:28 -  false	93
2020-10-20 10:24:28 -  debug mode: for i = 1, 3 pegar o id: 141, fazer um select no banco pra pegar o nome onde contem o id: Dev Marson, converter para o 
2020-10-20 10:24:28 -  false	141
2020-10-20 10:24:28 -  debug mode: for i = 1, 3 pegar o id: 231, fazer um select no banco pra pegar o nome onde contem o id: Demonzin, converter para o 
2020-10-20 10:24:28 -  false	231
2020-10-20 10:24:28 -  aqui eu checkei o choiceID para atualizar o warmode temp1
2020-10-20 10:24:28 -  debug mode: for i = 1, 3 pegar o id: 93, fazer um select no banco pra pegar o nome onde contem o id: Cassiano, converter para o 
2020-10-20 10:24:28 -  93	93
2020-10-20 10:24:28 -  debug mode: for i = 1, 3 pegar o id: 141, fazer um select no banco pra pegar o nome onde contem o id: Dev Marson, converter para o 
2020-10-20 10:24:28 -  false	141
2020-10-20 10:24:28 -  debug mode: for i = 1, 3 pegar o id: 231, fazer um select no banco pra pegar o nome onde contem o id: Demonzin, converter para o 
2020-10-20 10:24:28 -  false	231
2020-10-20 10:24:28 -  aqui eu checkei o choiceID para atualizar o warmode temp2
2020-10-20 10:24:28 -  debug mode: for i = 1, 3 pegar o id: 93, fazer um select no banco pra pegar o nome onde contem o id: Cassiano, converter para o 
2020-10-20 10:24:28 -  93	93
2020-10-20 10:24:28 -  debug mode: for i = 1, 3 pegar o id: 141, fazer um select no banco pra pegar o nome onde contem o id: Dev Marson, converter para o 
2020-10-20 10:24:28 -  141	141
2020-10-20 10:24:28 -  debug mode: for i = 1, 3 pegar o id: 231, fazer um select no banco pra pegar o nome onde contem o id: Demonzin, converter para o 
2020-10-20 10:24:28 -  false	231
2020-10-20 10:24:28 -  aqui eu checkei o choiceID para atualizar o warmode temp3
2020-10-20 10:24:28 -  debug mode: for i = 1, 3 pegar o id: 93, fazer um select no banco pra pegar o nome onde contem o id: Cassiano, converter para o 
2020-10-20 10:24:28 -  93	93
2020-10-20 10:24:28 -  debug mode: for i = 1, 3 pegar o id: 141, fazer um select no banco pra pegar o nome onde contem o id: Dev Marson, converter para o 
2020-10-20 10:24:28 -  141	141
2020-10-20 10:24:28 -  debug mode: for i = 1, 3 pegar o id: 231, fazer um select no banco pra pegar o nome onde contem o id: Demonzin, converter para o 
2020-10-20 10:24:28 -  231	231
2020-10-20 10:24:28 -  aqui eu checkei o choiceID para atualizar o warmode temp255
2020-10-20 10:24:28 -  Saving server...
2020-10-20 10:24:30 -  > Saved house items in: 1.914 s
2020-10-20 10:25:10 -  
2020-10-20 10:25:10 -  Thread 1 "tfs" received signal SIGINT, Interrupt.
2020-10-20 10:25:10 -  0x00007ffff7b14ad3 in epoll_wait () at ../sysdeps/unix/syscall-template.S:84
2020-10-20 10:25:10 -  84	../sysdeps/unix/syscall-template.S: No such file or directory.
2020-10-20 10:25:10 -  
2020-10-20 10:25:10 -  Thread 4 (Thread 0x7ffff2ba7700 (LWP 7737)):
2020-10-20 10:25:10 -  #0  pthread_cond_wait@@GLIBC_2.3.2 () at ../sysdeps/unix/sysv/linux/x86_64/pthread_cond_wait.S:185
2020-10-20 10:25:10 -  No locals.
2020-10-20 10:25:10 -  #1  0x00007ffff5e7491c in std::condition_variable::wait(std::unique_lock<std::mutex>&) () from /usr/lib/x86_64-linux-gnu/libstdc++.so.6
2020-10-20 10:25:10 -  No symbol table info available.
2020-10-20 10:25:10 -  #2  0x00000000006228bf in DatabaseTasks::threadMain() (this=0x8e39a0 <g_databaseTasks>) at /home/otg/src/databasetasks.cpp:42
2020-10-20 10:25:10 -          taskLockUnique = {_M_device = 0x8e3a08 <g_databaseTasks+104>, _M_owns = true}
2020-10-20 10:25:10 -  #3  0x00007ffff5e79c80 in ?? () from /usr/lib/x86_64-linux-gnu/libstdc++.so.6
2020-10-20 10:25:10 -  No symbol table info available.
2020-10-20 10:25:10 -  #4  0x00007ffff614a6ba in start_thread (arg=0x7ffff2ba7700) at pthread_create.c:333
2020-10-20 10:25:10 -          __res = <optimized out>
2020-10-20 10:25:10 -          pd = 0x7ffff2ba7700
2020-10-20 10:25:10 -          now = <optimized out>
2020-10-20 10:25:10 -          unwind_buf = {cancel_jmp_buf = {{jmp_buf = {140737265694464, 7063883795158966472, 0, 140737284647471, 140737265695168, 9334528, -7063876677854125880, -7063868751247269688}, mask_was_saved = 0}}, priv = {pad = {0x0, 0x0, 0x0, 0x0}, data = {prev = 0x0, cleanup = 0x0, canceltype = 0}}}
2020-10-20 10:25:10 -          not_first_call = <optimized out>
2020-10-20 10:25:10 -          pagesize_m1 = <optimized out>
2020-10-20 10:25:10 -          sp = <optimized out>
2020-10-20 10:25:10 -          freesize = <optimized out>
2020-10-20 10:25:10 -          __PRETTY_FUNCTION__ = "start_thread"
2020-10-20 10:25:10 -  #5  0x00007ffff7b144dd in clone () at ../sysdeps/unix/sysv/linux/x86_64/clone.S:109
2020-10-20 10:25:10 -  No locals.
2020-10-20 10:25:10 -  
2020-10-20 10:25:10 -  Thread 3 (Thread 0x7ffff35ba700 (LWP 7736)):
2020-10-20 10:25:10 -  #0  pthread_cond_timedwait@@GLIBC_2.3.2 () at ../sysdeps/unix/sysv/linux/x86_64/pthread_cond_timedwait.S:225
2020-10-20 10:25:10 -  No locals.
2020-10-20 10:25:10 -  #1  0x0000000000506210 in __gthread_cond_timedwait () at /usr/include/x86_64-linux-gnu/c++/5/bits/gthr-default.h:871
2020-10-20 10:25:10 -  No locals.
2020-10-20 10:25:10 -  #2  std::condition_variable::__wait_until_impl (__atime=..., __lock=..., this=0x8e6fa0 <g_scheduler+64>) at /usr/include/c++/5/condition_variable:165
2020-10-20 10:25:10 -          __ts = {tv_sec = 1603203910, tv_nsec = 190068917}
2020-10-20 10:25:10 -  #3  std::condition_variable::wait_until<std::chrono::duration<long, std::ratio<1l, 1000000000l> > > () at /usr/include/c++/5/condition_variable:105
2020-10-20 10:25:10 -          __lock = @0x7ffff35b9e90: {_M_device = 0x8e6f78 <g_scheduler+24>, _M_owns = true}
2020-10-20 10:25:10 -          this = 0x8e6fa0 <g_scheduler+64>
2020-10-20 10:25:10 -  #4  Scheduler::threadMain (this=0x8e6f60 <g_scheduler>) at /home/otg/src/scheduler.cpp:36
2020-10-20 10:25:10 -          ret = std::cv_status::no_timeout
2020-10-20 10:25:10 -          eventLockUnique = {_M_device = 0x8e6f78 <g_scheduler+24>, _M_owns = true}
2020-10-20 10:25:10 -  #5  0x00007ffff5e79c80 in ?? () from /usr/lib/x86_64-linux-gnu/libstdc++.so.6
2020-10-20 10:25:10 -  No symbol table info available.
2020-10-20 10:25:10 -  #6  0x00007ffff614a6ba in start_thread (arg=0x7ffff35ba700) at pthread_create.c:333
2020-10-20 10:25:10 -          __res = <optimized out>
2020-10-20 10:25:10 -          pd = 0x7ffff35ba700
2020-10-20 10:25:10 -          now = <optimized out>
2020-10-20 10:25:10 -          unwind_buf = {cancel_jmp_buf = {{jmp_buf = {140737276258048, 7063883795158966472, 0, 140737488346847, 140737276258752, 9437376, -7063875856978501432, -7063868751247269688}, mask_was_saved = 0}}, priv = {pad = {0x0, 0x0, 0x0, 0x0}, data = {prev = 0x0, cleanup = 0x0, canceltype = 0}}}
2020-10-20 10:25:10 -          not_first_call = <optimized out>
2020-10-20 10:25:10 -          pagesize_m1 = <optimized out>
2020-10-20 10:25:10 -          sp = <optimized out>
2020-10-20 10:25:10 -          freesize = <optimized out>
2020-10-20 10:25:10 -          __PRETTY_FUNCTION__ = "start_thread"
2020-10-20 10:25:10 -  #7  0x00007ffff7b144dd in clone () at ../sysdeps/unix/sysv/linux/x86_64/clone.S:109
2020-10-20 10:25:10 -  No locals.
2020-10-20 10:25:10 -  
2020-10-20 10:25:10 -  Thread 2 (Thread 0x7ffff3dbb700 (LWP 7735)):
2020-10-20 10:25:10 -  #0  pthread_cond_wait@@GLIBC_2.3.2 () at ../sysdeps/unix/sysv/linux/x86_64/pthread_cond_wait.S:185
2020-10-20 10:25:10 -  No locals.
2020-10-20 10:25:10 -  #1  0x00007ffff5e7491c in std::condition_variable::wait(std::unique_lock<std::mutex>&) () from /usr/lib/x86_64-linux-gnu/libstdc++.so.6
2020-10-20 10:25:10 -  No symbol table info available.
2020-10-20 10:25:10 -  #2  0x000000000055af7b in Dispatcher::threadMain() (this=0x8e6ec0 <g_dispatcher>) at /home/otg/src/tasks.cpp:50
2020-10-20 10:25:10 -          taskLockUnique = {_M_device = 0x8e6ed8 <g_dispatcher+24>, _M_owns = true}
2020-10-20 10:25:10 -  #3  0x00007ffff5e79c80 in ?? () from /usr/lib/x86_64-linux-gnu/libstdc++.so.6
2020-10-20 10:25:10 -  No symbol table info available.
2020-10-20 10:25:10 -  #4  0x00007ffff614a6ba in start_thread (arg=0x7ffff3dbb700) at pthread_create.c:333
2020-10-20 10:25:10 -          __res = <optimized out>
2020-10-20 10:25:10 -          pd = 0x7ffff3dbb700
2020-10-20 10:25:10 -          now = <optimized out>
2020-10-20 10:25:10 -          unwind_buf = {cancel_jmp_buf = {{jmp_buf = {140737284650752, 7063883795158966472, 0, 140737488346847, 140737284651456, 9437376, -7063874755856260920, -7063868751247269688}, mask_was_saved = 0}}, priv = {pad = {0x0, 0x0, 0x0, 0x0}, data = {prev = 0x0, cleanup = 0x0, canceltype = 0}}}
2020-10-20 10:25:10 -          not_first_call = <optimized out>
2020-10-20 10:25:10 -          pagesize_m1 = <optimized out>
2020-10-20 10:25:10 -          sp = <optimized out>
2020-10-20 10:25:10 -          freesize = <optimized out>
2020-10-20 10:25:10 -          __PRETTY_FUNCTION__ = "start_thread"
2020-10-20 10:25:10 -  #5  0x00007ffff7b144dd in clone () at ../sysdeps/unix/sysv/linux/x86_64/clone.S:109
2020-10-20 10:25:11 -  No locals.
2020-10-20 10:25:11 -  
2020-10-20 10:25:11 -  Thread 1 (Thread 0x7ffff7fe6740 (LWP 7731)):
2020-10-20 10:25:11 -  #0  0x00007ffff7b14ad3 in epoll_wait () at ../sysdeps/unix/syscall-template.S:84
2020-10-20 10:25:11 -  No locals.
2020-10-20 10:25:11 -  #1  0x00000000005b70e7 in boost::asio::detail::epoll_reactor::run(bool, boost::asio::detail::op_queue<boost::asio::detail::task_io_service_operation>&) [clone .constprop.204] (this=0x901570, block=<optimized out>, ops=...) at /usr/include/boost/asio/detail/impl/epoll_reactor.ipp:392
2020-10-20 10:25:11 -          timeout = <optimized out>
2020-10-20 10:25:11 -          events = {{events = 0, data = {ptr = 0x0, fd = 0, u32 = 0, u64 = 0}} <repeats 52 times>, {events = 11, data = {ptr = 0xa100000000, fd = 0, u32 = 0, u64 = 691489734656}}, {events = 0, data = {ptr = 0x9024d0, fd = 9446608, u32 = 9446608, u64 = 9446608}}, {events = 0, data = {ptr = 0x0, fd = 0, u32 = 0, u64 = 0}}, {events = 0, data = {ptr = 0x0, fd = 0, u32 = 0, u64 = 0}}, {events = 9329, data = {ptr = 0xffffdb8fffff8000, fd = -32768, u32 = 4294934528, u64 = 18446704010254581760}}, {events = 32767, data = {ptr = 0x2, fd = 2, u32 = 2, u64 = 2}}, {events = 4155593817, data = {ptr = 0x7fff, fd = 32767, u32 = 32767, u64 = 32767}}, {events = 0, data = {ptr = 0x5828f4 <boost::asio::detail::reactive_socket_recv_op_base<boost::asio::mutable_buffers_1>::do_perform(boost::asio::detail::reactor_op*)+228>, fd = 5777652, u32 = 5777652, u64 = 5777652}}, {events = 91, data = {ptr = 0x100006e, fd = 16777326, u32 = 16777326, u64 = 16777326}}, {events = 13, data = {ptr = 0x911fb6, fd = 9510838, u32 = 9510838, u64 = 9510838}}, {events = 2, data = {ptr = 0x200000000, fd = 0, u32 = 0, u64 = 8589934592}}, {events = 0, data = {ptr = 0x5f8ef345, fd = 1603203909, u32 = 1603203909, u64 = 1603203909}}, {events = 0, data = {ptr = 0x0, fd = 0, u32 = 0, u64 = 0}}, {events = 0, data = {ptr = 0x7fffffffdb80, fd = -9344, u32 = 4294957952, u64 = 140737488345984}}, {events = 1, data = {ptr = 0x0, fd = 0, u32 = 0, u64 = 0}}, {events = 0, data = {ptr = 0x0, fd = 0, u32 = 0, u64 = 0}}, {events = 0, data = {ptr = 0x911f9000000000, fd = 0, u32 = 0, u64 = 40848574958796800}}, {events = 0, data = {ptr = 0x7fffcb733d80, fd = -881640064, u32 = 3413327232, u64 = 140736606715264}}, {events = 9446288, data = {ptr = 0x92209800000000, fd = 0, u32 = 0, u64 = 41131183806873600}}, {events = 0, data = {ptr = 0x901c08, fd = 9444360, u32 = 9444360, u64 = 9444360}}, {events = 13, data = {ptr = 0x5200000000, fd = 0, u32 = 0, u64 = 352187318272}}, {events = 0, data = {ptr = 0x901570, fd = 9442672, u32 = 9442672, u64 = 9442672}}, {events = 6449413, data = {ptr = 0x0, fd = 0, u32 = 0, u64 = 0}}, {events = 0, data = {ptr = 0xd, fd = 13, u32 = 13, u64 = 13}}, {events = 0, data = {ptr = 0x56f20000000000, fd = 0, u32 = 0, u64 = 24472929811038208}}, {events = 0, data = {ptr = 0x0, fd = 0, u32 = 0, u64 = 0}}, {events = 0, data = {ptr = 0xffffdc7000000000, fd = 0, u32 = 0, u64 = 18446704972327288832}}, {events = 32767, data = {ptr = 0x902390, fd = 9446288, u32 = 9446288, u64 = 9446288}}, {events = 9446288, data = {ptr = 0xec1e1c4000000000, fd = 0, u32 = 0, u64 = 17014067503455797248}}, {events = 32767, data = {ptr = 0x922098, fd = 9576600, u32 = 9576600, u64 = 9576600}}, {events = 9510838, data = {ptr = 0x200000000, fd = 0, u32 = 0, u64 = 8589934592}}, {events = 0, data = {ptr = 0x7fff00000001, fd = 1, u32 = 1, u64 = 140733193388033}}, {events = 0, data = {ptr = 0x56f20000000000, fd = 0, u32 = 0, u64 = 24472929811038208}}, {events = 0, data = {ptr = 0x0, fd = 0, u32 = 0, u64 = 0}}, {events = 0, data = {ptr = 0x0, fd = 0, u32 = 0, u64 = 0}}, {events = 0, data = {ptr = 0x921fb8, fd = 9576376, u32 = 9576376, u64 = 9576376}}, {events = 5809952, data = {ptr = 0x911fa000000000, fd = 0, u32 = 0, u64 = 40848643678273536}}, {events = 0, data = {ptr = 0x922038, fd = 9576504, u32 = 9576504, u64 = 9576504}}, {events = 9510800, data = {ptr = 0x46e96000000000, fd = 0, u32 = 0, u64 = 19959846895878144}}, {events = 0, data = {ptr = 0x7fffffffdd20, fd = -8928, u32 = 4294958368, u64 = 140737488346400}}, {events = 0, data = {ptr = 0x56e94e00000000, fd = 0, u32 = 0, u64 = 24463369213837312}}, {events = 0, data = {ptr = 0x900090, fd = 9437328, u32 = 9437328, u64 = 9437328}}, {events = 0, data = {ptr = 0x911fb600000000, fd = 0, u32 = 0, u64 = 40848738167554048}}, {events = 0, data = {ptr = 0x2, fd = 2, u32 = 2, u64 = 2}}, {events = 5698048, data = {ptr = 0x0, fd = 0, u32 = 0, u64 = 0}}, {events = 0, data = {ptr = 0x0, fd = 0, u32 = 0, u64 = 0}}, {events = 0, data = {ptr = 0x0, fd = 0, u32 = 0, u64 = 0}}, {events = 0, data = {ptr = 0x7fffffffde30, fd = -8656, u32 = 4294958640, u64 = 140737488346672}}, {events = 9437328, data = {ptr = 0xc00000000, fd = 0, u32 = 0, u64 = 51539607552}}, {events = 0, data = {ptr = 0x0, fd = 0, u32 = 0, u64 = 0}}, {events = 9437376, data = {ptr = 0xffffde3000000000, fd = 0, u32 = 0, u64 = 18446706896472637440}}, {events = 32767, data = {ptr = 0x585e35 <boost::asio::detail::reactive_socket_recv_op<boost::asio::mutable_buffers_1, boost::asio::detail::read_op<boost::asio::basic_stream_socket<boost::asio::ip::tcp, boost::asio::stream_socket_service<boost::asio::ip::tcp> >, boost::asio::mutable_buffers_1, boost::asio::detail::transfer_all_t, std::_Bind<std::_Mem_fn<void (Connection::*)(boost::system::error_code const&)> (std::shared_ptr<Connection>, std::_Placeholder<1>)> > >::do_complete(boost::asio::detail::task_io_service*, boost::asio::detail::task_io_service_operation*, boost::system::error_code const&, unsigned long)+373>, fd = 5791285, u32 = 5791285, u64 = 5791285}}, {events = 4294958640, data = {ptr = 0x58574500007fff, fd = 32767, u32 = 32767, u64 = 24865751814930431}}, {events = 0, data = {ptr = 0x10, fd = 16, u32 = 16, u64 = 16}}, {events = 4155593817, data = {ptr = 0xffffde3000007fff, fd = 32767, u32 = 32767, u64 = 18446706896472670207}}, {events = 32767, data = {ptr = 0x0, fd = 0, u32 = 0, u64 = 0}}, {events = 0, data = {ptr = 0x0, fd = 0, u32 = 0, u64 = 0}}, {events = 13, data = {ptr = 0x922098, fd = 9576600, u32 = 9576600, u64 = 9576600}}, {events = 9510838, data = {ptr = 0x200000000, fd = 0, u32 = 0, u64 = 8589934592}}, {events = 0, data = {ptr = 0x0, fd = 0, u32 = 0, u64 = 0}}, {events = 2, data = {ptr = 0x56f20000000000, fd = 0, u32 = 0, u64 = 24472929811038208}}, {events = 0, data = {ptr = 0x0, fd = 0, u32 = 0, u64 = 0}}, {events = 9510816, data = {ptr = 0x911f9000000000, fd = 0, u32 = 0, u64 = 40848574958796800}}, {events = 0, data = {ptr = 0x0, fd = 0, u32 = 0, u64 = 0}}, {events = 4145959136, data = {ptr = 0x58a73100007fff, fd = 32767, u32 = 32767, u64 = 24953626845806591}}, {events = 0, data = {ptr = 0x7fffcb733dd0, fd = -881639984, u32 = 3413327312, u64 = 140736606715344}}, {events = 0, data = {ptr = 0x92209800000000, fd = 0, u32 = 0, u64 = 41131183806873600}}, {events = 0, data = {ptr = 0x7fffffffde80, fd = -8576, u32 = 4294958720, u64 = 140737488346752}}, {events = 9437328, data = {ptr = 0x58646e00000000, fd = 0, u32 = 0, u64 = 24880221559717888}}, {events = 0, data = {ptr = 0x911fa0, fd = 9510816, u32 = 9510816, u64 = 9510816}}, {events = 9510800, data = {ptr = 0xffffde8000000000, fd = 0, u32 = 0, u64 = 18446707240070021120}}, {events = 32767, data = {ptr = 0x0, fd = 0, u32 = 0, u64 = 0}}, {events = 0, data = {ptr = 0x0, fd = 0, u32 = 0, u64 = 0}}, {events = 0, data = {ptr = 0x58a720 <Connection::handleTimeout(std::weak_ptr<Connection>, boost::system::error_code const&)>, fd = 5809952, u32 = 5809952, u64 = 5809952}}, {events = 9510816, data = {ptr = 0x911f9000000000, fd = 0, u32 = 0, u64 = 40848574958796800}}, {events = 0, data = {ptr = 0x7d, fd = 125, u32 = 125, u64 = 125}}}
2020-10-20 10:25:11 -          num_events = <optimized out>
2020-10-20 10:25:11 -          check_timers = <optimized out>
2020-10-20 10:25:11 -  #2  0x000000000055dcd3 in do_run_one (ec=..., this_thread=..., lock=<synthetic pointer>, this=0x900090) at /usr/include/boost/asio/detail/impl/task_io_service.ipp:356
2020-10-20 10:25:11 -          more_handlers = <optimized out>
2020-10-20 10:25:11 -  #3  run (ec=..., this=0x900090) at /usr/include/boost/asio/detail/impl/task_io_service.ipp:149
2020-10-20 10:25:11 -          this_thread = {private_op_queue = {front_ = 0x0, back_ = 0x0}, private_outstanding_work = 0}
2020-10-20 10:25:11 -          ctx = {key_ = 0x900090, value_ = 0x7fffffffdf40, next_ = 0x0}
2020-10-20 10:25:11 -          lock = {mutex_ = @0x9000c0, locked_ = <optimized out>}
2020-10-20 10:25:11 -          n = 31270
2020-10-20 10:25:11 -  #4  _ZN5boost4asio10io_service3runEv.isra.226 () at /usr/include/boost/asio/impl/io_service.ipp:59
2020-10-20 10:25:11 -          ec = {m_val = 0, m_cat = 0x7ffff71e50e0}
2020-10-20 10:25:11 -  #5  ServiceManager::run() (this=this@entry=0x7fffffffdff0) at /home/otg/src/server.cpp:47
2020-10-20 10:25:11 -  No locals.
2020-10-20 10:25:11 -  #6  0x0000000000474c46 in main (argc=1, argv=0x7fffffffe1b8) at /home/otg/src/otserv.cpp:96
2020-10-20 10:25:11 -          serviceManager = {acceptors = {_M_h = {_M_buckets = 0x7fffbe0910f0, _M_bucket_count = 5, _M_before_begin = {_M_nxt = 0x7fffbe0910c0}, _M_element_count = 2, _M_rehash_policy = {_M_max_load_factor = 1, _M_next_resize = 5}, _M_single_bucket = 0x0}}, io_service = {service_registry_ = 0x900040, impl_ = @0x900090}, signals = {set = {<No data fields>}}, death_timer = {<No data fields>}, running = true}
2020-10-20 10:25:11 -  Saving server...
2020-10-20 10:25:11 -  > Saved house items in: 0.22 s
2020-10-20 10:25:11 -  A debugging session is active.
2020-10-20 10:25:11 -  
2020-10-20 10:25:11 -  	Inferior 1 [process 7731] will be killed.
2020-10-20 10:25:11 -  
2020-10-20 10:25:11 -  Quit anyway? (y or n) [answered Y; input not from terminal]
