2020-10-21 14:04:41 -  [Thread debugging using libthread_db enabled]
2020-10-21 14:04:41 -  Using host libthread_db library "/lib/x86_64-linux-gnu/libthread_db.so.1".
2020-10-21 14:04:41 -  [New Thread 0x7ffff3dbb700 (LWP 1724)]
2020-10-21 14:04:41 -  [New Thread 0x7ffff35ba700 (LWP 1725)]
2020-10-21 14:04:41 -  The OTG-Premium-Version - Version: (1.3)
2020-10-21 14:04:41 -  Compiled with: GNU C++ version 5.4.0 20160609
2020-10-21 14:04:41 -  Compiled on Sep 17 2020 19:49:36 for platform x64
2020-10-21 14:04:41 -  
2020-10-21 14:04:41 -  Special Credits for: OTG Team, Johncore, Vankk, Erick Nunes, Leonardo Pereira, Leandro Baldissera, Talis, Marcomoa, Marson Schneider, Douglas, Mark Samman, OTXServer (Mattyx Gomez) and The Forgotten Server Developers.
2020-10-21 14:04:41 -  Link of repository: https://github.com/Johncorex/OTG-Premium-Version
2020-10-21 14:04:41 -  
2020-10-21 14:04:41 -  >> Loading config: config.lua
2020-10-21 14:04:41 -  >> Establishing database connection... MySQL 5.7.31
2020-10-21 14:04:41 -  >> Running database manager
2020-10-21 14:04:41 -  [New Thread 0x7ffff2ba7700 (LWP 1726)]
2020-10-21 14:04:41 -  > Optimizing table players_online... [success]
2020-10-21 14:04:42 -  > Optimizing table tile_store... [success]
2020-10-21 14:04:42 -  >> Loading vocations
2020-10-21 14:04:42 -  >> Loading items
2020-10-21 14:04:42 -  >> Loading script systems
2020-10-21 14:04:42 -  >> Loading lua libs
2020-10-21 14:04:42 -  [Warning - Event::checkScript] Can not load script: scripts/expboostaction.lua
2020-10-21 14:04:42 -  cannot open data/actions/scripts/expboostaction.lua: No such file or directory
2020-10-21 14:04:43 -  >> Loading lua scripts
2020-10-21 14:04:43 -  >> Loading monsters
2020-10-21 14:04:43 -  >> Loading lua monsters
2020-10-21 14:04:43 -  >> Loading outfits
2020-10-21 14:04:43 -  >> Loading prey data
2020-10-21 14:04:43 -  >> Checking world type... PVP
2020-10-21 14:04:43 -  >> Loading map
2020-10-21 14:04:45 -  > Map size: 34143x33812.
2020-10-21 14:04:51 -  > Map loading time: 7.166 seconds.
2020-10-21 14:04:51 -  > Loaded house items in: 0.013 s
2020-10-21 14:04:51 -  >> Initializing gamestate
2020-10-21 14:04:54 -  >> Loaded 43 npcs and spawned 72708 monsters.
2020-10-21 14:04:54 -  >> Loaded 27 towns with 1074 houses in total.
2020-10-21 14:04:54 -  [Castle War]
2020-10-21 14:04:54 -  [POWERGAMERS]
2020-10-21 14:04:54 -  [SISTEMA DE LOTERIA] OPERANTE
2020-10-21 14:04:54 -  Advanced NPC spawn system | All NPCs will be loaded trough lib.
2020-10-21 14:04:54 -  [REGEN BOOST] CARREGADO
2020-10-21 14:04:54 -  [SPOOF COUNTER]
2020-10-21 14:04:54 -  [STAMINA]
2020-10-21 14:04:54 -  warvariables
2020-10-21 14:04:54 -  Agenda:	10
2020-10-21 14:04:54 -  eu sou o checkWarmode... 14:4!
2020-10-21 14:04:54 -  Buscando valores guilds where id = 3
2020-10-21 14:04:54 -  > Broadcasted message: "[Warmode] Atencao Honerianos! A Guild TesteWarmode desafiou a Guild Vai tomando para uma batalha que vai iniciar agora!".
2020-10-21 14:04:54 -  14	04	56
2020-10-21 14:04:54 -  >> Loaded all modules, server starting up...
2020-10-21 14:04:54 -  > Warning: OTG-Premium-Version has been executed as root user, please consider running it as a normal user.
2020-10-21 14:04:54 -  >> Honera Global Server Online!
2020-10-21 14:04:54 -  
2020-10-21 14:04:54 -  Demonzin has logged in.
2020-10-21 14:04:54 -  funcao onLogin
2020-10-21 14:04:54 -  Robalo has logged in.
2020-10-21 14:04:57 -  funcao onLogin
2020-10-21 14:04:57 -  SABADOU!! NPC HONERA CRIADO
2020-10-21 14:04:57 -  Dev Marson has logged in.
2020-10-21 14:06:42 -  funcao onLogin
2020-10-21 14:06:42 -  funcaoKill!!
2020-10-21 14:06:42 -  um player que estava dentro da war, foi morto
2020-10-21 14:06:42 -  endWarmode
2020-10-21 14:06:42 -  Demonzin has logged out.
2020-10-21 14:06:47 -  Demonzin has logged in.
2020-10-21 14:19:35 -  
2020-10-21 14:19:35 -  Thread 1 "tfs" received signal SIGINT, Interrupt.
2020-10-21 14:19:35 -  0x00007ffff7b14ad3 in epoll_wait () at ../sysdeps/unix/syscall-template.S:84
2020-10-21 14:19:35 -  84	../sysdeps/unix/syscall-template.S: No such file or directory.
2020-10-21 14:19:35 -  
2020-10-21 14:19:35 -  Thread 4 (Thread 0x7ffff2ba7700 (LWP 1726)):
2020-10-21 14:19:35 -  #0  pthread_cond_wait@@GLIBC_2.3.2 () at ../sysdeps/unix/sysv/linux/x86_64/pthread_cond_wait.S:185
2020-10-21 14:19:35 -  No locals.
2020-10-21 14:19:35 -  #1  0x00007ffff5e7491c in std::condition_variable::wait(std::unique_lock<std::mutex>&) () from /usr/lib/x86_64-linux-gnu/libstdc++.so.6
2020-10-21 14:19:36 -  No symbol table info available.
2020-10-21 14:19:36 -  #2  0x00000000006228bf in DatabaseTasks::threadMain() (this=0x8e39a0 <g_databaseTasks>) at /home/otg/src/databasetasks.cpp:42
2020-10-21 14:19:36 -          taskLockUnique = {_M_device = 0x8e3a08 <g_databaseTasks+104>, _M_owns = true}
2020-10-21 14:19:36 -  #3  0x00007ffff5e79c80 in ?? () from /usr/lib/x86_64-linux-gnu/libstdc++.so.6
2020-10-21 14:19:36 -  No symbol table info available.
2020-10-21 14:19:36 -  #4  0x00007ffff614a6ba in start_thread (arg=0x7ffff2ba7700) at pthread_create.c:333
2020-10-21 14:19:36 -          __res = <optimized out>
2020-10-21 14:19:36 -          pd = 0x7ffff2ba7700
2020-10-21 14:19:36 -          now = <optimized out>
2020-10-21 14:19:36 -          unwind_buf = {cancel_jmp_buf = {{jmp_buf = {140737265694464, -4245470411809758497, 0, 140737284647471, 140737265695168, 9334528, 4245463244072149727, 4245455248746865375}, mask_was_saved = 0}}, priv = {pad = {0x0, 0x0, 0x0, 0x0}, data = {prev = 0x0, cleanup = 0x0, canceltype = 0}}}
2020-10-21 14:19:36 -          not_first_call = <optimized out>
2020-10-21 14:19:36 -          pagesize_m1 = <optimized out>
2020-10-21 14:19:36 -          sp = <optimized out>
2020-10-21 14:19:36 -          freesize = <optimized out>
2020-10-21 14:19:36 -          __PRETTY_FUNCTION__ = "start_thread"
2020-10-21 14:19:36 -  #5  0x00007ffff7b144dd in clone () at ../sysdeps/unix/sysv/linux/x86_64/clone.S:109
2020-10-21 14:19:36 -  No locals.
2020-10-21 14:19:36 -  
2020-10-21 14:19:36 -  Thread 3 (Thread 0x7ffff35ba700 (LWP 1725)):
2020-10-21 14:19:36 -  #0  pthread_cond_timedwait@@GLIBC_2.3.2 () at ../sysdeps/unix/sysv/linux/x86_64/pthread_cond_timedwait.S:225
2020-10-21 14:19:36 -  No locals.
2020-10-21 14:19:36 -  #1  0x0000000000506210 in __gthread_cond_timedwait () at /usr/include/x86_64-linux-gnu/c++/5/bits/gthr-default.h:871
2020-10-21 14:19:36 -  No locals.
2020-10-21 14:19:36 -  #2  std::condition_variable::__wait_until_impl (__atime=..., __lock=..., this=0x8e6fa0 <g_scheduler+64>) at /usr/include/c++/5/condition_variable:165
2020-10-21 14:19:36 -          __ts = {tv_sec = 1603304375, tv_nsec = 484195618}
2020-10-21 14:19:36 -  #3  std::condition_variable::wait_until<std::chrono::duration<long, std::ratio<1l, 1000000000l> > > () at /usr/include/c++/5/condition_variable:105
2020-10-21 14:19:36 -          __lock = @0x7ffff35b9e90: {_M_device = 0x8e6f78 <g_scheduler+24>, _M_owns = true}
2020-10-21 14:19:36 -          this = 0x8e6fa0 <g_scheduler+64>
2020-10-21 14:19:36 -  #4  Scheduler::threadMain (this=0x8e6f60 <g_scheduler>) at /home/otg/src/scheduler.cpp:36
2020-10-21 14:19:36 -          ret = std::cv_status::no_timeout
2020-10-21 14:19:36 -          eventLockUnique = {_M_device = 0x8e6f78 <g_scheduler+24>, _M_owns = true}
2020-10-21 14:19:36 -  #5  0x00007ffff5e79c80 in ?? () from /usr/lib/x86_64-linux-gnu/libstdc++.so.6
2020-10-21 14:19:36 -  No symbol table info available.
2020-10-21 14:19:36 -  #6  0x00007ffff614a6ba in start_thread (arg=0x7ffff35ba700) at pthread_create.c:333
2020-10-21 14:19:36 -          __res = <optimized out>
2020-10-21 14:19:36 -          pd = 0x7ffff35ba700
2020-10-21 14:19:36 -          now = <optimized out>
2020-10-21 14:19:36 -          unwind_buf = {cancel_jmp_buf = {{jmp_buf = {140737276258048, -4245470411809758497, 0, 140737488346847, 140737276258752, 9437376, 4245462404942914271, 4245455248746865375}, mask_was_saved = 0}}, priv = {pad = {0x0, 0x0, 0x0, 0x0}, data = {prev = 0x0, cleanup = 0x0, canceltype = 0}}}
2020-10-21 14:19:36 -          not_first_call = <optimized out>
2020-10-21 14:19:36 -          pagesize_m1 = <optimized out>
2020-10-21 14:19:36 -          sp = <optimized out>
2020-10-21 14:19:36 -          freesize = <optimized out>
2020-10-21 14:19:36 -          __PRETTY_FUNCTION__ = "start_thread"
2020-10-21 14:19:36 -  #7  0x00007ffff7b144dd in clone () at ../sysdeps/unix/sysv/linux/x86_64/clone.S:109
2020-10-21 14:19:36 -  No locals.
2020-10-21 14:19:36 -  
2020-10-21 14:19:36 -  Thread 2 (Thread 0x7ffff3dbb700 (LWP 1724)):
2020-10-21 14:19:36 -  #0  pthread_cond_wait@@GLIBC_2.3.2 () at ../sysdeps/unix/sysv/linux/x86_64/pthread_cond_wait.S:185
2020-10-21 14:19:36 -  No locals.
2020-10-21 14:19:36 -  #1  0x00007ffff5e7491c in std::condition_variable::wait(std::unique_lock<std::mutex>&) () from /usr/lib/x86_64-linux-gnu/libstdc++.so.6
2020-10-21 14:19:36 -  No symbol table info available.
2020-10-21 14:19:36 -  #2  0x000000000055af7b in Dispatcher::threadMain() (this=0x8e6ec0 <g_dispatcher>) at /home/otg/src/tasks.cpp:50
2020-10-21 14:19:36 -          taskLockUnique = {_M_device = 0x8e6ed8 <g_dispatcher+24>, _M_owns = true}
2020-10-21 14:19:36 -  #3  0x00007ffff5e79c80 in ?? () from /usr/lib/x86_64-linux-gnu/libstdc++.so.6
2020-10-21 14:19:36 -  No symbol table info available.
2020-10-21 14:19:36 -  #4  0x00007ffff614a6ba in start_thread (arg=0x7ffff3dbb700) at pthread_create.c:333
2020-10-21 14:19:36 -          __res = <optimized out>
2020-10-21 14:19:36 -          pd = 0x7ffff3dbb700
2020-10-21 14:19:36 -          now = <optimized out>
2020-10-21 14:19:36 -          unwind_buf = {cancel_jmp_buf = {{jmp_buf = {140737284650752, -4245470411809758497, 0, 140737488346847, 140737284651456, 9437376, 4245461304894415583, 4245455248746865375}, mask_was_saved = 0}}, priv = {pad = {0x0, 0x0, 0x0, 0x0}, data = {prev = 0x0, cleanup = 0x0, canceltype = 0}}}
2020-10-21 14:19:36 -          not_first_call = <optimized out>
2020-10-21 14:19:36 -          pagesize_m1 = <optimized out>
2020-10-21 14:19:36 -          sp = <optimized out>
2020-10-21 14:19:36 -          freesize = <optimized out>
2020-10-21 14:19:36 -          __PRETTY_FUNCTION__ = "start_thread"
2020-10-21 14:19:36 -  #5  0x00007ffff7b144dd in clone () at ../sysdeps/unix/sysv/linux/x86_64/clone.S:109
2020-10-21 14:19:36 -  No locals.
2020-10-21 14:19:36 -  
2020-10-21 14:19:36 -  Thread 1 (Thread 0x7ffff7fe6740 (LWP 1720)):
2020-10-21 14:19:36 -  #0  0x00007ffff7b14ad3 in epoll_wait () at ../sysdeps/unix/syscall-template.S:84
2020-10-21 14:19:36 -  No locals.
2020-10-21 14:19:36 -  #1  0x00000000005b70e7 in boost::asio::detail::epoll_reactor::run(bool, boost::asio::detail::op_queue<boost::asio::detail::task_io_service_operation>&) [clone .constprop.204] (this=0x901570, block=<optimized out>, ops=...) at /usr/include/boost/asio/detail/impl/epoll_reactor.ipp:392
2020-10-21 14:19:36 -          timeout = <optimized out>
2020-10-21 14:19:36 -          events = {{events = 1, data = {ptr = 0x9015c8, fd = 9442760, u32 = 9442760, u64 = 9442760}}, {events = 0, data = {ptr = 0x0, fd = 0, u32 = 0, u64 = 0}} <repeats 51 times>, {events = 11, data = {ptr = 0xa100000000, fd = 0, u32 = 0, u64 = 691489734656}}, {events = 0, data = {ptr = 0x0, fd = 0, u32 = 0, u64 = 0}}, {events = 0, data = {ptr = 0x0, fd = 0, u32 = 0, u64 = 0}}, {events = 0, data = {ptr = 0x0, fd = 0, u32 = 0, u64 = 0}}, {events = 0, data = {ptr = 0x0, fd = 0, u32 = 0, u64 = 0}}, {events = 0, data = {ptr = 0x0, fd = 0, u32 = 0, u64 = 0}}, {events = 4155593817, data = {ptr = 0x7fff, fd = 32767, u32 = 32767, u64 = 32767}}, {events = 0, data = {ptr = 0x5828f4 <boost::asio::detail::reactive_socket_recv_op_base<boost::asio::mutable_buffers_1>::do_perform(boost::asio::detail::reactor_op*)+228>, fd = 5777652, u32 = 5777652, u64 = 5777652}}, {events = 0, data = {ptr = 0x1000000, fd = 16777216, u32 = 16777216, u64 = 16777216}}, {events = 15, data = {ptr = 0x901e66, fd = 9444966, u32 = 9444966, u64 = 9444966}}, {events = 2, data = {ptr = 0x200000000, fd = 0, u32 = 0, u64 = 8589934592}}, {events = 0, data = {ptr = 0x5f907bb5, fd = 1603304373, u32 = 1603304373, u64 = 1603304373}}, {events = 0, data = {ptr = 0x0, fd = 0, u32 = 0, u64 = 0}}, {events = 0, data = {ptr = 0x7fffffffdb80, fd = -9344, u32 = 4294957952, u64 = 140737488345984}}, {events = 1, data = {ptr = 0x0, fd = 0, u32 = 0, u64 = 0}}, {events = 0, data = {ptr = 0x0, fd = 0, u32 = 0, u64 = 0}}, {events = 0, data = {ptr = 0x901e4000000000, fd = 0, u32 = 0, u64 = 40565656873074688}}, {events = 0, data = {ptr = 0x7fffe9210b30, fd = -383710416, u32 = 3911256880, u64 = 140737104644912}}, {events = 9775968, data = {ptr = 0x911f4800000000, fd = 0, u32 = 0, u64 = 40848265721151488}}, {events = 0, data = {ptr = 0x912138, fd = 9511224, u32 = 9511224, u64 = 9511224}}, {events = 15, data = {ptr = 0x5200000000, fd = 0, u32 = 0, u64 = 352187318272}}, {events = 0, data = {ptr = 0x901570, fd = 9442672, u32 = 9442672, u64 = 9442672}}, {events = 6449413, data = {ptr = 0x0, fd = 0, u32 = 0, u64 = 0}}, {events = 0, data = {ptr = 0xf, fd = 15, u32 = 15, u64 = 15}}, {events = 0, data = {ptr = 0x56f20000000000, fd = 0, u32 = 0, u64 = 24472929811038208}}, {events = 0, data = {ptr = 0x0, fd = 0, u32 = 0, u64 = 0}}, {events = 0, data = {ptr = 0xffffdc7000000000, fd = 0, u32 = 0, u64 = 18446704972327288832}}, {events = 32767, data = {ptr = 0x952b60, fd = 9775968, u32 = 9775968, u64 = 9775968}}, {events = 9775968, data = {ptr = 0x91227000000000, fd = 0, u32 = 0, u64 = 40851736054726656}}, {events = 0, data = {ptr = 0x911f48, fd = 9510728, u32 = 9510728, u64 = 9510728}}, {events = 9444966, data = {ptr = 0x200000000, fd = 0, u32 = 0, u64 = 8589934592}}, {events = 0, data = {ptr = 0x7fff00000001, fd = 1, u32 = 1, u64 = 140733193388033}}, {events = 0, data = {ptr = 0x56f20000000000, fd = 0, u32 = 0, u64 = 24472929811038208}}, {events = 0, data = {ptr = 0x0, fd = 0, u32 = 0, u64 = 0}}, {events = 0, data = {ptr = 0x93254800000000, fd = 0, u32 = 0, u64 = 41417812744339456}}, {events = 0, data = {ptr = 0x0, fd = 0, u32 = 0, u64 = 0}}, {events = 4128564479, data = {ptr = 0x9224b000007fff, fd = 32767, u32 = 32767, u64 = 41135684932632575}}, {events = 0, data = {ptr = 0x7fff9c2279b0, fd = -1675462224, u32 = 2619505072, u64 = 140735812893104}}, {events = 3156164176, data = {ptr = 0x93254800007fff, fd = 32767, u32 = 32767, u64 = 41417812744372223}}, {events = 0, data = {ptr = 0x7fffffffde78, fd = -8584, u32 = 4294958712, u64 = 140737488346744}}, {events = 0, data = {ptr = 0xf7a9158c00000000, fd = 0, u32 = 0, u64 = 17845818689471905792}}, {events = 32767, data = {ptr = 0x900090, fd = 9437328, u32 = 9437328, u64 = 9437328}}, {events = 4294958640, data = {ptr = 0x90009000007fff, fd = 32767, u32 = 32767, u64 = 40533015121657855}}, {events = 0, data = {ptr = 0x9224b0, fd = 9577648, u32 = 9577648, u64 = 9577648}}, {events = 14, data = {ptr = 0x9224b000000000, fd = 0, u32 = 0, u64 = 41135684932599808}}, {events = 0, data = {ptr = 0x7fff9c2279b0, fd = -1675462224, u32 = 2619505072, u64 = 140735812893104}}, {events = 3156164176, data = {ptr = 0x93254800007fff, fd = 32767, u32 = 32767, u64 = 41417812744372223}}, {events = 0, data = {ptr = 0x58a8b4 <Connection::onWriteOperation(boost::system::error_code const&)+260>, fd = 5810356, u32 = 5810356, u64 = 5810356}}, {events = 0, data = {ptr = 0xf71e50e000000000, fd = 0, u32 = 0, u64 = 17806758899672416256}}, {events = 32767, data = {ptr = 0xffffde30, fd = -8656, u32 = 4294958640, u64 = 4294958640}}, {events = 14, data = {ptr = 0x0, fd = 0, u32 = 0, u64 = 0}}, {events = 0, data = {ptr = 0x0, fd = 0, u32 = 0, u64 = 0}}, {events = 4294958640, data = {ptr = 0x58574500007fff, fd = 32767, u32 = 32767, u64 = 24865751814930431}}, {events = 0, data = {ptr = 0x11, fd = 17, u32 = 17, u64 = 17}}, {events = 4155593817, data = {ptr = 0xffffde3000007fff, fd = 32767, u32 = 32767, u64 = 18446706896472670207}}, {events = 32767, data = {ptr = 0x0, fd = 0, u32 = 0, u64 = 0}}, {events = 0, data = {ptr = 0x0, fd = 0, u32 = 0, u64 = 0}}, {events = 15, data = {ptr = 0x911f48, fd = 9510728, u32 = 9510728, u64 = 9510728}}, {events = 4294958720, data = {ptr = 0x90009000007fff, fd = 32767, u32 = 32767, u64 = 40533015121657855}}, {events = 0, data = {ptr = 0x0, fd = 0, u32 = 0, u64 = 0}}, {events = 0, data = {ptr = 0x9000c000000000, fd = 0, u32 = 0, u64 = 40533221280055296}}, {events = 0, data = {ptr = 0x0, fd = 0, u32 = 0, u64 = 0}}, {events = 4155053452, data = {ptr = 0x901e4000007fff, fd = 32767, u32 = 32767, u64 = 40565656873107455}}, {events = 0, data = {ptr = 0x0, fd = 0, u32 = 0, u64 = 0}}, {events = 4145959136, data = {ptr = 0x58a73100007fff, fd = 32767, u32 = 32767, u64 = 24953626845806591}}, {events = 0, data = {ptr = 0x7fffe9261a20, fd = -383378912, u32 = 3911588384, u64 = 140737104976416}}, {events = 4294958720, data = {ptr = 0x90009000007fff, fd = 32767, u32 = 32767, u64 = 40533015121657855}}, {events = 0, data = {ptr = 0x7fffffffde80, fd = -8576, u32 = 4294958720, u64 = 140737488346752}}, {events = 9437328, data = {ptr = 0x58646e00000000, fd = 0, u32 = 0, u64 = 24880221559717888}}, {events = 0, data = {ptr = 0x9224b0, fd = 9577648, u32 = 9577648, u64 = 9577648}}, {events = 9577632, data = {ptr = 0xffffde8000000000, fd = 0, u32 = 0, u64 = 18446707240070021120}}, {events = 32767, data = {ptr = 0x0, fd = 0, u32 = 0, u64 = 0}}, {events = 0, data = {ptr = 0x0, fd = 0, u32 = 0, u64 = 0}}, {events = 0, data = {ptr = 0x58a720 <Connection::handleTimeout(std::weak_ptr<Connection>, boost::system::error_code const&)>, fd = 5809952, u32 = 5809952, u64 = 5809952}}, {events = 9577648, data = {ptr = 0x9224a000000000, fd = 0, u32 = 0, u64 = 41135616213123072}}, {events = 0, data = {ptr = 0x206465720000007d, fd = 125, u32 = 125, u64 = 2334102047185436797}}}
2020-10-21 14:19:36 -          num_events = <optimized out>
2020-10-21 14:19:36 -          check_timers = <optimized out>
2020-10-21 14:19:36 -  #2  0x000000000055dcd3 in do_run_one (ec=..., this_thread=..., lock=<synthetic pointer>, this=0x900090) at /usr/include/boost/asio/detail/impl/task_io_service.ipp:356
2020-10-21 14:19:36 -          more_handlers = <optimized out>
2020-10-21 14:19:36 -  #3  run (ec=..., this=0x900090) at /usr/include/boost/asio/detail/impl/task_io_service.ipp:149
2020-10-21 14:19:36 -          this_thread = {private_op_queue = {front_ = 0x0, back_ = 0x0}, private_outstanding_work = 0}
2020-10-21 14:19:36 -          ctx = {key_ = 0x900090, value_ = 0x7fffffffdf40, next_ = 0x0}
2020-10-21 14:19:36 -          lock = {mutex_ = @0x9000c0, locked_ = <optimized out>}
2020-10-21 14:19:36 -          n = 9591
2020-10-21 14:19:36 -  #4  _ZN5boost4asio10io_service3runEv.isra.226 () at /usr/include/boost/asio/impl/io_service.ipp:59
2020-10-21 14:19:36 -          ec = {m_val = 0, m_cat = 0x7ffff71e50e0}
2020-10-21 14:19:36 -  #5  ServiceManager::run() (this=this@entry=0x7fffffffdff0) at /home/otg/src/server.cpp:47
2020-10-21 14:19:36 -  No locals.
2020-10-21 14:19:36 -  #6  0x0000000000474c46 in main (argc=1, argv=0x7fffffffe1b8) at /home/otg/src/otserv.cpp:96
2020-10-21 14:19:36 -          serviceManager = {acceptors = {_M_h = {_M_buckets = 0x7fffedd296d0, _M_bucket_count = 5, _M_before_begin = {_M_nxt = 0x7fffe9261af0}, _M_element_count = 2, _M_rehash_policy = {_M_max_load_factor = 1, _M_next_resize = 5}, _M_single_bucket = 0x0}}, io_service = {service_registry_ = 0x900040, impl_ = @0x900090}, signals = {set = {<No data fields>}}, death_timer = {<No data fields>}, running = true}
2020-10-21 14:19:36 -  funcao onLogin
2020-10-21 14:19:36 -  endWarmode
2020-10-21 14:19:36 -  > Broadcasted message: "[Warmode] A War acabou por tempo! Parabens a Guild Vencedora B!".
2020-10-21 14:19:36 -  Saving server...
2020-10-21 14:19:36 -  > Saved house items in: 0.318 s
2020-10-21 14:19:36 -  A debugging session is active.
2020-10-21 14:19:36 -  
2020-10-21 14:19:36 -  	Inferior 1 [process 1720] will be killed.
2020-10-21 14:19:36 -  
2020-10-21 14:19:36 -  Quit anyway? (y or n) [answered Y; input not from terminal]
