2020-10-21 13:56:54 -  [Thread debugging using libthread_db enabled]
2020-10-21 13:56:54 -  Using host libthread_db library "/lib/x86_64-linux-gnu/libthread_db.so.1".
2020-10-21 13:56:54 -  [New Thread 0x7ffff3dbb700 (LWP 1438)]
2020-10-21 13:56:54 -  [New Thread 0x7ffff35ba700 (LWP 1439)]
2020-10-21 13:56:54 -  The OTG-Premium-Version - Version: (1.3)
2020-10-21 13:56:54 -  Compiled with: GNU C++ version 5.4.0 20160609
2020-10-21 13:56:54 -  Compiled on Sep 17 2020 19:49:36 for platform x64
2020-10-21 13:56:54 -  
2020-10-21 13:56:54 -  Special Credits for: OTG Team, Johncore, Vankk, Erick Nunes, Leonardo Pereira, Leandro Baldissera, Talis, Marcomoa, Marson Schneider, Douglas, Mark Samman, OTXServer (Mattyx Gomez) and The Forgotten Server Developers.
2020-10-21 13:56:54 -  Link of repository: https://github.com/Johncorex/OTG-Premium-Version
2020-10-21 13:56:54 -  
2020-10-21 13:56:54 -  >> Loading config: config.lua
2020-10-21 13:56:54 -  >> Establishing database connection... MySQL 5.7.31
2020-10-21 13:56:54 -  >> Running database manager
2020-10-21 13:56:54 -  [New Thread 0x7ffff2ba7700 (LWP 1440)]
2020-10-21 13:56:54 -  > Optimizing table players_online... [success]
2020-10-21 13:56:54 -  > Optimizing table tile_store... [success]
2020-10-21 13:56:54 -  >> Loading vocations
2020-10-21 13:56:54 -  >> Loading items
2020-10-21 13:56:54 -  >> Loading script systems
2020-10-21 13:56:54 -  >> Loading lua libs
2020-10-21 13:56:54 -  [Warning - Event::checkScript] Can not load script: scripts/expboostaction.lua
2020-10-21 13:56:54 -  cannot open data/actions/scripts/expboostaction.lua: No such file or directory
2020-10-21 13:56:55 -  >> Loading lua scripts
2020-10-21 13:56:56 -  >> Loading monsters
2020-10-21 13:56:56 -  >> Loading lua monsters
2020-10-21 13:56:56 -  >> Loading outfits
2020-10-21 13:56:56 -  >> Loading prey data
2020-10-21 13:56:56 -  >> Checking world type... PVP
2020-10-21 13:56:56 -  >> Loading map
2020-10-21 13:56:57 -  > Map size: 34143x33812.
2020-10-21 13:57:03 -  > Map loading time: 7.23 seconds.
2020-10-21 13:57:04 -  > Loaded house items in: 0.013 s
2020-10-21 13:57:04 -  >> Initializing gamestate
2020-10-21 13:57:06 -  >> Loaded 43 npcs and spawned 72708 monsters.
2020-10-21 13:57:06 -  >> Loaded 27 towns with 1074 houses in total.
2020-10-21 13:57:06 -  [Castle War]
2020-10-21 13:57:06 -  [POWERGAMERS]
2020-10-21 13:57:06 -  [SISTEMA DE LOTERIA] OPERANTE
2020-10-21 13:57:06 -  Advanced NPC spawn system | All NPCs will be loaded trough lib.
2020-10-21 13:57:06 -  [REGEN BOOST] CARREGADO
2020-10-21 13:57:06 -  [SPOOF COUNTER]
2020-10-21 13:57:06 -  [STAMINA]
2020-10-21 13:57:06 -  warvariables
2020-10-21 13:57:06 -  Agenda:	10
2020-10-21 13:57:06 -  eu sou o checkWarmode... 13:57!
2020-10-21 13:57:06 -  Buscando valores guilds where id = 3
2020-10-21 13:57:06 -  > Broadcasted message: "[Warmode] Atencao Honerianos! A Guild TesteWarmode desafiou a Guild Vai tomando para uma batalha que vai iniciar agora!".
2020-10-21 13:57:06 -  13	57	3
2020-10-21 13:57:06 -  >> Loaded all modules, server starting up...
2020-10-21 13:57:06 -  > Warning: OTG-Premium-Version has been executed as root user, please consider running it as a normal user.
2020-10-21 13:57:06 -  >> Honera Global Server Online!
2020-10-21 13:57:06 -  
2020-10-21 13:57:07 -  Robalo has logged in.
2020-10-21 13:57:07 -  funcao onLogin
2020-10-21 13:57:07 -  Demonzin has logged in.
2020-10-21 13:57:07 -  funcao onLogin
2020-10-21 13:57:07 -  Dev Marson has logged in.
2020-10-21 13:59:37 -  funcao onLogin
2020-10-21 13:59:37 -  SABADOU!! NPC HONERA CRIADO
2020-10-21 13:59:37 -  endWarmode
2020-10-21 13:59:37 -  > Broadcasted message: "[Warmode] A War acabou por tempo! Parabens para ambas as guilds por este emocionante empate!".
2020-10-21 13:59:37 -  funcaoKill!!
2020-10-21 13:59:37 -  um player que estava dentro da war, foi morto
2020-10-21 13:59:37 -  endWarmode
2020-10-21 13:59:37 -  Demonzin has logged out.
2020-10-21 13:59:42 -  Demonzin has logged in.
2020-10-21 14:00:59 -  
2020-10-21 14:00:59 -  Thread 1 "tfs" received signal SIGINT, Interrupt.
2020-10-21 14:00:59 -  0x00007ffff7b14ad3 in epoll_wait () at ../sysdeps/unix/syscall-template.S:84
2020-10-21 14:00:59 -  84	../sysdeps/unix/syscall-template.S: No such file or directory.
2020-10-21 14:00:59 -  
2020-10-21 14:00:59 -  Thread 4 (Thread 0x7ffff2ba7700 (LWP 1440)):
2020-10-21 14:00:59 -  #0  pthread_cond_wait@@GLIBC_2.3.2 () at ../sysdeps/unix/sysv/linux/x86_64/pthread_cond_wait.S:185
2020-10-21 14:00:59 -  No locals.
2020-10-21 14:00:59 -  #1  0x00007ffff5e7491c in std::condition_variable::wait(std::unique_lock<std::mutex>&) () from /usr/lib/x86_64-linux-gnu/libstdc++.so.6
2020-10-21 14:00:59 -  No symbol table info available.
2020-10-21 14:00:59 -  #2  0x00000000006228bf in DatabaseTasks::threadMain() (this=0x8e39a0 <g_databaseTasks>) at /home/otg/src/databasetasks.cpp:42
2020-10-21 14:00:59 -          taskLockUnique = {_M_device = 0x8e3a08 <g_databaseTasks+104>, _M_owns = true}
2020-10-21 14:00:59 -  #3  0x00007ffff5e79c80 in ?? () from /usr/lib/x86_64-linux-gnu/libstdc++.so.6
2020-10-21 14:00:59 -  No symbol table info available.
2020-10-21 14:00:59 -  #4  0x00007ffff614a6ba in start_thread (arg=0x7ffff2ba7700) at pthread_create.c:333
2020-10-21 14:00:59 -          __res = <optimized out>
2020-10-21 14:00:59 -          pd = 0x7ffff2ba7700
2020-10-21 14:00:59 -          now = <optimized out>
2020-10-21 14:00:59 -          unwind_buf = {cancel_jmp_buf = {{jmp_buf = {140737265694464, 7893420113901709127, 0, 140737284647471, 140737265695168, 9334528, -7893426200435431609, -7893433641757120697}, mask_was_saved = 0}}, priv = {pad = {0x0, 0x0, 0x0, 0x0}, data = {prev = 0x0, cleanup = 0x0, canceltype = 0}}}
2020-10-21 14:00:59 -          not_first_call = <optimized out>
2020-10-21 14:00:59 -          pagesize_m1 = <optimized out>
2020-10-21 14:00:59 -          sp = <optimized out>
2020-10-21 14:00:59 -          freesize = <optimized out>
2020-10-21 14:00:59 -          __PRETTY_FUNCTION__ = "start_thread"
2020-10-21 14:00:59 -  #5  0x00007ffff7b144dd in clone () at ../sysdeps/unix/sysv/linux/x86_64/clone.S:109
2020-10-21 14:00:59 -  No locals.
2020-10-21 14:00:59 -  
2020-10-21 14:00:59 -  Thread 3 (Thread 0x7ffff35ba700 (LWP 1439)):
2020-10-21 14:00:59 -  #0  pthread_cond_timedwait@@GLIBC_2.3.2 () at ../sysdeps/unix/sysv/linux/x86_64/pthread_cond_timedwait.S:225
2020-10-21 14:00:59 -  No locals.
2020-10-21 14:00:59 -  #1  0x0000000000506210 in __gthread_cond_timedwait () at /usr/include/x86_64-linux-gnu/c++/5/bits/gthr-default.h:871
2020-10-21 14:00:59 -  No locals.
2020-10-21 14:00:59 -  #2  std::condition_variable::__wait_until_impl (__atime=..., __lock=..., this=0x8e6fa0 <g_scheduler+64>) at /usr/include/c++/5/condition_variable:165
2020-10-21 14:00:59 -          __ts = {tv_sec = 1603303259, tv_nsec = 94662925}
2020-10-21 14:00:59 -  #3  std::condition_variable::wait_until<std::chrono::duration<long, std::ratio<1l, 1000000000l> > > () at /usr/include/c++/5/condition_variable:105
2020-10-21 14:00:59 -          __lock = @0x7ffff35b9e90: {_M_device = 0x8e6f78 <g_scheduler+24>, _M_owns = true}
2020-10-21 14:00:59 -          this = 0x8e6fa0 <g_scheduler+64>
2020-10-21 14:00:59 -  #4  Scheduler::threadMain (this=0x8e6f60 <g_scheduler>) at /home/otg/src/scheduler.cpp:36
2020-10-21 14:00:59 -          ret = std::cv_status::no_timeout
2020-10-21 14:00:59 -          eventLockUnique = {_M_device = 0x8e6f78 <g_scheduler+24>, _M_owns = true}
2020-10-21 14:00:59 -  #5  0x00007ffff5e79c80 in ?? () from /usr/lib/x86_64-linux-gnu/libstdc++.so.6
2020-10-21 14:00:59 -  No symbol table info available.
2020-10-21 14:00:59 -  #6  0x00007ffff614a6ba in start_thread (arg=0x7ffff35ba700) at pthread_create.c:333
2020-10-21 14:00:59 -          __res = <optimized out>
2020-10-21 14:00:59 -          pd = 0x7ffff35ba700
2020-10-21 14:00:59 -          now = <optimized out>
2020-10-21 14:00:59 -          unwind_buf = {cancel_jmp_buf = {{jmp_buf = {140737276258048, 7893420113901709127, 0, 140737488346847, 140737276258752, 9437376, -7893427566771902649, -7893433641757120697}, mask_was_saved = 0}}, priv = {pad = {0x0, 0x0, 0x0, 0x0}, data = {prev = 0x0, cleanup = 0x0, canceltype = 0}}}
2020-10-21 14:00:59 -          not_first_call = <optimized out>
2020-10-21 14:00:59 -          pagesize_m1 = <optimized out>
2020-10-21 14:00:59 -          sp = <optimized out>
2020-10-21 14:00:59 -          freesize = <optimized out>
2020-10-21 14:00:59 -          __PRETTY_FUNCTION__ = "start_thread"
2020-10-21 14:00:59 -  #7  0x00007ffff7b144dd in clone () at ../sysdeps/unix/sysv/linux/x86_64/clone.S:109
2020-10-21 14:00:59 -  No locals.
2020-10-21 14:00:59 -  
2020-10-21 14:00:59 -  Thread 2 (Thread 0x7ffff3dbb700 (LWP 1438)):
2020-10-21 14:00:59 -  #0  pthread_cond_wait@@GLIBC_2.3.2 () at ../sysdeps/unix/sysv/linux/x86_64/pthread_cond_wait.S:185
2020-10-21 14:00:59 -  No locals.
2020-10-21 14:00:59 -  #1  0x00007ffff5e7491c in std::condition_variable::wait(std::unique_lock<std::mutex>&) () from /usr/lib/x86_64-linux-gnu/libstdc++.so.6
2020-10-21 14:00:59 -  No symbol table info available.
2020-10-21 14:00:59 -  #2  0x000000000055af7b in Dispatcher::threadMain() (this=0x8e6ec0 <g_dispatcher>) at /home/otg/src/tasks.cpp:50
2020-10-21 14:00:59 -          taskLockUnique = {_M_device = 0x8e6ed8 <g_dispatcher+24>, _M_owns = true}
2020-10-21 14:00:59 -  #3  0x00007ffff5e79c80 in ?? () from /usr/lib/x86_64-linux-gnu/libstdc++.so.6
2020-10-21 14:00:59 -  No symbol table info available.
2020-10-21 14:00:59 -  #4  0x00007ffff614a6ba in start_thread (arg=0x7ffff3dbb700) at pthread_create.c:333
2020-10-21 14:00:59 -          __res = <optimized out>
2020-10-21 14:00:59 -          pd = 0x7ffff3dbb700
2020-10-21 14:00:59 -          now = <optimized out>
2020-10-21 14:00:59 -          unwind_buf = {cancel_jmp_buf = {{jmp_buf = {140737284650752, 7893420113901709127, 0, 140737488346847, 140737284651456, 9437376, -7893428667894143161, -7893433641757120697}, mask_was_saved = 0}}, priv = {pad = {0x0, 0x0, 0x0, 0x0}, data = {prev = 0x0, cleanup = 0x0, canceltype = 0}}}
2020-10-21 14:00:59 -          not_first_call = <optimized out>
2020-10-21 14:00:59 -          pagesize_m1 = <optimized out>
2020-10-21 14:00:59 -          sp = <optimized out>
2020-10-21 14:00:59 -          freesize = <optimized out>
2020-10-21 14:00:59 -          __PRETTY_FUNCTION__ = "start_thread"
2020-10-21 14:00:59 -  #5  0x00007ffff7b144dd in clone () at ../sysdeps/unix/sysv/linux/x86_64/clone.S:109
2020-10-21 14:00:59 -  No locals.
2020-10-21 14:00:59 -  
2020-10-21 14:00:59 -  Thread 1 (Thread 0x7ffff7fe6740 (LWP 1434)):
2020-10-21 14:00:59 -  #0  0x00007ffff7b14ad3 in epoll_wait () at ../sysdeps/unix/syscall-template.S:84
2020-10-21 14:00:59 -  No locals.
2020-10-21 14:00:59 -  #1  0x00000000005b70e7 in boost::asio::detail::epoll_reactor::run(bool, boost::asio::detail::op_queue<boost::asio::detail::task_io_service_operation>&) [clone .constprop.204] (this=0x901570, block=<optimized out>, ops=...) at /usr/include/boost/asio/detail/impl/epoll_reactor.ipp:392
2020-10-21 14:00:59 -          timeout = <optimized out>
2020-10-21 14:00:59 -          events = {{events = 0, data = {ptr = 0x0, fd = 0, u32 = 0, u64 = 0}} <repeats 52 times>, {events = 11, data = {ptr = 0xa100000000, fd = 0, u32 = 0, u64 = 691489734656}}, {events = 0, data = {ptr = 0x0, fd = 0, u32 = 0, u64 = 0}}, {events = 0, data = {ptr = 0x0, fd = 0, u32 = 0, u64 = 0}}, {events = 0, data = {ptr = 0x0, fd = 0, u32 = 0, u64 = 0}}, {events = 0, data = {ptr = 0x0, fd = 0, u32 = 0, u64 = 0}}, {events = 0, data = {ptr = 0x0, fd = 0, u32 = 0, u64 = 0}}, {events = 4155593817, data = {ptr = 0x7fff, fd = 32767, u32 = 32767, u64 = 32767}}, {events = 0, data = {ptr = 0x5828f4 <boost::asio::detail::reactive_socket_recv_op_base<boost::asio::mutable_buffers_1>::do_perform(boost::asio::detail::reactor_op*)+228>, fd = 5777652, u32 = 5777652, u64 = 5777652}}, {events = 0, data = {ptr = 0x1000000, fd = 16777216, u32 = 16777216, u64 = 16777216}}, {events = 15, data = {ptr = 0x92ab76, fd = 9612150, u32 = 9612150, u64 = 9612150}}, {events = 2, data = {ptr = 0x200000000, fd = 0, u32 = 0, u64 = 8589934592}}, {events = 0, data = {ptr = 0x5f90775a, fd = 1603303258, u32 = 1603303258, u64 = 1603303258}}, {events = 0, data = {ptr = 0x0, fd = 0, u32 = 0, u64 = 0}}, {events = 0, data = {ptr = 0x7fffffffdb80, fd = -9344, u32 = 4294957952, u64 = 140737488345984}}, {events = 1, data = {ptr = 0x0, fd = 0, u32 = 0, u64 = 0}}, {events = 0, data = {ptr = 0x0, fd = 0, u32 = 0, u64 = 0}}, {events = 0, data = {ptr = 0x92ab5000000000, fd = 0, u32 = 0, u64 = 41283706685489152}}, {events = 0, data = {ptr = 0x7fff90733f60, fd = -1871495328, u32 = 2423471968, u64 = 140735616860000}}, {events = 9511344, data = {ptr = 0x93ac5800000000, fd = 0, u32 = 0, u64 = 41566315533565952}}, {events = 0, data = {ptr = 0x9291b8, fd = 9605560, u32 = 9605560, u64 = 9605560}}, {events = 15, data = {ptr = 0x5200000000, fd = 0, u32 = 0, u64 = 352187318272}}, {events = 0, data = {ptr = 0x901570, fd = 9442672, u32 = 9442672, u64 = 9442672}}, {events = 6449413, data = {ptr = 0x0, fd = 0, u32 = 0, u64 = 0}}, {events = 0, data = {ptr = 0xf, fd = 15, u32 = 15, u64 = 15}}, {events = 0, data = {ptr = 0x56f20000000000, fd = 0, u32 = 0, u64 = 24472929811038208}}, {events = 0, data = {ptr = 0x0, fd = 0, u32 = 0, u64 = 0}}, {events = 0, data = {ptr = 0xffffdc7000000000, fd = 0, u32 = 0, u64 = 18446704972327288832}}, {events = 32767, data = {ptr = 0x9121b0, fd = 9511344, u32 = 9511344, u64 = 9511344}}, {events = 9511344, data = {ptr = 0x3e8eb2e000000000, fd = 0, u32 = 0, u64 = 4507736952186863616}}, {events = 32767, data = {ptr = 0x93ac58, fd = 9677912, u32 = 9677912, u64 = 9677912}}, {events = 9612150, data = {ptr = 0x200000000, fd = 0, u32 = 0, u64 = 8589934592}}, {events = 0, data = {ptr = 0x7fff00000001, fd = 1, u32 = 1, u64 = 140733193388033}}, {events = 0, data = {ptr = 0x56f20000000000, fd = 0, u32 = 0, u64 = 24472929811038208}}, {events = 0, data = {ptr = 0x0, fd = 0, u32 = 0, u64 = 0}}, {events = 0, data = {ptr = 0x0, fd = 0, u32 = 0, u64 = 0}}, {events = 0, data = {ptr = 0x93ab78, fd = 9677688, u32 = 9677688, u64 = 9677688}}, {events = 5809952, data = {ptr = 0x92ab6000000000, fd = 0, u32 = 0, u64 = 41283775404965888}}, {events = 0, data = {ptr = 0x93abf8, fd = 9677816, u32 = 9677816, u64 = 9677816}}, {events = 9612112, data = {ptr = 0x46e96000000000, fd = 0, u32 = 0, u64 = 19959846895878144}}, {events = 0, data = {ptr = 0x7fffffffdd20, fd = -8928, u32 = 4294958368, u64 = 140737488346400}}, {events = 0, data = {ptr = 0x56e94e00000000, fd = 0, u32 = 0, u64 = 24463369213837312}}, {events = 0, data = {ptr = 0x900090, fd = 9437328, u32 = 9437328, u64 = 9437328}}, {events = 0, data = {ptr = 0x92ab7600000000, fd = 0, u32 = 0, u64 = 41283869894246400}}, {events = 0, data = {ptr = 0x2, fd = 2, u32 = 2, u64 = 2}}, {events = 5698048, data = {ptr = 0x0, fd = 0, u32 = 0, u64 = 0}}, {events = 0, data = {ptr = 0x0, fd = 0, u32 = 0, u64 = 0}}, {events = 0, data = {ptr = 0x0, fd = 0, u32 = 0, u64 = 0}}, {events = 0, data = {ptr = 0x7fffffffde30, fd = -8656, u32 = 4294958640, u64 = 140737488346672}}, {events = 9437328, data = {ptr = 0xc00000000, fd = 0, u32 = 0, u64 = 51539607552}}, {events = 0, data = {ptr = 0x0, fd = 0, u32 = 0, u64 = 0}}, {events = 9437376, data = {ptr = 0xffffde3000000000, fd = 0, u32 = 0, u64 = 18446706896472637440}}, {events = 32767, data = {ptr = 0x585e35 <boost::asio::detail::reactive_socket_recv_op<boost::asio::mutable_buffers_1, boost::asio::detail::read_op<boost::asio::basic_stream_socket<boost::asio::ip::tcp, boost::asio::stream_socket_service<boost::asio::ip::tcp> >, boost::asio::mutable_buffers_1, boost::asio::detail::transfer_all_t, std::_Bind<std::_Mem_fn<void (Connection::*)(boost::system::error_code const&)> (std::shared_ptr<Connection>, std::_Placeholder<1>)> > >::do_complete(boost::asio::detail::task_io_service*, boost::asio::detail::task_io_service_operation*, boost::system::error_code const&, unsigned long)+373>, fd = 5791285, u32 = 5791285, u64 = 5791285}}, {events = 4294958640, data = {ptr = 0x58574500007fff, fd = 32767, u32 = 32767, u64 = 24865751814930431}}, {events = 0, data = {ptr = 0x11, fd = 17, u32 = 17, u64 = 17}}, {events = 4155593817, data = {ptr = 0xffffde3000007fff, fd = 32767, u32 = 32767, u64 = 18446706896472670207}}, {events = 32767, data = {ptr = 0x0, fd = 0, u32 = 0, u64 = 0}}, {events = 0, data = {ptr = 0x0, fd = 0, u32 = 0, u64 = 0}}, {events = 15, data = {ptr = 0x93ac58, fd = 9677912, u32 = 9677912, u64 = 9677912}}, {events = 9612150, data = {ptr = 0x200000000, fd = 0, u32 = 0, u64 = 8589934592}}, {events = 0, data = {ptr = 0x0, fd = 0, u32 = 0, u64 = 0}}, {events = 2, data = {ptr = 0x56f20000000000, fd = 0, u32 = 0, u64 = 24472929811038208}}, {events = 0, data = {ptr = 0x0, fd = 0, u32 = 0, u64 = 0}}, {events = 9612128, data = {ptr = 0x92ab5000000000, fd = 0, u32 = 0, u64 = 41283706685489152}}, {events = 0, data = {ptr = 0x0, fd = 0, u32 = 0, u64 = 0}}, {events = 4145959136, data = {ptr = 0x58a73100007fff, fd = 32767, u32 = 32767, u64 = 24953626845806591}}, {events = 0, data = {ptr = 0x7fff90b6bd70, fd = -1867072144, u32 = 2427895152, u64 = 140735621283184}}, {events = 0, data = {ptr = 0x93ac5800000000, fd = 0, u32 = 0, u64 = 41566315533565952}}, {events = 0, data = {ptr = 0x7fffffffde80, fd = -8576, u32 = 4294958720, u64 = 140737488346752}}, {events = 9437328, data = {ptr = 0x58646e00000000, fd = 0, u32 = 0, u64 = 24880221559717888}}, {events = 0, data = {ptr = 0x92ab60, fd = 9612128, u32 = 9612128, u64 = 9612128}}, {events = 9612112, data = {ptr = 0xffffde8000000000, fd = 0, u32 = 0, u64 = 18446707240070021120}}, {events = 32767, data = {ptr = 0x0, fd = 0, u32 = 0, u64 = 0}}, {events = 0, data = {ptr = 0x0, fd = 0, u32 = 0, u64 = 0}}, {events = 0, data = {ptr = 0x58a720 <Connection::handleTimeout(std::weak_ptr<Connection>, boost::system::error_code const&)>, fd = 5809952, u32 = 5809952, u64 = 5809952}}, {events = 9612128, data = {ptr = 0x92ab5000000000, fd = 0, u32 = 0, u64 = 41283706685489152}}, {events = 0, data = {ptr = 0x7d, fd = 125, u32 = 125, u64 = 125}}}
2020-10-21 14:00:59 -          num_events = <optimized out>
2020-10-21 14:00:59 -          check_timers = <optimized out>
2020-10-21 14:00:59 -  #2  0x000000000055dcd3 in do_run_one (ec=..., this_thread=..., lock=<synthetic pointer>, this=0x900090) at /usr/include/boost/asio/detail/impl/task_io_service.ipp:356
2020-10-21 14:00:59 -          more_handlers = <optimized out>
2020-10-21 14:00:59 -  #3  run (ec=..., this=0x900090) at /usr/include/boost/asio/detail/impl/task_io_service.ipp:149
2020-10-21 14:00:59 -          this_thread = {private_op_queue = {front_ = 0x0, back_ = 0x0}, private_outstanding_work = 0}
2020-10-21 14:00:59 -          ctx = {key_ = 0x900090, value_ = 0x7fffffffdf40, next_ = 0x0}
2020-10-21 14:00:59 -          lock = {mutex_ = @0x9000c0, locked_ = <optimized out>}
2020-10-21 14:00:59 -          n = 3147
2020-10-21 14:00:59 -  #4  _ZN5boost4asio10io_service3runEv.isra.226 () at /usr/include/boost/asio/impl/io_service.ipp:59
2020-10-21 14:00:59 -          ec = {m_val = 0, m_cat = 0x7ffff71e50e0}
2020-10-21 14:00:59 -  #5  ServiceManager::run() (this=this@entry=0x7fffffffdff0) at /home/otg/src/server.cpp:47
2020-10-21 14:00:59 -  No locals.
2020-10-21 14:00:59 -  #6  0x0000000000474c46 in main (argc=1, argv=0x7fffffffe1b8) at /home/otg/src/otserv.cpp:96
2020-10-21 14:00:59 -          serviceManager = {acceptors = {_M_h = {_M_buckets = 0x7fff927fdb80, _M_bucket_count = 5, _M_before_begin = {_M_nxt = 0x7fff90b6be40}, _M_element_count = 2, _M_rehash_policy = {_M_max_load_factor = 1, _M_next_resize = 5}, _M_single_bucket = 0x0}}, io_service = {service_registry_ = 0x900040, impl_ = @0x900090}, signals = {set = {<No data fields>}}, death_timer = {<No data fields>}, running = true}
2020-10-21 14:00:59 -  funcao onLogin
2020-10-21 14:00:59 -  eu sou o checkWarmode... 14:0!
2020-10-21 14:00:59 -  Buscando valores guilds where id = 3
2020-10-21 14:00:59 -  > Broadcasted message: "[Warmode] Atencao Honerianos! A Guild TesteWarmode desafiou a Guild Vai tomando para uma batalha que vai iniciar agora!".
2020-10-21 14:00:59 -  Saving server...
2020-10-21 14:01:00 -  > Saved house items in: 0.324 s
2020-10-21 14:01:00 -  A debugging session is active.
2020-10-21 14:01:00 -  
2020-10-21 14:01:00 -  	Inferior 1 [process 1434] will be killed.
2020-10-21 14:01:00 -  
2020-10-21 14:01:00 -  Quit anyway? (y or n) [answered Y; input not from terminal]
