2020-10-23 17:59:18 -  [Thread debugging using libthread_db enabled]
2020-10-23 17:59:18 -  Using host libthread_db library "/lib/x86_64-linux-gnu/libthread_db.so.1".
2020-10-23 17:59:18 -  [New Thread 0x7ffff3dbb700 (LWP 12067)]
2020-10-23 17:59:18 -  [New Thread 0x7ffff35ba700 (LWP 12068)]
2020-10-23 17:59:18 -  The OTG-Premium-Version - Version: (1.3)
2020-10-23 17:59:18 -  Compiled with: GNU C++ version 5.4.0 20160609
2020-10-23 17:59:18 -  Compiled on Sep 17 2020 19:49:36 for platform x64
2020-10-23 17:59:18 -  
2020-10-23 17:59:18 -  Special Credits for: OTG Team, Johncore, Vankk, Erick Nunes, Leonardo Pereira, Leandro Baldissera, Talis, Marcomoa, Marson Schneider, Douglas, Mark Samman, OTXServer (Mattyx Gomez) and The Forgotten Server Developers.
2020-10-23 17:59:18 -  Link of repository: https://github.com/Johncorex/OTG-Premium-Version
2020-10-23 17:59:18 -  
2020-10-23 17:59:18 -  >> Loading config: config.lua
2020-10-23 17:59:18 -  >> Establishing database connection... MySQL 5.7.31
2020-10-23 17:59:18 -  >> Running database manager
2020-10-23 17:59:18 -  [New Thread 0x7ffff2ba7700 (LWP 12069)]
2020-10-23 17:59:18 -  > Optimizing table players_online... [success]
2020-10-23 17:59:18 -  > Optimizing table tile_store... [success]
2020-10-23 17:59:18 -  >> Loading vocations
2020-10-23 17:59:18 -  >> Loading items
2020-10-23 17:59:18 -  >> Loading script systems
2020-10-23 17:59:18 -  >> Loading lua libs
2020-10-23 17:59:19 -  [Warning - Event::checkScript] Can not load script: scripts/expboostaction.lua
2020-10-23 17:59:19 -  cannot open data/actions/scripts/expboostaction.lua: No such file or directory
2020-10-23 17:59:20 -  >> Loading lua scripts
2020-10-23 17:59:20 -  >> Loading monsters
2020-10-23 17:59:20 -  >> Loading lua monsters
2020-10-23 17:59:20 -  >> Loading outfits
2020-10-23 17:59:20 -  >> Loading prey data
2020-10-23 17:59:20 -  >> Checking world type... PVP
2020-10-23 17:59:20 -  >> Loading map
2020-10-23 17:59:22 -  > Map size: 34143x33812.
2020-10-23 17:59:28 -  > Map loading time: 7.245 seconds.
2020-10-23 17:59:28 -  > Loaded house items in: 0.012 s
2020-10-23 17:59:28 -  >> Initializing gamestate
2020-10-23 17:59:31 -  >> Loaded 43 npcs and spawned 72708 monsters.
2020-10-23 17:59:31 -  >> Loaded 27 towns with 1074 houses in total.
2020-10-23 17:59:31 -  [Castle War]
2020-10-23 17:59:31 -  [POWERGAMERS]
2020-10-23 17:59:31 -  [SISTEMA DE LOTERIA] OPERANTE
2020-10-23 17:59:31 -  Advanced NPC spawn system | All NPCs will be loaded trough lib.
2020-10-23 17:59:31 -  [REGEN BOOST] CARREGADO
2020-10-23 17:59:31 -  [SPOOF COUNTER]
2020-10-23 17:59:31 -  [STAMINA]
2020-10-23 17:59:31 -  warvariables
2020-10-23 17:59:31 -  Agenda:	2
2020-10-23 17:59:31 -  eu sou o checkWarmode... 17:59!
2020-10-23 17:59:31 -  Buscando valores guilds where id = 3
2020-10-23 17:59:31 -  > Broadcasted message: "[Warmode] Atencao Honerianos! A Guild TesteWarmode desafiou a Guild Vai tomando para uma batalha que vai iniciar agora!".
2020-10-23 17:59:31 -  17	59	1
2020-10-23 17:59:31 -  >> Loaded all modules, server starting up...
2020-10-23 17:59:31 -  > Warning: OTG-Premium-Version has been executed as root user, please consider running it as a normal user.
2020-10-23 17:59:31 -  >> Honera Global Server Online!
2020-10-23 17:59:31 -  
2020-10-23 17:59:31 -  Dev Marson has logged in.
2020-10-23 17:59:31 -  funcao onLogin
2020-10-23 17:59:31 -  Robalo has logged in.
2020-10-23 17:59:31 -  funcao onLogin
2020-10-23 17:59:31 -  Robalo has logged out.
2020-10-23 17:59:41 -  SABADOU!! NPC HONERA CRIADO
2020-10-23 17:59:41 -  Robalo has logged in.
2020-10-23 17:59:41 -  funcao onLogin
2020-10-23 17:59:41 -  Demonzin has logged in.
2020-10-23 17:59:44 -  
2020-10-23 17:59:44 -  Thread 1 "tfs" received signal SIGINT, Interrupt.
2020-10-23 17:59:44 -  0x00007ffff7b14ad3 in epoll_wait () at ../sysdeps/unix/syscall-template.S:84
2020-10-23 17:59:44 -  84	../sysdeps/unix/syscall-template.S: No such file or directory.
2020-10-23 17:59:44 -  
2020-10-23 17:59:44 -  Thread 4 (Thread 0x7ffff2ba7700 (LWP 12069)):
2020-10-23 17:59:44 -  #0  pthread_cond_wait@@GLIBC_2.3.2 () at ../sysdeps/unix/sysv/linux/x86_64/pthread_cond_wait.S:185
2020-10-23 17:59:44 -  No locals.
2020-10-23 17:59:44 -  #1  0x00007ffff5e7491c in std::condition_variable::wait(std::unique_lock<std::mutex>&) () from /usr/lib/x86_64-linux-gnu/libstdc++.so.6
2020-10-23 17:59:44 -  No symbol table info available.
2020-10-23 17:59:44 -  #2  0x00000000006228bf in DatabaseTasks::threadMain() (this=0x8e39a0 <g_databaseTasks>) at /home/otg/src/databasetasks.cpp:42
2020-10-23 17:59:44 -          taskLockUnique = {_M_device = 0x8e3a08 <g_databaseTasks+104>, _M_owns = true}
2020-10-23 17:59:44 -  #3  0x00007ffff5e79c80 in ?? () from /usr/lib/x86_64-linux-gnu/libstdc++.so.6
2020-10-23 17:59:44 -  No symbol table info available.
2020-10-23 17:59:44 -  #4  0x00007ffff614a6ba in start_thread (arg=0x7ffff2ba7700) at pthread_create.c:333
2020-10-23 17:59:44 -          __res = <optimized out>
2020-10-23 17:59:44 -          pd = 0x7ffff2ba7700
2020-10-23 17:59:44 -          now = <optimized out>
2020-10-23 17:59:44 -          unwind_buf = {cancel_jmp_buf = {{jmp_buf = {140737265694464, -2815588455326602043, 0, 140737284647471, 140737265695168, 9334528, 2815559297320168645, 2815569035916946629}, mask_was_saved = 0}}, priv = {pad = {0x0, 0x0, 0x0, 0x0}, data = {prev = 0x0, cleanup = 0x0, canceltype = 0}}}
2020-10-23 17:59:44 -          not_first_call = <optimized out>
2020-10-23 17:59:44 -          pagesize_m1 = <optimized out>
2020-10-23 17:59:44 -          sp = <optimized out>
2020-10-23 17:59:44 -          freesize = <optimized out>
2020-10-23 17:59:44 -          __PRETTY_FUNCTION__ = "start_thread"
2020-10-23 17:59:44 -  #5  0x00007ffff7b144dd in clone () at ../sysdeps/unix/sysv/linux/x86_64/clone.S:109
2020-10-23 17:59:44 -  No locals.
2020-10-23 17:59:44 -  
2020-10-23 17:59:44 -  Thread 3 (Thread 0x7ffff35ba700 (LWP 12068)):
2020-10-23 17:59:44 -  #0  pthread_cond_timedwait@@GLIBC_2.3.2 () at ../sysdeps/unix/sysv/linux/x86_64/pthread_cond_timedwait.S:225
2020-10-23 17:59:44 -  No locals.
2020-10-23 17:59:44 -  #1  0x0000000000506210 in __gthread_cond_timedwait () at /usr/include/x86_64-linux-gnu/c++/5/bits/gthr-default.h:871
2020-10-23 17:59:44 -  No locals.
2020-10-23 17:59:44 -  #2  std::condition_variable::__wait_until_impl (__atime=..., __lock=..., this=0x8e6fa0 <g_scheduler+64>) at /usr/include/c++/5/condition_variable:165
2020-10-23 17:59:44 -          __ts = {tv_sec = 1603490384, tv_nsec = 229529699}
2020-10-23 17:59:44 -  #3  std::condition_variable::wait_until<std::chrono::duration<long, std::ratio<1l, 1000000000l> > > () at /usr/include/c++/5/condition_variable:105
2020-10-23 17:59:44 -          __lock = @0x7ffff35b9e90: {_M_device = 0x8e6f78 <g_scheduler+24>, _M_owns = true}
2020-10-23 17:59:44 -          this = 0x8e6fa0 <g_scheduler+64>
2020-10-23 17:59:44 -  #4  Scheduler::threadMain (this=0x8e6f60 <g_scheduler>) at /home/otg/src/scheduler.cpp:36
2020-10-23 17:59:44 -          ret = std::cv_status::no_timeout
2020-10-23 17:59:44 -          eventLockUnique = {_M_device = 0x8e6f78 <g_scheduler+24>, _M_owns = true}
2020-10-23 17:59:44 -  #5  0x00007ffff5e79c80 in ?? () from /usr/lib/x86_64-linux-gnu/libstdc++.so.6
2020-10-23 17:59:44 -  No symbol table info available.
2020-10-23 17:59:44 -  #6  0x00007ffff614a6ba in start_thread (arg=0x7ffff35ba700) at pthread_create.c:333
2020-10-23 17:59:44 -          __res = <optimized out>
2020-10-23 17:59:44 -          pd = 0x7ffff35ba700
2020-10-23 17:59:44 -          now = <optimized out>
2020-10-23 17:59:44 -          unwind_buf = {cancel_jmp_buf = {{jmp_buf = {140737276258048, -2815588455326602043, 0, 140737488346847, 140737276258752, 9437376, 2815562858384927941, 2815569035916946629}, mask_was_saved = 0}}, priv = {pad = {0x0, 0x0, 0x0, 0x0}, data = {prev = 0x0, cleanup = 0x0, canceltype = 0}}}
2020-10-23 17:59:44 -          not_first_call = <optimized out>
2020-10-23 17:59:44 -          pagesize_m1 = <optimized out>
2020-10-23 17:59:44 -          sp = <optimized out>
2020-10-23 17:59:44 -          freesize = <optimized out>
2020-10-23 17:59:44 -          __PRETTY_FUNCTION__ = "start_thread"
2020-10-23 17:59:44 -  #7  0x00007ffff7b144dd in clone () at ../sysdeps/unix/sysv/linux/x86_64/clone.S:109
2020-10-23 17:59:44 -  No locals.
2020-10-23 17:59:44 -  
2020-10-23 17:59:44 -  Thread 2 (Thread 0x7ffff3dbb700 (LWP 12067)):
2020-10-23 17:59:44 -  #0  pthread_cond_wait@@GLIBC_2.3.2 () at ../sysdeps/unix/sysv/linux/x86_64/pthread_cond_wait.S:185
2020-10-23 17:59:44 -  No locals.
2020-10-23 17:59:44 -  #1  0x00007ffff5e7491c in std::condition_variable::wait(std::unique_lock<std::mutex>&) () from /usr/lib/x86_64-linux-gnu/libstdc++.so.6
2020-10-23 17:59:44 -  No symbol table info available.
2020-10-23 17:59:44 -  #2  0x000000000055af7b in Dispatcher::threadMain() (this=0x8e6ec0 <g_dispatcher>) at /home/otg/src/tasks.cpp:50
2020-10-23 17:59:44 -          taskLockUnique = {_M_device = 0x8e6ed8 <g_dispatcher+24>, _M_owns = true}
2020-10-23 17:59:44 -  #3  0x00007ffff5e79c80 in ?? () from /usr/lib/x86_64-linux-gnu/libstdc++.so.6
2020-10-23 17:59:44 -  No symbol table info available.
2020-10-23 17:59:44 -  #4  0x00007ffff614a6ba in start_thread (arg=0x7ffff3dbb700) at pthread_create.c:333
2020-10-23 17:59:44 -          __res = <optimized out>
2020-10-23 17:59:44 -          pd = 0x7ffff3dbb700
2020-10-23 17:59:44 -          now = <optimized out>
2020-10-23 17:59:44 -          unwind_buf = {cancel_jmp_buf = {{jmp_buf = {140737284650752, -2815588455326602043, 0, 140737488346847, 140737284651456, 9437376, 2815561760483912901, 2815569035916946629}, mask_was_saved = 0}}, priv = {pad = {0x0, 0x0, 0x0, 0x0}, data = {prev = 0x0, cleanup = 0x0, canceltype = 0}}}
2020-10-23 17:59:44 -          not_first_call = <optimized out>
2020-10-23 17:59:44 -          pagesize_m1 = <optimized out>
2020-10-23 17:59:44 -          sp = <optimized out>
2020-10-23 17:59:44 -          freesize = <optimized out>
2020-10-23 17:59:44 -          __PRETTY_FUNCTION__ = "start_thread"
2020-10-23 17:59:44 -  #5  0x00007ffff7b144dd in clone () at ../sysdeps/unix/sysv/linux/x86_64/clone.S:109
2020-10-23 17:59:44 -  No locals.
2020-10-23 17:59:44 -  
2020-10-23 17:59:44 -  Thread 1 (Thread 0x7ffff7fe6740 (LWP 12063)):
2020-10-23 17:59:44 -  #0  0x00007ffff7b14ad3 in epoll_wait () at ../sysdeps/unix/syscall-template.S:84
2020-10-23 17:59:44 -  No locals.
2020-10-23 17:59:44 -  #1  0x00000000005b70e7 in boost::asio::detail::epoll_reactor::run(bool, boost::asio::detail::op_queue<boost::asio::detail::task_io_service_operation>&) [clone .constprop.204] (this=0x901570, block=<optimized out>, ops=...) at /usr/include/boost/asio/detail/impl/epoll_reactor.ipp:392
2020-10-23 17:59:44 -          timeout = <optimized out>
2020-10-23 17:59:45 -          events = {{events = 1, data = {ptr = 0x9015c8, fd = 9442760, u32 = 9442760, u64 = 9442760}}, {events = 2147457674, data = {ptr = 0x7ffeff69414e0000, fd = 1095630848, u32 = 1095630848, u64 = 9223089914433634304}}, {events = 1096155136, data = {ptr = 0x2e5000007ffeff69, fd = 2147417961, u32 = 2147417961, u64 = 3337167326028955497}}, {events = 2147457675, data = {ptr = 0x0, fd = 0, u32 = 0, u64 = 0}}, {events = 3003187200, data = {ptr = 0x415d00007fff9a8a, fd = 2147457674, u32 = 2147457674, u64 = 4709920787446864522}}, {events = 2147417961, data = {ptr = 0x0, fd = 0, u32 = 0, u64 = 0}}, {events = 767557632, data = {ptr = 0x7fff9a8b, fd = 2147457675, u32 = 2147457675, u64 = 2147457675}}, {events = 0, data = {ptr = 0x7fff9a8b2ea00000, fd = 782237696, u32 = 782237696, u64 = 9223260484451434496}}, {events = 0, data = {ptr = 0x2ee0000000000000, fd = 0, u32 = 0, u64 = 3377699720527872000}}, {events = 2147457675, data = {ptr = 0x7fff9a8ab3000000, fd = -1291845632, u32 = 3003121664, u64 = 9223260482377351168}}, {events = 1097138176, data = {ptr = 0x416b00007ffeff69, fd = 2147417961, u32 = 2147417961, u64 = 4713861437120773993}}, {events = 2147417961, data = {ptr = 0x7fff9a8b2f800000, fd = 796917760, u32 = 796917760, u64 = 9223260484466114560}}, {events = 789053440, data = {ptr = 0xb30000007fff9a8b, fd = 2147457675, u32 = 2147457675, u64 = 12898309334936558219}}, {events = 2147457674, data = {ptr = 0x7ffeff69417b0000, fd = 1098579968, u32 = 1098579968, u64 = 9223089914436583424}}, {events = 1098776576, data = {ptr = 0x2ee000007ffeff69, fd = 2147417961, u32 = 2147417961, u64 = 3377699722675289961}}, {events = 2147457675, data = {ptr = 0x7fff9a8b2f300000, fd = 791674880, u32 = 791674880, u64 = 9223260484460871680}}, {events = 3003121664, data = {ptr = 0x418100007fff9a8a, fd = 2147457674, u32 = 2147457674, u64 = 4720053886608448138}}, {events = 2147417961, data = {ptr = 0x7ffeff6941840000, fd = 1099169792, u32 = 1099169792, u64 = 9223089914437173248}}, {events = 789053440, data = {ptr = 0x2f5800007fff9a8b, fd = 2147457675, u32 = 2147457675, u64 = 3411476719880608395}}, {events = 2147457675, data = {ptr = 0x7fff9a8ab3000000, fd = -1291845632, u32 = 3003121664, u64 = 9223260482377351168}}, {events = 1099431936, data = {ptr = 0x418b00007ffeff69, fd = 2147417961, u32 = 2147417961, u64 = 4722868636375514985}}, {events = 2147417961, data = {ptr = 0x7fff9a8b2f300000, fd = 791674880, u32 = 791674880, u64 = 9223260484460871680}}, {events = 796917760, data = {ptr = 0xb30000007fff9a8b, fd = 2147457675, u32 = 2147457675, u64 = 12898309334936558219}}, {events = 2147457674, data = {ptr = 0x7ffeff69418f0000, fd = 1099890688, u32 = 1099890688, u64 = 9223089914437894144}}, {events = 1100611584, data = {ptr = 0x2f5800007ffeff69, fd = 2147417961, u32 = 2147417961, u64 = 3411476719880568681}}, {events = 2147457675, data = {ptr = 0x0, fd = 0, u32 = 0, u64 = 0}}, {events = 3003187200, data = {ptr = 0x41ad00007fff9a8a, fd = 2147457674, u32 = 2147457674, u64 = 4732438785583717002}}, {events = 2147417961, data = {ptr = 0x0, fd = 0, u32 = 0, u64 = 0}}, {events = 1218969600, data = {ptr = 0x308800007fffeddc, fd = 2147479004, u32 = 2147479004, u64 = 3497045112800669148}}, {events = 2147457675, data = {ptr = 0x7fff9a8b2dc00000, fd = 767557632, u32 = 767557632, u64 = 9223260484436754432}}, {events = 831520768, data = {ptr = 0x2fe800007fff9a8b, fd = 2147457675, u32 = 2147457675, u64 = 3452009116526942859}}, {events = 2147457675, data = {ptr = 0x7fff9a8ab3000000, fd = -1291845632, u32 = 3003121664, u64 = 9223260482377351168}}, {events = 1102249984, data = {ptr = 0x41bc00007ffeff69, fd = 2147417961, u32 = 2147417961, u64 = 4736660910234337129}}, {events = 2147417961, data = {ptr = 0x7fff9a8b30600000, fd = 811597824, u32 = 811597824, u64 = 9223260484480794624}}, {events = 806354944, data = {ptr = 0xb30000007fff9a8b, fd = 2147457675, u32 = 2147457675, u64 = 12898309334936558219}}, {events = 2147457674, data = {ptr = 0x7ffeff6941c30000, fd = 1103298560, u32 = 1103298560, u64 = 9223089914441302016}}, {events = 1103888384, data = {ptr = 0x2fe800007ffeff69, fd = 2147417961, u32 = 2147417961, u64 = 3452009116526903145}}, {events = 2147457675, data = {ptr = 0x7fff9a8b30380000, fd = 808976384, u32 = 808976384, u64 = 9223260484478173184}}, {events = 3003121664, data = {ptr = 0x41d300007fff9a8a, fd = 2147457674, u32 = 2147457674, u64 = 4743134834698721930}}, {events = 2147417961, data = {ptr = 0x7ffeff6941dc0000, fd = 1104936960, u32 = 1104936960, u64 = 9223089914442940416}}, {events = 806354944, data = {ptr = 0x306000007fff9a8b, fd = 2147457675, u32 = 2147457675, u64 = 3485786113732221579}}, {events = 2147457675, data = {ptr = 0x7fff9a8ab3000000, fd = -1291845632, u32 = 3003121664, u64 = 9223260482377351168}}, {events = 1105199104, data = {ptr = 0x41e800007ffeff69, fd = 2147417961, u32 = 2147417961, u64 = 4749045809209605993}}, {events = 2147417961, data = {ptr = 0x7fff9a8b30380000, fd = 808976384, u32 = 808976384, u64 = 9223260484478173184}}, {events = 0, data = {ptr = 0xb301000000000000, fd = 0, u32 = 0, u64 = 12898590807765811200}}, {events = 2147457674, data = {ptr = 0x7ffeff6941ef0000, fd = 1106182144, u32 = 1106182144, u64 = 9223089914444185600}}, {events = 0, data = {ptr = 0x2fa8000000000000, fd = 0, u32 = 0, u64 = 3433994715870003200}}, {events = 2147457675, data = {ptr = 0x0, fd = 0, u32 = 0, u64 = 0}}, {events = 814219264, data = {ptr = 0x7fff9a8b, fd = 2147457675, u32 = 2147457675, u64 = 2147457675}}, {events = 0, data = {ptr = 0x7fff9a8b30c80000, fd = 818413568, u32 = 818413568, u64 = 9223260484487610368}}, {events = 3003121664, data = {ptr = 0x41f700007fff9a8a, fd = 2147457674, u32 = 2147457674, u64 = 4753267933860305546}}, {events = 2147417961, data = {ptr = 0x7ffeff6941fd0000, fd = 1107099648, u32 = 1107099648, u64 = 9223089914445103104}}, {events = 11, data = {ptr = 0xa17fff9a8b, fd = 2147457675, u32 = 2147457675, u64 = 693637192331}}, {events = 0, data = {ptr = 0x912290, fd = 9511568, u32 = 9511568, u64 = 9511568}}, {events = 1108148224, data = {ptr = 0x421000007ffeff69, fd = 2147417961, u32 = 2147417961, u64 = 4760304808278032233}}, {events = 2147417961, data = {ptr = 0x7fff9a8b30c80000, fd = 818413568, u32 = 818413568, u64 = 9223260484487610368}}, {events = 9329, data = {ptr = 0xffffdb8fffff8000, fd = -32768, u32 = 4294934528, u64 = 18446704010254581760}}, {events = 32767, data = {ptr = 0x2, fd = 2, u32 = 2, u64 = 2}}, {events = 4155593817, data = {ptr = 0x7fff, fd = 32767, u32 = 32767, u64 = 32767}}, {events = 0, data = {ptr = 0x5828f4 <boost::asio::detail::reactive_socket_recv_op_base<boost::asio::mutable_buffers_1>::do_perform(boost::asio::detail::reactor_op*)+228>, fd = 5777652, u32 = 5777652, u64 = 5777652}}, {events = 91, data = {ptr = 0x100006e, fd = 16777326, u32 = 16777326, u64 = 16777326}}, {events = 13, data = {ptr = 0x7fff9a8a3276, fd = -1702219146, u32 = 2592748150, u64 = 140735786136182}}, {events = 2, data = {ptr = 0x200000000, fd = 0, u32 = 0, u64 = 8589934592}}, {events = 0, data = {ptr = 0x5f93524f, fd = 1603490383, u32 = 1603490383, u64 = 1603490383}}, {events = 0, data = {ptr = 0x0, fd = 0, u32 = 0, u64 = 0}}, {events = 0, data = {ptr = 0x7fffec000038, fd = -335544264, u32 = 3959423032, u64 = 140737152811064}}, {events = 4294958080, data = {ptr = 0xec00007000007fff, fd = 32767, u32 = 32767, u64 = 17005592673987362815}}, {events = 32767, data = {ptr = 0xffff800000002401, fd = 9217, u32 = 9217, u64 = 18446603336221205505}}, {events = 4294958079, data = {ptr = 0x9a8a325000007fff, fd = 32767, u32 = 32767, u64 = 11135768347805777919}}, {events = 32767, data = {ptr = 0x7fffef721e30, fd = -277733840, u32 = 4017233456, u64 = 140737210621488}}, {events = 9511360, data = {ptr = 0x9a8b335800000000, fd = 0, u32 = 0, u64 = 11136050956653821952}}, {events = 32767, data = {ptr = 0x901c08, fd = 9444360, u32 = 9444360, u64 = 9444360}}, {events = 13, data = {ptr = 0x5200000000, fd = 0, u32 = 0, u64 = 352187318272}}, {events = 0, data = {ptr = 0x901570, fd = 9442672, u32 = 9442672, u64 = 9442672}}, {events = 6449413, data = {ptr = 0x31f8000000000000, fd = 0, u32 = 0, u64 = 3600627902082711552}}, {events = 2147457675, data = {ptr = 0x7fffd47a1ba0, fd = -730195040, u32 = 3564772256, u64 = 140736758160288}}, {events = 3959423008, data = {ptr = 0x1004000007fff, fd = 32767, u32 = 32767, u64 = 281749854650367}}, {events = 0, data = {ptr = 0x7fffd47b1bc0, fd = -730129472, u32 = 3564837824, u64 = 140736758225856}}, {events = 4294958712, data = {ptr = 0x2000007fff, fd = 32767, u32 = 32767, u64 = 137438986239}}, {events = 0, data = {ptr = 0x7ffff7a8d688 <_int_free+2344>, fd = -139929976, u32 = 4155037320, u64 = 140737348425352}}, {events = 9511360, data = {ptr = 0x2000000000000, fd = 0, u32 = 0, u64 = 562949953421312}}, {events = 0, data = {ptr = 0x7fff9a8b3358, fd = -1702153384, u32 = 2592813912, u64 = 140735786201944}}, {events = 2592748150, data = {ptr = 0x200007fff, fd = 32767, u32 = 32767, u64 = 8589967359}}, {events = 0, data = {ptr = 0x7fff00000001, fd = 1, u32 = 1, u64 = 140733193388033}}, {events = 0, data = {ptr = 0x100000000, fd = 0, u32 = 0, u64 = 4294967296}}, {events = 0, data = {ptr = 0x0, fd = 0, u32 = 0, u64 = 0}}, {events = 0, data = {ptr = 0x0, fd = 0, u32 = 0, u64 = 0}}, {events = 0, data = {ptr = 0x7fff9a8b3278, fd = -1702153608, u32 = 2592813688, u64 = 140735786201720}}, {events = 5809952, data = {ptr = 0x9a8a326000000000, fd = 0, u32 = 0, u64 = 11135768416525221888}}, {events = 32767, data = {ptr = 0x7fffd47a1bb0, fd = -730195024, u32 = 3564772272, u64 = 140736758160304}}, {events = 2790980096, data = {ptr = 0x9a8b32f800007fff, fd = 32767, u32 = 32767, u64 = 11136050544336994303}}, {events = 32767, data = {ptr = 0x7fffffffde78, fd = -8584, u32 = 4294958712, u64 = 140737488346744}}, {events = 0, data = {ptr = 0xf7a9158c00000000, fd = 0, u32 = 0, u64 = 17845818689471905792}}, {events = 32767, data = {ptr = 0x900090, fd = 9437328, u32 = 9437328, u64 = 9437328}}, {events = 4294958640, data = {ptr = 0x90009000007fff, fd = 32767, u32 = 32767, u64 = 40533015121657855}}, {events = 0, data = {ptr = 0x7fff9a8a3260, fd = -1702219168, u32 = 2592748128, u64 = 140735786136160}}, {events = 14, data = {ptr = 0x9a8a326000000000, fd = 0, u32 = 0, u64 = 11135768416525221888}}, {events = 32767, data = {ptr = 0x7fffd47a1bb0, fd = -730195024, u32 = 3564772272, u64 = 140736758160304}}, {events = 2790980096, data = {ptr = 0x9a8b32f800007fff, fd = 32767, u32 = 32767, u64 = 11136050544336994303}}, {events = 32767, data = {ptr = 0x58a8b4 <Connection::onWriteOperation(boost::system::error_code const&)+260>, fd = 5810356, u32 = 5810356, u64 = 5810356}}, {events = 0, data = {ptr = 0xf71e50e000000000, fd = 0, u32 = 0, u64 = 17806758899672416256}}, {events = 32767, data = {ptr = 0xffffde30, fd = -8656, u32 = 4294958640, u64 = 4294958640}}, {events = 14, data = {ptr = 0x0, fd = 0, u32 = 0, u64 = 0}}, {events = 0, data = {ptr = 0x0, fd = 0, u32 = 0, u64 = 0}}, {events = 4294958640, data = {ptr = 0x58574500007fff, fd = 32767, u32 = 32767, u64 = 24865751814930431}}, {events = 0, data = {ptr = 0x10, fd = 16, u32 = 16, u64 = 16}}, {events = 4155593817, data = {ptr = 0xffffde3000007fff, fd = 32767, u32 = 32767, u64 = 18446706896472670207}}, {events = 32767, data = {ptr = 0x0, fd = 0, u32 = 0, u64 = 0}}, {events = 0, data = {ptr = 0x0, fd = 0, u32 = 0, u64 = 0}}, {events = 13, data = {ptr = 0x7fff9a8b3358, fd = -1702153384, u32 = 2592813912, u64 = 140735786201944}}, {events = 4294958720, data = {ptr = 0x90009000007fff, fd = 32767, u32 = 32767, u64 = 40533015121657855}}, {events = 0, data = {ptr = 0x0, fd = 0, u32 = 0, u64 = 0}}, {events = 0, data = {ptr = 0x9000c000000000, fd = 0, u32 = 0, u64 = 40533221280055296}}, {events = 0, data = {ptr = 0x0, fd = 0, u32 = 0, u64 = 0}}, {events = 4155053452, data = {ptr = 0x9a8a325000007fff, fd = 32767, u32 = 32767, u64 = 11135768347805777919}}, {events = 32767, data = {ptr = 0x0, fd = 0, u32 = 0, u64 = 0}}, {events = 4145959136, data = {ptr = 0x58a73100007fff, fd = 32767, u32 = 32767, u64 = 24953626845806591}}, {events = 0, data = {ptr = 0x7fffeed42f70, fd = -288084112, u32 = 4006883184, u64 = 140737200271216}}, {events = 4294958720, data = {ptr = 0x90009000007fff, fd = 32767, u32 = 32767, u64 = 40533015121657855}}, {events = 0, data = {ptr = 0x7fffffffde80, fd = -8576, u32 = 4294958720, u64 = 140737488346752}}, {events = 9437328, data = {ptr = 0x58646e00000000, fd = 0, u32 = 0, u64 = 24880221559717888}}, {events = 0, data = {ptr = 0x7fff9a8a3260, fd = -1702219168, u32 = 2592748128, u64 = 140735786136160}}, {events = 2592748112, data = {ptr = 0xffffde8000007fff, fd = 32767, u32 = 32767, u64 = 18446707240070053887}}, {events = 32767, data = {ptr = 0x0, fd = 0, u32 = 0, u64 = 0}}, {events = 0, data = {ptr = 0x0, fd = 0, u32 = 0, u64 = 0}}, {events = 0, data = {ptr = 0x58a720 <Connection::handleTimeout(std::weak_ptr<Connection>, boost::system::error_code const&)>, fd = 5809952, u32 = 5809952, u64 = 5809952}}, {events = 2592748128, data = {ptr = 0x9a8a325000007fff, fd = 32767, u32 = 32767, u64 = 11135768347805777919}}, {events = 32767, data = {ptr = 0x7fff0000007d, fd = 125, u32 = 125, u64 = 140733193388157}}}
2020-10-23 17:59:45 -          num_events = <optimized out>
2020-10-23 17:59:45 -          check_timers = <optimized out>
2020-10-23 17:59:45 -  #2  0x000000000055dcd3 in do_run_one (ec=..., this_thread=..., lock=<synthetic pointer>, this=0x900090) at /usr/include/boost/asio/detail/impl/task_io_service.ipp:356
2020-10-23 17:59:45 -          more_handlers = <optimized out>
2020-10-23 17:59:45 -  #3  run (ec=..., this=0x900090) at /usr/include/boost/asio/detail/impl/task_io_service.ipp:149
2020-10-23 17:59:45 -          this_thread = {private_op_queue = {front_ = 0x0, back_ = 0x0}, private_outstanding_work = 0}
2020-10-23 17:59:45 -          ctx = {key_ = 0x900090, value_ = 0x7fffffffdf40, next_ = 0x0}
2020-10-23 17:59:45 -          lock = {mutex_ = @0x9000c0, locked_ = <optimized out>}
2020-10-23 17:59:45 -          n = 144
2020-10-23 17:59:45 -  #4  _ZN5boost4asio10io_service3runEv.isra.226 () at /usr/include/boost/asio/impl/io_service.ipp:59
2020-10-23 17:59:45 -          ec = {m_val = 0, m_cat = 0x7ffff71e50e0}
2020-10-23 17:59:45 -  #5  ServiceManager::run() (this=this@entry=0x7fffffffdff0) at /home/otg/src/server.cpp:47
2020-10-23 17:59:45 -  No locals.
2020-10-23 17:59:45 -  #6  0x0000000000474c46 in main (argc=1, argv=0x7fffffffe1b8) at /home/otg/src/otserv.cpp:96
2020-10-23 17:59:45 -          serviceManager = {acceptors = {_M_h = {_M_buckets = 0x7fffefcb0a70, _M_bucket_count = 5, _M_before_begin = {_M_nxt = 0x7fffefcb0a40}, _M_element_count = 2, _M_rehash_policy = {_M_max_load_factor = 1, _M_next_resize = 5}, _M_single_bucket = 0x0}}, io_service = {service_registry_ = 0x900040, impl_ = @0x900090}, signals = {set = {<No data fields>}}, death_timer = {<No data fields>}, running = true}
2020-10-23 17:59:45 -  funcao onLogin
2020-10-23 17:59:45 -  Saving server...
2020-10-23 17:59:45 -  > Saved house items in: 0.388 s
2020-10-23 17:59:45 -  A debugging session is active.
2020-10-23 17:59:45 -  
2020-10-23 17:59:45 -  	Inferior 1 [process 12063] will be killed.
2020-10-23 17:59:45 -  
2020-10-23 17:59:45 -  Quit anyway? (y or n) [answered Y; input not from terminal]
