2020-10-23 18:41:51 -  [Thread debugging using libthread_db enabled]
2020-10-23 18:41:51 -  Using host libthread_db library "/lib/x86_64-linux-gnu/libthread_db.so.1".
2020-10-23 18:41:51 -  [New Thread 0x7ffff3dbb700 (LWP 13565)]
2020-10-23 18:41:51 -  [New Thread 0x7ffff35ba700 (LWP 13566)]
2020-10-23 18:41:51 -  The OTG-Premium-Version - Version: (1.3)
2020-10-23 18:41:51 -  Compiled with: GNU C++ version 5.4.0 20160609
2020-10-23 18:41:51 -  Compiled on Sep 17 2020 19:49:36 for platform x64
2020-10-23 18:41:51 -  
2020-10-23 18:41:51 -  Special Credits for: OTG Team, Johncore, Vankk, Erick Nunes, Leonardo Pereira, Leandro Baldissera, Talis, Marcomoa, Marson Schneider, Douglas, Mark Samman, OTXServer (Mattyx Gomez) and The Forgotten Server Developers.
2020-10-23 18:41:51 -  Link of repository: https://github.com/Johncorex/OTG-Premium-Version
2020-10-23 18:41:51 -  
2020-10-23 18:41:51 -  >> Loading config: config.lua
2020-10-23 18:41:51 -  >> Establishing database connection... MySQL 5.7.31
2020-10-23 18:41:51 -  >> Running database manager
2020-10-23 18:41:51 -  [New Thread 0x7ffff2ba7700 (LWP 13567)]
2020-10-23 18:41:51 -  > Optimizing table tile_store... [success]
2020-10-23 18:41:51 -  >> Loading vocations
2020-10-23 18:41:51 -  >> Loading items
2020-10-23 18:41:51 -  >> Loading script systems
2020-10-23 18:41:51 -  >> Loading lua libs
2020-10-23 18:41:51 -  [Warning - Event::checkScript] Can not load script: scripts/expboostaction.lua
2020-10-23 18:41:51 -  cannot open data/actions/scripts/expboostaction.lua: No such file or directory
2020-10-23 18:41:52 -  >> Loading lua scripts
2020-10-23 18:41:53 -  >> Loading monsters
2020-10-23 18:41:53 -  >> Loading lua monsters
2020-10-23 18:41:53 -  >> Loading outfits
2020-10-23 18:41:53 -  >> Loading prey data
2020-10-23 18:41:53 -  >> Checking world type... PVP
2020-10-23 18:41:53 -  >> Loading map
2020-10-23 18:41:54 -  > Map size: 34143x33812.
2020-10-23 18:42:00 -  > Map loading time: 7.262 seconds.
2020-10-23 18:42:01 -  > Loaded house items in: 0.016 s
2020-10-23 18:42:01 -  >> Initializing gamestate
2020-10-23 18:42:03 -  >> Loaded 43 npcs and spawned 72708 monsters.
2020-10-23 18:42:03 -  >> Loaded 27 towns with 1074 houses in total.
2020-10-23 18:42:03 -  [Castle War]
2020-10-23 18:42:03 -  [POWERGAMERS]
2020-10-23 18:42:03 -  [SISTEMA DE LOTERIA] OPERANTE
2020-10-23 18:42:03 -  Advanced NPC spawn system | All NPCs will be loaded trough lib.
2020-10-23 18:42:03 -  [REGEN BOOST] CARREGADO
2020-10-23 18:42:03 -  [SPOOF COUNTER]
2020-10-23 18:42:03 -  [STAMINA]
2020-10-23 18:42:03 -  warvariables
2020-10-23 18:42:03 -  Agenda:	2
2020-10-23 18:42:03 -  eu sou o checkWarmode... 18:42!
2020-10-23 18:42:03 -  Buscando valores guilds where id = 5
2020-10-23 18:42:03 -  > Broadcasted message: "[Warmode] Atencao Honerianos! A Guild Vai tomando desafiou a Guild TesteWarmode para uma batalha que vai iniciar agora!".
2020-10-23 18:42:03 -  18	42	18
2020-10-23 18:42:03 -  >> Loaded all modules, server starting up...
2020-10-23 18:42:03 -  > Warning: OTG-Premium-Version has been executed as root user, please consider running it as a normal user.
2020-10-23 18:42:03 -  >> Honera Global Server Online!
2020-10-23 18:42:03 -  
2020-10-23 18:42:04 -  Demonzin has logged in.
2020-10-23 18:42:04 -  funcao onLogin
2020-10-23 18:42:04 -  Robalo has logged in.
2020-10-23 18:42:04 -  funcao onLogin
2020-10-23 18:42:04 -  Dev Marson has logged in.
2020-10-23 18:42:04 -  funcao onLogin
2020-10-23 18:42:04 -  Dev Marson has logged out.
2020-10-23 18:42:14 -  SABADOU!! NPC HONERA CRIADO
2020-10-23 18:42:14 -  Dev Marson has logged in.
2020-10-23 18:42:27 -  funcao onLogin
2020-10-23 18:42:27 -  Print12
2020-10-23 18:42:27 -  2197
2020-10-23 18:42:27 -  Print11
2020-10-23 18:42:27 -  Print12
2020-10-23 18:42:27 -  2164
2020-10-23 18:42:27 -  Print11
2020-10-23 18:42:27 -  Print11
2020-10-23 18:42:27 -  Demonzin has logged out.
2020-10-23 18:42:29 -  Demonzin has logged in.
2020-10-23 18:46:03 -  funcao onLogin
2020-10-23 18:46:03 -  Print11
2020-10-23 18:46:03 -  Print11
2020-10-23 18:46:03 -  endWarmode
2020-10-23 18:46:03 -  > Broadcasted message: "[Warmode] A War acabou por tempo! Parabens para ambas as guilds por este emocionante empate! 3".
2020-10-23 18:46:03 -  removendo players da tabela porque a war acabou
2020-10-23 18:46:03 -  Dev Marson has logged out.
2020-10-23 18:46:03 -  removendo players da tabela porque a war acabou
2020-10-23 18:46:03 -  Demonzin has logged out.
2020-10-23 18:46:03 -  removendo players da tabela porque a war acabou
2020-10-23 18:46:03 -  Robalo has logged out.
2020-10-23 18:46:06 -  Dev Marson has logged in.
2020-10-23 18:46:06 -  funcao onLogin
2020-10-23 18:46:06 -  Dev Marson has logged out.
2020-10-23 18:46:06 -  Demonzin has logged in.
2020-10-23 18:46:06 -  funcao onLogin
2020-10-23 18:46:06 -  Demonzin has logged out.
2020-10-23 18:46:06 -  Robalo has logged in.
2020-10-23 18:46:06 -  funcao onLogin
2020-10-23 18:46:06 -  Robalo has logged out.
2020-10-23 18:46:09 -  Dev Marson has logged in.
2020-10-23 18:46:09 -  funcao onLogin
2020-10-23 18:46:09 -  Demonzin has logged in.
2020-10-23 18:46:15 -  funcao onLogin
2020-10-23 18:46:15 -  Robalo has logged in.
2020-10-23 19:04:10 -  funcao onLogin
2020-10-23 19:04:10 -  eu sou o checkWarmode... 19:0!
2020-10-23 19:04:10 -  Royal Fake has logged in.
2020-10-23 19:08:27 -  
2020-10-23 19:08:27 -  Thread 1 "tfs" received signal SIGINT, Interrupt.
2020-10-23 19:08:27 -  0x00007ffff7b14ad3 in epoll_wait () at ../sysdeps/unix/syscall-template.S:84
2020-10-23 19:08:27 -  84	../sysdeps/unix/syscall-template.S: No such file or directory.
2020-10-23 19:08:27 -  
2020-10-23 19:08:27 -  Thread 4 (Thread 0x7ffff2ba7700 (LWP 13567)):
2020-10-23 19:08:27 -  #0  pthread_cond_wait@@GLIBC_2.3.2 () at ../sysdeps/unix/sysv/linux/x86_64/pthread_cond_wait.S:185
2020-10-23 19:08:27 -  No locals.
2020-10-23 19:08:27 -  #1  0x00007ffff5e7491c in std::condition_variable::wait(std::unique_lock<std::mutex>&) () from /usr/lib/x86_64-linux-gnu/libstdc++.so.6
2020-10-23 19:08:28 -  No symbol table info available.
2020-10-23 19:08:28 -  #2  0x00000000006228bf in DatabaseTasks::threadMain() (this=0x8e39a0 <g_databaseTasks>) at /home/otg/src/databasetasks.cpp:42
2020-10-23 19:08:28 -          taskLockUnique = {_M_device = 0x8e3a08 <g_databaseTasks+104>, _M_owns = true}
2020-10-23 19:08:28 -  #3  0x00007ffff5e79c80 in ?? () from /usr/lib/x86_64-linux-gnu/libstdc++.so.6
2020-10-23 19:08:28 -  No symbol table info available.
2020-10-23 19:08:28 -  #4  0x00007ffff614a6ba in start_thread (arg=0x7ffff2ba7700) at pthread_create.c:333
2020-10-23 19:08:28 -          __res = <optimized out>
2020-10-23 19:08:28 -          pd = 0x7ffff2ba7700
2020-10-23 19:08:28 -          now = <optimized out>
2020-10-23 19:08:28 -          unwind_buf = {cancel_jmp_buf = {{jmp_buf = {140737265694464, -8294571140622963313, 0, 140737284647471, 140737265695168, 9334528, 8294546440797433231, 8294556665257930127}, mask_was_saved = 0}}, priv = {pad = {0x0, 0x0, 0x0, 0x0}, data = {prev = 0x0, cleanup = 0x0, canceltype = 0}}}
2020-10-23 19:08:28 -          not_first_call = <optimized out>
2020-10-23 19:08:28 -          pagesize_m1 = <optimized out>
2020-10-23 19:08:28 -          sp = <optimized out>
2020-10-23 19:08:28 -          freesize = <optimized out>
2020-10-23 19:08:28 -          __PRETTY_FUNCTION__ = "start_thread"
2020-10-23 19:08:28 -  #5  0x00007ffff7b144dd in clone () at ../sysdeps/unix/sysv/linux/x86_64/clone.S:109
2020-10-23 19:08:28 -  No locals.
2020-10-23 19:08:28 -  
2020-10-23 19:08:28 -  Thread 3 (Thread 0x7ffff35ba700 (LWP 13566)):
2020-10-23 19:08:28 -  #0  pthread_cond_timedwait@@GLIBC_2.3.2 () at ../sysdeps/unix/sysv/linux/x86_64/pthread_cond_timedwait.S:225
2020-10-23 19:08:28 -  No locals.
2020-10-23 19:08:28 -  #1  0x0000000000506210 in __gthread_cond_timedwait () at /usr/include/x86_64-linux-gnu/c++/5/bits/gthr-default.h:871
2020-10-23 19:08:28 -  No locals.
2020-10-23 19:08:28 -  #2  std::condition_variable::__wait_until_impl (__atime=..., __lock=..., this=0x8e6fa0 <g_scheduler+64>) at /usr/include/c++/5/condition_variable:165
2020-10-23 19:08:28 -          __ts = {tv_sec = 1603494507, tv_nsec = 804244491}
2020-10-23 19:08:28 -  #3  std::condition_variable::wait_until<std::chrono::duration<long, std::ratio<1l, 1000000000l> > > () at /usr/include/c++/5/condition_variable:105
2020-10-23 19:08:28 -          __lock = @0x7ffff35b9e90: {_M_device = 0x8e6f78 <g_scheduler+24>, _M_owns = true}
2020-10-23 19:08:28 -          this = 0x8e6fa0 <g_scheduler+64>
2020-10-23 19:08:28 -  #4  Scheduler::threadMain (this=0x8e6f60 <g_scheduler>) at /home/otg/src/scheduler.cpp:36
2020-10-23 19:08:28 -          ret = std::cv_status::no_timeout
2020-10-23 19:08:28 -          eventLockUnique = {_M_device = 0x8e6f78 <g_scheduler+24>, _M_owns = true}
2020-10-23 19:08:28 -  #5  0x00007ffff5e79c80 in ?? () from /usr/lib/x86_64-linux-gnu/libstdc++.so.6
2020-10-23 19:08:28 -  No symbol table info available.
2020-10-23 19:08:28 -  #6  0x00007ffff614a6ba in start_thread (arg=0x7ffff35ba700) at pthread_create.c:333
2020-10-23 19:08:28 -          __res = <optimized out>
2020-10-23 19:08:28 -          pd = 0x7ffff35ba700
2020-10-23 19:08:28 -          now = <optimized out>
2020-10-23 19:08:28 -          unwind_buf = {cancel_jmp_buf = {{jmp_buf = {140737276258048, -8294571140622963313, 0, 140737488346847, 140737276258752, 9437376, 8294546160013946255, 8294556665257930127}, mask_was_saved = 0}}, priv = {pad = {0x0, 0x0, 0x0, 0x0}, data = {prev = 0x0, cleanup = 0x0, canceltype = 0}}}
2020-10-23 19:08:28 -          not_first_call = <optimized out>
2020-10-23 19:08:28 -          pagesize_m1 = <optimized out>
2020-10-23 19:08:28 -          sp = <optimized out>
2020-10-23 19:08:28 -          freesize = <optimized out>
2020-10-23 19:08:28 -          __PRETTY_FUNCTION__ = "start_thread"
2020-10-23 19:08:28 -  #7  0x00007ffff7b144dd in clone () at ../sysdeps/unix/sysv/linux/x86_64/clone.S:109
2020-10-23 19:08:28 -  No locals.
2020-10-23 19:08:28 -  
2020-10-23 19:08:28 -  Thread 2 (Thread 0x7ffff3dbb700 (LWP 13565)):
2020-10-23 19:08:28 -  #0  Creature::getCreatureEvents[abi:cxx11](CreatureEventType_t) (this=this@entry=0x7fffd60c0c10, type=type@entry=CREATURE_EVENT_THINK) at /home/otg/src/creature.cpp:1523
2020-10-23 19:08:28 -          creatureEvent = 0x7fffec230220
2020-10-23 19:08:28 -          __for_range = @0x7fffd60c0c68: {<No data fields>}
2020-10-23 19:08:28 -          tmpEventList = {<No data fields>}
2020-10-23 19:08:28 -  #1  0x0000000000588da3 in Creature::onThink(unsigned int) (this=this@entry=0x7fffd60c0c10, interval=interval@entry=1000) at /home/otg/src/creature.cpp:163
2020-10-23 19:08:28 -          thinkEvents = <optimized out>
2020-10-23 19:08:28 -  #2  0x0000000000546505 in Player::onThink(unsigned int) (this=0x7fffd60c0c10, interval=1000) at /home/otg/src/player.cpp:1574
2020-10-23 19:08:28 -  No locals.
2020-10-23 19:08:28 -  #3  0x00000000005a937f in Game::checkCreatures(unsigned long) (this=0x8e7760 <g_game>, index=<optimized out>) at /home/otg/src/game.cpp:3995
2020-10-23 19:08:28 -          creature = 0x7fffd60c0c10
2020-10-23 19:08:28 -          checkCreatureList = @0x8e7d00: {<No data fields>}
2020-10-23 19:08:28 -          it = {_M_node = 0x7fff69c25f80}
2020-10-23 19:08:28 -          end = {_M_node = 0x8e7d00 <g_game+1440>}
2020-10-23 19:08:28 -  #4  0x000000000055af2d in std::function<void ()>::operator()() const () at /usr/include/c++/5/functional:2267
2020-10-23 19:08:28 -          this = 0x7fff316925a0
2020-10-23 19:08:28 -  #5  Task::operator()() () at /home/otg/src/tasks.h:42
2020-10-23 19:08:28 -          this = 0x7fff31692590
2020-10-23 19:08:28 -  #6  Dispatcher::threadMain() (this=0x8e6ec0 <g_dispatcher>) at /home/otg/src/tasks.cpp:62
2020-10-23 19:08:28 -          task = 0x7fff31692590
2020-10-23 19:08:28 -          taskLockUnique = {_M_device = 0x8e6ed8 <g_dispatcher+24>, _M_owns = false}
2020-10-23 19:08:28 -  #7  0x00007ffff5e79c80 in ?? () from /usr/lib/x86_64-linux-gnu/libstdc++.so.6
2020-10-23 19:08:28 -  No symbol table info available.
2020-10-23 19:08:28 -  #8  0x00007ffff614a6ba in start_thread (arg=0x7ffff3dbb700) at pthread_create.c:333
2020-10-23 19:08:28 -          __res = <optimized out>
2020-10-23 19:08:28 -          pd = 0x7ffff3dbb700
2020-10-23 19:08:28 -          now = <optimized out>
2020-10-23 19:08:28 -          unwind_buf = {cancel_jmp_buf = {{jmp_buf = {140737284650752, -8294571140622963313, 0, 140737488346847, 140737284651456, 9437376, 8294545059965447567, 8294556665257930127}, mask_was_saved = 0}}, priv = {pad = {0x0, 0x0, 0x0, 0x0}, data = {prev = 0x0, cleanup = 0x0, canceltype = 0}}}
2020-10-23 19:08:28 -          not_first_call = <optimized out>
2020-10-23 19:08:28 -          pagesize_m1 = <optimized out>
2020-10-23 19:08:28 -          sp = <optimized out>
2020-10-23 19:08:28 -          freesize = <optimized out>
2020-10-23 19:08:28 -          __PRETTY_FUNCTION__ = "start_thread"
2020-10-23 19:08:28 -  #9  0x00007ffff7b144dd in clone () at ../sysdeps/unix/sysv/linux/x86_64/clone.S:109
2020-10-23 19:08:28 -  No locals.
2020-10-23 19:08:28 -  
2020-10-23 19:08:28 -  Thread 1 (Thread 0x7ffff7fe6740 (LWP 13560)):
2020-10-23 19:08:28 -  #0  0x00007ffff7b14ad3 in epoll_wait () at ../sysdeps/unix/syscall-template.S:84
2020-10-23 19:08:28 -  No locals.
2020-10-23 19:08:28 -  #1  0x00000000005b70e7 in boost::asio::detail::epoll_reactor::run(bool, boost::asio::detail::op_queue<boost::asio::detail::task_io_service_operation>&) [clone .constprop.204] (this=0x901570, block=<optimized out>, ops=...) at /usr/include/boost/asio/detail/impl/epoll_reactor.ipp:392
2020-10-23 19:08:28 -          timeout = <optimized out>
2020-10-23 19:08:28 -          events = {{events = 1, data = {ptr = 0x9015c8, fd = 9442760, u32 = 9442760, u64 = 9442760}}, {events = 2592781056, data = {ptr = 0xff693add00007fff, fd = 32767, u32 = 32767, u64 = 18404306073088458751}}, {events = 32766, data = {ptr = 0x7ffeff693ae8, fd = -9880856, u32 = 4285086440, u64 = 140733183507176}}, {events = 2592812400, data = {ptr = 0x7fff, fd = 32767, u32 = 32767, u64 = 32767}}, {events = 0, data = {ptr = 0x7fff9a8ab301, fd = -1702186239, u32 = 2592781057, u64 = 140735786169089}}, {events = 4285086459, data = {ptr = 0x7ffe, fd = 32766, u32 = 32766, u64 = 32766}}, {events = 0, data = {ptr = 0x7fffeddc58a8, fd = -304326488, u32 = 3990640808, u64 = 140737184028840}}, {events = 2592812704, data = {ptr = 0x9a8b2bd800007fff, fd = 32767, u32 = 32767, u64 = 11136042710316646399}}, {events = 32767, data = {ptr = 0x7fff9a8b2fa8, fd = -1702154328, u32 = 2592812968, u64 = 140735786201000}}, {events = 2592812544, data = {ptr = 0x9a8ab30000007fff, fd = 32767, u32 = 32767, u64 = 11135909841208377343}}, {events = 32767, data = {ptr = 0x7ffeff693b01, fd = -9880831, u32 = 4285086465, u64 = 140733183507201}}, {events = 4285086474, data = {ptr = 0x9a8b2e7800007ffe, fd = 32766, u32 = 32766, u64 = 11136045596534669310}}, {events = 32767, data = {ptr = 0x7fff9a8b2e28, fd = -1702154712, u32 = 2592812584, u64 = 140735786200616}}, {events = 2592781056, data = {ptr = 0xff693b1100007fff, fd = 32767, u32 = 32767, u64 = 18404306296426758143}}, {events = 32766, data = {ptr = 0x7ffeff693b1a, fd = -9880806, u32 = 4285086490, u64 = 140733183507226}}, {events = 2592812544, data = {ptr = 0x9a8b2e5000007fff, fd = 32767, u32 = 32767, u64 = 11136045424735977471}}, {events = 32767, data = {ptr = 0x7fff9a8ab300, fd = -1702186240, u32 = 2592781056, u64 = 140735786169088}}, {events = 4285086497, data = {ptr = 0xff693b2a00007ffe, fd = 32766, u32 = 32766, u64 = 18404306403800940542}}, {events = 32766, data = {ptr = 0x7fff9a8b2e28, fd = -1702154712, u32 = 2592812584, u64 = 140735786200616}}, {events = 2592812664, data = {ptr = 0x9a8ab30000007fff, fd = 32767, u32 = 32767, u64 = 11135909841208377343}}, {events = 32767, data = {ptr = 0x7ffeff693b2e, fd = -9880786, u32 = 4285086510, u64 = 140733183507246}}, {events = 4285086518, data = {ptr = 0x9a8b2e5000007ffe, fd = 32766, u32 = 32766, u64 = 11136045424735977470}}, {events = 32767, data = {ptr = 0x0, fd = 0, u32 = 0, u64 = 0}}, {events = 2592781057, data = {ptr = 0xff693b3d00007fff, fd = 32767, u32 = 32767, u64 = 18404306485405319167}}, {events = 32766, data = {ptr = 0x0, fd = 0, u32 = 0, u64 = 0}}, {events = 2592812480, data = {ptr = 0x7fff, fd = 32767, u32 = 32767, u64 = 32767}}, {events = 0, data = {ptr = 0x7fff9a8b2ea0, fd = -1702154592, u32 = 2592812704, u64 = 140735786200736}}, {events = 0, data = {ptr = 0x9a8b2ee000000000, fd = 0, u32 = 0, u64 = 11136046043211235328}}, {events = 32767, data = {ptr = 0x7fff9a8ab300, fd = -1702186240, u32 = 2592781056, u64 = 140735786169088}}, {events = 4285086533, data = {ptr = 0xff693b4b00007ffe, fd = 32766, u32 = 32766, u64 = 18404306545534861310}}, {events = 32766, data = {ptr = 0x7fff9a8b2f80, fd = -1702154368, u32 = 2592812928, u64 = 140735786200960}}, {events = 2592812808, data = {ptr = 0x9a8ab30000007fff, fd = 32767, u32 = 32767, u64 = 11135909841208377343}}, {events = 32767, data = {ptr = 0x7ffeff693b5b, fd = -9880741, u32 = 4285086555, u64 = 140733183507291}}, {events = 4285086558, data = {ptr = 0x9a8b2ee000007ffe, fd = 32766, u32 = 32766, u64 = 11136046043211268094}}, {events = 32767, data = {ptr = 0x7fff9a8b2f30, fd = -1702154448, u32 = 2592812848, u64 = 140735786200880}}, {events = 2592781056, data = {ptr = 0xff693b6100007fff, fd = 32767, u32 = 32767, u64 = 18404306640024141823}}, {events = 32766, data = {ptr = 0x7ffeff693b64, fd = -9880732, u32 = 4285086564, u64 = 140733183507300}}, {events = 2592812808, data = {ptr = 0x9a8b2f5800007fff, fd = 32767, u32 = 32767, u64 = 11136046558607343615}}, {events = 32767, data = {ptr = 0x7fff9a8ab300, fd = -1702186240, u32 = 2592781056, u64 = 140735786169088}}, {events = 4285086568, data = {ptr = 0xff693b6b00007ffe, fd = 32766, u32 = 32766, u64 = 18404306682973814782}}, {events = 32766, data = {ptr = 0x7fff9a8b2f30, fd = -1702154448, u32 = 2592812848, u64 = 140735786200880}}, {events = 2592812928, data = {ptr = 0x9a8ab30000007fff, fd = 32767, u32 = 32767, u64 = 11135909841208377343}}, {events = 32767, data = {ptr = 0x7ffeff693b6f, fd = -9880721, u32 = 4285086575, u64 = 140733183507311}}, {events = 4285086586, data = {ptr = 0x9a8b2f5800007ffe, fd = 32766, u32 = 32766, u64 = 11136046558607343614}}, {events = 32767, data = {ptr = 0x0, fd = 0, u32 = 0, u64 = 0}}, {events = 2592781057, data = {ptr = 0xff693b8d00007fff, fd = 32767, u32 = 32767, u64 = 18404306829002702847}}, {events = 32766, data = {ptr = 0x0, fd = 0, u32 = 0, u64 = 0}}, {events = 3990640808, data = {ptr = 0x9a8b308800007fff, fd = 32767, u32 = 32767, u64 = 11136047864277401599}}, {events = 32767, data = {ptr = 0x7fff9a8b2dc0, fd = -1702154816, u32 = 2592812480, u64 = 140735786200512}}, {events = 2592813456, data = {ptr = 0x9a8b2fe800007fff, fd = 32767, u32 = 32767, u64 = 11136047177082634239}}, {events = 32767, data = {ptr = 0x7fff9a8ab300, fd = -1702186240, u32 = 2592781056, u64 = 140735786169088}}, {events = 4285086611, data = {ptr = 0xff693b9c00007ffe, fd = 32766, u32 = 32766, u64 = 18404306893427212286}}, {events = 11, data = {ptr = 0xa19a8b3060, fd = -1702154144, u32 = 2592813152, u64 = 694082547808}}, {events = 0, data = {ptr = 0x9a8ab30000007fff, fd = 32767, u32 = 32767, u64 = 11135909841208377343}}, {events = 32767, data = {ptr = 0x7ffeff693ba3, fd = -9880669, u32 = 4285086627, u64 = 140733183507363}}, {events = 4285086636, data = {ptr = 0x9a8b2fe800007ffe, fd = 32766, u32 = 32766, u64 = 11136047177082634238}}, {events = 32767, data = {ptr = 0x7fff9a8b3038, fd = -1702154184, u32 = 2592813112, u64 = 140735786201144}}, {events = 2592781056, data = {ptr = 0xff693bb300007fff, fd = 32767, u32 = 32767, u64 = 18404306992211460095}}, {events = 4155593817, data = {ptr = 0x7fff, fd = 32767, u32 = 32767, u64 = 32767}}, {events = 0, data = {ptr = 0x5828f4 <boost::asio::detail::reactive_socket_recv_op_base<boost::asio::mutable_buffers_1>::do_perform(boost::asio::detail::reactor_op*)+228>, fd = 5777652, u32 = 5777652, u64 = 5777652}}, {events = 32767, data = {ptr = 0x18ab300, fd = 25867008, u32 = 25867008, u64 = 25867008}}, {events = 13, data = {ptr = 0x912126, fd = 9511206, u32 = 9511206, u64 = 9511206}}, {events = 2, data = {ptr = 0x200000000, fd = 0, u32 = 0, u64 = 8589934592}}, {events = 0, data = {ptr = 0x5f93626a, fd = 1603494506, u32 = 1603494506, u64 = 1603494506}}, {events = 0, data = {ptr = 0x0, fd = 0, u32 = 0, u64 = 0}}, {events = 0, data = {ptr = 0x7fffffffdb80, fd = -9344, u32 = 4294957952, u64 = 140737488345984}}, {events = 1, data = {ptr = 0x0, fd = 0, u32 = 0, u64 = 0}}, {events = 0, data = {ptr = 0x0, fd = 0, u32 = 0, u64 = 0}}, {events = 0, data = {ptr = 0x91210000000000, fd = 0, u32 = 0, u64 = 40850155506761728}}, {events = 0, data = {ptr = 0x7fffeddfb160, fd = -304107168, u32 = 3990860128, u64 = 140737184248160}}, {events = 9577088, data = {ptr = 0x92220800000000, fd = 0, u32 = 0, u64 = 41132764354838528}}, {events = 0, data = {ptr = 0x9224e8, fd = 9577704, u32 = 9577704, u64 = 9577704}}, {events = 13, data = {ptr = 0x5200000000, fd = 0, u32 = 0, u64 = 352187318272}}, {events = 0, data = {ptr = 0x901570, fd = 9442672, u32 = 9442672, u64 = 9442672}}, {events = 6449413, data = {ptr = 0x7fff00000000, fd = 0, u32 = 0, u64 = 140733193388032}}, {events = 2592813336, data = {ptr = 0xd, fd = 13, u32 = 13, u64 = 13}}, {events = 0, data = {ptr = 0x56f20000000000, fd = 0, u32 = 0, u64 = 24472929811038208}}, {events = 0, data = {ptr = 0x9a8b30f000007ffe, fd = 32766, u32 = 32766, u64 = 11136048310954000382}}, {events = 32767, data = {ptr = 0xffffdc709a8b3140, fd = -1702153920, u32 = 2592813376, u64 = 18446704974920102208}}, {events = 32767, data = {ptr = 0x922280, fd = 9577088, u32 = 9577088, u64 = 9577088}}, {events = 9577088, data = {ptr = 0x3e8ebef000000000, fd = 0, u32 = 0, u64 = 4507750215045873664}}, {events = 32767, data = {ptr = 0x922208, fd = 9576968, u32 = 9576968, u64 = 9576968}}, {events = 9511206, data = {ptr = 0x200000000, fd = 0, u32 = 0, u64 = 8589934592}}, {events = 0, data = {ptr = 0x7fff00000001, fd = 1, u32 = 1, u64 = 140733193388033}}, {events = 0, data = {ptr = 0x56f20000000000, fd = 0, u32 = 0, u64 = 24472929811038208}}, {events = 0, data = {ptr = 0x0, fd = 0, u32 = 0, u64 = 0}}, {events = 0, data = {ptr = 0x942a1800000000, fd = 0, u32 = 0, u64 = 41704579120758784}}, {events = 0, data = {ptr = 0x0, fd = 0, u32 = 0, u64 = 0}}, {events = 4128564479, data = {ptr = 0x93298000007fff, fd = 32767, u32 = 32767, u64 = 41422451309051903}}, {events = 0, data = {ptr = 0x7fff9c9cd1b0, fd = -1667444304, u32 = 2627522992, u64 = 140735820911024}}, {events = 2417281408, data = {ptr = 0x942a1800007fff, fd = 32767, u32 = 32767, u64 = 41704579120791551}}, {events = 0, data = {ptr = 0x7fffffffde78, fd = -8584, u32 = 4294958712, u64 = 140737488346744}}, {events = 0, data = {ptr = 0xf7a9158c00000000, fd = 0, u32 = 0, u64 = 17845818689471905792}}, {events = 32767, data = {ptr = 0x900090, fd = 9437328, u32 = 9437328, u64 = 9437328}}, {events = 4294958640, data = {ptr = 0x90009000007fff, fd = 32767, u32 = 32767, u64 = 40533015121657855}}, {events = 0, data = {ptr = 0x932980, fd = 9644416, u32 = 9644416, u64 = 9644416}}, {events = 22, data = {ptr = 0x93298000000000, fd = 0, u32 = 0, u64 = 41422451309019136}}, {events = 0, data = {ptr = 0x7fff9c9cd1b0, fd = -1667444304, u32 = 2627522992, u64 = 140735820911024}}, {events = 2417281408, data = {ptr = 0x942a1800007fff, fd = 32767, u32 = 32767, u64 = 41704579120791551}}, {events = 0, data = {ptr = 0x58a8b4 <Connection::onWriteOperation(boost::system::error_code const&)+260>, fd = 5810356, u32 = 5810356, u64 = 5810356}}, {events = 0, data = {ptr = 0xf71e50e000000000, fd = 0, u32 = 0, u64 = 17806758899672416256}}, {events = 32767, data = {ptr = 0xffffde30, fd = -8656, u32 = 4294958640, u64 = 4294958640}}, {events = 22, data = {ptr = 0x0, fd = 0, u32 = 0, u64 = 0}}, {events = 0, data = {ptr = 0x0, fd = 0, u32 = 0, u64 = 0}}, {events = 4294958640, data = {ptr = 0x58574500007fff, fd = 32767, u32 = 32767, u64 = 24865751814930431}}, {events = 0, data = {ptr = 0x12, fd = 18, u32 = 18, u64 = 18}}, {events = 4155593817, data = {ptr = 0xffffde3000007fff, fd = 32767, u32 = 32767, u64 = 18446706896472670207}}, {events = 32767, data = {ptr = 0x0, fd = 0, u32 = 0, u64 = 0}}, {events = 0, data = {ptr = 0x0, fd = 0, u32 = 0, u64 = 0}}, {events = 13, data = {ptr = 0x922208, fd = 9576968, u32 = 9576968, u64 = 9576968}}, {events = 4294958720, data = {ptr = 0x90009000007fff, fd = 32767, u32 = 32767, u64 = 40533015121657855}}, {events = 0, data = {ptr = 0x0, fd = 0, u32 = 0, u64 = 0}}, {events = 0, data = {ptr = 0x9000c000000000, fd = 0, u32 = 0, u64 = 40533221280055296}}, {events = 0, data = {ptr = 0x0, fd = 0, u32 = 0, u64 = 0}}, {events = 4155053452, data = {ptr = 0x91210000007fff, fd = 32767, u32 = 32767, u64 = 40850155506794495}}, {events = 0, data = {ptr = 0x0, fd = 0, u32 = 0, u64 = 0}}, {events = 4145959136, data = {ptr = 0x58a73100007fff, fd = 32767, u32 = 32767, u64 = 24953626845806591}}, {events = 0, data = {ptr = 0x7fff902a60f0, fd = -1876270864, u32 = 2418696432, u64 = 140735612084464}}, {events = 4294958720, data = {ptr = 0x90009000007fff, fd = 32767, u32 = 32767, u64 = 40533015121657855}}, {events = 0, data = {ptr = 0x7fffffffde80, fd = -8576, u32 = 4294958720, u64 = 140737488346752}}, {events = 9437328, data = {ptr = 0x58646e00000000, fd = 0, u32 = 0, u64 = 24880221559717888}}, {events = 0, data = {ptr = 0x932980, fd = 9644416, u32 = 9644416, u64 = 9644416}}, {events = 9644400, data = {ptr = 0xffffde8000000000, fd = 0, u32 = 0, u64 = 18446707240070021120}}, {events = 32767, data = {ptr = 0x0, fd = 0, u32 = 0, u64 = 0}}, {events = 0, data = {ptr = 0x0, fd = 0, u32 = 0, u64 = 0}}, {events = 32766, data = {ptr = 0x58a720 <Connection::handleTimeout(std::weak_ptr<Connection>, boost::system::error_code const&)>, fd = 5809952, u32 = 5809952, u64 = 5809952}}, {events = 9644416, data = {ptr = 0x93297000000000, fd = 0, u32 = 0, u64 = 41422382589542400}}, {events = 0, data = {ptr = 0x206465720000007d, fd = 125, u32 = 125, u64 = 2334102047185436797}}}
2020-10-23 19:08:28 -          num_events = <optimized out>
2020-10-23 19:08:28 -          check_timers = <optimized out>
2020-10-23 19:08:28 -  #2  0x000000000055dcd3 in do_run_one (ec=..., this_thread=..., lock=<synthetic pointer>, this=0x900090) at /usr/include/boost/asio/detail/impl/task_io_service.ipp:356
2020-10-23 19:08:28 -          more_handlers = <optimized out>
2020-10-23 19:08:28 -  #3  run (ec=..., this=0x900090) at /usr/include/boost/asio/detail/impl/task_io_service.ipp:149
2020-10-23 19:08:28 -          this_thread = {private_op_queue = {front_ = 0x0, back_ = 0x0}, private_outstanding_work = 0}
2020-10-23 19:08:28 -          ctx = {key_ = 0x900090, value_ = 0x7fffffffdf40, next_ = 0x0}
2020-10-23 19:08:28 -          lock = {mutex_ = @0x9000c0, locked_ = <optimized out>}
2020-10-23 19:08:28 -          n = 38205
2020-10-23 19:08:28 -  #4  _ZN5boost4asio10io_service3runEv.isra.226 () at /usr/include/boost/asio/impl/io_service.ipp:59
2020-10-23 19:08:28 -          ec = {m_val = 0, m_cat = 0x7ffff71e50e0}
2020-10-23 19:08:28 -  #5  ServiceManager::run() (this=this@entry=0x7fffffffdff0) at /home/otg/src/server.cpp:47
2020-10-23 19:08:28 -  No locals.
2020-10-23 19:08:28 -  #6  0x0000000000474c46 in main (argc=1, argv=0x7fffffffe1b8) at /home/otg/src/otserv.cpp:96
2020-10-23 19:08:28 -          serviceManager = {acceptors = {_M_h = {_M_buckets = 0x7fffed64ef70, _M_bucket_count = 5, _M_before_begin = {_M_nxt = 0x7fffed64ef40}, _M_element_count = 2, _M_rehash_policy = {_M_max_load_factor = 1, _M_next_resize = 5}, _M_single_bucket = 0x0}}, io_service = {service_registry_ = 0x900040, impl_ = @0x900090}, signals = {set = {<No data fields>}}, death_timer = {<No data fields>}, running = true}
2020-10-23 19:08:28 -  funcao onLogin
2020-10-23 19:08:28 -  Saving server...
2020-10-23 19:08:29 -  > Saved house items in: 0.353 s
2020-10-23 19:08:29 -  A debugging session is active.
2020-10-23 19:08:29 -  
2020-10-23 19:08:29 -  	Inferior 1 [process 13560] will be killed.
2020-10-23 19:08:29 -  
2020-10-23 19:08:29 -  Quit anyway? (y or n) [answered Y; input not from terminal]
