2020-10-12 05:05:40 -  [Thread debugging using libthread_db enabled]
2020-10-12 05:05:40 -  Using host libthread_db library "/lib/x86_64-linux-gnu/libthread_db.so.1".
2020-10-12 05:05:41 -  [New Thread 0x7ffff3dbb700 (LWP 20172)]
2020-10-12 05:05:41 -  [New Thread 0x7ffff35ba700 (LWP 20173)]
2020-10-12 05:05:41 -  The OTG-Premium-Version - Version: (1.3)
2020-10-12 05:05:41 -  Compiled with: GNU C++ version 5.4.0 20160609
2020-10-12 05:05:41 -  Compiled on Sep 17 2020 19:49:36 for platform x64
2020-10-12 05:05:41 -  
2020-10-12 05:05:41 -  Special Credits for: OTG Team, Johncore, Vankk, Erick Nunes, Leonardo Pereira, Leandro Baldissera, Talis, Marcomoa, Marson Schneider, Douglas, Mark Samman, OTXServer (Mattyx Gomez) and The Forgotten Server Developers.
2020-10-12 05:05:41 -  Link of repository: https://github.com/Johncorex/OTG-Premium-Version
2020-10-12 05:05:41 -  
2020-10-12 05:05:41 -  >> Loading config: config.lua
2020-10-12 05:05:41 -  >> Establishing database connection... MySQL 5.7.31
2020-10-12 05:05:41 -  >> Running database manager
2020-10-12 05:05:41 -  [New Thread 0x7ffff2ba7700 (LWP 20174)]
2020-10-12 05:05:41 -  > Optimizing table players_online... [success]
2020-10-12 05:05:41 -  > Optimizing table tile_store... [success]
2020-10-12 05:05:41 -  >> Loading vocations
2020-10-12 05:05:41 -  >> Loading items
2020-10-12 05:05:41 -  >> Loading script systems
2020-10-12 05:05:41 -  >> Loading lua libs
2020-10-12 05:05:41 -  [Warning - Event::checkScript] Can not load script: scripts/expboostaction.lua
2020-10-12 05:05:41 -  cannot open data/actions/scripts/expboostaction.lua: No such file or directory
2020-10-12 05:05:42 -  >> Loading lua scripts
2020-10-12 05:05:42 -  >> Loading monsters
2020-10-12 05:05:42 -  >> Loading lua monsters
2020-10-12 05:05:42 -  >> Loading outfits
2020-10-12 05:05:42 -  >> Loading prey data
2020-10-12 05:05:43 -  >> Checking world type... PVP
2020-10-12 05:05:43 -  >> Loading map
2020-10-12 05:05:44 -  > Map size: 34143x33812.
2020-10-12 05:05:50 -  > Map loading time: 7.236 seconds.
2020-10-12 05:06:24 -  > Loaded house items in: 0.062 s
2020-10-12 05:06:24 -  >> Initializing gamestate
2020-10-12 05:06:27 -  >> Loaded 43 npcs and spawned 72708 monsters.
2020-10-12 05:06:27 -  >> Loaded 27 towns with 1074 houses in total.
2020-10-12 05:06:27 -  [Castle War]
2020-10-12 05:06:27 -  [POWERGAMERS]
2020-10-12 05:06:27 -  [SISTEMA DE LOTERIA] OPERANTE
2020-10-12 05:06:27 -  Advanced NPC spawn system | All NPCs will be loaded trough lib.
2020-10-12 05:06:27 -  [REGEN BOOST] CARREGADO
2020-10-12 05:06:27 -  [SPOOF COUNTER]
2020-10-12 05:06:27 -  [STAMINA]
2020-10-12 05:06:27 -  >> Loaded all modules, server starting up...
2020-10-12 05:06:27 -  > Warning: OTG-Premium-Version has been executed as root user, please consider running it as a normal user.
2020-10-12 05:06:27 -  >> Honera Global Server Online!
2020-10-12 05:06:27 -  
2020-10-12 06:00:43 -  SABADOU!! NPC HONERA CRIADO
2020-10-12 06:00:43 -  > Broadcasted message: "Rat Plague in Thais!".
2020-10-12 07:14:28 -  > Broadcasted message: "There seems to be a big gnarlhoud gang in Zao Steppe.".
2020-10-12 07:14:47 -  > Broadcasted message: "The gnarlhounds seem to multiply by the minute.".
2020-10-12 07:16:27 -  > Broadcasted message: "The gnarlhounds roam free in the Zao Steppe. Watch out!".
2020-10-12 08:05:42 -  
2020-10-12 08:05:42 -  Lua Script Error: [GlobalEvent Interface] 
2020-10-12 08:05:42 -  data/globalevents/scripts/bosses/Abyssador.lua:onThink
2020-10-12 08:05:42 -  data/lib/rewardboss.lua:8: Rewards can only be enabled to rewards bosses.
2020-10-12 08:05:42 -  stack traceback:
2020-10-12 08:05:42 -  	[C]: at 0x00602980
2020-10-12 08:05:42 -  	[C]: in function 'error'
2020-10-12 08:05:42 -  	data/lib/rewardboss.lua:8: in function 'setReward'
2020-10-12 08:05:42 -  	data/globalevents/scripts/bosses/Abyssador.lua:28: in function <data/globalevents/scripts/bosses/Abyssador.lua:21>
2020-10-12 08:05:42 -  [Error - GlobalEvents::think] Failed to execute event: Abyssador
2020-10-12 08:05:42 -  
2020-10-12 08:05:42 -  Lua Script Error: [GlobalEvent Interface] 
2020-10-12 08:05:42 -  data/globalevents/scripts/bosses/Deathstrike.lua:onThink
2020-10-12 08:05:42 -  data/lib/rewardboss.lua:8: Rewards can only be enabled to rewards bosses.
2020-10-12 08:05:42 -  stack traceback:
2020-10-12 08:05:42 -  	[C]: at 0x00602980
2020-10-12 08:05:42 -  	[C]: in function 'error'
2020-10-12 08:05:42 -  	data/lib/rewardboss.lua:8: in function 'setReward'
2020-10-12 08:05:42 -  	data/globalevents/scripts/bosses/Deathstrike.lua:28: in function <data/globalevents/scripts/bosses/Deathstrike.lua:21>
2020-10-12 08:05:42 -  [Error - GlobalEvents::think] Failed to execute event: Deathstrike
2020-10-12 08:05:42 -  
2020-10-12 08:05:42 -  Lua Script Error: [GlobalEvent Interface] 
2020-10-12 08:05:42 -  data/globalevents/scripts/bosses/Gnomevil.lua:onThink
2020-10-12 08:05:42 -  data/lib/rewardboss.lua:8: Rewards can only be enabled to rewards bosses.
2020-10-12 08:05:42 -  stack traceback:
2020-10-12 08:05:42 -  	[C]: at 0x00602980
2020-10-12 08:05:42 -  	[C]: in function 'error'
2020-10-12 08:05:42 -  	data/lib/rewardboss.lua:8: in function 'setReward'
2020-10-12 08:05:42 -  	data/globalevents/scripts/bosses/Gnomevil.lua:28: in function <data/globalevents/scripts/bosses/Gnomevil.lua:21>
2020-10-12 08:05:42 -  [Error - GlobalEvents::think] Failed to execute event: Gnomevil
2020-10-12 09:42:28 -  > Broadcasted message: "Something is moving in the depths of the sea around Liberty Bay".
2020-10-12 09:42:47 -  > Broadcasted message: "Numerous Quara fins have been sighted in the seas around Liberty Bay.".
2020-10-12 09:43:27 -  > Broadcasted message: "Quara emerged from the sea to attack Liberty Bay.".
2020-10-12 11:05:42 -  
2020-10-12 11:05:42 -  Lua Script Error: [GlobalEvent Interface] 
2020-10-12 11:05:42 -  data/globalevents/scripts/Ghulosh.lua:onThink
2020-10-12 11:05:42 -  data/globalevents/scripts/Ghulosh.lua:34: attempt to index local 'boss' (a nil value)
2020-10-12 11:05:42 -  stack traceback:
2020-10-12 11:05:42 -  	[C]: in function '__index'
2020-10-12 11:05:42 -  	data/globalevents/scripts/Ghulosh.lua:34: in function <data/globalevents/scripts/Ghulosh.lua:21>
2020-10-12 11:05:42 -  [Error - GlobalEvents::think] Failed to execute event: Ghulosh
2020-10-12 11:05:42 -  
2020-10-12 11:05:42 -  Lua Script Error: [GlobalEvent Interface] 
2020-10-12 11:05:42 -  data/globalevents/scripts/Gorzindel.lua:onThink
2020-10-12 11:05:42 -  data/globalevents/scripts/Gorzindel.lua:34: attempt to index local 'boss' (a nil value)
2020-10-12 11:05:42 -  stack traceback:
2020-10-12 11:05:42 -  	[C]: in function '__index'
2020-10-12 11:05:42 -  	data/globalevents/scripts/Gorzindel.lua:34: in function <data/globalevents/scripts/Gorzindel.lua:21>
2020-10-12 11:05:42 -  [Error - GlobalEvents::think] Failed to execute event: Gorzindel
2020-10-12 11:05:42 -  
2020-10-12 11:05:42 -  Lua Script Error: [GlobalEvent Interface] 
2020-10-12 11:05:42 -  data/globalevents/scripts/Lokathmor.lua:onThink
2020-10-12 11:05:42 -  data/globalevents/scripts/Lokathmor.lua:34: attempt to index local 'boss' (a nil value)
2020-10-12 11:05:42 -  stack traceback:
2020-10-12 11:05:42 -  	[C]: in function '__index'
2020-10-12 11:05:42 -  	data/globalevents/scripts/Lokathmor.lua:34: in function <data/globalevents/scripts/Lokathmor.lua:21>
2020-10-12 11:05:42 -  [Error - GlobalEvents::think] Failed to execute event: Lokathmor
2020-10-12 11:05:42 -  
2020-10-12 11:05:42 -  Lua Script Error: [GlobalEvent Interface] 
2020-10-12 11:05:42 -  data/globalevents/scripts/Mazzinor.lua:onThink
2020-10-12 11:05:42 -  data/globalevents/scripts/Mazzinor.lua:34: attempt to index local 'boss' (a nil value)
2020-10-12 11:05:42 -  stack traceback:
2020-10-12 11:05:42 -  	[C]: in function '__index'
2020-10-12 11:05:42 -  	data/globalevents/scripts/Mazzinor.lua:34: in function <data/globalevents/scripts/Mazzinor.lua:21>
2020-10-12 11:05:42 -  [Error - GlobalEvents::think] Failed to execute event: Mazzinor
2020-10-12 11:05:42 -  [Warning - Monsters::loadMonster] Non-unique loot item "Giant Sapphire". 
2020-10-12 11:05:42 -  [Warning - Monsters::loadMonster] Cant load loot. data/monster/Secret Library/the scourge of oblivion.xml
2020-10-12 11:05:42 -  [Warning - Monsters::loadMonster] Non-unique loot item "Collar of Blue Plasma". 
2020-10-12 11:05:42 -  [Warning - Monsters::loadMonster] Cant load loot. data/monster/Secret Library/the scourge of oblivion.xml
2020-10-12 11:05:42 -  [Warning - Monsters::loadMonster] Non-unique loot item "Giant Shimmering Pearl". 
2020-10-12 11:05:42 -  [Warning - Monsters::loadMonster] Cant load loot. data/monster/Secret Library/the scourge of oblivion.xml
2020-10-12 11:05:42 -  [Warning - Monsters::loadMonster] Unknown loot item "The Calamity". 
2020-10-12 11:05:42 -  [Warning - Monsters::loadMonster] Cant load loot. data/monster/Secret Library/the scourge of oblivion.xml
2020-10-12 11:05:42 -  
2020-10-12 11:05:42 -  Lua Script Error: [GlobalEvent Interface] 
2020-10-12 11:05:42 -  data/globalevents/scripts/The Scourge Of Oblivion.lua:onThink
2020-10-12 11:05:42 -  data/globalevents/scripts/The Scourge Of Oblivion.lua:34: attempt to index local 'boss' (a nil value)
2020-10-12 11:05:42 -  stack traceback:
2020-10-12 11:05:42 -  	[C]: in function '__index'
2020-10-12 11:05:42 -  	data/globalevents/scripts/The Scourge Of Oblivion.lua:34: in function <data/globalevents/scripts/The Scourge Of Oblivion.lua:21>
2020-10-12 11:05:42 -  [Error - GlobalEvents::think] Failed to execute event: The Scourge Of Oblivion
2020-10-12 12:10:28 -  > Broadcasted message: "Let da mashing begin! Cyclops riot east of Thais.".
2020-10-12 15:28:28 -  > Broadcasted message: "Barbarians are gathering at Bittermor. They seem to be up to something.".
2020-10-12 15:28:47 -  > Broadcasted message: "The barbarian pack is roaming around in Bittermor.".
2020-10-12 16:31:28 -  > Broadcasted message: "Beware of Tyrn!".
2020-10-12 17:05:42 -  
2020-10-12 17:05:42 -  Lua Script Error: [GlobalEvent Interface] 
2020-10-12 17:05:42 -  data/globalevents/scripts/Ghulosh.lua:onThink
2020-10-12 17:05:42 -  data/globalevents/scripts/Ghulosh.lua:34: attempt to index local 'boss' (a nil value)
2020-10-12 17:05:42 -  stack traceback:
2020-10-12 17:05:42 -  	[C]: in function '__index'
2020-10-12 17:05:42 -  	data/globalevents/scripts/Ghulosh.lua:34: in function <data/globalevents/scripts/Ghulosh.lua:21>
2020-10-12 17:05:42 -  [Error - GlobalEvents::think] Failed to execute event: Ghulosh
2020-10-12 17:05:42 -  
2020-10-12 17:05:42 -  Lua Script Error: [GlobalEvent Interface] 
2020-10-12 17:05:42 -  data/globalevents/scripts/Gorzindel.lua:onThink
2020-10-12 17:05:42 -  data/globalevents/scripts/Gorzindel.lua:34: attempt to index local 'boss' (a nil value)
2020-10-12 17:05:42 -  stack traceback:
2020-10-12 17:05:42 -  	[C]: in function '__index'
2020-10-12 17:05:42 -  	data/globalevents/scripts/Gorzindel.lua:34: in function <data/globalevents/scripts/Gorzindel.lua:21>
2020-10-12 17:05:42 -  [Error - GlobalEvents::think] Failed to execute event: Gorzindel
2020-10-12 17:05:42 -  
2020-10-12 17:05:42 -  Lua Script Error: [GlobalEvent Interface] 
2020-10-12 17:05:42 -  data/globalevents/scripts/Lokathmor.lua:onThink
2020-10-12 17:05:42 -  data/globalevents/scripts/Lokathmor.lua:34: attempt to index local 'boss' (a nil value)
2020-10-12 17:05:42 -  stack traceback:
2020-10-12 17:05:42 -  	[C]: in function '__index'
2020-10-12 17:05:42 -  	data/globalevents/scripts/Lokathmor.lua:34: in function <data/globalevents/scripts/Lokathmor.lua:21>
2020-10-12 17:05:42 -  [Error - GlobalEvents::think] Failed to execute event: Lokathmor
2020-10-12 17:05:42 -  
2020-10-12 17:05:42 -  Lua Script Error: [GlobalEvent Interface] 
2020-10-12 17:05:42 -  data/globalevents/scripts/Mazzinor.lua:onThink
2020-10-12 17:05:42 -  data/globalevents/scripts/Mazzinor.lua:34: attempt to index local 'boss' (a nil value)
2020-10-12 17:05:42 -  stack traceback:
2020-10-12 17:05:42 -  	[C]: in function '__index'
2020-10-12 17:05:42 -  	data/globalevents/scripts/Mazzinor.lua:34: in function <data/globalevents/scripts/Mazzinor.lua:21>
2020-10-12 17:05:42 -  [Error - GlobalEvents::think] Failed to execute event: Mazzinor
2020-10-12 17:05:42 -  
2020-10-12 17:05:42 -  Lua Script Error: [GlobalEvent Interface] 
2020-10-12 17:05:42 -  data/globalevents/scripts/The Scourge Of Oblivion.lua:onThink
2020-10-12 17:05:42 -  data/globalevents/scripts/The Scourge Of Oblivion.lua:34: attempt to index local 'boss' (a nil value)
2020-10-12 17:05:42 -  stack traceback:
2020-10-12 17:05:42 -  	[C]: in function '__index'
2020-10-12 17:05:42 -  	data/globalevents/scripts/The Scourge Of Oblivion.lua:34: in function <data/globalevents/scripts/The Scourge Of Oblivion.lua:21>
2020-10-12 17:05:42 -  [Error - GlobalEvents::think] Failed to execute event: The Scourge Of Oblivion
2020-10-12 17:21:28 -  > Broadcasted message: "Many aggressive beasts are roaming south of Ab'Dendriel! Take care!".
2020-10-12 18:33:28 -  [Castle War votacao aberta]
2020-10-12 18:33:28 -  > Broadcasted message: "[Castle War]: Foi iniciada a votação para decidir o objetivo do castelo que abre em alguns minutos. Use !castle1 para votar no objetivo (Dominar o castelo por mais tempo). Use !castle2 para votar no objetivo (Ultimo que dominar o castelo). Caso não haja votações, o objetivo será aleatorio.".
2020-10-12 18:33:28 -  > Broadcasted message: "[CastleWar] Atencao, O CASTELO esta aberto para batalha, junte-se com sua guild e  conquiste-o. O castelo encerra em 1 hora. Resultado das votacoes: First: 1 Second: 0 Resultado: (Dominar o castelo por mais tempo) foi escolhido".
2020-10-12 18:33:28 -  castleWar Encerrado
2020-10-12 18:33:28 -  > Broadcasted message: "Forrest animals spread out close to Ab'Dendriel!".
2020-10-12 19:49:28 -  > Broadcasted message: "The dragons of the Dragonblaze Mountains have descended to Zao to protect the lizardkin!".
2020-10-12 21:13:28 -  > Broadcasted message: "Hunters on the hunt north of the Green Claw Swamp.".
2020-10-12 22:43:28 -  > Broadcasted message: "Goblins are preparing to attack Kazordoon from Femor Hills!".
2020-10-12 22:43:47 -  > Broadcasted message: "Goblins attack from Femor Hills!".
2020-10-12 22:45:28 -  > Broadcasted message: "Danger! Now the goblin leaders attack Kazordoon from Femor Hills!".
2020-10-12 23:05:42 -  
2020-10-12 23:05:42 -  Lua Script Error: [GlobalEvent Interface] 
2020-10-12 23:05:42 -  data/globalevents/scripts/Ghulosh.lua:onThink
2020-10-12 23:05:42 -  data/globalevents/scripts/Ghulosh.lua:34: attempt to index local 'boss' (a nil value)
2020-10-12 23:05:42 -  stack traceback:
2020-10-12 23:05:42 -  	[C]: in function '__index'
2020-10-12 23:05:42 -  	data/globalevents/scripts/Ghulosh.lua:34: in function <data/globalevents/scripts/Ghulosh.lua:21>
2020-10-12 23:05:42 -  [Error - GlobalEvents::think] Failed to execute event: Ghulosh
2020-10-12 23:05:42 -  
2020-10-12 23:05:42 -  Lua Script Error: [GlobalEvent Interface] 
2020-10-12 23:05:42 -  data/globalevents/scripts/Gorzindel.lua:onThink
2020-10-12 23:05:42 -  data/globalevents/scripts/Gorzindel.lua:34: attempt to index local 'boss' (a nil value)
2020-10-12 23:05:42 -  stack traceback:
2020-10-12 23:05:42 -  	[C]: in function '__index'
2020-10-12 23:05:42 -  	data/globalevents/scripts/Gorzindel.lua:34: in function <data/globalevents/scripts/Gorzindel.lua:21>
2020-10-12 23:05:42 -  [Error - GlobalEvents::think] Failed to execute event: Gorzindel
2020-10-12 23:05:42 -  
2020-10-12 23:05:42 -  Lua Script Error: [GlobalEvent Interface] 
2020-10-12 23:05:42 -  data/globalevents/scripts/Lokathmor.lua:onThink
2020-10-12 23:05:42 -  data/globalevents/scripts/Lokathmor.lua:34: attempt to index local 'boss' (a nil value)
2020-10-12 23:05:42 -  stack traceback:
2020-10-12 23:05:42 -  	[C]: in function '__index'
2020-10-12 23:05:42 -  	data/globalevents/scripts/Lokathmor.lua:34: in function <data/globalevents/scripts/Lokathmor.lua:21>
2020-10-12 23:05:42 -  [Error - GlobalEvents::think] Failed to execute event: Lokathmor
2020-10-12 23:05:42 -  
2020-10-12 23:05:42 -  Lua Script Error: [GlobalEvent Interface] 
2020-10-12 23:05:42 -  data/globalevents/scripts/Mazzinor.lua:onThink
2020-10-12 23:05:42 -  data/globalevents/scripts/Mazzinor.lua:34: attempt to index local 'boss' (a nil value)
2020-10-12 23:05:42 -  stack traceback:
2020-10-12 23:05:42 -  	[C]: in function '__index'
2020-10-12 23:05:42 -  	data/globalevents/scripts/Mazzinor.lua:34: in function <data/globalevents/scripts/Mazzinor.lua:21>
2020-10-12 23:05:42 -  [Error - GlobalEvents::think] Failed to execute event: Mazzinor
2020-10-12 23:05:42 -  
2020-10-12 23:05:42 -  Lua Script Error: [GlobalEvent Interface] 
2020-10-12 23:05:42 -  data/globalevents/scripts/The Scourge Of Oblivion.lua:onThink
2020-10-12 23:05:42 -  data/globalevents/scripts/The Scourge Of Oblivion.lua:34: attempt to index local 'boss' (a nil value)
2020-10-12 23:05:42 -  stack traceback:
2020-10-12 23:05:42 -  	[C]: in function '__index'
2020-10-12 23:05:42 -  	data/globalevents/scripts/The Scourge Of Oblivion.lua:34: in function <data/globalevents/scripts/The Scourge Of Oblivion.lua:21>
2020-10-12 23:05:42 -  [Error - GlobalEvents::think] Failed to execute event: The Scourge Of Oblivion
2020-10-13 00:02:28 -  > Broadcasted message: "Something is moving in the northern grounds of the Rookgaard.".
2020-10-13 05:05:00 -  Saving server...
2020-10-13 05:05:01 -  > Saved house items in: 1.016 s
2020-10-13 05:05:01 -  Saving server...
2020-10-13 05:05:02 -  > Saved house items in: 0.243 s
2020-10-13 05:05:02 -  eu sou o checkname
2020-10-13 05:05:02 -  Shutting down...Saving server...
2020-10-13 05:05:02 -  > Saved house items in: 0.224 s
2020-10-13 05:05:02 -  [Thread 0x7ffff2ba7700 (LWP 20174) exited]
2020-10-13 05:05:02 -  [Thread 0x7ffff35ba700 (LWP 20173) exited]
2020-10-13 05:05:02 -   done!
2020-10-13 05:05:02 -  [Thread 0x7ffff3dbb700 (LWP 20172) exited]
2020-10-13 05:05:55 -  [Inferior 1 (process 20168) exited normally]
