2020-10-24 05:05:29 -  [Thread debugging using libthread_db enabled]
2020-10-24 05:05:29 -  Using host libthread_db library "/lib/x86_64-linux-gnu/libthread_db.so.1".
2020-10-24 05:05:29 -  [New Thread 0x7ffff3dbb700 (LWP 31118)]
2020-10-24 05:05:29 -  [New Thread 0x7ffff35ba700 (LWP 31119)]
2020-10-24 05:05:29 -  The OTG-Premium-Version - Version: (1.3)
2020-10-24 05:05:29 -  Compiled with: GNU C++ version 5.4.0 20160609
2020-10-24 05:05:29 -  Compiled on Sep 17 2020 19:49:36 for platform x64
2020-10-24 05:05:29 -  
2020-10-24 05:05:29 -  Special Credits for: OTG Team, Johncore, Vankk, Erick Nunes, Leonardo Pereira, Leandro Baldissera, Talis, Marcomoa, Marson Schneider, Douglas, Mark Samman, OTXServer (Mattyx Gomez) and The Forgotten Server Developers.
2020-10-24 05:05:29 -  Link of repository: https://github.com/Johncorex/OTG-Premium-Version
2020-10-24 05:05:29 -  
2020-10-24 05:05:29 -  >> Loading config: config.lua
2020-10-24 05:05:29 -  >> Establishing database connection... MySQL 5.7.31
2020-10-24 05:05:29 -  >> Running database manager
2020-10-24 05:05:29 -  [New Thread 0x7ffff2ba7700 (LWP 31120)]
2020-10-24 05:05:29 -  > Optimizing table players_online... [success]
2020-10-24 05:05:29 -  > Optimizing table tile_store... [success]
2020-10-24 05:05:29 -  >> Loading vocations
2020-10-24 05:05:29 -  >> Loading items
2020-10-24 05:05:29 -  >> Loading script systems
2020-10-24 05:05:29 -  >> Loading lua libs
2020-10-24 05:05:30 -  [Warning - Event::checkScript] Can not load script: scripts/expboostaction.lua
2020-10-24 05:05:30 -  cannot open data/actions/scripts/expboostaction.lua: No such file or directory
2020-10-24 05:05:31 -  >> Loading lua scripts
2020-10-24 05:05:31 -  >> Loading monsters
2020-10-24 05:05:31 -  >> Loading lua monsters
2020-10-24 05:05:31 -  >> Loading outfits
2020-10-24 05:05:31 -  >> Loading prey data
2020-10-24 05:05:31 -  >> Checking world type... PVP
2020-10-24 05:05:31 -  >> Loading map
2020-10-24 05:05:32 -  > Map size: 34143x33812.
2020-10-24 05:05:38 -  > Map loading time: 7.213 seconds.
2020-10-24 05:05:39 -  > Loaded house items in: 0.014 s
2020-10-24 05:05:39 -  >> Initializing gamestate
2020-10-24 05:05:41 -  >> Loaded 43 npcs and spawned 72708 monsters.
2020-10-24 05:05:41 -  >> Loaded 27 towns with 1074 houses in total.
2020-10-24 05:05:41 -  [Castle War]
2020-10-24 05:05:41 -  [POWERGAMERS]
2020-10-24 05:05:41 -  [SISTEMA DE LOTERIA] OPERANTE
2020-10-24 05:05:41 -  Advanced NPC spawn system | All NPCs will be loaded trough lib.
2020-10-24 05:05:41 -  [REGEN BOOST] CARREGADO
2020-10-24 05:05:41 -  [SPOOF COUNTER]
2020-10-24 05:05:41 -  [STAMINA]
2020-10-24 05:05:41 -  warvariables
2020-10-24 05:05:41 -  eu sou o checkWarmode... 5:5!
2020-10-24 05:05:41 -  >> Loaded all modules, server starting up...
2020-10-24 05:05:41 -  > Warning: OTG-Premium-Version has been executed as root user, please consider running it as a normal user.
2020-10-24 05:05:41 -  >> Honera Global Server Online!
2020-10-24 05:05:41 -  
2020-10-24 05:05:42 -  Robalo has logged in.
2020-10-24 05:05:42 -  funcao onLogin
2020-10-24 05:05:42 -  Demonzin has logged in.
2020-10-24 05:05:51 -  funcao onLogin
2020-10-24 05:05:51 -  SABADOU!! NPC HONERA CRIADO
2020-10-24 05:05:51 -  Dev Marson has logged in.
2020-10-24 06:04:42 -  funcao onLogin
2020-10-24 06:04:42 -  eu sou o checkWarmode... 6:0!
2020-10-24 06:04:42 -  > Broadcasted message: "Many aggressive beasts are roaming south of Ab'Dendriel! Take care!".
2020-10-24 06:53:42 -  > Broadcasted message: "Beware! Mawhawk!".
2020-10-24 08:05:30 -  eu sou o checkWarmode... 7:0!
2020-10-24 08:05:30 -  eu sou o checkWarmode... 8:0!
2020-10-24 08:05:30 -  
2020-10-24 08:05:30 -  Lua Script Error: [GlobalEvent Interface] 
2020-10-24 08:05:30 -  data/globalevents/scripts/bosses/Abyssador.lua:onThink
2020-10-24 08:05:30 -  data/lib/rewardboss.lua:8: Rewards can only be enabled to rewards bosses.
2020-10-24 08:05:30 -  stack traceback:
2020-10-24 08:05:30 -  	[C]: at 0x00602980
2020-10-24 08:05:30 -  	[C]: in function 'error'
2020-10-24 08:05:30 -  	data/lib/rewardboss.lua:8: in function 'setReward'
2020-10-24 08:05:30 -  	data/globalevents/scripts/bosses/Abyssador.lua:28: in function <data/globalevents/scripts/bosses/Abyssador.lua:21>
2020-10-24 08:05:30 -  [Error - GlobalEvents::think] Failed to execute event: Abyssador
2020-10-24 08:05:30 -  
2020-10-24 08:05:30 -  Lua Script Error: [GlobalEvent Interface] 
2020-10-24 08:05:30 -  data/globalevents/scripts/bosses/Deathstrike.lua:onThink
2020-10-24 08:05:30 -  data/lib/rewardboss.lua:8: Rewards can only be enabled to rewards bosses.
2020-10-24 08:05:30 -  stack traceback:
2020-10-24 08:05:30 -  	[C]: at 0x00602980
2020-10-24 08:05:30 -  	[C]: in function 'error'
2020-10-24 08:05:30 -  	data/lib/rewardboss.lua:8: in function 'setReward'
2020-10-24 08:05:30 -  	data/globalevents/scripts/bosses/Deathstrike.lua:28: in function <data/globalevents/scripts/bosses/Deathstrike.lua:21>
2020-10-24 08:05:30 -  [Error - GlobalEvents::think] Failed to execute event: Deathstrike
2020-10-24 08:05:30 -  
2020-10-24 08:05:30 -  Lua Script Error: [GlobalEvent Interface] 
2020-10-24 08:05:30 -  data/globalevents/scripts/bosses/Gnomevil.lua:onThink
2020-10-24 08:05:30 -  data/lib/rewardboss.lua:8: Rewards can only be enabled to rewards bosses.
2020-10-24 08:05:30 -  stack traceback:
2020-10-24 08:05:30 -  	[C]: at 0x00602980
2020-10-24 08:05:30 -  	[C]: in function 'error'
2020-10-24 08:05:30 -  	data/lib/rewardboss.lua:8: in function 'setReward'
2020-10-24 08:05:30 -  	data/globalevents/scripts/bosses/Gnomevil.lua:28: in function <data/globalevents/scripts/bosses/Gnomevil.lua:21>
2020-10-24 08:05:30 -  [Error - GlobalEvents::think] Failed to execute event: Gnomevil
2020-10-24 09:01:42 -  eu sou o checkWarmode... 9:0!
2020-10-24 09:01:42 -  > Broadcasted message: "The dragons of the Dragonblaze Mountains have descended to Zao to protect the lizardkin!".
2020-10-24 09:44:23 -  Demonzin has logged out.
2020-10-24 09:44:23 -  Robalo has logged out.
2020-10-24 09:44:24 -  Dev Marson has logged out.
2020-10-24 09:44:34 -  Robalo has logged in.
2020-10-24 09:44:34 -  funcao onLogin
2020-10-24 09:44:34 -  Demonzin has logged in.
2020-10-24 09:44:35 -  funcao onLogin
2020-10-24 09:44:35 -  Dev Marson has logged in.
2020-10-24 10:09:54 -  funcao onLogin
2020-10-24 10:09:54 -  eu sou o checkWarmode... 10:0!
2020-10-24 10:09:54 -  Reyzor has logged in.
2020-10-24 10:16:22 -  funcao onLogin
2020-10-24 10:16:22 -  Reyzor has logged out.
2020-10-24 10:16:41 -  Euteamo has logged in.
2020-10-24 10:20:47 -  funcao onLogin
2020-10-24 10:20:47 -  Euteamo has logged out.
2020-10-24 10:20:49 -  Reyzorii has logged in.
2020-10-24 10:22:40 -  funcao onLogin
2020-10-24 10:22:40 -  [Debug - Game::internalDecayItem] internalDecayItem failed, error code: 1, item id: 2018
2020-10-24 10:23:03 -  Reyzorii has logged out.
2020-10-24 10:23:06 -  Reyzor has logged in.
2020-10-24 10:24:28 -  funcao onLogin
2020-10-24 10:24:28 -  Reyzor has logged out.
2020-10-24 10:24:28 -  Reyzorii has logged in.
2020-10-24 10:24:40 -  funcao onLogin
2020-10-24 10:24:40 -  Reyzorii has logged out.
2020-10-24 10:24:42 -  Euteamo has logged in.
2020-10-24 10:24:53 -  funcao onLogin
2020-10-24 10:24:53 -  Euteamo has logged out.
2020-10-24 10:24:54 -  Reyzor has logged in.
2020-10-24 10:25:32 -  funcao onLogin
2020-10-24 10:25:32 -  
2020-10-24 10:25:32 -  Lua Script Error: [Npc interface] 
2020-10-24 10:25:32 -  data/npc/scripts/Testserver Assistant.lua:onCreatureSay
2020-10-24 10:25:32 -  data/npc/scripts/Testserver Assistant.lua:174: attempt to index a nil value
2020-10-24 10:25:32 -  stack traceback:
2020-10-24 10:25:32 -  	[C]: in function '__index'
2020-10-24 10:25:32 -  	data/npc/scripts/Testserver Assistant.lua:174: in function 'callback'
2020-10-24 10:25:32 -  	data/npc/lib/npcsystem/npchandler.lua:431: in function 'onCreatureSay'
2020-10-24 10:25:32 -  	data/npc/scripts/Testserver Assistant.lua:7: in function <data/npc/scripts/Testserver Assistant.lua:7>
2020-10-24 10:25:34 -  
2020-10-24 10:25:34 -  Lua Script Error: [Npc interface] 
2020-10-24 10:25:34 -  data/npc/scripts/Testserver Assistant.lua:onCreatureSay
2020-10-24 10:25:34 -  data/npc/scripts/Testserver Assistant.lua:174: attempt to index a nil value
2020-10-24 10:25:34 -  stack traceback:
2020-10-24 10:25:34 -  	[C]: in function '__index'
2020-10-24 10:25:34 -  	data/npc/scripts/Testserver Assistant.lua:174: in function 'callback'
2020-10-24 10:25:34 -  	data/npc/lib/npcsystem/npchandler.lua:431: in function 'onCreatureSay'
2020-10-24 10:25:34 -  	data/npc/scripts/Testserver Assistant.lua:7: in function <data/npc/scripts/Testserver Assistant.lua:7>
2020-10-24 10:25:37 -  
2020-10-24 10:25:37 -  Lua Script Error: [Npc interface] 
2020-10-24 10:25:37 -  data/npc/scripts/Testserver Assistant.lua:onCreatureSay
2020-10-24 10:25:37 -  data/npc/scripts/Testserver Assistant.lua:174: attempt to index a nil value
2020-10-24 10:25:37 -  stack traceback:
2020-10-24 10:25:37 -  	[C]: in function '__index'
2020-10-24 10:25:37 -  	data/npc/scripts/Testserver Assistant.lua:174: in function 'callback'
2020-10-24 10:25:37 -  	data/npc/lib/npcsystem/npchandler.lua:431: in function 'onCreatureSay'
2020-10-24 10:25:37 -  	data/npc/scripts/Testserver Assistant.lua:7: in function <data/npc/scripts/Testserver Assistant.lua:7>
2020-10-24 10:25:41 -  
2020-10-24 10:25:41 -  Lua Script Error: [Npc interface] 
2020-10-24 10:25:41 -  data/npc/scripts/Testserver Assistant.lua:onCreatureSay
2020-10-24 10:25:41 -  data/npc/scripts/Testserver Assistant.lua:174: attempt to index a nil value
2020-10-24 10:25:41 -  stack traceback:
2020-10-24 10:25:41 -  	[C]: in function '__index'
2020-10-24 10:25:41 -  	data/npc/scripts/Testserver Assistant.lua:174: in function 'callback'
2020-10-24 10:25:41 -  	data/npc/lib/npcsystem/npchandler.lua:431: in function 'onCreatureSay'
2020-10-24 10:25:41 -  	data/npc/scripts/Testserver Assistant.lua:7: in function <data/npc/scripts/Testserver Assistant.lua:7>
2020-10-24 11:03:04 -  aqui eu checkei o choiceID para atualizar o warmode temp3
2020-10-24 11:03:04 -  aqui eu checkei o choiceID para atualizar o warmode temp1
2020-10-24 11:03:04 -  aqui eu checkei o choiceID para atualizar o warmode temp2
2020-10-24 11:03:04 -  aqui eu checkei o choiceID para atualizar o warmode temp3
2020-10-24 11:03:04 -  aqui eu checkei o choiceID para atualizar o warmode temp255
2020-10-24 11:03:04 -  aqui eu checkei o choiceID para atualizar o warmode temp3
2020-10-24 11:03:04 -  aqui eu checkei o choiceID para atualizar o warmode temp1
2020-10-24 11:03:04 -  aqui eu checkei o choiceID para atualizar o warmode temp2
2020-10-24 11:03:04 -  aqui eu checkei o choiceID para atualizar o warmode temp3
2020-10-24 11:03:04 -  aqui eu checkei o choiceID para atualizar o warmode temp255
2020-10-24 11:03:04 -  eu sou o checkWarmode... 10:57!
2020-10-24 11:03:04 -  eu sou o checkWarmode... 11:0!
2020-10-24 11:03:04 -  eu sou o checkWarmode... 11:0!
2020-10-24 11:03:04 -  aqui eu checkei o choiceID para atualizar o warmode temp8
2020-10-24 11:03:04 -  aqui eu checkei o choiceID para atualizar o warmode temp2
2020-10-24 11:03:04 -  aqui eu checkei o choiceID para atualizar o warmode temp1
2020-10-24 11:03:04 -  eu sou o checkWarmode... 11:2!
2020-10-24 11:03:04 -  > Broadcasted message: "[Warmode] Atencao! A Guild TesteWarmode desafiou a Guild testando para uma batalha que vai iniciar agora! Use o comando !war, para juntar-se a sua guild.".
2020-10-24 11:03:04 -  Reyzor has logged out.
2020-10-24 11:03:06 -  Reyzor has logged in.
2020-10-24 11:03:07 -  funcao onLogin
2020-10-24 11:03:07 -  Reyzor has logged out.
2020-10-24 11:03:09 -  Reyzor has logged in.
2020-10-24 11:03:09 -  funcao onLogin
2020-10-24 11:03:09 -  um player que estava dentro da war, logou
2020-10-24 11:03:09 -  Reyzor has logged out.
2020-10-24 11:03:10 -  Demonzin has logged out.
2020-10-24 11:03:12 -  Demonzin has logged in.
2020-10-24 11:03:23 -  funcao onLogin
2020-10-24 11:03:23 -  Reyzor has logged in.
2020-10-24 11:04:28 -  funcao onLogin
2020-10-24 11:04:28 -  funcaoKill!!
2020-10-24 11:04:28 -  Reyzor has logged out.
2020-10-24 11:04:31 -  Reyzor has logged in.
2020-10-24 11:05:01 -  funcao onLogin
2020-10-24 11:05:01 -  Reyzor has logged out.
2020-10-24 11:05:03 -  Euteamo has logged in.
2020-10-24 11:05:06 -  funcao onLogin
2020-10-24 11:05:06 -  Euteamo has logged out.
2020-10-24 11:05:08 -  Euteamo has logged in.
2020-10-24 11:05:09 -  funcao onLogin
2020-10-24 11:05:09 -  Euteamo has logged out.
2020-10-24 11:05:11 -  Reyzorii has logged in.
2020-10-24 11:05:18 -  funcao onLogin
2020-10-24 11:05:18 -  Reyzorii has logged out.
2020-10-24 11:05:19 -  Reyzorii has logged in.
2020-10-24 11:05:22 -  funcao onLogin
2020-10-24 11:05:22 -  Reyzorii has logged out.
2020-10-24 11:05:23 -  Reyzor has logged in.
2020-10-24 11:05:30 -  funcao onLogin
2020-10-24 11:05:30 -  
2020-10-24 11:05:30 -  Lua Script Error: [GlobalEvent Interface] 
2020-10-24 11:05:30 -  data/globalevents/scripts/Ghulosh.lua:onThink
2020-10-24 11:05:30 -  data/globalevents/scripts/Ghulosh.lua:34: attempt to index local 'boss' (a nil value)
2020-10-24 11:05:30 -  stack traceback:
2020-10-24 11:05:30 -  	[C]: in function '__index'
2020-10-24 11:05:30 -  	data/globalevents/scripts/Ghulosh.lua:34: in function <data/globalevents/scripts/Ghulosh.lua:21>
2020-10-24 11:05:30 -  [Error - GlobalEvents::think] Failed to execute event: Ghulosh
2020-10-24 11:05:30 -  
2020-10-24 11:05:30 -  Lua Script Error: [GlobalEvent Interface] 
2020-10-24 11:05:30 -  data/globalevents/scripts/Gorzindel.lua:onThink
2020-10-24 11:05:30 -  data/globalevents/scripts/Gorzindel.lua:34: attempt to index local 'boss' (a nil value)
2020-10-24 11:05:30 -  stack traceback:
2020-10-24 11:05:30 -  	[C]: in function '__index'
2020-10-24 11:05:30 -  	data/globalevents/scripts/Gorzindel.lua:34: in function <data/globalevents/scripts/Gorzindel.lua:21>
2020-10-24 11:05:30 -  [Error - GlobalEvents::think] Failed to execute event: Gorzindel
2020-10-24 11:05:30 -  
2020-10-24 11:05:30 -  Lua Script Error: [GlobalEvent Interface] 
2020-10-24 11:05:30 -  data/globalevents/scripts/Lokathmor.lua:onThink
2020-10-24 11:05:30 -  data/globalevents/scripts/Lokathmor.lua:34: attempt to index local 'boss' (a nil value)
2020-10-24 11:05:30 -  stack traceback:
2020-10-24 11:05:30 -  	[C]: in function '__index'
2020-10-24 11:05:30 -  	data/globalevents/scripts/Lokathmor.lua:34: in function <data/globalevents/scripts/Lokathmor.lua:21>
2020-10-24 11:05:30 -  [Error - GlobalEvents::think] Failed to execute event: Lokathmor
2020-10-24 11:05:30 -  
2020-10-24 11:05:30 -  Lua Script Error: [GlobalEvent Interface] 
2020-10-24 11:05:30 -  data/globalevents/scripts/Mazzinor.lua:onThink
2020-10-24 11:05:30 -  data/globalevents/scripts/Mazzinor.lua:34: attempt to index local 'boss' (a nil value)
2020-10-24 11:05:30 -  stack traceback:
2020-10-24 11:05:30 -  	[C]: in function '__index'
2020-10-24 11:05:30 -  	data/globalevents/scripts/Mazzinor.lua:34: in function <data/globalevents/scripts/Mazzinor.lua:21>
2020-10-24 11:05:30 -  [Error - GlobalEvents::think] Failed to execute event: Mazzinor
2020-10-24 11:05:30 -  [Warning - Monsters::loadMonster] Non-unique loot item "Giant Sapphire". 
2020-10-24 11:05:30 -  [Warning - Monsters::loadMonster] Cant load loot. data/monster/Secret Library/the scourge of oblivion.xml
2020-10-24 11:05:30 -  [Warning - Monsters::loadMonster] Non-unique loot item "Collar of Blue Plasma". 
2020-10-24 11:05:30 -  [Warning - Monsters::loadMonster] Cant load loot. data/monster/Secret Library/the scourge of oblivion.xml
2020-10-24 11:05:30 -  [Warning - Monsters::loadMonster] Non-unique loot item "Giant Shimmering Pearl". 
2020-10-24 11:05:30 -  [Warning - Monsters::loadMonster] Cant load loot. data/monster/Secret Library/the scourge of oblivion.xml
2020-10-24 11:05:30 -  [Warning - Monsters::loadMonster] Unknown loot item "The Calamity". 
2020-10-24 11:05:30 -  [Warning - Monsters::loadMonster] Cant load loot. data/monster/Secret Library/the scourge of oblivion.xml
2020-10-24 11:05:30 -  
2020-10-24 11:05:30 -  Lua Script Error: [GlobalEvent Interface] 
2020-10-24 11:05:30 -  data/globalevents/scripts/The Scourge Of Oblivion.lua:onThink
2020-10-24 11:05:30 -  data/globalevents/scripts/The Scourge Of Oblivion.lua:34: attempt to index local 'boss' (a nil value)
2020-10-24 11:05:30 -  stack traceback:
2020-10-24 11:05:30 -  	[C]: in function '__index'
2020-10-24 11:05:30 -  	data/globalevents/scripts/The Scourge Of Oblivion.lua:34: in function <data/globalevents/scripts/The Scourge Of Oblivion.lua:21>
2020-10-24 11:05:30 -  [Error - GlobalEvents::think] Failed to execute event: The Scourge Of Oblivion
2020-10-24 11:06:31 -  
2020-10-24 11:06:31 -  Thread 1 "tfs" received signal SIGINT, Interrupt.
2020-10-24 11:06:31 -  0x00007ffff7b14ad3 in epoll_wait () at ../sysdeps/unix/syscall-template.S:84
2020-10-24 11:06:31 -  84	../sysdeps/unix/syscall-template.S: No such file or directory.
2020-10-24 11:06:31 -  
2020-10-24 11:06:31 -  Thread 4 (Thread 0x7ffff2ba7700 (LWP 31120)):
2020-10-24 11:06:31 -  #0  pthread_cond_wait@@GLIBC_2.3.2 () at ../sysdeps/unix/sysv/linux/x86_64/pthread_cond_wait.S:185
2020-10-24 11:06:31 -  No locals.
2020-10-24 11:06:31 -  #1  0x00007ffff5e7491c in std::condition_variable::wait(std::unique_lock<std::mutex>&) () from /usr/lib/x86_64-linux-gnu/libstdc++.so.6
