2020-10-19 15:01:53 -  [Thread debugging using libthread_db enabled]
2020-10-19 15:01:53 -  Using host libthread_db library "/lib/x86_64-linux-gnu/libthread_db.so.1".
2020-10-19 15:01:53 -  [New Thread 0x7ffff3dbb700 (LWP 21387)]
2020-10-19 15:01:53 -  [New Thread 0x7ffff35ba700 (LWP 21388)]
2020-10-19 15:01:53 -  The OTG-Premium-Version - Version: (1.3)
2020-10-19 15:01:53 -  Compiled with: GNU C++ version 5.4.0 20160609
2020-10-19 15:01:53 -  Compiled on Sep 17 2020 19:49:36 for platform x64
2020-10-19 15:01:53 -  
2020-10-19 15:01:53 -  Special Credits for: OTG Team, Johncore, Vankk, Erick Nunes, Leonardo Pereira, Leandro Baldissera, Talis, Marcomoa, Marson Schneider, Douglas, Mark Samman, OTXServer (Mattyx Gomez) and The Forgotten Server Developers.
2020-10-19 15:01:53 -  Link of repository: https://github.com/Johncorex/OTG-Premium-Version
2020-10-19 15:01:53 -  
2020-10-19 15:01:53 -  >> Loading config: config.lua
2020-10-19 15:01:53 -  >> Establishing database connection... MySQL 5.7.31
2020-10-19 15:01:53 -  >> Running database manager
2020-10-19 15:01:53 -  [New Thread 0x7ffff2ba7700 (LWP 21389)]
2020-10-19 15:01:53 -  > Optimizing table players_online... [success]
2020-10-19 15:01:53 -  > Optimizing table tile_store... [success]
2020-10-19 15:01:53 -  >> Loading vocations
2020-10-19 15:01:53 -  >> Loading items
2020-10-19 15:01:53 -  >> Loading script systems
2020-10-19 15:01:53 -  >> Loading lua libs
2020-10-19 15:01:53 -  [Warning - Event::checkScript] Can not load script: scripts/expboostaction.lua
2020-10-19 15:01:53 -  cannot open data/actions/scripts/expboostaction.lua: No such file or directory
2020-10-19 15:01:54 -  >> Loading lua scripts
2020-10-19 15:01:54 -  >> Loading monsters
2020-10-19 15:01:54 -  >> Loading lua monsters
2020-10-19 15:01:54 -  >> Loading outfits
2020-10-19 15:01:54 -  >> Loading prey data
2020-10-19 15:01:55 -  >> Checking world type... PVP
2020-10-19 15:01:55 -  >> Loading map
2020-10-19 15:01:56 -  > Map size: 34143x33812.
2020-10-19 15:02:02 -  > Map loading time: 7.41 seconds.
2020-10-19 15:02:37 -  > Loaded house items in: 0.058 s
2020-10-19 15:02:37 -  >> Initializing gamestate
2020-10-19 15:02:40 -  >> Loaded 43 npcs and spawned 72708 monsters.
2020-10-19 15:02:40 -  >> Loaded 27 towns with 1074 houses in total.
2020-10-19 15:02:40 -  [Castle War]
2020-10-19 15:02:40 -  [POWERGAMERS]
2020-10-19 15:02:40 -  [SISTEMA DE LOTERIA] OPERANTE
2020-10-19 15:02:40 -  Advanced NPC spawn system | All NPCs will be loaded trough lib.
2020-10-19 15:02:40 -  [REGEN BOOST] CARREGADO
2020-10-19 15:02:40 -  [SPOOF COUNTER]
2020-10-19 15:02:40 -  [STAMINA]
2020-10-19 15:02:40 -  warvariables
2020-10-19 15:02:40 -  15	02	58
2020-10-19 15:02:40 -  >> Loaded all modules, server starting up...
2020-10-19 15:02:40 -  > Warning: OTG-Premium-Version has been executed as root user, please consider running it as a normal user.
2020-10-19 15:02:40 -  >> Honera Global Server Online!
2020-10-19 15:02:40 -  
2020-10-19 15:02:50 -  SABADOU!! NPC HONERA CRIADO
2020-10-19 15:02:50 -  Dev Marson has logged in.
2020-10-19 15:02:54 -  Robalo has logged in.
2020-10-19 15:03:51 -  aqui eu checkei o choiceID para atualizar o warmode temp3
2020-10-19 15:03:51 -  debug mode: for i = 1, 2 pegar o id: 224, fazer um select no banco pra pegar o nome onde contem o id: Master, converter para o 
2020-10-19 15:03:51 -  false	224
2020-10-19 15:03:51 -  debug mode: for i = 1, 2 pegar o id: 255, fazer um select no banco pra pegar o nome onde contem o id: Robalo, converter para o 
2020-10-19 15:03:51 -  false	255
2020-10-19 15:03:51 -  aqui eu checkei o choiceID para atualizar o warmode temp5
2020-10-19 15:03:51 -  debug mode: for i = 1, 3 pegar o id: 93, fazer um select no banco pra pegar o nome onde contem o id: Cassiano, converter para o 
2020-10-19 15:03:51 -  false	93
2020-10-19 15:03:51 -  debug mode: for i = 1, 3 pegar o id: 141, fazer um select no banco pra pegar o nome onde contem o id: Dev Marson, converter para o 
2020-10-19 15:03:51 -  false	141
2020-10-19 15:03:51 -  debug mode: for i = 1, 3 pegar o id: 231, fazer um select no banco pra pegar o nome onde contem o id: Demonzin, converter para o 
2020-10-19 15:03:51 -  false	231
2020-10-19 15:03:51 -  aqui eu checkei o choiceID para atualizar o warmode temp1
2020-10-19 15:03:51 -  debug mode: for i = 1, 3 pegar o id: 93, fazer um select no banco pra pegar o nome onde contem o id: Cassiano, converter para o 
2020-10-19 15:03:51 -  93	93
2020-10-19 15:03:51 -  debug mode: for i = 1, 3 pegar o id: 141, fazer um select no banco pra pegar o nome onde contem o id: Dev Marson, converter para o 
2020-10-19 15:03:51 -  false	141
2020-10-19 15:03:51 -  debug mode: for i = 1, 3 pegar o id: 231, fazer um select no banco pra pegar o nome onde contem o id: Demonzin, converter para o 
2020-10-19 15:03:51 -  false	231
2020-10-19 15:03:51 -  aqui eu checkei o choiceID para atualizar o warmode temp2
2020-10-19 15:03:51 -  debug mode: for i = 1, 3 pegar o id: 93, fazer um select no banco pra pegar o nome onde contem o id: Cassiano, converter para o 
2020-10-19 15:03:51 -  93	93
2020-10-19 15:03:51 -  debug mode: for i = 1, 3 pegar o id: 141, fazer um select no banco pra pegar o nome onde contem o id: Dev Marson, converter para o 
2020-10-19 15:03:51 -  141	141
2020-10-19 15:03:51 -  debug mode: for i = 1, 3 pegar o id: 231, fazer um select no banco pra pegar o nome onde contem o id: Demonzin, converter para o 
2020-10-19 15:03:51 -  false	231
2020-10-19 15:03:51 -  aqui eu checkei o choiceID para atualizar o warmode temp3
2020-10-19 15:03:51 -  debug mode: for i = 1, 3 pegar o id: 93, fazer um select no banco pra pegar o nome onde contem o id: Cassiano, converter para o 
2020-10-19 15:03:51 -  93	93
2020-10-19 15:03:51 -  debug mode: for i = 1, 3 pegar o id: 141, fazer um select no banco pra pegar o nome onde contem o id: Dev Marson, converter para o 
2020-10-19 15:03:51 -  141	141
2020-10-19 15:03:51 -  debug mode: for i = 1, 3 pegar o id: 231, fazer um select no banco pra pegar o nome onde contem o id: Demonzin, converter para o 
2020-10-19 15:03:51 -  231	231
2020-10-19 15:03:51 -  aqui eu checkei o choiceID para atualizar o warmode temp255
2020-10-19 15:03:51 -  Robalo has logged out.
2020-10-19 15:03:53 -  Flash has logged in.
2020-10-19 15:12:56 -  aqui eu checkei o choiceID para atualizar o warmode temp5
2020-10-19 15:12:56 -  debug mode: for i = 1, 2 pegar o id: 257, fazer um select no banco pra pegar o nome onde contem o id: Arrow, converter para o 
2020-10-19 15:12:56 -  false	257
2020-10-19 15:12:56 -  debug mode: for i = 1, 2 pegar o id: 258, fazer um select no banco pra pegar o nome onde contem o id: Flash, converter para o 
2020-10-19 15:12:56 -  false	258
2020-10-19 15:12:56 -  aqui eu checkei o choiceID para atualizar o warmode temp1
2020-10-19 15:12:56 -  debug mode: for i = 1, 2 pegar o id: 257, fazer um select no banco pra pegar o nome onde contem o id: Arrow, converter para o 
2020-10-19 15:12:56 -  257	257
2020-10-19 15:12:56 -  debug mode: for i = 1, 2 pegar o id: 258, fazer um select no banco pra pegar o nome onde contem o id: Flash, converter para o 
2020-10-19 15:12:56 -  false	258
2020-10-19 15:12:56 -  aqui eu checkei o choiceID para atualizar o warmode temp2
2020-10-19 15:12:56 -  debug mode: for i = 1, 2 pegar o id: 257, fazer um select no banco pra pegar o nome onde contem o id: Arrow, converter para o 
2020-10-19 15:12:56 -  257	257
2020-10-19 15:12:56 -  debug mode: for i = 1, 2 pegar o id: 258, fazer um select no banco pra pegar o nome onde contem o id: Flash, converter para o 
2020-10-19 15:12:56 -  258	258
2020-10-19 15:12:56 -  aqui eu checkei o choiceID para atualizar o warmode temp255
2020-10-19 15:12:56 -  aqui eu checkei o choiceID para atualizar o warmode temp1
2020-10-19 15:12:56 -  debug mode: for i = 1, 2 pegar o id: 257, fazer um select no banco pra pegar o nome onde contem o id: Arrow, converter para o 
2020-10-19 15:12:56 -  false	257
2020-10-19 15:12:56 -  debug mode: for i = 1, 2 pegar o id: 258, fazer um select no banco pra pegar o nome onde contem o id: Flash, converter para o 
2020-10-19 15:12:56 -  false	258
2020-10-19 15:12:56 -  aqui eu checkei o choiceID para atualizar o warmode temp1
2020-10-19 15:12:56 -  debug mode: for i = 1, 2 pegar o id: 257, fazer um select no banco pra pegar o nome onde contem o id: Arrow, converter para o 
2020-10-19 15:12:56 -  false	257
2020-10-19 15:12:56 -  debug mode: for i = 1, 2 pegar o id: 258, fazer um select no banco pra pegar o nome onde contem o id: Flash, converter para o 
2020-10-19 15:12:56 -  false	258
2020-10-19 15:12:56 -  aqui eu checkei o choiceID para atualizar o warmode temp1
2020-10-19 15:12:56 -  debug mode: for i = 1, 2 pegar o id: 257, fazer um select no banco pra pegar o nome onde contem o id: Arrow, converter para o 
2020-10-19 15:12:56 -  257	257
2020-10-19 15:12:56 -  debug mode: for i = 1, 2 pegar o id: 258, fazer um select no banco pra pegar o nome onde contem o id: Flash, converter para o 
2020-10-19 15:12:56 -  false	258
2020-10-19 15:12:56 -  aqui eu checkei o choiceID para atualizar o warmode temp2
2020-10-19 15:12:56 -  debug mode: for i = 1, 2 pegar o id: 257, fazer um select no banco pra pegar o nome onde contem o id: Arrow, converter para o 
2020-10-19 15:12:56 -  257	257
2020-10-19 15:12:56 -  debug mode: for i = 1, 2 pegar o id: 258, fazer um select no banco pra pegar o nome onde contem o id: Flash, converter para o 
2020-10-19 15:12:56 -  258	258
2020-10-19 15:12:56 -  aqui eu checkei o choiceID para atualizar o warmode temp255
2020-10-19 15:12:56 -  Flash has logged out.
2020-10-19 15:12:59 -  Scooby Doo has logged in.
2020-10-19 15:13:03 -  Scooby Doo has logged out.
2020-10-19 15:13:05 -  Arrow has logged in.
2020-10-19 15:13:14 -  
2020-10-19 15:13:14 -  Lua Script Error: [CreatureScript Interface] 
2020-10-19 15:13:14 -  data/creaturescripts/scripts/warmode.lua:onModalWindow
2020-10-19 15:13:14 -  data/creaturescripts/scripts/warmode.lua:418: attempt to index global 'warmmodeagenda' (a nil value)
2020-10-19 15:13:14 -  stack traceback:
2020-10-19 15:13:14 -  	[C]: in function '__index'
2020-10-19 15:13:14 -  	data/creaturescripts/scripts/warmode.lua:418: in function <data/creaturescripts/scripts/warmode.lua:1>
2020-10-19 15:15:05 -  ip inválido
2020-10-19 15:15:05 -  ip inválido
2020-10-19 15:15:05 -  Dev Marson has logged out.
2020-10-19 15:15:06 -  Arrow has logged out.
2020-10-19 15:15:38 -  Arrow has logged in.
2020-10-19 15:15:39 -  Dev Marson has logged in.
2020-10-19 15:25:28 -  aqui eu checkei o choiceID para atualizar o warmode temp1
2020-10-19 15:25:28 -  debug mode: for i = 1, 2 pegar o id: 257, fazer um select no banco pra pegar o nome onde contem o id: Arrow, converter para o 
2020-10-19 15:25:28 -  false	257
2020-10-19 15:25:28 -  debug mode: for i = 1, 2 pegar o id: 258, fazer um select no banco pra pegar o nome onde contem o id: Flash, converter para o 
2020-10-19 15:25:28 -  false	258
2020-10-19 15:25:28 -  aqui eu checkei o choiceID para atualizar o warmode temp1
2020-10-19 15:25:28 -  debug mode: for i = 1, 2 pegar o id: 257, fazer um select no banco pra pegar o nome onde contem o id: Arrow, converter para o 
2020-10-19 15:25:28 -  257	257
2020-10-19 15:25:28 -  debug mode: for i = 1, 2 pegar o id: 258, fazer um select no banco pra pegar o nome onde contem o id: Flash, converter para o 
2020-10-19 15:25:28 -  false	258
2020-10-19 15:25:28 -  aqui eu checkei o choiceID para atualizar o warmode temp2
2020-10-19 15:25:28 -  aqui eu checkei o choiceID para atualizar o warmode temp5
2020-10-19 15:25:28 -  debug mode: for i = 1, 2 pegar o id: 257, fazer um select no banco pra pegar o nome onde contem o id: Arrow, converter para o 
2020-10-19 15:25:28 -  false	257
2020-10-19 15:25:28 -  debug mode: for i = 1, 2 pegar o id: 258, fazer um select no banco pra pegar o nome onde contem o id: Flash, converter para o 
2020-10-19 15:25:28 -  false	258
2020-10-19 15:25:28 -  aqui eu checkei o choiceID para atualizar o warmode temp1
2020-10-19 15:25:28 -  debug mode: for i = 1, 2 pegar o id: 257, fazer um select no banco pra pegar o nome onde contem o id: Arrow, converter para o 
2020-10-19 15:25:28 -  257	257
2020-10-19 15:25:28 -  debug mode: for i = 1, 2 pegar o id: 258, fazer um select no banco pra pegar o nome onde contem o id: Flash, converter para o 
2020-10-19 15:25:28 -  false	258
2020-10-19 15:25:28 -  aqui eu checkei o choiceID para atualizar o warmode temp2
2020-10-19 15:25:28 -  
2020-10-19 15:25:28 -  Lua Script Error: [CreatureScript Interface] 
2020-10-19 15:25:28 -  data/creaturescripts/scripts/warmode.lua:onModalWindow
2020-10-19 15:25:28 -  data/creaturescripts/scripts/warmode.lua:418: attempt to index local 'opt' (a nil value)
2020-10-19 15:25:28 -  stack traceback:
2020-10-19 15:25:28 -  	[C]: in function '__index'
2020-10-19 15:25:28 -  	data/creaturescripts/scripts/warmode.lua:418: in function <data/creaturescripts/scripts/warmode.lua:1>
2020-10-19 15:26:38 -  aqui eu checkei o choiceID para atualizar o warmode temp5
2020-10-19 15:26:38 -  debug mode: for i = 1, 3 pegar o id: 93, fazer um select no banco pra pegar o nome onde contem o id: Cassiano, converter para o 
2020-10-19 15:26:38 -  false	93
2020-10-19 15:26:38 -  debug mode: for i = 1, 3 pegar o id: 141, fazer um select no banco pra pegar o nome onde contem o id: Dev Marson, converter para o 
2020-10-19 15:26:38 -  false	141
2020-10-19 15:26:38 -  debug mode: for i = 1, 3 pegar o id: 231, fazer um select no banco pra pegar o nome onde contem o id: Demonzin, converter para o 
2020-10-19 15:26:38 -  false	231
2020-10-19 15:26:38 -  aqui eu checkei o choiceID para atualizar o warmode temp1
2020-10-19 15:26:38 -  debug mode: for i = 1, 3 pegar o id: 93, fazer um select no banco pra pegar o nome onde contem o id: Cassiano, converter para o 
2020-10-19 15:26:38 -  93	93
2020-10-19 15:26:38 -  debug mode: for i = 1, 3 pegar o id: 141, fazer um select no banco pra pegar o nome onde contem o id: Dev Marson, converter para o 
2020-10-19 15:26:38 -  false	141
2020-10-19 15:26:38 -  debug mode: for i = 1, 3 pegar o id: 231, fazer um select no banco pra pegar o nome onde contem o id: Demonzin, converter para o 
2020-10-19 15:26:38 -  false	231
2020-10-19 15:26:38 -  aqui eu checkei o choiceID para atualizar o warmode temp2
2020-10-19 15:26:38 -  debug mode: for i = 1, 3 pegar o id: 93, fazer um select no banco pra pegar o nome onde contem o id: Cassiano, converter para o 
2020-10-19 15:26:38 -  93	93
2020-10-19 15:26:38 -  debug mode: for i = 1, 3 pegar o id: 141, fazer um select no banco pra pegar o nome onde contem o id: Dev Marson, converter para o 
2020-10-19 15:26:38 -  141	141
2020-10-19 15:26:38 -  debug mode: for i = 1, 3 pegar o id: 231, fazer um select no banco pra pegar o nome onde contem o id: Demonzin, converter para o 
2020-10-19 15:26:38 -  false	231
2020-10-19 15:26:38 -  aqui eu checkei o choiceID para atualizar o warmode temp3
2020-10-19 15:26:38 -  debug mode: for i = 1, 3 pegar o id: 93, fazer um select no banco pra pegar o nome onde contem o id: Cassiano, converter para o 
2020-10-19 15:26:38 -  93	93
2020-10-19 15:26:38 -  debug mode: for i = 1, 3 pegar o id: 141, fazer um select no banco pra pegar o nome onde contem o id: Dev Marson, converter para o 
2020-10-19 15:26:38 -  141	141
2020-10-19 15:26:38 -  debug mode: for i = 1, 3 pegar o id: 231, fazer um select no banco pra pegar o nome onde contem o id: Demonzin, converter para o 
2020-10-19 15:26:38 -  231	231
2020-10-19 15:26:38 -  aqui eu checkei o choiceID para atualizar o warmode temp255
2020-10-19 15:26:38 -  Saving server...
2020-10-19 15:26:39 -  > Saved house items in: 0.394 s
2020-10-19 15:26:52 -  
2020-10-19 15:26:52 -  Thread 1 "tfs" received signal SIGINT, Interrupt.
2020-10-19 15:26:52 -  0x00007ffff7b14ad3 in epoll_wait () at ../sysdeps/unix/syscall-template.S:84
2020-10-19 15:26:52 -  84	../sysdeps/unix/syscall-template.S: No such file or directory.
2020-10-19 15:26:52 -  
2020-10-19 15:26:52 -  Thread 4 (Thread 0x7ffff2ba7700 (LWP 21389)):
2020-10-19 15:26:52 -  #0  pthread_cond_wait@@GLIBC_2.3.2 () at ../sysdeps/unix/sysv/linux/x86_64/pthread_cond_wait.S:185
2020-10-19 15:26:52 -  No locals.
2020-10-19 15:26:52 -  #1  0x00007ffff5e7491c in std::condition_variable::wait(std::unique_lock<std::mutex>&) () from /usr/lib/x86_64-linux-gnu/libstdc++.so.6
2020-10-19 15:26:52 -  No symbol table info available.
2020-10-19 15:26:52 -  #2  0x00000000006228bf in DatabaseTasks::threadMain() (this=0x8e39a0 <g_databaseTasks>) at /home/otg/src/databasetasks.cpp:42
2020-10-19 15:26:52 -          taskLockUnique = {_M_device = 0x8e3a08 <g_databaseTasks+104>, _M_owns = true}
2020-10-19 15:26:52 -  #3  0x00007ffff5e79c80 in ?? () from /usr/lib/x86_64-linux-gnu/libstdc++.so.6
2020-10-19 15:26:52 -  No symbol table info available.
2020-10-19 15:26:52 -  #4  0x00007ffff614a6ba in start_thread (arg=0x7ffff2ba7700) at pthread_create.c:333
2020-10-19 15:26:52 -          __res = <optimized out>
2020-10-19 15:26:52 -          pd = 0x7ffff2ba7700
2020-10-19 15:26:52 -          now = <optimized out>
2020-10-19 15:26:52 -          unwind_buf = {cancel_jmp_buf = {{jmp_buf = {140737265694464, 5543651278078650944, 0, 140737284647471, 140737265695168, 9334528, -5543680437160465856, -5543670153167852992}, mask_was_saved = 0}}, priv = {pad = {0x0, 0x0, 0x0, 0x0}, data = {prev = 0x0, cleanup = 0x0, canceltype = 0}}}
2020-10-19 15:26:52 -          not_first_call = <optimized out>
2020-10-19 15:26:52 -          pagesize_m1 = <optimized out>
2020-10-19 15:26:52 -          sp = <optimized out>
2020-10-19 15:26:52 -          freesize = <optimized out>
2020-10-19 15:26:52 -          __PRETTY_FUNCTION__ = "start_thread"
2020-10-19 15:26:52 -  #5  0x00007ffff7b144dd in clone () at ../sysdeps/unix/sysv/linux/x86_64/clone.S:109
2020-10-19 15:26:52 -  No locals.
2020-10-19 15:26:52 -  
2020-10-19 15:26:52 -  Thread 3 (Thread 0x7ffff35ba700 (LWP 21388)):
2020-10-19 15:26:52 -  #0  pthread_cond_timedwait@@GLIBC_2.3.2 () at ../sysdeps/unix/sysv/linux/x86_64/pthread_cond_timedwait.S:225
2020-10-19 15:26:52 -  No locals.
2020-10-19 15:26:52 -  #1  0x0000000000506210 in __gthread_cond_timedwait () at /usr/include/x86_64-linux-gnu/c++/5/bits/gthr-default.h:871
2020-10-19 15:26:52 -  No locals.
2020-10-19 15:26:52 -  #2  std::condition_variable::__wait_until_impl (__atime=..., __lock=..., this=0x8e6fa0 <g_scheduler+64>) at /usr/include/c++/5/condition_variable:165
2020-10-19 15:26:52 -          __ts = {tv_sec = 1603135612, tv_nsec = 163603787}
2020-10-19 15:26:52 -  #3  std::condition_variable::wait_until<std::chrono::duration<long, std::ratio<1l, 1000000000l> > > () at /usr/include/c++/5/condition_variable:105
2020-10-19 15:26:52 -          __lock = @0x7ffff35b9e90: {_M_device = 0x8e6f78 <g_scheduler+24>, _M_owns = true}
2020-10-19 15:26:52 -          this = 0x8e6fa0 <g_scheduler+64>
2020-10-19 15:26:52 -  #4  Scheduler::threadMain (this=0x8e6f60 <g_scheduler>) at /home/otg/src/scheduler.cpp:36
2020-10-19 15:26:52 -          ret = std::cv_status::no_timeout
2020-10-19 15:26:52 -          eventLockUnique = {_M_device = 0x8e6f78 <g_scheduler+24>, _M_owns = true}
2020-10-19 15:26:52 -  #5  0x00007ffff5e79c80 in ?? () from /usr/lib/x86_64-linux-gnu/libstdc++.so.6
2020-10-19 15:26:52 -  No symbol table info available.
2020-10-19 15:26:52 -  #6  0x00007ffff614a6ba in start_thread (arg=0x7ffff35ba700) at pthread_create.c:333
2020-10-19 15:26:52 -          __res = <optimized out>
2020-10-19 15:26:52 -          pd = 0x7ffff35ba700
2020-10-19 15:26:52 -          now = <optimized out>
2020-10-19 15:26:52 -          unwind_buf = {cancel_jmp_buf = {{jmp_buf = {140737276258048, 5543651278078650944, 0, 140737488346847, 140737276258752, 9437376, -5543676327413634496, -5543670153167852992}, mask_was_saved = 0}}, priv = {pad = {0x0, 0x0, 0x0, 0x0}, data = {prev = 0x0, cleanup = 0x0, canceltype = 0}}}
2020-10-19 15:26:52 -          not_first_call = <optimized out>
2020-10-19 15:26:52 -          pagesize_m1 = <optimized out>
2020-10-19 15:26:52 -          sp = <optimized out>
2020-10-19 15:26:52 -          freesize = <optimized out>
2020-10-19 15:26:52 -          __PRETTY_FUNCTION__ = "start_thread"
2020-10-19 15:26:52 -  #7  0x00007ffff7b144dd in clone () at ../sysdeps/unix/sysv/linux/x86_64/clone.S:109
2020-10-19 15:26:52 -  No locals.
2020-10-19 15:26:52 -  
2020-10-19 15:26:52 -  Thread 2 (Thread 0x7ffff3dbb700 (LWP 21387)):
2020-10-19 15:26:52 -  #0  pthread_cond_wait@@GLIBC_2.3.2 () at ../sysdeps/unix/sysv/linux/x86_64/pthread_cond_wait.S:185
2020-10-19 15:26:52 -  No locals.
2020-10-19 15:26:52 -  #1  0x00007ffff5e7491c in std::condition_variable::wait(std::unique_lock<std::mutex>&) () from /usr/lib/x86_64-linux-gnu/libstdc++.so.6
2020-10-19 15:26:52 -  No symbol table info available.
2020-10-19 15:26:52 -  #2  0x000000000055af7b in Dispatcher::threadMain() (this=0x8e6ec0 <g_dispatcher>) at /home/otg/src/tasks.cpp:50
2020-10-19 15:26:52 -          taskLockUnique = {_M_device = 0x8e6ed8 <g_dispatcher+24>, _M_owns = true}
2020-10-19 15:26:52 -  #3  0x00007ffff5e79c80 in ?? () from /usr/lib/x86_64-linux-gnu/libstdc++.so.6
2020-10-19 15:26:52 -  No symbol table info available.
2020-10-19 15:26:52 -  #4  0x00007ffff614a6ba in start_thread (arg=0x7ffff3dbb700) at pthread_create.c:333
2020-10-19 15:26:52 -          __res = <optimized out>
2020-10-19 15:26:52 -          pd = 0x7ffff3dbb700
2020-10-19 15:26:52 -          now = <optimized out>
2020-10-19 15:26:52 -          unwind_buf = {cancel_jmp_buf = {{jmp_buf = {140737284650752, 5543651278078650944, 0, 140737488346847, 140737284651456, 9437376, -5543677428535875008, -5543670153167852992}, mask_was_saved = 0}}, priv = {pad = {0x0, 0x0, 0x0, 0x0}, data = {prev = 0x0, cleanup = 0x0, canceltype = 0}}}
2020-10-19 15:26:52 -          not_first_call = <optimized out>
2020-10-19 15:26:52 -          pagesize_m1 = <optimized out>
2020-10-19 15:26:52 -          sp = <optimized out>
2020-10-19 15:26:52 -          freesize = <optimized out>
2020-10-19 15:26:52 -          __PRETTY_FUNCTION__ = "start_thread"
2020-10-19 15:26:52 -  #5  0x00007ffff7b144dd in clone () at ../sysdeps/unix/sysv/linux/x86_64/clone.S:109
2020-10-19 15:26:52 -  No locals.
2020-10-19 15:26:52 -  
2020-10-19 15:26:52 -  Thread 1 (Thread 0x7ffff7fe6740 (LWP 21383)):
2020-10-19 15:26:52 -  #0  0x00007ffff7b14ad3 in epoll_wait () at ../sysdeps/unix/syscall-template.S:84
2020-10-19 15:26:52 -  No locals.
2020-10-19 15:26:52 -  #1  0x00000000005b70e7 in boost::asio::detail::epoll_reactor::run(bool, boost::asio::detail::op_queue<boost::asio::detail::task_io_service_operation>&) [clone .constprop.204] (this=0x901570, block=<optimized out>, ops=...) at /usr/include/boost/asio/detail/impl/epoll_reactor.ipp:392
2020-10-19 15:26:52 -          timeout = <optimized out>
2020-10-19 15:26:53 -          events = {{events = 0, data = {ptr = 0x0, fd = 0, u32 = 0, u64 = 0}} <repeats 52 times>, {events = 11, data = {ptr = 0xa100000000, fd = 0, u32 = 0, u64 = 691489734656}}, {events = 0, data = {ptr = 0x0, fd = 0, u32 = 0, u64 = 0}}, {events = 0, data = {ptr = 0x0, fd = 0, u32 = 0, u64 = 0}}, {events = 0, data = {ptr = 0x0, fd = 0, u32 = 0, u64 = 0}}, {events = 0, data = {ptr = 0x0, fd = 0, u32 = 0, u64 = 0}}, {events = 0, data = {ptr = 0x0, fd = 0, u32 = 0, u64 = 0}}, {events = 4155593817, data = {ptr = 0x7fff, fd = 32767, u32 = 32767, u64 = 32767}}, {events = 0, data = {ptr = 0x5828f4 <boost::asio::detail::reactive_socket_recv_op_base<boost::asio::mutable_buffers_1>::do_perform(boost::asio::detail::reactor_op*)+228>, fd = 5777652, u32 = 5777652, u64 = 5777652}}, {events = 0, data = {ptr = 0x1000000, fd = 16777216, u32 = 16777216, u64 = 16777216}}, {events = 15, data = {ptr = 0x9329a6, fd = 9644454, u32 = 9644454, u64 = 9644454}}, {events = 2, data = {ptr = 0x200000000, fd = 0, u32 = 0, u64 = 8589934592}}, {events = 0, data = {ptr = 0x5f8de87b, fd = 1603135611, u32 = 1603135611, u64 = 1603135611}}, {events = 0, data = {ptr = 0x0, fd = 0, u32 = 0, u64 = 0}}, {events = 0, data = {ptr = 0x7fffffffdb80, fd = -9344, u32 = 4294957952, u64 = 140737488345984}}, {events = 1, data = {ptr = 0x0, fd = 0, u32 = 0, u64 = 0}}, {events = 0, data = {ptr = 0x0, fd = 0, u32 = 0, u64 = 0}}, {events = 0, data = {ptr = 0x93298000000000, fd = 0, u32 = 0, u64 = 41422451309019136}}, {events = 0, data = {ptr = 0x7fffc7b3f5b0, fd = -944507472, u32 = 3350459824, u64 = 140736543847856}}, {events = 9444800, data = {ptr = 0x942a8800000000, fd = 0, u32 = 0, u64 = 41705060157095936}}, {events = 0, data = {ptr = 0x932718, fd = 9643800, u32 = 9643800, u64 = 9643800}}, {events = 15, data = {ptr = 0x5200000000, fd = 0, u32 = 0, u64 = 352187318272}}, {events = 0, data = {ptr = 0x901570, fd = 9442672, u32 = 9442672, u64 = 9442672}}, {events = 6449413, data = {ptr = 0x0, fd = 0, u32 = 0, u64 = 0}}, {events = 0, data = {ptr = 0xf, fd = 15, u32 = 15, u64 = 15}}, {events = 0, data = {ptr = 0x56f20000000000, fd = 0, u32 = 0, u64 = 24472929811038208}}, {events = 0, data = {ptr = 0x0, fd = 0, u32 = 0, u64 = 0}}, {events = 0, data = {ptr = 0xffffdc7000000000, fd = 0, u32 = 0, u64 = 18446704972327288832}}, {events = 32767, data = {ptr = 0x901dc0, fd = 9444800, u32 = 9444800, u64 = 9444800}}, {events = 9444800, data = {ptr = 0xef365f8000000000, fd = 0, u32 = 0, u64 = 17237069627167604736}}, {events = 32767, data = {ptr = 0x942a88, fd = 9710216, u32 = 9710216, u64 = 9710216}}, {events = 9644454, data = {ptr = 0x200000000, fd = 0, u32 = 0, u64 = 8589934592}}, {events = 0, data = {ptr = 0x7fff00000001, fd = 1, u32 = 1, u64 = 140733193388033}}, {events = 0, data = {ptr = 0x56f20000000000, fd = 0, u32 = 0, u64 = 24472929811038208}}, {events = 0, data = {ptr = 0x0, fd = 0, u32 = 0, u64 = 0}}, {events = 0, data = {ptr = 0x0, fd = 0, u32 = 0, u64 = 0}}, {events = 0, data = {ptr = 0x9429a8, fd = 9709992, u32 = 9709992, u64 = 9709992}}, {events = 5809952, data = {ptr = 0x93299000000000, fd = 0, u32 = 0, u64 = 41422520028495872}}, {events = 0, data = {ptr = 0x942a28, fd = 9710120, u32 = 9710120, u64 = 9710120}}, {events = 9644416, data = {ptr = 0x46e96000000000, fd = 0, u32 = 0, u64 = 19959846895878144}}, {events = 0, data = {ptr = 0x7fffffffdd20, fd = -8928, u32 = 4294958368, u64 = 140737488346400}}, {events = 0, data = {ptr = 0x56e94e00000000, fd = 0, u32 = 0, u64 = 24463369213837312}}, {events = 0, data = {ptr = 0x900090, fd = 9437328, u32 = 9437328, u64 = 9437328}}, {events = 0, data = {ptr = 0x9329a600000000, fd = 0, u32 = 0, u64 = 41422614517776384}}, {events = 0, data = {ptr = 0x2, fd = 2, u32 = 2, u64 = 2}}, {events = 5698048, data = {ptr = 0x0, fd = 0, u32 = 0, u64 = 0}}, {events = 0, data = {ptr = 0x0, fd = 0, u32 = 0, u64 = 0}}, {events = 0, data = {ptr = 0x0, fd = 0, u32 = 0, u64 = 0}}, {events = 0, data = {ptr = 0x7fffffffde30, fd = -8656, u32 = 4294958640, u64 = 140737488346672}}, {events = 9437328, data = {ptr = 0xc00000000, fd = 0, u32 = 0, u64 = 51539607552}}, {events = 0, data = {ptr = 0x0, fd = 0, u32 = 0, u64 = 0}}, {events = 9437376, data = {ptr = 0xffffde3000000000, fd = 0, u32 = 0, u64 = 18446706896472637440}}, {events = 32767, data = {ptr = 0x585e35 <boost::asio::detail::reactive_socket_recv_op<boost::asio::mutable_buffers_1, boost::asio::detail::read_op<boost::asio::basic_stream_socket<boost::asio::ip::tcp, boost::asio::stream_socket_service<boost::asio::ip::tcp> >, boost::asio::mutable_buffers_1, boost::asio::detail::transfer_all_t, std::_Bind<std::_Mem_fn<void (Connection::*)(boost::system::error_code const&)> (std::shared_ptr<Connection>, std::_Placeholder<1>)> > >::do_complete(boost::asio::detail::task_io_service*, boost::asio::detail::task_io_service_operation*, boost::system::error_code const&, unsigned long)+373>, fd = 5791285, u32 = 5791285, u64 = 5791285}}, {events = 4294958640, data = {ptr = 0x58574500007fff, fd = 32767, u32 = 32767, u64 = 24865751814930431}}, {events = 0, data = {ptr = 0x46e960 <__pthread_key_create@plt>, fd = 4647264, u32 = 4647264, u64 = 4647264}}, {events = 4155593817, data = {ptr = 0xffffde3000007fff, fd = 32767, u32 = 32767, u64 = 18446706896472670207}}, {events = 32767, data = {ptr = 0x0, fd = 0, u32 = 0, u64 = 0}}, {events = 0, data = {ptr = 0x0, fd = 0, u32 = 0, u64 = 0}}, {events = 15, data = {ptr = 0x942a88, fd = 9710216, u32 = 9710216, u64 = 9710216}}, {events = 9644454, data = {ptr = 0x200000000, fd = 0, u32 = 0, u64 = 8589934592}}, {events = 0, data = {ptr = 0x0, fd = 0, u32 = 0, u64 = 0}}, {events = 2, data = {ptr = 0x56f20000000000, fd = 0, u32 = 0, u64 = 24472929811038208}}, {events = 0, data = {ptr = 0x0, fd = 0, u32 = 0, u64 = 0}}, {events = 9644432, data = {ptr = 0x93298000000000, fd = 0, u32 = 0, u64 = 41422451309019136}}, {events = 0, data = {ptr = 0x0, fd = 0, u32 = 0, u64 = 0}}, {events = 4145959136, data = {ptr = 0x58a73100007fff, fd = 32767, u32 = 32767, u64 = 24953626845806591}}, {events = 0, data = {ptr = 0x7fffc838b480, fd = -935807872, u32 = 3359159424, u64 = 140736552547456}}, {events = 0, data = {ptr = 0x942a8800000000, fd = 0, u32 = 0, u64 = 41705060157095936}}, {events = 0, data = {ptr = 0x7fffffffde80, fd = -8576, u32 = 4294958720, u64 = 140737488346752}}, {events = 9437328, data = {ptr = 0x58646e00000000, fd = 0, u32 = 0, u64 = 24880221559717888}}, {events = 0, data = {ptr = 0x932990, fd = 9644432, u32 = 9644432, u64 = 9644432}}, {events = 9644416, data = {ptr = 0xffffde8000000000, fd = 0, u32 = 0, u64 = 18446707240070021120}}, {events = 32767, data = {ptr = 0x0, fd = 0, u32 = 0, u64 = 0}}, {events = 0, data = {ptr = 0x0, fd = 0, u32 = 0, u64 = 0}}, {events = 0, data = {ptr = 0x58a720 <Connection::handleTimeout(std::weak_ptr<Connection>, boost::system::error_code const&)>, fd = 5809952, u32 = 5809952, u64 = 5809952}}, {events = 9644432, data = {ptr = 0x93298000000000, fd = 0, u32 = 0, u64 = 41422451309019136}}, {events = 0, data = {ptr = 0x7d, fd = 125, u32 = 125, u64 = 125}}}
2020-10-19 15:26:53 -          num_events = <optimized out>
2020-10-19 15:26:53 -          check_timers = <optimized out>
2020-10-19 15:26:53 -  #2  0x000000000055dcd3 in do_run_one (ec=..., this_thread=..., lock=<synthetic pointer>, this=0x900090) at /usr/include/boost/asio/detail/impl/task_io_service.ipp:356
2020-10-19 15:26:53 -          more_handlers = <optimized out>
2020-10-19 15:26:53 -  #3  run (ec=..., this=0x900090) at /usr/include/boost/asio/detail/impl/task_io_service.ipp:149
2020-10-19 15:26:53 -          this_thread = {private_op_queue = {front_ = 0x0, back_ = 0x0}, private_outstanding_work = 0}
2020-10-19 15:26:53 -          ctx = {key_ = 0x900090, value_ = 0x7fffffffdf40, next_ = 0x0}
2020-10-19 15:26:53 -          lock = {mutex_ = @0x9000c0, locked_ = <optimized out>}
2020-10-19 15:26:53 -          n = 12231
2020-10-19 15:26:53 -  #4  _ZN5boost4asio10io_service3runEv.isra.226 () at /usr/include/boost/asio/impl/io_service.ipp:59
2020-10-19 15:26:53 -          ec = {m_val = 0, m_cat = 0x7ffff71e50e0}
2020-10-19 15:26:53 -  #5  ServiceManager::run() (this=this@entry=0x7fffffffdff0) at /home/otg/src/server.cpp:47
2020-10-19 15:26:53 -  No locals.
2020-10-19 15:26:53 -  #6  0x0000000000474c46 in main (argc=1, argv=0x7fffffffe1b8) at /home/otg/src/otserv.cpp:96
2020-10-19 15:26:53 -          serviceManager = {acceptors = {_M_h = {_M_buckets = 0x7fffcaf15cc0, _M_bucket_count = 5, _M_before_begin = {_M_nxt = 0x7fffcaf15c90}, _M_element_count = 2, _M_rehash_policy = {_M_max_load_factor = 1, _M_next_resize = 5}, _M_single_bucket = 0x0}}, io_service = {service_registry_ = 0x900040, impl_ = @0x900090}, signals = {set = {<No data fields>}}, death_timer = {<No data fields>}, running = true}
2020-10-19 15:26:53 -  Saving server...
2020-10-19 15:26:53 -  > Saved house items in: 0.253 s
2020-10-19 15:26:53 -  A debugging session is active.
2020-10-19 15:26:53 -  
2020-10-19 15:26:53 -  	Inferior 1 [process 21383] will be killed.
2020-10-19 15:26:53 -  
2020-10-19 15:26:53 -  Quit anyway? (y or n) [answered Y; input not from terminal]
