2020-10-03 01:08:30 -  [Thread debugging using libthread_db enabled]
2020-10-03 01:08:30 -  Using host libthread_db library "/lib/x86_64-linux-gnu/libthread_db.so.1".
2020-10-03 01:08:30 -  [New Thread 0x7ffff3dbb700 (LWP 23143)]
2020-10-03 01:08:30 -  [New Thread 0x7ffff35ba700 (LWP 23144)]
2020-10-03 01:08:30 -  The OTG-Premium-Version - Version: (1.3)
2020-10-03 01:08:30 -  Compiled with: GNU C++ version 5.4.0 20160609
2020-10-03 01:08:30 -  Compiled on Sep 17 2020 19:49:36 for platform x64
2020-10-03 01:08:30 -  
2020-10-03 01:08:30 -  Special Credits for: OTG Team, Johncore, Vankk, Erick Nunes, Leonardo Pereira, Leandro Baldissera, Talis, Marcomoa, Marson Schneider, Douglas, Mark Samman, OTXServer (Mattyx Gomez) and The Forgotten Server Developers.
2020-10-03 01:08:30 -  Link of repository: https://github.com/Johncorex/OTG-Premium-Version
2020-10-03 01:08:30 -  
2020-10-03 01:08:30 -  >> Loading config: config.lua
2020-10-03 01:08:30 -  >> Establishing database connection... MySQL 5.7.31
2020-10-03 01:08:30 -  >> Running database manager
2020-10-03 01:08:30 -  [New Thread 0x7ffff2ba7700 (LWP 23145)]
2020-10-03 01:08:30 -  > Optimizing table tile_store... [success]
2020-10-03 01:08:30 -  >> Loading vocations
2020-10-03 01:08:30 -  >> Loading items
2020-10-03 01:08:30 -  >> Loading script systems
2020-10-03 01:08:30 -  >> Loading lua libs
2020-10-03 01:08:31 -  [Warning - Event::checkScript] Can not load script: scripts/expboostaction.lua
2020-10-03 01:08:31 -  cannot open data/actions/scripts/expboostaction.lua: No such file or directory
2020-10-03 01:08:32 -  >> Loading lua scripts
2020-10-03 01:08:32 -  >> Loading monsters
2020-10-03 01:08:32 -  >> Loading lua monsters
2020-10-03 01:08:32 -  >> Loading outfits
2020-10-03 01:08:32 -  >> Loading prey data
2020-10-03 01:08:32 -  >> Checking world type... PVP
2020-10-03 01:08:32 -  >> Loading map
2020-10-03 01:08:34 -  > Map size: 34143x33812.
2020-10-03 01:08:39 -  > Map loading time: 7.348 seconds.
2020-10-03 01:09:19 -  > Loaded house items in: 0.121 s
2020-10-03 01:09:19 -  >> Initializing gamestate
2020-10-03 01:09:23 -  >> Loaded 43 npcs and spawned 72496 monsters.
2020-10-03 01:09:23 -  >> Loaded 27 towns with 1074 houses in total.
2020-10-03 01:09:23 -  [Castle War]
2020-10-03 01:09:23 -  [POWERGAMERS]
2020-10-03 01:09:23 -  [SISTEMA DE LOTERIA] OPERANTE
2020-10-03 01:09:23 -  Advanced NPC spawn system | All NPCs will be loaded trough lib.
2020-10-03 01:09:23 -  [REGEN BOOST] CARREGADO
2020-10-03 01:09:23 -  [SPOOF COUNTER]
2020-10-03 01:09:23 -  [STAMINA]
2020-10-03 01:09:23 -  >> Loaded all modules, server starting up...
2020-10-03 01:09:23 -  > Warning: OTG-Premium-Version has been executed as root user, please consider running it as a normal user.
2020-10-03 01:09:23 -  >> Honera Global Server Online!
2020-10-03 01:09:23 -  
2020-10-03 01:09:34 -  SABADOU!! NPC HONERA CRIADO
2020-10-03 01:09:34 -  Nobre Cavalheiro has logged in.
2020-10-03 01:09:34 -  Top Spin has logged in.
2020-10-03 04:08:32 -  
2020-10-03 04:08:32 -  Lua Script Error: [GlobalEvent Interface] 
2020-10-03 04:08:32 -  data/globalevents/scripts/bosses/Abyssador.lua:onThink
2020-10-03 04:08:32 -  data/lib/rewardboss.lua:8: Rewards can only be enabled to rewards bosses.
2020-10-03 04:08:32 -  stack traceback:
2020-10-03 04:08:32 -  	[C]: at 0x00602980
2020-10-03 04:08:32 -  	[C]: in function 'error'
2020-10-03 04:08:32 -  	data/lib/rewardboss.lua:8: in function 'setReward'
2020-10-03 04:08:32 -  	data/globalevents/scripts/bosses/Abyssador.lua:28: in function <data/globalevents/scripts/bosses/Abyssador.lua:21>
2020-10-03 04:08:32 -  [Error - GlobalEvents::think] Failed to execute event: Abyssador
2020-10-03 04:08:32 -  
2020-10-03 04:08:32 -  Lua Script Error: [GlobalEvent Interface] 
2020-10-03 04:08:32 -  data/globalevents/scripts/bosses/Deathstrike.lua:onThink
2020-10-03 04:08:32 -  data/lib/rewardboss.lua:8: Rewards can only be enabled to rewards bosses.
2020-10-03 04:08:32 -  stack traceback:
2020-10-03 04:08:32 -  	[C]: at 0x00602980
2020-10-03 04:08:32 -  	[C]: in function 'error'
2020-10-03 04:08:32 -  	data/lib/rewardboss.lua:8: in function 'setReward'
2020-10-03 04:08:32 -  	data/globalevents/scripts/bosses/Deathstrike.lua:28: in function <data/globalevents/scripts/bosses/Deathstrike.lua:21>
2020-10-03 04:08:32 -  [Error - GlobalEvents::think] Failed to execute event: Deathstrike
2020-10-03 04:08:32 -  
2020-10-03 04:08:32 -  Lua Script Error: [GlobalEvent Interface] 
2020-10-03 04:08:32 -  data/globalevents/scripts/bosses/Gnomevil.lua:onThink
2020-10-03 04:08:32 -  data/lib/rewardboss.lua:8: Rewards can only be enabled to rewards bosses.
2020-10-03 04:08:32 -  stack traceback:
2020-10-03 04:08:32 -  	[C]: at 0x00602980
2020-10-03 04:08:32 -  	[C]: in function 'error'
2020-10-03 04:08:32 -  	data/lib/rewardboss.lua:8: in function 'setReward'
2020-10-03 04:08:32 -  	data/globalevents/scripts/bosses/Gnomevil.lua:28: in function <data/globalevents/scripts/bosses/Gnomevil.lua:21>
2020-10-03 04:08:32 -  [Error - GlobalEvents::think] Failed to execute event: Gnomevil
2020-10-03 04:13:24 -  > Broadcasted message: "Scouts report a barbarian army gathering near Svargrond.".
2020-10-03 04:13:33 -  > Broadcasted message: "Some invaders might try to access Svargrond via the ice to the south west.".
2020-10-03 04:13:53 -  > Broadcasted message: "Raiders are attacking Svargrond!".
2020-10-03 04:15:24 -  > Broadcasted message: "The barbarians attacks on Svargrond are becoming more and more fierce!".
2020-10-03 04:16:25 -  > Broadcasted message: "The barbarians are preparing for a final assault on Svargrond. Hide or fight!".
2020-10-03 05:05:00 -  Saving server...
2020-10-03 05:05:00 -  > Saved house items in: 0.39 s
2020-10-03 05:05:00 -  Top Spin has logged out.
2020-10-03 05:05:00 -  Nobre Cavalheiro has logged out.
2020-10-03 05:05:00 -  Saving server...
2020-10-03 05:05:01 -  > Saved house items in: 0.264 s
2020-10-03 05:05:01 -  eu sou o checkname
2020-10-03 05:05:01 -  Shutting down...Saving server...
2020-10-03 05:05:01 -  > Saved house items in: 0.202 s
2020-10-03 05:05:01 -  [Thread 0x7ffff2ba7700 (LWP 23145) exited]
2020-10-03 05:05:01 -  [Thread 0x7ffff35ba700 (LWP 23144) exited]
2020-10-03 05:05:01 -   done!
2020-10-03 05:05:01 -  [Thread 0x7ffff3dbb700 (LWP 23143) exited]
2020-10-03 05:06:06 -  [Inferior 1 (process 23139) exited normally]
