2020-10-02 23:05:32 -  [Thread debugging using libthread_db enabled]
2020-10-02 23:05:32 -  Using host libthread_db library "/lib/x86_64-linux-gnu/libthread_db.so.1".
2020-10-02 23:05:32 -  [New Thread 0x7ffff3dbb700 (LWP 22232)]
2020-10-02 23:05:32 -  [New Thread 0x7ffff35ba700 (LWP 22233)]
2020-10-02 23:05:32 -  The OTG-Premium-Version - Version: (1.3)
2020-10-02 23:05:32 -  Compiled with: GNU C++ version 5.4.0 20160609
2020-10-02 23:05:32 -  Compiled on Sep 17 2020 19:49:36 for platform x64
2020-10-02 23:05:32 -  
2020-10-02 23:05:32 -  Special Credits for: OTG Team, Johncore, Vankk, Erick Nunes, Leonardo Pereira, Leandro Baldissera, Talis, Marcomoa, Marson Schneider, Douglas, Mark Samman, OTXServer (Mattyx Gomez) and The Forgotten Server Developers.
2020-10-02 23:05:32 -  Link of repository: https://github.com/Johncorex/OTG-Premium-Version
2020-10-02 23:05:32 -  
2020-10-02 23:05:32 -  >> Loading config: config.lua
2020-10-02 23:05:32 -  >> Establishing database connection... MySQL 5.7.31
2020-10-02 23:05:32 -  >> Running database manager
2020-10-02 23:05:32 -  [New Thread 0x7ffff2ba7700 (LWP 22234)]
2020-10-02 23:05:32 -  > Optimizing table players_online... [success]
2020-10-02 23:05:32 -  > Optimizing table tile_store... [success]
2020-10-02 23:05:32 -  >> Loading vocations
2020-10-02 23:05:32 -  >> Loading items
2020-10-02 23:05:32 -  >> Loading script systems
2020-10-02 23:05:32 -  >> Loading lua libs
2020-10-02 23:05:33 -  [Warning - Event::checkScript] Can not load script: scripts/expboostaction.lua
2020-10-02 23:05:33 -  cannot open data/actions/scripts/expboostaction.lua: No such file or directory
2020-10-02 23:05:34 -  >> Loading lua scripts
2020-10-02 23:05:34 -  >> Loading monsters
2020-10-02 23:05:34 -  >> Loading lua monsters
2020-10-02 23:05:34 -  >> Loading outfits
2020-10-02 23:05:34 -  >> Loading prey data
2020-10-02 23:05:34 -  >> Checking world type... PVP
2020-10-02 23:05:34 -  >> Loading map
2020-10-02 23:05:36 -  > Map size: 34143x33812.
2020-10-02 23:05:42 -  > Map loading time: 7.745 seconds.
2020-10-02 23:06:14 -  > Loaded house items in: 0.026 s
2020-10-02 23:06:14 -  >> Initializing gamestate
2020-10-02 23:06:17 -  >> Loaded 43 npcs and spawned 72496 monsters.
2020-10-02 23:06:17 -  >> Loaded 27 towns with 1074 houses in total.
2020-10-02 23:06:17 -  [Castle War]
2020-10-02 23:06:17 -  [POWERGAMERS]
2020-10-02 23:06:17 -  [SISTEMA DE LOTERIA] OPERANTE
2020-10-02 23:06:17 -  Advanced NPC spawn system | All NPCs will be loaded trough lib.
2020-10-02 23:06:17 -  [REGEN BOOST] CARREGADO
2020-10-02 23:06:17 -  [SPOOF COUNTER]
2020-10-02 23:06:17 -  [STAMINA]
2020-10-02 23:06:17 -  >> Loaded all modules, server starting up...
2020-10-02 23:06:17 -  > Warning: OTG-Premium-Version has been executed as root user, please consider running it as a normal user.
2020-10-02 23:06:17 -  >> Honera Global Server Online!
2020-10-02 23:06:17 -  
2020-10-02 23:06:17 -  Nobre Cavalheiro has logged in.
2020-10-02 23:06:17 -  Dev Marson has logged in.
2020-10-02 23:06:17 -  Top Spin has logged in.
2020-10-02 23:06:20 -  SABADOU!! NPC HONERA CRIADO
2020-10-02 23:06:20 -  Shaka has logged in.
2020-10-02 23:06:56 -  Demonzin has logged in.
2020-10-02 23:16:44 -  Demonzin moveu corpo dentro de corpo
2020-10-02 23:16:44 -  Demonzin moveu corpo dentro de corpo
2020-10-02 23:16:44 -  Demonzin moveu corpo dentro de corpo
2020-10-02 23:16:44 -  Demonzin moveu corpo dentro de corpo
2020-10-02 23:16:44 -  
2020-10-02 23:16:44 -  Lua Script Error: [Modules Interface] 
2020-10-02 23:16:44 -  data/modules/scripts/prey system/prey.lua:onRecvbyte
2020-10-02 23:16:44 -  data/modules/scripts/prey system/prey.lua:405: attempt to call method 'getPreyCurrentMonster' (a nil value)
2020-10-02 23:16:44 -  stack traceback:
2020-10-02 23:16:44 -  	[C]: in function 'getPreyCurrentMonster'
2020-10-02 23:16:44 -  	data/modules/scripts/prey system/prey.lua:405: in function 'sendPreyData'
2020-10-02 23:16:44 -  	data/modules/scripts/prey system/prey.lua:212: in function <data/modules/scripts/prey system/prey.lua:210>
2020-10-02 23:16:50 -  
2020-10-02 23:16:50 -  Lua Script Error: [Modules Interface] 
2020-10-02 23:16:50 -  data/modules/scripts/prey system/prey.lua:onRecvbyte
2020-10-02 23:16:50 -  data/modules/scripts/prey system/prey.lua:230: attempt to call method 'getPreyUnlocked' (a nil value)
2020-10-02 23:16:50 -  stack traceback:
2020-10-02 23:16:50 -  	[C]: in function 'getPreyUnlocked'
2020-10-02 23:16:50 -  	data/modules/scripts/prey system/prey.lua:230: in function 'preyAction'
2020-10-02 23:16:50 -  	data/modules/scripts/prey system/prey.lua:216: in function <data/modules/scripts/prey system/prey.lua:210>
2020-10-02 23:16:50 -  
2020-10-02 23:16:50 -  Lua Script Error: [Modules Interface] 
2020-10-02 23:16:50 -  data/modules/scripts/prey system/prey.lua:onRecvbyte
2020-10-02 23:16:50 -  data/modules/scripts/prey system/prey.lua:405: attempt to call method 'getPreyCurrentMonster' (a nil value)
2020-10-02 23:16:50 -  stack traceback:
2020-10-02 23:16:50 -  	[C]: in function 'getPreyCurrentMonster'
2020-10-02 23:16:50 -  	data/modules/scripts/prey system/prey.lua:405: in function 'sendPreyData'
2020-10-02 23:16:50 -  	data/modules/scripts/prey system/prey.lua:212: in function <data/modules/scripts/prey system/prey.lua:210>
2020-10-02 23:16:54 -  
2020-10-02 23:16:54 -  Lua Script Error: [Modules Interface] 
2020-10-02 23:16:54 -  data/modules/scripts/prey system/prey.lua:onRecvbyte
2020-10-02 23:16:54 -  data/modules/scripts/prey system/prey.lua:230: attempt to call method 'getPreyUnlocked' (a nil value)
2020-10-02 23:16:54 -  stack traceback:
2020-10-02 23:16:54 -  	[C]: in function 'getPreyUnlocked'
2020-10-02 23:16:54 -  	data/modules/scripts/prey system/prey.lua:230: in function 'preyAction'
2020-10-02 23:16:54 -  	data/modules/scripts/prey system/prey.lua:216: in function <data/modules/scripts/prey system/prey.lua:210>
2020-10-02 23:16:54 -  
2020-10-02 23:16:54 -  Lua Script Error: [Modules Interface] 
2020-10-02 23:16:54 -  data/modules/scripts/prey system/prey.lua:onRecvbyte
2020-10-02 23:16:54 -  data/modules/scripts/prey system/prey.lua:405: attempt to call method 'getPreyCurrentMonster' (a nil value)
2020-10-02 23:16:54 -  stack traceback:
2020-10-02 23:16:54 -  	[C]: in function 'getPreyCurrentMonster'
2020-10-02 23:16:54 -  	data/modules/scripts/prey system/prey.lua:405: in function 'sendPreyData'
2020-10-02 23:16:54 -  	data/modules/scripts/prey system/prey.lua:212: in function <data/modules/scripts/prey system/prey.lua:210>
2020-10-02 23:16:58 -  
2020-10-02 23:16:58 -  Lua Script Error: [Modules Interface] 
2020-10-02 23:16:58 -  data/modules/scripts/prey system/prey.lua:onRecvbyte
2020-10-02 23:16:58 -  data/modules/scripts/prey system/prey.lua:230: attempt to call method 'getPreyUnlocked' (a nil value)
2020-10-02 23:16:58 -  stack traceback:
2020-10-02 23:16:58 -  	[C]: in function 'getPreyUnlocked'
2020-10-02 23:16:58 -  	data/modules/scripts/prey system/prey.lua:230: in function 'preyAction'
2020-10-02 23:16:58 -  	data/modules/scripts/prey system/prey.lua:216: in function <data/modules/scripts/prey system/prey.lua:210>
2020-10-02 23:16:58 -  
2020-10-02 23:16:58 -  Lua Script Error: [Modules Interface] 
2020-10-02 23:16:58 -  data/modules/scripts/prey system/prey.lua:onRecvbyte
2020-10-02 23:16:58 -  data/modules/scripts/prey system/prey.lua:405: attempt to call method 'getPreyCurrentMonster' (a nil value)
2020-10-02 23:16:58 -  stack traceback:
2020-10-02 23:16:58 -  	[C]: in function 'getPreyCurrentMonster'
2020-10-02 23:16:58 -  	data/modules/scripts/prey system/prey.lua:405: in function 'sendPreyData'
2020-10-02 23:16:58 -  	data/modules/scripts/prey system/prey.lua:212: in function <data/modules/scripts/prey system/prey.lua:210>
2020-10-02 23:17:02 -  
2020-10-02 23:17:02 -  Lua Script Error: [Modules Interface] 
2020-10-02 23:17:02 -  data/modules/scripts/prey system/prey.lua:onRecvbyte
2020-10-02 23:17:02 -  data/modules/scripts/prey system/prey.lua:230: attempt to call method 'getPreyUnlocked' (a nil value)
2020-10-02 23:17:02 -  stack traceback:
2020-10-02 23:17:02 -  	[C]: in function 'getPreyUnlocked'
2020-10-02 23:17:02 -  	data/modules/scripts/prey system/prey.lua:230: in function 'preyAction'
2020-10-02 23:17:02 -  	data/modules/scripts/prey system/prey.lua:216: in function <data/modules/scripts/prey system/prey.lua:210>
2020-10-02 23:17:02 -  
2020-10-02 23:17:02 -  Lua Script Error: [Modules Interface] 
2020-10-02 23:17:02 -  data/modules/scripts/prey system/prey.lua:onRecvbyte
2020-10-02 23:17:02 -  data/modules/scripts/prey system/prey.lua:405: attempt to call method 'getPreyCurrentMonster' (a nil value)
2020-10-02 23:17:02 -  stack traceback:
2020-10-02 23:17:02 -  	[C]: in function 'getPreyCurrentMonster'
2020-10-02 23:17:02 -  	data/modules/scripts/prey system/prey.lua:405: in function 'sendPreyData'
2020-10-02 23:17:02 -  	data/modules/scripts/prey system/prey.lua:212: in function <data/modules/scripts/prey system/prey.lua:210>
2020-10-02 23:17:05 -  
2020-10-02 23:17:05 -  Lua Script Error: [Modules Interface] 
2020-10-02 23:17:05 -  data/modules/scripts/prey system/prey.lua:onRecvbyte
2020-10-02 23:17:05 -  data/modules/scripts/prey system/prey.lua:230: attempt to call method 'getPreyUnlocked' (a nil value)
2020-10-02 23:17:05 -  stack traceback:
2020-10-02 23:17:05 -  	[C]: in function 'getPreyUnlocked'
2020-10-02 23:17:05 -  	data/modules/scripts/prey system/prey.lua:230: in function 'preyAction'
2020-10-02 23:17:05 -  	data/modules/scripts/prey system/prey.lua:216: in function <data/modules/scripts/prey system/prey.lua:210>
2020-10-02 23:17:05 -  
2020-10-02 23:17:05 -  Lua Script Error: [Modules Interface] 
2020-10-02 23:17:05 -  data/modules/scripts/prey system/prey.lua:onRecvbyte
2020-10-02 23:17:05 -  data/modules/scripts/prey system/prey.lua:405: attempt to call method 'getPreyCurrentMonster' (a nil value)
2020-10-02 23:17:05 -  stack traceback:
2020-10-02 23:17:05 -  	[C]: in function 'getPreyCurrentMonster'
2020-10-02 23:17:05 -  	data/modules/scripts/prey system/prey.lua:405: in function 'sendPreyData'
2020-10-02 23:17:05 -  	data/modules/scripts/prey system/prey.lua:212: in function <data/modules/scripts/prey system/prey.lua:210>
2020-10-02 23:17:40 -  [Warning - Events::load] Can not load script: player.lua
2020-10-02 23:17:40 -  data/events/scripts/player.lua:502: '=' expected near '=='
2020-10-02 23:18:13 -  
2020-10-02 23:18:13 -  Lua Script Error: [Modules Interface] 
2020-10-02 23:18:13 -  data/modules/scripts/prey system/prey.lua:onRecvbyte
2020-10-02 23:18:13 -  data/modules/scripts/prey system/prey.lua:405: attempt to call method 'getPreyCurrentMonster' (a nil value)
2020-10-02 23:18:13 -  stack traceback:
2020-10-02 23:18:13 -  	[C]: in function 'getPreyCurrentMonster'
2020-10-02 23:18:13 -  	data/modules/scripts/prey system/prey.lua:405: in function 'sendPreyData'
2020-10-02 23:18:13 -  	data/modules/scripts/prey system/prey.lua:212: in function <data/modules/scripts/prey system/prey.lua:210>
2020-10-02 23:18:16 -  
2020-10-02 23:18:16 -  Lua Script Error: [Modules Interface] 
2020-10-02 23:18:16 -  data/modules/scripts/prey system/prey.lua:onRecvbyte
2020-10-02 23:18:16 -  data/modules/scripts/prey system/prey.lua:230: attempt to call method 'getPreyUnlocked' (a nil value)
2020-10-02 23:18:16 -  stack traceback:
2020-10-02 23:18:16 -  	[C]: in function 'getPreyUnlocked'
2020-10-02 23:18:16 -  	data/modules/scripts/prey system/prey.lua:230: in function 'preyAction'
2020-10-02 23:18:16 -  	data/modules/scripts/prey system/prey.lua:216: in function <data/modules/scripts/prey system/prey.lua:210>
2020-10-02 23:18:16 -  
2020-10-02 23:18:16 -  Lua Script Error: [Modules Interface] 
2020-10-02 23:18:16 -  data/modules/scripts/prey system/prey.lua:onRecvbyte
2020-10-02 23:18:16 -  data/modules/scripts/prey system/prey.lua:405: attempt to call method 'getPreyCurrentMonster' (a nil value)
2020-10-02 23:18:16 -  stack traceback:
2020-10-02 23:18:16 -  	[C]: in function 'getPreyCurrentMonster'
2020-10-02 23:18:16 -  	data/modules/scripts/prey system/prey.lua:405: in function 'sendPreyData'
2020-10-02 23:18:16 -  	data/modules/scripts/prey system/prey.lua:212: in function <data/modules/scripts/prey system/prey.lua:210>
2020-10-02 23:18:16 -  
2020-10-02 23:18:16 -  Lua Script Error: [Event Interface] 
2020-10-02 23:18:16 -  data/events/scripts/player.lua:Player@onMoveItem
2020-10-02 23:18:16 -  data/events/scripts/player.lua:282: attempt to call method 'getId' (a nil value)
2020-10-02 23:18:16 -  stack traceback:
2020-10-02 23:18:16 -  	[C]: in function 'getId'
2020-10-02 23:18:16 -  	data/events/scripts/player.lua:282: in function <data/events/scripts/player.lua:281>
2020-10-02 23:18:19 -  
2020-10-02 23:18:19 -  Lua Script Error: [Modules Interface] 
2020-10-02 23:18:19 -  data/modules/scripts/prey system/prey.lua:onRecvbyte
2020-10-02 23:18:19 -  data/modules/scripts/prey system/prey.lua:230: attempt to call method 'getPreyUnlocked' (a nil value)
2020-10-02 23:18:19 -  stack traceback:
2020-10-02 23:18:19 -  	[C]: in function 'getPreyUnlocked'
2020-10-02 23:18:19 -  	data/modules/scripts/prey system/prey.lua:230: in function 'preyAction'
2020-10-02 23:18:19 -  	data/modules/scripts/prey system/prey.lua:216: in function <data/modules/scripts/prey system/prey.lua:210>
2020-10-02 23:18:19 -  
2020-10-02 23:18:19 -  Lua Script Error: [Modules Interface] 
2020-10-02 23:18:19 -  data/modules/scripts/prey system/prey.lua:onRecvbyte
2020-10-02 23:18:19 -  data/modules/scripts/prey system/prey.lua:405: attempt to call method 'getPreyCurrentMonster' (a nil value)
2020-10-02 23:18:19 -  stack traceback:
2020-10-02 23:18:19 -  	[C]: in function 'getPreyCurrentMonster'
2020-10-02 23:18:19 -  	data/modules/scripts/prey system/prey.lua:405: in function 'sendPreyData'
2020-10-02 23:18:19 -  	data/modules/scripts/prey system/prey.lua:212: in function <data/modules/scripts/prey system/prey.lua:210>
2020-10-02 23:18:22 -  
2020-10-02 23:18:22 -  Lua Script Error: [Modules Interface] 
2020-10-02 23:18:22 -  data/modules/scripts/prey system/prey.lua:onRecvbyte
2020-10-02 23:18:22 -  data/modules/scripts/prey system/prey.lua:230: attempt to call method 'getPreyUnlocked' (a nil value)
2020-10-02 23:18:22 -  stack traceback:
2020-10-02 23:18:22 -  	[C]: in function 'getPreyUnlocked'
2020-10-02 23:18:22 -  	data/modules/scripts/prey system/prey.lua:230: in function 'preyAction'
2020-10-02 23:18:22 -  	data/modules/scripts/prey system/prey.lua:216: in function <data/modules/scripts/prey system/prey.lua:210>
2020-10-02 23:18:22 -  
2020-10-02 23:18:22 -  Lua Script Error: [Modules Interface] 
2020-10-02 23:18:22 -  data/modules/scripts/prey system/prey.lua:onRecvbyte
2020-10-02 23:18:22 -  data/modules/scripts/prey system/prey.lua:405: attempt to call method 'getPreyCurrentMonster' (a nil value)
2020-10-02 23:18:22 -  stack traceback:
2020-10-02 23:18:22 -  	[C]: in function 'getPreyCurrentMonster'
2020-10-02 23:18:22 -  	data/modules/scripts/prey system/prey.lua:405: in function 'sendPreyData'
2020-10-02 23:18:22 -  	data/modules/scripts/prey system/prey.lua:212: in function <data/modules/scripts/prey system/prey.lua:210>
2020-10-02 23:18:26 -  
2020-10-02 23:18:26 -  Lua Script Error: [Modules Interface] 
2020-10-02 23:18:26 -  data/modules/scripts/prey system/prey.lua:onRecvbyte
2020-10-02 23:18:26 -  data/modules/scripts/prey system/prey.lua:230: attempt to call method 'getPreyUnlocked' (a nil value)
2020-10-02 23:18:26 -  stack traceback:
2020-10-02 23:18:26 -  	[C]: in function 'getPreyUnlocked'
2020-10-02 23:18:26 -  	data/modules/scripts/prey system/prey.lua:230: in function 'preyAction'
2020-10-02 23:18:26 -  	data/modules/scripts/prey system/prey.lua:216: in function <data/modules/scripts/prey system/prey.lua:210>
2020-10-02 23:18:26 -  
2020-10-02 23:18:26 -  Lua Script Error: [Modules Interface] 
2020-10-02 23:18:26 -  data/modules/scripts/prey system/prey.lua:onRecvbyte
2020-10-02 23:18:26 -  data/modules/scripts/prey system/prey.lua:405: attempt to call method 'getPreyCurrentMonster' (a nil value)
2020-10-02 23:18:26 -  stack traceback:
2020-10-02 23:18:26 -  	[C]: in function 'getPreyCurrentMonster'
2020-10-02 23:18:26 -  	data/modules/scripts/prey system/prey.lua:405: in function 'sendPreyData'
2020-10-02 23:18:26 -  	data/modules/scripts/prey system/prey.lua:212: in function <data/modules/scripts/prey system/prey.lua:210>
2020-10-02 23:18:29 -  
2020-10-02 23:18:29 -  Lua Script Error: [Modules Interface] 
2020-10-02 23:18:29 -  data/modules/scripts/prey system/prey.lua:onRecvbyte
2020-10-02 23:18:29 -  data/modules/scripts/prey system/prey.lua:230: attempt to call method 'getPreyUnlocked' (a nil value)
2020-10-02 23:18:29 -  stack traceback:
2020-10-02 23:18:29 -  	[C]: in function 'getPreyUnlocked'
2020-10-02 23:18:29 -  	data/modules/scripts/prey system/prey.lua:230: in function 'preyAction'
2020-10-02 23:18:29 -  	data/modules/scripts/prey system/prey.lua:216: in function <data/modules/scripts/prey system/prey.lua:210>
2020-10-02 23:18:29 -  
2020-10-02 23:18:29 -  Lua Script Error: [Modules Interface] 
2020-10-02 23:18:29 -  data/modules/scripts/prey system/prey.lua:onRecvbyte
2020-10-02 23:18:29 -  data/modules/scripts/prey system/prey.lua:405: attempt to call method 'getPreyCurrentMonster' (a nil value)
2020-10-02 23:18:29 -  stack traceback:
2020-10-02 23:18:29 -  	[C]: in function 'getPreyCurrentMonster'
2020-10-02 23:18:29 -  	data/modules/scripts/prey system/prey.lua:405: in function 'sendPreyData'
2020-10-02 23:18:29 -  	data/modules/scripts/prey system/prey.lua:212: in function <data/modules/scripts/prey system/prey.lua:210>
2020-10-02 23:18:32 -  
2020-10-02 23:18:32 -  Lua Script Error: [Modules Interface] 
2020-10-02 23:18:32 -  data/modules/scripts/prey system/prey.lua:onRecvbyte
2020-10-02 23:18:32 -  data/modules/scripts/prey system/prey.lua:230: attempt to call method 'getPreyUnlocked' (a nil value)
2020-10-02 23:18:32 -  stack traceback:
2020-10-02 23:18:32 -  	[C]: in function 'getPreyUnlocked'
2020-10-02 23:18:32 -  	data/modules/scripts/prey system/prey.lua:230: in function 'preyAction'
2020-10-02 23:18:32 -  	data/modules/scripts/prey system/prey.lua:216: in function <data/modules/scripts/prey system/prey.lua:210>
2020-10-02 23:18:32 -  
2020-10-02 23:18:32 -  Lua Script Error: [Modules Interface] 
2020-10-02 23:18:32 -  data/modules/scripts/prey system/prey.lua:onRecvbyte
2020-10-02 23:18:32 -  data/modules/scripts/prey system/prey.lua:405: attempt to call method 'getPreyCurrentMonster' (a nil value)
2020-10-02 23:18:32 -  stack traceback:
2020-10-02 23:18:32 -  	[C]: in function 'getPreyCurrentMonster'
2020-10-02 23:18:32 -  	data/modules/scripts/prey system/prey.lua:405: in function 'sendPreyData'
2020-10-02 23:18:32 -  	data/modules/scripts/prey system/prey.lua:212: in function <data/modules/scripts/prey system/prey.lua:210>
2020-10-02 23:18:36 -  
2020-10-02 23:18:36 -  Lua Script Error: [Modules Interface] 
2020-10-02 23:18:36 -  data/modules/scripts/prey system/prey.lua:onRecvbyte
2020-10-02 23:18:36 -  data/modules/scripts/prey system/prey.lua:230: attempt to call method 'getPreyUnlocked' (a nil value)
2020-10-02 23:18:36 -  stack traceback:
2020-10-02 23:18:36 -  	[C]: in function 'getPreyUnlocked'
2020-10-02 23:18:36 -  	data/modules/scripts/prey system/prey.lua:230: in function 'preyAction'
2020-10-02 23:18:36 -  	data/modules/scripts/prey system/prey.lua:216: in function <data/modules/scripts/prey system/prey.lua:210>
2020-10-02 23:18:36 -  
2020-10-02 23:18:36 -  Lua Script Error: [Modules Interface] 
2020-10-02 23:18:36 -  data/modules/scripts/prey system/prey.lua:onRecvbyte
2020-10-02 23:18:36 -  data/modules/scripts/prey system/prey.lua:405: attempt to call method 'getPreyCurrentMonster' (a nil value)
2020-10-02 23:18:36 -  stack traceback:
2020-10-02 23:18:36 -  	[C]: in function 'getPreyCurrentMonster'
2020-10-02 23:18:36 -  	data/modules/scripts/prey system/prey.lua:405: in function 'sendPreyData'
2020-10-02 23:18:36 -  	data/modules/scripts/prey system/prey.lua:212: in function <data/modules/scripts/prey system/prey.lua:210>
2020-10-02 23:18:39 -  
2020-10-02 23:18:39 -  Lua Script Error: [Modules Interface] 
2020-10-02 23:18:39 -  data/modules/scripts/prey system/prey.lua:onRecvbyte
2020-10-02 23:18:39 -  data/modules/scripts/prey system/prey.lua:230: attempt to call method 'getPreyUnlocked' (a nil value)
2020-10-02 23:18:39 -  stack traceback:
2020-10-02 23:18:39 -  	[C]: in function 'getPreyUnlocked'
2020-10-02 23:18:39 -  	data/modules/scripts/prey system/prey.lua:230: in function 'preyAction'
2020-10-02 23:18:39 -  	data/modules/scripts/prey system/prey.lua:216: in function <data/modules/scripts/prey system/prey.lua:210>
2020-10-02 23:18:39 -  
2020-10-02 23:18:39 -  Lua Script Error: [Modules Interface] 
2020-10-02 23:18:39 -  data/modules/scripts/prey system/prey.lua:onRecvbyte
2020-10-02 23:18:39 -  data/modules/scripts/prey system/prey.lua:405: attempt to call method 'getPreyCurrentMonster' (a nil value)
2020-10-02 23:18:39 -  stack traceback:
2020-10-02 23:18:39 -  	[C]: in function 'getPreyCurrentMonster'
2020-10-02 23:18:39 -  	data/modules/scripts/prey system/prey.lua:405: in function 'sendPreyData'
2020-10-02 23:18:39 -  	data/modules/scripts/prey system/prey.lua:212: in function <data/modules/scripts/prey system/prey.lua:210>
2020-10-02 23:18:45 -  
2020-10-02 23:18:45 -  Lua Script Error: [Modules Interface] 
2020-10-02 23:18:45 -  data/modules/scripts/prey system/prey.lua:onRecvbyte
2020-10-02 23:18:45 -  data/modules/scripts/prey system/prey.lua:230: attempt to call method 'getPreyUnlocked' (a nil value)
2020-10-02 23:18:45 -  stack traceback:
2020-10-02 23:18:45 -  	[C]: in function 'getPreyUnlocked'
2020-10-02 23:18:45 -  	data/modules/scripts/prey system/prey.lua:230: in function 'preyAction'
2020-10-02 23:18:45 -  	data/modules/scripts/prey system/prey.lua:216: in function <data/modules/scripts/prey system/prey.lua:210>
2020-10-02 23:18:45 -  
2020-10-02 23:18:45 -  Lua Script Error: [Modules Interface] 
2020-10-02 23:18:45 -  data/modules/scripts/prey system/prey.lua:onRecvbyte
2020-10-02 23:18:45 -  data/modules/scripts/prey system/prey.lua:405: attempt to call method 'getPreyCurrentMonster' (a nil value)
2020-10-02 23:18:45 -  stack traceback:
2020-10-02 23:18:45 -  	[C]: in function 'getPreyCurrentMonster'
2020-10-02 23:18:45 -  	data/modules/scripts/prey system/prey.lua:405: in function 'sendPreyData'
2020-10-02 23:18:45 -  	data/modules/scripts/prey system/prey.lua:212: in function <data/modules/scripts/prey system/prey.lua:210>
2020-10-02 23:18:54 -  
2020-10-02 23:18:54 -  Lua Script Error: [Modules Interface] 
2020-10-02 23:18:54 -  data/modules/scripts/prey system/prey.lua:onRecvbyte
2020-10-02 23:18:54 -  data/modules/scripts/prey system/prey.lua:230: attempt to call method 'getPreyUnlocked' (a nil value)
2020-10-02 23:18:54 -  stack traceback:
2020-10-02 23:18:54 -  	[C]: in function 'getPreyUnlocked'
2020-10-02 23:18:54 -  	data/modules/scripts/prey system/prey.lua:230: in function 'preyAction'
2020-10-02 23:18:54 -  	data/modules/scripts/prey system/prey.lua:216: in function <data/modules/scripts/prey system/prey.lua:210>
2020-10-02 23:18:54 -  
2020-10-02 23:18:54 -  Lua Script Error: [Modules Interface] 
2020-10-02 23:18:54 -  data/modules/scripts/prey system/prey.lua:onRecvbyte
2020-10-02 23:18:54 -  data/modules/scripts/prey system/prey.lua:405: attempt to call method 'getPreyCurrentMonster' (a nil value)
2020-10-02 23:18:54 -  stack traceback:
2020-10-02 23:18:54 -  	[C]: in function 'getPreyCurrentMonster'
2020-10-02 23:18:54 -  	data/modules/scripts/prey system/prey.lua:405: in function 'sendPreyData'
2020-10-02 23:18:54 -  	data/modules/scripts/prey system/prey.lua:212: in function <data/modules/scripts/prey system/prey.lua:210>
2020-10-02 23:18:58 -  
2020-10-02 23:18:58 -  Lua Script Error: [Modules Interface] 
2020-10-02 23:18:58 -  data/modules/scripts/prey system/prey.lua:onRecvbyte
2020-10-02 23:18:58 -  data/modules/scripts/prey system/prey.lua:230: attempt to call method 'getPreyUnlocked' (a nil value)
2020-10-02 23:18:58 -  stack traceback:
2020-10-02 23:18:58 -  	[C]: in function 'getPreyUnlocked'
2020-10-02 23:18:58 -  	data/modules/scripts/prey system/prey.lua:230: in function 'preyAction'
2020-10-02 23:18:58 -  	data/modules/scripts/prey system/prey.lua:216: in function <data/modules/scripts/prey system/prey.lua:210>
2020-10-02 23:18:58 -  
2020-10-02 23:18:58 -  Lua Script Error: [Modules Interface] 
2020-10-02 23:18:58 -  data/modules/scripts/prey system/prey.lua:onRecvbyte
2020-10-02 23:18:58 -  data/modules/scripts/prey system/prey.lua:405: attempt to call method 'getPreyCurrentMonster' (a nil value)
2020-10-02 23:18:58 -  stack traceback:
2020-10-02 23:18:58 -  	[C]: in function 'getPreyCurrentMonster'
2020-10-02 23:18:58 -  	data/modules/scripts/prey system/prey.lua:405: in function 'sendPreyData'
2020-10-02 23:18:58 -  	data/modules/scripts/prey system/prey.lua:212: in function <data/modules/scripts/prey system/prey.lua:210>
2020-10-02 23:19:01 -  
2020-10-02 23:19:01 -  Lua Script Error: [Modules Interface] 
2020-10-02 23:19:01 -  data/modules/scripts/prey system/prey.lua:onRecvbyte
2020-10-02 23:19:01 -  data/modules/scripts/prey system/prey.lua:230: attempt to call method 'getPreyUnlocked' (a nil value)
2020-10-02 23:19:01 -  stack traceback:
2020-10-02 23:19:01 -  	[C]: in function 'getPreyUnlocked'
2020-10-02 23:19:01 -  	data/modules/scripts/prey system/prey.lua:230: in function 'preyAction'
2020-10-02 23:19:01 -  	data/modules/scripts/prey system/prey.lua:216: in function <data/modules/scripts/prey system/prey.lua:210>
2020-10-02 23:19:01 -  
2020-10-02 23:19:01 -  Lua Script Error: [Modules Interface] 
2020-10-02 23:19:01 -  data/modules/scripts/prey system/prey.lua:onRecvbyte
2020-10-02 23:19:01 -  data/modules/scripts/prey system/prey.lua:405: attempt to call method 'getPreyCurrentMonster' (a nil value)
2020-10-02 23:19:01 -  stack traceback:
2020-10-02 23:19:01 -  	[C]: in function 'getPreyCurrentMonster'
2020-10-02 23:19:01 -  	data/modules/scripts/prey system/prey.lua:405: in function 'sendPreyData'
2020-10-02 23:19:01 -  	data/modules/scripts/prey system/prey.lua:212: in function <data/modules/scripts/prey system/prey.lua:210>
2020-10-02 23:19:05 -  
2020-10-02 23:19:05 -  Lua Script Error: [Modules Interface] 
2020-10-02 23:19:05 -  data/modules/scripts/prey system/prey.lua:onRecvbyte
2020-10-02 23:19:05 -  data/modules/scripts/prey system/prey.lua:230: attempt to call method 'getPreyUnlocked' (a nil value)
2020-10-02 23:19:05 -  stack traceback:
2020-10-02 23:19:05 -  	[C]: in function 'getPreyUnlocked'
2020-10-02 23:19:05 -  	data/modules/scripts/prey system/prey.lua:230: in function 'preyAction'
2020-10-02 23:19:05 -  	data/modules/scripts/prey system/prey.lua:216: in function <data/modules/scripts/prey system/prey.lua:210>
2020-10-02 23:19:05 -  
2020-10-02 23:19:05 -  Lua Script Error: [Modules Interface] 
2020-10-02 23:19:05 -  data/modules/scripts/prey system/prey.lua:onRecvbyte
2020-10-02 23:19:05 -  data/modules/scripts/prey system/prey.lua:405: attempt to call method 'getPreyCurrentMonster' (a nil value)
2020-10-02 23:19:05 -  stack traceback:
2020-10-02 23:19:05 -  	[C]: in function 'getPreyCurrentMonster'
2020-10-02 23:19:05 -  	data/modules/scripts/prey system/prey.lua:405: in function 'sendPreyData'
2020-10-02 23:19:05 -  	data/modules/scripts/prey system/prey.lua:212: in function <data/modules/scripts/prey system/prey.lua:210>
2020-10-02 23:19:08 -  
2020-10-02 23:19:08 -  Lua Script Error: [Modules Interface] 
2020-10-02 23:19:08 -  data/modules/scripts/prey system/prey.lua:onRecvbyte
2020-10-02 23:19:08 -  data/modules/scripts/prey system/prey.lua:230: attempt to call method 'getPreyUnlocked' (a nil value)
2020-10-02 23:19:08 -  stack traceback:
2020-10-02 23:19:08 -  	[C]: in function 'getPreyUnlocked'
2020-10-02 23:19:08 -  	data/modules/scripts/prey system/prey.lua:230: in function 'preyAction'
2020-10-02 23:19:08 -  	data/modules/scripts/prey system/prey.lua:216: in function <data/modules/scripts/prey system/prey.lua:210>
2020-10-02 23:19:08 -  
2020-10-02 23:19:08 -  Lua Script Error: [Modules Interface] 
2020-10-02 23:19:08 -  data/modules/scripts/prey system/prey.lua:onRecvbyte
2020-10-02 23:19:08 -  data/modules/scripts/prey system/prey.lua:405: attempt to call method 'getPreyCurrentMonster' (a nil value)
2020-10-02 23:19:08 -  stack traceback:
2020-10-02 23:19:08 -  	[C]: in function 'getPreyCurrentMonster'
2020-10-02 23:19:08 -  	data/modules/scripts/prey system/prey.lua:405: in function 'sendPreyData'
2020-10-02 23:19:08 -  	data/modules/scripts/prey system/prey.lua:212: in function <data/modules/scripts/prey system/prey.lua:210>
2020-10-02 23:19:12 -  
2020-10-02 23:19:12 -  Lua Script Error: [Modules Interface] 
2020-10-02 23:19:12 -  data/modules/scripts/prey system/prey.lua:onRecvbyte
2020-10-02 23:19:12 -  data/modules/scripts/prey system/prey.lua:230: attempt to call method 'getPreyUnlocked' (a nil value)
2020-10-02 23:19:12 -  stack traceback:
2020-10-02 23:19:12 -  	[C]: in function 'getPreyUnlocked'
2020-10-02 23:19:12 -  	data/modules/scripts/prey system/prey.lua:230: in function 'preyAction'
2020-10-02 23:19:12 -  	data/modules/scripts/prey system/prey.lua:216: in function <data/modules/scripts/prey system/prey.lua:210>
2020-10-02 23:19:12 -  
2020-10-02 23:19:12 -  Lua Script Error: [Modules Interface] 
2020-10-02 23:19:12 -  data/modules/scripts/prey system/prey.lua:onRecvbyte
2020-10-02 23:19:12 -  data/modules/scripts/prey system/prey.lua:405: attempt to call method 'getPreyCurrentMonster' (a nil value)
2020-10-02 23:19:12 -  stack traceback:
2020-10-02 23:19:12 -  	[C]: in function 'getPreyCurrentMonster'
2020-10-02 23:19:12 -  	data/modules/scripts/prey system/prey.lua:405: in function 'sendPreyData'
2020-10-02 23:19:12 -  	data/modules/scripts/prey system/prey.lua:212: in function <data/modules/scripts/prey system/prey.lua:210>
2020-10-02 23:19:18 -  
2020-10-02 23:19:18 -  Lua Script Error: [Modules Interface] 
2020-10-02 23:19:18 -  data/modules/scripts/prey system/prey.lua:onRecvbyte
2020-10-02 23:19:18 -  data/modules/scripts/prey system/prey.lua:230: attempt to call method 'getPreyUnlocked' (a nil value)
2020-10-02 23:19:18 -  stack traceback:
2020-10-02 23:19:18 -  	[C]: in function 'getPreyUnlocked'
2020-10-02 23:19:18 -  	data/modules/scripts/prey system/prey.lua:230: in function 'preyAction'
2020-10-02 23:19:18 -  	data/modules/scripts/prey system/prey.lua:216: in function <data/modules/scripts/prey system/prey.lua:210>
2020-10-02 23:19:18 -  
2020-10-02 23:19:18 -  Lua Script Error: [Modules Interface] 
2020-10-02 23:19:18 -  data/modules/scripts/prey system/prey.lua:onRecvbyte
2020-10-02 23:19:18 -  data/modules/scripts/prey system/prey.lua:405: attempt to call method 'getPreyCurrentMonster' (a nil value)
2020-10-02 23:19:18 -  stack traceback:
2020-10-02 23:19:18 -  	[C]: in function 'getPreyCurrentMonster'
2020-10-02 23:19:18 -  	data/modules/scripts/prey system/prey.lua:405: in function 'sendPreyData'
2020-10-02 23:19:18 -  	data/modules/scripts/prey system/prey.lua:212: in function <data/modules/scripts/prey system/prey.lua:210>
2020-10-02 23:19:21 -  
2020-10-02 23:19:21 -  Lua Script Error: [Modules Interface] 
2020-10-02 23:19:21 -  data/modules/scripts/prey system/prey.lua:onRecvbyte
2020-10-02 23:19:21 -  data/modules/scripts/prey system/prey.lua:230: attempt to call method 'getPreyUnlocked' (a nil value)
2020-10-02 23:19:21 -  stack traceback:
2020-10-02 23:19:21 -  	[C]: in function 'getPreyUnlocked'
2020-10-02 23:19:21 -  	data/modules/scripts/prey system/prey.lua:230: in function 'preyAction'
2020-10-02 23:19:21 -  	data/modules/scripts/prey system/prey.lua:216: in function <data/modules/scripts/prey system/prey.lua:210>
2020-10-02 23:19:21 -  
2020-10-02 23:19:21 -  Lua Script Error: [Modules Interface] 
2020-10-02 23:19:21 -  data/modules/scripts/prey system/prey.lua:onRecvbyte
2020-10-02 23:19:21 -  data/modules/scripts/prey system/prey.lua:405: attempt to call method 'getPreyCurrentMonster' (a nil value)
2020-10-02 23:19:21 -  stack traceback:
2020-10-02 23:19:21 -  	[C]: in function 'getPreyCurrentMonster'
2020-10-02 23:19:21 -  	data/modules/scripts/prey system/prey.lua:405: in function 'sendPreyData'
2020-10-02 23:19:21 -  	data/modules/scripts/prey system/prey.lua:212: in function <data/modules/scripts/prey system/prey.lua:210>
2020-10-02 23:19:24 -  
2020-10-02 23:19:24 -  Lua Script Error: [Modules Interface] 
2020-10-02 23:19:24 -  data/modules/scripts/prey system/prey.lua:onRecvbyte
2020-10-02 23:19:24 -  data/modules/scripts/prey system/prey.lua:230: attempt to call method 'getPreyUnlocked' (a nil value)
2020-10-02 23:19:24 -  stack traceback:
2020-10-02 23:19:24 -  	[C]: in function 'getPreyUnlocked'
2020-10-02 23:19:24 -  	data/modules/scripts/prey system/prey.lua:230: in function 'preyAction'
2020-10-02 23:19:24 -  	data/modules/scripts/prey system/prey.lua:216: in function <data/modules/scripts/prey system/prey.lua:210>
2020-10-02 23:19:24 -  
2020-10-02 23:19:24 -  Lua Script Error: [Modules Interface] 
2020-10-02 23:19:24 -  data/modules/scripts/prey system/prey.lua:onRecvbyte
2020-10-02 23:19:24 -  data/modules/scripts/prey system/prey.lua:405: attempt to call method 'getPreyCurrentMonster' (a nil value)
2020-10-02 23:19:24 -  stack traceback:
2020-10-02 23:19:24 -  	[C]: in function 'getPreyCurrentMonster'
2020-10-02 23:19:24 -  	data/modules/scripts/prey system/prey.lua:405: in function 'sendPreyData'
2020-10-02 23:19:24 -  	data/modules/scripts/prey system/prey.lua:212: in function <data/modules/scripts/prey system/prey.lua:210>
2020-10-02 23:19:27 -  
2020-10-02 23:19:27 -  Lua Script Error: [Modules Interface] 
2020-10-02 23:19:27 -  data/modules/scripts/prey system/prey.lua:onRecvbyte
2020-10-02 23:19:27 -  data/modules/scripts/prey system/prey.lua:230: attempt to call method 'getPreyUnlocked' (a nil value)
2020-10-02 23:19:27 -  stack traceback:
2020-10-02 23:19:27 -  	[C]: in function 'getPreyUnlocked'
2020-10-02 23:19:27 -  	data/modules/scripts/prey system/prey.lua:230: in function 'preyAction'
2020-10-02 23:19:27 -  	data/modules/scripts/prey system/prey.lua:216: in function <data/modules/scripts/prey system/prey.lua:210>
2020-10-02 23:19:27 -  
2020-10-02 23:19:27 -  Lua Script Error: [Modules Interface] 
2020-10-02 23:19:27 -  data/modules/scripts/prey system/prey.lua:onRecvbyte
2020-10-02 23:19:27 -  data/modules/scripts/prey system/prey.lua:405: attempt to call method 'getPreyCurrentMonster' (a nil value)
2020-10-02 23:19:27 -  stack traceback:
2020-10-02 23:19:27 -  	[C]: in function 'getPreyCurrentMonster'
2020-10-02 23:19:27 -  	data/modules/scripts/prey system/prey.lua:405: in function 'sendPreyData'
2020-10-02 23:19:27 -  	data/modules/scripts/prey system/prey.lua:212: in function <data/modules/scripts/prey system/prey.lua:210>
2020-10-02 23:19:31 -  
2020-10-02 23:19:31 -  Lua Script Error: [Modules Interface] 
2020-10-02 23:19:31 -  data/modules/scripts/prey system/prey.lua:onRecvbyte
2020-10-02 23:19:31 -  data/modules/scripts/prey system/prey.lua:230: attempt to call method 'getPreyUnlocked' (a nil value)
2020-10-02 23:19:31 -  stack traceback:
2020-10-02 23:19:31 -  	[C]: in function 'getPreyUnlocked'
2020-10-02 23:19:31 -  	data/modules/scripts/prey system/prey.lua:230: in function 'preyAction'
2020-10-02 23:19:31 -  	data/modules/scripts/prey system/prey.lua:216: in function <data/modules/scripts/prey system/prey.lua:210>
2020-10-02 23:19:31 -  
2020-10-02 23:19:31 -  Lua Script Error: [Modules Interface] 
2020-10-02 23:19:31 -  data/modules/scripts/prey system/prey.lua:onRecvbyte
2020-10-02 23:19:31 -  data/modules/scripts/prey system/prey.lua:405: attempt to call method 'getPreyCurrentMonster' (a nil value)
2020-10-02 23:19:31 -  stack traceback:
2020-10-02 23:19:31 -  	[C]: in function 'getPreyCurrentMonster'
2020-10-02 23:19:31 -  	data/modules/scripts/prey system/prey.lua:405: in function 'sendPreyData'
2020-10-02 23:19:31 -  	data/modules/scripts/prey system/prey.lua:212: in function <data/modules/scripts/prey system/prey.lua:210>
2020-10-02 23:19:33 -  
2020-10-02 23:19:33 -  Lua Script Error: [Modules Interface] 
2020-10-02 23:19:33 -  data/modules/scripts/prey system/prey.lua:onRecvbyte
2020-10-02 23:19:33 -  data/modules/scripts/prey system/prey.lua:230: attempt to call method 'getPreyUnlocked' (a nil value)
2020-10-02 23:19:33 -  stack traceback:
2020-10-02 23:19:33 -  	[C]: in function 'getPreyUnlocked'
2020-10-02 23:19:33 -  	data/modules/scripts/prey system/prey.lua:230: in function 'preyAction'
2020-10-02 23:19:33 -  	data/modules/scripts/prey system/prey.lua:216: in function <data/modules/scripts/prey system/prey.lua:210>
2020-10-02 23:19:33 -  
2020-10-02 23:19:33 -  Lua Script Error: [Modules Interface] 
2020-10-02 23:19:33 -  data/modules/scripts/prey system/prey.lua:onRecvbyte
2020-10-02 23:19:33 -  data/modules/scripts/prey system/prey.lua:405: attempt to call method 'getPreyCurrentMonster' (a nil value)
2020-10-02 23:19:33 -  stack traceback:
2020-10-02 23:19:33 -  	[C]: in function 'getPreyCurrentMonster'
2020-10-02 23:19:33 -  	data/modules/scripts/prey system/prey.lua:405: in function 'sendPreyData'
2020-10-02 23:19:33 -  	data/modules/scripts/prey system/prey.lua:212: in function <data/modules/scripts/prey system/prey.lua:210>
2020-10-02 23:19:36 -  
2020-10-02 23:19:36 -  Lua Script Error: [Modules Interface] 
2020-10-02 23:19:36 -  data/modules/scripts/prey system/prey.lua:onRecvbyte
2020-10-02 23:19:36 -  data/modules/scripts/prey system/prey.lua:230: attempt to call method 'getPreyUnlocked' (a nil value)
2020-10-02 23:19:36 -  stack traceback:
2020-10-02 23:19:36 -  	[C]: in function 'getPreyUnlocked'
2020-10-02 23:19:36 -  	data/modules/scripts/prey system/prey.lua:230: in function 'preyAction'
2020-10-02 23:19:36 -  	data/modules/scripts/prey system/prey.lua:216: in function <data/modules/scripts/prey system/prey.lua:210>
2020-10-02 23:19:36 -  
2020-10-02 23:19:36 -  Lua Script Error: [Modules Interface] 
2020-10-02 23:19:36 -  data/modules/scripts/prey system/prey.lua:onRecvbyte
2020-10-02 23:19:36 -  data/modules/scripts/prey system/prey.lua:405: attempt to call method 'getPreyCurrentMonster' (a nil value)
2020-10-02 23:19:36 -  stack traceback:
2020-10-02 23:19:36 -  	[C]: in function 'getPreyCurrentMonster'
2020-10-02 23:19:36 -  	data/modules/scripts/prey system/prey.lua:405: in function 'sendPreyData'
2020-10-02 23:19:36 -  	data/modules/scripts/prey system/prey.lua:212: in function <data/modules/scripts/prey system/prey.lua:210>
2020-10-02 23:19:40 -  
2020-10-02 23:19:40 -  Lua Script Error: [Modules Interface] 
2020-10-02 23:19:40 -  data/modules/scripts/prey system/prey.lua:onRecvbyte
2020-10-02 23:19:40 -  data/modules/scripts/prey system/prey.lua:230: attempt to call method 'getPreyUnlocked' (a nil value)
2020-10-02 23:19:40 -  stack traceback:
2020-10-02 23:19:40 -  	[C]: in function 'getPreyUnlocked'
2020-10-02 23:19:40 -  	data/modules/scripts/prey system/prey.lua:230: in function 'preyAction'
2020-10-02 23:19:40 -  	data/modules/scripts/prey system/prey.lua:216: in function <data/modules/scripts/prey system/prey.lua:210>
2020-10-02 23:19:40 -  
2020-10-02 23:19:40 -  Lua Script Error: [Modules Interface] 
2020-10-02 23:19:40 -  data/modules/scripts/prey system/prey.lua:onRecvbyte
2020-10-02 23:19:40 -  data/modules/scripts/prey system/prey.lua:405: attempt to call method 'getPreyCurrentMonster' (a nil value)
2020-10-02 23:19:40 -  stack traceback:
2020-10-02 23:19:40 -  	[C]: in function 'getPreyCurrentMonster'
2020-10-02 23:19:40 -  	data/modules/scripts/prey system/prey.lua:405: in function 'sendPreyData'
2020-10-02 23:19:40 -  	data/modules/scripts/prey system/prey.lua:212: in function <data/modules/scripts/prey system/prey.lua:210>
2020-10-02 23:19:43 -  
2020-10-02 23:19:43 -  Lua Script Error: [Modules Interface] 
2020-10-02 23:19:43 -  data/modules/scripts/prey system/prey.lua:onRecvbyte
2020-10-02 23:19:43 -  data/modules/scripts/prey system/prey.lua:230: attempt to call method 'getPreyUnlocked' (a nil value)
2020-10-02 23:19:43 -  stack traceback:
2020-10-02 23:19:43 -  	[C]: in function 'getPreyUnlocked'
2020-10-02 23:19:43 -  	data/modules/scripts/prey system/prey.lua:230: in function 'preyAction'
2020-10-02 23:19:43 -  	data/modules/scripts/prey system/prey.lua:216: in function <data/modules/scripts/prey system/prey.lua:210>
2020-10-02 23:19:43 -  
2020-10-02 23:19:43 -  Lua Script Error: [Modules Interface] 
2020-10-02 23:19:43 -  data/modules/scripts/prey system/prey.lua:onRecvbyte
2020-10-02 23:19:43 -  data/modules/scripts/prey system/prey.lua:405: attempt to call method 'getPreyCurrentMonster' (a nil value)
2020-10-02 23:19:43 -  stack traceback:
2020-10-02 23:19:43 -  	[C]: in function 'getPreyCurrentMonster'
2020-10-02 23:19:43 -  	data/modules/scripts/prey system/prey.lua:405: in function 'sendPreyData'
2020-10-02 23:19:43 -  	data/modules/scripts/prey system/prey.lua:212: in function <data/modules/scripts/prey system/prey.lua:210>
2020-10-02 23:19:45 -  
2020-10-02 23:19:45 -  Lua Script Error: [Modules Interface] 
2020-10-02 23:19:45 -  data/modules/scripts/prey system/prey.lua:onRecvbyte
2020-10-02 23:19:45 -  data/modules/scripts/prey system/prey.lua:230: attempt to call method 'getPreyUnlocked' (a nil value)
2020-10-02 23:19:45 -  stack traceback:
2020-10-02 23:19:45 -  	[C]: in function 'getPreyUnlocked'
2020-10-02 23:19:45 -  	data/modules/scripts/prey system/prey.lua:230: in function 'preyAction'
2020-10-02 23:19:45 -  	data/modules/scripts/prey system/prey.lua:216: in function <data/modules/scripts/prey system/prey.lua:210>
2020-10-02 23:19:45 -  
2020-10-02 23:19:45 -  Lua Script Error: [Modules Interface] 
2020-10-02 23:19:45 -  data/modules/scripts/prey system/prey.lua:onRecvbyte
2020-10-02 23:19:45 -  data/modules/scripts/prey system/prey.lua:405: attempt to call method 'getPreyCurrentMonster' (a nil value)
2020-10-02 23:19:45 -  stack traceback:
2020-10-02 23:19:45 -  	[C]: in function 'getPreyCurrentMonster'
2020-10-02 23:19:45 -  	data/modules/scripts/prey system/prey.lua:405: in function 'sendPreyData'
2020-10-02 23:19:45 -  	data/modules/scripts/prey system/prey.lua:212: in function <data/modules/scripts/prey system/prey.lua:210>
2020-10-02 23:19:48 -  
2020-10-02 23:19:48 -  Lua Script Error: [Modules Interface] 
2020-10-02 23:19:48 -  data/modules/scripts/prey system/prey.lua:onRecvbyte
2020-10-02 23:19:48 -  data/modules/scripts/prey system/prey.lua:230: attempt to call method 'getPreyUnlocked' (a nil value)
2020-10-02 23:19:48 -  stack traceback:
2020-10-02 23:19:48 -  	[C]: in function 'getPreyUnlocked'
2020-10-02 23:19:48 -  	data/modules/scripts/prey system/prey.lua:230: in function 'preyAction'
2020-10-02 23:19:48 -  	data/modules/scripts/prey system/prey.lua:216: in function <data/modules/scripts/prey system/prey.lua:210>
2020-10-02 23:19:48 -  
2020-10-02 23:19:48 -  Lua Script Error: [Modules Interface] 
2020-10-02 23:19:48 -  data/modules/scripts/prey system/prey.lua:onRecvbyte
2020-10-02 23:19:48 -  data/modules/scripts/prey system/prey.lua:405: attempt to call method 'getPreyCurrentMonster' (a nil value)
2020-10-02 23:19:48 -  stack traceback:
2020-10-02 23:19:48 -  	[C]: in function 'getPreyCurrentMonster'
2020-10-02 23:19:48 -  	data/modules/scripts/prey system/prey.lua:405: in function 'sendPreyData'
2020-10-02 23:19:48 -  	data/modules/scripts/prey system/prey.lua:212: in function <data/modules/scripts/prey system/prey.lua:210>
2020-10-02 23:19:50 -  
2020-10-02 23:19:50 -  Lua Script Error: [Modules Interface] 
2020-10-02 23:19:50 -  data/modules/scripts/prey system/prey.lua:onRecvbyte
2020-10-02 23:19:50 -  data/modules/scripts/prey system/prey.lua:230: attempt to call method 'getPreyUnlocked' (a nil value)
2020-10-02 23:19:50 -  stack traceback:
2020-10-02 23:19:50 -  	[C]: in function 'getPreyUnlocked'
2020-10-02 23:19:50 -  	data/modules/scripts/prey system/prey.lua:230: in function 'preyAction'
2020-10-02 23:19:50 -  	data/modules/scripts/prey system/prey.lua:216: in function <data/modules/scripts/prey system/prey.lua:210>
2020-10-02 23:19:50 -  
2020-10-02 23:19:50 -  Lua Script Error: [Modules Interface] 
2020-10-02 23:19:50 -  data/modules/scripts/prey system/prey.lua:onRecvbyte
2020-10-02 23:19:50 -  data/modules/scripts/prey system/prey.lua:405: attempt to call method 'getPreyCurrentMonster' (a nil value)
2020-10-02 23:19:50 -  stack traceback:
2020-10-02 23:19:50 -  	[C]: in function 'getPreyCurrentMonster'
2020-10-02 23:19:50 -  	data/modules/scripts/prey system/prey.lua:405: in function 'sendPreyData'
2020-10-02 23:19:50 -  	data/modules/scripts/prey system/prey.lua:212: in function <data/modules/scripts/prey system/prey.lua:210>
2020-10-02 23:19:53 -  
2020-10-02 23:19:53 -  Lua Script Error: [Modules Interface] 
2020-10-02 23:19:53 -  data/modules/scripts/prey system/prey.lua:onRecvbyte
2020-10-02 23:19:53 -  data/modules/scripts/prey system/prey.lua:230: attempt to call method 'getPreyUnlocked' (a nil value)
2020-10-02 23:19:53 -  stack traceback:
2020-10-02 23:19:53 -  	[C]: in function 'getPreyUnlocked'
2020-10-02 23:19:53 -  	data/modules/scripts/prey system/prey.lua:230: in function 'preyAction'
2020-10-02 23:19:53 -  	data/modules/scripts/prey system/prey.lua:216: in function <data/modules/scripts/prey system/prey.lua:210>
2020-10-02 23:19:53 -  
2020-10-02 23:19:53 -  Lua Script Error: [Modules Interface] 
2020-10-02 23:19:53 -  data/modules/scripts/prey system/prey.lua:onRecvbyte
2020-10-02 23:19:53 -  data/modules/scripts/prey system/prey.lua:405: attempt to call method 'getPreyCurrentMonster' (a nil value)
2020-10-02 23:19:53 -  stack traceback:
2020-10-02 23:19:53 -  	[C]: in function 'getPreyCurrentMonster'
2020-10-02 23:19:53 -  	data/modules/scripts/prey system/prey.lua:405: in function 'sendPreyData'
2020-10-02 23:19:53 -  	data/modules/scripts/prey system/prey.lua:212: in function <data/modules/scripts/prey system/prey.lua:210>
2020-10-02 23:19:55 -  
2020-10-02 23:19:55 -  Lua Script Error: [Modules Interface] 
2020-10-02 23:19:55 -  data/modules/scripts/prey system/prey.lua:onRecvbyte
2020-10-02 23:19:55 -  data/modules/scripts/prey system/prey.lua:230: attempt to call method 'getPreyUnlocked' (a nil value)
2020-10-02 23:19:55 -  stack traceback:
2020-10-02 23:19:55 -  	[C]: in function 'getPreyUnlocked'
2020-10-02 23:19:55 -  	data/modules/scripts/prey system/prey.lua:230: in function 'preyAction'
2020-10-02 23:19:55 -  	data/modules/scripts/prey system/prey.lua:216: in function <data/modules/scripts/prey system/prey.lua:210>
2020-10-02 23:19:55 -  
2020-10-02 23:19:55 -  Lua Script Error: [Modules Interface] 
2020-10-02 23:19:55 -  data/modules/scripts/prey system/prey.lua:onRecvbyte
2020-10-02 23:19:55 -  data/modules/scripts/prey system/prey.lua:405: attempt to call method 'getPreyCurrentMonster' (a nil value)
2020-10-02 23:19:55 -  stack traceback:
2020-10-02 23:19:55 -  	[C]: in function 'getPreyCurrentMonster'
2020-10-02 23:19:55 -  	data/modules/scripts/prey system/prey.lua:405: in function 'sendPreyData'
2020-10-02 23:19:55 -  	data/modules/scripts/prey system/prey.lua:212: in function <data/modules/scripts/prey system/prey.lua:210>
2020-10-02 23:19:57 -  
2020-10-02 23:19:57 -  Lua Script Error: [Modules Interface] 
2020-10-02 23:19:57 -  data/modules/scripts/prey system/prey.lua:onRecvbyte
2020-10-02 23:19:57 -  data/modules/scripts/prey system/prey.lua:230: attempt to call method 'getPreyUnlocked' (a nil value)
2020-10-02 23:19:57 -  stack traceback:
2020-10-02 23:19:57 -  	[C]: in function 'getPreyUnlocked'
2020-10-02 23:19:57 -  	data/modules/scripts/prey system/prey.lua:230: in function 'preyAction'
2020-10-02 23:19:57 -  	data/modules/scripts/prey system/prey.lua:216: in function <data/modules/scripts/prey system/prey.lua:210>
2020-10-02 23:19:57 -  
2020-10-02 23:19:57 -  Lua Script Error: [Modules Interface] 
2020-10-02 23:19:57 -  data/modules/scripts/prey system/prey.lua:onRecvbyte
2020-10-02 23:19:57 -  data/modules/scripts/prey system/prey.lua:405: attempt to call method 'getPreyCurrentMonster' (a nil value)
2020-10-02 23:19:57 -  stack traceback:
2020-10-02 23:19:57 -  	[C]: in function 'getPreyCurrentMonster'
2020-10-02 23:19:57 -  	data/modules/scripts/prey system/prey.lua:405: in function 'sendPreyData'
2020-10-02 23:19:57 -  	data/modules/scripts/prey system/prey.lua:212: in function <data/modules/scripts/prey system/prey.lua:210>
2020-10-02 23:19:59 -  
2020-10-02 23:19:59 -  Lua Script Error: [Modules Interface] 
2020-10-02 23:19:59 -  data/modules/scripts/prey system/prey.lua:onRecvbyte
2020-10-02 23:19:59 -  data/modules/scripts/prey system/prey.lua:230: attempt to call method 'getPreyUnlocked' (a nil value)
2020-10-02 23:19:59 -  stack traceback:
2020-10-02 23:19:59 -  	[C]: in function 'getPreyUnlocked'
2020-10-02 23:19:59 -  	data/modules/scripts/prey system/prey.lua:230: in function 'preyAction'
2020-10-02 23:19:59 -  	data/modules/scripts/prey system/prey.lua:216: in function <data/modules/scripts/prey system/prey.lua:210>
2020-10-02 23:19:59 -  
2020-10-02 23:19:59 -  Lua Script Error: [Modules Interface] 
2020-10-02 23:19:59 -  data/modules/scripts/prey system/prey.lua:onRecvbyte
2020-10-02 23:19:59 -  data/modules/scripts/prey system/prey.lua:405: attempt to call method 'getPreyCurrentMonster' (a nil value)
2020-10-02 23:19:59 -  stack traceback:
2020-10-02 23:19:59 -  	[C]: in function 'getPreyCurrentMonster'
2020-10-02 23:19:59 -  	data/modules/scripts/prey system/prey.lua:405: in function 'sendPreyData'
2020-10-02 23:19:59 -  	data/modules/scripts/prey system/prey.lua:212: in function <data/modules/scripts/prey system/prey.lua:210>
2020-10-02 23:20:00 -  
2020-10-02 23:20:00 -  Lua Script Error: [Event Interface] 
2020-10-02 23:20:00 -  data/events/scripts/player.lua:Player@onMoveItem
2020-10-02 23:20:00 -  data/events/scripts/player.lua:283: attempt to call method 'getId' (a nil value)
2020-10-02 23:20:00 -  stack traceback:
2020-10-02 23:20:00 -  	[C]: in function 'getId'
2020-10-02 23:20:00 -  	data/events/scripts/player.lua:283: in function <data/events/scripts/player.lua:281>
2020-10-02 23:20:01 -  
2020-10-02 23:20:01 -  Lua Script Error: [Modules Interface] 
2020-10-02 23:20:01 -  data/modules/scripts/prey system/prey.lua:onRecvbyte
2020-10-02 23:20:01 -  data/modules/scripts/prey system/prey.lua:230: attempt to call method 'getPreyUnlocked' (a nil value)
2020-10-02 23:20:01 -  stack traceback:
2020-10-02 23:20:01 -  	[C]: in function 'getPreyUnlocked'
2020-10-02 23:20:01 -  	data/modules/scripts/prey system/prey.lua:230: in function 'preyAction'
2020-10-02 23:20:01 -  	data/modules/scripts/prey system/prey.lua:216: in function <data/modules/scripts/prey system/prey.lua:210>
2020-10-02 23:20:01 -  
2020-10-02 23:20:01 -  Lua Script Error: [Modules Interface] 
2020-10-02 23:20:01 -  data/modules/scripts/prey system/prey.lua:onRecvbyte
2020-10-02 23:20:01 -  data/modules/scripts/prey system/prey.lua:405: attempt to call method 'getPreyCurrentMonster' (a nil value)
2020-10-02 23:20:01 -  stack traceback:
2020-10-02 23:20:01 -  	[C]: in function 'getPreyCurrentMonster'
2020-10-02 23:20:01 -  	data/modules/scripts/prey system/prey.lua:405: in function 'sendPreyData'
2020-10-02 23:20:01 -  	data/modules/scripts/prey system/prey.lua:212: in function <data/modules/scripts/prey system/prey.lua:210>
2020-10-02 23:20:02 -  
2020-10-02 23:20:02 -  Lua Script Error: [Event Interface] 
2020-10-02 23:20:02 -  data/events/scripts/player.lua:Player@onMoveItem
2020-10-02 23:20:02 -  data/events/scripts/player.lua:283: attempt to call method 'getId' (a nil value)
2020-10-02 23:20:02 -  stack traceback:
2020-10-02 23:20:02 -  	[C]: in function 'getId'
2020-10-02 23:20:02 -  	data/events/scripts/player.lua:283: in function <data/events/scripts/player.lua:281>
2020-10-02 23:20:50 -  Shaka Knight has logged in.
2020-10-02 23:21:01 -  
2020-10-02 23:21:01 -  Lua Script Error: [Event Interface] 
2020-10-02 23:21:01 -  data/events/scripts/player.lua:Player@onMoveItem
2020-10-02 23:21:01 -  data/events/scripts/player.lua:284: attempt to call method 'getId' (a nil value)
2020-10-02 23:21:01 -  stack traceback:
2020-10-02 23:21:01 -  	[C]: in function 'getId'
2020-10-02 23:21:01 -  	data/events/scripts/player.lua:284: in function <data/events/scripts/player.lua:281>
2020-10-02 23:21:03 -  
2020-10-02 23:21:03 -  Lua Script Error: [Event Interface] 
2020-10-02 23:21:03 -  data/events/scripts/player.lua:Player@onMoveItem
2020-10-02 23:21:03 -  data/events/scripts/player.lua:284: attempt to call method 'getId' (a nil value)
2020-10-02 23:21:03 -  stack traceback:
2020-10-02 23:21:03 -  	[C]: in function 'getId'
2020-10-02 23:21:03 -  	data/events/scripts/player.lua:284: in function <data/events/scripts/player.lua:281>
2020-10-02 23:21:11 -  
2020-10-02 23:21:11 -  Lua Script Error: [Event Interface] 
2020-10-02 23:21:11 -  data/events/scripts/player.lua:Player@onMoveItem
2020-10-02 23:21:11 -  data/events/scripts/player.lua:284: attempt to call method 'getId' (a nil value)
2020-10-02 23:21:11 -  stack traceback:
2020-10-02 23:21:11 -  	[C]: in function 'getId'
2020-10-02 23:21:11 -  	data/events/scripts/player.lua:284: in function <data/events/scripts/player.lua:281>
2020-10-02 23:22:21 -  moveu para tocilynder corpse
2020-10-02 23:22:21 -  moveu para tocilynder corpse
2020-10-02 23:22:21 -  moveu para tocilynder corpse
2020-10-02 23:22:21 -  moveu para tocilynder corpse
2020-10-02 23:22:21 -  moveu para tocilynder corpse
2020-10-02 23:22:21 -  moveu para tocilynder corpse
2020-10-02 23:22:21 -  moveu para tocilynder corpse
2020-10-02 23:22:21 -  moveu para tocilynder corpse
2020-10-02 23:22:21 -  moveu para tocilynder corpse
2020-10-02 23:22:21 -  moveu para fromcilynder corpse
2020-10-02 23:22:21 -  moveu para fromcilynder corpse
2020-10-02 23:22:21 -  moveu para fromcilynder corpse
2020-10-02 23:22:21 -  moveu para fromcilynder corpse
2020-10-02 23:22:21 -  moveu para fromcilynder corpse
2020-10-02 23:22:21 -  moveu para fromcilynder corpse
2020-10-02 23:22:21 -  moveu para fromcilynder corpse
2020-10-02 23:22:21 -  moveu para fromcilynder corpse
2020-10-02 23:22:21 -  [Debug - Game::internalDecayItem] internalDecayItem failed, error code: 1, item id: 1489
2020-10-02 23:22:21 -  [Debug - Game::internalDecayItem] internalDecayItem failed, error code: 1, item id: 1489
2020-10-02 23:22:21 -  [Debug - Game::internalDecayItem] internalDecayItem failed, error code: 1, item id: 1489
2020-10-02 23:22:21 -  [Debug - Game::internalDecayItem] internalDecayItem failed, error code: 1, item id: 1489
2020-10-02 23:22:23 -  moveu para fromcilynder corpse
2020-10-02 23:22:23 -  moveu para fromcilynder corpse
2020-10-02 23:22:23 -  moveu para fromcilynder corpse
2020-10-02 23:22:23 -  [Debug - Game::internalDecayItem] internalDecayItem failed, error code: 1, item id: 1489
2020-10-02 23:22:29 -  moveu para fromcilynder corpse
2020-10-02 23:22:29 -  moveu para fromcilynder corpse
2020-10-02 23:22:29 -  moveu para fromcilynder corpse
2020-10-02 23:22:29 -  [Debug - Game::internalDecayItem] internalDecayItem failed, error code: 1, item id: 1489
2020-10-02 23:22:35 -  moveu para fromcilynder corpse
2020-10-02 23:22:35 -  ip invlido
2020-10-02 23:22:35 -  Demonzin has logged out.
2020-10-02 23:22:38 -  Demonzin has logged in.
2020-10-02 23:22:40 -  Shaka Elder has logged in.
2020-10-02 23:23:27 -  moveu para fromcilynder corpse
2020-10-02 23:23:27 -  moveu para fromcilynder corpse
2020-10-02 23:23:27 -  
2020-10-02 23:23:27 -  Lua Script Error: [Event Interface] 
2020-10-02 23:23:27 -  data/events/scripts/player.lua:Player@onMoveItem
2020-10-02 23:23:27 -  data/events/scripts/player.lua:283: attempt to call method 'getId' (a nil value)
2020-10-02 23:23:27 -  stack traceback:
2020-10-02 23:23:27 -  	[C]: in function 'getId'
2020-10-02 23:23:27 -  	data/events/scripts/player.lua:283: in function <data/events/scripts/player.lua:281>
2020-10-02 23:23:29 -  
2020-10-02 23:23:29 -  Lua Script Error: [Event Interface] 
2020-10-02 23:23:29 -  data/events/scripts/player.lua:Player@onMoveItem
2020-10-02 23:23:29 -  data/events/scripts/player.lua:283: attempt to call method 'getId' (a nil value)
2020-10-02 23:23:29 -  stack traceback:
2020-10-02 23:23:29 -  	[C]: in function 'getId'
2020-10-02 23:23:29 -  	data/events/scripts/player.lua:283: in function <data/events/scripts/player.lua:281>
2020-10-02 23:23:48 -  ip invlido
2020-10-02 23:23:48 -  
2020-10-02 23:23:48 -  Lua Script Error: [Event Interface] 
2020-10-02 23:23:48 -  data/events/scripts/player.lua:Player@onMoveItem
2020-10-02 23:23:48 -  data/events/scripts/player.lua:283: attempt to call method 'getId' (a nil value)
2020-10-02 23:23:48 -  stack traceback:
2020-10-02 23:23:48 -  	[C]: in function 'getId'
2020-10-02 23:23:48 -  	data/events/scripts/player.lua:283: in function <data/events/scripts/player.lua:281>
2020-10-02 23:23:50 -  
2020-10-02 23:23:50 -  Lua Script Error: [Event Interface] 
2020-10-02 23:23:50 -  data/events/scripts/player.lua:Player@onMoveItem
2020-10-02 23:23:50 -  data/events/scripts/player.lua:283: attempt to call method 'getId' (a nil value)
2020-10-02 23:23:50 -  stack traceback:
2020-10-02 23:23:50 -  	[C]: in function 'getId'
2020-10-02 23:23:50 -  	data/events/scripts/player.lua:283: in function <data/events/scripts/player.lua:281>
2020-10-02 23:24:07 -  
2020-10-02 23:24:07 -  Lua Script Error: [Event Interface] 
2020-10-02 23:24:07 -  data/events/scripts/player.lua:Player@onMoveItem
2020-10-02 23:24:07 -  data/events/scripts/player.lua:283: attempt to call method 'getId' (a nil value)
2020-10-02 23:24:07 -  stack traceback:
2020-10-02 23:24:07 -  	[C]: in function 'getId'
2020-10-02 23:24:07 -  	data/events/scripts/player.lua:283: in function <data/events/scripts/player.lua:281>
2020-10-02 23:24:52 -  ip invlido
2020-10-02 23:24:52 -  ip invlido
2020-10-02 23:24:52 -  
2020-10-02 23:24:52 -  Lua Script Error: [Modules Interface] 
2020-10-02 23:24:52 -  data/modules/scripts/prey system/prey.lua:onRecvbyte
2020-10-02 23:24:52 -  data/modules/scripts/prey system/prey.lua:405: attempt to call method 'getPreyCurrentMonster' (a nil value)
2020-10-02 23:24:52 -  stack traceback:
2020-10-02 23:24:52 -  	[C]: in function 'getPreyCurrentMonster'
2020-10-02 23:24:52 -  	data/modules/scripts/prey system/prey.lua:405: in function 'sendPreyData'
2020-10-02 23:24:52 -  	data/modules/scripts/prey system/prey.lua:212: in function <data/modules/scripts/prey system/prey.lua:210>
2020-10-02 23:25:03 -  Shaka Elder has logged out.
2020-10-02 23:25:10 -  
2020-10-02 23:25:10 -  Thread 2 "tfs" received signal SIGSEGV, Segmentation fault.
2020-10-02 23:25:10 -  [Switching to Thread 0x7ffff3dbb700 (LWP 22232)]
2020-10-02 23:25:10 -  0x00000000005e7ce5 in Item::getHoldingPlayer() const (this=this@entry=0x7fff7f1f6570) at /home/otg/src/item.cpp:379
2020-10-02 23:25:10 -  379			if (p->getCreature()) {
2020-10-02 23:25:10 -  
2020-10-02 23:25:10 -  Thread 4 (Thread 0x7ffff2ba7700 (LWP 22234)):
2020-10-02 23:25:10 -  #0  pthread_cond_wait@@GLIBC_2.3.2 () at ../sysdeps/unix/sysv/linux/x86_64/pthread_cond_wait.S:185
2020-10-02 23:25:10 -  No locals.
2020-10-02 23:25:10 -  #1  0x00007ffff5e7491c in std::condition_variable::wait(std::unique_lock<std::mutex>&) () from /usr/lib/x86_64-linux-gnu/libstdc++.so.6
2020-10-02 23:25:10 -  No symbol table info available.
2020-10-02 23:25:10 -  #2  0x00000000006228bf in DatabaseTasks::threadMain() (this=0x8e39a0 <g_databaseTasks>) at /home/otg/src/databasetasks.cpp:42
2020-10-02 23:25:10 -          taskLockUnique = {_M_device = 0x8e3a08 <g_databaseTasks+104>, _M_owns = true}
2020-10-02 23:25:10 -  #3  0x00007ffff5e79c80 in ?? () from /usr/lib/x86_64-linux-gnu/libstdc++.so.6
2020-10-02 23:25:10 -  No symbol table info available.
2020-10-02 23:25:10 -  #4  0x00007ffff614a6ba in start_thread (arg=0x7ffff2ba7700) at pthread_create.c:333
2020-10-02 23:25:10 -          __res = <optimized out>
2020-10-02 23:25:10 -          pd = 0x7ffff2ba7700
2020-10-02 23:25:10 -          now = <optimized out>
2020-10-02 23:25:10 -          unwind_buf = {cancel_jmp_buf = {{jmp_buf = {140737265694464, 5541993076446787295, 0, 140737284647471, 140737265695168, 9334528, -5541969458953128225, -5541976766593960225}, mask_was_saved = 0}}, priv = {pad = {0x0, 0x0, 0x0, 0x0}, data = {prev = 0x0, cleanup = 0x0, canceltype = 0}}}
2020-10-02 23:25:10 -          not_first_call = <optimized out>
2020-10-02 23:25:10 -          pagesize_m1 = <optimized out>
2020-10-02 23:25:10 -          sp = <optimized out>
2020-10-02 23:25:10 -          freesize = <optimized out>
2020-10-02 23:25:10 -          __PRETTY_FUNCTION__ = "start_thread"
2020-10-02 23:25:10 -  #5  0x00007ffff7b144dd in clone () at ../sysdeps/unix/sysv/linux/x86_64/clone.S:109
2020-10-02 23:25:10 -  No locals.
2020-10-02 23:25:10 -  
2020-10-02 23:25:10 -  Thread 3 (Thread 0x7ffff35ba700 (LWP 22233)):
2020-10-02 23:25:10 -  #0  pthread_cond_timedwait@@GLIBC_2.3.2 () at ../sysdeps/unix/sysv/linux/x86_64/pthread_cond_timedwait.S:225
2020-10-02 23:25:10 -  No locals.
2020-10-02 23:25:10 -  #1  0x0000000000506210 in __gthread_cond_timedwait () at /usr/include/x86_64-linux-gnu/c++/5/bits/gthr-default.h:871
2020-10-02 23:25:10 -  No locals.
2020-10-02 23:25:10 -  #2  std::condition_variable::__wait_until_impl (__atime=..., __lock=..., this=0x8e6fa0 <g_scheduler+64>) at /usr/include/c++/5/condition_variable:165
2020-10-02 23:25:10 -          __ts = {tv_sec = 1601695510, tv_nsec = 421190598}
2020-10-02 23:25:10 -  #3  std::condition_variable::wait_until<std::chrono::duration<long, std::ratio<1l, 1000000000l> > > () at /usr/include/c++/5/condition_variable:105
2020-10-02 23:25:10 -          __lock = @0x7ffff35b9e90: {_M_device = 0x8e6f78 <g_scheduler+24>, _M_owns = true}
2020-10-02 23:25:10 -          this = 0x8e6fa0 <g_scheduler+64>
2020-10-02 23:25:10 -  #4  Scheduler::threadMain (this=0x8e6f60 <g_scheduler>) at /home/otg/src/scheduler.cpp:36
2020-10-02 23:25:10 -          ret = std::cv_status::no_timeout
2020-10-02 23:25:10 -          eventLockUnique = {_M_device = 0x8e6f78 <g_scheduler+24>, _M_owns = true}
2020-10-02 23:25:10 -  #5  0x00007ffff5e79c80 in ?? () from /usr/lib/x86_64-linux-gnu/libstdc++.so.6
2020-10-02 23:25:10 -  No symbol table info available.
2020-10-02 23:25:10 -  #6  0x00007ffff614a6ba in start_thread (arg=0x7ffff35ba700) at pthread_create.c:333
2020-10-02 23:25:10 -          __res = <optimized out>
2020-10-02 23:25:10 -          pd = 0x7ffff35ba700
2020-10-02 23:25:10 -          now = <optimized out>
2020-10-02 23:25:10 -          unwind_buf = {cancel_jmp_buf = {{jmp_buf = {140737276258048, 5541993076446787295, 0, 140737488346847, 140737276258752, 9437376, -5541965351353780513, -5541976766593960225}, mask_was_saved = 0}}, priv = {pad = {0x0, 0x0, 0x0, 0x0}, data = {prev = 0x0, cleanup = 0x0, canceltype = 0}}}
2020-10-02 23:25:10 -          not_first_call = <optimized out>
2020-10-02 23:25:10 -          pagesize_m1 = <optimized out>
2020-10-02 23:25:10 -          sp = <optimized out>
2020-10-02 23:25:10 -          freesize = <optimized out>
2020-10-02 23:25:10 -          __PRETTY_FUNCTION__ = "start_thread"
2020-10-02 23:25:10 -  #7  0x00007ffff7b144dd in clone () at ../sysdeps/unix/sysv/linux/x86_64/clone.S:109
2020-10-02 23:25:10 -  No locals.
2020-10-02 23:25:10 -  
2020-10-02 23:25:10 -  Thread 2 (Thread 0x7ffff3dbb700 (LWP 22232)):
2020-10-02 23:25:10 -  #0  0x00000000005e7ce5 in Item::getHoldingPlayer() const (this=this@entry=0x7fff7f1f6570) at /home/otg/src/item.cpp:379
2020-10-02 23:25:10 -          p = 0x7fff7f4c6e98
2020-10-02 23:25:10 -  #1  0x00000000005b1060 in Game::internalDecayItem(Item*) (this=0x8e7760 <g_game>, item=0x7fff7f1f6570) at /home/otg/src/game.cpp:4882
2020-10-02 23:25:10 -          player = <optimized out>
2020-10-02 23:25:10 -          newItem = <optimized out>
2020-10-02 23:25:11 -          it = @0x7ffff10c4bc0: {group = ITEM_GROUP_CONTAINER, type = ITEM_TYPE_CONTAINER, id = 2813, clientId = 3994, stackable = false, isAnimation = false, name = <incomplete type>, article = <incomplete type>, pluralName = <incomplete type>, description = <incomplete type>, runeSpellName = <incomplete type>, vocationString = <incomplete type>, abilities = {_M_t = {<No data fields>}}, conditionDamage = {_M_t = {<No data fields>}}, weight = 6300, levelDoor = 0, decayTime = 300, wieldInfo = 0, minReqLevel = 0, minReqMagicLevel = 0, charges = 0, maxHitChance = -1, decayTo = 2814, attack = 0, defense = 0, extraDefense = 0, armor = 0, imbuingSlots = 0, rotateTo = 0, runeMagLevel = 0, runeLevel = 0, wrapableTo = 0, unmoveabledItem = 0, combatType = COMBAT_NONE, transformToOnUse = {0, 0}, transformToFree = 0, destroyTo = 0, maxTextLen = 0, writeOnceItemId = 0, transformEquipTo = 0, transformDeEquipTo = 0, maxItems = 10, slotPosition = 48, speed = 0, wareId = 0, magicEffect = CONST_ME_NONE, bedPartnerDir = DIRECTION_NONE, quickLootCategory = LOOT_NONE, weaponType = WEAPON_NONE, ammoType = AMMO_NONE, shootType = CONST_ANI_NONE, corpseType = RACE_BLOOD, fluidSource = FLUID_BLOOD, floorChange = 0 '\000', alwaysOnTopOrder = 0 '\000', lightLevel = 0 '\000', lightColor = 0 '\000', shootRange = 1 '\001', hitChance = 0 '\000', forceUse = false, hasHeight = false, walkStack = true, blockSolid = false, blockPickupable = false, blockProjectile = false, blockPathFind = false, allowPickupable = false, showDuration = false, showCharges = false, showAttributes = false, replaceable = true, pickupable = true, rotatable = false, wrapable = false, wrapContainer = false, useable = false, moveable = true, alwaysOnTop = false, canReadText = false, canWriteText = false, isVertical = false, isHorizontal = false, isHangable = false, allowDistRead = false, lookThrough = false, stopTime = false, showCount = true}
2020-10-02 23:25:11 -  #2  0x00000000005b140b in Game::checkDecay() (this=0x8e7760 <g_game>) at /home/otg/src/game.cpp:4953
2020-10-02 23:25:11 -          item = 0x7fff7f1f6570
2020-10-02 23:25:11 -          duration = <optimized out>
2020-10-02 23:25:11 -          bucket = 1
2020-10-02 23:25:11 -          it = {_M_node = 0x7fff3b145b80}
2020-10-02 23:25:11 -          end = {_M_node = 0x8e7bf8 <g_game+1176>}
2020-10-02 23:25:11 -  #3  0x000000000055af2d in std::function<void ()>::operator()() const () at /usr/include/c++/5/functional:2267
2020-10-02 23:25:11 -          this = 0x7fff146723c0
2020-10-02 23:25:11 -  #4  Task::operator()() () at /home/otg/src/tasks.h:42
2020-10-02 23:25:11 -          this = 0x7fff146723b0
2020-10-02 23:25:11 -  #5  Dispatcher::threadMain() (this=0x8e6ec0 <g_dispatcher>) at /home/otg/src/tasks.cpp:62
2020-10-02 23:25:11 -          task = 0x7fff146723b0
2020-10-02 23:25:11 -          taskLockUnique = {_M_device = 0x8e6ed8 <g_dispatcher+24>, _M_owns = false}
2020-10-02 23:25:11 -  #6  0x00007ffff5e79c80 in ?? () from /usr/lib/x86_64-linux-gnu/libstdc++.so.6
2020-10-02 23:25:11 -  No symbol table info available.
2020-10-02 23:25:11 -  #7  0x00007ffff614a6ba in start_thread (arg=0x7ffff3dbb700) at pthread_create.c:333
2020-10-02 23:25:11 -          __res = <optimized out>
2020-10-02 23:25:11 -          pd = 0x7ffff3dbb700
2020-10-02 23:25:11 -          now = <optimized out>
2020-10-02 23:25:11 -          unwind_buf = {cancel_jmp_buf = {{jmp_buf = {140737284650752, 5541993076446787295, 0, 140737488346847, 140737284651456, 9437376, -5541966450328537377, -5541976766593960225}, mask_was_saved = 0}}, priv = {pad = {0x0, 0x0, 0x0, 0x0}, data = {prev = 0x0, cleanup = 0x0, canceltype = 0}}}
2020-10-02 23:25:11 -          not_first_call = <optimized out>
2020-10-02 23:25:11 -          pagesize_m1 = <optimized out>
2020-10-02 23:25:11 -          sp = <optimized out>
2020-10-02 23:25:11 -          freesize = <optimized out>
2020-10-02 23:25:11 -          __PRETTY_FUNCTION__ = "start_thread"
2020-10-02 23:25:11 -  #8  0x00007ffff7b144dd in clone () at ../sysdeps/unix/sysv/linux/x86_64/clone.S:109
2020-10-02 23:25:11 -  No locals.
2020-10-02 23:25:11 -  
2020-10-02 23:25:11 -  Thread 1 (Thread 0x7ffff7fe6740 (LWP 22228)):
2020-10-02 23:25:11 -  #0  0x00007ffff7b14ad3 in epoll_wait () at ../sysdeps/unix/syscall-template.S:84
2020-10-02 23:25:11 -  No locals.
2020-10-02 23:25:11 -  #1  0x00000000005b70e7 in boost::asio::detail::epoll_reactor::run(bool, boost::asio::detail::op_queue<boost::asio::detail::task_io_service_operation>&) [clone .constprop.204] (this=0x901570, block=<optimized out>, ops=...) at /usr/include/boost/asio/detail/impl/epoll_reactor.ipp:392
2020-10-02 23:25:11 -          timeout = <optimized out>
2020-10-02 23:25:11 -          events = {{events = 0, data = {ptr = 0x0, fd = 0, u32 = 0, u64 = 0}} <repeats 52 times>, {events = 11, data = {ptr = 0xa100000000, fd = 0, u32 = 0, u64 = 691489734656}}, {events = 0, data = {ptr = 0x922e40, fd = 9580096, u32 = 9580096, u64 = 9580096}}, {events = 0, data = {ptr = 0x0, fd = 0, u32 = 0, u64 = 0}}, {events = 0, data = {ptr = 0x0, fd = 0, u32 = 0, u64 = 0}}, {events = 9329, data = {ptr = 0xffffdb8fffff8000, fd = -32768, u32 = 4294934528, u64 = 18446704010254581760}}, {events = 32767, data = {ptr = 0x2, fd = 2, u32 = 2, u64 = 2}}, {events = 4155593817, data = {ptr = 0x7fff, fd = 32767, u32 = 32767, u64 = 32767}}, {events = 0, data = {ptr = 0x5828f4 <boost::asio::detail::reactive_socket_recv_op_base<boost::asio::mutable_buffers_1>::do_perform(boost::asio::detail::reactor_op*)+228>, fd = 5777652, u32 = 5777652, u64 = 5777652}}, {events = 91, data = {ptr = 0x100006e, fd = 16777326, u32 = 16777326, u64 = 16777326}}, {events = 17, data = {ptr = 0x924a36, fd = 9587254, u32 = 9587254, u64 = 9587254}}, {events = 2, data = {ptr = 0x200000000, fd = 0, u32 = 0, u64 = 8589934592}}, {events = 0, data = {ptr = 0x5f77ef16, fd = 1601695510, u32 = 1601695510, u64 = 1601695510}}, {events = 0, data = {ptr = 0x0, fd = 0, u32 = 0, u64 = 0}}, {events = 0, data = {ptr = 0x7fffffffdb80, fd = -9344, u32 = 4294957952, u64 = 140737488345984}}, {events = 1, data = {ptr = 0x0, fd = 0, u32 = 0, u64 = 0}}, {events = 0, data = {ptr = 0x0, fd = 0, u32 = 0, u64 = 0}}, {events = 0, data = {ptr = 0x924a1000000000, fd = 0, u32 = 0, u64 = 41176779179687936}}, {events = 0, data = {ptr = 0x7fffd3053250, fd = -754634160, u32 = 3540333136, u64 = 140736733721168}}, {events = 9579744, data = {ptr = 0x934b1800000000, fd = 0, u32 = 0, u64 = 41459388027764736}}, {events = 0, data = {ptr = 0x9226e8, fd = 9578216, u32 = 9578216, u64 = 9578216}}, {events = 17, data = {ptr = 0x5200000000, fd = 0, u32 = 0, u64 = 352187318272}}, {events = 0, data = {ptr = 0x901570, fd = 9442672, u32 = 9442672, u64 = 9442672}}, {events = 6449413, data = {ptr = 0x0, fd = 0, u32 = 0, u64 = 0}}, {events = 0, data = {ptr = 0x11, fd = 17, u32 = 17, u64 = 17}}, {events = 0, data = {ptr = 0x56f20000000000, fd = 0, u32 = 0, u64 = 24472929811038208}}, {events = 0, data = {ptr = 0x0, fd = 0, u32 = 0, u64 = 0}}, {events = 0, data = {ptr = 0xffffdc7000000000, fd = 0, u32 = 0, u64 = 18446704972327288832}}, {events = 32767, data = {ptr = 0x922ce0, fd = 9579744, u32 = 9579744, u64 = 9579744}}, {events = 9579744, data = {ptr = 0xa3ec4f6000000000, fd = 0, u32 = 0, u64 = 11811903196421423104}}, {events = 32767, data = {ptr = 0x934b18, fd = 9653016, u32 = 9653016, u64 = 9653016}}, {events = 9587254, data = {ptr = 0x200000000, fd = 0, u32 = 0, u64 = 8589934592}}, {events = 0, data = {ptr = 0x7fff00000001, fd = 1, u32 = 1, u64 = 140733193388033}}, {events = 0, data = {ptr = 0x56f20000000000, fd = 0, u32 = 0, u64 = 24472929811038208}}, {events = 0, data = {ptr = 0x0, fd = 0, u32 = 0, u64 = 0}}, {events = 0, data = {ptr = 0x0, fd = 0, u32 = 0, u64 = 0}}, {events = 0, data = {ptr = 0x934a38, fd = 9652792, u32 = 9652792, u64 = 9652792}}, {events = 5809952, data = {ptr = 0x924a2000000000, fd = 0, u32 = 0, u64 = 41176847899164672}}, {events = 0, data = {ptr = 0x934ab8, fd = 9652920, u32 = 9652920, u64 = 9652920}}, {events = 9587216, data = {ptr = 0x46e96000000000, fd = 0, u32 = 0, u64 = 19959846895878144}}, {events = 0, data = {ptr = 0x7fffffffdd20, fd = -8928, u32 = 4294958368, u64 = 140737488346400}}, {events = 0, data = {ptr = 0x56e94e00000000, fd = 0, u32 = 0, u64 = 24463369213837312}}, {events = 0, data = {ptr = 0x900090, fd = 9437328, u32 = 9437328, u64 = 9437328}}, {events = 0, data = {ptr = 0x924a3600000000, fd = 0, u32 = 0, u64 = 41176942388445184}}, {events = 0, data = {ptr = 0x2, fd = 2, u32 = 2, u64 = 2}}, {events = 5698048, data = {ptr = 0x0, fd = 0, u32 = 0, u64 = 0}}, {events = 0, data = {ptr = 0x0, fd = 0, u32 = 0, u64 = 0}}, {events = 0, data = {ptr = 0x0, fd = 0, u32 = 0, u64 = 0}}, {events = 0, data = {ptr = 0x7fffffffde30, fd = -8656, u32 = 4294958640, u64 = 140737488346672}}, {events = 9437328, data = {ptr = 0x1c00000000, fd = 0, u32 = 0, u64 = 120259084288}}, {events = 0, data = {ptr = 0x0, fd = 0, u32 = 0, u64 = 0}}, {events = 9437376, data = {ptr = 0xffffde3000000000, fd = 0, u32 = 0, u64 = 18446706896472637440}}, {events = 32767, data = {ptr = 0x585e35 <boost::asio::detail::reactive_socket_recv_op<boost::asio::mutable_buffers_1, boost::asio::detail::read_op<boost::asio::basic_stream_socket<boost::asio::ip::tcp, boost::asio::stream_socket_service<boost::asio::ip::tcp> >, boost::asio::mutable_buffers_1, boost::asio::detail::transfer_all_t, std::_Bind<std::_Mem_fn<void (Connection::*)(boost::system::error_code const&)> (std::shared_ptr<Connection>, std::_Placeholder<1>)> > >::do_complete(boost::asio::detail::task_io_service*, boost::asio::detail::task_io_service_operation*, boost::system::error_code const&, unsigned long)+373>, fd = 5791285, u32 = 5791285, u64 = 5791285}}, {events = 4294958640, data = {ptr = 0x58574500007fff, fd = 32767, u32 = 32767, u64 = 24865751814930431}}, {events = 0, data = {ptr = 0x14, fd = 20, u32 = 20, u64 = 20}}, {events = 4155593817, data = {ptr = 0xffffde3000007fff, fd = 32767, u32 = 32767, u64 = 18446706896472670207}}, {events = 32767, data = {ptr = 0x0, fd = 0, u32 = 0, u64 = 0}}, {events = 0, data = {ptr = 0x0, fd = 0, u32 = 0, u64 = 0}}, {events = 17, data = {ptr = 0x934b18, fd = 9653016, u32 = 9653016, u64 = 9653016}}, {events = 9587254, data = {ptr = 0x200000000, fd = 0, u32 = 0, u64 = 8589934592}}, {events = 0, data = {ptr = 0x0, fd = 0, u32 = 0, u64 = 0}}, {events = 2, data = {ptr = 0x56f20000000000, fd = 0, u32 = 0, u64 = 24472929811038208}}, {events = 0, data = {ptr = 0x0, fd = 0, u32 = 0, u64 = 0}}, {events = 9587232, data = {ptr = 0x924a1000000000, fd = 0, u32 = 0, u64 = 41176779179687936}}, {events = 0, data = {ptr = 0x0, fd = 0, u32 = 0, u64 = 0}}, {events = 4145959136, data = {ptr = 0x58a73100007fff, fd = 32767, u32 = 32767, u64 = 24953626845806591}}, {events = 0, data = {ptr = 0x7fffd30532a0, fd = -754634080, u32 = 3540333216, u64 = 140736733721248}}, {events = 0, data = {ptr = 0x934b1800000000, fd = 0, u32 = 0, u64 = 41459388027764736}}, {events = 0, data = {ptr = 0x7fffffffde80, fd = -8576, u32 = 4294958720, u64 = 140737488346752}}, {events = 9437328, data = {ptr = 0x58646e00000000, fd = 0, u32 = 0, u64 = 24880221559717888}}, {events = 0, data = {ptr = 0x924a20, fd = 9587232, u32 = 9587232, u64 = 9587232}}, {events = 9587216, data = {ptr = 0xffffde8000000000, fd = 0, u32 = 0, u64 = 18446707240070021120}}, {events = 32767, data = {ptr = 0x0, fd = 0, u32 = 0, u64 = 0}}, {events = 0, data = {ptr = 0x0, fd = 0, u32 = 0, u64 = 0}}, {events = 0, data = {ptr = 0x58a720 <Connection::handleTimeout(std::weak_ptr<Connection>, boost::system::error_code const&)>, fd = 5809952, u32 = 5809952, u64 = 5809952}}, {events = 9587232, data = {ptr = 0x924a1000000000, fd = 0, u32 = 0, u64 = 41176779179687936}}, {events = 0, data = {ptr = 0x7d, fd = 125, u32 = 125, u64 = 125}}}
2020-10-02 23:25:11 -          num_events = <optimized out>
2020-10-02 23:25:11 -          check_timers = <optimized out>
2020-10-02 23:25:11 -  #2  0x000000000055dcd3 in do_run_one (ec=..., this_thread=..., lock=<synthetic pointer>, this=0x900090) at /usr/include/boost/asio/detail/impl/task_io_service.ipp:356
2020-10-02 23:25:11 -          more_handlers = <optimized out>
2020-10-02 23:25:11 -  #3  run (ec=..., this=0x900090) at /usr/include/boost/asio/detail/impl/task_io_service.ipp:149
2020-10-02 23:25:11 -          this_thread = {private_op_queue = {front_ = 0x0, back_ = 0x0}, private_outstanding_work = 0}
2020-10-02 23:25:11 -          ctx = {key_ = 0x900090, value_ = 0x7fffffffdf40, next_ = 0x0}
2020-10-02 23:25:11 -          lock = {mutex_ = @0x9000c0, locked_ = <optimized out>}
2020-10-02 23:25:11 -          n = 71989
2020-10-02 23:25:11 -  #4  _ZN5boost4asio10io_service3runEv.isra.226 () at /usr/include/boost/asio/impl/io_service.ipp:59
2020-10-02 23:25:11 -          ec = {m_val = 0, m_cat = 0x7ffff71e50e0}
2020-10-02 23:25:11 -  #5  ServiceManager::run() (this=this@entry=0x7fffffffdff0) at /home/otg/src/server.cpp:47
2020-10-02 23:25:11 -  No locals.
2020-10-02 23:25:11 -  #6  0x0000000000474c46 in main (argc=1, argv=0x7fffffffe1b8) at /home/otg/src/otserv.cpp:96
2020-10-02 23:25:11 -          serviceManager = {acceptors = {_M_h = {_M_buckets = 0x7fffd2c11520, _M_bucket_count = 5, _M_before_begin = {_M_nxt = 0x7fffd2c114f0}, _M_element_count = 2, _M_rehash_policy = {_M_max_load_factor = 1, _M_next_resize = 5}, _M_single_bucket = 0x0}}, io_service = {service_registry_ = 0x900040, impl_ = @0x900090}, signals = {set = {<No data fields>}}, death_timer = {<No data fields>}, running = true}
2020-10-02 23:25:11 -  Saving server...
2020-10-02 23:25:12 -  > Saved house items in: 0.418 s
2020-10-02 23:25:12 -  A debugging session is active.
2020-10-02 23:25:12 -  
2020-10-02 23:25:12 -  	Inferior 1 [process 22228] will be killed.
2020-10-02 23:25:12 -  
2020-10-02 23:25:12 -  Quit anyway? (y or n) [answered Y; input not from terminal]
