2020-10-23 17:57:34 -  [Thread debugging using libthread_db enabled]
2020-10-23 17:57:34 -  Using host libthread_db library "/lib/x86_64-linux-gnu/libthread_db.so.1".
2020-10-23 17:57:34 -  [New Thread 0x7ffff3dbb700 (LWP 11989)]
2020-10-23 17:57:34 -  [New Thread 0x7ffff35ba700 (LWP 11990)]
2020-10-23 17:57:34 -  The OTG-Premium-Version - Version: (1.3)
2020-10-23 17:57:34 -  Compiled with: GNU C++ version 5.4.0 20160609
2020-10-23 17:57:34 -  Compiled on Sep 17 2020 19:49:36 for platform x64
2020-10-23 17:57:34 -  
2020-10-23 17:57:34 -  Special Credits for: OTG Team, Johncore, Vankk, Erick Nunes, Leonardo Pereira, Leandro Baldissera, Talis, Marcomoa, Marson Schneider, Douglas, Mark Samman, OTXServer (Mattyx Gomez) and The Forgotten Server Developers.
2020-10-23 17:57:34 -  Link of repository: https://github.com/Johncorex/OTG-Premium-Version
2020-10-23 17:57:34 -  
2020-10-23 17:57:34 -  >> Loading config: config.lua
2020-10-23 17:57:34 -  >> Establishing database connection... MySQL 5.7.31
2020-10-23 17:57:34 -  >> Running database manager
2020-10-23 17:57:34 -  [New Thread 0x7ffff2ba7700 (LWP 11991)]
2020-10-23 17:57:34 -  > Optimizing table tile_store... [success]
2020-10-23 17:57:34 -  >> Loading vocations
2020-10-23 17:57:34 -  >> Loading items
2020-10-23 17:57:34 -  >> Loading script systems
2020-10-23 17:57:34 -  >> Loading lua libs
2020-10-23 17:57:35 -  [Warning - Event::checkScript] Can not load script: scripts/expboostaction.lua
2020-10-23 17:57:35 -  cannot open data/actions/scripts/expboostaction.lua: No such file or directory
2020-10-23 17:57:36 -  >> Loading lua scripts
2020-10-23 17:57:36 -  >> Loading monsters
2020-10-23 17:57:36 -  >> Loading lua monsters
2020-10-23 17:57:36 -  >> Loading outfits
2020-10-23 17:57:36 -  >> Loading prey data
2020-10-23 17:57:36 -  >> Checking world type... PVP
2020-10-23 17:57:36 -  >> Loading map
2020-10-23 17:57:38 -  > Map size: 34143x33812.
2020-10-23 17:57:43 -  > Map loading time: 7.2 seconds.
2020-10-23 17:57:44 -  > Loaded house items in: 0.012 s
2020-10-23 17:57:44 -  >> Initializing gamestate
2020-10-23 17:57:46 -  >> Loaded 43 npcs and spawned 72708 monsters.
2020-10-23 17:57:46 -  >> Loaded 27 towns with 1074 houses in total.
2020-10-23 17:57:46 -  [Castle War]
2020-10-23 17:57:46 -  [POWERGAMERS]
2020-10-23 17:57:46 -  [SISTEMA DE LOTERIA] OPERANTE
2020-10-23 17:57:46 -  Advanced NPC spawn system | All NPCs will be loaded trough lib.
2020-10-23 17:57:46 -  [REGEN BOOST] CARREGADO
2020-10-23 17:57:46 -  [SPOOF COUNTER]
2020-10-23 17:57:46 -  [STAMINA]
2020-10-23 17:57:46 -  warvariables
2020-10-23 17:57:46 -  Agenda:	2
2020-10-23 17:57:46 -  eu sou o checkWarmode... 17:57!
2020-10-23 17:57:46 -  Buscando valores guilds where id = 3
2020-10-23 17:57:46 -  > Broadcasted message: "[Warmode] Atencao Honerianos! A Guild TesteWarmode desafiou a Guild Vai tomando para uma batalha que vai iniciar agora!".
2020-10-23 17:57:46 -  17	57	3
2020-10-23 17:57:46 -  >> Loaded all modules, server starting up...
2020-10-23 17:57:46 -  > Warning: OTG-Premium-Version has been executed as root user, please consider running it as a normal user.
2020-10-23 17:57:46 -  >> Honera Global Server Online!
2020-10-23 17:57:46 -  
2020-10-23 17:57:47 -  Robalo has logged in.
2020-10-23 17:57:49 -  funcao onLogin
2020-10-23 17:57:49 -  SABADOU!! NPC HONERA CRIADO
2020-10-23 17:57:49 -  Demonzin has logged in.
2020-10-23 17:57:56 -  funcao onLogin
2020-10-23 17:57:56 -  Dev Marson has logged in.
2020-10-23 17:58:22 -  funcao onLogin
2020-10-23 17:58:22 -  Print11
2020-10-23 17:58:22 -  Print11
2020-10-23 17:58:22 -  Print12
2020-10-23 17:58:22 -  2400
2020-10-23 17:58:22 -  Print11
2020-10-23 17:58:22 -  
2020-10-23 17:58:22 -  Lua Script Error: [CreatureScript Interface] 
2020-10-23 17:58:22 -  data/creaturescripts/scripts/warmode.lua:onModalWindow
2020-10-23 17:58:22 -  data/creaturescripts/scripts/warmode.lua:137: bad argument #1 to 'insert' (table expected, got nil)
2020-10-23 17:58:22 -  stack traceback:
2020-10-23 17:58:22 -  	[C]: at 0x00602980
2020-10-23 17:58:22 -  	[C]: in function 'insert'
2020-10-23 17:58:22 -  	data/creaturescripts/scripts/warmode.lua:137: in function <data/creaturescripts/scripts/warmode.lua:1>
2020-10-23 17:59:09 -  
2020-10-23 17:59:09 -  Thread 1 "tfs" received signal SIGINT, Interrupt.
2020-10-23 17:59:09 -  0x00007ffff7b14ad3 in epoll_wait () at ../sysdeps/unix/syscall-template.S:84
2020-10-23 17:59:09 -  84	../sysdeps/unix/syscall-template.S: No such file or directory.
2020-10-23 17:59:09 -  
2020-10-23 17:59:09 -  Thread 4 (Thread 0x7ffff2ba7700 (LWP 11991)):
2020-10-23 17:59:09 -  #0  pthread_cond_wait@@GLIBC_2.3.2 () at ../sysdeps/unix/sysv/linux/x86_64/pthread_cond_wait.S:185
2020-10-23 17:59:09 -  No locals.
2020-10-23 17:59:09 -  #1  0x00007ffff5e7491c in std::condition_variable::wait(std::unique_lock<std::mutex>&) () from /usr/lib/x86_64-linux-gnu/libstdc++.so.6
2020-10-23 17:59:09 -  No symbol table info available.
2020-10-23 17:59:09 -  #2  0x00000000006228bf in DatabaseTasks::threadMain() (this=0x8e39a0 <g_databaseTasks>) at /home/otg/src/databasetasks.cpp:42
2020-10-23 17:59:09 -          taskLockUnique = {_M_device = 0x8e3a08 <g_databaseTasks+104>, _M_owns = true}
2020-10-23 17:59:09 -  #3  0x00007ffff5e79c80 in ?? () from /usr/lib/x86_64-linux-gnu/libstdc++.so.6
2020-10-23 17:59:09 -  No symbol table info available.
2020-10-23 17:59:09 -  #4  0x00007ffff614a6ba in start_thread (arg=0x7ffff2ba7700) at pthread_create.c:333
2020-10-23 17:59:09 -          __res = <optimized out>
2020-10-23 17:59:09 -          pd = 0x7ffff2ba7700
2020-10-23 17:59:09 -          now = <optimized out>
2020-10-23 17:59:09 -          unwind_buf = {cancel_jmp_buf = {{jmp_buf = {140737265694464, -4303445453526072382, 0, 140737284647471, 140737265695168, 9334528, 4303455929460786114, 4303465423194883010}, mask_was_saved = 0}}, priv = {pad = {0x0, 0x0, 0x0, 0x0}, data = {prev = 0x0, cleanup = 0x0, canceltype = 0}}}
2020-10-23 17:59:09 -          not_first_call = <optimized out>
2020-10-23 17:59:09 -          pagesize_m1 = <optimized out>
2020-10-23 17:59:09 -          sp = <optimized out>
2020-10-23 17:59:09 -          freesize = <optimized out>
2020-10-23 17:59:09 -          __PRETTY_FUNCTION__ = "start_thread"
2020-10-23 17:59:09 -  #5  0x00007ffff7b144dd in clone () at ../sysdeps/unix/sysv/linux/x86_64/clone.S:109
2020-10-23 17:59:10 -  No locals.
2020-10-23 17:59:10 -  
2020-10-23 17:59:10 -  Thread 3 (Thread 0x7ffff35ba700 (LWP 11990)):
2020-10-23 17:59:10 -  #0  pthread_cond_timedwait@@GLIBC_2.3.2 () at ../sysdeps/unix/sysv/linux/x86_64/pthread_cond_timedwait.S:225
2020-10-23 17:59:10 -  No locals.
2020-10-23 17:59:10 -  #1  0x0000000000506210 in __gthread_cond_timedwait () at /usr/include/x86_64-linux-gnu/c++/5/bits/gthr-default.h:871
2020-10-23 17:59:10 -  No locals.
2020-10-23 17:59:10 -  #2  std::condition_variable::__wait_until_impl (__atime=..., __lock=..., this=0x8e6fa0 <g_scheduler+64>) at /usr/include/c++/5/condition_variable:165
2020-10-23 17:59:10 -          __ts = {tv_sec = 1603490349, tv_nsec = 596077766}
2020-10-23 17:59:10 -  #3  std::condition_variable::wait_until<std::chrono::duration<long, std::ratio<1l, 1000000000l> > > () at /usr/include/c++/5/condition_variable:105
2020-10-23 17:59:10 -          __lock = @0x7ffff35b9e90: {_M_device = 0x8e6f78 <g_scheduler+24>, _M_owns = true}
2020-10-23 17:59:10 -          this = 0x8e6fa0 <g_scheduler+64>
2020-10-23 17:59:10 -  #4  Scheduler::threadMain (this=0x8e6f60 <g_scheduler>) at /home/otg/src/scheduler.cpp:36
2020-10-23 17:59:10 -          ret = std::cv_status::no_timeout
2020-10-23 17:59:10 -          eventLockUnique = {_M_device = 0x8e6f78 <g_scheduler+24>, _M_owns = true}
2020-10-23 17:59:10 -  #5  0x00007ffff5e79c80 in ?? () from /usr/lib/x86_64-linux-gnu/libstdc++.so.6
2020-10-23 17:59:10 -  No symbol table info available.
2020-10-23 17:59:10 -  #6  0x00007ffff614a6ba in start_thread (arg=0x7ffff35ba700) at pthread_create.c:333
2020-10-23 17:59:10 -          __res = <optimized out>
2020-10-23 17:59:10 -          pd = 0x7ffff35ba700
2020-10-23 17:59:10 -          now = <optimized out>
2020-10-23 17:59:10 -          unwind_buf = {cancel_jmp_buf = {{jmp_buf = {140737276258048, -4303445453526072382, 0, 140737488346847, 140737276258752, 9437376, 4303455105363936194, 4303465423194883010}, mask_was_saved = 0}}, priv = {pad = {0x0, 0x0, 0x0, 0x0}, data = {prev = 0x0, cleanup = 0x0, canceltype = 0}}}
2020-10-23 17:59:10 -          not_first_call = <optimized out>
2020-10-23 17:59:10 -          pagesize_m1 = <optimized out>
2020-10-23 17:59:10 -          sp = <optimized out>
2020-10-23 17:59:10 -          freesize = <optimized out>
2020-10-23 17:59:10 -          __PRETTY_FUNCTION__ = "start_thread"
2020-10-23 17:59:10 -  #7  0x00007ffff7b144dd in clone () at ../sysdeps/unix/sysv/linux/x86_64/clone.S:109
2020-10-23 17:59:10 -  No locals.
2020-10-23 17:59:10 -  
2020-10-23 17:59:10 -  Thread 2 (Thread 0x7ffff3dbb700 (LWP 11989)):
2020-10-23 17:59:10 -  #0  pthread_cond_wait@@GLIBC_2.3.2 () at ../sysdeps/unix/sysv/linux/x86_64/pthread_cond_wait.S:185
2020-10-23 17:59:10 -  No locals.
2020-10-23 17:59:10 -  #1  0x00007ffff5e7491c in std::condition_variable::wait(std::unique_lock<std::mutex>&) () from /usr/lib/x86_64-linux-gnu/libstdc++.so.6
2020-10-23 17:59:10 -  No symbol table info available.
2020-10-23 17:59:10 -  #2  0x000000000055af7b in Dispatcher::threadMain() (this=0x8e6ec0 <g_dispatcher>) at /home/otg/src/tasks.cpp:50
2020-10-23 17:59:10 -          taskLockUnique = {_M_device = 0x8e6ed8 <g_dispatcher+24>, _M_owns = true}
2020-10-23 17:59:10 -  #3  0x00007ffff5e79c80 in ?? () from /usr/lib/x86_64-linux-gnu/libstdc++.so.6
2020-10-23 17:59:10 -  No symbol table info available.
2020-10-23 17:59:10 -  #4  0x00007ffff614a6ba in start_thread (arg=0x7ffff3dbb700) at pthread_create.c:333
2020-10-23 17:59:10 -          __res = <optimized out>
2020-10-23 17:59:10 -          pd = 0x7ffff3dbb700
2020-10-23 17:59:10 -          now = <optimized out>
2020-10-23 17:59:10 -          unwind_buf = {cancel_jmp_buf = {{jmp_buf = {140737284650752, -4303445453526072382, 0, 140737488346847, 140737284651456, 9437376, 4303454007462921154, 4303465423194883010}, mask_was_saved = 0}}, priv = {pad = {0x0, 0x0, 0x0, 0x0}, data = {prev = 0x0, cleanup = 0x0, canceltype = 0}}}
2020-10-23 17:59:10 -          not_first_call = <optimized out>
2020-10-23 17:59:10 -          pagesize_m1 = <optimized out>
2020-10-23 17:59:10 -          sp = <optimized out>
2020-10-23 17:59:10 -          freesize = <optimized out>
2020-10-23 17:59:10 -          __PRETTY_FUNCTION__ = "start_thread"
2020-10-23 17:59:10 -  #5  0x00007ffff7b144dd in clone () at ../sysdeps/unix/sysv/linux/x86_64/clone.S:109
2020-10-23 17:59:10 -  No locals.
2020-10-23 17:59:10 -  
2020-10-23 17:59:10 -  Thread 1 (Thread 0x7ffff7fe6740 (LWP 11985)):
2020-10-23 17:59:10 -  #0  0x00007ffff7b14ad3 in epoll_wait () at ../sysdeps/unix/syscall-template.S:84
2020-10-23 17:59:10 -  No locals.
2020-10-23 17:59:10 -  #1  0x00000000005b70e7 in boost::asio::detail::epoll_reactor::run(bool, boost::asio::detail::op_queue<boost::asio::detail::task_io_service_operation>&) [clone .constprop.204] (this=0x901570, block=<optimized out>, ops=...) at /usr/include/boost/asio/detail/impl/epoll_reactor.ipp:392
2020-10-23 17:59:10 -          timeout = <optimized out>
2020-10-23 17:59:10 -          events = {{events = 1, data = {ptr = 0x9015c8, fd = 9442760, u32 = 9442760, u64 = 9442760}}, {events = 2592781057, data = {ptr = 0xff6979e200007fff, fd = 32767, u32 = 32767, u64 = 18404375363795845119}}, {events = 32766, data = {ptr = 0x0, fd = 0, u32 = 0, u64 = 0}}, {events = 3986297192, data = {ptr = 0x9a8b317800007fff, fd = 32767, u32 = 32767, u64 = 11136048895069552639}}, {events = 32767, data = {ptr = 0x7fff9a8b2eb0, fd = -1702154576, u32 = 2592812720, u64 = 140735786200752}}, {events = 3265586016, data = {ptr = 0x9a8b30d800007fff, fd = 32767, u32 = 32767, u64 = 11136048207874785279}}, {events = 32767, data = {ptr = 0x7fff9a8ab300, fd = -1702186240, u32 = 2592781056, u64 = 140735786169088}}, {events = 4285102568, data = {ptr = 0xff6979f100007ffe, fd = 32766, u32 = 32766, u64 = 18404375428220354558}}, {events = 32766, data = {ptr = 0x7fff9a8b3150, fd = -1702153904, u32 = 2592813392, u64 = 140735786201424}}, {events = 2592813312, data = {ptr = 0x9a8ab30000007fff, fd = 32767, u32 = 32767, u64 = 11135909841208377343}}, {events = 32767, data = {ptr = 0x7ffeff6979f8, fd = -9864712, u32 = 4285102584, u64 = 140733183523320}}, {events = 4285102593, data = {ptr = 0x9a8b30d800007ffe, fd = 32766, u32 = 32766, u64 = 11136048207874785278}}, {events = 32767, data = {ptr = 0x7fff9a8b3128, fd = -1702153944, u32 = 2592813352, u64 = 140735786201384}}, {events = 2592781056, data = {ptr = 0xff697a0800007fff, fd = 32767, u32 = 32767, u64 = 18404375527004602367}}, {events = 32766, data = {ptr = 0x7ffeff697a11, fd = -9864687, u32 = 4285102609, u64 = 140733183523345}}, {events = 2592813312, data = {ptr = 0x9a8b315000007fff, fd = 32767, u32 = 32767, u64 = 11136048723270860799}}, {events = 32767, data = {ptr = 0x7fff9a8ab300, fd = -1702186240, u32 = 2592781056, u64 = 140735786169088}}, {events = 4285102613, data = {ptr = 0xff697a1d00007ffe, fd = 32766, u32 = 32766, u64 = 18404375617198915582}}, {events = 32766, data = {ptr = 0x7fff9a8b3128, fd = -1702153944, u32 = 2592813352, u64 = 140735786201384}}, {events = 0, data = {ptr = 0x9a8ab30100000000, fd = 0, u32 = 0, u64 = 11135909845503311872}}, {events = 32767, data = {ptr = 0x7ffeff697a24, fd = -9864668, u32 = 4285102628, u64 = 140733183523364}}, {events = 0, data = {ptr = 0x9a8b309800000000, fd = 0, u32 = 0, u64 = 11136047932996845568}}, {events = 32767, data = {ptr = 0x0, fd = 0, u32 = 0, u64 = 0}}, {events = 2592813696, data = {ptr = 0x9a8b328000007fff, fd = 32767, u32 = 32767, u64 = 11136050028940918783}}, {events = 32767, data = {ptr = 0x7fff9a8b31b8, fd = -1702153800, u32 = 2592813496, u64 = 140735786201528}}, {events = 2592781056, data = {ptr = 0xff697a2c00007fff, fd = 32767, u32 = 32767, u64 = 18404375681623425023}}, {events = 32766, data = {ptr = 0x7ffeff697a32, fd = -9864654, u32 = 4285102642, u64 = 140733183523378}}, {events = 2592813656, data = {ptr = 0x9a8b31e000007fff, fd = 32767, u32 = 32767, u64 = 11136049341746151423}}, {events = 32767, data = {ptr = 0x7fff9a8ab300, fd = -1702186240, u32 = 2592781056, u64 = 140735786169088}}, {events = 4285102655, data = {ptr = 0xff697a4200007ffe, fd = 32766, u32 = 32766, u64 = 18404375776112705534}}, {events = 32766, data = {ptr = 0x7fff9a8b31b8, fd = -1702153800, u32 = 2592813496, u64 = 140735786201528}}, {events = 2592813576, data = {ptr = 0x9a8ab30000007fff, fd = 32767, u32 = 32767, u64 = 11135909841208377343}}, {events = 32767, data = {ptr = 0x7ffeff697a45, fd = -9864635, u32 = 4285102661, u64 = 140733183523397}}, {events = 4285102664, data = {ptr = 0x9a8b31e000007ffe, fd = 32766, u32 = 32766, u64 = 11136049341746151422}}, {events = 32767, data = {ptr = 0x7fff9a8b3230, fd = -1702153680, u32 = 2592813616, u64 = 140735786201648}}, {events = 2592781056, data = {ptr = 0xff697a4b00007fff, fd = 32767, u32 = 32767, u64 = 18404375814767411199}}, {events = 32766, data = {ptr = 0x7ffeff697a4e, fd = -9864626, u32 = 4285102670, u64 = 140733183523406}}, {events = 2592813576, data = {ptr = 0x9a8b325800007fff, fd = 32767, u32 = 32767, u64 = 11136049857142226943}}, {events = 32767, data = {ptr = 0x7fff9a8ab300, fd = -1702186240, u32 = 2592781056, u64 = 140735786169088}}, {events = 4285102674, data = {ptr = 0xff697a5d00007ffe, fd = 32766, u32 = 32766, u64 = 18404375892076822526}}, {events = 32766, data = {ptr = 0x97f07fff9a8b3230, fd = -1702153680, u32 = 2592813616, u64 = 10948391429923877424}}, {events = 2147464694, data = {ptr = 0x7fffececd7200000, fd = -685768704, u32 = 3609198592, u64 = 9223351063843700736}}, {events = 260112384, data = {ptr = 0x13d0000000000005, fd = 5, u32 = 5, u64 = 1427641081876447237}}, {events = 82, data = {ptr = 0x0, fd = 0, u32 = 0, u64 = 0}}, {events = 10485760, data = {ptr = 0xc7f0000090005, fd = 589829, u32 = 589829, u64 = 3517337697845253}}, {events = 1, data = {ptr = 0x10002a00005, fd = 44040197, u32 = 44040197, u64 = 1099555667973}}, {events = 4853760, data = {ptr = 0x56bde853c34b8200, fd = -1018461696, u32 = 3276505600, u64 = 6250407304316551680}}, {events = 321614430, data = {ptr = 0x10006773ae76e2, fd = 1940813538, u32 = 1940813538, u64 = 4504043949815522}}, {events = 1936875885, data = {ptr = 0x7a6533790a326e6f, fd = 171077231, u32 = 171077231, u64 = 8819512040230121071}}, {events = 963262264, data = {ptr = 0x6f6c61626f520006, fd = 1867644934, u32 = 1867644934, u64 = 8028899311097085958}}, {events = 1603490267, data = {ptr = 0x387643544f00053f, fd = 1325401407, u32 = 1325401407, u64 = 4068513342757537087}}, {events = 254, data = {ptr = 0x0, fd = 0, u32 = 0, u64 = 0}}, {events = 11, data = {ptr = 0xa100000000, fd = 0, u32 = 0, u64 = 691489734656}}, {events = 0, data = {ptr = 0x0, fd = 0, u32 = 0, u64 = 0}}, {events = 0, data = {ptr = 0x0, fd = 0, u32 = 0, u64 = 0}}, {events = 0, data = {ptr = 0x0, fd = 0, u32 = 0, u64 = 0}}, {events = 0, data = {ptr = 0x0, fd = 0, u32 = 0, u64 = 0}}, {events = 0, data = {ptr = 0xed9a116800000000, fd = 0, u32 = 0, u64 = 17121016071776632832}}, {events = 4155593817, data = {ptr = 0x7fff, fd = 32767, u32 = 32767, u64 = 32767}}, {events = 0, data = {ptr = 0x5828f4 <boost::asio::detail::reactive_socket_recv_op_base<boost::asio::mutable_buffers_1>::do_perform(boost::asio::detail::reactor_op*)+228>, fd = 5777652, u32 = 5777652, u64 = 5777652}}, {events = 32767, data = {ptr = 0x18a3338, fd = 25834296, u32 = 25834296, u64 = 25834296}}, {events = 16, data = {ptr = 0x912296, fd = 9511574, u32 = 9511574, u64 = 9511574}}, {events = 2, data = {ptr = 0x200000000, fd = 0, u32 = 0, u64 = 8589934592}}, {events = 0, data = {ptr = 0x5f93522c, fd = 1603490348, u32 = 1603490348, u64 = 1603490348}}, {events = 0, data = {ptr = 0x0, fd = 0, u32 = 0, u64 = 0}}, {events = 0, data = {ptr = 0x7fffffffdb80, fd = -9344, u32 = 4294957952, u64 = 140737488345984}}, {events = 1, data = {ptr = 0x0, fd = 0, u32 = 0, u64 = 0}}, {events = 0, data = {ptr = 0x0, fd = 0, u32 = 0, u64 = 0}}, {events = 0, data = {ptr = 0x91227000000000, fd = 0, u32 = 0, u64 = 40851736054726656}}, {events = 0, data = {ptr = 0x7fffee0ed630, fd = -301017552, u32 = 3993949744, u64 = 140737187337776}}, {events = 9709728, data = {ptr = 0x92237800000000, fd = 0, u32 = 0, u64 = 41134344902803456}}, {events = 0, data = {ptr = 0x932448, fd = 9643080, u32 = 9643080, u64 = 9643080}}, {events = 16, data = {ptr = 0x5200000000, fd = 0, u32 = 0, u64 = 352187318272}}, {events = 0, data = {ptr = 0x901570, fd = 9442672, u32 = 9442672, u64 = 9442672}}, {events = 6449413, data = {ptr = 0x7fff00000000, fd = 0, u32 = 0, u64 = 140733193388032}}, {events = 4285084442, data = {ptr = 0x10, fd = 16, u32 = 16, u64 = 16}}, {events = 0, data = {ptr = 0x56f20000000000, fd = 0, u32 = 0, u64 = 24472929811038208}}, {events = 0, data = {ptr = 0x9a8a33d800000000, fd = 0, u32 = 0, u64 = 11135770031432925184}}, {events = 32767, data = {ptr = 0xffffdc7000000000, fd = 0, u32 = 0, u64 = 18446704972327288832}}, {events = 32767, data = {ptr = 0x9428a0, fd = 9709728, u32 = 9709728, u64 = 9709728}}, {events = 9709728, data = {ptr = 0xd4dc2e7000000000, fd = 0, u32 = 0, u64 = 15338185489488281600}}, {events = 32767, data = {ptr = 0x922378, fd = 9577336, u32 = 9577336, u64 = 9577336}}, {events = 9511574, data = {ptr = 0x200000000, fd = 0, u32 = 0, u64 = 8589934592}}, {events = 0, data = {ptr = 0x7fff00000001, fd = 1, u32 = 1, u64 = 140733193388033}}, {events = 0, data = {ptr = 0x56f20000000000, fd = 0, u32 = 0, u64 = 24472929811038208}}, {events = 0, data = {ptr = 0x0, fd = 0, u32 = 0, u64 = 0}}, {events = 0, data = {ptr = 0x92231800000000, fd = 0, u32 = 0, u64 = 41133932585943040}}, {events = 0, data = {ptr = 0x0, fd = 0, u32 = 0, u64 = 0}}, {events = 4128564479, data = {ptr = 0x91228000007fff, fd = 32767, u32 = 32767, u64 = 40851804774236159}}, {events = 0, data = {ptr = 0x7fff9c2279b0, fd = -1675462224, u32 = 2619505072, u64 = 140735812893104}}, {events = 2707144816, data = {ptr = 0x92231800007fff, fd = 32767, u32 = 32767, u64 = 41133932585975807}}, {events = 0, data = {ptr = 0x7fffffffde78, fd = -8584, u32 = 4294958712, u64 = 140737488346744}}, {events = 0, data = {ptr = 0xf7a9158c00000000, fd = 0, u32 = 0, u64 = 17845818689471905792}}, {events = 32767, data = {ptr = 0x900090, fd = 9437328, u32 = 9437328, u64 = 9437328}}, {events = 4294958640, data = {ptr = 0x90009000007fff, fd = 32767, u32 = 32767, u64 = 40533015121657855}}, {events = 0, data = {ptr = 0x912280, fd = 9511552, u32 = 9511552, u64 = 9511552}}, {events = 14, data = {ptr = 0x91228000000000, fd = 0, u32 = 0, u64 = 40851804774203392}}, {events = 0, data = {ptr = 0x7fff9c2279b0, fd = -1675462224, u32 = 2619505072, u64 = 140735812893104}}, {events = 2707144816, data = {ptr = 0x92231800007fff, fd = 32767, u32 = 32767, u64 = 41133932585975807}}, {events = 0, data = {ptr = 0x58a8b4 <Connection::onWriteOperation(boost::system::error_code const&)+260>, fd = 5810356, u32 = 5810356, u64 = 5810356}}, {events = 0, data = {ptr = 0xf71e50e000000000, fd = 0, u32 = 0, u64 = 17806758899672416256}}, {events = 32767, data = {ptr = 0xffffde30, fd = -8656, u32 = 4294958640, u64 = 4294958640}}, {events = 14, data = {ptr = 0x0, fd = 0, u32 = 0, u64 = 0}}, {events = 0, data = {ptr = 0x0, fd = 0, u32 = 0, u64 = 0}}, {events = 4294958640, data = {ptr = 0x58574500007fff, fd = 32767, u32 = 32767, u64 = 24865751814930431}}, {events = 0, data = {ptr = 0x10, fd = 16, u32 = 16, u64 = 16}}, {events = 4155593817, data = {ptr = 0xffffde3000007fff, fd = 32767, u32 = 32767, u64 = 18446706896472670207}}, {events = 32767, data = {ptr = 0x0, fd = 0, u32 = 0, u64 = 0}}, {events = 0, data = {ptr = 0x0, fd = 0, u32 = 0, u64 = 0}}, {events = 16, data = {ptr = 0x922378, fd = 9577336, u32 = 9577336, u64 = 9577336}}, {events = 4294958720, data = {ptr = 0x90009000007fff, fd = 32767, u32 = 32767, u64 = 40533015121657855}}, {events = 0, data = {ptr = 0x0, fd = 0, u32 = 0, u64 = 0}}, {events = 0, data = {ptr = 0x9000c000000000, fd = 0, u32 = 0, u64 = 40533221280055296}}, {events = 0, data = {ptr = 0x0, fd = 0, u32 = 0, u64 = 0}}, {events = 4155053452, data = {ptr = 0x91227000007fff, fd = 32767, u32 = 32767, u64 = 40851736054759423}}, {events = 0, data = {ptr = 0x0, fd = 0, u32 = 0, u64 = 0}}, {events = 4145959136, data = {ptr = 0x58a73100007fff, fd = 32767, u32 = 32767, u64 = 24953626845806591}}, {events = 0, data = {ptr = 0x7fff903bdd60, fd = -1875124896, u32 = 2419842400, u64 = 140735613230432}}, {events = 4294958720, data = {ptr = 0x90009000007fff, fd = 32767, u32 = 32767, u64 = 40533015121657855}}, {events = 0, data = {ptr = 0x7fffffffde80, fd = -8576, u32 = 4294958720, u64 = 140737488346752}}, {events = 9437328, data = {ptr = 0x58646e00000000, fd = 0, u32 = 0, u64 = 24880221559717888}}, {events = 0, data = {ptr = 0x912280, fd = 9511552, u32 = 9511552, u64 = 9511552}}, {events = 9511536, data = {ptr = 0xffffde8000000000, fd = 0, u32 = 0, u64 = 18446707240070021120}}, {events = 32767, data = {ptr = 0x0, fd = 0, u32 = 0, u64 = 0}}, {events = 0, data = {ptr = 0x0, fd = 0, u32 = 0, u64 = 0}}, {events = 32767, data = {ptr = 0x58a720 <Connection::handleTimeout(std::weak_ptr<Connection>, boost::system::error_code const&)>, fd = 5809952, u32 = 5809952, u64 = 5809952}}, {events = 9511552, data = {ptr = 0x91227000000000, fd = 0, u32 = 0, u64 = 40851736054726656}}, {events = 0, data = {ptr = 0x7fff0000007d, fd = 125, u32 = 125, u64 = 140733193388157}}}
2020-10-23 17:59:10 -          num_events = <optimized out>
2020-10-23 17:59:10 -          check_timers = <optimized out>
2020-10-23 17:59:10 -  #2  0x000000000055dcd3 in do_run_one (ec=..., this_thread=..., lock=<synthetic pointer>, this=0x900090) at /usr/include/boost/asio/detail/impl/task_io_service.ipp:356
2020-10-23 17:59:10 -          more_handlers = <optimized out>
2020-10-23 17:59:10 -  #3  run (ec=..., this=0x900090) at /usr/include/boost/asio/detail/impl/task_io_service.ipp:149
2020-10-23 17:59:10 -          this_thread = {private_op_queue = {front_ = 0x0, back_ = 0x0}, private_outstanding_work = 0}
2020-10-23 17:59:10 -          ctx = {key_ = 0x900090, value_ = 0x7fffffffdf40, next_ = 0x0}
2020-10-23 17:59:10 -          lock = {mutex_ = @0x9000c0, locked_ = <optimized out>}
2020-10-23 17:59:10 -          n = 1713
2020-10-23 17:59:10 -  #4  _ZN5boost4asio10io_service3runEv.isra.226 () at /usr/include/boost/asio/impl/io_service.ipp:59
2020-10-23 17:59:10 -          ec = {m_val = 0, m_cat = 0x7ffff71e50e0}
2020-10-23 17:59:10 -  #5  ServiceManager::run() (this=this@entry=0x7fffffffdff0) at /home/otg/src/server.cpp:47
2020-10-23 17:59:10 -  No locals.
2020-10-23 17:59:10 -  #6  0x0000000000474c46 in main (argc=1, argv=0x7fffffffe1b8) at /home/otg/src/otserv.cpp:96
2020-10-23 17:59:10 -          serviceManager = {acceptors = {_M_h = {_M_buckets = 0x7fffeddfc460, _M_bucket_count = 5, _M_before_begin = {_M_nxt = 0x7fffeddfc430}, _M_element_count = 2, _M_rehash_policy = {_M_max_load_factor = 1, _M_next_resize = 5}, _M_single_bucket = 0x0}}, io_service = {service_registry_ = 0x900040, impl_ = @0x900090}, signals = {set = {<No data fields>}}, death_timer = {<No data fields>}, running = true}
2020-10-23 17:59:10 -  Saving server...
2020-10-23 17:59:11 -  > Saved house items in: 0.357 s
2020-10-23 17:59:11 -  A debugging session is active.
2020-10-23 17:59:11 -  
2020-10-23 17:59:11 -  	Inferior 1 [process 11985] will be killed.
2020-10-23 17:59:11 -  
2020-10-23 17:59:11 -  Quit anyway? (y or n) [answered Y; input not from terminal]
