2020-09-26 06:43:15 -  [Thread debugging using libthread_db enabled]
2020-09-26 06:43:15 -  Using host libthread_db library "/lib/x86_64-linux-gnu/libthread_db.so.1".
2020-09-26 06:43:15 -  [New Thread 0x7ffff3dbb700 (LWP 15888)]
2020-09-26 06:43:15 -  [New Thread 0x7ffff35ba700 (LWP 15889)]
2020-09-26 06:43:15 -  The OTG-Premium-Version - Version: (1.3)
2020-09-26 06:43:15 -  Compiled with: GNU C++ version 5.4.0 20160609
2020-09-26 06:43:15 -  Compiled on Sep 17 2020 19:49:36 for platform x64
2020-09-26 06:43:15 -  
2020-09-26 06:43:15 -  Special Credits for: OTG Team, Johncore, Vankk, Erick Nunes, Leonardo Pereira, Leandro Baldissera, Talis, Marcomoa, Marson Schneider, Douglas, Mark Samman, OTXServer (Mattyx Gomez) and The Forgotten Server Developers.
2020-09-26 06:43:15 -  Link of repository: https://github.com/Johncorex/OTG-Premium-Version
2020-09-26 06:43:15 -  
2020-09-26 06:43:15 -  >> Loading config: config.lua
2020-09-26 06:43:15 -  >> Establishing database connection... MySQL 5.7.31
2020-09-26 06:43:15 -  >> Running database manager
2020-09-26 06:43:15 -  [New Thread 0x7ffff2ba7700 (LWP 15890)]
2020-09-26 06:43:15 -  > Optimizing table tile_store... [success]
2020-09-26 06:43:15 -  >> Loading vocations
2020-09-26 06:43:15 -  >> Loading items
2020-09-26 06:43:15 -  >> Loading script systems
2020-09-26 06:43:15 -  >> Loading lua libs
2020-09-26 06:43:16 -  [Warning - Event::checkScript] Can not load script: scripts/expboostaction.lua
2020-09-26 06:43:16 -  cannot open data/actions/scripts/expboostaction.lua: No such file or directory
2020-09-26 06:43:17 -  >> Loading lua scripts
2020-09-26 06:43:17 -  >> Loading monsters
2020-09-26 06:43:17 -  >> Loading lua monsters
2020-09-26 06:43:17 -  >> Loading outfits
2020-09-26 06:43:17 -  >> Loading prey data
2020-09-26 06:43:17 -  >> Checking world type... PVP
2020-09-26 06:43:17 -  >> Loading map
2020-09-26 06:43:19 -  > Map size: 34143x33812.
2020-09-26 06:43:25 -  > Map loading time: 7.459 seconds.
2020-09-26 06:43:54 -  > Loaded house items in: 0.027 s
2020-09-26 06:43:54 -  >> Initializing gamestate
2020-09-26 06:43:56 -  >> Loaded 43 npcs and spawned 72496 monsters.
2020-09-26 06:43:56 -  >> Loaded 26 towns with 1074 houses in total.
2020-09-26 06:43:56 -  [Castle War]
2020-09-26 06:43:56 -  [POWERGAMERS]
2020-09-26 06:43:56 -  [SISTEMA DE LOTERIA] OPERANTE
2020-09-26 06:43:56 -  Advanced NPC spawn system | All NPCs will be loaded trough lib.
2020-09-26 06:43:56 -  [REGEN BOOST] CARREGADO
2020-09-26 06:43:56 -  [SPOOF COUNTER]
2020-09-26 06:43:56 -  [STAMINA]
2020-09-26 06:43:56 -  >> Loaded all modules, server starting up...
2020-09-26 06:43:56 -  > Warning: OTG-Premium-Version has been executed as root user, please consider running it as a normal user.
2020-09-26 06:43:56 -  >> Honera Global Server Online!
2020-09-26 06:43:56 -  
2020-09-26 06:43:57 -  Shaka has logged in.
2020-09-26 06:43:59 -  SABADOU!! NPC HONERA CRIADO
2020-09-26 06:43:59 -  Top Spin has logged in.
2020-09-26 06:44:17 -  Shaka Knight has logged in.
2020-09-26 06:44:37 -  Shaka Skull has logged in.
2020-09-26 06:46:01 -  Shaka Skull has logged out.
2020-09-26 06:47:35 -  Shaka has logged out.
2020-09-26 06:48:26 -  ip inválido
2020-09-26 06:48:26 -  Shaka has logged in.
2020-09-26 06:48:47 -  Shaka Skull has logged in.
2020-09-26 06:50:02 -  [Debug - Game::internalDecayItem] internalDecayItem failed, error code: 1, item id: 2021
2020-09-26 06:52:34 -  
2020-09-26 06:52:34 -  Thread 2 "tfs" received signal SIGSEGV, Segmentation fault.
2020-09-26 06:52:34 -  [Switching to Thread 0x7ffff3dbb700 (LWP 15888)]
2020-09-26 06:52:34 -  0x000000000059b718 in Game::internalRemoveItem(Item*, int, bool, unsigned int) (this=this@entry=0x8e7760 <g_game>, item=item@entry=0x7fffae093e80, count=count@entry=-1, test=test@entry=false, flags=flags@entry=0) at /home/otg/src/game.cpp:1422
2020-09-26 06:52:34 -  1422		Tile* fromTile = cylinder->getTile();
2020-09-26 06:52:35 -  
2020-09-26 06:52:35 -  Thread 4 (Thread 0x7ffff2ba7700 (LWP 15890)):
2020-09-26 06:52:35 -  #0  pthread_cond_wait@@GLIBC_2.3.2 () at ../sysdeps/unix/sysv/linux/x86_64/pthread_cond_wait.S:185
2020-09-26 06:52:35 -  No locals.
2020-09-26 06:52:35 -  #1  0x00007ffff5e7491c in std::condition_variable::wait(std::unique_lock<std::mutex>&) () from /usr/lib/x86_64-linux-gnu/libstdc++.so.6
2020-09-26 06:52:35 -  No symbol table info available.
2020-09-26 06:52:35 -  #2  0x00000000006228bf in DatabaseTasks::threadMain() (this=0x8e39a0 <g_databaseTasks>) at /home/otg/src/databasetasks.cpp:42
2020-09-26 06:52:35 -          taskLockUnique = {_M_device = 0x8e3a08 <g_databaseTasks+104>, _M_owns = true}
2020-09-26 06:52:35 -  #3  0x00007ffff5e79c80 in ?? () from /usr/lib/x86_64-linux-gnu/libstdc++.so.6
2020-09-26 06:52:35 -  No symbol table info available.
2020-09-26 06:52:35 -  #4  0x00007ffff614a6ba in start_thread (arg=0x7ffff2ba7700) at pthread_create.c:333
2020-09-26 06:52:35 -          __res = <optimized out>
2020-09-26 06:52:35 -          pd = 0x7ffff2ba7700
2020-09-26 06:52:35 -          now = <optimized out>
2020-09-26 06:52:35 -          unwind_buf = {cancel_jmp_buf = {{jmp_buf = {140737265694464, -5116642789905132385, 0, 140737284647471, 140737265695168, 9334528, 5116631275643606175, 5116621704014992543}, mask_was_saved = 0}}, priv = {pad = {0x0, 0x0, 0x0, 0x0}, data = {prev = 0x0, cleanup = 0x0, canceltype = 0}}}
2020-09-26 06:52:35 -          not_first_call = <optimized out>
2020-09-26 06:52:35 -          pagesize_m1 = <optimized out>
2020-09-26 06:52:35 -          sp = <optimized out>
2020-09-26 06:52:35 -          freesize = <optimized out>
2020-09-26 06:52:35 -          __PRETTY_FUNCTION__ = "start_thread"
2020-09-26 06:52:35 -  #5  0x00007ffff7b144dd in clone () at ../sysdeps/unix/sysv/linux/x86_64/clone.S:109
2020-09-26 06:52:35 -  No locals.
2020-09-26 06:52:35 -  
2020-09-26 06:52:35 -  Thread 3 (Thread 0x7ffff35ba700 (LWP 15889)):
2020-09-26 06:52:35 -  #0  pthread_cond_timedwait@@GLIBC_2.3.2 () at ../sysdeps/unix/sysv/linux/x86_64/pthread_cond_timedwait.S:225
2020-09-26 06:52:35 -  No locals.
2020-09-26 06:52:35 -  #1  0x0000000000506210 in __gthread_cond_timedwait () at /usr/include/x86_64-linux-gnu/c++/5/bits/gthr-default.h:871
2020-09-26 06:52:35 -  No locals.
2020-09-26 06:52:35 -  #2  std::condition_variable::__wait_until_impl (__atime=..., __lock=..., this=0x8e6fa0 <g_scheduler+64>) at /usr/include/c++/5/condition_variable:165
2020-09-26 06:52:35 -          __ts = {tv_sec = 1601117554, tv_nsec = 674611619}
2020-09-26 06:52:35 -  #3  std::condition_variable::wait_until<std::chrono::duration<long, std::ratio<1l, 1000000000l> > > () at /usr/include/c++/5/condition_variable:105
2020-09-26 06:52:35 -          __lock = @0x7ffff35b9e90: {_M_device = 0x8e6f78 <g_scheduler+24>, _M_owns = true}
2020-09-26 06:52:35 -          this = 0x8e6fa0 <g_scheduler+64>
2020-09-26 06:52:35 -  #4  Scheduler::threadMain (this=0x8e6f60 <g_scheduler>) at /home/otg/src/scheduler.cpp:36
2020-09-26 06:52:35 -          ret = std::cv_status::no_timeout
2020-09-26 06:52:35 -          eventLockUnique = {_M_device = 0x8e6f78 <g_scheduler+24>, _M_owns = true}
2020-09-26 06:52:35 -  #5  0x00007ffff5e79c80 in ?? () from /usr/lib/x86_64-linux-gnu/libstdc++.so.6
2020-09-26 06:52:35 -  No symbol table info available.
2020-09-26 06:52:35 -  #6  0x00007ffff614a6ba in start_thread (arg=0x7ffff35ba700) at pthread_create.c:333
2020-09-26 06:52:35 -          __res = <optimized out>
2020-09-26 06:52:35 -          pd = 0x7ffff35ba700
2020-09-26 06:52:35 -          now = <optimized out>
2020-09-26 06:52:35 -          unwind_buf = {cancel_jmp_buf = {{jmp_buf = {140737276258048, -5116642789905132385, 0, 140737488346847, 140737276258752, 9437376, 5116633206768276639, 5116621704014992543}, mask_was_saved = 0}}, priv = {pad = {0x0, 0x0, 0x0, 0x0}, data = {prev = 0x0, cleanup = 0x0, canceltype = 0}}}
2020-09-26 06:52:35 -          not_first_call = <optimized out>
2020-09-26 06:52:35 -          pagesize_m1 = <optimized out>
2020-09-26 06:52:35 -          sp = <optimized out>
2020-09-26 06:52:35 -          freesize = <optimized out>
2020-09-26 06:52:35 -          __PRETTY_FUNCTION__ = "start_thread"
2020-09-26 06:52:35 -  #7  0x00007ffff7b144dd in clone () at ../sysdeps/unix/sysv/linux/x86_64/clone.S:109
2020-09-26 06:52:35 -  No locals.
2020-09-26 06:52:35 -  
2020-09-26 06:52:35 -  Thread 2 (Thread 0x7ffff3dbb700 (LWP 15888)):
2020-09-26 06:52:35 -  #0  0x000000000059b718 in Game::internalRemoveItem(Item*, int, bool, unsigned int) (this=this@entry=0x8e7760 <g_game>, item=item@entry=0x7fffae093e80, count=count@entry=-1, test=test@entry=false, flags=flags@entry=0) at /home/otg/src/game.cpp:1422
2020-09-26 06:52:35 -          cylinder = 0x7fffadc6dc68
2020-09-26 06:52:35 -          fromTile = 0x8e6f78 <g_scheduler+24>
2020-09-26 06:52:35 -          ret = <optimized out>
2020-09-26 06:52:35 -  #1  0x00000000005b11c7 in Game::internalDecayItem(Item*) (this=0x8e7760 <g_game>, item=0x7fffae093e80) at /home/otg/src/game.cpp:4920
2020-09-26 06:52:35 -          ret = <optimized out>
2020-09-26 06:52:35 -          it = <optimized out>
2020-09-26 06:52:35 -  #2  0x00000000005b140b in Game::checkDecay() (this=0x8e7760 <g_game>) at /home/otg/src/game.cpp:4953
2020-09-26 06:52:35 -          item = 0x7fffae093e80
2020-09-26 06:52:35 -          duration = <optimized out>
2020-09-26 06:52:35 -          bucket = 1
2020-09-26 06:52:35 -          it = {_M_node = 0x7fff90eda1a0}
2020-09-26 06:52:35 -          end = {_M_node = 0x8e7bf8 <g_game+1176>}
2020-09-26 06:52:35 -  #3  0x000000000055af2d in std::function<void ()>::operator()() const () at /usr/include/c++/5/functional:2267
2020-09-26 06:52:35 -          this = 0x7fffc98662d0
2020-09-26 06:52:35 -  #4  Task::operator()() () at /home/otg/src/tasks.h:42
2020-09-26 06:52:35 -          this = 0x7fffc98662c0
2020-09-26 06:52:35 -  #5  Dispatcher::threadMain() (this=0x8e6ec0 <g_dispatcher>) at /home/otg/src/tasks.cpp:62
2020-09-26 06:52:35 -          task = 0x7fffc98662c0
2020-09-26 06:52:35 -          taskLockUnique = {_M_device = 0x8e6ed8 <g_dispatcher+24>, _M_owns = false}
2020-09-26 06:52:35 -  #6  0x00007ffff5e79c80 in ?? () from /usr/lib/x86_64-linux-gnu/libstdc++.so.6
2020-09-26 06:52:35 -  No symbol table info available.
2020-09-26 06:52:35 -  #7  0x00007ffff614a6ba in start_thread (arg=0x7ffff3dbb700) at pthread_create.c:333
2020-09-26 06:52:35 -          __res = <optimized out>
2020-09-26 06:52:35 -          pd = 0x7ffff3dbb700
2020-09-26 06:52:35 -          now = <optimized out>
2020-09-26 06:52:35 -          unwind_buf = {cancel_jmp_buf = {{jmp_buf = {140737284650752, -5116642789905132385, 0, 140737488346847, 140737284651456, 9437376, 5116634305743033503, 5116621704014992543}, mask_was_saved = 0}}, priv = {pad = {0x0, 0x0, 0x0, 0x0}, data = {prev = 0x0, cleanup = 0x0, canceltype = 0}}}
2020-09-26 06:52:35 -          not_first_call = <optimized out>
2020-09-26 06:52:35 -          pagesize_m1 = <optimized out>
2020-09-26 06:52:35 -          sp = <optimized out>
2020-09-26 06:52:35 -          freesize = <optimized out>
2020-09-26 06:52:35 -          __PRETTY_FUNCTION__ = "start_thread"
2020-09-26 06:52:35 -  #8  0x00007ffff7b144dd in clone () at ../sysdeps/unix/sysv/linux/x86_64/clone.S:109
2020-09-26 06:52:35 -  No locals.
2020-09-26 06:52:35 -  
2020-09-26 06:52:35 -  Thread 1 (Thread 0x7ffff7fe6740 (LWP 15884)):
2020-09-26 06:52:35 -  #0  0x00007ffff7b14ad3 in epoll_wait () at ../sysdeps/unix/syscall-template.S:84
2020-09-26 06:52:35 -  No locals.
2020-09-26 06:52:35 -  #1  0x00000000005b70e7 in boost::asio::detail::epoll_reactor::run(bool, boost::asio::detail::op_queue<boost::asio::detail::task_io_service_operation>&) [clone .constprop.204] (this=0x901570, block=<optimized out>, ops=...) at /usr/include/boost/asio/detail/impl/epoll_reactor.ipp:392
2020-09-26 06:52:35 -          timeout = <optimized out>
2020-09-26 06:52:35 -          events = {{events = 32767, data = {ptr = 0x7ffefd41420a, fd = -46054902, u32 = 4248912394, u64 = 140733147333130}}, {events = 4248912397, data = {ptr = 0xc1f45e9000007ffe, fd = 32766, u32 = 32766, u64 = 13975899516205826046}}, {events = 32767, data = {ptr = 0x7fffc1f45ee0, fd = -1040949536, u32 = 3254017760, u64 = 140736447405792}}, {events = 3253986112, data = {ptr = 0xfd41421000007fff, fd = 32767, u32 = 32767, u64 = 18248939801568903167}}, {events = 32766, data = {ptr = 0x7ffefd414213, fd = -46054893, u32 = 4248912403, u64 = 140733147333139}}, {events = 3254017720, data = {ptr = 0xc1f45f0800007fff, fd = 32767, u32 = 32767, u64 = 13975900031601901567}}, {events = 32767, data = {ptr = 0x7fffc1f3e340, fd = -1040981184, u32 = 3253986112, u64 = 140736447374144}}, {events = 4248912406, data = {ptr = 0xfd41421900007ffe, fd = 32766, u32 = 32766, u64 = 18248939840223608830}}, {events = 32766, data = {ptr = 0x7fffc1f45ee0, fd = -1040949536, u32 = 3254017760, u64 = 140736447405792}}, {events = 3254017840, data = {ptr = 0xc1f3e34000007fff, fd = 32767, u32 = 32767, u64 = 13975763932678225919}}, {events = 32767, data = {ptr = 0x7ffefd41421d, fd = -46054883, u32 = 4248912413, u64 = 140733147333149}}, {events = 4248912424, data = {ptr = 0xc1f45f0800007ffe, fd = 32766, u32 = 32766, u64 = 13975900031601901566}}, {events = 32767, data = {ptr = 0x0, fd = 0, u32 = 0, u64 = 0}}, {events = 3253986113, data = {ptr = 0xfd41423b00007fff, fd = 32767, u32 = 32767, u64 = 18248939986252496895}}, {events = 32766, data = {ptr = 0x0, fd = 0, u32 = 0, u64 = 0}}, {events = 3908597544, data = {ptr = 0xc1f4603800007fff, fd = 32767, u32 = 32767, u64 = 13975901337271959551}}, {events = 32767, data = {ptr = 0x7fffc1f45d70, fd = -1040949904, u32 = 3254017392, u64 = 140736447405424}}, {events = 3254018632, data = {ptr = 0xc1f45f9800007fff, fd = 32767, u32 = 32767, u64 = 13975900650077192191}}, {events = 32767, data = {ptr = 0x7fffc1f3e340, fd = -1040981184, u32 = 3253986112, u64 = 140736447374144}}, {events = 4248912449, data = {ptr = 0xfd41424a00007ffe, fd = 32766, u32 = 32766, u64 = 18248940050677006334}}, {events = 32766, data = {ptr = 0x7fffc1f46010, fd = -1040949232, u32 = 3254018064, u64 = 140736447406096}}, {events = 3254017984, data = {ptr = 0xc1f3e34000007fff, fd = 32767, u32 = 32767, u64 = 13975763932678225919}}, {events = 32767, data = {ptr = 0x7ffefd414251, fd = -46054831, u32 = 4248912465, u64 = 140733147333201}}, {events = 4248912474, data = {ptr = 0xc1f45f9800007ffe, fd = 32766, u32 = 32766, u64 = 13975900650077192190}}, {events = 32767, data = {ptr = 0x7fffc1f45fe8, fd = -1040949272, u32 = 3254018024, u64 = 140736447406056}}, {events = 3253986112, data = {ptr = 0xfd41426100007fff, fd = 32767, u32 = 32767, u64 = 18248940149461254143}}, {events = 32766, data = {ptr = 0x7ffefd41426a, fd = -46054806, u32 = 4248912490, u64 = 140733147333226}}, {events = 3254017984, data = {ptr = 0xc1f4601000007fff, fd = 32767, u32 = 32767, u64 = 13975901165473267711}}, {events = 32767, data = {ptr = 0x7fffc1f3e340, fd = -1040981184, u32 = 3253986112, u64 = 140736447374144}}, {events = 4248912494, data = {ptr = 0xfd41427600007ffe, fd = 32766, u32 = 32766, u64 = 18248940239655567358}}, {events = 32766, data = {ptr = 0x7fffc1f45fe8, fd = -1040949272, u32 = 3254018024, u64 = 140736447406056}}, {events = 0, data = {ptr = 0xc1f3e34100000000, fd = 0, u32 = 0, u64 = 13975763936973160448}}, {events = 32767, data = {ptr = 0x7ffefd41427d, fd = -46054787, u32 = 4248912509, u64 = 140733147333245}}, {events = 0, data = {ptr = 0xc1f45f5800000000, fd = 0, u32 = 0, u64 = 13975900375199252480}}, {events = 32767, data = {ptr = 0x0, fd = 0, u32 = 0, u64 = 0}}, {events = 3254018368, data = {ptr = 0xc1f4614000007fff, fd = 32767, u32 = 32767, u64 = 13975902471143325695}}, {events = 32767, data = {ptr = 0x7fffc1f46078, fd = -1040949128, u32 = 3254018168, u64 = 140736447406200}}, {events = 3253986112, data = {ptr = 0xfd41428500007fff, fd = 32767, u32 = 32767, u64 = 18248940304080076799}}, {events = 32766, data = {ptr = 0x7ffefd41428b, fd = -46054773, u32 = 4248912523, u64 = 140733147333259}}, {events = 3254018328, data = {ptr = 0xc1f460a000007fff, fd = 32767, u32 = 32767, u64 = 13975901783948558335}}, {events = 32767, data = {ptr = 0x7fffc1f3e340, fd = -1040981184, u32 = 3253986112, u64 = 140736447374144}}, {events = 4248912542, data = {ptr = 0xfd4142a100007ffe, fd = 32766, u32 = 32766, u64 = 18248940424339161086}}, {events = 32766, data = {ptr = 0x7fffc1f46078, fd = -1040949128, u32 = 3254018168, u64 = 140736447406200}}, {events = 3254018248, data = {ptr = 0xc1f3e34000007fff, fd = 32767, u32 = 32767, u64 = 13975763932678225919}}, {events = 32767, data = {ptr = 0x7ffefd4142a5, fd = -46054747, u32 = 4248912549, u64 = 140733147333285}}, {events = 4248912552, data = {ptr = 0xc1f460a000007ffe, fd = 32766, u32 = 32766, u64 = 13975901783948558334}}, {events = 32767, data = {ptr = 0x7fffc1f460f0, fd = -1040949008, u32 = 3254018288, u64 = 140736447406320}}, {events = 3253986112, data = {ptr = 0xfd4142ac00007fff, fd = 32767, u32 = 32767, u64 = 18248940471583801343}}, {events = 32766, data = {ptr = 0x7ffefd4142af, fd = -46054737, u32 = 4248912559, u64 = 140733147333295}}, {events = 3254018248, data = {ptr = 0xc1f4611800007fff, fd = 32767, u32 = 32767, u64 = 13975902299344633855}}, {events = 32767, data = {ptr = 0x7fffc1f3e340, fd = -1040981184, u32 = 3253986112, u64 = 140736447374144}}, {events = 4248912563, data = {ptr = 0xfd4142be00007ffe, fd = 32766, u32 = 32766, u64 = 18248940548893212670}}, {events = 11, data = {ptr = 0xa1c1f460f0, fd = -1040949008, u32 = 3254018288, u64 = 694743752944}}, {events = 0, data = {ptr = 0x7fffffffdb90, fd = -9328, u32 = 4294957968, u64 = 140737488346000}}, {events = 32767, data = {ptr = 0x7ffefd4142c8, fd = -46054712, u32 = 4248912584, u64 = 140733147333320}}, {events = 0, data = {ptr = 0xc1f45f5800000000, fd = 0, u32 = 0, u64 = 13975900375199252480}}, {events = 9329, data = {ptr = 0xffffdb8fffff8000, fd = -32768, u32 = 4294934528, u64 = 18446704010254581760}}, {events = 32767, data = {ptr = 0x2, fd = 2, u32 = 2, u64 = 2}}, {events = 4155593817, data = {ptr = 0x7fff, fd = 32767, u32 = 32767, u64 = 32767}}, {events = 0, data = {ptr = 0x5828f4 <boost::asio::detail::reactive_socket_recv_op_base<boost::asio::mutable_buffers_1>::do_perform(boost::asio::detail::reactor_op*)+228>, fd = 5777652, u32 = 5777652, u64 = 5777652}}, {events = 91, data = {ptr = 0x100006e, fd = 16777326, u32 = 16777326, u64 = 16777326}}, {events = 13, data = {ptr = 0x952626, fd = 9774630, u32 = 9774630, u64 = 9774630}}, {events = 2, data = {ptr = 0x200000000, fd = 0, u32 = 0, u64 = 8589934592}}, {events = 0, data = {ptr = 0x5f6f1d72, fd = 1601117554, u32 = 1601117554, u64 = 1601117554}}, {events = 0, data = {ptr = 0x0, fd = 0, u32 = 0, u64 = 0}}, {events = 0, data = {ptr = 0x7fffffffdb80, fd = -9344, u32 = 4294957952, u64 = 140737488345984}}, {events = 1, data = {ptr = 0x0, fd = 0, u32 = 0, u64 = 0}}, {events = 0, data = {ptr = 0x0, fd = 0, u32 = 0, u64 = 0}}, {events = 0, data = {ptr = 0x95260000000000, fd = 0, u32 = 0, u64 = 41981552971743232}}, {events = 0, data = {ptr = 0x7fffd4852560, fd = -729471648, u32 = 3565495648, u64 = 140736758883680}}, {events = 9710896, data = {ptr = 0x96270800000000, fd = 0, u32 = 0, u64 = 42264161819820032}}, {events = 0, data = {ptr = 0x912718, fd = 9512728, u32 = 9512728, u64 = 9512728}}, {events = 13, data = {ptr = 0x5200000000, fd = 0, u32 = 0, u64 = 352187318272}}, {events = 0, data = {ptr = 0x901570, fd = 9442672, u32 = 9442672, u64 = 9442672}}, {events = 6449413, data = {ptr = 0x7fff00000000, fd = 0, u32 = 0, u64 = 140733193388032}}, {events = 0, data = {ptr = 0xd, fd = 13, u32 = 13, u64 = 13}}, {events = 0, data = {ptr = 0x56f20000000000, fd = 0, u32 = 0, u64 = 24472929811038208}}, {events = 0, data = {ptr = 0xe8f8772800000000, fd = 0, u32 = 0, u64 = 16787298624705921024}}, {events = 32767, data = {ptr = 0xffffdc70c1f46328, fd = -1040948440, u32 = 3254018856, u64 = 18446704975581307688}}, {events = 32767, data = {ptr = 0x942d30, fd = 9710896, u32 = 9710896, u64 = 9710896}}, {events = 9710896, data = {ptr = 0x9121c000000000, fd = 0, u32 = 0, u64 = 40850980140482560}}, {events = 0, data = {ptr = 0x962708, fd = 9840392, u32 = 9840392, u64 = 9840392}}, {events = 9774630, data = {ptr = 0x200000000, fd = 0, u32 = 0, u64 = 8589934592}}, {events = 0, data = {ptr = 0x7fff00000001, fd = 1, u32 = 1, u64 = 140733193388033}}, {events = 0, data = {ptr = 0x56f20000000000, fd = 0, u32 = 0, u64 = 24472929811038208}}, {events = 0, data = {ptr = 0x0, fd = 0, u32 = 0, u64 = 0}}, {events = 0, data = {ptr = 0x0, fd = 0, u32 = 0, u64 = 0}}, {events = 0, data = {ptr = 0x962628, fd = 9840168, u32 = 9840168, u64 = 9840168}}, {events = 5809952, data = {ptr = 0x95261000000000, fd = 0, u32 = 0, u64 = 41981621691219968}}, {events = 0, data = {ptr = 0x9626a8, fd = 9840296, u32 = 9840296, u64 = 9840296}}, {events = 9774592, data = {ptr = 0x46e96000000000, fd = 0, u32 = 0, u64 = 19959846895878144}}, {events = 0, data = {ptr = 0x7fffffffdd20, fd = -8928, u32 = 4294958368, u64 = 140737488346400}}, {events = 0, data = {ptr = 0x56e94e00000000, fd = 0, u32 = 0, u64 = 24463369213837312}}, {events = 0, data = {ptr = 0x900090, fd = 9437328, u32 = 9437328, u64 = 9437328}}, {events = 0, data = {ptr = 0x95262600000000, fd = 0, u32 = 0, u64 = 41981716180500480}}, {events = 0, data = {ptr = 0x2, fd = 2, u32 = 2, u64 = 2}}, {events = 5698048, data = {ptr = 0x0, fd = 0, u32 = 0, u64 = 0}}, {events = 0, data = {ptr = 0x0, fd = 0, u32 = 0, u64 = 0}}, {events = 0, data = {ptr = 0x0, fd = 0, u32 = 0, u64 = 0}}, {events = 0, data = {ptr = 0x7fffffffde30, fd = -8656, u32 = 4294958640, u64 = 140737488346672}}, {events = 9437328, data = {ptr = 0x1400000000, fd = 0, u32 = 0, u64 = 85899345920}}, {events = 0, data = {ptr = 0x0, fd = 0, u32 = 0, u64 = 0}}, {events = 9437376, data = {ptr = 0xffffde3000000000, fd = 0, u32 = 0, u64 = 18446706896472637440}}, {events = 32767, data = {ptr = 0x585e35 <boost::asio::detail::reactive_socket_recv_op<boost::asio::mutable_buffers_1, boost::asio::detail::read_op<boost::asio::basic_stream_socket<boost::asio::ip::tcp, boost::asio::stream_socket_service<boost::asio::ip::tcp> >, boost::asio::mutable_buffers_1, boost::asio::detail::transfer_all_t, std::_Bind<std::_Mem_fn<void (Connection::*)(boost::system::error_code const&)> (std::shared_ptr<Connection>, std::_Placeholder<1>)> > >::do_complete(boost::asio::detail::task_io_service*, boost::asio::detail::task_io_service_operation*, boost::system::error_code const&, unsigned long)+373>, fd = 5791285, u32 = 5791285, u64 = 5791285}}, {events = 4294958640, data = {ptr = 0x58574500007fff, fd = 32767, u32 = 32767, u64 = 24865751814930431}}, {events = 0, data = {ptr = 0x13, fd = 19, u32 = 19, u64 = 19}}, {events = 4155593817, data = {ptr = 0xffffde3000007fff, fd = 32767, u32 = 32767, u64 = 18446706896472670207}}, {events = 32767, data = {ptr = 0x0, fd = 0, u32 = 0, u64 = 0}}, {events = 0, data = {ptr = 0x0, fd = 0, u32 = 0, u64 = 0}}, {events = 13, data = {ptr = 0x962708, fd = 9840392, u32 = 9840392, u64 = 9840392}}, {events = 9774630, data = {ptr = 0x200000000, fd = 0, u32 = 0, u64 = 8589934592}}, {events = 0, data = {ptr = 0x0, fd = 0, u32 = 0, u64 = 0}}, {events = 2, data = {ptr = 0x56f20000000000, fd = 0, u32 = 0, u64 = 24472929811038208}}, {events = 0, data = {ptr = 0x0, fd = 0, u32 = 0, u64 = 0}}, {events = 9774608, data = {ptr = 0x95260000000000, fd = 0, u32 = 0, u64 = 41981552971743232}}, {events = 0, data = {ptr = 0x0, fd = 0, u32 = 0, u64 = 0}}, {events = 4145959136, data = {ptr = 0x58a73100007fff, fd = 32767, u32 = 32767, u64 = 24953626845806591}}, {events = 0, data = {ptr = 0x7fffd6801de0, fd = -696246816, u32 = 3598720480, u64 = 140736792108512}}, {events = 0, data = {ptr = 0x96270800000000, fd = 0, u32 = 0, u64 = 42264161819820032}}, {events = 0, data = {ptr = 0x7fffffffde80, fd = -8576, u32 = 4294958720, u64 = 140737488346752}}, {events = 9437328, data = {ptr = 0x58646e00000000, fd = 0, u32 = 0, u64 = 24880221559717888}}, {events = 0, data = {ptr = 0x952610, fd = 9774608, u32 = 9774608, u64 = 9774608}}, {events = 9774592, data = {ptr = 0xffffde8000000000, fd = 0, u32 = 0, u64 = 18446707240070021120}}, {events = 32767, data = {ptr = 0x0, fd = 0, u32 = 0, u64 = 0}}, {events = 0, data = {ptr = 0x0, fd = 0, u32 = 0, u64 = 0}}, {events = 0, data = {ptr = 0x58a720 <Connection::handleTimeout(std::weak_ptr<Connection>, boost::system::error_code const&)>, fd = 5809952, u32 = 5809952, u64 = 5809952}}, {events = 9774608, data = {ptr = 0x95260000000000, fd = 0, u32 = 0, u64 = 41981552971743232}}, {events = 0, data = {ptr = 0x7d, fd = 125, u32 = 125, u64 = 125}}}
2020-09-26 06:52:35 -          num_events = <optimized out>
2020-09-26 06:52:35 -          check_timers = <optimized out>
2020-09-26 06:52:35 -  #2  0x000000000055dcd3 in do_run_one (ec=..., this_thread=..., lock=<synthetic pointer>, this=0x900090) at /usr/include/boost/asio/detail/impl/task_io_service.ipp:356
2020-09-26 06:52:35 -          more_handlers = <optimized out>
2020-09-26 06:52:35 -  #3  run (ec=..., this=0x900090) at /usr/include/boost/asio/detail/impl/task_io_service.ipp:149
2020-09-26 06:52:35 -          this_thread = {private_op_queue = {front_ = 0x0, back_ = 0x0}, private_outstanding_work = 0}
2020-09-26 06:52:35 -          ctx = {key_ = 0x900090, value_ = 0x7fffffffdf40, next_ = 0x0}
2020-09-26 06:52:35 -          lock = {mutex_ = @0x9000c0, locked_ = <optimized out>}
2020-09-26 06:52:35 -          n = 40916
2020-09-26 06:52:35 -  #4  _ZN5boost4asio10io_service3runEv.isra.226 () at /usr/include/boost/asio/impl/io_service.ipp:59
2020-09-26 06:52:35 -          ec = {m_val = 0, m_cat = 0x7ffff71e50e0}
2020-09-26 06:52:35 -  #5  ServiceManager::run() (this=this@entry=0x7fffffffdff0) at /home/otg/src/server.cpp:47
2020-09-26 06:52:35 -  No locals.
2020-09-26 06:52:35 -  #6  0x0000000000474c46 in main (argc=1, argv=0x7fffffffe1b8) at /home/otg/src/otserv.cpp:96
2020-09-26 06:52:35 -          serviceManager = {acceptors = {_M_h = {_M_buckets = 0x7fffcd112820, _M_bucket_count = 5, _M_before_begin = {_M_nxt = 0x7fffcd1127f0}, _M_element_count = 2, _M_rehash_policy = {_M_max_load_factor = 1, _M_next_resize = 5}, _M_single_bucket = 0x0}}, io_service = {service_registry_ = 0x900040, impl_ = @0x900090}, signals = {set = {<No data fields>}}, death_timer = {<No data fields>}, running = true}
2020-09-26 06:52:35 -  Saving server...
2020-09-26 06:52:36 -  > Saved house items in: 0.703 s
2020-09-26 06:52:36 -  A debugging session is active.
2020-09-26 06:52:36 -  
2020-09-26 06:52:36 -  	Inferior 1 [process 15884] will be killed.
2020-09-26 06:52:36 -  
2020-09-26 06:52:36 -  Quit anyway? (y or n) [answered Y; input not from terminal]
