2020-10-09 05:05:49 -  [Thread debugging using libthread_db enabled]
2020-10-09 05:05:49 -  Using host libthread_db library "/lib/x86_64-linux-gnu/libthread_db.so.1".
2020-10-09 05:05:49 -  [New Thread 0x7ffff3dbb700 (LWP 26352)]
2020-10-09 05:05:49 -  [New Thread 0x7ffff35ba700 (LWP 26353)]
2020-10-09 05:05:49 -  The OTG-Premium-Version - Version: (1.3)
2020-10-09 05:05:49 -  Compiled with: GNU C++ version 5.4.0 20160609
2020-10-09 05:05:49 -  Compiled on Sep 17 2020 19:49:36 for platform x64
2020-10-09 05:05:49 -  
2020-10-09 05:05:49 -  Special Credits for: OTG Team, Johncore, Vankk, Erick Nunes, Leonardo Pereira, Leandro Baldissera, Talis, Marcomoa, Marson Schneider, Douglas, Mark Samman, OTXServer (Mattyx Gomez) and The Forgotten Server Developers.
2020-10-09 05:05:49 -  Link of repository: https://github.com/Johncorex/OTG-Premium-Version
2020-10-09 05:05:49 -  
2020-10-09 05:05:49 -  >> Loading config: config.lua
2020-10-09 05:05:49 -  >> Establishing database connection... MySQL 5.7.31
2020-10-09 05:05:49 -  >> Running database manager
2020-10-09 05:05:49 -  [New Thread 0x7ffff2ba7700 (LWP 26354)]
2020-10-09 05:05:49 -  > Optimizing table players_online... [success]
2020-10-09 05:05:49 -  > Optimizing table tile_store... [success]
2020-10-09 05:05:49 -  >> Loading vocations
2020-10-09 05:05:49 -  >> Loading items
2020-10-09 05:05:49 -  >> Loading script systems
2020-10-09 05:05:49 -  >> Loading lua libs
2020-10-09 05:05:50 -  [Warning - Event::checkScript] Can not load script: scripts/expboostaction.lua
2020-10-09 05:05:50 -  cannot open data/actions/scripts/expboostaction.lua: No such file or directory
2020-10-09 05:05:50 -  >> Loading lua scripts
2020-10-09 05:05:50 -  >> Loading monsters
2020-10-09 05:05:51 -  >> Loading lua monsters
2020-10-09 05:05:51 -  >> Loading outfits
2020-10-09 05:05:51 -  >> Loading prey data
2020-10-09 05:05:51 -  >> Checking world type... PVP
2020-10-09 05:05:51 -  >> Loading map
2020-10-09 05:05:52 -  > Map size: 34143x33812.
2020-10-09 05:05:58 -  > Map loading time: 7.157 seconds.
2020-10-09 05:06:36 -  > Loaded house items in: 0.031 s
2020-10-09 05:06:36 -  >> Initializing gamestate
2020-10-09 05:06:39 -  >> Loaded 43 npcs and spawned 72496 monsters.
2020-10-09 05:06:39 -  >> Loaded 27 towns with 1074 houses in total.
2020-10-09 05:06:39 -  [Castle War]
2020-10-09 05:06:39 -  [POWERGAMERS]
2020-10-09 05:06:39 -  [SISTEMA DE LOTERIA] OPERANTE
2020-10-09 05:06:39 -  Advanced NPC spawn system | All NPCs will be loaded trough lib.
2020-10-09 05:06:39 -  [REGEN BOOST] CARREGADO
2020-10-09 05:06:39 -  [SPOOF COUNTER]
2020-10-09 05:06:39 -  [STAMINA]
2020-10-09 05:06:39 -  >> Loaded all modules, server starting up...
2020-10-09 05:06:39 -  > Warning: OTG-Premium-Version has been executed as root user, please consider running it as a normal user.
2020-10-09 05:06:39 -  >> Honera Global Server Online!
2020-10-09 05:06:39 -  
2020-10-09 05:06:40 -  Shaka has logged in.
2020-10-09 06:20:40 -  SABADOU!! NPC HONERA CRIADO
2020-10-09 06:20:40 -  > Broadcasted message: "The dragons of the Dragonblaze Mountains have descended to Zao to protect the lizardkin!".
2020-10-09 07:15:41 -  Nosferatu has logged in.
2020-10-09 07:57:40 -  > Broadcasted message: "Something bad is happening deep, deep down under Banuta.".
2020-10-09 07:57:59 -  > Broadcasted message: "Something is sizzling deep under many sheets of soil in Banuta.".
2020-10-09 07:59:40 -  > Broadcasted message: "Hordes of slippery spawns slither in Deeper Banuta!".
2020-10-09 08:05:50 -  
2020-10-09 08:05:50 -  Lua Script Error: [GlobalEvent Interface] 
2020-10-09 08:05:50 -  data/globalevents/scripts/bosses/Abyssador.lua:onThink
2020-10-09 08:05:50 -  data/lib/rewardboss.lua:8: Rewards can only be enabled to rewards bosses.
2020-10-09 08:05:50 -  stack traceback:
2020-10-09 08:05:50 -  	[C]: at 0x00602980
2020-10-09 08:05:50 -  	[C]: in function 'error'
2020-10-09 08:05:50 -  	data/lib/rewardboss.lua:8: in function 'setReward'
2020-10-09 08:05:50 -  	data/globalevents/scripts/bosses/Abyssador.lua:28: in function <data/globalevents/scripts/bosses/Abyssador.lua:21>
2020-10-09 08:05:50 -  [Error - GlobalEvents::think] Failed to execute event: Abyssador
2020-10-09 08:05:50 -  
2020-10-09 08:05:50 -  Lua Script Error: [GlobalEvent Interface] 
2020-10-09 08:05:50 -  data/globalevents/scripts/bosses/Deathstrike.lua:onThink
2020-10-09 08:05:50 -  data/lib/rewardboss.lua:8: Rewards can only be enabled to rewards bosses.
2020-10-09 08:05:50 -  stack traceback:
2020-10-09 08:05:50 -  	[C]: at 0x00602980
2020-10-09 08:05:50 -  	[C]: in function 'error'
2020-10-09 08:05:50 -  	data/lib/rewardboss.lua:8: in function 'setReward'
2020-10-09 08:05:50 -  	data/globalevents/scripts/bosses/Deathstrike.lua:28: in function <data/globalevents/scripts/bosses/Deathstrike.lua:21>
2020-10-09 08:05:50 -  [Error - GlobalEvents::think] Failed to execute event: Deathstrike
2020-10-09 08:05:50 -  
2020-10-09 08:05:50 -  Lua Script Error: [GlobalEvent Interface] 
2020-10-09 08:05:50 -  data/globalevents/scripts/bosses/Gnomevil.lua:onThink
2020-10-09 08:05:50 -  data/lib/rewardboss.lua:8: Rewards can only be enabled to rewards bosses.
2020-10-09 08:05:50 -  stack traceback:
2020-10-09 08:05:50 -  	[C]: at 0x00602980
2020-10-09 08:05:50 -  	[C]: in function 'error'
2020-10-09 08:05:50 -  	data/lib/rewardboss.lua:8: in function 'setReward'
2020-10-09 08:05:50 -  	data/globalevents/scripts/bosses/Gnomevil.lua:28: in function <data/globalevents/scripts/bosses/Gnomevil.lua:21>
2020-10-09 08:05:50 -  [Error - GlobalEvents::think] Failed to execute event: Gnomevil
2020-10-09 08:46:40 -  > Broadcasted message: "Beware! Mawhawk!".
2020-10-09 09:21:53 -  Nobre Cavalheiro has logged in.
2020-10-09 09:48:40 -  > Broadcasted message: "Unusual frequent scarab sightings at the gates of Ankrahmun".
2020-10-09 09:49:39 -  > Broadcasted message: "Ancient scarabs are leading an attack on Ankrahmun.".
2020-10-09 11:01:40 -  > Broadcasted message: "Something is moving in the depths of the sea around Liberty Bay".
2020-10-09 11:01:59 -  > Broadcasted message: "Numerous Quara fins have been sighted in the seas around Liberty Bay.".
2020-10-09 11:02:39 -  > Broadcasted message: "Quara emerged from the sea to attack Liberty Bay.".
2020-10-09 11:05:50 -  
2020-10-09 11:05:50 -  Lua Script Error: [GlobalEvent Interface] 
2020-10-09 11:05:50 -  data/globalevents/scripts/Ghulosh.lua:onThink
2020-10-09 11:05:50 -  data/globalevents/scripts/Ghulosh.lua:34: attempt to index local 'boss' (a nil value)
2020-10-09 11:05:50 -  stack traceback:
2020-10-09 11:05:50 -  	[C]: in function '__index'
2020-10-09 11:05:50 -  	data/globalevents/scripts/Ghulosh.lua:34: in function <data/globalevents/scripts/Ghulosh.lua:21>
2020-10-09 11:05:50 -  [Error - GlobalEvents::think] Failed to execute event: Ghulosh
2020-10-09 11:05:50 -  
2020-10-09 11:05:50 -  Lua Script Error: [GlobalEvent Interface] 
2020-10-09 11:05:50 -  data/globalevents/scripts/Gorzindel.lua:onThink
2020-10-09 11:05:50 -  data/globalevents/scripts/Gorzindel.lua:34: attempt to index local 'boss' (a nil value)
2020-10-09 11:05:50 -  stack traceback:
2020-10-09 11:05:50 -  	[C]: in function '__index'
2020-10-09 11:05:50 -  	data/globalevents/scripts/Gorzindel.lua:34: in function <data/globalevents/scripts/Gorzindel.lua:21>
2020-10-09 11:05:50 -  [Error - GlobalEvents::think] Failed to execute event: Gorzindel
2020-10-09 11:05:50 -  
2020-10-09 11:05:50 -  Lua Script Error: [GlobalEvent Interface] 
2020-10-09 11:05:50 -  data/globalevents/scripts/Lokathmor.lua:onThink
2020-10-09 11:05:50 -  data/globalevents/scripts/Lokathmor.lua:34: attempt to index local 'boss' (a nil value)
2020-10-09 11:05:50 -  stack traceback:
2020-10-09 11:05:50 -  	[C]: in function '__index'
2020-10-09 11:05:50 -  	data/globalevents/scripts/Lokathmor.lua:34: in function <data/globalevents/scripts/Lokathmor.lua:21>
2020-10-09 11:05:50 -  [Error - GlobalEvents::think] Failed to execute event: Lokathmor
2020-10-09 11:05:50 -  
2020-10-09 11:05:50 -  Lua Script Error: [GlobalEvent Interface] 
2020-10-09 11:05:50 -  data/globalevents/scripts/Mazzinor.lua:onThink
2020-10-09 11:05:50 -  data/globalevents/scripts/Mazzinor.lua:34: attempt to index local 'boss' (a nil value)
2020-10-09 11:05:50 -  stack traceback:
2020-10-09 11:05:50 -  	[C]: in function '__index'
2020-10-09 11:05:50 -  	data/globalevents/scripts/Mazzinor.lua:34: in function <data/globalevents/scripts/Mazzinor.lua:21>
2020-10-09 11:05:50 -  [Error - GlobalEvents::think] Failed to execute event: Mazzinor
2020-10-09 11:05:50 -  [Warning - Monsters::loadMonster] Non-unique loot item "Giant Sapphire". 
2020-10-09 11:05:50 -  [Warning - Monsters::loadMonster] Cant load loot. data/monster/Secret Library/the scourge of oblivion.xml
2020-10-09 11:05:50 -  [Warning - Monsters::loadMonster] Non-unique loot item "Collar of Blue Plasma". 
2020-10-09 11:05:50 -  [Warning - Monsters::loadMonster] Cant load loot. data/monster/Secret Library/the scourge of oblivion.xml
2020-10-09 11:05:50 -  [Warning - Monsters::loadMonster] Non-unique loot item "Giant Shimmering Pearl". 
2020-10-09 11:05:50 -  [Warning - Monsters::loadMonster] Cant load loot. data/monster/Secret Library/the scourge of oblivion.xml
2020-10-09 11:05:50 -  [Warning - Monsters::loadMonster] Unknown loot item "The Calamity". 
2020-10-09 11:05:50 -  [Warning - Monsters::loadMonster] Cant load loot. data/monster/Secret Library/the scourge of oblivion.xml
2020-10-09 11:05:50 -  
2020-10-09 11:05:50 -  Lua Script Error: [GlobalEvent Interface] 
2020-10-09 11:05:50 -  data/globalevents/scripts/The Scourge Of Oblivion.lua:onThink
2020-10-09 11:05:50 -  data/globalevents/scripts/The Scourge Of Oblivion.lua:34: attempt to index local 'boss' (a nil value)
2020-10-09 11:05:50 -  stack traceback:
2020-10-09 11:05:50 -  	[C]: in function '__index'
2020-10-09 11:05:50 -  	data/globalevents/scripts/The Scourge Of Oblivion.lua:34: in function <data/globalevents/scripts/The Scourge Of Oblivion.lua:21>
2020-10-09 11:05:50 -  [Error - GlobalEvents::think] Failed to execute event: The Scourge Of Oblivion
2020-10-09 11:47:52 -  Dev Marson has logged in.
2020-10-09 12:11:37 -  Demonzin has logged in.
2020-10-09 12:12:10 -  Demonzin has logged out.
2020-10-09 12:12:11 -  Demonzin has logged in.
2020-10-09 12:22:09 -  Dev Marson has logged out.
2020-10-09 12:22:10 -  Dev Marson has logged in.
2020-10-09 12:23:07 -  Dev Marson has logged out.
2020-10-09 12:23:08 -  Dev Marson has logged in.
2020-10-09 12:50:15 -  ip inválido
2020-10-09 12:50:15 -  ip inválido
2020-10-09 12:50:15 -  Demonzin has logged out.
2020-10-09 12:50:17 -  Dev Marson has logged out.
2020-10-09 13:48:08 -  Nobre Cavalheiro has logged out.
2020-10-09 13:48:09 -  Nobre Cavalheiro has logged in.
2020-10-09 14:38:55 -  Nobre Cavalheiro has logged out.
2020-10-09 14:38:56 -  Nobre Cavalheiro has logged in.
2020-10-09 15:38:18 -  Nobre Cavalheiro has logged out.
2020-10-09 15:38:19 -  Nobre Cavalheiro has logged in.
2020-10-09 16:36:07 -  Nobre Cavalheiro has logged out.
2020-10-09 16:36:08 -  Nobre Cavalheiro has logged in.
2020-10-09 17:05:50 -  
2020-10-09 17:05:50 -  Lua Script Error: [GlobalEvent Interface] 
2020-10-09 17:05:50 -  data/globalevents/scripts/Ghulosh.lua:onThink
2020-10-09 17:05:50 -  data/globalevents/scripts/Ghulosh.lua:34: attempt to index local 'boss' (a nil value)
2020-10-09 17:05:50 -  stack traceback:
2020-10-09 17:05:50 -  	[C]: in function '__index'
2020-10-09 17:05:50 -  	data/globalevents/scripts/Ghulosh.lua:34: in function <data/globalevents/scripts/Ghulosh.lua:21>
2020-10-09 17:05:50 -  [Error - GlobalEvents::think] Failed to execute event: Ghulosh
2020-10-09 17:05:50 -  
2020-10-09 17:05:50 -  Lua Script Error: [GlobalEvent Interface] 
2020-10-09 17:05:50 -  data/globalevents/scripts/Gorzindel.lua:onThink
2020-10-09 17:05:50 -  data/globalevents/scripts/Gorzindel.lua:34: attempt to index local 'boss' (a nil value)
2020-10-09 17:05:50 -  stack traceback:
2020-10-09 17:05:50 -  	[C]: in function '__index'
2020-10-09 17:05:50 -  	data/globalevents/scripts/Gorzindel.lua:34: in function <data/globalevents/scripts/Gorzindel.lua:21>
2020-10-09 17:05:50 -  [Error - GlobalEvents::think] Failed to execute event: Gorzindel
2020-10-09 17:05:50 -  
2020-10-09 17:05:50 -  Lua Script Error: [GlobalEvent Interface] 
2020-10-09 17:05:50 -  data/globalevents/scripts/Lokathmor.lua:onThink
2020-10-09 17:05:50 -  data/globalevents/scripts/Lokathmor.lua:34: attempt to index local 'boss' (a nil value)
2020-10-09 17:05:50 -  stack traceback:
2020-10-09 17:05:50 -  	[C]: in function '__index'
2020-10-09 17:05:50 -  	data/globalevents/scripts/Lokathmor.lua:34: in function <data/globalevents/scripts/Lokathmor.lua:21>
2020-10-09 17:05:50 -  [Error - GlobalEvents::think] Failed to execute event: Lokathmor
2020-10-09 17:05:50 -  
2020-10-09 17:05:50 -  Lua Script Error: [GlobalEvent Interface] 
2020-10-09 17:05:50 -  data/globalevents/scripts/Mazzinor.lua:onThink
2020-10-09 17:05:50 -  data/globalevents/scripts/Mazzinor.lua:34: attempt to index local 'boss' (a nil value)
2020-10-09 17:05:50 -  stack traceback:
2020-10-09 17:05:50 -  	[C]: in function '__index'
2020-10-09 17:05:50 -  	data/globalevents/scripts/Mazzinor.lua:34: in function <data/globalevents/scripts/Mazzinor.lua:21>
2020-10-09 17:05:50 -  [Error - GlobalEvents::think] Failed to execute event: Mazzinor
2020-10-09 17:05:50 -  
2020-10-09 17:05:50 -  Lua Script Error: [GlobalEvent Interface] 
2020-10-09 17:05:50 -  data/globalevents/scripts/The Scourge Of Oblivion.lua:onThink
2020-10-09 17:05:50 -  data/globalevents/scripts/The Scourge Of Oblivion.lua:34: attempt to index local 'boss' (a nil value)
2020-10-09 17:05:50 -  stack traceback:
2020-10-09 17:05:50 -  	[C]: in function '__index'
2020-10-09 17:05:50 -  	data/globalevents/scripts/The Scourge Of Oblivion.lua:34: in function <data/globalevents/scripts/The Scourge Of Oblivion.lua:21>
2020-10-09 17:05:50 -  [Error - GlobalEvents::think] Failed to execute event: The Scourge Of Oblivion
2020-10-09 17:42:43 -  [Castle War votacao aberta]
2020-10-09 17:42:43 -  > Broadcasted message: "[Castle War]: Foi iniciada a votação para decidir o objetivo do castelo que abre em alguns minutos. Use !castle1 para votar no objetivo (Dominar o castelo por mais tempo). Use !castle2 para votar no objetivo (Ultimo que dominar o castelo). Caso não haja votações, o objetivo será aleatorio.".
2020-10-09 17:42:43 -  > Broadcasted message: "[CastleWar] Atencao, O CASTELO esta aberto para batalha, junte-se com sua guild e  conquiste-o. O castelo encerra em 1 hora. Resultado das votacoes: First: 1 Second: 0 Resultado: (Dominar o castelo por mais tempo) foi escolhido".
2020-10-09 17:42:43 -  castleWar Encerrado
2020-10-09 17:42:43 -  Nobre Cavalheiro has logged out.
2020-10-09 17:42:44 -  Nobre Cavalheiro has logged in.
2020-10-09 18:17:40 -  ip inválido
2020-10-09 18:17:40 -  > Broadcasted message: "Let da mashing begin! Cyclops riot east of Thais.".
2020-10-09 19:21:20 -  Shaka has logged out.
2020-10-09 19:35:40 -  > Broadcasted message: "There seems to be a big gnarlhoud gang in Zao Steppe.".
2020-10-09 19:35:59 -  > Broadcasted message: "The gnarlhounds seem to multiply by the minute.".
2020-10-09 19:37:39 -  > Broadcasted message: "The gnarlhounds roam free in the Zao Steppe. Watch out!".
2020-10-09 22:46:40 -  > Broadcasted message: "The ancient volcano on Goroma slowly becomes active once again.".
2020-10-09 22:47:09 -  > Broadcasted message: "There is an evil presence at the volcano of Goroma.".
2020-10-09 22:47:39 -  > Broadcasted message: "Evil Cultists have called an ancient evil into the volcano on Goroma. Beware of its power mortals.".
2020-10-09 23:05:50 -  
2020-10-09 23:05:50 -  Lua Script Error: [GlobalEvent Interface] 
2020-10-09 23:05:50 -  data/globalevents/scripts/Ghulosh.lua:onThink
2020-10-09 23:05:50 -  data/globalevents/scripts/Ghulosh.lua:34: attempt to index local 'boss' (a nil value)
2020-10-09 23:05:50 -  stack traceback:
2020-10-09 23:05:50 -  	[C]: in function '__index'
2020-10-09 23:05:50 -  	data/globalevents/scripts/Ghulosh.lua:34: in function <data/globalevents/scripts/Ghulosh.lua:21>
2020-10-09 23:05:50 -  [Error - GlobalEvents::think] Failed to execute event: Ghulosh
2020-10-09 23:05:50 -  
2020-10-09 23:05:50 -  Lua Script Error: [GlobalEvent Interface] 
2020-10-09 23:05:50 -  data/globalevents/scripts/Gorzindel.lua:onThink
2020-10-09 23:05:50 -  data/globalevents/scripts/Gorzindel.lua:34: attempt to index local 'boss' (a nil value)
2020-10-09 23:05:50 -  stack traceback:
2020-10-09 23:05:50 -  	[C]: in function '__index'
2020-10-09 23:05:50 -  	data/globalevents/scripts/Gorzindel.lua:34: in function <data/globalevents/scripts/Gorzindel.lua:21>
2020-10-09 23:05:50 -  [Error - GlobalEvents::think] Failed to execute event: Gorzindel
2020-10-09 23:05:50 -  
2020-10-09 23:05:50 -  Lua Script Error: [GlobalEvent Interface] 
2020-10-09 23:05:50 -  data/globalevents/scripts/Lokathmor.lua:onThink
2020-10-09 23:05:50 -  data/globalevents/scripts/Lokathmor.lua:34: attempt to index local 'boss' (a nil value)
2020-10-09 23:05:50 -  stack traceback:
2020-10-09 23:05:50 -  	[C]: in function '__index'
2020-10-09 23:05:50 -  	data/globalevents/scripts/Lokathmor.lua:34: in function <data/globalevents/scripts/Lokathmor.lua:21>
2020-10-09 23:05:50 -  [Error - GlobalEvents::think] Failed to execute event: Lokathmor
2020-10-09 23:05:50 -  
2020-10-09 23:05:50 -  Lua Script Error: [GlobalEvent Interface] 
2020-10-09 23:05:50 -  data/globalevents/scripts/Mazzinor.lua:onThink
2020-10-09 23:05:50 -  data/globalevents/scripts/Mazzinor.lua:34: attempt to index local 'boss' (a nil value)
2020-10-09 23:05:50 -  stack traceback:
2020-10-09 23:05:50 -  	[C]: in function '__index'
2020-10-09 23:05:50 -  	data/globalevents/scripts/Mazzinor.lua:34: in function <data/globalevents/scripts/Mazzinor.lua:21>
2020-10-09 23:05:50 -  [Error - GlobalEvents::think] Failed to execute event: Mazzinor
2020-10-09 23:05:50 -  
2020-10-09 23:05:50 -  Lua Script Error: [GlobalEvent Interface] 
2020-10-09 23:05:50 -  data/globalevents/scripts/The Scourge Of Oblivion.lua:onThink
2020-10-09 23:05:50 -  data/globalevents/scripts/The Scourge Of Oblivion.lua:34: attempt to index local 'boss' (a nil value)
2020-10-09 23:05:50 -  stack traceback:
2020-10-09 23:05:50 -  	[C]: in function '__index'
2020-10-09 23:05:50 -  	data/globalevents/scripts/The Scourge Of Oblivion.lua:34: in function <data/globalevents/scripts/The Scourge Of Oblivion.lua:21>
2020-10-09 23:05:50 -  [Error - GlobalEvents::think] Failed to execute event: The Scourge Of Oblivion
2020-10-09 23:36:40 -  > Broadcasted message: "Barbarians are gathering at Bittermor. They seem to be up to something.".
2020-10-09 23:36:59 -  > Broadcasted message: "The barbarian pack is roaming around in Bittermor.".
2020-10-10 00:23:40 -  > Broadcasted message: "Feverish Citizens are invading the streets of Venore!".
2020-10-10 01:14:40 -  > Broadcasted message: "Forrest animals spread out close to Ab'Dendriel!".
2020-10-10 02:36:40 -  > Broadcasted message: "Something is moving in the east grounds of the Rookgaard.".
2020-10-10 04:11:40 -  > Broadcasted message: "Rat Plague in Thais!".
2020-10-10 05:05:00 -  Saving server...
2020-10-10 05:05:02 -  > Saved house items in: 1.01 s
2020-10-10 05:05:02 -  Nobre Cavalheiro has logged out.
2020-10-10 05:05:02 -  Nosferatu has logged out.
2020-10-10 05:05:02 -  Saving server...
2020-10-10 05:05:02 -  > Saved house items in: 0.245 s
2020-10-10 05:05:02 -  eu sou o checkname
2020-10-10 05:05:02 -  Shutting down...Saving server...
2020-10-10 05:05:03 -  > Saved house items in: 0.274 s
2020-10-10 05:05:03 -  [Thread 0x7ffff2ba7700 (LWP 26354) exited]
2020-10-10 05:05:03 -  [Thread 0x7ffff35ba700 (LWP 26353) exited]
2020-10-10 05:05:03 -   done!
2020-10-10 05:05:03 -  [Thread 0x7ffff3dbb700 (LWP 26352) exited]
2020-10-10 05:05:36 -  [Inferior 1 (process 26348) exited normally]
